==87171== NVPROF is profiling process 87171, command: ./lassen-executable/bfs_111100 ../../data/bfs/graph4096.txt
==87171== Profiling application: ./lassen-executable/bfs_111100 ../../data/bfs/graph4096.txt
Reading File
alloc h_graph_nodes
Number of allocated Data = 1
in api range: 0x200060000000 0x200060008000
alloc h_graph_mask
Number of allocated Data = 2
in api range: 0x200060008000 0x200060009000
alloc h_updating_graph_mask
Number of allocated Data = 3
in api range: 0x200060009000 0x20006000a000
alloc h_graph_visited
Number of allocated Data = 4
in api range: 0x20006000a000 0x20006000b000
alloc h_graph_edges
Read File
Number of allocated Data = 5
in api range: 0x20006000b000 0x20006000f000
Copied Everything to GPU memory
Start traversing the tree
Kernel Executed 8 times
Result stored in result.txt
==87171== Profiling result:
   Start  Duration            Grid Size      Block Size     Regs*    SSMem*    DSMem*      Size  Throughput  SrcMemType  DstMemType           Device   Context    Stream        Unified Memory  Virtual Address  Name
565.07ms         -                    -               -         -         -         -         -           -           -           -                -         -         -         PC 0x10004324   0x200060000000  [Unified Memory CPU page faults]
572.56ms  6.8480us                    -               -         -         -         -  96.000KB  13.369GB/s    Pageable      Device  Tesla V100-SXM2         1         7                     -                -  [CUDA memcpy HtoD]
572.62ms  189.06us                    -               -         -         -         -  16.000KB  82.648MB/s    Pageable     Managed  Tesla V100-SXM2         1         7                     -                -  [CUDA memcpy HtoD]
572.63ms  180.45us                    -               -         -         -         -         -           -           -           -  Tesla V100-SXM2         -         -                   128   0x200060000000  [Unified Memory GPU page faults]
572.79ms  5.4080us                    -               -         -         -         -         -           -           -           -  Tesla V100-SXM2         -         -           64.000000KB   0x200060000000  [Unified Memory Memcpy HtoD]
572.84ms  1.7920us                    -               -         -         -         -        1B  544.96KB/s    Pageable      Device  Tesla V100-SXM2         1         7                     -                -  [CUDA memcpy HtoD]
572.86ms  7.6480us              (8 1 1)       (512 1 1)        21        0B        0B         -           -           -           -  Tesla V100-SXM2         1         7                     -                -  Kernel(Node*, int*, bool*, bool*, bool*, int*, int) [426]
572.87ms  4.2560us              (8 1 1)       (512 1 1)        16        0B        0B         -           -           -           -  Tesla V100-SXM2         1         7                     -                -  Kernel2(bool*, bool*, bool*, bool*, int) [427]
572.88ms  2.1120us                    -               -         -         -         -        1B  462.39KB/s      Device    Pageable  Tesla V100-SXM2         1         7                     -                -  [CUDA memcpy DtoH]
572.92ms  1.4080us                    -               -         -         -         -        1B  693.58KB/s    Pageable      Device  Tesla V100-SXM2         1         7                     -                -  [CUDA memcpy HtoD]
572.93ms  7.6160us              (8 1 1)       (512 1 1)        21        0B        0B         -           -           -           -  Tesla V100-SXM2         1         7                     -                -  Kernel(Node*, int*, bool*, bool*, bool*, int*, int) [431]
572.94ms  3.8720us              (8 1 1)       (512 1 1)        16        0B        0B         -           -           -           -  Tesla V100-SXM2         1         7                     -                -  Kernel2(bool*, bool*, bool*, bool*, int) [432]
572.95ms  1.8560us                    -               -         -         -         -        1B  526.17KB/s      Device    Pageable  Tesla V100-SXM2         1         7                     -                -  [CUDA memcpy DtoH]
572.99ms  1.4080us                    -               -         -         -         -        1B  693.58KB/s    Pageable      Device  Tesla V100-SXM2         1         7                     -                -  [CUDA memcpy HtoD]
573.00ms  7.5520us              (8 1 1)       (512 1 1)        21        0B        0B         -           -           -           -  Tesla V100-SXM2         1         7                     -                -  Kernel(Node*, int*, bool*, bool*, bool*, int*, int) [436]
573.01ms  3.9040us              (8 1 1)       (512 1 1)        16        0B        0B         -           -           -           -  Tesla V100-SXM2         1         7                     -                -  Kernel2(bool*, bool*, bool*, bool*, int) [437]
573.02ms  1.8240us                    -               -         -         -         -        1B  535.40KB/s      Device    Pageable  Tesla V100-SXM2         1         7                     -                -  [CUDA memcpy DtoH]
573.06ms  1.4080us                    -               -         -         -         -        1B  693.58KB/s    Pageable      Device  Tesla V100-SXM2         1         7                     -                -  [CUDA memcpy HtoD]
573.07ms  8.1280us              (8 1 1)       (512 1 1)        21        0B        0B         -           -           -           -  Tesla V100-SXM2         1         7                     -                -  Kernel(Node*, int*, bool*, bool*, bool*, int*, int) [441]
573.08ms  3.9040us              (8 1 1)       (512 1 1)        16        0B        0B         -           -           -           -  Tesla V100-SXM2         1         7                     -                -  Kernel2(bool*, bool*, bool*, bool*, int) [442]
573.09ms  1.8560us                    -               -         -         -         -        1B  526.17KB/s      Device    Pageable  Tesla V100-SXM2         1         7                     -                -  [CUDA memcpy DtoH]
573.12ms  1.4080us                    -               -         -         -         -        1B  693.58KB/s    Pageable      Device  Tesla V100-SXM2         1         7                     -                -  [CUDA memcpy HtoD]
573.13ms  8.7680us              (8 1 1)       (512 1 1)        21        0B        0B         -           -           -           -  Tesla V100-SXM2         1         7                     -                -  Kernel(Node*, int*, bool*, bool*, bool*, int*, int) [446]
573.14ms  3.9040us              (8 1 1)       (512 1 1)        16        0B        0B         -           -           -           -  Tesla V100-SXM2         1         7                     -                -  Kernel2(bool*, bool*, bool*, bool*, int) [447]
573.15ms  1.8560us                    -               -         -         -         -        1B  526.17KB/s      Device    Pageable  Tesla V100-SXM2         1         7                     -                -  [CUDA memcpy DtoH]
573.19ms  1.4080us                    -               -         -         -         -        1B  693.58KB/s    Pageable      Device  Tesla V100-SXM2         1         7                     -                -  [CUDA memcpy HtoD]
573.20ms  8.0960us              (8 1 1)       (512 1 1)        21        0B        0B         -           -           -           -  Tesla V100-SXM2         1         7                     -                -  Kernel(Node*, int*, bool*, bool*, bool*, int*, int) [451]
573.21ms  3.9040us              (8 1 1)       (512 1 1)        16        0B        0B         -           -           -           -  Tesla V100-SXM2         1         7                     -                -  Kernel2(bool*, bool*, bool*, bool*, int) [452]
573.22ms  1.8560us                    -               -         -         -         -        1B  526.17KB/s      Device    Pageable  Tesla V100-SXM2         1         7                     -                -  [CUDA memcpy DtoH]
573.25ms  1.4080us                    -               -         -         -         -        1B  693.58KB/s    Pageable      Device  Tesla V100-SXM2         1         7                     -                -  [CUDA memcpy HtoD]
573.26ms  6.4000us              (8 1 1)       (512 1 1)        21        0B        0B         -           -           -           -  Tesla V100-SXM2         1         7                     -                -  Kernel(Node*, int*, bool*, bool*, bool*, int*, int) [456]
573.27ms  3.8080us              (8 1 1)       (512 1 1)        16        0B        0B         -           -           -           -  Tesla V100-SXM2         1         7                     -                -  Kernel2(bool*, bool*, bool*, bool*, int) [457]
573.28ms  1.8560us                    -               -         -         -         -        1B  526.17KB/s      Device    Pageable  Tesla V100-SXM2         1         7                     -                -  [CUDA memcpy DtoH]
573.31ms  1.4080us                    -               -         -         -         -        1B  693.58KB/s    Pageable      Device  Tesla V100-SXM2         1         7                     -                -  [CUDA memcpy HtoD]
573.32ms  4.6080us              (8 1 1)       (512 1 1)        21        0B        0B         -           -           -           -  Tesla V100-SXM2         1         7                     -                -  Kernel(Node*, int*, bool*, bool*, bool*, int*, int) [461]
573.33ms  3.7760us              (8 1 1)       (512 1 1)        16        0B        0B         -           -           -           -  Tesla V100-SXM2         1         7                     -                -  Kernel2(bool*, bool*, bool*, bool*, int) [462]
573.34ms  1.8560us                    -               -         -         -         -        1B  526.17KB/s      Device    Pageable  Tesla V100-SXM2         1         7                     -                -  [CUDA memcpy DtoH]

Regs: Number of registers used per CUDA thread. This number includes registers used internally by the CUDA driver and/or tools and can be more than what the compiler shows.
SSMem: Static shared memory allocated per CUDA block.
DSMem: Dynamic shared memory allocated per CUDA block.
SrcMemType: The type of source memory accessed by memory operation/copy
DstMemType: The type of destination memory accessed by memory operation/copy
