==95049== NVPROF is profiling process 95049, command: ./cfd_1540 ../../../data/cfd/missile.domn.0.2M
==95049== Profiling application: ./cfd_1540 ../../../data/cfd/missile.domn.0.2M
==95049== Profiling result:
            Type  Time(%)      Time     Calls       Avg       Min       Max  Name
                        %        ms                  ms        ms        ms
 GPU activities:    71.67  459.6269      6000  0.076604  0.070720  3.573035  cuda_compute_flux(int, int*, float*, float*, float*)
                    19.69  126.2495      6000  0.021041  0.019712  0.023072  cuda_time_step(int, int, float*, float*, float*, float*)
                     4.47  28.66611      2000  0.014333  0.013472  0.017344  [CUDA memcpy DtoD]
                     3.80  24.35462      2000  0.012177  0.010528  0.763900  cuda_compute_step_factor(int, float*, float*, float*)
                     0.38  2.416691         3  0.805563  0.726108  0.907931  cuda_initialize_variables(int, float*)
                     0.00  6.75e-03         5  1.35e-03  1.28e-03  1.60e-03  [CUDA memcpy HtoD]
                     0.00  2.34e-03         1  2.34e-03  2.34e-03  2.34e-03  [CUDA memset]
      API calls:    55.98  520.5735      2000  0.260286  0.052291  4.502150  cudaMemcpy
                    24.21  225.1488         5  45.02976  0.011849  225.0983  cudaMemcpyToSymbol
                    15.18  141.1313     14003  0.010078  9.20e-03  0.101153  cudaLaunchKernel
                     2.24  20.78851         7  2.969786  0.016640  20.39505  cudaMallocManaged
                     0.73  6.815236     28003  2.43e-04  2.08e-04  4.74e-03  cudaGetLastError
                     0.55  5.104035       384  0.013291  2.36e-04  0.533981  cuDeviceGetAttribute
                     0.45  4.149992         4  1.037498  1.035626  1.039959  cuDeviceTotalMem
                     0.29  2.698948         1  2.698948  2.698948  2.698948  cudaMemset
                     0.17  1.566067        10  0.156606  1.28e-03  0.414696  cudaFree
                     0.13  1.217370         1  1.217370  1.217370  1.217370  cudaGetDeviceProperties
                     0.05  0.422236         4  0.105559  0.102420  0.107937  cuDeviceGetName
                     0.03  0.254395         2  0.127197  9.66e-03  0.244735  cudaThreadSynchronize
                     0.00  0.016244         2  8.12e-03  5.84e-03  0.010404  cudaMemAdvise
                     0.00  0.012744         4  3.19e-03  1.24e-03  7.88e-03  cuDeviceGetPCIBusId
                     0.00  0.012215         1  0.012215  0.012215  0.012215  cudaSetDevice
                     0.00  3.20e-03         8  4.00e-04  3.10e-04  5.39e-04  cuDeviceGet
                     0.00  1.78e-03         1  1.78e-03  1.78e-03  1.78e-03  cudaGetDevice
                     0.00  1.47e-03         3  4.88e-04  4.16e-04  5.98e-04  cuDeviceGetCount

==95049== Unified Memory profiling result:
Device "Tesla V100-SXM2-16GB (0)"
   Count  Avg Size  Min Size  Max Size  Total Size  Total Time  Name
      62  192.00KB  64.000KB  768.00KB  11.62500MB    0.331392ms  Host To Device
      50         -         -         -           -    7.060640ms  Gpu page fault groups
      27  135.11KB  64.000KB  448.00KB  3.562500MB           -  Remote mapping from device
       5  192.00KB  64.000KB  384.00KB  960.0000KB           -  Remote mapping to device
Total CPU Page faults: 72
Total remote mappings from CPU: 5
Total remote mappings to CPU: 27
