==49145== NVPROF is profiling process 49145, command: ./cfd_0412 ../../../data/cfd/fvcorr.domn.193K
==49145== Profiling application: ./cfd_0412 ../../../data/cfd/fvcorr.domn.193K
==49145== Profiling result:
            Type  Time(%)      Time     Calls       Avg       Min       Max  Name
                        %        ms                  ms        ms        ms
 GPU activities:    71.35  444.3455      6000  0.074057  0.071360  1.317305  cuda_compute_flux(int, int*, float*, float*, float*)
                    19.46  121.1845      6000  0.020197  0.018368  0.022239  cuda_time_step(int, int, float*, float*, float*, float*)
                     5.62  34.99775      2000  0.017498  0.016928  0.554908  cuda_compute_step_factor(int, float*, float*, float*)
                     3.19  19.87662      2000  9.94e-03  9.22e-03  0.013472  [CUDA memcpy DtoD]
                     0.38  2.376307         3  0.792102  0.747804  0.828859  cuda_initialize_variables(int, float*)
                     0.00  6.82e-03         5  1.36e-03  1.28e-03  1.60e-03  [CUDA memcpy HtoD]
                     0.00  1.86e-03         1  1.86e-03  1.86e-03  1.86e-03  [CUDA memset]
      API calls:    55.12  505.8771      2000  0.252938  0.036581  2.033767  cudaMemcpy
                    24.98  229.2747         5  45.85495  0.012486  229.2233  cudaMemcpyToSymbol
                    15.13  138.8394     14003  9.91e-03  8.95e-03  0.198810  cudaLaunchKernel
                     2.27  20.79436         7  2.970622  0.011090  20.40355  cudaMallocManaged
                     0.81  7.457920     28003  2.66e-04  2.13e-04  0.289581  cudaGetLastError
                     0.56  5.154432       384  0.013423  2.36e-04  0.544516  cuDeviceGetAttribute
                     0.45  4.143714         4  1.035928  1.030135  1.041230  cuDeviceTotalMem
                     0.28  2.597092         1  2.597092  2.597092  2.597092  cudaMemset
                     0.18  1.693139        10  0.169313  1.28e-03  0.679019  cudaFree
                     0.13  1.231621         1  1.231621  1.231621  1.231621  cudaGetDeviceProperties
                     0.05  0.424065         4  0.106016  0.103386  0.107866  cuDeviceGetName
                     0.03  0.253684         2  0.126842  9.55e-03  0.244138  cudaThreadSynchronize
                     0.00  0.020780         3  6.93e-03  4.46e-03  0.011835  cudaMemAdvise
                     0.00  0.017927         1  0.017927  0.017927  0.017927  cudaSetDevice
                     0.00  0.013930         4  3.48e-03  1.36e-03  8.36e-03  cuDeviceGetPCIBusId
                     0.00  3.06e-03         8  3.82e-04  2.85e-04  5.23e-04  cuDeviceGet
                     0.00  1.78e-03         1  1.78e-03  1.78e-03  1.78e-03  cudaGetDevice
                     0.00  1.52e-03         3  5.06e-04  4.16e-04  6.62e-04  cuDeviceGetCount

==49145== Unified Memory profiling result:
Device "Tesla V100-SXM2-16GB (0)"
   Count  Avg Size  Min Size  Max Size  Total Size  Total Time  Name
      12  256.00KB  64.000KB  896.00KB  3.000000MB    0.075904ms  Host To Device
      34         -         -         -           -    4.591776ms  Gpu page fault groups
       6  128.00KB  64.000KB  192.00KB  768.0000KB           -  Remote mapping from device
       5  1.7750MB  896.00KB  2.0000MB  8.875000MB           -  Remote mapping to device
Total CPU Page faults: 54
Total remote mappings from CPU: 5
Total remote mappings to CPU: 6
