==95442== NVPROF is profiling process 95442, command: ./cfd_1543 ../../../data/cfd/fvcorr.domn.097K
==95442== Profiling application: ./cfd_1543 ../../../data/cfd/fvcorr.domn.097K
==95442== Profiling result:
            Type  Time(%)      Time     Calls       Avg       Min       Max  Name
                        %        ms                  ms        ms        ms
 GPU activities:    79.10  249.7668      6000  0.041627  0.037856  1.208154  cuda_compute_flux(int, int*, float*, float*, float*)
                    13.23  41.77555      6000  6.96e-03  6.05e-03  8.58e-03  cuda_time_step(int, int, float*, float*, float*, float*)
                     4.32  13.62851      2000  6.81e-03  6.46e-03  0.576604  cuda_compute_step_factor(int, float*, float*, float*)
                     3.02  9.527311      2000  4.76e-03  4.54e-03  0.011776  [CUDA memcpy DtoD]
                     0.33  1.046426         3  0.348808  0.248638  0.547869  cuda_initialize_variables(int, float*)
                     0.00  6.82e-03         5  1.36e-03  1.28e-03  1.60e-03  [CUDA memcpy HtoD]
                     0.00  2.30e-03         1  2.30e-03  2.30e-03  2.30e-03  [CUDA memset]
      API calls:    37.06  229.4273         5  45.88546  0.012638  229.3756  cudaMemcpyToSymbol
                    33.84  209.5432      2000  0.104771  0.028952  2.462232  cudaMemcpy
                    22.40  138.6616     14003  9.90e-03  9.07e-03  0.101235  cudaLaunchKernel
                     3.37  20.86730         7  2.981043  9.73e-03  20.40612  cudaMallocManaged
                     1.17  7.249686     28003  2.58e-04  2.12e-04  0.103035  cudaGetLastError
                     0.83  5.122163       384  0.013338  2.36e-04  0.539119  cuDeviceGetAttribute
                     0.67  4.138838         4  1.034709  1.031435  1.038177  cuDeviceTotalMem
                     0.20  1.263623        10  0.126362  1.40e-03  0.416643  cudaFree
                     0.20  1.216399         1  1.216399  1.216399  1.216399  cudaGetDeviceProperties
                     0.17  1.038689         1  1.038689  1.038689  1.038689  cudaMemset
                     0.07  0.453722         4  0.113430  0.102977  0.138886  cuDeviceGetName
                     0.02  0.105988         2  0.052994  9.22e-03  0.096770  cudaThreadSynchronize
                     0.00  0.023576         3  7.86e-03  4.36e-03  0.010314  cudaMemAdvise
                     0.00  0.015926         4  3.98e-03  1.21e-03  0.010923  cuDeviceGetPCIBusId
                     0.00  0.013861         1  0.013861  0.013861  0.013861  cudaSetDevice
                     0.00  3.13e-03         8  3.90e-04  3.08e-04  5.80e-04  cuDeviceGet
                     0.00  1.70e-03         1  1.70e-03  1.70e-03  1.70e-03  cudaGetDevice
                     0.00  1.55e-03         3  5.17e-04  4.22e-04  6.72e-04  cuDeviceGetCount

==95442== Unified Memory profiling result:
Device "Tesla V100-SXM2-16GB (0)"
   Count  Avg Size  Min Size  Max Size  Total Size  Total Time  Name
      35  140.80KB  64.000KB  960.00KB  4.812500MB    0.169312ms  Host To Device
      28         -         -         -           -    3.642624ms  Gpu page fault groups
      57  108.91KB  64.000KB  384.00KB  6.062500MB           -  Remote mapping from device
       2  160.00KB  128.00KB  192.00KB  320.0000KB           -  Remote mapping to device
Total CPU Page faults: 38
Total remote mappings from CPU: 2
Total remote mappings to CPU: 57
