==96473== NVPROF is profiling process 96473, command: ./cfd_1553 ../../../data/cfd/fvcorr.domn.193K
==96473== Profiling application: ./cfd_1553 ../../../data/cfd/fvcorr.domn.193K
==96473== Profiling result:
            Type  Time(%)      Time     Calls       Avg       Min       Max  Name
                        %        ms                  ms        ms        ms
 GPU activities:    67.12  299.0720      6000  0.049845  0.047231  2.469522  cuda_compute_flux(int, int*, float*, float*, float*)
                    23.96  106.7409      6000  0.017790  0.016416  0.019744  cuda_time_step(int, int, float*, float*, float*, float*)
                     4.34  19.33477      2000  9.67e-03  9.12e-03  0.012800  [CUDA memcpy DtoD]
                     4.07  18.11756      2000  9.06e-03  8.29e-03  0.526589  cuda_compute_step_factor(int, float*, float*, float*)
                     0.51  2.279475         3  0.759825  0.716860  0.781435  cuda_initialize_variables(int, float*)
                     0.00  6.82e-03         5  1.36e-03  1.28e-03  1.60e-03  [CUDA memcpy HtoD]
                     0.00  1.98e-03         1  1.98e-03  1.98e-03  1.98e-03  [CUDA memset]
      API calls:    45.05  334.1329      2000  0.167066  0.047752  4.047094  cudaMemcpy
                    30.57  226.7148         5  45.34296  0.012006  226.6645  cudaMemcpyToSymbol
                    18.62  138.0930     14003  9.86e-03  9.14e-03  0.107176  cudaLaunchKernel
                     2.80  20.78231         7  2.968901  0.011023  20.40345  cudaMallocManaged
                     0.93  6.908197     28003  2.46e-04  2.09e-04  6.95e-03  cudaGetLastError
                     0.69  5.127397       384  0.013352  2.36e-04  0.534553  cuDeviceGetAttribute
                     0.56  4.145877         4  1.036469  1.032555  1.040648  cuDeviceTotalMem
                     0.34  2.541367         1  2.541367  2.541367  2.541367  cudaMemset
                     0.19  1.383678        10  0.138367  1.33e-03  0.350981  cudaFree
                     0.16  1.218678         1  1.218678  1.218678  1.218678  cudaGetDeviceProperties
                     0.06  0.432121         4  0.108030  0.103141  0.111770  cuDeviceGetName
                     0.02  0.161590         2  0.080795  9.58e-03  0.152012  cudaThreadSynchronize
                     0.00  0.019330         3  6.44e-03  4.05e-03  0.011005  cudaMemAdvise
                     0.00  0.014414         4  3.60e-03  1.20e-03  9.33e-03  cuDeviceGetPCIBusId
                     0.00  0.013845         1  0.013845  0.013845  0.013845  cudaSetDevice
                     0.00  3.10e-03         8  3.87e-04  3.04e-04  5.22e-04  cuDeviceGet
                     0.00  1.60e-03         1  1.60e-03  1.60e-03  1.60e-03  cudaGetDevice
                     0.00  1.48e-03         3  4.93e-04  4.08e-04  6.60e-04  cuDeviceGetCount

==96473== Unified Memory profiling result:
Device "Tesla V100-SXM2-16GB (0)"
   Count  Avg Size  Min Size  Max Size  Total Size  Total Time  Name
      81  159.60KB  64.000KB  960.00KB  12.62500MB    0.405568ms  Host To Device
      32         -         -         -           -    6.489920ms  Gpu page fault groups
      67  135.64KB  64.000KB  448.00KB  8.875000MB           -  Remote mapping from device
       9  426.67KB  64.000KB  1.0000MB  3.750000MB           -  Remote mapping to device
Total CPU Page faults: 84
Total remote mappings from CPU: 9
Total remote mappings to CPU: 67
