==25898== NVPROF is profiling process 25898, command: ./cfd_0024 ../../../data/cfd/fvcorr.domn.193K
==25898== Profiling application: ./cfd_0024 ../../../data/cfd/fvcorr.domn.193K
==25898== Profiling result:
            Type  Time(%)      Time     Calls       Avg       Min       Max  Name
                        %        ms                  ms        ms        ms
 GPU activities:    87.35  971.6209      6000  0.161936  0.158463  2.140083  cuda_compute_flux(int, int*, float*, float*, float*)
                     9.11  101.3258      6000  0.016887  0.015904  0.018848  cuda_time_step(int, int, float*, float*, float*, float*)
                     1.76  19.56832      2000  9.78e-03  9.22e-03  0.012576  [CUDA memcpy DtoD]
                     1.57  17.45857      2000  8.73e-03  8.16e-03  0.158815  cuda_compute_step_factor(int, float*, float*, float*)
                     0.21  2.358033         3  0.786011  0.772763  0.804699  cuda_initialize_variables(int, float*)
                     0.00  6.78e-03         5  1.36e-03  1.28e-03  1.60e-03  [CUDA memcpy HtoD]
                     0.00  1.86e-03         1  1.86e-03  1.86e-03  1.86e-03  [CUDA memset]
      API calls:    70.95  997.8270      2000  0.498913  0.047035  2.622348  cudaMemcpy
                    15.97  224.5652         5  44.91304  0.012451  224.5129  cudaMemcpyToSymbol
                     9.98  140.3521     14003  0.010023  9.19e-03  0.099615  cudaLaunchKernel
                     1.47  20.73817         7  2.962596  0.010728  20.35233  cudaMallocManaged
                     0.50  7.069498     28003  2.52e-04  2.09e-04  0.120916  cudaGetLastError
                     0.37  5.149655       384  0.013410  2.36e-04  0.539397  cuDeviceGetAttribute
                     0.30  4.162450         4  1.040612  1.033352  1.057813  cuDeviceTotalMem
                     0.18  2.596701         1  2.596701  2.596701  2.596701  cudaMemset
                     0.13  1.805472        10  0.180547  1.31e-03  0.769966  cudaFree
                     0.09  1.221135         1  1.221135  1.221135  1.221135  cudaGetDeviceProperties
                     0.04  0.495717         2  0.247858  9.37e-03  0.486346  cudaThreadSynchronize
                     0.03  0.424202         4  0.106050  0.103216  0.107582  cuDeviceGetName
                     0.00  0.014892         4  3.72e-03  1.15e-03  0.010239  cuDeviceGetPCIBusId
                     0.00  0.012943         1  0.012943  0.012943  0.012943  cudaSetDevice
                     0.00  0.012184         2  6.09e-03  4.38e-03  7.80e-03  cudaMemAdvise
                     0.00  3.17e-03         8  3.96e-04  3.10e-04  5.74e-04  cuDeviceGet
                     0.00  2.05e-03         1  2.05e-03  2.05e-03  2.05e-03  cudaGetDevice
                     0.00  1.41e-03         3  4.71e-04  3.82e-04  6.35e-04  cuDeviceGetCount

==25898== Unified Memory profiling result:
Device "Tesla V100-SXM2-16GB (0)"
   Count  Avg Size  Min Size  Max Size  Total Size  Total Time  Name
       6  170.67KB  64.000KB  448.00KB  1.000000MB    0.030400ms  Host To Device
      39         -         -         -           -    4.928896ms  Gpu page fault groups
      89  102.11KB  64.000KB  320.00KB  8.875000MB           -  Remote mapping from device
       2  1.5000MB  1.0000MB  2.0000MB  3.000000MB           -  Remote mapping to device
Total CPU Page faults: 12
Total remote mappings from CPU: 2
Total remote mappings to CPU: 89
