==64478== NVPROF is profiling process 64478, command: ./cfd_1042 ../../../data/cfd/missile.domn.0.2M
==64478== Profiling application: ./cfd_1042 ../../../data/cfd/missile.domn.0.2M
==64478== Profiling result:
            Type  Time(%)      Time     Calls       Avg       Min       Max  Name
                        %        ms                  ms        ms        ms
 GPU activities:    79.00  671.1163      6000  0.111852  0.108128  1.496727  cuda_compute_flux(int, int*, float*, float*, float*)
                    14.49  123.1017      6000  0.020516  0.019391  0.022304  cuda_time_step(int, int, float*, float*, float*, float*)
                     3.37  28.64895      2000  0.014324  0.013536  0.016896  [CUDA memcpy DtoD]
                     2.82  23.93362      2000  0.011966  0.011104  0.201055  cuda_compute_step_factor(int, float*, float*, float*)
                     0.32  2.677777         3  0.892592  0.835611  0.949755  cuda_initialize_variables(int, float*)
                     0.00  6.85e-03         5  1.37e-03  1.31e-03  1.60e-03  [CUDA memcpy HtoD]
                     0.00  2.50e-03         1  2.50e-03  2.50e-03  2.50e-03  [CUDA memset]
      API calls:    63.89  730.9477      2000  0.365473  0.051986  1.940629  cudaMemcpy
                    20.01  228.9370         5  45.78741  0.012386  228.8854  cudaMemcpyToSymbol
                    12.22  139.8181     14003  9.98e-03  9.17e-03  0.124575  cudaLaunchKernel
                     1.82  20.79778         7  2.971111  0.017366  20.39929  cudaMallocManaged
                     0.62  7.137821     28003  2.54e-04  2.11e-04  0.101118  cudaGetLastError
                     0.47  5.335232       384  0.013893  2.32e-04  0.717173  cuDeviceGetAttribute
                     0.36  4.134168         4  1.033542  1.031216  1.038338  cuDeviceTotalMem
                     0.26  2.965165         1  2.965165  2.965165  2.965165  cudaMemset
                     0.16  1.866328        10  0.186632  1.28e-03  0.805750  cudaFree
                     0.11  1.236008         1  1.236008  1.236008  1.236008  cudaGetDeviceProperties
                     0.04  0.422499         4  0.105624  0.102473  0.108390  cuDeviceGetName
                     0.03  0.356571         2  0.178285  9.67e-03  0.346898  cudaThreadSynchronize
                     0.00  0.014847         4  3.71e-03  1.19e-03  9.72e-03  cuDeviceGetPCIBusId
                     0.00  0.012884         1  0.012884  0.012884  0.012884  cudaSetDevice
                     0.00  0.011965         2  5.98e-03  4.52e-03  7.45e-03  cudaMemAdvise
                     0.00  3.13e-03         8  3.91e-04  3.06e-04  5.97e-04  cuDeviceGet
                     0.00  1.69e-03         1  1.69e-03  1.69e-03  1.69e-03  cudaGetDevice
                     0.00  1.44e-03         3  4.80e-04  3.87e-04  6.41e-04  cuDeviceGetCount

==64478== Unified Memory profiling result:
Device "Tesla V100-SXM2-16GB (0)"
   Count  Avg Size  Min Size  Max Size  Total Size  Total Time  Name
       4  256.00KB  64.000KB  704.00KB  1.000000MB    0.027296ms  Host To Device
      47         -         -         -           -    4.676128ms  Gpu page fault groups
      26  140.31KB  64.000KB  448.00KB  3.562500MB           -  Remote mapping from device
       6  1.7813MB  704.00KB  2.0000MB  10.68750MB           -  Remote mapping to device
Total CPU Page faults: 13
Total remote mappings from CPU: 6
Total remote mappings to CPU: 26
