==28414== NVPROF is profiling process 28414, command: ./cfd_0051 ../../../data/cfd/missile.domn.0.2M
==28414== Profiling application: ./cfd_0051 ../../../data/cfd/missile.domn.0.2M
==28414== Profiling result:
            Type  Time(%)      Time     Calls       Avg       Min       Max  Name
                        %        ms                  ms        ms        ms
 GPU activities:    66.83  366.5849      6000  0.061097  0.053536  4.376294  cuda_compute_flux(int, int*, float*, float*, float*)
                    23.16  127.0411      6000  0.021173  0.019584  0.023200  cuda_time_step(int, int, float*, float*, float*, float*)
                     5.23  28.69174      2000  0.014345  0.013568  0.017408  [CUDA memcpy DtoD]
                     4.34  23.81660      2000  0.011908  0.010527  0.178367  cuda_compute_step_factor(int, float*, float*, float*)
                     0.43  2.375506         3  0.791835  0.692412  0.930202  cuda_initialize_variables(int, float*)
                     0.00  6.85e-03         5  1.37e-03  1.31e-03  1.60e-03  [CUDA memcpy HtoD]
                     0.00  2.34e-03         1  2.34e-03  2.34e-03  2.34e-03  [CUDA memset]
      API calls:    51.59  432.6547      2000  0.216327  0.067076  4.682966  cudaMemcpy
                    26.88  225.4407         5  45.08813  0.012080  225.3895  cudaMemcpyToSymbol
                    16.35  137.1553     14003  9.79e-03  9.12e-03  0.096866  cudaLaunchKernel
                     2.48  20.77162         7  2.967373  0.015894  20.37966  cudaMallocManaged
                     0.87  7.265320     28003  2.59e-04  2.13e-04  0.102561  cudaGetLastError
                     0.64  5.357988       384  0.013953  2.34e-04  0.755597  cuDeviceGetAttribute
                     0.49  4.139767         4  1.034941  1.032236  1.039594  cuDeviceTotalMem
                     0.31  2.604220         1  2.604220  2.604220  2.604220  cudaMemset
                     0.16  1.354473        10  0.135447  1.19e-03  0.385798  cudaFree
                     0.15  1.218204         1  1.218204  1.218204  1.218204  cudaGetDeviceProperties
                     0.05  0.425283         4  0.106320  0.102941  0.108922  cuDeviceGetName
                     0.02  0.202712         2  0.101356  9.72e-03  0.192991  cudaThreadSynchronize
                     0.00  0.013810         1  0.013810  0.013810  0.013810  cudaSetDevice
                     0.00  0.013706         4  3.43e-03  1.17e-03  8.90e-03  cuDeviceGetPCIBusId
                     0.00  0.011014         2  5.51e-03  4.37e-03  6.65e-03  cudaMemAdvise
                     0.00  3.06e-03         8  3.83e-04  3.11e-04  5.16e-04  cuDeviceGet
                     0.00  1.77e-03         1  1.77e-03  1.77e-03  1.77e-03  cudaGetDevice
                     0.00  1.45e-03         3  4.83e-04  3.89e-04  6.60e-04  cuDeviceGetCount

==28414== Unified Memory profiling result:
Device "Tesla V100-SXM2-16GB (0)"
   Count  Avg Size  Min Size  Max Size  Total Size  Total Time  Name
      79  197.67KB  64.000KB  896.00KB  15.25000MB    0.430720ms  Host To Device
      38         -         -         -           -    7.169312ms  Gpu page fault groups
      11  331.64KB  64.000KB  1.0000MB  3.562500MB           -  Remote mapping to device
Total CPU Page faults: 196
Total remote mappings from CPU: 11
