==73533== NVPROF is profiling process 73533, command: ./cfd_1205 ../../../data/cfd/fvcorr.domn.193K
==73533== Profiling application: ./cfd_1205 ../../../data/cfd/fvcorr.domn.193K
==73533== Profiling result:
            Type  Time(%)      Time     Calls       Avg       Min       Max  Name
                        %        ms                  ms        ms        ms
 GPU activities:    66.88  295.6530      6000  0.049275  0.046816  3.576939  cuda_compute_flux(int, int*, float*, float*, float*)
                    24.35  107.6361      6000  0.017939  0.016384  0.020159  cuda_time_step(int, int, float*, float*, float*, float*)
                     4.34  19.20344      2000  9.60e-03  9.02e-03  0.014112  [CUDA memcpy DtoD]
                     3.88  17.17057      2000  8.58e-03  8.16e-03  0.011392  cuda_compute_step_factor(int, float*, float*, float*)
                     0.54  2.393811         3  0.797937  0.782395  0.811260  cuda_initialize_variables(int, float*)
                     0.00  6.78e-03         5  1.36e-03  1.28e-03  1.60e-03  [CUDA memcpy HtoD]
                     0.00  1.86e-03         1  1.86e-03  1.86e-03  1.86e-03  [CUDA memset]
      API calls:    44.78  331.6275      2000  0.165813  0.049059  3.698910  cudaMemcpy
                    30.85  228.4853         5  45.69705  0.012657  228.4333  cudaMemcpyToSymbol
                    18.59  137.6983     14003  9.83e-03  9.05e-03  0.116920  cudaLaunchKernel
                     2.79  20.67320         7  2.953313  0.011133  20.28823  cudaMallocManaged
                     0.95  7.026087     28003  2.50e-04  2.09e-04  0.092509  cudaGetLastError
                     0.69  5.112386       384  0.013313  2.34e-04  0.537923  cuDeviceGetAttribute
                     0.56  4.142127         4  1.035531  1.033140  1.039478  cuDeviceTotalMem
                     0.35  2.618593         1  2.618593  2.618593  2.618593  cudaMemset
                     0.18  1.355036        10  0.135503  1.22e-03  0.355591  cudaFree
                     0.17  1.222672         1  1.222672  1.222672  1.222672  cudaGetDeviceProperties
                     0.06  0.423639         4  0.105909  0.103311  0.107551  cuDeviceGetName
                     0.02  0.164565         2  0.082282  0.012473  0.152092  cudaThreadSynchronize
                     0.00  0.016644         2  8.32e-03  4.84e-03  0.011808  cudaMemAdvise
                     0.00  0.013880         4  3.47e-03  1.13e-03  9.26e-03  cuDeviceGetPCIBusId
                     0.00  0.010127         1  0.010127  0.010127  0.010127  cudaSetDevice
                     0.00  3.14e-03         8  3.92e-04  3.04e-04  5.74e-04  cuDeviceGet
                     0.00  1.68e-03         1  1.68e-03  1.68e-03  1.68e-03  cudaGetDevice
                     0.00  1.40e-03         3  4.68e-04  3.59e-04  6.41e-04  cuDeviceGetCount

==73533== Unified Memory profiling result:
Device "Tesla V100-SXM2-16GB (0)"
   Count  Avg Size  Min Size  Max Size  Total Size  Total Time  Name
      62  196.13KB  64.000KB  896.00KB  11.87500MB    0.342528ms  Host To Device
      32         -         -         -           -    6.253408ms  Gpu page fault groups
      25  394.24KB  64.000KB  1.0000MB  9.625000MB           -  Remote mapping to device
Total CPU Page faults: 80
Total remote mappings from CPU: 25
