==67105== NVPROF is profiling process 67105, command: ./cfd_1104 ../../../data/cfd/fvcorr.domn.097K
==67105== Profiling application: ./cfd_1104 ../../../data/cfd/fvcorr.domn.097K
==67105== Profiling result:
            Type  Time(%)      Time     Calls       Avg       Min       Max  Name
                        %        ms                  ms        ms        ms
 GPU activities:    89.73  495.8028      6000  0.082633  0.079712  1.733751  cuda_compute_flux(int, int*, float*, float*, float*)
                     6.91  38.17542      6000  6.36e-03  5.66e-03  7.97e-03  cuda_time_step(int, int, float*, float*, float*, float*)
                     1.79  9.875047      2000  4.94e-03  4.35e-03  0.011616  [CUDA memcpy DtoD]
                     1.36  7.542200      2000  3.77e-03  3.42e-03  0.457885  cuda_compute_step_factor(int, float*, float*, float*)
                     0.21  1.158809         3  0.386269  0.332702  0.421534  cuda_initialize_variables(int, float*)
                     0.00  6.75e-03         5  1.35e-03  1.28e-03  1.60e-03  [CUDA memcpy HtoD]
                     0.00  2.34e-03         1  2.34e-03  2.34e-03  2.34e-03  [CUDA memset]
      API calls:    52.41  449.4630      2000  0.224731  0.045983  2.319174  cudaMemcpy
                    26.34  225.8352         5  45.16705  0.012005  225.7858  cudaMemcpyToSymbol
                    16.35  140.2283     14003  0.010014  9.29e-03  0.103791  cudaLaunchKernel
                     2.43  20.83508         7  2.976439  9.53e-03  20.39090  cudaMallocManaged
                     0.85  7.324677     28003  2.61e-04  2.13e-04  0.110303  cudaGetLastError
                     0.59  5.099357       384  0.013279  2.33e-04  0.532961  cuDeviceGetAttribute
                     0.49  4.195936         4  1.048984  1.032476  1.090906  cuDeviceTotalMem
                     0.17  1.450891         1  1.450891  1.450891  1.450891  cudaGetDeviceProperties
                     0.14  1.207172        10  0.120717  1.18e-03  0.444136  cudaFree
                     0.14  1.178374         1  1.178374  1.178374  1.178374  cudaMemset
                     0.05  0.423661         4  0.105915  0.102559  0.107328  cuDeviceGetName
                     0.03  0.226339         2  0.113169  9.88e-03  0.216457  cudaThreadSynchronize
                     0.00  0.019069         2  9.53e-03  8.24e-03  0.010831  cudaMemAdvise
                     0.00  0.011314         4  2.83e-03  1.21e-03  6.59e-03  cuDeviceGetPCIBusId
                     0.00  0.010849         1  0.010849  0.010849  0.010849  cudaSetDevice
                     0.00  3.22e-03         8  4.01e-04  3.09e-04  5.39e-04  cuDeviceGet
                     0.00  1.77e-03         1  1.77e-03  1.77e-03  1.77e-03  cudaGetDevice
                     0.00  1.49e-03         3  4.97e-04  3.92e-04  6.49e-04  cuDeviceGetCount

==67105== Unified Memory profiling result:
Device "Tesla V100-SXM2-16GB (0)"
   Count  Avg Size  Min Size  Max Size  Total Size  Total Time  Name
      14  146.29KB  64.000KB  576.00KB  2.000000MB    0.068576ms  Host To Device
      28         -         -         -           -    3.558048ms  Gpu page fault groups
      38  121.26KB  64.000KB  384.00KB  4.500000MB           -  Remote mapping from device
Total CPU Page faults: 20
Total remote mappings to CPU: 38
