==45345== NVPROF is profiling process 45345, command: ./cfd_0334 ../../../data/cfd/fvcorr.domn.193K
==45345== Profiling application: ./cfd_0334 ../../../data/cfd/fvcorr.domn.193K
==45345== Profiling result:
            Type  Time(%)      Time     Calls       Avg       Min       Max  Name
                        %        ms                  ms        ms        ms
 GPU activities:    86.47  910.9908      6000  0.151831  0.148447  2.072499  cuda_compute_flux(int, int*, float*, float*, float*)
                     9.78  102.9885      6000  0.017164  0.016160  0.020160  cuda_time_step(int, int, float*, float*, float*, float*)
                     1.86  19.58484      2000  9.79e-03  9.02e-03  0.012960  [CUDA memcpy DtoD]
                     1.66  17.53500      2000  8.77e-03  8.16e-03  0.023200  cuda_compute_step_factor(int, float*, float*, float*)
                     0.23  2.404850         3  0.801616  0.762012  0.839707  cuda_initialize_variables(int, float*)
                     0.00  6.78e-03         5  1.36e-03  1.28e-03  1.60e-03  [CUDA memcpy HtoD]
                     0.00  2.02e-03         1  2.02e-03  2.02e-03  2.02e-03  [CUDA memset]
      API calls:    69.58  938.8293      2000  0.469414  0.047672  2.504509  cudaMemcpy
                    16.77  226.2681         5  45.25362  0.012494  226.2166  cudaMemcpyToSymbol
                    10.41  140.4162     14003  0.010027  9.25e-03  0.094434  cudaLaunchKernel
                     1.54  20.78154         7  2.968791  0.011053  20.39578  cudaMallocManaged
                     0.54  7.225810     28003  2.58e-04  2.11e-04  0.095743  cudaGetLastError
                     0.38  5.108553       384  0.013303  2.32e-04  0.533434  cuDeviceGetAttribute
                     0.31  4.168085         4  1.042021  1.035459  1.058694  cuDeviceTotalMem
                     0.19  2.613155         1  2.613155  2.613155  2.613155  cudaMemset
                     0.13  1.733712        10  0.173371  1.20e-03  0.761572  cudaFree
                     0.09  1.218274         1  1.218274  1.218274  1.218274  cudaGetDeviceProperties
                     0.03  0.468866         2  0.234433  9.91e-03  0.458958  cudaThreadSynchronize
                     0.03  0.421643         4  0.105410  0.102430  0.107736  cuDeviceGetName
                     0.00  0.020913         3  6.97e-03  4.45e-03  0.010831  cudaMemAdvise
                     0.00  0.014480         4  3.62e-03  1.20e-03  9.61e-03  cuDeviceGetPCIBusId
                     0.00  0.010941         1  0.010941  0.010941  0.010941  cudaSetDevice
                     0.00  3.09e-03         8  3.86e-04  3.03e-04  5.48e-04  cuDeviceGet
                     0.00  1.82e-03         1  1.82e-03  1.82e-03  1.82e-03  cudaGetDevice
                     0.00  1.55e-03         3  5.17e-04  3.95e-04  6.87e-04  cuDeviceGetCount

==45345== Unified Memory profiling result:
Device "Tesla V100-SXM2-16GB (0)"
   Count  Avg Size  Min Size  Max Size  Total Size  Total Time  Name
      25  153.60KB  64.000KB  896.00KB  3.750000MB    0.230048ms  Host To Device
      40         -         -         -           -    5.419136ms  Gpu page fault groups
      94  137.53KB  64.000KB  448.00KB  12.62500MB           -  Remote mapping from device
Total CPU Page faults: 31
Total remote mappings to CPU: 94
