==58852== NVPROF is profiling process 58852, command: ./cfd_0545 ../../../data/cfd/fvcorr.domn.193K
==58852== Profiling application: ./cfd_0545 ../../../data/cfd/fvcorr.domn.193K
==58852== Profiling result:
            Type  Time(%)      Time     Calls       Avg       Min       Max  Name
                        %        ms                  ms        ms        ms
 GPU activities:    72.28  386.4833      6000  0.064413  0.060608  3.308974  cuda_compute_flux(int, int*, float*, float*, float*)
                    20.43  109.2194      6000  0.018203  0.016032  0.019808  cuda_time_step(int, int, float*, float*, float*, float*)
                     3.59  19.19014      2000  9.59e-03  8.99e-03  0.012864  [CUDA memcpy DtoD]
                     3.28  17.51266      2000  8.76e-03  7.90e-03  0.558780  cuda_compute_step_factor(int, float*, float*, float*)
                     0.42  2.258356         3  0.752785  0.745884  0.763036  cuda_initialize_variables(int, float*)
                     0.00  6.94e-03         5  1.39e-03  1.28e-03  1.76e-03  [CUDA memcpy HtoD]
                     0.00  1.86e-03         1  1.86e-03  1.86e-03  1.86e-03  [CUDA memset]
      API calls:    50.76  421.0473      2000  0.210523  0.047605  4.006307  cudaMemcpy
                    27.12  224.8981         5  44.97962  0.012603  224.8457  cudaMemcpyToSymbol
                    16.93  140.3928     14003  0.010025  9.20e-03  0.106736  cudaLaunchKernel
                     2.51  20.78428         7  2.969183  0.011265  20.39972  cudaMallocManaged
                     0.86  7.095086     28003  2.53e-04  2.11e-04  0.087558  cudaGetLastError
                     0.62  5.103747       384  0.013291  2.34e-04  0.531992  cuDeviceGetAttribute
                     0.50  4.145431         4  1.036357  1.030711  1.040805  cuDeviceTotalMem
                     0.31  2.532192         1  2.532192  2.532192  2.532192  cudaMemset
                     0.18  1.517595        10  0.151759  1.22e-03  0.399210  cudaFree
                     0.15  1.218460         1  1.218460  1.218460  1.218460  cudaGetDeviceProperties
                     0.05  0.421168         4  0.105292  0.102346  0.107611  cuDeviceGetName
                     0.03  0.210157         2  0.105078  9.75e-03  0.200411  cudaThreadSynchronize
                     0.00  0.020704         3  6.90e-03  4.03e-03  0.010703  cudaMemAdvise
                     0.00  0.013523         4  3.38e-03  1.10e-03  9.13e-03  cuDeviceGetPCIBusId
                     0.00  0.011182         1  0.011182  0.011182  0.011182  cudaSetDevice
                     0.00  3.44e-03         8  4.30e-04  3.03e-04  7.64e-04  cuDeviceGet
                     0.00  1.81e-03         1  1.81e-03  1.81e-03  1.81e-03  cudaGetDevice
                     0.00  1.47e-03         3  4.91e-04  4.02e-04  6.66e-04  cuDeviceGetCount

==58852== Unified Memory profiling result:
Device "Tesla V100-SXM2-16GB (0)"
   Count  Avg Size  Min Size  Max Size  Total Size  Total Time  Name
      46  214.26KB  64.000KB  896.00KB  9.625000MB    0.264704ms  Host To Device
      42         -         -         -           -    6.442400ms  Gpu page fault groups
      25  122.88KB  64.000KB  384.00KB  3.000000MB           -  Remote mapping from device
      23  428.52KB  64.000KB  1.0000MB  9.625000MB           -  Remote mapping to device
Total CPU Page faults: 65
Total remote mappings from CPU: 23
Total remote mappings to CPU: 25
