==26390== NVPROF is profiling process 26390, command: ./cfd_0031 ../../../data/cfd/fvcorr.domn.193K
==26390== Profiling application: ./cfd_0031 ../../../data/cfd/fvcorr.domn.193K
==26390== Profiling result:
            Type  Time(%)      Time     Calls       Avg       Min       Max  Name
                        %        ms                  ms        ms        ms
 GPU activities:    67.24  295.7675      6000  0.049294  0.046688  3.380108  cuda_compute_flux(int, int*, float*, float*, float*)
                    23.99  105.5376      6000  0.017589  0.016096  0.019392  cuda_time_step(int, int, float*, float*, float*, float*)
                     4.35  19.13495      2000  9.57e-03  9.02e-03  0.013088  [CUDA memcpy DtoD]
                     3.94  17.33922      2000  8.67e-03  8.13e-03  0.155071  cuda_compute_step_factor(int, float*, float*, float*)
                     0.48  2.107667         3  0.702555  0.619516  0.781051  cuda_initialize_variables(int, float*)
                     0.00  6.82e-03         5  1.36e-03  1.28e-03  1.60e-03  [CUDA memcpy HtoD]
                     0.00  1.86e-03         1  1.86e-03  1.86e-03  1.86e-03  [CUDA memset]
      API calls:    44.89  329.6798      2000  0.164839  0.048174  3.732963  cudaMemcpy
                    30.67  225.2011         5  45.04023  0.012263  225.1498  cudaMemcpyToSymbol
                    18.68  137.1892     14003  9.80e-03  9.11e-03  0.106394  cudaLaunchKernel
                     2.82  20.68564         7  2.955091  0.010787  20.30831  cudaMallocManaged
                     0.94  6.893622     28003  2.46e-04  2.09e-04  2.09e-03  cudaGetLastError
                     0.70  5.138887       384  0.013382  2.36e-04  0.536934  cuDeviceGetAttribute
                     0.56  4.146886         4  1.036721  1.031943  1.038676  cuDeviceTotalMem
                     0.32  2.341845         1  2.341845  2.341845  2.341845  cudaMemset
                     0.17  1.252656        10  0.125265  1.37e-03  0.365487  cudaFree
                     0.17  1.220075         1  1.220075  1.220075  1.220075  cudaGetDeviceProperties
                     0.06  0.427352         4  0.106838  0.102899  0.111008  cuDeviceGetName
                     0.02  0.163848         2  0.081924  9.62e-03  0.154233  cudaThreadSynchronize
                     0.00  0.014250         4  3.56e-03  1.18e-03  9.59e-03  cuDeviceGetPCIBusId
                     0.00  0.011820         1  0.011820  0.011820  0.011820  cudaSetDevice
                     0.00  0.010958         2  5.48e-03  4.45e-03  6.51e-03  cudaMemAdvise
                     0.00  3.23e-03         8  4.03e-04  3.00e-04  5.28e-04  cuDeviceGet
                     0.00  1.66e-03         1  1.66e-03  1.66e-03  1.66e-03  cudaGetDevice
                     0.00  1.51e-03         3  5.04e-04  3.93e-04  6.57e-04  cuDeviceGetCount

==26390== Unified Memory profiling result:
Device "Tesla V100-SXM2-16GB (0)"
   Count  Avg Size  Min Size  Max Size  Total Size  Total Time  Name
      82  160.78KB  64.000KB  960.00KB  12.87500MB    0.410944ms  Host To Device
      31         -         -         -           -    5.984960ms  Gpu page fault groups
      23  133.56KB  64.000KB  448.00KB  3.000000MB           -  Remote mapping from device
Total CPU Page faults: 168
Total remote mappings to CPU: 23
