==81117== NVPROF is profiling process 81117, command: ./cfd_1322 ../../../data/cfd/missile.domn.0.2M
==81117== Profiling application: ./cfd_1322 ../../../data/cfd/missile.domn.0.2M
==81117== Profiling result:
            Type  Time(%)      Time     Calls       Avg       Min       Max  Name
                        %        ms                  ms        ms        ms
 GPU activities:    75.67  543.5534      6000  0.090592  0.083840  1.065018  cuda_compute_flux(int, int*, float*, float*, float*)
                    16.70  119.9546      6000  0.019992  0.018880  0.021983  cuda_time_step(int, int, float*, float*, float*, float*)
                     3.97  28.51119      2000  0.014255  0.013632  0.017152  [CUDA memcpy DtoD]
                     3.31  23.76614      2000  0.011883  0.010304  0.023424  cuda_compute_step_factor(int, float*, float*, float*)
                     0.35  2.546385         3  0.848795  0.719644  0.954555  cuda_initialize_variables(int, float*)
                     0.00  6.82e-03         5  1.36e-03  1.28e-03  1.60e-03  [CUDA memcpy HtoD]
                     0.00  2.37e-03         1  2.37e-03  2.37e-03  2.37e-03  [CUDA memset]
      API calls:    59.64  602.0309      2000  0.301015  0.051654  1.275856  cudaMemcpy
                    22.35  225.6557         5  45.13115  0.012404  225.6049  cudaMemcpyToSymbol
                    13.65  137.8431     14003  9.84e-03  9.14e-03  0.099991  cudaLaunchKernel
                     2.06  20.75953         7  2.965646  0.016015  20.36383  cudaMallocManaged
                     0.70  7.075959     28003  2.52e-04  2.10e-04  0.084638  cudaGetLastError
                     0.52  5.288910       384  0.013773  2.35e-04  0.691522  cuDeviceGetAttribute
                     0.41  4.178435         4  1.044608  1.033468  1.068719  cuDeviceTotalMem
                     0.27  2.738323         1  2.738323  2.738323  2.738323  cudaMemset
                     0.19  1.944901        10  0.194490  1.40e-03  0.804424  cudaFree
                     0.12  1.218819         1  1.218819  1.218819  1.218819  cudaGetDeviceProperties
                     0.04  0.421714         4  0.105428  0.102456  0.107752  cuDeviceGetName
                     0.03  0.297664         2  0.148832  0.010797  0.286867  cudaThreadSynchronize
                     0.00  0.021492         3  7.16e-03  4.62e-03  0.010648  cudaMemAdvise
                     0.00  0.013471         4  3.37e-03  1.13e-03  8.86e-03  cuDeviceGetPCIBusId
                     0.00  0.012447         1  0.012447  0.012447  0.012447  cudaSetDevice
                     0.00  3.06e-03         8  3.83e-04  2.97e-04  5.18e-04  cuDeviceGet
                     0.00  1.61e-03         1  1.61e-03  1.61e-03  1.61e-03  cudaGetDevice
                     0.00  1.38e-03         3  4.61e-04  4.14e-04  5.43e-04  cuDeviceGetCount

==81117== Unified Memory profiling result:
Device "Tesla V100-SXM2-16GB (0)"
   Count  Avg Size  Min Size  Max Size  Total Size  Total Time  Name
       9  106.67KB  64.000KB  320.00KB  960.0000KB    0.036448ms  Host To Device
      31         -         -         -           -    3.812960ms  Gpu page fault groups
       5  192.00KB  64.000KB  448.00KB  960.0000KB           -  Remote mapping from device
       8  1.7813MB  704.00KB  2.0000MB  14.25000MB           -  Remote mapping to device
Total CPU Page faults: 13
Total remote mappings from CPU: 8
Total remote mappings to CPU: 5
