==55221== NVPROF is profiling process 55221, command: ./cfd_0512 ../../../data/cfd/fvcorr.domn.193K
==55221== Profiling application: ./cfd_0512 ../../../data/cfd/fvcorr.domn.193K
==55221== Profiling result:
            Type  Time(%)      Time     Calls       Avg       Min       Max  Name
                        %        ms                  ms        ms        ms
 GPU activities:    73.79  404.1880      6000  0.067364  0.063711  1.360728  cuda_compute_flux(int, int*, float*, float*, float*)
                    18.92  103.6311      6000  0.017271  0.015968  0.019776  cuda_time_step(int, int, float*, float*, float*, float*)
                     3.54  19.39943      2000  9.70e-03  9.06e-03  0.013216  [CUDA memcpy DtoD]
                     3.33  18.26284      2000  9.13e-03  8.26e-03  0.529757  cuda_compute_step_factor(int, float*, float*, float*)
                     0.42  2.284147         3  0.761382  0.663260  0.813755  cuda_initialize_variables(int, float*)
                     0.00  6.82e-03         5  1.36e-03  1.28e-03  1.60e-03  [CUDA memcpy HtoD]
                     0.00  2.14e-03         1  2.14e-03  2.14e-03  2.14e-03  [CUDA memset]
      API calls:    51.87  436.8241      2000  0.218412  0.046791  2.036846  cudaMemcpy
                    26.66  224.5553         5  44.91106  0.012091  224.5038  cudaMemcpyToSymbol
                    16.34  137.6504     14003  9.83e-03  9.18e-03  0.105243  cudaLaunchKernel
                     2.47  20.78227         7  2.968895  0.010928  20.39526  cudaMallocManaged
                     0.83  6.969759     28003  2.48e-04  2.13e-04  1.02e-03  cudaGetLastError
                     0.61  5.102758       384  0.013288  2.36e-04  0.532909  cuDeviceGetAttribute
                     0.49  4.137452         4  1.034363  1.026580  1.037507  cuDeviceTotalMem
                     0.30  2.556110         1  2.556110  2.556110  2.556110  cudaMemset
                     0.20  1.690074        10  0.169007  1.29e-03  0.670774  cudaFree
                     0.14  1.218256         1  1.218256  1.218256  1.218256  cudaGetDeviceProperties
                     0.05  0.421965         4  0.105491  0.102521  0.107401  cuDeviceGetName
                     0.03  0.213325         2  0.106662  9.77e-03  0.203554  cudaThreadSynchronize
                     0.00  0.020901         3  6.97e-03  4.55e-03  0.010170  cudaMemAdvise
                     0.00  0.012707         4  3.18e-03  1.13e-03  8.15e-03  cuDeviceGetPCIBusId
                     0.00  0.012537         1  0.012537  0.012537  0.012537  cudaSetDevice
                     0.00  3.03e-03         8  3.78e-04  2.93e-04  4.88e-04  cuDeviceGet
                     0.00  1.81e-03         1  1.81e-03  1.81e-03  1.81e-03  cudaGetDevice
                     0.00  1.44e-03         3  4.80e-04  4.05e-04  6.23e-04  cuDeviceGetCount

==55221== Unified Memory profiling result:
Device "Tesla V100-SXM2-16GB (0)"
   Count  Avg Size  Min Size  Max Size  Total Size  Total Time  Name
      22  174.55KB  64.000KB  896.00KB  3.750000MB    0.121792ms  Host To Device
      31         -         -         -           -    4.477632ms  Gpu page fault groups
       9  1.0694MB  64.000KB  2.0000MB  9.625000MB           -  Remote mapping to device
Total CPU Page faults: 58
Total remote mappings from CPU: 9
