==68797== NVPROF is profiling process 68797, command: ./cfd_1121 ../../../data/cfd/fvcorr.domn.193K
==68797== Profiling application: ./cfd_1121 ../../../data/cfd/fvcorr.domn.193K
==68797== Profiling result:
            Type  Time(%)      Time     Calls       Avg       Min       Max  Name
                        %        ms                  ms        ms        ms
 GPU activities:    68.55  313.6943      6000  0.052282  0.048672  2.616498  cuda_compute_flux(int, int*, float*, float*, float*)
                    22.61  103.4625      6000  0.017243  0.016223  0.019104  cuda_time_step(int, int, float*, float*, float*, float*)
                     4.22  19.33242      2000  9.67e-03  9.02e-03  0.013248  [CUDA memcpy DtoD]
                     4.10  18.77253      2000  9.39e-03  8.58e-03  0.536797  cuda_compute_step_factor(int, float*, float*, float*)
                     0.52  2.373747         3  0.791249  0.679932  0.878075  cuda_initialize_variables(int, float*)
                     0.00  6.85e-03         5  1.37e-03  1.31e-03  1.60e-03  [CUDA memcpy HtoD]
                     0.00  2.50e-03         1  2.50e-03  2.50e-03  2.50e-03  [CUDA memset]
      API calls:    45.91  346.3011      2000  0.173150  0.046493  3.270119  cudaMemcpy
                    30.11  227.0817         5  45.41634  0.012697  227.0297  cudaMemcpyToSymbol
                    18.28  137.8772     14003  9.85e-03  9.09e-03  0.112127  cudaLaunchKernel
                     2.75  20.77576         7  2.967965  0.010599  20.38918  cudaMallocManaged
                     0.93  6.981367     28003  2.49e-04  2.10e-04  5.08e-03  cudaGetLastError
                     0.68  5.111503       384  0.013311  2.36e-04  0.534389  cuDeviceGetAttribute
                     0.55  4.147256         4  1.036814  1.035273  1.038646  cuDeviceTotalMem
                     0.35  2.629294         1  2.629294  2.629294  2.629294  cudaMemset
                     0.19  1.459873        10  0.145987  1.32e-03  0.366531  cudaFree
                     0.16  1.218804         1  1.218804  1.218804  1.218804  cudaGetDeviceProperties
                     0.06  0.427486         4  0.106871  0.103303  0.111371  cuDeviceGetName
                     0.02  0.165960         2  0.082980  9.17e-03  0.156787  cudaThreadSynchronize
                     0.00  0.019650         3  6.55e-03  3.72e-03  9.72e-03  cudaMemAdvise
                     0.00  0.014484         1  0.014484  0.014484  0.014484  cudaSetDevice
                     0.00  0.013856         4  3.46e-03  1.24e-03  8.83e-03  cuDeviceGetPCIBusId
                     0.00  3.20e-03         8  3.99e-04  3.09e-04  5.82e-04  cuDeviceGet
                     0.00  1.66e-03         1  1.66e-03  1.66e-03  1.66e-03  cudaGetDevice
                     0.00  1.45e-03         3  4.82e-04  4.04e-04  6.27e-04  cuDeviceGetCount

==68797== Unified Memory profiling result:
Device "Tesla V100-SXM2-16GB (0)"
   Count  Avg Size  Min Size  Max Size  Total Size  Total Time  Name
      55  179.20KB  64.000KB  960.00KB  9.625000MB    0.312288ms  Host To Device
      36         -         -         -           -    5.792160ms  Gpu page fault groups
       2  1.5000MB  1.0000MB  2.0000MB  3.000000MB           -  Remote mapping to device
Total CPU Page faults: 156
Total remote mappings from CPU: 2
