==62664== NVPROF is profiling process 62664, command: ./cfd_1023 ../../../data/cfd/missile.domn.0.2M
==62664== Profiling application: ./cfd_1023 ../../../data/cfd/missile.domn.0.2M
==62664== Profiling result:
            Type  Time(%)      Time     Calls       Avg       Min       Max  Name
                        %        ms                  ms        ms        ms
 GPU activities:    68.15  380.3470      6000  0.063391  0.054847  1.802709  cuda_compute_flux(int, int*, float*, float*, float*)
                    21.99  122.7523      6000  0.020458  0.019071  0.022368  cuda_time_step(int, int, float*, float*, float*, float*)
                     5.13  28.62290      2000  0.014311  0.013440  0.017343  [CUDA memcpy DtoD]
                     4.25  23.71964      2000  0.011859  0.010368  0.283007  cuda_compute_step_factor(int, float*, float*, float*)
                     0.48  2.683985         3  0.894661  0.859387  0.940987  cuda_initialize_variables(int, float*)
                     0.00  6.82e-03         5  1.36e-03  1.28e-03  1.60e-03  [CUDA memcpy HtoD]
                     0.00  2.34e-03         1  2.34e-03  2.34e-03  2.34e-03  [CUDA memset]
      API calls:    52.11  442.6144      2000  0.221307  0.052038  3.993216  cudaMemcpy
                    26.59  225.8447         5  45.16894  0.011918  225.7946  cudaMemcpyToSymbol
                    16.16  137.2618     14003  9.80e-03  9.09e-03  0.103760  cudaLaunchKernel
                     2.47  20.93948         7  2.991354  0.016269  20.38851  cudaMallocManaged
                     0.84  7.134334     28003  2.54e-04  2.11e-04  0.106951  cudaGetLastError
                     0.60  5.114310       384  0.013318  2.34e-04  0.534258  cuDeviceGetAttribute
                     0.49  4.192432         4  1.048108  1.034467  1.085137  cuDeviceTotalMem
                     0.33  2.818393         1  2.818393  2.818393  2.818393  cudaMemset
                     0.17  1.485059        10  0.148505  1.31e-03  0.432635  cudaFree
                     0.14  1.217001         1  1.217001  1.217001  1.217001  cudaGetDeviceProperties
                     0.05  0.424408         4  0.106102  0.103596  0.108322  cuDeviceGetName
                     0.03  0.214010         2  0.107005  9.75e-03  0.204256  cudaThreadSynchronize
                     0.00  0.016128         4  4.03e-03  1.15e-03  0.011270  cuDeviceGetPCIBusId
                     0.00  0.012309         2  6.15e-03  5.00e-03  7.30e-03  cudaMemAdvise
                     0.00  0.010383         1  0.010383  0.010383  0.010383  cudaSetDevice
                     0.00  3.24e-03         8  4.04e-04  2.95e-04  5.64e-04  cuDeviceGet
                     0.00  1.56e-03         1  1.56e-03  1.56e-03  1.56e-03  cudaGetDevice
                     0.00  1.34e-03         3  4.47e-04  3.82e-04  5.37e-04  cuDeviceGetCount

==62664== Unified Memory profiling result:
Device "Tesla V100-SXM2-16GB (0)"
   Count  Avg Size  Min Size  Max Size  Total Size  Total Time  Name
      86  139.16KB  64.000KB  768.00KB  11.68750MB    0.423776ms  Host To Device
      32         -         -         -           -    6.711520ms  Gpu page fault groups
      75  145.92KB  64.000KB  512.00KB  10.68750MB           -  Remote mapping from device
       2  1.7813MB  1.5625MB  2.0000MB  3.562500MB           -  Remote mapping to device
Total CPU Page faults: 72
Total remote mappings from CPU: 2
Total remote mappings to CPU: 75
