==74100== NVPROF is profiling process 74100, command: ./cfd_1212 ../../../data/cfd/missile.domn.0.2M
==74100== Profiling application: ./cfd_1212 ../../../data/cfd/missile.domn.0.2M
==74100== Profiling result:
            Type  Time(%)      Time     Calls       Avg       Min       Max  Name
                        %        ms                  ms        ms        ms
 GPU activities:    73.87  503.6564      6000  0.083942  0.079520  1.718774  cuda_compute_flux(int, int*, float*, float*, float*)
                    17.96  122.4697      6000  0.020411  0.019136  0.022560  cuda_time_step(int, int, float*, float*, float*, float*)
                     4.23  28.84950      2000  0.014424  0.013504  0.017632  [CUDA memcpy DtoD]
                     3.56  24.28956      2000  0.012144  0.011040  0.014079  cuda_compute_step_factor(int, float*, float*, float*)
                     0.37  2.536050         3  0.845350  0.768059  0.966715  cuda_initialize_variables(int, float*)
                     0.00  6.82e-03         5  1.36e-03  1.28e-03  1.60e-03  [CUDA memcpy HtoD]
                     0.00  2.50e-03         1  2.50e-03  2.50e-03  2.50e-03  [CUDA memset]
      API calls:    58.02  565.1046      2000  0.282552  0.053002  1.917244  cudaMemcpy
                    23.26  226.4977         5  45.29954  0.012584  226.4463  cudaMemcpyToSymbol
                    14.24  138.6607     14003  9.90e-03  9.14e-03  0.121232  cudaLaunchKernel
                     2.13  20.77682         7  2.968116  0.016232  20.38818  cudaMallocManaged
                     0.72  6.996140     28003  2.49e-04  2.09e-04  1.94e-03  cudaGetLastError
                     0.52  5.106054       384  0.013297  2.36e-04  0.533580  cuDeviceGetAttribute
                     0.43  4.143114         4  1.035778  1.031980  1.037919  cuDeviceTotalMem
                     0.29  2.786644         1  2.786644  2.786644  2.786644  cudaMemset
                     0.19  1.881400        10  0.188140  1.31e-03  0.811705  cudaFree
                     0.13  1.220878         1  1.220878  1.220878  1.220878  cudaGetDeviceProperties
                     0.04  0.424484         4  0.106121  0.102436  0.109005  cuDeviceGetName
                     0.03  0.271701         2  0.135850  0.011402  0.260299  cudaThreadSynchronize
                     0.00  0.019899         3  6.63e-03  4.29e-03  0.011079  cudaMemAdvise
                     0.00  0.013644         1  0.013644  0.013644  0.013644  cudaSetDevice
                     0.00  0.012530         4  3.13e-03  1.15e-03  8.00e-03  cuDeviceGetPCIBusId
                     0.00  3.25e-03         8  4.06e-04  2.97e-04  5.57e-04  cuDeviceGet
                     0.00  1.80e-03         1  1.80e-03  1.80e-03  1.80e-03  cudaGetDevice
                     0.00  1.56e-03         3  5.20e-04  3.98e-04  6.85e-04  cuDeviceGetCount

==74100== Unified Memory profiling result:
Device "Tesla V100-SXM2-16GB (0)"
   Count  Avg Size  Min Size  Max Size  Total Size  Total Time  Name
      18  202.67KB  64.000KB  768.00KB  3.562500MB    0.105152ms  Host To Device
      34         -         -         -           -    4.503424ms  Gpu page fault groups
       7  1.6607MB  704.00KB  2.0000MB  11.62500MB           -  Remote mapping to device
Total CPU Page faults: 64
Total remote mappings from CPU: 7
