==75956== NVPROF is profiling process 75956, command: ./cfd_1232 ../../../data/cfd/fvcorr.domn.097K
==75956== Profiling application: ./cfd_1232 ../../../data/cfd/fvcorr.domn.097K
==75956== Profiling result:
            Type  Time(%)      Time     Calls       Avg       Min       Max  Name
                        %        ms                  ms        ms        ms
 GPU activities:    83.90  312.5551      6000  0.052092  0.049536  0.815708  cuda_compute_flux(int, int*, float*, float*, float*)
                    10.96  40.82760      6000  6.80e-03  6.21e-03  7.94e-03  cuda_time_step(int, int, float*, float*, float*, float*)
                     2.60  9.670503      2000  4.84e-03  4.73e-03  0.010976  [CUDA memcpy DtoD]
                     2.31  8.612630      2000  4.31e-03  4.10e-03  0.204863  cuda_compute_step_factor(int, float*, float*, float*)
                     0.23  0.853435         3  0.284478  0.221567  0.375774  cuda_initialize_variables(int, float*)
                     0.00  6.78e-03         5  1.36e-03  1.28e-03  1.60e-03  [CUDA memcpy HtoD]
                     0.00  2.34e-03         1  2.34e-03  2.34e-03  2.34e-03  [CUDA memset]
      API calls:    39.98  271.2913      2000  0.135645  0.045668  1.145359  cudaMemcpy
                    33.60  227.9945         5  45.59891  0.012476  227.9435  cudaMemcpyToSymbol
                    20.34  138.0078     14003  9.86e-03  9.16e-03  0.114215  cudaLaunchKernel
                     3.07  20.80393         7  2.971989  9.34e-03  20.35447  cudaMallocManaged
                     1.07  7.258244     28003  2.59e-04  2.15e-04  0.105531  cudaGetLastError
                     0.75  5.118848       384  0.013330  2.34e-04  0.533879  cuDeviceGetAttribute
                     0.61  4.144018         4  1.036004  1.035597  1.036721  cuDeviceTotalMem
                     0.18  1.223260        10  0.122326  1.31e-03  0.400837  cudaFree
                     0.18  1.220634         1  1.220634  1.220634  1.220634  cudaGetDeviceProperties
                     0.13  0.878087         1  0.878087  0.878087  0.878087  cudaMemset
                     0.06  0.421183         4  0.105295  0.102473  0.107365  cuDeviceGetName
                     0.02  0.141967         2  0.070983  0.012925  0.129042  cudaThreadSynchronize
                     0.00  0.025171         3  8.39e-03  4.68e-03  0.012309  cudaMemAdvise
                     0.00  0.014417         4  3.60e-03  1.26e-03  9.00e-03  cuDeviceGetPCIBusId
                     0.00  0.011408         1  0.011408  0.011408  0.011408  cudaSetDevice
                     0.00  3.07e-03         8  3.83e-04  3.01e-04  5.59e-04  cuDeviceGet
                     0.00  1.51e-03         3  5.02e-04  4.20e-04  6.50e-04  cuDeviceGetCount
                     0.00  1.50e-03         1  1.50e-03  1.50e-03  1.50e-03  cudaGetDevice

==75956== Unified Memory profiling result:
Device "Tesla V100-SXM2-16GB (0)"
   Count  Avg Size  Min Size  Max Size  Total Size  Total Time  Name
       9  170.67KB  64.000KB  448.00KB  1.500000MB    0.053888ms  Host To Device
      17         -         -         -           -    2.122528ms  Gpu page fault groups
      13  118.15KB  64.000KB  320.00KB  1.500000MB           -  Remote mapping from device
       5  998.40KB  64.000KB  2.0000MB  4.875000MB           -  Remote mapping to device
Total CPU Page faults: 15
Total remote mappings from CPU: 5
Total remote mappings to CPU: 13
