==40207== NVPROF is profiling process 40207, command: ./cfd_0244 ../../../data/cfd/fvcorr.domn.097K
==40207== Profiling application: ./cfd_0244 ../../../data/cfd/fvcorr.domn.097K
==40207== Profiling result:
            Type  Time(%)      Time     Calls       Avg       Min       Max  Name
                        %        ms                  ms        ms        ms
 GPU activities:    90.93  629.3724      6000  0.104895  0.102271  1.744342  cuda_compute_flux(int, int*, float*, float*, float*)
                     4.87  33.73752      6000  5.62e-03  5.06e-03  7.07e-03  cuda_time_step(int, int, float*, float*, float*, float*)
                     2.57  17.76185      2000  8.88e-03  8.54e-03  0.267487  cuda_compute_step_factor(int, float*, float*, float*)
                     1.46  10.11725      2000  5.06e-03  4.64e-03  0.011104  [CUDA memcpy DtoD]
                     0.16  1.129530         3  0.376510  0.261119  0.526173  cuda_initialize_variables(int, float*)
                     0.00  6.85e-03         5  1.37e-03  1.28e-03  1.63e-03  [CUDA memcpy HtoD]
                     0.00  2.34e-03         1  2.34e-03  2.34e-03  2.34e-03  [CUDA memset]
      API calls:    58.55  580.7269      2000  0.290363  0.043251  2.187710  cudaMemcpy
                    23.19  229.9850         5  45.99701  0.012445  229.9330  cudaMemcpyToSymbol
                    14.07  139.5291     14003  9.96e-03  9.12e-03  0.112883  cudaLaunchKernel
                     2.10  20.84005         7  2.977150  9.64e-03  20.40088  cudaMallocManaged
                     0.71  7.035042     28003  2.51e-04  2.11e-04  1.88e-03  cudaGetLastError
                     0.52  5.171397       384  0.013467  2.33e-04  0.582753  cuDeviceGetAttribute
                     0.42  4.154882         4  1.038720  1.036167  1.042695  cuDeviceTotalMem
                     0.13  1.270739        10  0.127073  1.24e-03  0.440028  cudaFree
                     0.13  1.240278         1  1.240278  1.240278  1.240278  cudaGetDeviceProperties
                     0.12  1.145199         1  1.145199  1.145199  1.145199  cudaMemset
                     0.04  0.424298         4  0.106074  0.103111  0.108873  cuDeviceGetName
                     0.03  0.295197         2  0.147598  9.46e-03  0.285740  cudaThreadSynchronize
                     0.00  0.024255         3  8.09e-03  4.31e-03  0.011871  cudaMemAdvise
                     0.00  0.016048         4  4.01e-03  1.29e-03  0.010865  cuDeviceGetPCIBusId
                     0.00  0.010900         1  0.010900  0.010900  0.010900  cudaSetDevice
                     0.00  3.46e-03         8  4.32e-04  3.10e-04  9.14e-04  cuDeviceGet
                     0.00  1.79e-03         1  1.79e-03  1.79e-03  1.79e-03  cudaGetDevice
                     0.00  1.41e-03         3  4.71e-04  3.96e-04  6.15e-04  cuDeviceGetCount

==40207== Unified Memory profiling result:
Device "Tesla V100-SXM2-16GB (0)"
   Count  Avg Size  Min Size  Max Size  Total Size  Total Time  Name
      29         -         -         -           -    3.349088ms  Gpu page fault groups
      52  119.38KB  64.000KB  384.00KB  6.062500MB           -  Remote mapping from device
       1  320.00KB  320.00KB  320.00KB  320.0000KB           -  Remote mapping to device
Total CPU Page faults: 6
Total remote mappings from CPU: 1
Total remote mappings to CPU: 52
