==82916== NVPROF is profiling process 82916, command: ./cfd_1340 ../../../data/cfd/missile.domn.0.2M
==82916== Profiling application: ./cfd_1340 ../../../data/cfd/missile.domn.0.2M
==82916== Profiling result:
            Type  Time(%)      Time     Calls       Avg       Min       Max  Name
                        %        ms                  ms        ms        ms
 GPU activities:    71.62  461.1449      6000  0.076857  0.069791  3.948297  cuda_compute_flux(int, int*, float*, float*, float*)
                    19.83  127.6632      6000  0.021277  0.019648  0.023008  cuda_time_step(int, int, float*, float*, float*, float*)
                     4.49  28.88908      2000  0.014444  0.013536  0.017408  [CUDA memcpy DtoD]
                     3.68  23.68309      2000  0.011841  0.010399  0.023904  cuda_compute_step_factor(int, float*, float*, float*)
                     0.38  2.449619         3  0.816539  0.716316  0.912955  cuda_initialize_variables(int, float*)
                     0.00  6.85e-03         5  1.37e-03  1.31e-03  1.60e-03  [CUDA memcpy HtoD]
                     0.00  2.34e-03         1  2.34e-03  2.34e-03  2.34e-03  [CUDA memset]
      API calls:    56.62  527.6583      2000  0.263829  0.051920  4.137728  cudaMemcpy
                    24.06  224.2421         5  44.84842  0.012130  224.1915  cudaMemcpyToSymbol
                    14.70  137.0217     14003  9.79e-03  9.03e-03  0.115780  cudaLaunchKernel
                     2.23  20.78090         7  2.968700  0.016275  20.39494  cudaMallocManaged
                     0.73  6.816970     28003  2.43e-04  2.09e-04  8.88e-03  cudaGetLastError
                     0.55  5.100928       384  0.013283  2.38e-04  0.532497  cuDeviceGetAttribute
                     0.44  4.140582         4  1.035145  1.030254  1.040952  cuDeviceTotalMem
                     0.28  2.637239         1  2.637239  2.637239  2.637239  cudaMemset
                     0.16  1.506840        10  0.150684  1.29e-03  0.420571  cudaFree
                     0.13  1.225979         1  1.225979  1.225979  1.225979  cudaGetDeviceProperties
                     0.05  0.422626         4  0.105656  0.102873  0.107718  cuDeviceGetName
                     0.03  0.259154         2  0.129577  9.92e-03  0.249237  cudaThreadSynchronize
                     0.00  0.015969         2  7.98e-03  5.98e-03  9.99e-03  cudaMemAdvise
                     0.00  0.013526         4  3.38e-03  1.16e-03  8.59e-03  cuDeviceGetPCIBusId
                     0.00  0.011767         1  0.011767  0.011767  0.011767  cudaSetDevice
                     0.00  3.14e-03         8  3.93e-04  3.03e-04  4.90e-04  cuDeviceGet
                     0.00  1.54e-03         1  1.54e-03  1.54e-03  1.54e-03  cudaGetDevice
                     0.00  1.47e-03         3  4.88e-04  3.85e-04  6.53e-04  cuDeviceGetCount

==82916== Unified Memory profiling result:
Device "Tesla V100-SXM2-16GB (0)"
   Count  Avg Size  Min Size  Max Size  Total Size  Total Time  Name
      60  198.40KB  64.000KB  768.00KB  11.62500MB    0.324992ms  Host To Device
      44         -         -         -           -    6.613376ms  Gpu page fault groups
      29  158.90KB  64.000KB  448.00KB  4.500000MB           -  Remote mapping from device
Total CPU Page faults: 72
Total remote mappings to CPU: 29
