==45836== NVPROF is profiling process 45836, command: ./cfd_0341 ../../../data/cfd/fvcorr.domn.193K
==45836== Profiling application: ./cfd_0341 ../../../data/cfd/fvcorr.domn.193K
==45836== Profiling result:
            Type  Time(%)      Time     Calls       Avg       Min       Max  Name
                        %        ms                  ms        ms        ms
 GPU activities:    73.30  386.3630      6000  0.064393  0.060800  3.539755  cuda_compute_flux(int, int*, float*, float*, float*)
                    19.32  101.8044      6000  0.016967  0.016064  0.018688  cuda_time_step(int, int, float*, float*, float*, float*)
                     3.66  19.29557      2000  9.65e-03  9.06e-03  0.013120  [CUDA memcpy DtoD]
                     3.29  17.31939      2000  8.66e-03  8.16e-03  0.021248  cuda_compute_step_factor(int, float*, float*, float*)
                     0.43  2.276019         3  0.758673  0.734204  0.791003  cuda_initialize_variables(int, float*)
                     0.00  6.78e-03         5  1.36e-03  1.28e-03  1.60e-03  [CUDA memcpy HtoD]
                     0.00  2.02e-03         1  2.02e-03  2.02e-03  2.02e-03  [CUDA memset]
      API calls:    50.26  413.5772      2000  0.206788  0.046411  3.693314  cudaMemcpy
                    27.41  225.5033         5  45.10066  0.011879  225.4531  cudaMemcpyToSymbol
                    17.12  140.8808     14003  0.010060  9.25e-03  0.100404  cudaLaunchKernel
                     2.52  20.76051         7  2.965787  0.010920  20.38123  cudaMallocManaged
                     0.85  6.969179     28003  2.48e-04  2.12e-04  1.90e-03  cudaGetLastError
                     0.62  5.120142       384  0.013333  2.35e-04  0.541385  cuDeviceGetAttribute
                     0.50  4.147859         4  1.036964  1.034248  1.038985  cuDeviceTotalMem
                     0.30  2.482051         1  2.482051  2.482051  2.482051  cudaMemset
                     0.18  1.459675        10  0.145967  1.29e-03  0.385474  cudaFree
                     0.15  1.216937         1  1.216937  1.216937  1.216937  cudaGetDeviceProperties
                     0.05  0.424014         4  0.106003  0.103467  0.108087  cuDeviceGetName
                     0.03  0.208367         2  0.104183  0.011880  0.196487  cudaThreadSynchronize
                     0.00  0.020865         3  6.96e-03  4.54e-03  0.010293  cudaMemAdvise
                     0.00  0.014215         4  3.55e-03  1.24e-03  8.76e-03  cuDeviceGetPCIBusId
                     0.00  0.011707         1  0.011707  0.011707  0.011707  cudaSetDevice
                     0.00  3.27e-03         8  4.08e-04  3.12e-04  5.80e-04  cuDeviceGet
                     0.00  1.80e-03         1  1.80e-03  1.80e-03  1.80e-03  cudaGetDevice
                     0.00  1.49e-03         3  4.95e-04  3.79e-04  6.39e-04  cuDeviceGetCount

==45836== Unified Memory profiling result:
Device "Tesla V100-SXM2-16GB (0)"
   Count  Avg Size  Min Size  Max Size  Total Size  Total Time  Name
      62  158.97KB  64.000KB  896.00KB  9.625000MB    0.308608ms  Host To Device
      38         -         -         -           -    6.073952ms  Gpu page fault groups
      32  120.00KB  64.000KB  256.00KB  3.750000MB           -  Remote mapping from device
Total CPU Page faults: 149
Total remote mappings to CPU: 32
