==29812== NVPROF is profiling process 29812, command: ./cfd_0103 ../../../data/cfd/fvcorr.domn.193K
==29812== Profiling application: ./cfd_0103 ../../../data/cfd/fvcorr.domn.193K
==29812== Profiling result:
            Type  Time(%)      Time     Calls       Avg       Min       Max  Name
                        %        ms                  ms        ms        ms
 GPU activities:    67.40  296.9301      6000  0.049488  0.047007  2.402579  cuda_compute_flux(int, int*, float*, float*, float*)
                    23.70  104.4239      6000  0.017403  0.016224  0.021631  cuda_time_step(int, int, float*, float*, float*, float*)
                     4.35  19.16029      2000  9.58e-03  8.83e-03  0.012736  [CUDA memcpy DtoD]
                     4.04  17.78317      2000  8.89e-03  8.16e-03  0.502621  cuda_compute_step_factor(int, float*, float*, float*)
                     0.51  2.225939         3  0.741979  0.689500  0.794715  cuda_initialize_variables(int, float*)
                     0.00  6.78e-03         5  1.36e-03  1.28e-03  1.60e-03  [CUDA memcpy HtoD]
                     0.00  1.86e-03         1  1.86e-03  1.86e-03  1.86e-03  [CUDA memset]
      API calls:    44.58  329.4227      2000  0.164711  0.045627  4.126119  cudaMemcpy
                    30.91  228.4120         5  45.68240  0.012705  228.3599  cudaMemcpyToSymbol
                    18.71  138.2749     14003  9.87e-03  9.08e-03  0.088295  cudaLaunchKernel
                     2.81  20.77376         7  2.967680  0.011312  20.39342  cudaMallocManaged
                     0.96  7.116364     28003  2.54e-04  2.09e-04  0.093348  cudaGetLastError
                     0.69  5.125700       384  0.013348  2.32e-04  0.539543  cuDeviceGetAttribute
                     0.56  4.154574         4  1.038643  1.033952  1.042505  cuDeviceTotalMem
                     0.33  2.468313         1  2.468313  2.468313  2.468313  cudaMemset
                     0.18  1.335682        10  0.133568  1.24e-03  0.338829  cudaFree
                     0.16  1.216821         1  1.216821  1.216821  1.216821  cudaGetDeviceProperties
                     0.06  0.420583         4  0.105145  0.102420  0.107026  cuDeviceGetName
                     0.02  0.163196         2  0.081598  9.66e-03  0.153540  cudaThreadSynchronize
                     0.00  0.015325         2  7.66e-03  5.76e-03  9.57e-03  cudaMemAdvise
                     0.00  0.012256         4  3.06e-03  1.13e-03  7.95e-03  cuDeviceGetPCIBusId
                     0.00  9.68e-03         1  9.68e-03  9.68e-03  9.68e-03  cudaSetDevice
                     0.00  3.07e-03         8  3.83e-04  3.13e-04  5.37e-04  cuDeviceGet
                     0.00  1.83e-03         1  1.83e-03  1.83e-03  1.83e-03  cudaGetDevice
                     0.00  1.31e-03         3  4.37e-04  3.52e-04  5.78e-04  cuDeviceGetCount

==29812== Unified Memory profiling result:
Device "Tesla V100-SXM2-16GB (0)"
   Count  Avg Size  Min Size  Max Size  Total Size  Total Time  Name
      86  150.33KB  64.000KB  896.00KB  12.62500MB    0.433824ms  Host To Device
      34         -         -         -           -    6.411264ms  Gpu page fault groups
      67  135.64KB  64.000KB  448.00KB  8.875000MB           -  Remote mapping from device
Total CPU Page faults: 91
Total remote mappings to CPU: 67
