==51114== NVPROF is profiling process 51114, command: ./cfd_0432 ../../../data/cfd/fvcorr.domn.193K
==51114== Profiling application: ./cfd_0432 ../../../data/cfd/fvcorr.domn.193K
==51114== Profiling result:
            Type  Time(%)      Time     Calls       Avg       Min       Max  Name
                        %        ms                  ms        ms        ms
 GPU activities:    70.88  436.3204      6000  0.072720  0.069855  1.067194  cuda_compute_flux(int, int*, float*, float*, float*)
                    19.92  122.5908      6000  0.020431  0.018432  0.022944  cuda_time_step(int, int, float*, float*, float*, float*)
                     5.71  35.12782      2000  0.017563  0.016928  0.455069  cuda_compute_step_factor(int, float*, float*, float*)
                     3.13  19.24583      2000  9.62e-03  9.02e-03  0.013344  [CUDA memcpy DtoD]
                     0.37  2.268339         3  0.756113  0.701052  0.807099  cuda_initialize_variables(int, float*)
                     0.00  6.78e-03         5  1.36e-03  1.28e-03  1.60e-03  [CUDA memcpy HtoD]
                     0.00  1.86e-03         1  1.86e-03  1.86e-03  1.86e-03  [CUDA memset]
      API calls:    50.97  484.4171      2000  0.242208  0.031667  1.675684  cudaMemcpy
                    23.76  225.7787         5  45.15574  0.012515  225.7274  cudaMemcpyToSymbol
                    20.71  196.8260     14003  0.014055  9.24e-03  0.129247  cudaLaunchKernel
                     2.20  20.90367         7  2.986238  0.010816  20.38478  cudaMallocManaged
                     0.75  7.134305     28003  2.54e-04  2.09e-04  0.086961  cudaGetLastError
                     0.54  5.122934       384  0.013340  2.32e-04  0.540330  cuDeviceGetAttribute
                     0.44  4.143109         4  1.035777  1.033011  1.038568  cuDeviceTotalMem
                     0.25  2.367975         1  2.367975  2.367975  2.367975  cudaMemset
                     0.18  1.729850        10  0.172985  1.43e-03  0.700202  cudaFree
                     0.13  1.219926         1  1.219926  1.219926  1.219926  cudaGetDeviceProperties
                     0.04  0.424285         4  0.106071  0.103065  0.108218  cuDeviceGetName
                     0.03  0.254701         2  0.127350  0.010169  0.244532  cudaThreadSynchronize
                     0.00  0.020897         3  6.97e-03  4.60e-03  0.010964  cudaMemAdvise
                     0.00  0.012015         1  0.012015  0.012015  0.012015  cudaSetDevice
                     0.00  0.011958         4  2.99e-03  1.19e-03  6.74e-03  cuDeviceGetPCIBusId
                     0.00  3.18e-03         8  3.97e-04  3.04e-04  5.53e-04  cuDeviceGet
                     0.00  1.92e-03         1  1.92e-03  1.92e-03  1.92e-03  cudaGetDevice
                     0.00  1.43e-03         3  4.75e-04  3.79e-04  6.16e-04  cuDeviceGetCount

==51114== Unified Memory profiling result:
Device "Tesla V100-SXM2-16GB (0)"
   Count  Avg Size  Min Size  Max Size  Total Size  Total Time  Name
      22  139.64KB  64.000KB  896.00KB  3.000000MB    0.128480ms  Host To Device
      29         -         -         -           -    4.172224ms  Gpu page fault groups
      28  137.14KB  64.000KB  448.00KB  3.750000MB           -  Remote mapping from device
       5  1.7750MB  896.00KB  2.0000MB  8.875000MB           -  Remote mapping to device
Total CPU Page faults: 27
Total remote mappings from CPU: 5
Total remote mappings to CPU: 28
