==63067== NVPROF is profiling process 63067, command: ./cfd_1030 ../../../data/cfd/fvcorr.domn.097K
==63067== Profiling application: ./cfd_1030 ../../../data/cfd/fvcorr.domn.097K
==63067== Profiling result:
            Type  Time(%)      Time     Calls       Avg       Min       Max  Name
                        %        ms                  ms        ms        ms
 GPU activities:    74.55  173.6026      6000  0.028933  0.026784  1.511288  cuda_compute_flux(int, int*, float*, float*, float*)
                    17.75  41.34225      6000  6.89e-03  6.18e-03  9.47e-03  cuda_time_step(int, int, float*, float*, float*, float*)
                     4.08  9.505925      2000  4.75e-03  4.51e-03  0.011136  [CUDA memcpy DtoD]
                     3.15  7.324991      2000  3.66e-03  3.39e-03  0.282334  cuda_compute_step_factor(int, float*, float*, float*)
                     0.47  1.093338         3  0.364446  0.242367  0.527997  cuda_initialize_variables(int, float*)
                     0.00  6.85e-03         5  1.37e-03  1.31e-03  1.60e-03  [CUDA memcpy HtoD]
                     0.00  2.34e-03         1  2.34e-03  2.34e-03  2.34e-03  [CUDA memset]
      API calls:    42.23  226.7720         5  45.35441  0.012060  226.7208  cudaMemcpyToSymbol
                    25.82  138.6653     14003  9.90e-03  9.14e-03  0.109281  cudaLaunchKernel
                    24.37  130.8532      2000  0.065426  0.031047  1.849225  cudaMemcpy
                     3.86  20.75091         7  2.964415  9.90e-03  20.31238  cudaMallocManaged
                     1.28  6.872740     28003  2.45e-04  2.09e-04  0.095514  cudaGetLastError
                     0.95  5.107433       384  0.013300  2.32e-04  0.533022  cuDeviceGetAttribute
                     0.77  4.135687         4  1.033921  1.029197  1.037629  cuDeviceTotalMem
                     0.23  1.226475         1  1.226475  1.226475  1.226475  cudaGetDeviceProperties
                     0.20  1.100781         1  1.100781  1.100781  1.100781  cudaMemset
                     0.19  1.012325        10  0.101232  1.25e-03  0.262668  cudaFree
                     0.08  0.424062         4  0.106015  0.102576  0.107572  cuDeviceGetName
                     0.01  0.069617         2  0.034808  0.010424  0.059193  cudaThreadSynchronize
                     0.00  0.015016         4  3.75e-03  1.12e-03  0.010033  cuDeviceGetPCIBusId
                     0.00  0.011049         1  0.011049  0.011049  0.011049  cudaMemAdvise
                     0.00  0.010328         1  0.010328  0.010328  0.010328  cudaSetDevice
                     0.00  3.34e-03         8  4.17e-04  3.22e-04  5.96e-04  cuDeviceGet
                     0.00  1.64e-03         1  1.64e-03  1.64e-03  1.64e-03  cudaGetDevice
                     0.00  1.48e-03         3  4.92e-04  4.16e-04  6.41e-04  cuDeviceGetCount

==63067== Unified Memory profiling result:
Device "Tesla V100-SXM2-16GB (0)"
   Count  Avg Size  Min Size  Max Size  Total Size  Total Time  Name
      39  167.38KB  64.000KB  832.00KB  6.375000MB    0.206496ms  Host To Device
      24         -         -         -           -    3.374848ms  Gpu page fault groups
      13  123.08KB  64.000KB  320.00KB  1.562500MB           -  Remote mapping from device
Total CPU Page faults: 47
Total remote mappings to CPU: 13
