==44092== NVPROF is profiling process 44092, command: ./cfd_0322 ../../../data/cfd/missile.domn.0.2M
==44092== Profiling application: ./cfd_0322 ../../../data/cfd/missile.domn.0.2M
==44092== Profiling result:
            Type  Time(%)      Time     Calls       Avg       Min       Max  Name
                        %        ms                  ms        ms        ms
 GPU activities:    75.93  560.5483      6000  0.093424  0.087039  1.134202  cuda_compute_flux(int, int*, float*, float*, float*)
                    16.62  122.6541      6000  0.020442  0.019232  0.022688  cuda_time_step(int, int, float*, float*, float*, float*)
                     3.88  28.62309      2000  0.014311  0.013568  0.016703  [CUDA memcpy DtoD]
                     3.20  23.61237      2000  0.011806  0.010464  0.023808  cuda_compute_step_factor(int, float*, float*, float*)
                     0.37  2.751408         3  0.917136  0.875931  0.976538  cuda_initialize_variables(int, float*)
                     0.00  6.75e-03         5  1.35e-03  1.28e-03  1.60e-03  [CUDA memcpy HtoD]
                     0.00  2.34e-03         1  2.34e-03  2.34e-03  2.34e-03  [CUDA memset]
      API calls:    60.24  620.6355      2000  0.310317  0.051018  1.349049  cudaMemcpy
                    21.99  226.5353         5  45.30706  0.012394  226.4835  cudaMemcpyToSymbol
                    13.50  139.0623     14003  9.93e-03  9.12e-03  0.108192  cudaLaunchKernel
                     2.01  20.74097         7  2.962995  0.016433  20.35095  cudaMallocManaged
                     0.69  7.116904     28003  2.54e-04  2.10e-04  0.081356  cudaGetLastError
                     0.50  5.116171       384  0.013323  2.34e-04  0.532824  cuDeviceGetAttribute
                     0.40  4.157369         4  1.039342  1.031533  1.054279  cuDeviceTotalMem
                     0.29  2.983478         1  2.983478  2.983478  2.983478  cudaMemset
                     0.19  1.954527        10  0.195452  1.28e-03  0.814758  cudaFree
                     0.12  1.220569         1  1.220569  1.220569  1.220569  cudaGetDeviceProperties
                     0.04  0.421955         4  0.105488  0.102772  0.107545  cuDeviceGetName
                     0.03  0.305892         2  0.152946  0.010264  0.295628  cudaThreadSynchronize
                     0.00  0.020512         3  6.84e-03  4.38e-03  9.94e-03  cudaMemAdvise
                     0.00  0.015400         4  3.85e-03  1.18e-03  0.010693  cuDeviceGetPCIBusId
                     0.00  0.010029         1  0.010029  0.010029  0.010029  cudaSetDevice
                     0.00  3.09e-03         8  3.86e-04  2.99e-04  5.22e-04  cuDeviceGet
                     0.00  1.79e-03         1  1.79e-03  1.79e-03  1.79e-03  cudaGetDevice
                     0.00  1.46e-03         3  4.88e-04  4.09e-04  6.19e-04  cuDeviceGetCount

==44092== Unified Memory profiling result:
Device "Tesla V100-SXM2-16GB (0)"
   Count  Avg Size  Min Size  Max Size  Total Size  Total Time  Name
       9  106.67KB  64.000KB  320.00KB  960.0000KB    0.035712ms  Host To Device
      31         -         -         -           -    4.076256ms  Gpu page fault groups
       5  192.00KB  64.000KB  448.00KB  960.0000KB           -  Remote mapping from device
       8  1.7813MB  704.00KB  2.0000MB  14.25000MB           -  Remote mapping to device
Total CPU Page faults: 13
Total remote mappings from CPU: 8
Total remote mappings to CPU: 5
