==35460== NVPROF is profiling process 35460, command: ./cfd_0200 ../../../data/cfd/fvcorr.domn.097K
==35460== Profiling application: ./cfd_0200 ../../../data/cfd/fvcorr.domn.097K
==35460== Profiling result:
            Type  Time(%)      Time     Calls       Avg       Min       Max  Name
                        %        ms                  ms        ms        ms
 GPU activities:    73.99  173.8065      6000  0.028967  0.026848  2.225108  cuda_compute_flux(int, int*, float*, float*, float*)
                    17.66  41.47278      6000  6.91e-03  6.24e-03  8.22e-03  cuda_time_step(int, int, float*, float*, float*, float*)
                     4.09  9.605511      2000  4.80e-03  4.67e-03  0.011648  [CUDA memcpy DtoD]
                     3.76  8.823405      2000  4.41e-03  4.19e-03  0.205183  cuda_compute_step_factor(int, float*, float*, float*)
                     0.50  1.185114         3  0.395038  0.268927  0.567709  cuda_initialize_variables(int, float*)
                     0.00  6.85e-03         5  1.37e-03  1.28e-03  1.63e-03  [CUDA memcpy HtoD]
                     0.00  2.34e-03         1  2.34e-03  2.34e-03  2.34e-03  [CUDA memset]
      API calls:    42.17  226.6832         5  45.33664  0.012355  226.6322  cudaMemcpyToSymbol
                    25.71  138.2095     14003  9.87e-03  9.12e-03  0.106051  cudaLaunchKernel
                    24.47  131.5663      2000  0.065783  0.030772  2.422143  cudaMemcpy
                     3.90  20.99127         7  2.998752  9.39e-03  20.42031  cudaMallocManaged
                     1.29  6.912515     28003  2.46e-04  2.09e-04  0.074210  cudaGetLastError
                     0.95  5.098629       384  0.013277  2.34e-04  0.533506  cuDeviceGetAttribute
                     0.78  4.177978         4  1.044494  1.031262  1.072868  cuDeviceTotalMem
                     0.23  1.215206         1  1.215206  1.215206  1.215206  cudaGetDeviceProperties
                     0.21  1.103089         1  1.103089  1.103089  1.103089  cudaMemset
                     0.20  1.069834        10  0.106983  1.19e-03  0.312467  cudaFree
                     0.08  0.422966         4  0.105741  0.102938  0.107526  cuDeviceGetName
                     0.01  0.068230         2  0.034115  9.68e-03  0.058551  cudaThreadSynchronize
                     0.00  0.015457         4  3.86e-03  1.18e-03  0.010242  cuDeviceGetPCIBusId
                     0.00  0.013446         1  0.013446  0.013446  0.013446  cudaSetDevice
                     0.00  0.011445         1  0.011445  0.011445  0.011445  cudaMemAdvise
                     0.00  3.20e-03         8  3.99e-04  3.01e-04  5.82e-04  cuDeviceGet
                     0.00  1.69e-03         1  1.69e-03  1.69e-03  1.69e-03  cudaGetDevice
                     0.00  1.50e-03         3  4.99e-04  4.06e-04  6.29e-04  cuDeviceGetCount

==35460== Unified Memory profiling result:
Device "Tesla V100-SXM2-16GB (0)"
   Count  Avg Size  Min Size  Max Size  Total Size  Total Time  Name
      45  139.38KB  64.000KB  704.00KB  6.125000MB    0.219520ms  Host To Device
      25         -         -         -           -    3.825760ms  Gpu page fault groups
       1  384.00KB  384.00KB  384.00KB  384.0000KB           -  Remote mapping to device
Total CPU Page faults: 45
Total remote mappings from CPU: 1
