==24535== NVPROF is profiling process 24535, command: ./cfd_0012 ../../../data/cfd/fvcorr.domn.097K
==24535== Profiling application: ./cfd_0012 ../../../data/cfd/fvcorr.domn.097K
==24535== Profiling result:
            Type  Time(%)      Time     Calls       Avg       Min       Max  Name
                        %        ms                  ms        ms        ms
 GPU activities:    83.57  299.6742      6000  0.049945  0.047231  0.777244  cuda_compute_flux(int, int*, float*, float*, float*)
                    11.28  40.45610      6000  6.74e-03  6.11e-03  8.19e-03  cuda_time_step(int, int, float*, float*, float*, float*)
                     2.69  9.659456      2000  4.83e-03  4.67e-03  0.011808  [CUDA memcpy DtoD]
                     2.14  7.686932      2000  3.84e-03  3.42e-03  0.560764  cuda_compute_step_factor(int, float*, float*, float*)
                     0.30  1.092953         3  0.364317  0.346590  0.390686  cuda_initialize_variables(int, float*)
                     0.00  6.85e-03         5  1.37e-03  1.31e-03  1.60e-03  [CUDA memcpy HtoD]
                     0.00  2.37e-03         1  2.37e-03  2.37e-03  2.37e-03  [CUDA memset]
      API calls:    38.68  257.8685      2000  0.128934  0.042372  1.403566  cudaMemcpy
                    34.27  228.4596         5  45.69191  0.012322  228.4088  cudaMemcpyToSymbol
                    20.79  138.6151     14003  9.90e-03  9.13e-03  0.224900  cudaLaunchKernel
                     3.13  20.88577         7  2.983680  9.45e-03  20.40484  cudaMallocManaged
                     1.10  7.339176     28003  2.62e-04  2.13e-04  0.144195  cudaGetLastError
                     0.77  5.104081       384  0.013291  2.34e-04  0.534258  cuDeviceGetAttribute
                     0.63  4.170688         4  1.042672  1.032420  1.060033  cuDeviceTotalMem
                     0.19  1.239514        10  0.123951  1.22e-03  0.425362  cudaFree
                     0.18  1.218950         1  1.218950  1.218950  1.218950  cudaGetDeviceProperties
                     0.16  1.084624         1  1.084624  1.084624  1.084624  cudaMemset
                     0.06  0.423854         4  0.105963  0.102457  0.109930  cuDeviceGetName
                     0.02  0.134509         2  0.067254  0.011937  0.122572  cudaThreadSynchronize
                     0.00  0.017375         2  8.69e-03  7.03e-03  0.010342  cudaMemAdvise
                     0.00  0.014152         1  0.014152  0.014152  0.014152  cudaSetDevice
                     0.00  0.012650         4  3.16e-03  1.18e-03  7.69e-03  cuDeviceGetPCIBusId
                     0.00  3.11e-03         8  3.88e-04  2.94e-04  5.24e-04  cuDeviceGet
                     0.00  1.69e-03         1  1.69e-03  1.69e-03  1.69e-03  cudaGetDevice
                     0.00  1.45e-03         3  4.83e-04  4.10e-04  6.08e-04  cuDeviceGetCount

==24535== Unified Memory profiling result:
Device "Tesla V100-SXM2-16GB (0)"
   Count  Avg Size  Min Size  Max Size  Total Size  Total Time  Name
      11  174.55KB  64.000KB  320.00KB  1.875000MB    0.058080ms  Host To Device
      21         -         -         -           -    2.629728ms  Gpu page fault groups
       3  1.5000MB  512.00KB  2.0000MB  4.500000MB           -  Remote mapping to device
Total CPU Page faults: 31
Total remote mappings from CPU: 3
