==39377== NVPROF is profiling process 39377, command: ./cfd_0235 ../../../data/cfd/fvcorr.domn.097K
==39377== Profiling application: ./cfd_0235 ../../../data/cfd/fvcorr.domn.097K
==39377== Profiling result:
            Type  Time(%)      Time     Calls       Avg       Min       Max  Name
                        %        ms                  ms        ms        ms
 GPU activities:    72.08  174.2699      6000  0.029044  0.026912  1.692727  cuda_compute_flux(int, int*, float*, float*, float*)
                    18.19  43.96705      6000  7.33e-03  6.34e-03  9.09e-03  cuda_time_step(int, int, float*, float*, float*, float*)
                     5.42  13.10776      2000  6.55e-03  6.40e-03  0.186431  cuda_compute_step_factor(int, float*, float*, float*)
                     3.94  9.528682      2000  4.76e-03  4.64e-03  0.010496  [CUDA memcpy DtoD]
                     0.37  0.883259         3  0.294419  0.253374  0.364958  cuda_initialize_variables(int, float*)
                     0.00  6.78e-03         5  1.36e-03  1.28e-03  1.60e-03  [CUDA memcpy HtoD]
                     0.00  2.37e-03         1  2.37e-03  2.37e-03  2.37e-03  [CUDA memset]
      API calls:    41.72  224.9771         5  44.99542  0.012189  224.9263  cudaMemcpyToSymbol
                    25.39  136.9106      2000  0.068455  0.028969  1.932496  cudaMemcpy
                    25.27  136.2824     14003  9.73e-03  8.93e-03  0.094612  cudaLaunchKernel
                     3.86  20.80450         7  2.972071  9.56e-03  20.38352  cudaMallocManaged
                     1.34  7.221590     28003  2.57e-04  2.12e-04  0.095289  cudaGetLastError
                     0.95  5.137598       384  0.013379  2.32e-04  0.538674  cuDeviceGetAttribute
                     0.78  4.181243         4  1.045310  1.033741  1.070731  cuDeviceTotalMem
                     0.23  1.215204         1  1.215204  1.215204  1.215204  cudaGetDeviceProperties
                     0.19  1.042820        10  0.104282  1.37e-03  0.326359  cudaFree
                     0.17  0.915887         1  0.915887  0.915887  0.915887  cudaMemset
                     0.08  0.429155         4  0.107288  0.103496  0.112180  cuDeviceGetName
                     0.01  0.072407         2  0.036203  9.99e-03  0.062413  cudaThreadSynchronize
                     0.00  0.024503         3  8.17e-03  5.04e-03  0.011201  cudaMemAdvise
                     0.00  0.015005         4  3.75e-03  1.20e-03  9.97e-03  cuDeviceGetPCIBusId
                     0.00  0.012038         1  0.012038  0.012038  0.012038  cudaSetDevice
                     0.00  3.11e-03         8  3.88e-04  3.08e-04  5.23e-04  cuDeviceGet
                     0.00  1.94e-03         1  1.94e-03  1.94e-03  1.94e-03  cudaGetDevice
                     0.00  1.38e-03         3  4.61e-04  3.39e-04  6.49e-04  cuDeviceGetCount

==39377== Unified Memory profiling result:
Device "Tesla V100-SXM2-16GB (0)"
   Count  Avg Size  Min Size  Max Size  Total Size  Total Time  Name
      35  175.54KB  64.000KB  896.00KB  6.000000MB    0.186304ms  Host To Device
      22         -         -         -           -    3.336864ms  Gpu page fault groups
      13  118.15KB  64.000KB  320.00KB  1.500000MB           -  Remote mapping from device
      18  277.33KB  64.000KB  960.00KB  4.875000MB           -  Remote mapping to device
Total CPU Page faults: 45
Total remote mappings from CPU: 18
Total remote mappings to CPU: 13
