==86856== NVPROF is profiling process 86856, command: ./cfd_1420 ../../../data/cfd/missile.domn.0.2M
==86856== Profiling application: ./cfd_1420 ../../../data/cfd/missile.domn.0.2M
==86856== Profiling result:
            Type  Time(%)      Time     Calls       Avg       Min       Max  Name
                        %        ms                  ms        ms        ms
 GPU activities:    63.72  373.7693      6000  0.062294  0.054656  3.055439  cuda_compute_flux(int, int*, float*, float*, float*)
                    23.88  140.0396      6000  0.023339  0.022048  0.025407  cuda_time_step(int, int, float*, float*, float*, float*)
                     7.10  41.62837      2000  0.020814  0.019552  0.911770  cuda_compute_step_factor(int, float*, float*, float*)
                     4.83  28.31106      2000  0.014155  0.013472  0.016704  [CUDA memcpy DtoD]
                     0.48  2.792273         3  0.930757  0.882011  0.998843  cuda_initialize_variables(int, float*)
                     0.00  6.78e-03         5  1.36e-03  1.28e-03  1.60e-03  [CUDA memcpy HtoD]
                     0.00  1.86e-03         1  1.86e-03  1.86e-03  1.86e-03  [CUDA memset]
      API calls:    53.41  467.5425      2000  0.233771  0.050500  4.104753  cudaMemcpy
                    25.70  224.9479         5  44.98959  0.012533  224.8967  cudaMemcpyToSymbol
                    15.92  139.3402     14003  9.95e-03  9.16e-03  0.085485  cudaLaunchKernel
                     2.37  20.77460         7  2.967799  0.016224  20.37965  cudaMallocManaged
                     0.80  7.031552     28003  2.51e-04  2.09e-04  0.097518  cudaGetLastError
                     0.58  5.105076       384  0.013294  2.34e-04  0.533788  cuDeviceGetAttribute
                     0.47  4.140095         4  1.035023  1.031813  1.037896  cuDeviceTotalMem
                     0.35  3.029484         1  3.029484  3.029484  3.029484  cudaMemset
                     0.18  1.532631        10  0.153263  1.25e-03  0.421581  cudaFree
                     0.14  1.226641         1  1.226641  1.226641  1.226641  cudaGetDeviceProperties
                     0.05  0.422334         4  0.105583  0.102922  0.107465  cuDeviceGetName
                     0.03  0.230911         2  0.115455  0.010474  0.220437  cudaThreadSynchronize
                     0.00  0.016276         2  8.14e-03  4.68e-03  0.011595  cudaMemAdvise
                     0.00  0.012561         4  3.14e-03  1.14e-03  7.63e-03  cuDeviceGetPCIBusId
                     0.00  9.69e-03         1  9.69e-03  9.69e-03  9.69e-03  cudaSetDevice
                     0.00  3.20e-03         8  4.00e-04  3.10e-04  5.60e-04  cuDeviceGet
                     0.00  1.75e-03         1  1.75e-03  1.75e-03  1.75e-03  cudaGetDevice
                     0.00  1.43e-03         3  4.78e-04  3.94e-04  6.27e-04  cuDeviceGetCount

==86856== Unified Memory profiling result:
Device "Tesla V100-SXM2-16GB (0)"
   Count  Avg Size  Min Size  Max Size  Total Size  Total Time  Name
      52  210.46KB  64.000KB  768.00KB  10.68750MB    0.296800ms  Host To Device
      43         -         -         -           -    6.994912ms  Gpu page fault groups
       8  120.00KB  64.000KB  256.00KB  960.0000KB           -  Remote mapping from device
       2  1.7813MB  1.5625MB  2.0000MB  3.562500MB           -  Remote mapping to device
Total CPU Page faults: 68
Total remote mappings from CPU: 2
Total remote mappings to CPU: 8
