==40098== NVPROF is profiling process 40098, command: ./cfd_0243 ../../../data/cfd/fvcorr.domn.193K
==40098== Profiling application: ./cfd_0243 ../../../data/cfd/fvcorr.domn.193K
==40098== Profiling result:
            Type  Time(%)      Time     Calls       Avg       Min       Max  Name
                        %        ms                  ms        ms        ms
 GPU activities:    72.53  384.9012      6000  0.064150  0.060192  1.987732  cuda_compute_flux(int, int*, float*, float*, float*)
                    19.87  105.4697      6000  0.017578  0.016319  0.020447  cuda_time_step(int, int, float*, float*, float*, float*)
                     3.70  19.62875      2000  9.81e-03  9.25e-03  0.012799  [CUDA memcpy DtoD]
                     3.44  18.24399      2000  9.12e-03  8.48e-03  0.013568  cuda_compute_step_factor(int, float*, float*, float*)
                     0.46  2.450994         3  0.816998  0.731036  0.867451  cuda_initialize_variables(int, float*)
                     0.00  6.78e-03         5  1.36e-03  1.28e-03  1.60e-03  [CUDA memcpy HtoD]
                     0.00  2.37e-03         1  2.37e-03  2.37e-03  2.37e-03  [CUDA memset]
      API calls:    50.51  416.1127      2000  0.208056  0.047932  3.066815  cudaMemcpy
                    27.26  224.5762         5  44.91524  0.012464  224.5248  cudaMemcpyToSymbol
                    17.02  140.1998     14003  0.010012  9.22e-03  0.116041  cudaLaunchKernel
                     2.51  20.65379         7  2.950541  0.010593  20.26932  cudaMallocManaged
                     0.83  6.859632     28003  2.44e-04  2.09e-04  4.78e-03  cudaGetLastError
                     0.62  5.101228       384  0.013284  2.34e-04  0.533116  cuDeviceGetAttribute
                     0.51  4.179293         4  1.044823  1.029949  1.080340  cuDeviceTotalMem
                     0.33  2.681169         1  2.681169  2.681169  2.681169  cudaMemset
                     0.18  1.482919        10  0.148291  1.30e-03  0.380068  cudaFree
                     0.15  1.217851         1  1.217851  1.217851  1.217851  cudaGetDeviceProperties
                     0.05  0.422631         4  0.105657  0.102879  0.107371  cuDeviceGetName
                     0.02  0.205436         2  0.102718  9.76e-03  0.195681  cudaThreadSynchronize
                     0.00  0.021115         3  7.04e-03  4.46e-03  0.011966  cudaMemAdvise
                     0.00  0.016408         4  4.10e-03  1.26e-03  0.011722  cuDeviceGetPCIBusId
                     0.00  0.010580         1  0.010580  0.010580  0.010580  cudaSetDevice
                     0.00  3.17e-03         8  3.95e-04  2.85e-04  5.45e-04  cuDeviceGet
                     0.00  1.97e-03         1  1.97e-03  1.97e-03  1.97e-03  cudaGetDevice
                     0.00  1.49e-03         3  4.96e-04  4.14e-04  6.49e-04  cuDeviceGetCount

==40098== Unified Memory profiling result:
Device "Tesla V100-SXM2-16GB (0)"
   Count  Avg Size  Min Size  Max Size  Total Size  Total Time  Name
      58  156.69KB  64.000KB  896.00KB  8.875000MB    0.293728ms  Host To Device
      36         -         -         -           -    5.741696ms  Gpu page fault groups
      86  141.40KB  64.000KB  448.00KB  11.87500MB           -  Remote mapping from device
       1  768.00KB  768.00KB  768.00KB  768.0000KB           -  Remote mapping to device
Total CPU Page faults: 61
Total remote mappings from CPU: 1
Total remote mappings to CPU: 86
