==53267== NVPROF is profiling process 53267, command: ./cfd_0452 ../../../data/cfd/fvcorr.domn.193K
==53267== Profiling application: ./cfd_0452 ../../../data/cfd/fvcorr.domn.193K
==53267== Profiling result:
            Type  Time(%)      Time     Calls       Avg       Min       Max  Name
                        %        ms                  ms        ms        ms
 GPU activities:    70.97  425.4481      6000  0.070908  0.068352  1.541655  cuda_compute_flux(int, int*, float*, float*, float*)
                    19.50  116.8961      6000  0.019482  0.017728  0.021792  cuda_time_step(int, int, float*, float*, float*, float*)
                     5.88  35.27538      2000  0.017637  0.016895  0.729244  cuda_compute_step_factor(int, float*, float*, float*)
                     3.26  19.52703      2000  9.76e-03  9.25e-03  0.013408  [CUDA memcpy DtoD]
                     0.39  2.358002         3  0.786000  0.736220  0.836315  cuda_initialize_variables(int, float*)
                     0.00  6.78e-03         5  1.36e-03  1.28e-03  1.60e-03  [CUDA memcpy HtoD]
                     0.00  1.86e-03         1  1.86e-03  1.86e-03  1.86e-03  [CUDA memset]
      API calls:    54.49  485.2316      2000  0.242615  0.046990  2.426797  cudaMemcpy
                    25.35  225.7695         5  45.15390  0.012655  225.7166  cudaMemcpyToSymbol
                    15.28  136.0392     14003  9.72e-03  8.97e-03  0.165908  cudaLaunchKernel
                     2.33  20.77538         7  2.967910  0.011136  20.39238  cudaMallocManaged
                     0.81  7.185857     28003  2.56e-04  2.09e-04  0.091657  cudaGetLastError
                     0.57  5.113600       384  0.013316  2.38e-04  0.538817  cuDeviceGetAttribute
                     0.46  4.137167         4  1.034291  1.030652  1.038103  cuDeviceTotalMem
                     0.29  2.614607         1  2.614607  2.614607  2.614607  cudaMemset
                     0.19  1.712718        10  0.171271  1.34e-03  0.675845  cudaFree
                     0.14  1.222167         1  1.222167  1.222167  1.222167  cudaGetDeviceProperties
                     0.05  0.423768         4  0.105942  0.103188  0.108010  cuDeviceGetName
                     0.03  0.239047         2  0.119523  9.41e-03  0.229638  cudaThreadSynchronize
                     0.00  0.021595         3  7.20e-03  4.56e-03  0.012058  cudaMemAdvise
                     0.00  0.012834         4  3.21e-03  1.16e-03  7.99e-03  cuDeviceGetPCIBusId
                     0.00  0.011252         1  0.011252  0.011252  0.011252  cudaSetDevice
                     0.00  3.17e-03         8  3.95e-04  3.13e-04  5.29e-04  cuDeviceGet
                     0.00  1.80e-03         1  1.80e-03  1.80e-03  1.80e-03  cudaGetDevice
                     0.00  1.44e-03         3  4.80e-04  3.86e-04  6.64e-04  cuDeviceGetCount

==53267== Unified Memory profiling result:
Device "Tesla V100-SXM2-16GB (0)"
   Count  Avg Size  Min Size  Max Size  Total Size  Total Time  Name
      14  219.43KB  64.000KB  896.00KB  3.000000MB    0.079744ms  Host To Device
      34         -         -         -           -    4.964512ms  Gpu page fault groups
       7  109.71KB  64.000KB  192.00KB  768.0000KB           -  Remote mapping from device
      12  0.9896MB  64.000KB  2.0000MB  11.87500MB           -  Remote mapping to device
Total CPU Page faults: 27
Total remote mappings from CPU: 12
Total remote mappings to CPU: 7
