==64194== NVPROF is profiling process 64194, command: ./cfd_1041 ../../../data/cfd/fvcorr.domn.097K
==64194== Profiling application: ./cfd_1041 ../../../data/cfd/fvcorr.domn.097K
==64194== Profiling result:
            Type  Time(%)      Time     Calls       Avg       Min       Max  Name
                        %        ms                  ms        ms        ms
 GPU activities:    79.20  250.9166      6000  0.041819  0.037792  2.004373  cuda_compute_flux(int, int*, float*, float*, float*)
                    13.14  41.64136      6000  6.94e-03  6.02e-03  9.09e-03  cuda_time_step(int, int, float*, float*, float*, float*)
                     4.24  13.42791      2000  6.71e-03  6.43e-03  0.360127  cuda_compute_step_factor(int, float*, float*, float*)
                     3.09  9.794612      2000  4.90e-03  4.64e-03  0.011392  [CUDA memcpy DtoD]
                     0.33  1.033947         3  0.344649  0.316447  0.371070  cuda_initialize_variables(int, float*)
                     0.00  6.82e-03         5  1.36e-03  1.28e-03  1.60e-03  [CUDA memcpy HtoD]
                     0.00  2.34e-03         1  2.34e-03  2.34e-03  2.34e-03  [CUDA memset]
      API calls:    36.74  226.7147         5  45.34295  0.012167  226.6639  cudaMemcpyToSymbol
                    34.05  210.0926      2000  0.105046  0.030581  2.417571  cudaMemcpy
                    22.52  138.9618     14003  9.92e-03  9.09e-03  0.107199  cudaLaunchKernel
                     3.36  20.74394         7  2.963419  9.45e-03  20.31575  cudaMallocManaged
                     1.18  7.281105     28003  2.60e-04  2.11e-04  0.094135  cudaGetLastError
                     0.83  5.112404       384  0.013313  2.32e-04  0.534611  cuDeviceGetAttribute
                     0.67  4.151560         4  1.037890  1.031207  1.046511  cuDeviceTotalMem
                     0.20  1.219701         1  1.219701  1.219701  1.219701  cudaGetDeviceProperties
                     0.18  1.085605        10  0.108560  1.33e-03  0.317190  cudaFree
                     0.17  1.055105         1  1.055105  1.055105  1.055105  cudaMemset
                     0.07  0.424901         4  0.106225  0.102641  0.110014  cuDeviceGetName
                     0.02  0.107690         2  0.053845  9.20e-03  0.098493  cudaThreadSynchronize
                     0.00  0.016763         2  8.38e-03  4.37e-03  0.012394  cudaMemAdvise
                     0.00  0.014022         4  3.51e-03  1.16e-03  9.03e-03  cuDeviceGetPCIBusId
                     0.00  0.013941         1  0.013941  0.013941  0.013941  cudaSetDevice
                     0.00  3.15e-03         8  3.93e-04  2.99e-04  5.72e-04  cuDeviceGet
                     0.00  1.68e-03         1  1.68e-03  1.68e-03  1.68e-03  cudaGetDevice
                     0.00  1.37e-03         3  4.55e-04  3.73e-04  5.82e-04  cuDeviceGetCount

==64194== Unified Memory profiling result:
Device "Tesla V100-SXM2-16GB (0)"
   Count  Avg Size  Min Size  Max Size  Total Size  Total Time  Name
      33  149.33KB  64.000KB  768.00KB  4.812500MB    0.161664ms  Host To Device
      26         -         -         -           -    3.610112ms  Gpu page fault groups
      16  100.00KB  64.000KB  192.00KB  1.562500MB           -  Remote mapping from device
Total CPU Page faults: 76
Total remote mappings to CPU: 16
