==88110== NVPROF is profiling process 88110, command: ./cfd_1431 ../../../data/cfd/fvcorr.domn.193K
==88110== Profiling application: ./cfd_1431 ../../../data/cfd/fvcorr.domn.193K
==88110== Profiling result:
            Type  Time(%)      Time     Calls       Avg       Min       Max  Name
                        %        ms                  ms        ms        ms
 GPU activities:    63.25  301.5419      6000  0.050256  0.047680  3.391277  cuda_compute_flux(int, int*, float*, float*, float*)
                    24.82  118.3453      6000  0.019724  0.017920  0.022432  cuda_time_step(int, int, float*, float*, float*, float*)
                     7.36  35.08897      2000  0.017544  0.016799  0.896282  cuda_compute_step_factor(int, float*, float*, float*)
                     4.11  19.59884      2000  9.80e-03  9.02e-03  0.013408  [CUDA memcpy DtoD]
                     0.46  2.177524         3  0.725841  0.651740  0.789564  cuda_initialize_variables(int, float*)
                     0.00  6.75e-03         5  1.35e-03  1.28e-03  1.60e-03  [CUDA memcpy HtoD]
                     0.00  1.86e-03         1  1.86e-03  1.86e-03  1.86e-03  [CUDA memset]
      API calls:    46.97  360.4141      2000  0.180207  0.046433  4.492353  cudaMemcpy
                    29.44  225.8744         5  45.17487  0.012243  225.8233  cudaMemcpyToSymbol
                    18.03  138.3160     14003  9.88e-03  9.13e-03  0.093004  cudaLaunchKernel
                     2.72  20.88850         7  2.984071  0.011427  20.39299  cudaMallocManaged
                     0.91  6.977104     28003  2.49e-04  2.09e-04  0.084257  cudaGetLastError
                     0.67  5.125017       384  0.013346  2.34e-04  0.535438  cuDeviceGetAttribute
                     0.54  4.144785         4  1.036196  1.033486  1.039519  cuDeviceTotalMem
                     0.30  2.292931         1  2.292931  2.292931  2.292931  cudaMemset
                     0.18  1.365072        10  0.136507  1.26e-03  0.350005  cudaFree
                     0.16  1.217110         1  1.217110  1.217110  1.217110  cudaGetDeviceProperties
                     0.06  0.424498         4  0.106124  0.102861  0.107797  cuDeviceGetName
                     0.02  0.178960         2  0.089480  9.81e-03  0.169154  cudaThreadSynchronize
                     0.00  0.021157         3  7.05e-03  4.29e-03  0.011622  cudaMemAdvise
                     0.00  0.012378         1  0.012378  0.012378  0.012378  cudaSetDevice
                     0.00  0.011973         4  2.99e-03  1.12e-03  7.07e-03  cuDeviceGetPCIBusId
                     0.00  3.17e-03         8  3.95e-04  2.97e-04  5.24e-04  cuDeviceGet
                     0.00  1.72e-03         1  1.72e-03  1.72e-03  1.72e-03  cudaGetDevice
                     0.00  1.52e-03         3  5.07e-04  4.08e-04  6.58e-04  cuDeviceGetCount

==88110== Unified Memory profiling result:
Device "Tesla V100-SXM2-16GB (0)"
   Count  Avg Size  Min Size  Max Size  Total Size  Total Time  Name
      75  162.13KB  64.000KB  960.00KB  11.87500MB    0.374912ms  Host To Device
      40         -         -         -           -    6.789696ms  Gpu page fault groups
      33  116.36KB  64.000KB  448.00KB  3.750000MB           -  Remote mapping from device
Total CPU Page faults: 164
Total remote mappings to CPU: 33
