==28264== NVPROF is profiling process 28264, command: ./cfd_0050 ../../../data/cfd/missile.domn.0.2M
==28264== Profiling application: ./cfd_0050 ../../../data/cfd/missile.domn.0.2M
==28264== Profiling result:
            Type  Time(%)      Time     Calls       Avg       Min       Max  Name
                        %        ms                  ms        ms        ms
 GPU activities:    66.90  362.1686      6000  0.060361  0.052992  3.974857  cuda_compute_flux(int, int*, float*, float*, float*)
                    22.94  124.1684      6000  0.020694  0.019488  0.022431  cuda_time_step(int, int, float*, float*, float*, float*)
                     5.32  28.81564      2000  0.014407  0.013600  0.016928  [CUDA memcpy DtoD]
                     4.35  23.57210      2000  0.011786  0.010400  0.191871  cuda_compute_step_factor(int, float*, float*, float*)
                     0.48  2.623601         3  0.874533  0.779100  0.959835  cuda_initialize_variables(int, float*)
                     0.00  6.78e-03         5  1.36e-03  1.28e-03  1.60e-03  [CUDA memcpy HtoD]
                     0.00  2.37e-03         1  2.37e-03  2.37e-03  2.37e-03  [CUDA memset]
      API calls:    50.72  423.7216      2000  0.211860  0.051439  4.293156  cudaMemcpy
                    27.22  227.3749         5  45.47498  0.012431  227.3229  cudaMemcpyToSymbol
                    16.50  137.8458     14003  9.84e-03  9.15e-03  0.048221  cudaLaunchKernel
                     2.49  20.76635         7  2.966621  0.016949  20.37732  cudaMallocManaged
                     0.84  6.997318     28003  2.49e-04  2.09e-04  0.086190  cudaGetLastError
                     0.80  6.714815       384  0.017486  2.34e-04  1.229175  cuDeviceGetAttribute
                     0.53  4.450156         4  1.112539  1.032061  1.340498  cuDeviceTotalMem
                     0.35  2.927435         1  2.927435  2.927435  2.927435  cudaMemset
                     0.30  2.533366         1  2.533366  2.533366  2.533366  cudaGetDeviceProperties
                     0.16  1.305420        10  0.130542  1.18e-03  0.360078  cudaFree
                     0.06  0.525644         4  0.131411  0.102982  0.211298  cuDeviceGetName
                     0.02  0.204105         2  0.102052  0.010146  0.193959  cudaThreadSynchronize
                     0.00  0.013374         4  3.34e-03  1.20e-03  8.70e-03  cuDeviceGetPCIBusId
                     0.00  0.011877         1  0.011877  0.011877  0.011877  cudaSetDevice
                     0.00  6.57e-03         1  6.57e-03  6.57e-03  6.57e-03  cudaMemAdvise
                     0.00  3.05e-03         8  3.80e-04  2.98e-04  5.57e-04  cuDeviceGet
                     0.00  1.66e-03         1  1.66e-03  1.66e-03  1.66e-03  cudaGetDevice
                     0.00  1.43e-03         3  4.77e-04  4.02e-04  6.17e-04  cuDeviceGetCount

==28264== Unified Memory profiling result:
Device "Tesla V100-SXM2-16GB (0)"
   Count  Avg Size  Min Size  Max Size  Total Size  Total Time  Name
      67  233.07KB  64.000KB  768.00KB  15.25000MB    0.398400ms  Host To Device
      41         -         -         -           -    7.101760ms  Gpu page fault groups
       8  456.00KB  64.000KB  1.0000MB  3.562500MB           -  Remote mapping to device
Total CPU Page faults: 90
Total remote mappings from CPU: 8
