==42864== NVPROF is profiling process 42864, command: ./cfd_0312 ../../../data/cfd/fvcorr.domn.097K
==42864== Profiling application: ./cfd_0312 ../../../data/cfd/fvcorr.domn.097K
==42864== Profiling result:
            Type  Time(%)      Time     Calls       Avg       Min       Max  Name
                        %        ms                  ms        ms        ms
 GPU activities:    83.13  302.7731      6000  0.050462  0.047519  0.934555  cuda_compute_flux(int, int*, float*, float*, float*)
                    11.95  43.52246      6000  7.25e-03  6.27e-03  9.15e-03  cuda_time_step(int, int, float*, float*, float*, float*)
                     2.62  9.537100      2000  4.77e-03  4.58e-03  0.010496  [CUDA memcpy DtoD]
                     2.01  7.313344      2000  3.66e-03  3.36e-03  0.197311  cuda_compute_step_factor(int, float*, float*, float*)
                     0.29  1.042938         3  0.347646  0.308638  0.368062  cuda_initialize_variables(int, float*)
                     0.00  6.72e-03         5  1.34e-03  1.28e-03  1.60e-03  [CUDA memcpy HtoD]
                     0.00  2.37e-03         1  2.37e-03  2.37e-03  2.37e-03  [CUDA memset]
      API calls:    39.51  263.8604      2000  0.131930  0.039854  1.198630  cudaMemcpy
                    33.72  225.2075         5  45.04150  0.012228  225.1566  cudaMemcpyToSymbol
                    20.57  137.3544     14003  9.81e-03  9.09e-03  0.109533  cudaLaunchKernel
                     3.11  20.75405         7  2.964865  9.23e-03  20.30508  cudaMallocManaged
                     1.08  7.230766     28003  2.58e-04  2.13e-04  0.097303  cudaGetLastError
                     0.77  5.113144       384  0.013315  2.32e-04  0.534672  cuDeviceGetAttribute
                     0.63  4.174829         4  1.043707  1.032812  1.067934  cuDeviceTotalMem
                     0.18  1.217956         1  1.217956  1.217956  1.217956  cudaGetDeviceProperties
                     0.18  1.209279        10  0.120927  1.34e-03  0.416336  cudaFree
                     0.16  1.055842         1  1.055842  1.055842  1.055842  cudaMemset
                     0.06  0.427825         4  0.106956  0.103604  0.111830  cuDeviceGetName
                     0.02  0.134342         2  0.067171  9.61e-03  0.124733  cudaThreadSynchronize
                     0.00  0.023909         3  7.97e-03  5.98e-03  0.010305  cudaMemAdvise
                     0.00  0.014913         4  3.73e-03  1.22e-03  9.78e-03  cuDeviceGetPCIBusId
                     0.00  0.012738         1  0.012738  0.012738  0.012738  cudaSetDevice
                     0.00  3.13e-03         8  3.91e-04  2.97e-04  5.53e-04  cuDeviceGet
                     0.00  1.66e-03         1  1.66e-03  1.66e-03  1.66e-03  cudaGetDevice
                     0.00  1.44e-03         3  4.80e-04  3.97e-04  6.04e-04  cuDeviceGetCount

==42864== Unified Memory profiling result:
Device "Tesla V100-SXM2-16GB (0)"
   Count  Avg Size  Min Size  Max Size  Total Size  Total Time  Name
      12  160.00KB  64.000KB  384.00KB  1.875000MB    0.060896ms  Host To Device
      19         -         -         -           -    2.376288ms  Gpu page fault groups
       3  106.67KB  64.000KB  192.00KB  320.0000KB           -  Remote mapping from device
       3  1.5000MB  512.00KB  2.0000MB  4.500000MB           -  Remote mapping to device
Total CPU Page faults: 31
Total remote mappings from CPU: 3
Total remote mappings to CPU: 3
