==62607== NVPROF is profiling process 62607, command: ./cfd_1023 ../../../data/cfd/fvcorr.domn.193K
==62607== Profiling application: ./cfd_1023 ../../../data/cfd/fvcorr.domn.193K
==62607== Profiling result:
            Type  Time(%)      Time     Calls       Avg       Min       Max  Name
                        %        ms                  ms        ms        ms
 GPU activities:    67.46  304.5174      6000  0.050752  0.047840  1.835286  cuda_compute_flux(int, int*, float*, float*, float*)
                    23.90  107.8847      6000  0.017980  0.016511  0.020000  cuda_time_step(int, int, float*, float*, float*, float*)
                     4.33  19.52969      2000  9.76e-03  9.06e-03  0.013024  [CUDA memcpy DtoD]
                     3.79  17.10474      2000  8.55e-03  7.90e-03  0.165663  cuda_compute_step_factor(int, float*, float*, float*)
                     0.53  2.379187         3  0.793062  0.772827  0.819836  cuda_initialize_variables(int, float*)
                     0.00  6.82e-03         5  1.36e-03  1.28e-03  1.60e-03  [CUDA memcpy HtoD]
                     0.00  1.86e-03         1  1.86e-03  1.86e-03  1.86e-03  [CUDA memset]
      API calls:    45.53  340.6752      2000  0.170337  0.046699  3.321107  cudaMemcpy
                    30.34  227.0157         5  45.40313  0.012760  226.9632  cudaMemcpyToSymbol
                    18.39  137.6179     14003  9.83e-03  9.05e-03  0.106900  cudaLaunchKernel
                     2.76  20.68653         7  2.955218  0.010726  20.29896  cudaMallocManaged
                     0.95  7.103017     28003  2.53e-04  2.10e-04  0.106108  cudaGetLastError
                     0.69  5.136717       384  0.013376  2.37e-04  0.573460  cuDeviceGetAttribute
                     0.55  4.145316         4  1.036329  1.033604  1.041726  cuDeviceTotalMem
                     0.35  2.631063         1  2.631063  2.631063  2.631063  cudaMemset
                     0.19  1.416782        10  0.141678  1.27e-03  0.386051  cudaFree
                     0.16  1.219356         1  1.219356  1.219356  1.219356  cudaGetDeviceProperties
                     0.06  0.423599         4  0.105899  0.102825  0.107301  cuDeviceGetName
                     0.02  0.170346         2  0.085173  9.76e-03  0.160586  cudaThreadSynchronize
                     0.00  0.012495         4  3.12e-03  1.17e-03  7.88e-03  cuDeviceGetPCIBusId
                     0.00  0.012296         2  6.15e-03  4.97e-03  7.33e-03  cudaMemAdvise
                     0.00  0.011451         1  0.011451  0.011451  0.011451  cudaSetDevice
                     0.00  3.06e-03         8  3.82e-04  3.00e-04  5.00e-04  cuDeviceGet
                     0.00  1.77e-03         1  1.77e-03  1.77e-03  1.77e-03  cudaGetDevice
                     0.00  1.46e-03         3  4.87e-04  3.96e-04  6.31e-04  cuDeviceGetCount

==62607== Unified Memory profiling result:
Device "Tesla V100-SXM2-16GB (0)"
   Count  Avg Size  Min Size  Max Size  Total Size  Total Time  Name
      74  136.65KB  64.000KB  704.00KB  9.875000MB    0.343584ms  Host To Device
      27         -         -         -           -    5.790336ms  Gpu page fault groups
      67  135.64KB  64.000KB  448.00KB  8.875000MB           -  Remote mapping from device
       2  1.5000MB  1.0000MB  2.0000MB  3.000000MB           -  Remote mapping to device
Total CPU Page faults: 65
Total remote mappings from CPU: 2
Total remote mappings to CPU: 67
