==74897== NVPROF is profiling process 74897, command: ./cfd_1221 ../../../data/cfd/missile.domn.0.2M
==74897== Profiling application: ./cfd_1221 ../../../data/cfd/missile.domn.0.2M
==74897== Profiling result:
            Type  Time(%)      Time     Calls       Avg       Min       Max  Name
                        %        ms                  ms        ms        ms
 GPU activities:    67.97  373.6890      6000  0.062281  0.054367  3.289229  cuda_compute_flux(int, int*, float*, float*, float*)
                    22.05  121.2171      6000  0.020202  0.019072  0.022656  cuda_time_step(int, int, float*, float*, float*, float*)
                     5.16  28.38866      2000  0.014194  0.013376  0.016672  [CUDA memcpy DtoD]
                     4.35  23.94408      2000  0.011972  0.010720  0.012960  cuda_compute_step_factor(int, float*, float*, float*)
                     0.47  2.568530         3  0.856176  0.790076  0.913467  cuda_initialize_variables(int, float*)
                     0.00  6.78e-03         5  1.36e-03  1.28e-03  1.60e-03  [CUDA memcpy HtoD]
                     0.00  1.86e-03         1  1.86e-03  1.86e-03  1.86e-03  [CUDA memset]
      API calls:    51.55  433.1714      2000  0.216585  0.050688  3.434415  cudaMemcpy
                    26.88  225.8790         5  45.17581  0.012123  225.8279  cudaMemcpyToSymbol
                    16.39  137.7163     14003  9.83e-03  9.15e-03  0.090909  cudaLaunchKernel
                     2.47  20.71988         7  2.959982  0.017125  20.32655  cudaMallocManaged
                     0.86  7.197112     28003  2.57e-04  2.13e-04  0.085773  cudaGetLastError
                     0.61  5.105122       384  0.013294  2.36e-04  0.534719  cuDeviceGetAttribute
                     0.49  4.133210         4  1.033302  1.031355  1.035699  cuDeviceTotalMem
                     0.33  2.809549         1  2.809549  2.809549  2.809549  cudaMemset
                     0.19  1.585434        10  0.158543  1.19e-03  0.430799  cudaFree
                     0.14  1.217372         1  1.217372  1.217372  1.217372  cudaGetDeviceProperties
                     0.05  0.424153         4  0.106038  0.102486  0.107859  cuDeviceGetName
                     0.03  0.211032         2  0.105516  9.74e-03  0.201294  cudaThreadSynchronize
                     0.00  0.020779         3  6.93e-03  4.43e-03  0.011408  cudaMemAdvise
                     0.00  0.012728         4  3.18e-03  1.10e-03  8.20e-03  cuDeviceGetPCIBusId
                     0.00  0.011623         1  0.011623  0.011623  0.011623  cudaSetDevice
                     0.00  3.10e-03         8  3.87e-04  2.89e-04  5.39e-04  cuDeviceGet
                     0.00  1.68e-03         1  1.68e-03  1.68e-03  1.68e-03  cudaGetDevice
                     0.00  1.55e-03         3  5.16e-04  3.81e-04  7.36e-04  cuDeviceGetCount

==74897== Unified Memory profiling result:
Device "Tesla V100-SXM2-16GB (0)"
   Count  Avg Size  Min Size  Max Size  Total Size  Total Time  Name
      55  198.98KB  64.000KB  768.00KB  10.68750MB    0.302240ms  Host To Device
      37         -         -         -           -    6.130912ms  Gpu page fault groups
       3  1.5000MB  960.00KB  2.0000MB  4.500000MB           -  Remote mapping to device
Total CPU Page faults: 174
Total remote mappings from CPU: 3
