==31669== NVPROF is profiling process 31669, command: ./cfd_0122 ../../../data/cfd/missile.domn.0.2M
==31669== Profiling application: ./cfd_0122 ../../../data/cfd/missile.domn.0.2M
==31669== Profiling result:
            Type  Time(%)      Time     Calls       Avg       Min       Max  Name
                        %        ms                  ms        ms        ms
 GPU activities:    74.76  529.5588      6000  0.088259  0.081120  0.807387  cuda_compute_flux(int, int*, float*, float*, float*)
                    17.38  123.0894      6000  0.020514  0.019167  0.023008  cuda_time_step(int, int, float*, float*, float*, float*)
                     4.03  28.56253      2000  0.014281  0.013503  0.017184  [CUDA memcpy DtoD]
                     3.43  24.28673      2000  0.012143  0.010304  0.756092  cuda_compute_step_factor(int, float*, float*, float*)
                     0.40  2.836015         3  0.945338  0.834107  1.165209  cuda_initialize_variables(int, float*)
                     0.00  6.82e-03         5  1.36e-03  1.28e-03  1.60e-03  [CUDA memcpy HtoD]
                     0.00  2.34e-03         1  2.34e-03  2.34e-03  2.34e-03  [CUDA memset]
      API calls:    59.24  591.3993      2000  0.295699  0.050483  1.749127  cudaMemcpy
                    22.50  224.5912         5  44.91823  0.012102  224.5408  cudaMemcpyToSymbol
                    13.82  138.0053     14003  9.86e-03  9.18e-03  0.115047  cudaLaunchKernel
                     2.08  20.74876         7  2.964109  0.015899  20.35952  cudaMallocManaged
                     0.72  7.231324     28003  2.58e-04  2.11e-04  0.110418  cudaGetLastError
                     0.51  5.095987       384  0.013270  2.34e-04  0.531791  cuDeviceGetAttribute
                     0.42  4.176338         4  1.044084  1.030779  1.074496  cuDeviceTotalMem
                     0.31  3.078814         1  3.078814  3.078814  3.078814  cudaMemset
                     0.20  1.964927        10  0.196492  1.27e-03  0.812701  cudaFree
                     0.12  1.218143         1  1.218143  1.218143  1.218143  cudaGetDeviceProperties
                     0.04  0.421490         4  0.105372  0.102912  0.107332  cuDeviceGetName
                     0.03  0.287939         2  0.143969  9.73e-03  0.278209  cudaThreadSynchronize
                     0.00  0.021203         3  7.07e-03  4.45e-03  9.99e-03  cudaMemAdvise
                     0.00  0.013638         1  0.013638  0.013638  0.013638  cudaSetDevice
                     0.00  0.012699         4  3.17e-03  1.16e-03  7.92e-03  cuDeviceGetPCIBusId
                     0.00  3.12e-03         8  3.90e-04  3.12e-04  5.41e-04  cuDeviceGet
                     0.00  1.64e-03         1  1.64e-03  1.64e-03  1.64e-03  cudaGetDevice
                     0.00  1.37e-03         3  4.56e-04  3.72e-04  5.78e-04  cuDeviceGetCount

==31669== Unified Memory profiling result:
Device "Tesla V100-SXM2-16GB (0)"
   Count  Avg Size  Min Size  Max Size  Total Size  Total Time  Name
       7  137.14KB  64.000KB  320.00KB  960.0000KB    0.031232ms  Host To Device
      38         -         -         -           -    4.625376ms  Gpu page fault groups
       8  1.7813MB  704.00KB  2.0000MB  14.25000MB           -  Remote mapping to device
Total CPU Page faults: 23
Total remote mappings from CPU: 8
