==57025== NVPROF is profiling process 57025, command: ./cfd_0531 ../../../data/cfd/fvcorr.domn.193K
==57025== Profiling application: ./cfd_0531 ../../../data/cfd/fvcorr.domn.193K
==57025== Profiling result:
            Type  Time(%)      Time     Calls       Avg       Min       Max  Name
                        %        ms                  ms        ms        ms
 GPU activities:    66.74  296.6179      6000  0.049436  0.046976  3.212654  cuda_compute_flux(int, int*, float*, float*, float*)
                    24.46  108.7105      6000  0.018118  0.016032  0.020320  cuda_time_step(int, int, float*, float*, float*, float*)
                     4.34  19.29877      2000  9.65e-03  9.06e-03  0.012608  [CUDA memcpy DtoD]
                     3.97  17.62777      2000  8.81e-03  8.00e-03  0.532797  cuda_compute_step_factor(int, float*, float*, float*)
                     0.48  2.145140         3  0.715046  0.680156  0.749852  cuda_initialize_variables(int, float*)
                     0.00  6.98e-03         5  1.40e-03  1.31e-03  1.73e-03  [CUDA memcpy HtoD]
                     0.00  1.89e-03         1  1.89e-03  1.89e-03  1.89e-03  [CUDA memset]
      API calls:    45.13  333.3352      2000  0.166667  0.045251  3.920763  cudaMemcpy
                    30.39  224.4621         5  44.89241  0.012551  224.4100  cudaMemcpyToSymbol
                    18.69  138.0503     14003  9.86e-03  9.11e-03  0.087719  cudaLaunchKernel
                     2.81  20.76062         7  2.965802  0.010572  20.38203  cudaMallocManaged
                     0.95  7.019298     28003  2.50e-04  2.11e-04  0.086503  cudaGetLastError
                     0.70  5.147661       384  0.013405  2.34e-04  0.561874  cuDeviceGetAttribute
                     0.57  4.183532         4  1.045883  1.030589  1.080536  cuDeviceTotalMem
                     0.33  2.410567         1  2.410567  2.410567  2.410567  cudaMemset
                     0.18  1.354770        10  0.135477  1.37e-03  0.365911  cudaFree
                     0.16  1.216214         1  1.216214  1.216214  1.216214  cudaGetDeviceProperties
                     0.06  0.422280         4  0.105570  0.102943  0.107825  cuDeviceGetName
                     0.02  0.164179         2  0.082089  0.010596  0.153583  cudaThreadSynchronize
                     0.00  0.018502         3  6.17e-03  4.28e-03  9.93e-03  cudaMemAdvise
                     0.00  0.012622         4  3.15e-03  1.17e-03  8.15e-03  cuDeviceGetPCIBusId
                     0.00  9.88e-03         1  9.88e-03  9.88e-03  9.88e-03  cudaSetDevice
                     0.00  3.39e-03         8  4.24e-04  3.12e-04  6.94e-04  cuDeviceGet
                     0.00  1.81e-03         1  1.81e-03  1.81e-03  1.81e-03  cudaGetDevice
                     0.00  1.44e-03         3  4.80e-04  3.93e-04  6.09e-04  cuDeviceGetCount

==57025== Unified Memory profiling result:
Device "Tesla V100-SXM2-16GB (0)"
   Count  Avg Size  Min Size  Max Size  Total Size  Total Time  Name
      71  182.08KB  64.000KB  896.00KB  12.62500MB    0.376928ms  Host To Device
      33         -         -         -           -    6.246144ms  Gpu page fault groups
      23  133.56KB  64.000KB  448.00KB  3.000000MB           -  Remote mapping from device
       4  192.00KB  64.000KB  448.00KB  768.0000KB           -  Remote mapping to device
Total CPU Page faults: 168
Total remote mappings from CPU: 4
Total remote mappings to CPU: 23
