==84652== NVPROF is profiling process 84652, command: ./cfd_1355 ../../../data/cfd/fvcorr.domn.097K
==84652== Profiling application: ./cfd_1355 ../../../data/cfd/fvcorr.domn.097K
==84652== Profiling result:
            Type  Time(%)      Time     Calls       Avg       Min       Max  Name
                        %        ms                  ms        ms        ms
 GPU activities:    74.56  173.3431      6000  0.028890  0.026815  2.424370  cuda_compute_flux(int, int*, float*, float*, float*)
                    17.75  41.27663      6000  6.88e-03  6.21e-03  8.45e-03  cuda_time_step(int, int, float*, float*, float*, float*)
                     4.08  9.496744      2000  4.75e-03  4.54e-03  0.015712  [CUDA memcpy DtoD]
                     3.06  7.118768      2000  3.56e-03  3.39e-03  0.014240  cuda_compute_step_factor(int, float*, float*, float*)
                     0.54  1.245625         3  0.415208  0.272030  0.532189  cuda_initialize_variables(int, float*)
                     0.00  6.82e-03         5  1.36e-03  1.28e-03  1.60e-03  [CUDA memcpy HtoD]
                     0.00  2.34e-03         1  2.34e-03  2.34e-03  2.34e-03  [CUDA memset]
      API calls:    41.94  225.0156         5  45.00311  0.012369  224.9652  cudaMemcpyToSymbol
                    25.86  138.7404     14003  9.91e-03  9.14e-03  0.098971  cudaLaunchKernel
                    24.47  131.2721      2000  0.065636  0.029251  2.465035  cudaMemcpy
                     3.88  20.84313         7  2.977589  9.28e-03  20.40558  cudaMallocManaged
                     1.36  7.299355     28003  2.60e-04  2.12e-04  0.096285  cudaGetLastError
                     0.95  5.113886       384  0.013317  2.34e-04  0.538660  cuDeviceGetAttribute
                     0.77  4.152010         4  1.038002  1.031908  1.042638  cuDeviceTotalMem
                     0.24  1.265796         1  1.265796  1.265796  1.265796  cudaMemset
                     0.23  1.217456         1  1.217456  1.217456  1.217456  cudaGetDeviceProperties
                     0.20  1.092445        10  0.109244  1.30e-03  0.376752  cudaFree
                     0.08  0.423099         4  0.105774  0.102610  0.107893  cuDeviceGetName
                     0.01  0.068203         2  0.034101  0.011117  0.057086  cudaThreadSynchronize
                     0.00  0.021487         3  7.16e-03  4.07e-03  0.010126  cudaMemAdvise
                     0.00  0.016153         4  4.04e-03  1.16e-03  0.011124  cuDeviceGetPCIBusId
                     0.00  0.012415         1  0.012415  0.012415  0.012415  cudaSetDevice
                     0.00  3.17e-03         8  3.96e-04  3.08e-04  5.69e-04  cuDeviceGet
                     0.00  1.68e-03         1  1.68e-03  1.68e-03  1.68e-03  cudaGetDevice
                     0.00  1.55e-03         3  5.16e-04  4.06e-04  7.25e-04  cuDeviceGetCount

==84652== Unified Memory profiling result:
Device "Tesla V100-SXM2-16GB (0)"
   Count  Avg Size  Min Size  Max Size  Total Size  Total Time  Name
      39  167.38KB  64.000KB  768.00KB  6.375000MB    0.202048ms  Host To Device
      22         -         -         -           -    3.889696ms  Gpu page fault groups
       4  96.000KB  64.000KB  192.00KB  384.0000KB           -  Remote mapping from device
      21  295.62KB  64.000KB  960.00KB  6.062500MB           -  Remote mapping to device
Total CPU Page faults: 47
Total remote mappings from CPU: 21
Total remote mappings to CPU: 4
