==23304== NVPROF is profiling process 23304, command: ./cfd_0001 ../../../data/cfd/fvcorr.domn.193K
==23304== Profiling application: ./cfd_0001 ../../../data/cfd/fvcorr.domn.193K
==23304== Profiling result:
            Type  Time(%)      Time     Calls       Avg       Min       Max  Name
                        %        ms                  ms        ms        ms
 GPU activities:    66.82  296.5086      6000  0.049418  0.047008  3.046732  cuda_compute_flux(int, int*, float*, float*, float*)
                    24.26  107.6725      6000  0.017945  0.016224  0.019936  cuda_time_step(int, int, float*, float*, float*, float*)
                     4.39  19.49153      2000  9.75e-03  9.18e-03  0.013536  [CUDA memcpy DtoD]
                     4.02  17.81919      2000  8.91e-03  8.32e-03  0.164607  cuda_compute_step_factor(int, float*, float*, float*)
                     0.51  2.257425         3  0.752475  0.704475  0.788539  cuda_initialize_variables(int, float*)
                     0.00  6.98e-03         5  1.40e-03  1.31e-03  1.73e-03  [CUDA memcpy HtoD]
                     0.00  1.86e-03         1  1.86e-03  1.86e-03  1.86e-03  [CUDA memset]
      API calls:    45.03  332.1343      2000  0.166067  0.047770  3.315526  cudaMemcpy
                    30.51  225.0612         5  45.01223  0.012060  225.0102  cudaMemcpyToSymbol
                    18.72  138.0390     14003  9.86e-03  9.12e-03  0.105556  cudaLaunchKernel
                     2.81  20.72612         7  2.960874  0.010714  20.34792  cudaMallocManaged
                     0.92  6.753729     28003  2.41e-04  2.09e-04  1.77e-03  cudaGetLastError
                     0.70  5.133450       384  0.013368  2.38e-04  0.541275  cuDeviceGetAttribute
                     0.56  4.135413         4  1.033853  1.029476  1.041838  cuDeviceTotalMem
                     0.34  2.500746         1  2.500746  2.500746  2.500746  cudaMemset
                     0.17  1.230631        10  0.123063  1.30e-03  0.352797  cudaFree
                     0.17  1.219663         1  1.219663  1.219663  1.219663  cudaGetDeviceProperties
                     0.06  0.426008         4  0.106502  0.104207  0.107535  cuDeviceGetName
                     0.02  0.166429         2  0.083214  0.010857  0.155572  cudaThreadSynchronize
                     0.00  0.012484         4  3.12e-03  1.11e-03  8.12e-03  cuDeviceGetPCIBusId
                     0.00  0.011815         1  0.011815  0.011815  0.011815  cudaSetDevice
                     0.00  5.29e-03         1  5.29e-03  5.29e-03  5.29e-03  cudaMemAdvise
                     0.00  3.25e-03         8  4.06e-04  2.97e-04  5.78e-04  cuDeviceGet
                     0.00  1.81e-03         1  1.81e-03  1.81e-03  1.81e-03  cudaGetDevice
                     0.00  1.41e-03         3  4.70e-04  4.09e-04  5.67e-04  cuDeviceGetCount

==23304== Unified Memory profiling result:
Device "Tesla V100-SXM2-16GB (0)"
   Count  Avg Size  Min Size  Max Size  Total Size  Total Time  Name
      72  183.11KB  64.000KB  896.00KB  12.87500MB    0.382240ms  Host To Device
      32         -         -         -           -    5.759104ms  Gpu page fault groups
Total CPU Page faults: 168
