==96435== NVPROF is profiling process 96435, command: ./cfd_1553 ../../../data/cfd/fvcorr.domn.097K
==96435== Profiling application: ./cfd_1553 ../../../data/cfd/fvcorr.domn.097K
==96435== Profiling result:
            Type  Time(%)      Time     Calls       Avg       Min       Max  Name
                        %        ms                  ms        ms        ms
 GPU activities:    74.64  175.2379      6000  0.029206  0.027104  1.380952  cuda_compute_flux(int, int*, float*, float*, float*)
                    17.49  41.07199      6000  6.85e-03  6.14e-03  7.90e-03  cuda_time_step(int, int, float*, float*, float*, float*)
                     4.18  9.813872      2000  4.91e-03  4.58e-03  0.233407  [CUDA memcpy DtoD]
                     3.23  7.591291      2000  3.79e-03  3.33e-03  0.549470  cuda_compute_step_factor(int, float*, float*, float*)
                     0.44  1.044315         3  0.348105  0.280895  0.399294  cuda_initialize_variables(int, float*)
                     0.00  6.82e-03         5  1.36e-03  1.28e-03  1.60e-03  [CUDA memcpy HtoD]
                     0.00  2.34e-03         1  2.34e-03  2.34e-03  2.34e-03  [CUDA memset]
      API calls:    41.90  226.4044         5  45.28087  0.011987  226.3546  cudaMemcpyToSymbol
                    25.48  137.6619     14003  9.83e-03  9.08e-03  0.127504  cudaLaunchKernel
                    24.97  134.9202      2000  0.067460  0.029925  2.790410  cudaMemcpy
                     3.85  20.82673         7  2.975246  0.010425  20.38770  cudaMallocManaged
                     1.33  7.187620     28003  2.56e-04  2.14e-04  0.120634  cudaGetLastError
                     0.94  5.099475       384  0.013279  2.36e-04  0.531748  cuDeviceGetAttribute
                     0.79  4.278540         4  1.069635  1.030596  1.183206  cuDeviceTotalMem
                     0.23  1.227487         1  1.227487  1.227487  1.227487  cudaGetDeviceProperties
                     0.20  1.076327        10  0.107632  1.34e-03  0.367563  cudaFree
                     0.20  1.053648         1  1.053648  1.053648  1.053648  cudaMemset
                     0.08  0.422893         4  0.105723  0.102555  0.107311  cuDeviceGetName
                     0.01  0.071816         2  0.035908  0.010537  0.061279  cudaThreadSynchronize
                     0.00  0.022736         3  7.58e-03  4.25e-03  0.012088  cudaMemAdvise
                     0.00  0.014705         4  3.68e-03  1.08e-03  9.90e-03  cuDeviceGetPCIBusId
                     0.00  0.014054         1  0.014054  0.014054  0.014054  cudaSetDevice
                     0.00  3.25e-03         8  4.05e-04  3.15e-04  5.27e-04  cuDeviceGet
                     0.00  1.65e-03         1  1.65e-03  1.65e-03  1.65e-03  cudaGetDevice
                     0.00  1.47e-03         3  4.88e-04  4.12e-04  6.23e-04  cuDeviceGetCount

==96435== Unified Memory profiling result:
Device "Tesla V100-SXM2-16GB (0)"
   Count  Avg Size  Min Size  Max Size  Total Size  Total Time  Name
      44  148.36KB  64.000KB  832.00KB  6.375000MB    0.216800ms  Host To Device
      23         -         -         -           -    3.968832ms  Gpu page fault groups
      45  102.40KB  64.000KB  256.00KB  4.500000MB           -  Remote mapping from device
       7  274.29KB  128.00KB  512.00KB  1.875000MB           -  Remote mapping to device
Total CPU Page faults: 47
Total remote mappings from CPU: 7
Total remote mappings to CPU: 45
