==24584== NVPROF is profiling process 24584, command: ./cfd_0012 ../../../data/cfd/fvcorr.domn.193K
==24584== Profiling application: ./cfd_0012 ../../../data/cfd/fvcorr.domn.193K
==24584== Profiling result:
            Type  Time(%)      Time     Calls       Avg       Min       Max  Name
                        %        ms                  ms        ms        ms
 GPU activities:    74.53  423.1293      6000  0.070521  0.066944  1.482903  cuda_compute_flux(int, int*, float*, float*, float*)
                    18.56  105.3636      6000  0.017560  0.016095  0.019968  cuda_time_step(int, int, float*, float*, float*, float*)
                     3.43  19.47632      2000  9.74e-03  9.02e-03  0.013664  [CUDA memcpy DtoD]
                     3.07  17.43433      2000  8.72e-03  8.00e-03  0.162751  cuda_compute_step_factor(int, float*, float*, float*)
                     0.40  2.290258         3  0.763419  0.702684  0.795579  cuda_initialize_variables(int, float*)
                     0.00  6.88e-03         5  1.38e-03  1.31e-03  1.63e-03  [CUDA memcpy HtoD]
                     0.00  2.05e-03         1  2.05e-03  2.05e-03  2.05e-03  [CUDA memset]
      API calls:    52.88  456.4927      2000  0.228246  0.048943  1.797846  cudaMemcpy
                    26.11  225.3660         5  45.07321  0.012595  225.3140  cudaMemcpyToSymbol
                    16.01  138.2187     14003  9.87e-03  9.18e-03  0.114350  cudaLaunchKernel
                     2.40  20.70073         7  2.957247  0.011158  20.31181  cudaMallocManaged
                     0.83  7.123957     28003  2.54e-04  2.09e-04  0.090725  cudaGetLastError
                     0.59  5.102599       384  0.013288  2.32e-04  0.533047  cuDeviceGetAttribute
                     0.48  4.146061         4  1.036515  1.029516  1.041355  cuDeviceTotalMem
                     0.30  2.584026         1  2.584026  2.584026  2.584026  cudaMemset
                     0.19  1.624873        10  0.162487  1.33e-03  0.697886  cudaFree
                     0.14  1.218569         1  1.218569  1.218569  1.218569  cudaGetDeviceProperties
                     0.05  0.427470         4  0.106867  0.104420  0.110856  cuDeviceGetName
                     0.03  0.223079         2  0.111539  9.93e-03  0.213146  cudaThreadSynchronize
                     0.00  0.013394         1  0.013394  0.013394  0.013394  cudaSetDevice
                     0.00  0.012473         4  3.12e-03  1.20e-03  7.64e-03  cuDeviceGetPCIBusId
                     0.00  0.012425         2  6.21e-03  5.73e-03  6.70e-03  cudaMemAdvise
                     0.00  3.09e-03         8  3.85e-04  3.10e-04  5.27e-04  cuDeviceGet
                     0.00  1.70e-03         1  1.70e-03  1.70e-03  1.70e-03  cudaGetDevice
                     0.00  1.40e-03         3  4.65e-04  3.65e-04  6.45e-04  cuDeviceGetCount

==24584== Unified Memory profiling result:
Device "Tesla V100-SXM2-16GB (0)"
   Count  Avg Size  Min Size  Max Size  Total Size  Total Time  Name
      21  195.05KB  64.000KB  896.00KB  4.000000MB    0.124544ms  Host To Device
      29         -         -         -           -    4.232416ms  Gpu page fault groups
       5  1.7750MB  896.00KB  2.0000MB  8.875000MB           -  Remote mapping to device
Total CPU Page faults: 58
Total remote mappings from CPU: 5
