==90209== NVPROF is profiling process 90209, command: ./cfd_1452 ../../../data/cfd/fvcorr.domn.097K
==90209== Profiling application: ./cfd_1452 ../../../data/cfd/fvcorr.domn.097K
==90209== Profiling result:
            Type  Time(%)      Time     Calls       Avg       Min       Max  Name
                        %        ms                  ms        ms        ms
 GPU activities:    81.24  329.5521      6000  0.054925  0.051968  1.228761  cuda_compute_flux(int, int*, float*, float*, float*)
                    10.72  43.47193      6000  7.25e-03  6.37e-03  8.96e-03  cuda_time_step(int, int, float*, float*, float*, float*)
                     5.42  22.00452      2000  0.011002  0.010688  0.417118  cuda_compute_step_factor(int, float*, float*, float*)
                     2.36  9.582636      2000  4.79e-03  4.61e-03  0.011743  [CUDA memcpy DtoD]
                     0.25  1.020635         3  0.340211  0.294303  0.371998  cuda_initialize_variables(int, float*)
                     0.00  6.82e-03         5  1.36e-03  1.28e-03  1.63e-03  [CUDA memcpy HtoD]
                     0.00  2.37e-03         1  2.37e-03  2.37e-03  2.37e-03  [CUDA memset]
      API calls:    41.70  291.2981      2000  0.145649  0.032967  1.722357  cudaMemcpy
                    32.55  227.3921         5  45.47841  0.012709  227.3391  cudaMemcpyToSymbol
                    19.78  138.1497     14003  9.86e-03  9.12e-03  0.100156  cudaLaunchKernel
                     2.98  20.84535         7  2.977907  9.96e-03  20.39361  cudaMallocManaged
                     1.05  7.312061     28003  2.61e-04  2.13e-04  0.115916  cudaGetLastError
                     0.73  5.091954       384  0.013260  2.36e-04  0.531235  cuDeviceGetAttribute
                     0.60  4.160262         4  1.040065  1.031856  1.055921  cuDeviceTotalMem
                     0.19  1.358575        10  0.135857  1.30e-03  0.437917  cudaFree
                     0.18  1.223766         1  1.223766  1.223766  1.223766  cudaGetDeviceProperties
                     0.15  1.038469         1  1.038469  1.038469  1.038469  cudaMemset
                     0.06  0.421376         4  0.105344  0.102803  0.107163  cuDeviceGetName
                     0.02  0.150048         2  0.075024  9.76e-03  0.140287  cudaThreadSynchronize
                     0.00  0.025013         3  8.34e-03  4.64e-03  0.012298  cudaMemAdvise
                     0.00  0.014171         4  3.54e-03  1.15e-03  9.57e-03  cuDeviceGetPCIBusId
                     0.00  0.010593         1  0.010593  0.010593  0.010593  cudaSetDevice
                     0.00  3.15e-03         8  3.93e-04  3.16e-04  5.84e-04  cuDeviceGet
                     0.00  1.66e-03         1  1.66e-03  1.66e-03  1.66e-03  cudaGetDevice
                     0.00  1.43e-03         3  4.76e-04  3.96e-04  6.27e-04  cuDeviceGetCount

==90209== Unified Memory profiling result:
Device "Tesla V100-SXM2-16GB (0)"
   Count  Avg Size  Min Size  Max Size  Total Size  Total Time  Name
       8  192.00KB  128.00KB  384.00KB  1.500000MB    0.046112ms  Host To Device
      23         -         -         -           -    2.858208ms  Gpu page fault groups
       3  128.00KB  64.000KB  192.00KB  384.0000KB           -  Remote mapping from device
       8  768.00KB  128.00KB  2.0000MB  6.000000MB           -  Remote mapping to device
Total CPU Page faults: 15
Total remote mappings from CPU: 8
Total remote mappings to CPU: 3
