==62281== NVPROF is profiling process 62281, command: ./cfd_1022 ../../../data/cfd/fvcorr.domn.193K
==62281== Profiling application: ./cfd_1022 ../../../data/cfd/fvcorr.domn.193K
==62281== Profiling result:
            Type  Time(%)      Time     Calls       Avg       Min       Max  Name
                        %        ms                  ms        ms        ms
 GPU activities:    77.17  491.1227      6000  0.081853  0.078943  0.530141  cuda_compute_flux(int, int*, float*, float*, float*)
                    16.61  105.7113      6000  0.017618  0.016032  0.019936  cuda_time_step(int, int, float*, float*, float*, float*)
                     3.00  19.07787      2000  9.54e-03  8.99e-03  0.013215  [CUDA memcpy DtoD]
                     2.83  18.03286      2000  9.02e-03  8.38e-03  0.144608  cuda_compute_step_factor(int, float*, float*, float*)
                     0.38  2.448402         3  0.816134  0.718012  0.917627  cuda_initialize_variables(int, float*)
                     0.00  6.78e-03         5  1.36e-03  1.28e-03  1.60e-03  [CUDA memcpy HtoD]
                     0.00  1.86e-03         1  1.86e-03  1.86e-03  1.86e-03  [CUDA memset]
      API calls:    56.40  524.9118      2000  0.262455  0.047838  0.841220  cudaMemcpy
                    24.25  225.6862         5  45.13723  0.012513  225.6342  cudaMemcpyToSymbol
                    14.69  136.7533     14003  9.76e-03  9.06e-03  0.096131  cudaLaunchKernel
                     2.23  20.79330         7  2.970471  0.011002  20.39499  cudaMallocManaged
                     0.76  7.035080     28003  2.51e-04  2.10e-04  0.094643  cudaGetLastError
                     0.55  5.095809       384  0.013270  2.31e-04  0.531274  cuDeviceGetAttribute
                     0.44  4.141216         4  1.035304  1.029500  1.045232  cuDeviceTotalMem
                     0.29  2.703814         1  2.703814  2.703814  2.703814  cudaMemset
                     0.18  1.705813        10  0.170581  1.31e-03  0.668084  cudaFree
                     0.13  1.220050         1  1.220050  1.220050  1.220050  cudaGetDeviceProperties
                     0.05  0.421068         4  0.105267  0.102190  0.107205  cuDeviceGetName
                     0.03  0.262487         2  0.131243  0.010162  0.252325  cudaThreadSynchronize
                     0.00  0.014150         4  3.54e-03  1.15e-03  9.45e-03  cuDeviceGetPCIBusId
                     0.00  0.012103         2  6.05e-03  4.44e-03  7.67e-03  cudaMemAdvise
                     0.00  0.010699         1  0.010699  0.010699  0.010699  cudaSetDevice
                     0.00  3.15e-03         8  3.94e-04  3.08e-04  6.13e-04  cuDeviceGet
                     0.00  1.86e-03         1  1.86e-03  1.86e-03  1.86e-03  cudaGetDevice
                     0.00  1.38e-03         3  4.60e-04  3.43e-04  6.48e-04  cuDeviceGetCount

==62281== Unified Memory profiling result:
Device "Tesla V100-SXM2-16GB (0)"
   Count  Avg Size  Min Size  Max Size  Total Size  Total Time  Name
       6  170.67KB  64.000KB  448.00KB  1.000000MB    0.030176ms  Host To Device
      25         -         -         -           -    3.354176ms  Gpu page fault groups
       7  1.6964MB  896.00KB  2.0000MB  11.87500MB           -  Remote mapping to device
Total CPU Page faults: 12
Total remote mappings from CPU: 7
