==70128== NVPROF is profiling process 70128, command: ./cfd_1133 ../../../data/cfd/missile.domn.0.2M
==70128== Profiling application: ./cfd_1133 ../../../data/cfd/missile.domn.0.2M
==70128== Profiling result:
            Type  Time(%)      Time     Calls       Avg       Min       Max  Name
                        %        ms                  ms        ms        ms
 GPU activities:    66.96  361.9947      6000  0.060332  0.052959  3.874442  cuda_compute_flux(int, int*, float*, float*, float*)
                    22.80  123.2463      6000  0.020541  0.019519  0.022400  cuda_time_step(int, int, float*, float*, float*, float*)
                     5.31  28.70497      2000  0.014352  0.013664  0.016960  [CUDA memcpy DtoD]
                     4.46  24.09037      2000  0.012045  0.010527  0.635484  cuda_compute_step_factor(int, float*, float*, float*)
                     0.47  2.557042         3  0.852347  0.794972  0.915195  cuda_initialize_variables(int, float*)
                     0.00  6.75e-03         5  1.35e-03  1.28e-03  1.57e-03  [CUDA memcpy HtoD]
                     0.00  2.34e-03         1  2.34e-03  2.34e-03  2.34e-03  [CUDA memset]
      API calls:    50.77  424.4126      2000  0.212206  0.066750  4.812961  cudaMemcpy
                    27.44  229.3783         5  45.87567  0.012443  229.3273  cudaMemcpyToSymbol
                    16.60  138.7429     14003  9.91e-03  9.09e-03  0.267409  cudaLaunchKernel
                     2.48  20.74534         7  2.963620  0.016218  20.34725  cudaMallocManaged
                     0.84  7.006640     28003  2.50e-04  2.13e-04  4.30e-03  cudaGetLastError
                     0.63  5.266654       384  0.013715  2.37e-04  0.580210  cuDeviceGetAttribute
                     0.50  4.219111         4  1.054777  1.032289  1.097427  cuDeviceTotalMem
                     0.33  2.783268         1  2.783268  2.783268  2.783268  cudaMemset
                     0.17  1.404129        10  0.140412  1.29e-03  0.379978  cudaFree
                     0.15  1.263790         1  1.263790  1.263790  1.263790  cudaGetDeviceProperties
                     0.05  0.426817         4  0.106704  0.102975  0.110539  cuDeviceGetName
                     0.02  0.204108         2  0.102054  0.010158  0.193950  cudaThreadSynchronize
                     0.00  0.018779         3  6.26e-03  4.12e-03  8.93e-03  cudaMemAdvise
                     0.00  0.016840         1  0.016840  0.016840  0.016840  cudaSetDevice
                     0.00  0.016741         4  4.18e-03  1.14e-03  0.011700  cuDeviceGetPCIBusId
                     0.00  3.29e-03         8  4.11e-04  2.99e-04  6.45e-04  cuDeviceGet
                     0.00  1.78e-03         1  1.78e-03  1.78e-03  1.78e-03  cudaGetDevice
                     0.00  1.63e-03         3  5.41e-04  4.13e-04  7.58e-04  cuDeviceGetCount

==70128== Unified Memory profiling result:
Device "Tesla V100-SXM2-16GB (0)"
   Count  Avg Size  Min Size  Max Size  Total Size  Total Time  Name
     111  140.11KB  64.000KB  896.00KB  15.18750MB    0.530880ms  Host To Device
      33         -         -         -           -    7.310944ms  Gpu page fault groups
      97  150.43KB  64.000KB  576.00KB  14.25000MB           -  Remote mapping from device
Total CPU Page faults: 100
Total remote mappings to CPU: 97
