==49700== NVPROF is profiling process 49700, command: ./cfd_0415 ../../../data/cfd/missile.domn.0.2M
==49700== Profiling application: ./cfd_0415 ../../../data/cfd/missile.domn.0.2M
==49700== Profiling result:
            Type  Time(%)      Time     Calls       Avg       Min       Max  Name
                        %        ms                  ms        ms        ms
 GPU activities:    63.08  364.2431      6000  0.060707  0.053439  4.309063  cuda_compute_flux(int, int*, float*, float*, float*)
                    24.33  140.5017      6000  0.023416  0.021952  0.025312  cuda_time_step(int, int, float*, float*, float*, float*)
                     7.22  41.67657      2000  0.020838  0.019552  0.910619  cuda_compute_step_factor(int, float*, float*, float*)
                     4.94  28.51331      2000  0.014256  0.013280  0.017024  [CUDA memcpy DtoD]
                     0.44  2.527698         3  0.842566  0.727932  0.933211  cuda_initialize_variables(int, float*)
                     0.00  6.82e-03         5  1.36e-03  1.28e-03  1.66e-03  [CUDA memcpy HtoD]
                     0.00  2.37e-03         1  2.37e-03  2.37e-03  2.37e-03  [CUDA memset]
      API calls:    53.05  460.4476      2000  0.230223  0.059179  5.357104  cudaMemcpy
                    26.07  226.2486         5  45.24971  0.012190  226.1979  cudaMemcpyToSymbol
                    15.88  137.8081     14003  9.84e-03  9.06e-03  0.107746  cudaLaunchKernel
                     2.40  20.79736         7  2.971051  0.016714  20.40096  cudaMallocManaged
                     0.81  7.066192     28003  2.52e-04  2.13e-04  7.46e-04  cudaGetLastError
                     0.59  5.094527       384  0.013266  2.34e-04  0.534360  cuDeviceGetAttribute
                     0.48  4.138029         4  1.034507  1.031998  1.036865  cuDeviceTotalMem
                     0.31  2.726734         1  2.726734  2.726734  2.726734  cudaMemset
                     0.17  1.436337        10  0.143633  1.28e-03  0.403927  cudaFree
                     0.16  1.412844         1  1.412844  1.412844  1.412844  cudaGetDeviceProperties
                     0.05  0.424927         4  0.106231  0.102535  0.108330  cuDeviceGetName
                     0.03  0.225665         2  0.112832  0.012632  0.213033  cudaThreadSynchronize
                     0.00  0.024350         3  8.12e-03  5.09e-03  0.013446  cudaMemAdvise
                     0.00  0.014295         4  3.57e-03  1.19e-03  9.68e-03  cuDeviceGetPCIBusId
                     0.00  0.011087         1  0.011087  0.011087  0.011087  cudaSetDevice
                     0.00  3.05e-03         8  3.80e-04  2.87e-04  5.26e-04  cuDeviceGet
                     0.00  2.50e-03         1  2.50e-03  2.50e-03  2.50e-03  cudaGetDevice
                     0.00  1.41e-03         3  4.71e-04  3.73e-04  6.60e-04  cuDeviceGetCount

==49700== Unified Memory profiling result:
Device "Tesla V100-SXM2-16GB (0)"
   Count  Avg Size  Min Size  Max Size  Total Size  Total Time  Name
      78  187.08KB  64.000KB  768.00KB  14.25000MB    0.417920ms  Host To Device
      43         -         -         -           -    7.963488ms  Gpu page fault groups
       9  106.67KB  64.000KB  192.00KB  960.0000KB           -  Remote mapping from device
      36  304.00KB  64.000KB  1.0000MB  10.68750MB           -  Remote mapping to device
Total CPU Page faults: 123
Total remote mappings from CPU: 36
Total remote mappings to CPU: 9
