==81947== NVPROF is profiling process 81947, command: ./cfd_1331 ../../../data/cfd/missile.domn.0.2M
==81947== Profiling application: ./cfd_1331 ../../../data/cfd/missile.domn.0.2M
==81947== Profiling result:
            Type  Time(%)      Time     Calls       Avg       Min       Max  Name
                        %        ms                  ms        ms        ms
 GPU activities:    67.11  359.2981      6000  0.059883  0.052991  4.150568  cuda_compute_flux(int, int*, float*, float*, float*)
                    22.60  121.0095      6000  0.020168  0.019104  0.021888  cuda_time_step(int, int, float*, float*, float*, float*)
                     5.44  29.13798      2000  0.014568  0.013696  0.017216  [CUDA memcpy DtoD]
                     4.37  23.41702      2000  0.011708  0.010464  0.024064  cuda_compute_step_factor(int, float*, float*, float*)
                     0.47  2.513586         3  0.837862  0.664221  1.001530  cuda_initialize_variables(int, float*)
                     0.00  6.85e-03         5  1.37e-03  1.28e-03  1.63e-03  [CUDA memcpy HtoD]
                     0.00  2.34e-03         1  2.34e-03  2.34e-03  2.34e-03  [CUDA memset]
      API calls:    50.74  419.0915      2000  0.209545  0.051798  4.465370  cudaMemcpy
                    27.35  225.8499         5  45.16997  0.012658  225.7976  cudaMemcpyToSymbol
                    16.70  137.9416     14003  9.85e-03  9.04e-03  0.103748  cudaLaunchKernel
                     2.51  20.76335         7  2.966193  0.017216  20.37881  cudaMallocManaged
                     0.85  7.022195     28003  2.50e-04  2.13e-04  2.02e-03  cudaGetLastError
                     0.62  5.101681       384  0.013285  2.31e-04  0.532874  cuDeviceGetAttribute
                     0.50  4.140184         4  1.035046  1.030529  1.040804  cuDeviceTotalMem
                     0.33  2.702594         1  2.702594  2.702594  2.702594  cudaMemset
                     0.17  1.376223        10  0.137622  1.18e-03  0.410958  cudaFree
                     0.15  1.225899         1  1.225899  1.225899  1.225899  cudaGetDeviceProperties
                     0.05  0.422269         4  0.105567  0.102728  0.107354  cuDeviceGetName
                     0.02  0.205121         2  0.102560  0.010458  0.194663  cudaThreadSynchronize
                     0.00  0.019022         3  6.34e-03  4.25e-03  0.010287  cudaMemAdvise
                     0.00  0.014659         4  3.66e-03  1.18e-03  9.89e-03  cuDeviceGetPCIBusId
                     0.00  0.010234         1  0.010234  0.010234  0.010234  cudaSetDevice
                     0.00  3.16e-03         8  3.94e-04  2.94e-04  5.81e-04  cuDeviceGet
                     0.00  1.79e-03         1  1.79e-03  1.79e-03  1.79e-03  cudaGetDevice
                     0.00  1.41e-03         3  4.71e-04  3.65e-04  6.21e-04  cuDeviceGetCount

==81947== Unified Memory profiling result:
Device "Tesla V100-SXM2-16GB (0)"
   Count  Avg Size  Min Size  Max Size  Total Size  Total Time  Name
      84  185.14KB  64.000KB  960.00KB  15.18750MB    0.444896ms  Host To Device
      38         -         -         -           -    7.033056ms  Gpu page fault groups
      27  170.67KB  64.000KB  576.00KB  4.500000MB           -  Remote mapping from device
Total CPU Page faults: 196
Total remote mappings to CPU: 27
