==78616== NVPROF is profiling process 78616, command: ./cfd_1255 ../../../data/cfd/fvcorr.domn.193K
==78616== Profiling application: ./cfd_1255 ../../../data/cfd/fvcorr.domn.193K
==78616== Profiling result:
            Type  Time(%)      Time     Calls       Avg       Min       Max  Name
                        %        ms                  ms        ms        ms
 GPU activities:    67.26  295.3483      6000  0.049224  0.046464  4.097192  cuda_compute_flux(int, int*, float*, float*, float*)
                    23.94  105.1384      6000  0.017523  0.016512  0.019552  cuda_time_step(int, int, float*, float*, float*, float*)
                     4.32  18.95570      2000  9.48e-03  8.90e-03  0.012736  [CUDA memcpy DtoD]
                     3.95  17.33324      2000  8.67e-03  8.32e-03  0.011360  cuda_compute_step_factor(int, float*, float*, float*)
                     0.52  2.302643         3  0.767547  0.758332  0.783100  cuda_initialize_variables(int, float*)
                     0.00  6.82e-03         5  1.36e-03  1.28e-03  1.60e-03  [CUDA memcpy HtoD]
                     0.00  1.89e-03         1  1.89e-03  1.89e-03  1.89e-03  [CUDA memset]
      API calls:    44.54  327.8269      2000  0.163913  0.048284  4.207721  cudaMemcpy
                    30.85  227.0604         5  45.41208  0.012314  227.0090  cudaMemcpyToSymbol
                    18.79  138.3227     14003  9.88e-03  9.15e-03  0.174747  cudaLaunchKernel
                     2.82  20.79271         7  2.970387  0.010804  20.28259  cudaMallocManaged
                     0.97  7.146758     28003  2.55e-04  2.13e-04  0.082694  cudaGetLastError
                     0.69  5.100176       384  0.013281  2.34e-04  0.532719  cuDeviceGetAttribute
                     0.56  4.145719         4  1.036429  1.031093  1.042816  cuDeviceTotalMem
                     0.33  2.409261         1  2.409261  2.409261  2.409261  cudaMemset
                     0.19  1.398980        10  0.139898  1.33e-03  0.362311  cudaFree
                     0.17  1.226300         1  1.226300  1.226300  1.226300  cudaGetDeviceProperties
                     0.06  0.421451         4  0.105362  0.102621  0.107337  cuDeviceGetName
                     0.02  0.163126         2  0.081563  9.76e-03  0.153367  cudaThreadSynchronize
                     0.00  0.020110         3  6.70e-03  3.93e-03  0.011135  cudaMemAdvise
                     0.00  0.012898         4  3.22e-03  1.18e-03  8.40e-03  cuDeviceGetPCIBusId
                     0.00  0.010558         1  0.010558  0.010558  0.010558  cudaSetDevice
                     0.00  3.29e-03         8  4.11e-04  3.07e-04  5.47e-04  cuDeviceGet
                     0.00  1.68e-03         1  1.68e-03  1.68e-03  1.68e-03  cudaGetDevice
                     0.00  1.52e-03         3  5.08e-04  3.85e-04  6.62e-04  cuDeviceGetCount

==78616== Unified Memory profiling result:
Device "Tesla V100-SXM2-16GB (0)"
   Count  Avg Size  Min Size  Max Size  Total Size  Total Time  Name
      72  168.89KB  64.000KB  960.00KB  11.87500MB    0.365952ms  Host To Device
      31         -         -         -           -    6.680832ms  Gpu page fault groups
      40  323.20KB  64.000KB  1.0000MB  12.62500MB           -  Remote mapping to device
Total CPU Page faults: 80
Total remote mappings from CPU: 40
