==31098== NVPROF is profiling process 31098, command: ./cfd_0115 ../../../data/cfd/fvcorr.domn.097K
==31098== Profiling application: ./cfd_0115 ../../../data/cfd/fvcorr.domn.097K
==31098== Profiling result:
            Type  Time(%)      Time     Calls       Avg       Min       Max  Name
                        %        ms                  ms        ms        ms
 GPU activities:    74.17  174.1943      6000  0.029032  0.027072  2.384339  cuda_compute_flux(int, int*, float*, float*, float*)
                    18.11  42.52204      6000  7.09e-03  6.21e-03  8.93e-03  cuda_time_step(int, int, float*, float*, float*, float*)
                     4.06  9.542321      2000  4.77e-03  4.67e-03  0.010976  [CUDA memcpy DtoD]
                     3.19  7.488658      2000  3.74e-03  3.36e-03  0.476830  cuda_compute_step_factor(int, float*, float*, float*)
                     0.47  1.104890         3  0.368296  0.273246  0.518590  cuda_initialize_variables(int, float*)
                     0.00  6.75e-03         5  1.35e-03  1.28e-03  1.60e-03  [CUDA memcpy HtoD]
                     0.00  2.34e-03         1  2.34e-03  2.34e-03  2.34e-03  [CUDA memset]
      API calls:    41.77  224.6391         5  44.92781  0.012424  224.5883  cudaMemcpyToSymbol
                    25.61  137.7465     14003  9.84e-03  9.08e-03  0.103388  cudaLaunchKernel
                    24.97  134.3158      2000  0.067157  0.029561  2.885732  cudaMemcpy
                     3.87  20.84021         7  2.977173  9.27e-03  20.39760  cudaMallocManaged
                     1.33  7.157880     28003  2.55e-04  2.13e-04  0.093250  cudaGetLastError
                     0.95  5.112870       384  0.013314  2.35e-04  0.532105  cuDeviceGetAttribute
                     0.77  4.145631         4  1.036407  1.033801  1.039490  cuDeviceTotalMem
                     0.23  1.222093         1  1.222093  1.222093  1.222093  cudaGetDeviceProperties
                     0.21  1.114270         1  1.114270  1.114270  1.114270  cudaMemset
                     0.18  0.988226        10  0.098822  1.34e-03  0.258042  cudaFree
                     0.08  0.421650         4  0.105412  0.103461  0.107123  cuDeviceGetName
                     0.01  0.071134         2  0.035567  9.06e-03  0.062070  cudaThreadSynchronize
                     0.00  0.020578         3  6.86e-03  5.20e-03  9.36e-03  cudaMemAdvise
                     0.00  0.013673         4  3.42e-03  1.10e-03  8.89e-03  cuDeviceGetPCIBusId
                     0.00  0.012498         1  0.012498  0.012498  0.012498  cudaSetDevice
                     0.00  3.12e-03         8  3.90e-04  2.96e-04  5.45e-04  cuDeviceGet
                     0.00  1.70e-03         1  1.70e-03  1.70e-03  1.70e-03  cudaGetDevice
                     0.00  1.55e-03         3  5.17e-04  4.27e-04  6.70e-04  cuDeviceGetCount

==31098== Unified Memory profiling result:
Device "Tesla V100-SXM2-16GB (0)"
   Count  Avg Size  Min Size  Max Size  Total Size  Total Time  Name
      42  155.43KB  64.000KB  768.00KB  6.375000MB    0.209536ms  Host To Device
      24         -         -         -           -    4.165312ms  Gpu page fault groups
      17  271.06KB  64.000KB  960.00KB  4.500000MB           -  Remote mapping to device
Total CPU Page faults: 63
Total remote mappings from CPU: 17
