==74349== NVPROF is profiling process 74349, command: ./cfd_1214 ../../../data/cfd/fvcorr.domn.193K
==74349== Profiling application: ./cfd_1214 ../../../data/cfd/fvcorr.domn.193K
==74349== Profiling result:
            Type  Time(%)      Time     Calls       Avg       Min       Max  Name
                        %        ms                  ms        ms        ms
 GPU activities:    86.39  908.7968      6000  0.151466  0.148223  2.786928  cuda_compute_flux(int, int*, float*, float*, float*)
                     9.80  103.0847      6000  0.017180  0.016352  0.019616  cuda_time_step(int, int, float*, float*, float*, float*)
                     1.86  19.60047      2000  9.80e-03  9.25e-03  0.012960  [CUDA memcpy DtoD]
                     1.72  18.08205      2000  9.04e-03  8.51e-03  0.013600  cuda_compute_step_factor(int, float*, float*, float*)
                     0.23  2.399346         3  0.799782  0.766780  0.845787  cuda_initialize_variables(int, float*)
                     0.00  6.78e-03         5  1.36e-03  1.28e-03  1.60e-03  [CUDA memcpy HtoD]
                     0.00  1.86e-03         1  1.86e-03  1.86e-03  1.86e-03  [CUDA memset]
      API calls:    68.06  937.7940      2000  0.468897  0.046936  3.107210  cudaMemcpy
                    18.37  253.0434         5  50.60867  0.012885  252.9904  cudaMemcpyToSymbol
                    10.23  141.0109     14003  0.010070  9.28e-03  0.110072  cudaLaunchKernel
                     1.51  20.78907         7  2.969867  0.010956  20.40540  cudaMallocManaged
                     0.52  7.145637     28003  2.55e-04  2.12e-04  0.114799  cudaGetLastError
                     0.43  5.892375       384  0.015344  2.32e-04  1.219967  cuDeviceGetAttribute
                     0.30  4.140391         4  1.035097  1.028928  1.038511  cuDeviceTotalMem
                     0.19  2.630749         1  2.630749  2.630749  2.630749  cudaMemset
                     0.19  2.562497         1  2.562497  2.562497  2.562497  cudaGetDeviceProperties
                     0.13  1.852829        10  0.185282  1.22e-03  0.792252  cudaFree
                     0.03  0.466586         2  0.233293  9.55e-03  0.457034  cudaThreadSynchronize
                     0.03  0.423225         4  0.105806  0.102997  0.107470  cuDeviceGetName
                     0.00  0.020820         3  6.94e-03  4.46e-03  0.011763  cudaMemAdvise
                     0.00  0.012425         4  3.11e-03  1.15e-03  7.81e-03  cuDeviceGetPCIBusId
                     0.00  0.011679         1  0.011679  0.011679  0.011679  cudaSetDevice
                     0.00  3.28e-03         8  4.10e-04  3.20e-04  5.41e-04  cuDeviceGet
                     0.00  1.61e-03         1  1.61e-03  1.61e-03  1.61e-03  cudaGetDevice
                     0.00  1.40e-03         3  4.68e-04  3.83e-04  6.13e-04  cuDeviceGetCount

==74349== Unified Memory profiling result:
Device "Tesla V100-SXM2-16GB (0)"
   Count  Avg Size  Min Size  Max Size  Total Size  Total Time  Name
      14  219.43KB  64.000KB  960.00KB  3.000000MB    0.082336ms  Host To Device
      40         -         -         -           -    5.452384ms  Gpu page fault groups
      74  122.81KB  64.000KB  384.00KB  8.875000MB           -  Remote mapping from device
       1  768.00KB  768.00KB  768.00KB  768.0000KB           -  Remote mapping to device
Total CPU Page faults: 54
Total remote mappings from CPU: 1
Total remote mappings to CPU: 74
