==37308== NVPROF is profiling process 37308, command: ./cfd_0215 ../../../data/cfd/fvcorr.domn.193K
==37308== Profiling application: ./cfd_0215 ../../../data/cfd/fvcorr.domn.193K
==37308== Profiling result:
            Type  Time(%)      Time     Calls       Avg       Min       Max  Name
                        %        ms                  ms        ms        ms
 GPU activities:    67.36  299.7104      6000  0.049951  0.047392  3.376237  cuda_compute_flux(int, int*, float*, float*, float*)
                    23.45  104.3605      6000  0.017393  0.016224  0.019616  cuda_time_step(int, int, float*, float*, float*, float*)
                     4.35  19.36239      2000  9.68e-03  9.41e-03  0.014016  cuda_compute_step_factor(int, float*, float*, float*)
                     4.31  19.16418      2000  9.58e-03  9.02e-03  0.012832  [CUDA memcpy DtoD]
                     0.53  2.336018         3  0.778672  0.693692  0.854811  cuda_initialize_variables(int, float*)
                     0.00  6.85e-03         5  1.37e-03  1.31e-03  1.60e-03  [CUDA memcpy HtoD]
                     0.00  2.02e-03         1  2.02e-03  2.02e-03  2.02e-03  [CUDA memset]
      API calls:    45.11  332.6658      2000  0.166332  0.046770  3.496032  cudaMemcpy
                    30.46  224.6574         5  44.93147  0.012201  224.6057  cudaMemcpyToSymbol
                    18.65  137.5346     14003  9.82e-03  9.11e-03  0.108500  cudaLaunchKernel
                     2.82  20.76812         7  2.966874  0.010886  20.39074  cudaMallocManaged
                     0.92  6.779102     28003  2.42e-04  2.09e-04  4.00e-03  cudaGetLastError
                     0.69  5.106757       384  0.013298  2.36e-04  0.531795  cuDeviceGetAttribute
                     0.56  4.144948         4  1.036237  1.034476  1.038357  cuDeviceTotalMem
                     0.35  2.567565         1  2.567565  2.567565  2.567565  cudaMemset
                     0.18  1.349331        10  0.134933  1.28e-03  0.346774  cudaFree
                     0.17  1.217720         1  1.217720  1.217720  1.217720  cudaGetDeviceProperties
                     0.06  0.429415         4  0.107353  0.106481  0.108110  cuDeviceGetName
                     0.02  0.165117         2  0.082558  0.012339  0.152778  cudaThreadSynchronize
                     0.00  0.020372         3  6.79e-03  4.40e-03  0.011194  cudaMemAdvise
                     0.00  0.014844         4  3.71e-03  1.18e-03  9.96e-03  cuDeviceGetPCIBusId
                     0.00  0.010453         1  0.010453  0.010453  0.010453  cudaSetDevice
                     0.00  3.18e-03         8  3.97e-04  3.09e-04  5.69e-04  cuDeviceGet
                     0.00  1.72e-03         1  1.72e-03  1.72e-03  1.72e-03  cudaGetDevice
                     0.00  1.53e-03         3  5.10e-04  4.46e-04  6.31e-04  cuDeviceGetCount

==37308== Unified Memory profiling result:
Device "Tesla V100-SXM2-16GB (0)"
   Count  Avg Size  Min Size  Max Size  Total Size  Total Time  Name
      59  206.10KB  64.000KB  896.00KB  11.87500MB    0.331520ms  Host To Device
      31         -         -         -           -    6.006816ms  Gpu page fault groups
      22  448.00KB  64.000KB  1.0000MB  9.625000MB           -  Remote mapping to device
Total CPU Page faults: 107
Total remote mappings from CPU: 22
