==23123== NVPROF is profiling process 23123, command: ./cfd_0000 ../../../data/cfd/fvcorr.domn.193K
==23123== Profiling application: ./cfd_0000 ../../../data/cfd/fvcorr.domn.193K
==23123== Profiling result:
            Type  Time(%)      Time     Calls       Avg       Min       Max  Name
                        %        ms                  ms        ms        ms
 GPU activities:    67.10  297.5935      6000  0.049598  0.047199  3.328554  cuda_compute_flux(int, int*, float*, float*, float*)
                    24.19  107.2766      6000  0.017879  0.016416  0.019903  cuda_time_step(int, int, float*, float*, float*, float*)
                     4.33  19.19534      2000  9.60e-03  9.06e-03  0.013248  [CUDA memcpy DtoD]
                     3.86  17.13329      2000  8.57e-03  7.90e-03  0.159167  cuda_compute_step_factor(int, float*, float*, float*)
                     0.52  2.300273         3  0.766757  0.719804  0.799451  cuda_initialize_variables(int, float*)
                     0.00  6.78e-03         5  1.36e-03  1.28e-03  1.60e-03  [CUDA memcpy HtoD]
                     0.00  1.86e-03         1  1.86e-03  1.86e-03  1.86e-03  [CUDA memset]
      API calls:    45.07  333.9800      2000  0.166989  0.048400  3.595989  cudaMemcpy
                    30.60  226.7788         5  45.35577  0.012084  226.7282  cudaMemcpyToSymbol
                    18.35  135.9905     14003  9.71e-03  8.96e-03  0.109222  cudaLaunchKernel
                     2.80  20.76642         7  2.966632  0.010931  20.36423  cudaMallocManaged
                     0.94  6.978756     28003  2.49e-04  2.09e-04  0.103289  cudaGetLastError
                     0.72  5.343419       384  0.013915  2.34e-04  0.639558  cuDeviceGetAttribute
                     0.56  4.150562         4  1.037640  1.034273  1.044332  cuDeviceTotalMem
                     0.35  2.600885         1  2.600885  2.600885  2.600885  cudaGetDeviceProperties
                     0.35  2.589461         1  2.589461  2.589461  2.589461  cudaMemset
                     0.16  1.199219        10  0.119921  1.26e-03  0.317533  cudaFree
                     0.06  0.426976         4  0.106744  0.104072  0.108853  cuDeviceGetName
                     0.02  0.168314         2  0.084157  0.012140  0.156174  cudaThreadSynchronize
                     0.00  0.015035         4  3.76e-03  1.11e-03  9.96e-03  cuDeviceGetPCIBusId
                     0.00  0.010158         1  0.010158  0.010158  0.010158  cudaSetDevice
                     0.00  3.23e-03         8  4.03e-04  2.95e-04  5.86e-04  cuDeviceGet
                     0.00  1.90e-03         1  1.90e-03  1.90e-03  1.90e-03  cudaGetDevice
                     0.00  1.38e-03         3  4.59e-04  3.19e-04  6.31e-04  cuDeviceGetCount

==23123== Unified Memory profiling result:
Device "Tesla V100-SXM2-16GB (0)"
   Count  Avg Size  Min Size  Max Size  Total Size  Total Time  Name
      69  191.07KB  64.000KB  960.00KB  12.87500MB    0.370944ms  Host To Device
      34         -         -         -           -    6.080832ms  Gpu page fault groups
Total CPU Page faults: 84
