==40314== NVPROF is profiling process 40314, command: ./cfd_0244 ../../../data/cfd/missile.domn.0.2M
==40314== Profiling application: ./cfd_0244 ../../../data/cfd/missile.domn.0.2M
==40314== Profiling result:
            Type  Time(%)      Time     Calls       Avg       Min       Max  Name
                        %        ms                  ms        ms        ms
 GPU activities:    88.68  1.41e+03      6000  0.235251  0.231998  3.722890  cuda_compute_flux(int, int*, float*, float*, float*)
                     7.77  123.7124      6000  0.020618  0.019456  0.023200  cuda_time_step(int, int, float*, float*, float*, float*)
                     1.83  29.09208      2000  0.014546  0.013664  0.016640  [CUDA memcpy DtoD]
                     1.55  24.60392      2000  0.012301  0.010944  0.013376  cuda_compute_step_factor(int, float*, float*, float*)
                     0.18  2.799215         3  0.933071  0.767611  1.032154  cuda_initialize_variables(int, float*)
                     0.00  6.85e-03         5  1.37e-03  1.31e-03  1.60e-03  [CUDA memcpy HtoD]
                     0.00  1.89e-03         1  1.89e-03  1.89e-03  1.89e-03  [CUDA memset]
      API calls:    77.88  1.47e+03      2000  0.735716  0.051812  4.218299  cudaMemcpy
                    12.29  232.2360         5  46.44721  0.012542  232.1842  cudaMemcpyToSymbol
                     7.46  140.9889     14003  0.010068  9.26e-03  0.127162  cudaLaunchKernel
                     1.10  20.79379         7  2.970541  0.016248  20.39491  cudaMallocManaged
                     0.37  7.025685     28003  2.50e-04  2.09e-04  7.11e-03  cudaGetLastError
                     0.27  5.123360       384  0.013342  2.34e-04  0.531865  cuDeviceGetAttribute
                     0.22  4.137980         4  1.034495  1.031851  1.037471  cuDeviceTotalMem
                     0.16  3.041240         1  3.041240  3.041240  3.041240  cudaMemset
                     0.11  2.103547        10  0.210354  1.38e-03  0.890288  cudaFree
                     0.06  1.223054         1  1.223054  1.223054  1.223054  cudaGetDeviceProperties
                     0.04  0.729181         2  0.364590  9.99e-03  0.719189  cudaThreadSynchronize
                     0.02  0.422220         4  0.105555  0.103153  0.107180  cuDeviceGetName
                     0.00  0.021204         3  7.07e-03  4.22e-03  0.012249  cudaMemAdvise
                     0.00  0.014646         4  3.66e-03  1.22e-03  9.71e-03  cuDeviceGetPCIBusId
                     0.00  0.011015         1  0.011015  0.011015  0.011015  cudaSetDevice
                     0.00  3.20e-03         8  4.00e-04  3.03e-04  5.29e-04  cuDeviceGet
                     0.00  1.82e-03         1  1.82e-03  1.82e-03  1.82e-03  cudaGetDevice
                     0.00  1.44e-03         3  4.78e-04  3.93e-04  6.31e-04  cuDeviceGetCount

==40314== Unified Memory profiling result:
Device "Tesla V100-SXM2-16GB (0)"
   Count  Avg Size  Min Size  Max Size  Total Size  Total Time  Name
      49         -         -         -           -    6.744416ms  Gpu page fault groups
     143  102.04KB  64.000KB  384.00KB  14.25000MB           -  Remote mapping from device
       1  960.00KB  960.00KB  960.00KB  960.0000KB           -  Remote mapping to device
Total CPU Page faults: 9
Total remote mappings from CPU: 1
Total remote mappings to CPU: 143
