==33726== NVPROF is profiling process 33726, command: ./cfd_0141 ../../../data/cfd/missile.domn.0.2M
==33726== Profiling application: ./cfd_0141 ../../../data/cfd/missile.domn.0.2M
==33726== Profiling result:
            Type  Time(%)      Time     Calls       Avg       Min       Max  Name
                        %        ms                  ms        ms        ms
 GPU activities:    71.91  461.0453      6000  0.076840  0.070816  3.959561  cuda_compute_flux(int, int*, float*, float*, float*)
                    19.38  124.2456      6000  0.020707  0.019328  0.022496  cuda_time_step(int, int, float*, float*, float*, float*)
                     4.48  28.71150      2000  0.014355  0.013600  0.016576  [CUDA memcpy DtoD]
                     3.79  24.27995      2000  0.012139  0.010496  0.777052  cuda_compute_step_factor(int, float*, float*, float*)
                     0.45  2.861264         3  0.953754  0.872283  1.047034  cuda_initialize_variables(int, float*)
                     0.00  6.78e-03         5  1.36e-03  1.28e-03  1.63e-03  [CUDA memcpy HtoD]
                     0.00  2.34e-03         1  2.34e-03  2.34e-03  2.34e-03  [CUDA memset]
      API calls:    56.22  523.3539      2000  0.261676  0.050888  4.901983  cudaMemcpy
                    24.13  224.6116         5  44.92232  0.011976  224.5611  cudaMemcpyToSymbol
                    14.94  139.1074     14003  9.93e-03  9.05e-03  0.092106  cudaLaunchKernel
                     2.23  20.76623         7  2.966604  0.015875  20.38372  cudaMallocManaged
                     0.77  7.201975     28003  2.57e-04  2.12e-04  0.105338  cudaGetLastError
                     0.55  5.110301       384  0.013308  2.33e-04  0.537030  cuDeviceGetAttribute
                     0.44  4.137182         4  1.034295  1.033494  1.035060  cuDeviceTotalMem
                     0.34  3.151304         1  3.151304  3.151304  3.151304  cudaMemset
                     0.16  1.526788        10  0.152678  1.21e-03  0.408206  cudaFree
                     0.13  1.215884         1  1.215884  1.215884  1.215884  cudaGetDeviceProperties
                     0.05  0.422616         4  0.105654  0.103340  0.107715  cuDeviceGetName
                     0.03  0.256498         2  0.128249  0.010005  0.246493  cudaThreadSynchronize
                     0.00  0.019930         3  6.64e-03  3.89e-03  9.15e-03  cudaMemAdvise
                     0.00  0.013068         4  3.27e-03  1.21e-03  8.23e-03  cuDeviceGetPCIBusId
                     0.00  0.011554         1  0.011554  0.011554  0.011554  cudaSetDevice
                     0.00  3.10e-03         8  3.86e-04  2.97e-04  5.41e-04  cuDeviceGet
                     0.00  1.70e-03         1  1.70e-03  1.70e-03  1.70e-03  cudaGetDevice
                     0.00  1.59e-03         3  5.28e-04  4.22e-04  6.99e-04  cuDeviceGetCount

==33726== Unified Memory profiling result:
Device "Tesla V100-SXM2-16GB (0)"
   Count  Avg Size  Min Size  Max Size  Total Size  Total Time  Name
      67  177.67KB  64.000KB  768.00KB  11.62500MB    0.344640ms  Host To Device
      54         -         -         -           -    7.900160ms  Gpu page fault groups
      33  110.55KB  64.000KB  256.00KB  3.562500MB           -  Remote mapping from device
Total CPU Page faults: 188
Total remote mappings to CPU: 33
