==65907== NVPROF is profiling process 65907, command: ./cfd_1055 ../../../data/cfd/fvcorr.domn.097K
==65907== Profiling application: ./cfd_1055 ../../../data/cfd/fvcorr.domn.097K
==65907== Profiling result:
            Type  Time(%)      Time     Calls       Avg       Min       Max  Name
                        %        ms                  ms        ms        ms
 GPU activities:    74.12  173.8216      6000  0.028970  0.026848  2.357939  cuda_compute_flux(int, int*, float*, float*, float*)
                    18.10  42.44394      6000  7.07e-03  6.18e-03  8.54e-03  cuda_time_step(int, int, float*, float*, float*, float*)
                     4.07  9.533653      2000  4.77e-03  4.61e-03  0.011232  [CUDA memcpy DtoD]
                     3.22  7.551636      2000  3.78e-03  3.36e-03  0.539581  cuda_compute_step_factor(int, float*, float*, float*)
                     0.50  1.164474         3  0.388158  0.300670  0.492862  cuda_initialize_variables(int, float*)
                     0.00  6.88e-03         5  1.38e-03  1.28e-03  1.66e-03  [CUDA memcpy HtoD]
                     0.00  2.34e-03         1  2.34e-03  2.34e-03  2.34e-03  [CUDA memset]
      API calls:    42.02  226.8358         5  45.36716  0.012306  226.7839  cudaMemcpyToSymbol
                    25.57  138.0288     14003  9.86e-03  9.15e-03  0.100051  cudaLaunchKernel
                    24.75  133.5746      2000  0.066787  0.030719  2.891429  cudaMemcpy
                     3.87  20.89457         7  2.984939  0.010189  20.38945  cudaMallocManaged
                     1.34  7.244989     28003  2.58e-04  2.12e-04  0.094559  cudaGetLastError
                     0.95  5.108013       384  0.013302  2.34e-04  0.535632  cuDeviceGetAttribute
                     0.77  4.144110         4  1.036027  1.032008  1.039497  cuDeviceTotalMem
                     0.23  1.230287         1  1.230287  1.230287  1.230287  cudaGetDeviceProperties
                     0.21  1.120553         1  1.120553  1.120553  1.120553  cudaMemset
                     0.20  1.078236        10  0.107823  1.30e-03  0.319969  cudaFree
                     0.08  0.425037         4  0.106259  0.102770  0.108158  cuDeviceGetName
                     0.01  0.070917         2  0.035458  0.010271  0.060646  cudaThreadSynchronize
                     0.00  0.015555         2  7.78e-03  4.13e-03  0.011423  cudaMemAdvise
                     0.00  0.013257         1  0.013257  0.013257  0.013257  cudaSetDevice
                     0.00  0.012311         4  3.08e-03  1.15e-03  7.44e-03  cuDeviceGetPCIBusId
                     0.00  3.04e-03         8  3.80e-04  2.99e-04  5.33e-04  cuDeviceGet
                     0.00  1.67e-03         1  1.67e-03  1.67e-03  1.67e-03  cudaGetDevice
                     0.00  1.41e-03         3  4.68e-04  3.93e-04  6.09e-04  cuDeviceGetCount

==65907== Unified Memory profiling result:
Device "Tesla V100-SXM2-16GB (0)"
   Count  Avg Size  Min Size  Max Size  Total Size  Total Time  Name
      48  136.00KB  64.000KB  704.00KB  6.375000MB    0.230752ms  Host To Device
      26         -         -         -           -    4.262816ms  Gpu page fault groups
      22  282.18KB  64.000KB  960.00KB  6.062500MB           -  Remote mapping to device
Total CPU Page faults: 47
Total remote mappings from CPU: 22
