==30027== NVPROF is profiling process 30027, command: ./cfd_0104 ../../../data/cfd/missile.domn.0.2M
==30027== Profiling application: ./cfd_0104 ../../../data/cfd/missile.domn.0.2M
==30027== Profiling result:
            Type  Time(%)      Time     Calls       Avg       Min       Max  Name
                        %        ms                  ms        ms        ms
 GPU activities:    85.81  1.08e+03      6000  0.179981  0.176511  3.879497  cuda_compute_flux(int, int*, float*, float*, float*)
                     9.72  122.3852      6000  0.020397  0.019456  0.022656  cuda_time_step(int, int, float*, float*, float*, float*)
                     2.30  28.97920      2000  0.014489  0.013696  0.016928  [CUDA memcpy DtoD]
                     1.94  24.41451      2000  0.012207  0.010528  0.757404  cuda_compute_step_factor(int, float*, float*, float*)
                     0.22  2.791055         3  0.930351  0.868602  1.020730  cuda_initialize_variables(int, float*)
                     0.00  6.85e-03         5  1.37e-03  1.31e-03  1.60e-03  [CUDA memcpy HtoD]
                     0.00  2.34e-03         1  2.34e-03  2.34e-03  2.34e-03  [CUDA memset]
      API calls:    73.43  1.14e+03      2000  0.568721  0.050910  5.006836  cudaMemcpy
                    14.57  225.7220         5  45.14439  0.012470  225.6695  cudaMemcpyToSymbol
                     9.14  141.5312     14003  0.010107  9.31e-03  0.110043  cudaLaunchKernel
                     1.34  20.79155         7  2.970221  0.016396  20.39923  cudaMallocManaged
                     0.46  7.104091     28003  2.53e-04  2.11e-04  5.90e-03  cudaGetLastError
                     0.33  5.118532       384  0.013329  2.34e-04  0.535455  cuDeviceGetAttribute
                     0.27  4.134245         4  1.033561  1.029391  1.036806  cuDeviceTotalMem
                     0.20  3.033265         1  3.033265  3.033265  3.033265  cudaMemset
                     0.13  1.957780        10  0.195778  1.20e-03  0.941622  cudaFree
                     0.08  1.224762         1  1.224762  1.224762  1.224762  cudaGetDeviceProperties
                     0.04  0.562145         2  0.281072  9.65e-03  0.552493  cudaThreadSynchronize
                     0.03  0.431045         4  0.107761  0.102481  0.111484  cuDeviceGetName
                     0.00  0.015599         2  7.80e-03  6.30e-03  9.30e-03  cudaMemAdvise
                     0.00  0.014232         1  0.014232  0.014232  0.014232  cudaSetDevice
                     0.00  0.012550         4  3.14e-03  1.07e-03  7.93e-03  cuDeviceGetPCIBusId
                     0.00  3.14e-03         8  3.92e-04  2.99e-04  5.43e-04  cuDeviceGet
                     0.00  1.73e-03         1  1.73e-03  1.73e-03  1.73e-03  cudaGetDevice
                     0.00  1.49e-03         3  4.96e-04  4.10e-04  6.50e-04  cuDeviceGetCount

==30027== Unified Memory profiling result:
Device "Tesla V100-SXM2-16GB (0)"
   Count  Avg Size  Min Size  Max Size  Total Size  Total Time  Name
      28  164.57KB  64.000KB  960.00KB  4.500000MB    0.137184ms  Host To Device
      56         -         -         -           -    7.660128ms  Gpu page fault groups
     113  96.849KB  64.000KB  256.00KB  10.68750MB           -  Remote mapping from device
Total CPU Page faults: 41
Total remote mappings to CPU: 113
