==40679== NVPROF is profiling process 40679, command: ./cfd_0250 ../../../data/cfd/missile.domn.0.2M
==40679== Profiling application: ./cfd_0250 ../../../data/cfd/missile.domn.0.2M
==40679== Profiling result:
            Type  Time(%)      Time     Calls       Avg       Min       Max  Name
                        %        ms                  ms        ms        ms
 GPU activities:    67.32  366.0199      6000  0.061003  0.053727  4.212328  cuda_compute_flux(int, int*, float*, float*, float*)
                    22.33  121.4285      6000  0.020238  0.019136  0.022080  cuda_time_step(int, int, float*, float*, float*, float*)
                     5.29  28.78262      2000  0.014391  0.013504  0.017376  [CUDA memcpy DtoD]
                     4.54  24.66954      2000  0.012334  0.010944  0.013600  cuda_compute_step_factor(int, float*, float*, float*)
                     0.51  2.759824         3  0.919941  0.832540  1.011418  cuda_initialize_variables(int, float*)
                     0.00  6.82e-03         5  1.36e-03  1.28e-03  1.60e-03  [CUDA memcpy HtoD]
                     0.00  2.34e-03         1  2.34e-03  2.34e-03  2.34e-03  [CUDA memset]
      API calls:    51.07  425.4577      2000  0.212728  0.050926  4.354052  cudaMemcpy
                    27.13  226.0041         5  45.20082  0.012705  225.9520  cudaMemcpyToSymbol
                    16.61  138.3496     14003  9.88e-03  9.12e-03  0.106969  cudaLaunchKernel
                     2.49  20.72191         7  2.960272  0.016187  20.33452  cudaMallocManaged
                     0.83  6.899022     28003  2.46e-04  2.10e-04  0.088002  cudaGetLastError
                     0.61  5.104569       384  0.013293  2.32e-04  0.532455  cuDeviceGetAttribute
                     0.50  4.151913         4  1.037978  1.030715  1.051318  cuDeviceTotalMem
                     0.37  3.056008         1  3.056008  3.056008  3.056008  cudaMemset
                     0.17  1.425284        10  0.142528  1.26e-03  0.366831  cudaFree
                     0.15  1.216517         1  1.216517  1.216517  1.216517  cudaGetDeviceProperties
                     0.05  0.421747         4  0.105436  0.102428  0.107735  cuDeviceGetName
                     0.02  0.207092         2  0.103546  9.36e-03  0.197729  cudaThreadSynchronize
                     0.00  0.016634         2  8.32e-03  4.98e-03  0.011652  cudaMemAdvise
                     0.00  0.013008         4  3.25e-03  1.11e-03  8.18e-03  cuDeviceGetPCIBusId
                     0.00  0.011345         1  0.011345  0.011345  0.011345  cudaSetDevice
                     0.00  3.23e-03         8  4.03e-04  3.19e-04  6.66e-04  cuDeviceGet
                     0.00  1.78e-03         1  1.78e-03  1.78e-03  1.78e-03  cudaGetDevice
                     0.00  1.30e-03         3  4.31e-04  3.42e-04  5.59e-04  cuDeviceGetCount

==40679== Unified Memory profiling result:
Device "Tesla V100-SXM2-16GB (0)"
   Count  Avg Size  Min Size  Max Size  Total Size  Total Time  Name
      76  192.00KB  64.000KB  960.00KB  14.25000MB    0.410400ms  Host To Device
      42         -         -         -           -    7.257376ms  Gpu page fault groups
      10  460.80KB  128.00KB  1.0000MB  4.500000MB           -  Remote mapping to device
Total CPU Page faults: 86
Total remote mappings from CPU: 10
