==93142== NVPROF is profiling process 93142, command: ./cfd_1521 ../../../data/cfd/fvcorr.domn.097K
==93142== Profiling application: ./cfd_1521 ../../../data/cfd/fvcorr.domn.097K
==93142== Profiling result:
            Type  Time(%)      Time     Calls       Avg       Min       Max  Name
                        %        ms                  ms        ms        ms
 GPU activities:    74.53  183.8108      6000  0.030635  0.028223  1.766998  cuda_compute_flux(int, int*, float*, float*, float*)
                    17.59  43.38094      6000  7.23e-03  6.21e-03  9.02e-03  cuda_time_step(int, int, float*, float*, float*, float*)
                     3.86  9.531475      2000  4.76e-03  4.58e-03  0.011776  [CUDA memcpy DtoD]
                     3.52  8.690035      2000  4.35e-03  3.94e-03  0.583229  cuda_compute_step_factor(int, float*, float*, float*)
                     0.49  1.203193         3  0.401064  0.315614  0.530109  cuda_initialize_variables(int, float*)
                     0.00  6.85e-03         5  1.37e-03  1.31e-03  1.60e-03  [CUDA memcpy HtoD]
                     0.00  2.34e-03         1  2.34e-03  2.34e-03  2.34e-03  [CUDA memset]
      API calls:    46.43  282.6598         5  56.53195  0.012697  282.6079  cudaMemcpyToSymbol
                    23.42  142.5879      2000  0.071293  0.031317  2.379315  cudaMemcpy
                    22.99  139.9813     14003  1.00e-02  9.11e-03  0.108783  cudaLaunchKernel
                     3.42  20.83521         7  2.976458  9.19e-03  20.38892  cudaMallocManaged
                     1.18  7.196340     28003  2.56e-04  2.13e-04  0.101253  cudaGetLastError
                     0.96  5.847505       384  0.015227  2.36e-04  1.141632  cuDeviceGetAttribute
                     0.68  4.144599         4  1.036149  1.034026  1.038630  cuDeviceTotalMem
                     0.43  2.610654         1  2.610654  2.610654  2.610654  cudaGetDeviceProperties
                     0.21  1.268516         1  1.268516  1.268516  1.268516  cudaMemset
                     0.19  1.137001        10  0.113700  1.31e-03  0.414729  cudaFree
                     0.07  0.422585         4  0.105646  0.102770  0.107307  cuDeviceGetName
                     0.01  0.073642         2  0.036821  0.010673  0.062969  cudaThreadSynchronize
                     0.00  0.024591         3  8.20e-03  4.60e-03  0.010445  cudaMemAdvise
                     0.00  0.013473         4  3.37e-03  1.12e-03  8.53e-03  cuDeviceGetPCIBusId
                     0.00  0.010775         1  0.010775  0.010775  0.010775  cudaSetDevice
                     0.00  3.37e-03         8  4.21e-04  3.22e-04  5.74e-04  cuDeviceGet
                     0.00  2.23e-03         3  7.43e-04  4.53e-04  1.13e-03  cuDeviceGetCount
                     0.00  1.71e-03         1  1.71e-03  1.71e-03  1.71e-03  cudaGetDevice

==93142== Unified Memory profiling result:
Device "Tesla V100-SXM2-16GB (0)"
   Count  Avg Size  Min Size  Max Size  Total Size  Total Time  Name
      29  169.93KB  64.000KB  896.00KB  4.812500MB    0.148768ms  Host To Device
      26         -         -         -           -    3.812160ms  Gpu page fault groups
       4  480.00KB  64.000KB  1.5000MB  1.875000MB           -  Remote mapping to device
Total CPU Page faults: 77
Total remote mappings from CPU: 4
