==91572== NVPROF is profiling process 91572, command: ./cfd_1504 ../../../data/cfd/fvcorr.domn.193K
==91572== Profiling application: ./cfd_1504 ../../../data/cfd/fvcorr.domn.193K
==91572== Profiling result:
            Type  Time(%)      Time     Calls       Avg       Min       Max  Name
                        %        ms                  ms        ms        ms
 GPU activities:    86.33  910.1552      6000  0.151692  0.148415  2.545745  cuda_compute_flux(int, int*, float*, float*, float*)
                     9.83  103.6037      6000  0.017267  0.016319  0.019072  cuda_time_step(int, int, float*, float*, float*, float*)
                     1.87  19.75456      2000  9.88e-03  9.18e-03  0.014112  [CUDA memcpy DtoD]
                     1.73  18.25871      2000  9.13e-03  8.29e-03  0.540541  cuda_compute_step_factor(int, float*, float*, float*)
                     0.23  2.438226         3  0.812742  0.795675  0.828859  cuda_initialize_variables(int, float*)
                     0.00  6.85e-03         5  1.37e-03  1.31e-03  1.60e-03  [CUDA memcpy HtoD]
                     0.00  1.98e-03         1  1.98e-03  1.98e-03  1.98e-03  [CUDA memset]
      API calls:    69.75  941.2738      2000  0.470636  0.049112  3.400700  cudaMemcpy
                    16.75  226.0161         5  45.20322  0.012285  225.9650  cudaMemcpyToSymbol
                    10.25  138.3268     14003  9.88e-03  9.04e-03  0.107613  cudaLaunchKernel
                     1.54  20.78412         7  2.969160  0.011107  20.40123  cudaMallocManaged
                     0.52  6.964385     28003  2.48e-04  2.05e-04  0.091684  cudaGetLastError
                     0.38  5.108283       384  0.013302  2.34e-04  0.533557  cuDeviceGetAttribute
                     0.31  4.198938         4  1.049734  1.031419  1.095781  cuDeviceTotalMem
                     0.21  2.768423         1  2.768423  2.768423  2.768423  cudaMemset
                     0.13  1.807928        10  0.180792  1.23e-03  0.780759  cudaFree
                     0.09  1.228958         1  1.228958  1.228958  1.228958  cudaGetDeviceProperties
                     0.03  0.471956         2  0.235978  0.011098  0.460858  cudaThreadSynchronize
                     0.03  0.422220         4  0.105555  0.103131  0.107308  cuDeviceGetName
                     0.00  0.016560         2  8.28e-03  5.91e-03  0.010652  cudaMemAdvise
                     0.00  0.011685         4  2.92e-03  1.16e-03  7.16e-03  cuDeviceGetPCIBusId
                     0.00  9.90e-03         1  9.90e-03  9.90e-03  9.90e-03  cudaSetDevice
                     0.00  3.12e-03         8  3.89e-04  3.07e-04  5.14e-04  cuDeviceGet
                     0.00  1.78e-03         1  1.78e-03  1.78e-03  1.78e-03  cudaGetDevice
                     0.00  1.43e-03         3  4.77e-04  3.92e-04  6.23e-04  cuDeviceGetCount

==91572== Unified Memory profiling result:
Device "Tesla V100-SXM2-16GB (0)"
   Count  Avg Size  Min Size  Max Size  Total Size  Total Time  Name
      19  202.10KB  64.000KB  896.00KB  3.750000MB    0.112352ms  Host To Device
      42         -         -         -           -    5.807040ms  Gpu page fault groups
      73  124.49KB  64.000KB  384.00KB  8.875000MB           -  Remote mapping from device
       4  192.00KB  64.000KB  448.00KB  768.0000KB           -  Remote mapping to device
Total CPU Page faults: 31
Total remote mappings from CPU: 4
Total remote mappings to CPU: 73
