==86151== NVPROF is profiling process 86151, command: ./cfd_1412 ../../../data/cfd/fvcorr.domn.193K
==86151== Profiling application: ./cfd_1412 ../../../data/cfd/fvcorr.domn.193K
==86151== Profiling result:
            Type  Time(%)      Time     Calls       Avg       Min       Max  Name
                        %        ms                  ms        ms        ms
 GPU activities:    71.35  436.6167      6000  0.072769  0.070144  1.275929  cuda_compute_flux(int, int*, float*, float*, float*)
                    19.43  118.8881      6000  0.019814  0.017408  0.022752  cuda_time_step(int, int, float*, float*, float*, float*)
                     5.69  34.83493      2000  0.017417  0.016800  0.679900  cuda_compute_step_factor(int, float*, float*, float*)
                     3.16  19.30873      2000  9.65e-03  9.09e-03  0.012672  [CUDA memcpy DtoD]
                     0.37  2.271155         3  0.757051  0.742748  0.778076  cuda_initialize_variables(int, float*)
                     0.00  6.82e-03         5  1.36e-03  1.28e-03  1.63e-03  [CUDA memcpy HtoD]
                     0.00  1.86e-03         1  1.86e-03  1.86e-03  1.86e-03  [CUDA memset]
      API calls:    54.76  496.8016      2000  0.248400  0.046414  2.112023  cudaMemcpy
                    25.36  230.0752         5  46.01503  0.012591  230.0233  cudaMemcpyToSymbol
                    15.09  136.9428     14003  9.78e-03  8.88e-03  0.295130  cudaLaunchKernel
                     2.29  20.78955         7  2.969935  0.011094  20.40114  cudaMallocManaged
                     0.79  7.128360     28003  2.54e-04  2.14e-04  0.087995  cudaGetLastError
                     0.57  5.158437       384  0.013433  2.34e-04  0.552271  cuDeviceGetAttribute
                     0.46  4.177926         4  1.044481  1.035455  1.068419  cuDeviceTotalMem
                     0.27  2.493118         1  2.493118  2.493118  2.493118  cudaMemset
                     0.19  1.726375        10  0.172637  1.32e-03  0.703691  cudaFree
                     0.13  1.217534         1  1.217534  1.217534  1.217534  cudaGetDeviceProperties
                     0.05  0.423485         4  0.105871  0.103586  0.107715  cuDeviceGetName
                     0.03  0.247090         2  0.123545  9.50e-03  0.237592  cudaThreadSynchronize
                     0.00  0.021290         3  7.10e-03  4.53e-03  0.012174  cudaMemAdvise
                     0.00  0.016651         4  4.16e-03  1.13e-03  0.011556  cuDeviceGetPCIBusId
                     0.00  0.010519         1  0.010519  0.010519  0.010519  cudaSetDevice
                     0.00  3.15e-03         8  3.93e-04  3.01e-04  5.70e-04  cuDeviceGet
                     0.00  1.77e-03         1  1.77e-03  1.77e-03  1.77e-03  cudaGetDevice
                     0.00  1.38e-03         3  4.58e-04  3.83e-04  5.96e-04  cuDeviceGetCount

==86151== Unified Memory profiling result:
Device "Tesla V100-SXM2-16GB (0)"
   Count  Avg Size  Min Size  Max Size  Total Size  Total Time  Name
      18  170.67KB  64.000KB  384.00KB  3.000000MB    0.091456ms  Host To Device
      32         -         -         -           -    4.484672ms  Gpu page fault groups
       7  109.71KB  64.000KB  192.00KB  768.0000KB           -  Remote mapping from device
       5  1.7750MB  896.00KB  2.0000MB  8.875000MB           -  Remote mapping to device
Total CPU Page faults: 54
Total remote mappings from CPU: 5
Total remote mappings to CPU: 7
