==79303== NVPROF is profiling process 79303, command: ./cfd_1303 ../../../data/cfd/missile.domn.0.2M
==79303== Profiling application: ./cfd_1303 ../../../data/cfd/missile.domn.0.2M
==79303== Profiling result:
            Type  Time(%)      Time     Calls       Avg       Min       Max  Name
                        %        ms                  ms        ms        ms
 GPU activities:    67.06  366.3625      6000  0.061060  0.053472  4.701509  cuda_compute_flux(int, int*, float*, float*, float*)
                    22.95  125.3777      6000  0.020896  0.019680  0.023072  cuda_time_step(int, int, float*, float*, float*, float*)
                     5.22  28.51026      2000  0.014255  0.013536  0.016576  [CUDA memcpy DtoD]
                     4.31  23.54083      2000  0.011770  0.010591  0.023648  cuda_compute_step_factor(int, float*, float*, float*)
                     0.47  2.545489         3  0.848496  0.754331  0.956890  cuda_initialize_variables(int, float*)
                     0.00  6.75e-03         5  1.35e-03  1.28e-03  1.60e-03  [CUDA memcpy HtoD]
                     0.00  2.34e-03         1  2.34e-03  2.34e-03  2.34e-03  [CUDA memset]
      API calls:    51.50  430.2791      2000  0.215139  0.051738  4.840429  cudaMemcpy
                    26.87  224.4916         5  44.89832  0.012283  224.4410  cudaMemcpyToSymbol
                    16.46  137.5267     14003  9.82e-03  9.01e-03  0.106793  cudaLaunchKernel
                     2.49  20.79027         7  2.970039  0.016112  20.39000  cudaMallocManaged
                     0.85  7.075490     28003  2.52e-04  2.12e-04  2.39e-03  cudaGetLastError
                     0.61  5.127403       384  0.013352  2.38e-04  0.533939  cuDeviceGetAttribute
                     0.50  4.158956         4  1.039739  1.033888  1.051741  cuDeviceTotalMem
                     0.33  2.736272         1  2.736272  2.736272  2.736272  cudaMemset
                     0.16  1.368017        10  0.136801  1.37e-03  0.388845  cudaFree
                     0.15  1.219114         1  1.219114  1.219114  1.219114  cudaGetDeviceProperties
                     0.05  0.423161         4  0.105790  0.103038  0.108133  cuDeviceGetName
                     0.03  0.209278         2  0.104639  0.011185  0.198093  cudaThreadSynchronize
                     0.00  0.014858         2  7.43e-03  4.30e-03  0.010560  cudaMemAdvise
                     0.00  0.013668         4  3.42e-03  1.22e-03  8.52e-03  cuDeviceGetPCIBusId
                     0.00  0.011788         1  0.011788  0.011788  0.011788  cudaSetDevice
                     0.00  3.23e-03         8  4.03e-04  3.09e-04  6.19e-04  cuDeviceGet
                     0.00  1.67e-03         1  1.67e-03  1.67e-03  1.67e-03  cudaGetDevice
                     0.00  1.43e-03         3  4.75e-04  4.14e-04  5.92e-04  cuDeviceGetCount

==79303== Unified Memory profiling result:
Device "Tesla V100-SXM2-16GB (0)"
   Count  Avg Size  Min Size  Max Size  Total Size  Total Time  Name
     106  146.72KB  64.000KB  896.00KB  15.18750MB    0.494688ms  Host To Device
      36         -         -         -           -    7.457312ms  Gpu page fault groups
      80  148.80KB  64.000KB  512.00KB  11.62500MB           -  Remote mapping from device
Total CPU Page faults: 90
Total remote mappings to CPU: 80
