==68175== NVPROF is profiling process 68175, command: ./cfd_1113 ../../../data/cfd/missile.domn.0.2M
==68175== Profiling application: ./cfd_1113 ../../../data/cfd/missile.domn.0.2M
==68175== Profiling result:
            Type  Time(%)      Time     Calls       Avg       Min       Max  Name
                        %        ms                  ms        ms        ms
 GPU activities:    66.90  363.0171      6000  0.060502  0.053312  4.221896  cuda_compute_flux(int, int*, float*, float*, float*)
                    22.78  123.6209      6000  0.020603  0.019360  0.022784  cuda_time_step(int, int, float*, float*, float*, float*)
                     5.35  29.02442      2000  0.014512  0.013728  0.017600  [CUDA memcpy DtoD]
                     4.45  24.16042      2000  0.012080  0.010560  0.756668  cuda_compute_step_factor(int, float*, float*, float*)
                     0.52  2.808656         3  0.936218  0.779100  1.068794  cuda_initialize_variables(int, float*)
                     0.00  6.82e-03         5  1.36e-03  1.28e-03  1.63e-03  [CUDA memcpy HtoD]
                     0.00  2.34e-03         1  2.34e-03  2.34e-03  2.34e-03  [CUDA memset]
      API calls:    51.10  425.8185      2000  0.212909  0.052500  5.371302  cudaMemcpy
                    27.08  225.7159         5  45.14318  0.012160  225.6645  cudaMemcpyToSymbol
                    16.60  138.3090     14003  9.88e-03  9.15e-03  0.110753  cudaLaunchKernel
                     2.49  20.76584         7  2.966548  0.016405  20.38051  cudaMallocManaged
                     0.85  7.088969     28003  2.53e-04  2.11e-04  0.089356  cudaGetLastError
                     0.61  5.115560       384  0.013321  2.34e-04  0.547844  cuDeviceGetAttribute
                     0.50  4.202880         4  1.050720  1.037174  1.068745  cuDeviceTotalMem
                     0.36  3.041722         1  3.041722  3.041722  3.041722  cudaMemset
                     0.17  1.404843        10  0.140484  1.39e-03  0.389068  cudaFree
                     0.15  1.219358         1  1.219358  1.219358  1.219358  cudaGetDeviceProperties
                     0.05  0.425068         4  0.106267  0.102959  0.110384  cuDeviceGetName
                     0.02  0.206051         2  0.103025  0.010021  0.196030  cudaThreadSynchronize
                     0.00  0.018514         3  6.17e-03  3.83e-03  9.33e-03  cudaMemAdvise
                     0.00  0.012777         4  3.19e-03  1.26e-03  7.91e-03  cuDeviceGetPCIBusId
                     0.00  0.011979         1  0.011979  0.011979  0.011979  cudaSetDevice
                     0.00  3.24e-03         8  4.04e-04  3.18e-04  5.66e-04  cuDeviceGet
                     0.00  1.75e-03         1  1.75e-03  1.75e-03  1.75e-03  cudaGetDevice
                     0.00  1.49e-03         3  4.97e-04  4.05e-04  6.60e-04  cuDeviceGetCount

==68175== Unified Memory profiling result:
Device "Tesla V100-SXM2-16GB (0)"
   Count  Avg Size  Min Size  Max Size  Total Size  Total Time  Name
     112  138.86KB  64.000KB  896.00KB  15.18750MB    0.529152ms  Host To Device
      41         -         -         -           -    8.232064ms  Gpu page fault groups
      75  145.92KB  64.000KB  512.00KB  10.68750MB           -  Remote mapping from device
Total CPU Page faults: 137
Total remote mappings to CPU: 75
