==95795== NVPROF is profiling process 95795, command: ./cfd_1545 ../../../data/cfd/fvcorr.domn.097K
==95795== Profiling application: ./cfd_1545 ../../../data/cfd/fvcorr.domn.097K
==95795== Profiling result:
            Type  Time(%)      Time     Calls       Avg       Min       Max  Name
                        %        ms                  ms        ms        ms
 GPU activities:    79.13  248.5083      6000  0.041418  0.037984  2.149908  cuda_compute_flux(int, int*, float*, float*, float*)
                    13.18  41.38571      6000  6.90e-03  5.95e-03  8.74e-03  cuda_time_step(int, int, float*, float*, float*, float*)
                     4.33  13.58422      2000  6.79e-03  6.43e-03  0.549053  cuda_compute_step_factor(int, float*, float*, float*)
                     2.97  9.337344      2000  4.67e-03  4.45e-03  0.011456  [CUDA memcpy DtoD]
                     0.39  1.222425         3  0.407475  0.347134  0.517469  cuda_initialize_variables(int, float*)
                     0.00  6.82e-03         5  1.36e-03  1.28e-03  1.63e-03  [CUDA memcpy HtoD]
                     0.00  2.34e-03         1  2.34e-03  2.34e-03  2.34e-03  [CUDA memset]
      API calls:    37.15  229.0903         5  45.81806  0.012565  229.0385  cudaMemcpyToSymbol
                    33.49  206.4738      2000  0.103236  0.029687  2.746770  cudaMemcpy
                    22.63  139.5282     14003  9.96e-03  9.14e-03  0.113899  cudaLaunchKernel
                     3.38  20.84048         7  2.977211  9.63e-03  20.39034  cudaMallocManaged
                     1.16  7.153515     28003  2.55e-04  2.13e-04  0.094938  cudaGetLastError
                     0.84  5.154588       384  0.013423  2.36e-04  0.533948  cuDeviceGetAttribute
                     0.67  4.158967         4  1.039741  1.035123  1.050904  cuDeviceTotalMem
                     0.20  1.232065         1  1.232065  1.232065  1.232065  cudaGetDeviceProperties
                     0.20  1.226020         1  1.226020  1.226020  1.226020  cudaMemset
                     0.18  1.115111        10  0.111511  1.32e-03  0.379238  cudaFree
                     0.07  0.454449         4  0.113612  0.104301  0.133257  cuDeviceGetName
                     0.02  0.105967         2  0.052983  9.89e-03  0.096073  cudaThreadSynchronize
                     0.00  0.024374         3  8.12e-03  4.06e-03  0.011101  cudaMemAdvise
                     0.00  0.013904         4  3.48e-03  1.30e-03  8.68e-03  cuDeviceGetPCIBusId
                     0.00  0.012849         1  0.012849  0.012849  0.012849  cudaSetDevice
                     0.00  3.32e-03         8  4.15e-04  3.14e-04  6.18e-04  cuDeviceGet
                     0.00  1.78e-03         1  1.78e-03  1.78e-03  1.78e-03  cudaGetDevice
                     0.00  1.42e-03         3  4.73e-04  3.67e-04  6.79e-04  cuDeviceGetCount

==95795== Unified Memory profiling result:
Device "Tesla V100-SXM2-16GB (0)"
   Count  Avg Size  Min Size  Max Size  Total Size  Total Time  Name
      26  189.54KB  64.000KB  704.00KB  4.812500MB    0.140768ms  Host To Device
      29         -         -         -           -    4.117120ms  Gpu page fault groups
      12  133.33KB  64.000KB  384.00KB  1.562500MB           -  Remote mapping from device
      17  289.88KB  64.000KB  960.00KB  4.812500MB           -  Remote mapping to device
Total CPU Page faults: 38
Total remote mappings from CPU: 17
Total remote mappings to CPU: 12
