==44865== NVPROF is profiling process 44865, command: ./cfd_0331 ../../../data/cfd/fvcorr.domn.193K
==44865== Profiling application: ./cfd_0331 ../../../data/cfd/fvcorr.domn.193K
==44865== Profiling result:
            Type  Time(%)      Time     Calls       Avg       Min       Max  Name
                        %        ms                  ms        ms        ms
 GPU activities:    67.20  296.9185      6000  0.049486  0.047008  3.318413  cuda_compute_flux(int, int*, float*, float*, float*)
                    23.87  105.4709      6000  0.017578  0.016224  0.019520  cuda_time_step(int, int, float*, float*, float*, float*)
                     4.42  19.54117      2000  9.77e-03  9.12e-03  0.013248  [CUDA memcpy DtoD]
                     3.97  17.53785      2000  8.77e-03  8.00e-03  0.021472  cuda_compute_step_factor(int, float*, float*, float*)
                     0.53  2.342964         3  0.780988  0.736668  0.813020  cuda_initialize_variables(int, float*)
                     0.00  6.78e-03         5  1.36e-03  1.28e-03  1.63e-03  [CUDA memcpy HtoD]
                     0.00  1.89e-03         1  1.89e-03  1.89e-03  1.89e-03  [CUDA memset]
      API calls:    44.99  331.4831      2000  0.165741  0.045750  3.444640  cudaMemcpy
                    30.57  225.2446         5  45.04892  0.012011  225.1935  cudaMemcpyToSymbol
                    18.63  137.2365     14003  9.80e-03  9.13e-03  0.098313  cudaLaunchKernel
                     2.82  20.76158         7  2.965939  0.010779  20.38539  cudaMallocManaged
                     0.96  7.103617     28003  2.53e-04  2.09e-04  0.091166  cudaGetLastError
                     0.70  5.127561       384  0.013353  2.34e-04  0.531948  cuDeviceGetAttribute
                     0.56  4.145514         4  1.036378  1.031754  1.040021  cuDeviceTotalMem
                     0.35  2.550540         1  2.550540  2.550540  2.550540  cudaMemset
                     0.17  1.285355        10  0.128535  1.25e-03  0.350827  cudaFree
                     0.17  1.216394         1  1.216394  1.216394  1.216394  cudaGetDeviceProperties
                     0.06  0.422171         4  0.105542  0.102518  0.107694  cuDeviceGetName
                     0.02  0.161244         2  0.080622  9.67e-03  0.151575  cudaThreadSynchronize
                     0.00  0.018227         3  6.07e-03  4.26e-03  9.53e-03  cudaMemAdvise
                     0.00  0.012467         4  3.12e-03  1.13e-03  7.89e-03  cuDeviceGetPCIBusId
                     0.00  0.011820         1  0.011820  0.011820  0.011820  cudaSetDevice
                     0.00  3.07e-03         8  3.84e-04  3.07e-04  5.18e-04  cuDeviceGet
                     0.00  1.83e-03         1  1.83e-03  1.83e-03  1.83e-03  cudaGetDevice
                     0.00  1.53e-03         3  5.11e-04  3.89e-04  6.68e-04  cuDeviceGetCount

==44865== Unified Memory profiling result:
Device "Tesla V100-SXM2-16GB (0)"
   Count  Avg Size  Min Size  Max Size  Total Size  Total Time  Name
      72  179.56KB  64.000KB  896.00KB  12.62500MB    0.376864ms  Host To Device
      30         -         -         -           -    5.914432ms  Gpu page fault groups
      28  137.14KB  64.000KB  448.00KB  3.750000MB           -  Remote mapping from device
Total CPU Page faults: 168
Total remote mappings to CPU: 28
