==52224== NVPROF is profiling process 52224, command: ./cfd_0443 ../../../data/cfd/fvcorr.domn.097K
==52224== Profiling application: ./cfd_0443 ../../../data/cfd/fvcorr.domn.097K
==52224== Profiling result:
            Type  Time(%)      Time     Calls       Avg       Min       Max  Name
                        %        ms                  ms        ms        ms
 GPU activities:    75.90  251.7300      6000  0.041954  0.039072  1.309241  cuda_compute_flux(int, int*, float*, float*, float*)
                    12.01  39.84004      6000  6.64e-03  6.02e-03  0.010272  cuda_time_step(int, int, float*, float*, float*, float*)
                     6.61  21.91319      2000  0.010956  0.010719  0.364702  cuda_compute_step_factor(int, float*, float*, float*)
                     5.16  17.11629      2000  8.56e-03  4.77e-03  0.013152  [CUDA memcpy DtoD]
                     0.31  1.040346         3  0.346782  0.273055  0.399229  cuda_initialize_variables(int, float*)
                     0.00  6.75e-03         5  1.35e-03  1.28e-03  1.60e-03  [CUDA memcpy HtoD]
                     0.00  2.34e-03         1  2.34e-03  2.34e-03  2.34e-03  [CUDA memset]
      API calls:    52.58  362.9566     14003  0.025919  9.44e-03  0.303077  cudaLaunchKernel
                    32.56  224.7560         5  44.95120  0.012099  224.7051  cudaMemcpyToSymbol
                     8.85  61.08739      2000  0.030543  0.028337  2.464788  cudaMemcpy
                     3.03  20.89111         7  2.984444  9.09e-03  20.38866  cudaMallocManaged
                     1.10  7.583391     28003  2.70e-04  2.10e-04  0.115621  cudaGetLastError
                     0.74  5.107391       384  0.013300  2.34e-04  0.533678  cuDeviceGetAttribute
                     0.60  4.142727         4  1.035681  1.031289  1.040212  cuDeviceTotalMem
                     0.18  1.220038         1  1.220038  1.220038  1.220038  cudaGetDeviceProperties
                     0.15  1.046590        10  0.104659  1.25e-03  0.320610  cudaFree
                     0.14  0.994796         1  0.994796  0.994796  0.994796  cudaMemset
                     0.06  0.422359         4  0.105589  0.104074  0.107148  cuDeviceGetName
                     0.00  0.023163         3  7.72e-03  5.03e-03  0.011444  cudaMemAdvise
                     0.00  0.022861         2  0.011430  9.68e-03  0.013183  cudaThreadSynchronize
                     0.00  0.016456         4  4.11e-03  1.17e-03  0.011390  cuDeviceGetPCIBusId
                     0.00  0.012828         1  0.012828  0.012828  0.012828  cudaSetDevice
                     0.00  3.07e-03         8  3.83e-04  3.08e-04  5.12e-04  cuDeviceGet
                     0.00  1.83e-03         1  1.83e-03  1.83e-03  1.83e-03  cudaGetDevice
                     0.00  1.46e-03         3  4.85e-04  4.14e-04  6.01e-04  cuDeviceGetCount

==52224== Unified Memory profiling result:
Device "Tesla V100-SXM2-16GB (0)"
   Count  Avg Size  Min Size  Max Size  Total Size  Total Time  Name
      32  144.00KB  64.000KB  896.00KB  4.500000MB    0.161856ms  Host To Device
      26         -         -         -           -    3.629024ms  Gpu page fault groups
      58  112.55KB  64.000KB  320.00KB  6.375000MB           -  Remote mapping from device
Total CPU Page faults: 35
Total remote mappings to CPU: 58
