==52686== NVPROF is profiling process 52686, command: ./cfd_0445 ../../../data/cfd/missile.domn.0.2M
==52686== Profiling application: ./cfd_0445 ../../../data/cfd/missile.domn.0.2M
==52686== Profiling result:
            Type  Time(%)      Time     Calls       Avg       Min       Max  Name
                        %        ms                  ms        ms        ms
 GPU activities:    68.42  461.8153      6000  0.076969  0.071039  4.114760  cuda_compute_flux(int, int*, float*, float*, float*)
                    20.76  140.1190      6000  0.023353  0.021376  0.025599  cuda_time_step(int, int, float*, float*, float*, float*)
                     6.17  41.67194      2000  0.020835  0.019519  1.030042  cuda_compute_step_factor(int, float*, float*, float*)
                     4.23  28.56854      2000  0.014284  0.013568  0.016928  [CUDA memcpy DtoD]
                     0.42  2.821200         3  0.940400  0.749660  1.047770  cuda_initialize_variables(int, float*)
                     0.00  6.82e-03         5  1.36e-03  1.28e-03  1.60e-03  [CUDA memcpy HtoD]
                     0.00  1.86e-03         1  1.86e-03  1.86e-03  1.86e-03  [CUDA memset]
      API calls:    57.61  556.0602      2000  0.278030  0.051409  5.321763  cudaMemcpy
                    23.36  225.4557         5  45.09113  0.012178  225.4045  cudaMemcpyToSymbol
                    14.51  140.0127     14003  1.00e-02  9.17e-03  0.116668  cudaLaunchKernel
                     2.15  20.79062         7  2.970089  0.015711  20.39872  cudaMallocManaged
                     0.72  6.942647     28003  2.47e-04  2.12e-04  6.31e-04  cudaGetLastError
                     0.53  5.131848       384  0.013364  2.33e-04  0.534213  cuDeviceGetAttribute
                     0.43  4.166366         4  1.041591  1.031674  1.062497  cuDeviceTotalMem
                     0.32  3.065466         1  3.065466  3.065466  3.065466  cudaMemset
                     0.17  1.603005        10  0.160300  1.22e-03  0.436832  cudaFree
                     0.13  1.233593         1  1.233593  1.233593  1.233593  cudaGetDeviceProperties
                     0.04  0.423120         4  0.105780  0.103338  0.107500  cuDeviceGetName
                     0.03  0.270329         2  0.135164  9.88e-03  0.260448  cudaThreadSynchronize
                     0.00  0.021054         3  7.02e-03  4.43e-03  0.011726  cudaMemAdvise
                     0.00  0.014464         4  3.62e-03  1.16e-03  9.29e-03  cuDeviceGetPCIBusId
                     0.00  0.010314         1  0.010314  0.010314  0.010314  cudaSetDevice
                     0.00  3.15e-03         8  3.93e-04  2.95e-04  5.36e-04  cuDeviceGet
                     0.00  1.74e-03         1  1.74e-03  1.74e-03  1.74e-03  cudaGetDevice
                     0.00  1.51e-03         3  5.02e-04  4.08e-04  6.49e-04  cuDeviceGetCount

==52686== Unified Memory profiling result:
Device "Tesla V100-SXM2-16GB (0)"
   Count  Avg Size  Min Size  Max Size  Total Size  Total Time  Name
      57  192.00KB  64.000KB  768.00KB  10.68750MB    0.308768ms  Host To Device
      56         -         -         -           -    8.228160ms  Gpu page fault groups
      41  112.39KB  64.000KB  448.00KB  4.500000MB           -  Remote mapping from device
      28  390.86KB  64.000KB  1.3750MB  10.68750MB           -  Remote mapping to device
Total CPU Page faults: 68
Total remote mappings from CPU: 28
Total remote mappings to CPU: 41
