==71211== NVPROF is profiling process 71211, command: ./cfd_1144 ../../../data/cfd/fvcorr.domn.097K
==71211== Profiling application: ./cfd_1144 ../../../data/cfd/fvcorr.domn.097K
==71211== Profiling result:
            Type  Time(%)      Time     Calls       Avg       Min       Max  Name
                        %        ms                  ms        ms        ms
 GPU activities:    92.38  629.2005      6000  0.104866  0.101952  1.851510  cuda_compute_flux(int, int*, float*, float*, float*)
                     4.82  32.84922      6000  5.47e-03  4.93e-03  7.78e-03  cuda_time_step(int, int, float*, float*, float*, float*)
                     1.51  10.28573      2000  5.14e-03  4.54e-03  0.011808  [CUDA memcpy DtoD]
                     1.12  7.597427      2000  3.80e-03  3.39e-03  0.557181  cuda_compute_step_factor(int, float*, float*, float*)
                     0.17  1.177177         3  0.392392  0.347230  0.415997  cuda_initialize_variables(int, float*)
                     0.00  6.82e-03         5  1.36e-03  1.28e-03  1.60e-03  [CUDA memcpy HtoD]
                     0.00  2.34e-03         1  2.34e-03  2.34e-03  2.34e-03  [CUDA memset]
      API calls:    58.56  577.2578      2000  0.288628  0.044905  2.582897  cudaMemcpy
                    22.93  226.0737         5  45.21473  0.011904  226.0234  cudaMemcpyToSymbol
                    14.29  140.8274     14003  0.010056  9.18e-03  0.123597  cudaLaunchKernel
                     2.12  20.85563         7  2.979375  9.72e-03  20.39967  cudaMallocManaged
                     0.72  7.073534     28003  2.52e-04  2.13e-04  5.54e-03  cudaGetLastError
                     0.52  5.110743       384  0.013309  2.35e-04  0.532734  cuDeviceGetAttribute
                     0.42  4.143954         4  1.035988  1.032017  1.038666  cuDeviceTotalMem
                     0.13  1.300670        10  0.130067  1.18e-03  0.443039  cudaFree
                     0.13  1.237926         1  1.237926  1.237926  1.237926  cudaGetDeviceProperties
                     0.12  1.179079         1  1.179079  1.179079  1.179079  cudaMemset
                     0.04  0.421361         4  0.105340  0.102709  0.107373  cuDeviceGetName
                     0.03  0.285724         2  0.142862  9.43e-03  0.276292  cudaThreadSynchronize
                     0.00  0.022809         3  7.60e-03  4.36e-03  9.34e-03  cudaMemAdvise
                     0.00  0.015113         4  3.78e-03  1.12e-03  0.010404  cuDeviceGetPCIBusId
                     0.00  0.010073         1  0.010073  0.010073  0.010073  cudaSetDevice
                     0.00  3.15e-03         8  3.94e-04  3.01e-04  5.84e-04  cuDeviceGet
                     0.00  1.82e-03         1  1.82e-03  1.82e-03  1.82e-03  cudaGetDevice
                     0.00  1.40e-03         3  4.68e-04  3.69e-04  5.90e-04  cuDeviceGetCount

==71211== Unified Memory profiling result:
Device "Tesla V100-SXM2-16GB (0)"
   Count  Avg Size  Min Size  Max Size  Total Size  Total Time  Name
       4  96.000KB  64.000KB  128.00KB  384.0000KB    0.016640ms  Host To Device
      31         -         -         -           -    3.781312ms  Gpu page fault groups
      53  115.92KB  64.000KB  320.00KB  6.000000MB           -  Remote mapping from device
Total CPU Page faults: 10
Total remote mappings to CPU: 53
