==28739== NVPROF is profiling process 28739, command: ./cfd_0052 ../../../data/cfd/missile.domn.0.2M
==28739== Profiling application: ./cfd_0052 ../../../data/cfd/missile.domn.0.2M
==28739== Profiling result:
            Type  Time(%)      Time     Calls       Avg       Min       Max  Name
                        %        ms                  ms        ms        ms
 GPU activities:    74.09  509.1525      6000  0.084858  0.078559  1.709398  cuda_compute_flux(int, int*, float*, float*, float*)
                    17.89  122.9337      6000  0.020488  0.019135  0.022272  cuda_time_step(int, int, float*, float*, float*, float*)
                     4.15  28.51265      2000  0.014256  0.013503  0.016928  [CUDA memcpy DtoD]
                     3.44  23.63454      2000  0.011817  0.010432  0.196159  cuda_compute_step_factor(int, float*, float*, float*)
                     0.43  2.946830         3  0.982276  0.935674  1.069625  cuda_initialize_variables(int, float*)
                     0.00  6.75e-03         5  1.35e-03  1.28e-03  1.60e-03  [CUDA memcpy HtoD]
                     0.00  2.34e-03         1  2.34e-03  2.34e-03  2.34e-03  [CUDA memset]
      API calls:    58.22  568.8070      2000  0.284403  0.051262  2.081275  cudaMemcpy
                    23.04  225.0775         5  45.01550  0.012685  225.0257  cudaMemcpyToSymbol
                    14.21  138.8567     14003  9.92e-03  9.19e-03  0.050137  cudaLaunchKernel
                     2.13  20.77762         7  2.968231  0.015597  20.38644  cudaMallocManaged
                     0.74  7.231274     28003  2.58e-04  2.13e-04  0.108703  cudaGetLastError
                     0.52  5.098000       384  0.013276  2.34e-04  0.532788  cuDeviceGetAttribute
                     0.42  4.131439         4  1.032859  1.028224  1.040838  cuDeviceTotalMem
                     0.33  3.231037         1  3.231037  3.231037  3.231037  cudaMemset
                     0.18  1.758314        10  0.175831  1.19e-03  0.813766  cudaFree
                     0.13  1.227657         1  1.227657  1.227657  1.227657  cudaGetDeviceProperties
                     0.04  0.423283         4  0.105820  0.102801  0.107338  cuDeviceGetName
                     0.03  0.275741         2  0.137870  9.59e-03  0.266146  cudaThreadSynchronize
                     0.00  0.013973         4  3.49e-03  1.13e-03  9.31e-03  cuDeviceGetPCIBusId
                     0.00  0.012911         2  6.46e-03  6.22e-03  6.69e-03  cudaMemAdvise
                     0.00  0.010861         1  0.010861  0.010861  0.010861  cudaSetDevice
                     0.00  3.14e-03         8  3.92e-04  2.99e-04  5.45e-04  cuDeviceGet
                     0.00  1.94e-03         1  1.94e-03  1.94e-03  1.94e-03  cudaGetDevice
                     0.00  1.48e-03         3  4.91e-04  3.71e-04  6.42e-04  cuDeviceGetCount

==28739== Unified Memory profiling result:
Device "Tesla V100-SXM2-16GB (0)"
   Count  Avg Size  Min Size  Max Size  Total Size  Total Time  Name
      24  194.67KB  64.000KB  896.00KB  4.562500MB    0.130336ms  Host To Device
      38         -         -         -           -    5.123840ms  Gpu page fault groups
      17  858.35KB  64.000KB  2.0000MB  14.25000MB           -  Remote mapping to device
Total CPU Page faults: 31
Total remote mappings from CPU: 17
