==81061== NVPROF is profiling process 81061, command: ./cfd_1322 ../../../data/cfd/fvcorr.domn.193K
==81061== Profiling application: ./cfd_1322 ../../../data/cfd/fvcorr.domn.193K
==81061== Profiling result:
            Type  Time(%)      Time     Calls       Avg       Min       Max  Name
                        %        ms                  ms        ms        ms
 GPU activities:    78.19  509.8702      6000  0.084978  0.081983  0.760635  cuda_compute_flux(int, int*, float*, float*, float*)
                    15.87  103.4900      6000  0.017248  0.016095  0.019456  cuda_time_step(int, int, float*, float*, float*, float*)
                     2.93  19.13505      2000  9.57e-03  8.93e-03  0.012512  [CUDA memcpy DtoD]
                     2.64  17.20847      2000  8.60e-03  8.13e-03  0.021184  cuda_compute_step_factor(int, float*, float*, float*)
                     0.37  2.384594         3  0.794864  0.729627  0.855611  cuda_initialize_variables(int, float*)
                     0.00  6.82e-03         5  1.36e-03  1.28e-03  1.60e-03  [CUDA memcpy HtoD]
                     0.00  1.89e-03         1  1.89e-03  1.89e-03  1.89e-03  [CUDA memset]
      API calls:    57.24  541.2298      2000  0.270614  0.046006  0.956883  cudaMemcpy
                    23.69  224.0309         5  44.80618  0.012318  223.9797  cudaMemcpyToSymbol
                    14.48  136.8909     14003  9.77e-03  9.16e-03  0.091348  cudaLaunchKernel
                     2.18  20.65272         7  2.950389  0.010957  20.26943  cudaMallocManaged
                     0.75  7.136370     28003  2.54e-04  2.08e-04  0.099610  cudaGetLastError
                     0.54  5.105684       384  0.013296  2.34e-04  0.532676  cuDeviceGetAttribute
                     0.44  4.143815         4  1.035953  1.032517  1.039040  cuDeviceTotalMem
                     0.28  2.620169         1  2.620169  2.620169  2.620169  cudaMemset
                     0.19  1.788898        10  0.178889  1.22e-03  0.695980  cudaFree
                     0.13  1.219116         1  1.219116  1.219116  1.219116  cudaGetDeviceProperties
                     0.05  0.426668         4  0.106667  0.104807  0.107369  cuDeviceGetName
                     0.03  0.269642         2  0.134821  9.55e-03  0.260096  cudaThreadSynchronize
                     0.00  0.020562         3  6.85e-03  4.35e-03  0.010115  cudaMemAdvise
                     0.00  0.014480         4  3.62e-03  1.20e-03  9.63e-03  cuDeviceGetPCIBusId
                     0.00  0.013017         1  0.013017  0.013017  0.013017  cudaSetDevice
                     0.00  3.17e-03         8  3.96e-04  3.00e-04  5.74e-04  cuDeviceGet
                     0.00  1.75e-03         1  1.75e-03  1.75e-03  1.75e-03  cudaGetDevice
                     0.00  1.44e-03         3  4.78e-04  3.73e-04  6.31e-04  cuDeviceGetCount

==81061== Unified Memory profiling result:
Device "Tesla V100-SXM2-16GB (0)"
   Count  Avg Size  Min Size  Max Size  Total Size  Total Time  Name
       7  109.71KB  64.000KB  192.00KB  768.0000KB    0.028704ms  Host To Device
      24         -         -         -           -    3.354848ms  Gpu page fault groups
       5  153.60KB  64.000KB  256.00KB  768.0000KB           -  Remote mapping from device
       7  1.6964MB  896.00KB  2.0000MB  11.87500MB           -  Remote mapping to device
Total CPU Page faults: 12
Total remote mappings from CPU: 7
Total remote mappings to CPU: 5
