==78576== NVPROF is profiling process 78576, command: ./cfd_1255 ../../../data/cfd/fvcorr.domn.097K
==78576== Profiling application: ./cfd_1255 ../../../data/cfd/fvcorr.domn.097K
==78576== Profiling result:
            Type  Time(%)      Time     Calls       Avg       Min       Max  Name
                        %        ms                  ms        ms        ms
 GPU activities:    72.01  174.0114      6000  0.029001  0.026752  2.698481  cuda_compute_flux(int, int*, float*, float*, float*)
                    17.09  41.30464      6000  6.88e-03  6.18e-03  8.54e-03  cuda_time_step(int, int, float*, float*, float*, float*)
                     6.41  15.49008      2000  7.74e-03  6.50e-03  0.291455  cuda_compute_step_factor(int, float*, float*, float*)
                     4.01  9.686028      2000  4.84e-03  4.64e-03  0.011232  [CUDA memcpy DtoD]
                     0.47  1.143130         3  0.381043  0.263902  0.518206  cuda_initialize_variables(int, float*)
                     0.00  6.75e-03         5  1.35e-03  1.28e-03  1.57e-03  [CUDA memcpy HtoD]
                     0.00  2.30e-03         1  2.30e-03  2.30e-03  2.30e-03  [CUDA memset]
      API calls:    41.97  226.4256         5  45.28511  0.012165  226.3745  cudaMemcpyToSymbol
                    25.66  138.4296     14003  9.89e-03  8.97e-03  0.106399  cudaLaunchKernel
                    24.68  133.1363      2000  0.066568  0.028817  3.015336  cudaMemcpy
                     3.86  20.83183         7  2.975975  9.69e-03  20.39190  cudaMallocManaged
                     1.36  7.319342     28003  2.61e-04  2.12e-04  0.098891  cudaGetLastError
                     0.95  5.104190       384  0.013292  2.32e-04  0.534733  cuDeviceGetAttribute
                     0.77  4.139958         4  1.034989  1.029770  1.039445  cuDeviceTotalMem
                     0.23  1.216702         1  1.216702  1.216702  1.216702  cudaGetDeviceProperties
                     0.22  1.182977        10  0.118297  1.21e-03  0.461764  cudaFree
                     0.21  1.150697         1  1.150697  1.150697  1.150697  cudaMemset
                     0.08  0.424441         4  0.106110  0.102598  0.109533  cuDeviceGetName
                     0.01  0.069472         2  0.034736  9.07e-03  0.060398  cudaThreadSynchronize
                     0.00  0.023983         3  7.99e-03  3.92e-03  0.012003  cudaMemAdvise
                     0.00  0.014533         1  0.014533  0.014533  0.014533  cudaSetDevice
                     0.00  0.014432         4  3.61e-03  1.21e-03  9.75e-03  cuDeviceGetPCIBusId
                     0.00  3.23e-03         8  4.03e-04  3.11e-04  5.43e-04  cuDeviceGet
                     0.00  1.70e-03         1  1.70e-03  1.70e-03  1.70e-03  cudaGetDevice
                     0.00  1.46e-03         3  4.86e-04  4.20e-04  6.08e-04  cuDeviceGetCount

==78576== Unified Memory profiling result:
Device "Tesla V100-SXM2-16GB (0)"
   Count  Avg Size  Min Size  Max Size  Total Size  Total Time  Name
      46  133.56KB  64.000KB  704.00KB  6.000000MB    0.212928ms  Host To Device
      25         -         -         -           -    4.338944ms  Gpu page fault groups
      26  251.08KB  64.000KB  960.00KB  6.375000MB           -  Remote mapping to device
Total CPU Page faults: 45
Total remote mappings from CPU: 26
