==63898== NVPROF is profiling process 63898, command: ./cfd_1035 ../../../data/cfd/fvcorr.domn.193K
==63898== Profiling application: ./cfd_1035 ../../../data/cfd/fvcorr.domn.193K
==63898== Profiling result:
            Type  Time(%)      Time     Calls       Avg       Min       Max  Name
                        %        ms                  ms        ms        ms
 GPU activities:    66.97  296.0124      6000  0.049335  0.046719  3.465260  cuda_compute_flux(int, int*, float*, float*, float*)
                    24.30  107.4178      6000  0.017902  0.016320  0.019808  cuda_time_step(int, int, float*, float*, float*, float*)
                     4.33  19.11759      2000  9.56e-03  8.96e-03  0.013248  [CUDA memcpy DtoD]
                     3.87  17.09788      2000  8.55e-03  7.87e-03  0.157663  cuda_compute_step_factor(int, float*, float*, float*)
                     0.53  2.326387         3  0.775462  0.767516  0.788571  cuda_initialize_variables(int, float*)
                     0.00  6.98e-03         5  1.40e-03  1.31e-03  1.73e-03  [CUDA memcpy HtoD]
                     0.00  1.89e-03         1  1.89e-03  1.89e-03  1.89e-03  [CUDA memset]
      API calls:    44.93  331.6931      2000  0.165846  0.042980  3.738670  cudaMemcpy
                    30.67  226.3948         5  45.27896  0.013845  226.3387  cudaMemcpyToSymbol
                    18.61  137.4100     14003  9.81e-03  9.12e-03  0.129538  cudaLaunchKernel
                     2.81  20.73656         7  2.962366  0.011163  20.34811  cudaMallocManaged
                     0.95  7.041970     28003  2.51e-04  2.09e-04  0.087864  cudaGetLastError
                     0.69  5.125719       384  0.013348  2.36e-04  0.534267  cuDeviceGetAttribute
                     0.56  4.150818         4  1.037704  1.031259  1.043443  cuDeviceTotalMem
                     0.35  2.567618         1  2.567618  2.567618  2.567618  cudaMemset
                     0.17  1.280941        10  0.128094  1.34e-03  0.370969  cudaFree
                     0.17  1.218262         1  1.218262  1.218262  1.218262  cudaGetDeviceProperties
                     0.06  0.420905         4  0.105226  0.102405  0.107201  cuDeviceGetName
                     0.02  0.166327         2  0.083163  9.84e-03  0.156484  cudaThreadSynchronize
                     0.00  0.016221         4  4.06e-03  1.12e-03  0.011429  cuDeviceGetPCIBusId
                     0.00  0.013467         1  0.013467  0.013467  0.013467  cudaSetDevice
                     0.00  0.010962         2  5.48e-03  4.26e-03  6.70e-03  cudaMemAdvise
                     0.00  3.07e-03         8  3.83e-04  2.99e-04  5.39e-04  cuDeviceGet
                     0.00  1.76e-03         1  1.76e-03  1.76e-03  1.76e-03  cudaGetDevice
                     0.00  1.42e-03         3  4.74e-04  3.75e-04  6.23e-04  cuDeviceGetCount

==63898== Unified Memory profiling result:
Device "Tesla V100-SXM2-16GB (0)"
   Count  Avg Size  Min Size  Max Size  Total Size  Total Time  Name
      70  188.34KB  64.000KB  960.00KB  12.87500MB    0.379296ms  Host To Device
      32         -         -         -           -    6.242656ms  Gpu page fault groups
      23  133.56KB  64.000KB  448.00KB  3.000000MB           -  Remote mapping from device
      24  378.67KB  64.000KB  1.0000MB  8.875000MB           -  Remote mapping to device
Total CPU Page faults: 84
Total remote mappings from CPU: 24
Total remote mappings to CPU: 23
