==33990== NVPROF is profiling process 33990, command: ./cfd_0143 ../../../data/cfd/fvcorr.domn.193K
==33990== Profiling application: ./cfd_0143 ../../../data/cfd/fvcorr.domn.193K
==33990== Profiling result:
            Type  Time(%)      Time     Calls       Avg       Min       Max  Name
                        %        ms                  ms        ms        ms
 GPU activities:    72.33  388.3175      6000  0.064719  0.060928  2.397554  cuda_compute_flux(int, int*, float*, float*, float*)
                    20.26  108.7704      6000  0.018128  0.016128  0.022592  cuda_time_step(int, int, float*, float*, float*, float*)
                     3.65  19.58203      2000  9.79e-03  9.06e-03  0.013536  [CUDA memcpy DtoD]
                     3.35  17.99269      2000  9.00e-03  8.22e-03  0.513245  cuda_compute_step_factor(int, float*, float*, float*)
                     0.41  2.183892         3  0.727964  0.641404  0.822204  cuda_initialize_variables(int, float*)
                     0.00  6.78e-03         5  1.36e-03  1.28e-03  1.60e-03  [CUDA memcpy HtoD]
                     0.00  2.05e-03         1  2.05e-03  2.05e-03  2.05e-03  [CUDA memset]
      API calls:    51.05  424.9065      2000  0.212453  0.049430  3.996292  cudaMemcpy
                    27.15  225.9537         5  45.19074  0.012627  225.9020  cudaMemcpyToSymbol
                    16.62  138.3310     14003  9.88e-03  9.13e-03  0.051061  cudaLaunchKernel
                     2.50  20.79660         7  2.970942  0.010896  20.39321  cudaMallocManaged
                     0.87  7.210495     28003  2.57e-04  2.09e-04  0.100584  cudaGetLastError
                     0.61  5.107629       384  0.013301  2.34e-04  0.533893  cuDeviceGetAttribute
                     0.50  4.142864         4  1.035716  1.031054  1.040037  cuDeviceTotalMem
                     0.29  2.434336         1  2.434336  2.434336  2.434336  cudaMemset
                     0.18  1.464379        10  0.146437  1.23e-03  0.381277  cudaFree
                     0.15  1.231661         1  1.231661  1.231661  1.231661  cudaGetDeviceProperties
                     0.05  0.422025         4  0.105506  0.102704  0.107318  cuDeviceGetName
                     0.03  0.211592         2  0.105796  0.010083  0.201509  cudaThreadSynchronize
                     0.00  0.021497         3  7.16e-03  4.92e-03  9.68e-03  cudaMemAdvise
                     0.00  0.014141         4  3.53e-03  1.14e-03  9.02e-03  cuDeviceGetPCIBusId
                     0.00  0.010644         1  0.010644  0.010644  0.010644  cudaSetDevice
                     0.00  3.34e-03         8  4.17e-04  3.12e-04  7.09e-04  cuDeviceGet
                     0.00  1.83e-03         1  1.83e-03  1.83e-03  1.83e-03  cudaGetDevice
                     0.00  1.48e-03         3  4.92e-04  4.45e-04  5.86e-04  cuDeviceGetCount

==33990== Unified Memory profiling result:
Device "Tesla V100-SXM2-16GB (0)"
   Count  Avg Size  Min Size  Max Size  Total Size  Total Time  Name
      71  138.82KB  64.000KB  896.00KB  9.625000MB    0.346368ms  Host To Device
      40         -         -         -           -    6.399680ms  Gpu page fault groups
      90  135.11KB  64.000KB  448.00KB  11.87500MB           -  Remote mapping from device
Total CPU Page faults: 72
Total remote mappings to CPU: 90
