==36806== NVPROF is profiling process 36806, command: ./cfd_0212 ../../../data/cfd/fvcorr.domn.193K
==36806== Profiling application: ./cfd_0212 ../../../data/cfd/fvcorr.domn.193K
==36806== Profiling result:
            Type  Time(%)      Time     Calls       Avg       Min       Max  Name
                        %        ms                  ms        ms        ms
 GPU activities:    75.78  450.6952      6000  0.075115  0.071871  1.309432  cuda_compute_flux(int, int*, float*, float*, float*)
                    17.61  104.7282      6000  0.017454  0.016320  0.019264  cuda_time_step(int, int, float*, float*, float*, float*)
                     3.24  19.26764      2000  9.63e-03  9.12e-03  0.012448  [CUDA memcpy DtoD]
                     2.94  17.50481      2000  8.75e-03  8.32e-03  0.010976  cuda_compute_step_factor(int, float*, float*, float*)
                     0.43  2.540914         3  0.846971  0.825692  0.874747  cuda_initialize_variables(int, float*)
                     0.00  6.82e-03         5  1.36e-03  1.28e-03  1.63e-03  [CUDA memcpy HtoD]
                     0.00  1.86e-03         1  1.86e-03  1.86e-03  1.86e-03  [CUDA memset]
      API calls:    54.36  483.3949      2000  0.241697  0.047474  1.478966  cudaMemcpy
                    25.21  224.1768         5  44.83536  0.012712  224.1250  cudaMemcpyToSymbol
                    15.53  138.1034     14003  9.86e-03  9.13e-03  0.106200  cudaLaunchKernel
                     2.34  20.76615         7  2.966593  0.011756  20.38302  cudaMallocManaged
                     0.80  7.076346     28003  2.52e-04  2.13e-04  0.080863  cudaGetLastError
                     0.58  5.127924       384  0.013353  2.38e-04  0.550394  cuDeviceGetAttribute
                     0.47  4.142957         4  1.035739  1.031438  1.040810  cuDeviceTotalMem
                     0.31  2.785915         1  2.785915  2.785915  2.785915  cudaMemset
                     0.19  1.713002        10  0.171300  1.33e-03  0.704316  cudaFree
                     0.14  1.231235         1  1.231235  1.231235  1.231235  cudaGetDeviceProperties
                     0.05  0.426433         4  0.106608  0.105508  0.107615  cuDeviceGetName
                     0.03  0.243314         2  0.121657  9.79e-03  0.233523  cudaThreadSynchronize
                     0.00  0.020305         3  6.77e-03  4.40e-03  0.011443  cudaMemAdvise
                     0.00  0.014535         4  3.63e-03  1.18e-03  9.62e-03  cuDeviceGetPCIBusId
                     0.00  0.013268         1  0.013268  0.013268  0.013268  cudaSetDevice
                     0.00  3.15e-03         8  3.94e-04  3.06e-04  5.80e-04  cuDeviceGet
                     0.00  1.74e-03         1  1.74e-03  1.74e-03  1.74e-03  cudaGetDevice
                     0.00  1.43e-03         3  4.77e-04  3.99e-04  5.92e-04  cuDeviceGetCount

==36806== Unified Memory profiling result:
Device "Tesla V100-SXM2-16GB (0)"
   Count  Avg Size  Min Size  Max Size  Total Size  Total Time  Name
      13  236.31KB  64.000KB  896.00KB  3.000000MB    0.077536ms  Host To Device
      27         -         -         -           -    4.135840ms  Gpu page fault groups
       6  1.6042MB  768.00KB  2.0000MB  9.625000MB           -  Remote mapping to device
Total CPU Page faults: 54
Total remote mappings from CPU: 6
