==91133== NVPROF is profiling process 91133, command: ./cfd_1501 ../../../data/cfd/missile.domn.0.2M
==91133== Profiling application: ./cfd_1501 ../../../data/cfd/missile.domn.0.2M
==91133== Profiling result:
            Type  Time(%)      Time     Calls       Avg       Min       Max  Name
                        %        ms                  ms        ms        ms
 GPU activities:    66.75  362.2763      6000  0.060379  0.053184  3.717930  cuda_compute_flux(int, int*, float*, float*, float*)
                    22.92  124.3930      6000  0.020732  0.019391  0.022464  cuda_time_step(int, int, float*, float*, float*, float*)
                     5.32  28.88131      2000  0.014440  0.013632  0.016927  [CUDA memcpy DtoD]
                     4.49  24.36922      2000  0.012184  0.010624  0.809020  cuda_compute_step_factor(int, float*, float*, float*)
                     0.52  2.815248         3  0.938416  0.847867  1.030107  cuda_initialize_variables(int, float*)
                     0.00  6.85e-03         5  1.37e-03  1.28e-03  1.63e-03  [CUDA memcpy HtoD]
                     0.00  2.37e-03         1  2.37e-03  2.37e-03  2.37e-03  [CUDA memset]
      API calls:    50.95  424.6947      2000  0.212347  0.050658  4.657006  cudaMemcpy
                    27.20  226.7017         5  45.34034  0.012084  226.6515  cudaMemcpyToSymbol
                    16.62  138.5025     14003  9.89e-03  9.09e-03  0.058057  cudaLaunchKernel
                     2.49  20.77804         7  2.968291  0.016614  20.39145  cudaMallocManaged
                     0.87  7.267888     28003  2.59e-04  2.11e-04  0.096653  cudaGetLastError
                     0.62  5.133345       384  0.013368  2.33e-04  0.534178  cuDeviceGetAttribute
                     0.50  4.142483         4  1.035620  1.031318  1.037787  cuDeviceTotalMem
                     0.37  3.048335         1  3.048335  3.048335  3.048335  cudaMemset
                     0.17  1.394995        10  0.139499  1.19e-03  0.402747  cudaFree
                     0.15  1.220764         1  1.220764  1.220764  1.220764  cudaGetDeviceProperties
                     0.05  0.422338         4  0.105584  0.102547  0.107621  cuDeviceGetName
                     0.03  0.208616         2  0.104308  0.011662  0.196954  cudaThreadSynchronize
                     0.00  0.016044         2  8.02e-03  5.67e-03  0.010376  cudaMemAdvise
                     0.00  0.013609         4  3.40e-03  1.19e-03  8.85e-03  cuDeviceGetPCIBusId
                     0.00  0.011711         1  0.011711  0.011711  0.011711  cudaSetDevice
                     0.00  3.17e-03         8  3.96e-04  3.15e-04  5.39e-04  cuDeviceGet
                     0.00  1.72e-03         1  1.72e-03  1.72e-03  1.72e-03  cudaGetDevice
                     0.00  1.46e-03         3  4.85e-04  4.22e-04  6.08e-04  cuDeviceGetCount

==91133== Unified Memory profiling result:
Device "Tesla V100-SXM2-16GB (0)"
   Count  Avg Size  Min Size  Max Size  Total Size  Total Time  Name
      77  201.97KB  64.000KB  832.00KB  15.18750MB    0.424800ms  Host To Device
      44         -         -         -           -    7.582048ms  Gpu page fault groups
       5  192.00KB  64.000KB  384.00KB  960.0000KB           -  Remote mapping to device
Total CPU Page faults: 196
Total remote mappings from CPU: 5
