==82092== NVPROF is profiling process 82092, command: ./cfd_1332 ../../../data/cfd/missile.domn.0.2M
==82092== Profiling application: ./cfd_1332 ../../../data/cfd/missile.domn.0.2M
==82092== Profiling result:
            Type  Time(%)      Time     Calls       Avg       Min       Max  Name
                        %        ms                  ms        ms        ms
 GPU activities:    70.57  433.1055      6000  0.072184  0.068384  1.336345  cuda_compute_flux(int, int*, float*, float*, float*)
                    20.49  125.7676      6000  0.020961  0.019424  0.022880  cuda_time_step(int, int, float*, float*, float*, float*)
                     4.67  28.65689      2000  0.014328  0.013408  0.017536  [CUDA memcpy DtoD]
                     3.86  23.67638      2000  0.011838  0.010560  0.023071  cuda_compute_step_factor(int, float*, float*, float*)
                     0.40  2.475666         3  0.825222  0.686524  0.901147  cuda_initialize_variables(int, float*)
                     0.00  6.94e-03         5  1.39e-03  1.28e-03  1.73e-03  [CUDA memcpy HtoD]
                     0.00  2.34e-03         1  2.34e-03  2.34e-03  2.34e-03  [CUDA memset]
      API calls:    54.90  496.7823      2000  0.248391  0.053100  1.838332  cudaMemcpy
                    24.87  225.0588         5  45.01176  0.012470  225.0077  cudaMemcpyToSymbol
                    15.37  139.1105     14003  9.93e-03  9.11e-03  0.172430  cudaLaunchKernel
                     2.31  20.91115         7  2.987307  0.016768  20.35968  cudaMallocManaged
                     0.81  7.306836     28003  2.60e-04  2.11e-04  0.106073  cudaGetLastError
                     0.59  5.307703       384  0.013822  2.34e-04  0.700533  cuDeviceGetAttribute
                     0.46  4.139754         4  1.034938  1.031555  1.037386  cuDeviceTotalMem
                     0.28  2.522697         1  2.522697  2.522697  2.522697  cudaMemset
                     0.20  1.814790        10  0.181479  1.25e-03  0.786546  cudaFree
                     0.13  1.216421         1  1.216421  1.216421  1.216421  cudaGetDeviceProperties
                     0.05  0.423913         4  0.105978  0.102706  0.109676  cuDeviceGetName
                     0.03  0.238068         2  0.119034  0.010449  0.227619  cudaThreadSynchronize
                     0.00  0.021301         3  7.10e-03  4.38e-03  0.010804  cudaMemAdvise
                     0.00  0.013906         4  3.48e-03  1.21e-03  9.40e-03  cuDeviceGetPCIBusId
                     0.00  0.011050         1  0.011050  0.011050  0.011050  cudaSetDevice
                     0.00  3.15e-03         8  3.93e-04  3.13e-04  5.56e-04  cuDeviceGet
                     0.00  1.75e-03         1  1.75e-03  1.75e-03  1.75e-03  cudaGetDevice
                     0.00  1.47e-03         3  4.90e-04  4.18e-04  6.29e-04  cuDeviceGetCount

==82092== Unified Memory profiling result:
Device "Tesla V100-SXM2-16GB (0)"
   Count  Avg Size  Min Size  Max Size  Total Size  Total Time  Name
      32  144.00KB  64.000KB  960.00KB  4.500000MB    0.147136ms  Host To Device
      29         -         -         -           -    4.359904ms  Gpu page fault groups
      27  170.67KB  64.000KB  576.00KB  4.500000MB           -  Remote mapping from device
       6  1.7813MB  704.00KB  2.0000MB  10.68750MB           -  Remote mapping to device
Total CPU Page faults: 31
Total remote mappings from CPU: 6
Total remote mappings to CPU: 27
