==27525== NVPROF is profiling process 27525, command: ./cfd_0042 ../../../data/cfd/fvcorr.domn.193K
==27525== Profiling application: ./cfd_0042 ../../../data/cfd/fvcorr.domn.193K
==27525== Profiling result:
            Type  Time(%)      Time     Calls       Avg       Min       Max  Name
                        %        ms                  ms        ms        ms
 GPU activities:    80.78  604.6330      6000  0.100772  0.097407  1.254936  cuda_compute_flux(int, int*, float*, float*, float*)
                    13.94  104.3263      6000  0.017387  0.015840  0.019360  cuda_time_step(int, int, float*, float*, float*, float*)
                     2.64  19.79059      2000  9.90e-03  9.28e-03  0.013536  [CUDA memcpy DtoD]
                     2.31  17.31840      2000  8.66e-03  8.00e-03  0.152703  cuda_compute_step_factor(int, float*, float*, float*)
                     0.33  2.439794         3  0.813264  0.769788  0.837147  cuda_initialize_variables(int, float*)
                     0.00  6.85e-03         5  1.37e-03  1.28e-03  1.70e-03  [CUDA memcpy HtoD]
                     0.00  2.02e-03         1  2.02e-03  2.02e-03  2.02e-03  [CUDA memset]
      API calls:    60.79  634.7514      2000  0.317375  0.049053  1.617213  cudaMemcpy
                    21.58  225.2863         5  45.05726  0.012295  225.2355  cudaMemcpyToSymbol
                    13.45  140.4649     14003  0.010031  8.80e-03  0.114728  cudaLaunchKernel
                     1.99  20.74839         7  2.964056  0.010718  20.36656  cudaMallocManaged
                     0.68  7.065483     28003  2.52e-04  2.11e-04  4.41e-03  cudaGetLastError
                     0.49  5.114866       384  0.013319  2.34e-04  0.535164  cuDeviceGetAttribute
                     0.40  4.174864         4  1.043716  1.031484  1.065510  cuDeviceTotalMem
                     0.26  2.690896         1  2.690896  2.690896  2.690896  cudaMemset
                     0.17  1.811124        10  0.181112  1.24e-03  0.723450  cudaFree
                     0.12  1.219489         1  1.219489  1.219489  1.219489  cudaGetDeviceProperties
                     0.04  0.421706         4  0.105426  0.102762  0.107436  cuDeviceGetName
                     0.03  0.315918         2  0.157959  9.59e-03  0.306329  cudaThreadSynchronize
                     0.00  0.012116         2  6.06e-03  4.70e-03  7.42e-03  cudaMemAdvise
                     0.00  0.011634         1  0.011634  0.011634  0.011634  cudaSetDevice
                     0.00  0.011313         4  2.83e-03  1.17e-03  6.45e-03  cuDeviceGetPCIBusId
                     0.00  3.10e-03         8  3.86e-04  3.01e-04  5.33e-04  cuDeviceGet
                     0.00  1.59e-03         1  1.59e-03  1.59e-03  1.59e-03  cudaGetDevice
                     0.00  1.45e-03         3  4.82e-04  4.12e-04  5.98e-04  cuDeviceGetCount

==27525== Unified Memory profiling result:
Device "Tesla V100-SXM2-16GB (0)"
   Count  Avg Size  Min Size  Max Size  Total Size  Total Time  Name
       6  170.67KB  64.000KB  448.00KB  1.000000MB    0.029632ms  Host To Device
      37         -         -         -           -    4.146400ms  Gpu page fault groups
      18  170.67KB  64.000KB  384.00KB  3.000000MB           -  Remote mapping from device
       5  1.7750MB  896.00KB  2.0000MB  8.875000MB           -  Remote mapping to device
Total CPU Page faults: 12
Total remote mappings from CPU: 5
Total remote mappings to CPU: 18
