==77791== NVPROF is profiling process 77791, command: ./cfd_1250 ../../../data/cfd/fvcorr.domn.193K
==77791== Profiling application: ./cfd_1250 ../../../data/cfd/fvcorr.domn.193K
==77791== Profiling result:
            Type  Time(%)      Time     Calls       Avg       Min       Max  Name
                        %        ms                  ms        ms        ms
 GPU activities:    66.93  296.5458      6000  0.049424  0.046815  3.374509  cuda_compute_flux(int, int*, float*, float*, float*)
                    24.22  107.3206      6000  0.017886  0.016384  0.019935  cuda_time_step(int, int, float*, float*, float*, float*)
                     4.40  19.51032      2000  9.76e-03  9.12e-03  0.012512  [CUDA memcpy DtoD]
                     3.93  17.40265      2000  8.70e-03  8.29e-03  0.011968  cuda_compute_step_factor(int, float*, float*, float*)
                     0.51  2.274003         3  0.758001  0.669564  0.802652  cuda_initialize_variables(int, float*)
                     0.00  6.85e-03         5  1.37e-03  1.31e-03  1.60e-03  [CUDA memcpy HtoD]
                     0.00  1.89e-03         1  1.89e-03  1.89e-03  1.89e-03  [CUDA memset]
      API calls:    44.56  330.5473      2000  0.165273  0.047059  3.495220  cudaMemcpy
                    30.98  229.8032         5  45.96063  0.012508  229.7514  cudaMemcpyToSymbol
                    18.67  138.5391     14003  9.89e-03  9.19e-03  0.094826  cudaLaunchKernel
                     2.80  20.74593         7  2.963704  0.010716  20.35764  cudaMallocManaged
                     0.93  6.935157     28003  2.47e-04  2.11e-04  0.074073  cudaGetLastError
                     0.71  5.271240       384  0.013727  2.36e-04  0.586505  cuDeviceGetAttribute
                     0.58  4.266967         4  1.066741  1.043667  1.118776  cuDeviceTotalMem
                     0.34  2.509124         1  2.509124  2.509124  2.509124  cudaMemset
                     0.18  1.353151        10  0.135315  1.35e-03  0.337035  cudaFree
                     0.17  1.233775         1  1.233775  1.233775  1.233775  cudaGetDeviceProperties
                     0.06  0.440185         4  0.110046  0.103918  0.115088  cuDeviceGetName
                     0.02  0.163496         2  0.081748  9.26e-03  0.154239  cudaThreadSynchronize
                     0.00  0.016822         2  8.41e-03  4.95e-03  0.011869  cudaMemAdvise
                     0.00  0.012650         4  3.16e-03  1.16e-03  7.52e-03  cuDeviceGetPCIBusId
                     0.00  0.011404         1  0.011404  0.011404  0.011404  cudaSetDevice
                     0.00  3.20e-03         8  4.00e-04  3.13e-04  5.84e-04  cuDeviceGet
                     0.00  1.75e-03         1  1.75e-03  1.75e-03  1.75e-03  cudaGetDevice
                     0.00  1.50e-03         3  5.01e-04  4.03e-04  6.72e-04  cuDeviceGetCount

==77791== Unified Memory profiling result:
Device "Tesla V100-SXM2-16GB (0)"
   Count  Avg Size  Min Size  Max Size  Total Size  Total Time  Name
      65  187.08KB  64.000KB  448.00KB  11.87500MB    0.349984ms  Host To Device
      29         -         -         -           -    5.921216ms  Gpu page fault groups
       7  548.57KB  128.00KB  896.00KB  3.750000MB           -  Remote mapping to device
Total CPU Page faults: 80
Total remote mappings from CPU: 7
