==82326== NVPROF is profiling process 82326, command: ./cfd_1333 ../../../data/cfd/fvcorr.domn.097K
==82326== Profiling application: ./cfd_1333 ../../../data/cfd/fvcorr.domn.097K
==82326== Profiling result:
            Type  Time(%)      Time     Calls       Avg       Min       Max  Name
                        %        ms                  ms        ms        ms
 GPU activities:    74.76  173.9492      6000  0.028991  0.027168  1.771735  cuda_compute_flux(int, int*, float*, float*, float*)
                    17.72  41.23901      6000  6.87e-03  6.11e-03  9.50e-03  cuda_time_step(int, int, float*, float*, float*, float*)
                     3.97  9.246706      2000  4.62e-03  4.48e-03  0.011936  [CUDA memcpy DtoD]
                     3.04  7.074516      2000  3.54e-03  3.39e-03  0.013919  cuda_compute_step_factor(int, float*, float*, float*)
                     0.50  1.160442         3  0.386814  0.311743  0.516701  cuda_initialize_variables(int, float*)
                     0.00  6.82e-03         5  1.36e-03  1.28e-03  1.60e-03  [CUDA memcpy HtoD]
                     0.00  2.34e-03         1  2.34e-03  2.34e-03  2.34e-03  [CUDA memset]
      API calls:    42.06  225.8982         5  45.17965  0.012722  225.8460  cudaMemcpyToSymbol
                    25.71  138.0938     14003  9.86e-03  9.14e-03  0.121502  cudaLaunchKernel
                    24.55  131.8398      2000  0.065919  0.029719  1.810855  cudaMemcpy
                     3.88  20.83866         7  2.976950  9.88e-03  20.38420  cudaMallocManaged
                     1.33  7.169634     28003  2.56e-04  2.14e-04  0.105844  cudaGetLastError
                     0.96  5.142063       384  0.013390  2.34e-04  0.534548  cuDeviceGetAttribute
                     0.77  4.147066         4  1.036766  1.032398  1.041138  cuDeviceTotalMem
                     0.23  1.228503         1  1.228503  1.228503  1.228503  cudaGetDeviceProperties
                     0.22  1.161866         1  1.161866  1.161866  1.161866  cudaMemset
                     0.18  0.987227        10  0.098722  1.19e-03  0.268008  cudaFree
                     0.08  0.425421         4  0.106355  0.102967  0.109795  cuDeviceGetName
                     0.01  0.069932         2  0.034966  0.010332  0.059600  cudaThreadSynchronize
                     0.00  0.021346         3  7.11e-03  4.23e-03  0.010445  cudaMemAdvise
                     0.00  0.013920         4  3.48e-03  1.09e-03  8.88e-03  cuDeviceGetPCIBusId
                     0.00  0.011851         1  0.011851  0.011851  0.011851  cudaSetDevice
                     0.00  3.13e-03         8  3.91e-04  3.04e-04  5.66e-04  cuDeviceGet
                     0.00  1.86e-03         1  1.86e-03  1.86e-03  1.86e-03  cudaGetDevice
                     0.00  1.42e-03         3  4.74e-04  4.04e-04  6.00e-04  cuDeviceGetCount

==82326== Unified Memory profiling result:
Device "Tesla V100-SXM2-16GB (0)"
   Count  Avg Size  Min Size  Max Size  Total Size  Total Time  Name
      51  128.00KB  64.000KB  960.00KB  6.375000MB    0.291392ms  Host To Device
      15         -         -         -           -    3.175200ms  Gpu page fault groups
      62  105.29KB  64.000KB  320.00KB  6.375000MB           -  Remote mapping from device
Total CPU Page faults: 47
Total remote mappings to CPU: 62
