==78328== NVPROF is profiling process 78328, command: ./cfd_1253 ../../../data/cfd/missile.domn.0.2M
==78328== Profiling application: ./cfd_1253 ../../../data/cfd/missile.domn.0.2M
==78328== Profiling result:
            Type  Time(%)      Time     Calls       Avg       Min       Max  Name
                        %        ms                  ms        ms        ms
 GPU activities:    66.65  363.8724      6000  0.060645  0.052991  4.327431  cuda_compute_flux(int, int*, float*, float*, float*)
                    23.16  126.4284      6000  0.021071  0.019776  0.022816  cuda_time_step(int, int, float*, float*, float*, float*)
                     5.18  28.29398      2000  0.014146  0.013408  0.016671  [CUDA memcpy DtoD]
                     4.53  24.70914      2000  0.012354  0.010912  0.013824  cuda_compute_step_factor(int, float*, float*, float*)
                     0.49  2.655728         3  0.885242  0.781724  0.950522  cuda_initialize_variables(int, float*)
                     0.00  6.75e-03         5  1.35e-03  1.28e-03  1.60e-03  [CUDA memcpy HtoD]
                     0.00  2.34e-03         1  2.34e-03  2.34e-03  2.34e-03  [CUDA memset]
      API calls:    50.52  428.4086      2000  0.214204  0.050037  4.887683  cudaMemcpy
                    28.02  237.6326         5  47.52652  0.012193  237.5820  cudaMemcpyToSymbol
                    16.32  138.4112     14003  9.88e-03  9.08e-03  0.093602  cudaLaunchKernel
                     2.45  20.79125         7  2.970178  0.015662  20.39890  cudaMallocManaged
                     0.85  7.203545     28003  2.57e-04  2.12e-04  0.105539  cudaGetLastError
                     0.60  5.104020       384  0.013291  2.32e-04  0.537113  cuDeviceGetAttribute
                     0.49  4.175891         4  1.043972  1.031164  1.069984  cuDeviceTotalMem
                     0.34  2.892335         1  2.892335  2.892335  2.892335  cudaMemset
                     0.17  1.440625        10  0.144062  1.32e-03  0.391458  cudaFree
                     0.14  1.218159         1  1.218159  1.218159  1.218159  cudaGetDeviceProperties
                     0.05  0.421678         4  0.105419  0.102506  0.107012  cuDeviceGetName
                     0.02  0.203354         2  0.101677  9.45e-03  0.193903  cudaThreadSynchronize
                     0.00  0.020972         3  6.99e-03  4.16e-03  0.011445  cudaMemAdvise
                     0.00  0.014956         4  3.74e-03  1.24e-03  0.010287  cuDeviceGetPCIBusId
                     0.00  0.011950         1  0.011950  0.011950  0.011950  cudaSetDevice
                     0.00  3.04e-03         8  3.80e-04  3.06e-04  5.22e-04  cuDeviceGet
                     0.00  1.78e-03         1  1.78e-03  1.78e-03  1.78e-03  cudaGetDevice
                     0.00  1.47e-03         3  4.89e-04  3.73e-04  6.82e-04  cuDeviceGetCount

==78328== Unified Memory profiling result:
Device "Tesla V100-SXM2-16GB (0)"
   Count  Avg Size  Min Size  Max Size  Total Size  Total Time  Name
     101  144.48KB  64.000KB  832.00KB  14.25000MB    0.476000ms  Host To Device
      35         -         -         -           -    7.620576ms  Gpu page fault groups
      75  145.92KB  64.000KB  512.00KB  10.68750MB           -  Remote mapping from device
      12  384.00KB  64.000KB  960.00KB  4.500000MB           -  Remote mapping to device
Total CPU Page faults: 86
Total remote mappings from CPU: 12
Total remote mappings to CPU: 75
