==68726== NVPROF is profiling process 68726, command: ./cfd_1121 ../../../data/cfd/fvcorr.domn.097K
==68726== Profiling application: ./cfd_1121 ../../../data/cfd/fvcorr.domn.097K
==68726== Profiling result:
            Type  Time(%)      Time     Calls       Avg       Min       Max  Name
                        %        ms                  ms        ms        ms
 GPU activities:    75.10  181.2293      6000  0.030204  0.027968  1.625495  cuda_compute_flux(int, int*, float*, float*, float*)
                    17.37  41.92456      6000  6.99e-03  6.27e-03  8.16e-03  cuda_time_step(int, int, float*, float*, float*, float*)
                     3.88  9.353421      2000  4.68e-03  4.58e-03  0.015808  [CUDA memcpy DtoD]
                     3.19  7.687735      2000  3.84e-03  3.39e-03  0.553661  cuda_compute_step_factor(int, float*, float*, float*)
                     0.46  1.101498         3  0.367166  0.358270  0.373406  cuda_initialize_variables(int, float*)
                     0.00  6.78e-03         5  1.36e-03  1.28e-03  1.60e-03  [CUDA memcpy HtoD]
                     0.00  2.30e-03         1  2.30e-03  2.30e-03  2.30e-03  [CUDA memset]
      API calls:    41.27  225.4296         5  45.08593  0.012687  225.3777  cudaMemcpyToSymbol
                    25.84  141.1775     14003  0.010081  9.18e-03  0.098742  cudaLaunchKernel
                    25.31  138.2770      2000  0.069138  0.029667  2.207299  cudaMemcpy
                     3.81  20.82039         7  2.974341  9.39e-03  20.36835  cudaMallocManaged
                     1.34  7.313289     28003  2.61e-04  2.13e-04  0.123980  cudaGetLastError
                     0.93  5.103419       384  0.013290  2.35e-04  0.532914  cuDeviceGetAttribute
                     0.76  4.149771         4  1.037442  1.028623  1.054171  cuDeviceTotalMem
                     0.22  1.218876         1  1.218876  1.218876  1.218876  cudaGetDeviceProperties
                     0.20  1.118143         1  1.118143  1.118143  1.118143  cudaMemset
                     0.20  1.114969        10  0.111496  1.34e-03  0.345237  cudaFree
                     0.08  0.421494         4  0.105373  0.102229  0.108226  cuDeviceGetName
                     0.01  0.071500         2  0.035750  0.010214  0.061286  cudaThreadSynchronize
                     0.00  0.022828         3  7.61e-03  3.80e-03  9.68e-03  cudaMemAdvise
                     0.00  0.011417         4  2.85e-03  1.25e-03  6.93e-03  cuDeviceGetPCIBusId
                     0.00  0.010040         1  0.010040  0.010040  0.010040  cudaSetDevice
                     0.00  3.11e-03         8  3.89e-04  3.09e-04  5.18e-04  cuDeviceGet
                     0.00  1.91e-03         1  1.91e-03  1.91e-03  1.91e-03  cudaGetDevice
                     0.00  1.44e-03         3  4.81e-04  3.88e-04  6.43e-04  cuDeviceGetCount

==68726== Unified Memory profiling result:
Device "Tesla V100-SXM2-16GB (0)"
   Count  Avg Size  Min Size  Max Size  Total Size  Total Time  Name
      38  131.37KB  64.000KB  704.00KB  4.875000MB    0.177120ms  Host To Device
      25         -         -         -           -    3.499456ms  Gpu page fault groups
       1  1.5000MB  1.5000MB  1.5000MB  1.500000MB           -  Remote mapping to device
Total CPU Page faults: 79
Total remote mappings from CPU: 1
