==39161== NVPROF is profiling process 39161, command: ./cfd_0233 ../../../data/cfd/missile.domn.0.2M
==39161== Profiling application: ./cfd_0233 ../../../data/cfd/missile.domn.0.2M
==39161== Profiling result:
            Type  Time(%)      Time     Calls       Avg       Min       Max  Name
                        %        ms                  ms        ms        ms
 GPU activities:    67.16  365.2422      6000  0.060873  0.053247  3.851817  cuda_compute_flux(int, int*, float*, float*, float*)
                    22.67  123.2847      6000  0.020547  0.018496  0.022623  cuda_time_step(int, int, float*, float*, float*, float*)
                     5.20  28.30556      2000  0.014152  0.013344  0.017407  [CUDA memcpy DtoD]
                     4.51  24.54488      2000  0.012272  0.011008  0.013728  cuda_compute_step_factor(int, float*, float*, float*)
                     0.45  2.429970         3  0.809990  0.764379  0.865435  cuda_initialize_variables(int, float*)
                     0.00  6.72e-03         5  1.34e-03  1.28e-03  1.60e-03  [CUDA memcpy HtoD]
                     0.00  2.34e-03         1  2.34e-03  2.34e-03  2.34e-03  [CUDA memset]
      API calls:    51.17  426.8292      2000  0.213414  0.052158  4.172288  cudaMemcpy
                    27.11  226.1284         5  45.22569  0.011939  226.0773  cudaMemcpyToSymbol
                    16.54  137.9431     14003  9.85e-03  9.04e-03  0.095614  cudaLaunchKernel
                     2.49  20.78363         7  2.969090  0.016376  20.38725  cudaMallocManaged
                     0.86  7.207089     28003  2.57e-04  2.12e-04  0.086344  cudaGetLastError
                     0.61  5.122063       384  0.013338  2.35e-04  0.548274  cuDeviceGetAttribute
                     0.50  4.140524         4  1.035131  1.030930  1.037275  cuDeviceTotalMem
                     0.32  2.643096         1  2.643096  2.643096  2.643096  cudaMemset
                     0.17  1.409687        10  0.140968  1.17e-03  0.382904  cudaFree
                     0.15  1.218585         1  1.218585  1.218585  1.218585  cudaGetDeviceProperties
                     0.05  0.423633         4  0.105908  0.104215  0.107279  cuDeviceGetName
                     0.03  0.211224         2  0.105612  0.010894  0.200330  cudaThreadSynchronize
                     0.00  0.020106         3  6.70e-03  4.09e-03  0.011055  cudaMemAdvise
                     0.00  0.016499         4  4.12e-03  1.17e-03  0.011902  cuDeviceGetPCIBusId
                     0.00  0.010820         1  0.010820  0.010820  0.010820  cudaSetDevice
                     0.00  3.16e-03         8  3.94e-04  3.06e-04  5.66e-04  cuDeviceGet
                     0.00  1.88e-03         1  1.88e-03  1.88e-03  1.88e-03  cudaGetDevice
                     0.00  1.45e-03         3  4.83e-04  4.08e-04  6.29e-04  cuDeviceGetCount

==39161== Unified Memory profiling result:
Device "Tesla V100-SXM2-16GB (0)"
   Count  Avg Size  Min Size  Max Size  Total Size  Total Time  Name
      96  152.00KB  64.000KB  832.00KB  14.25000MB    0.496960ms  Host To Device
      28         -         -         -           -    6.565792ms  Gpu page fault groups
      97  150.43KB  64.000KB  576.00KB  14.25000MB           -  Remote mapping from device
       1  960.00KB  960.00KB  960.00KB  960.0000KB           -  Remote mapping to device
Total CPU Page faults: 86
Total remote mappings from CPU: 1
Total remote mappings to CPU: 97
