==78951== NVPROF is profiling process 78951, command: ./cfd_1301 ../../../data/cfd/fvcorr.domn.193K
==78951== Profiling application: ./cfd_1301 ../../../data/cfd/fvcorr.domn.193K
==78951== Profiling result:
            Type  Time(%)      Time     Calls       Avg       Min       Max  Name
                        %        ms                  ms        ms        ms
 GPU activities:    67.29  297.4539      6000  0.049575  0.046943  3.373485  cuda_compute_flux(int, int*, float*, float*, float*)
                    23.83  105.3359      6000  0.017555  0.016351  0.019648  cuda_time_step(int, int, float*, float*, float*, float*)
                     4.41  19.50596      2000  9.75e-03  9.12e-03  0.012736  [CUDA memcpy DtoD]
                     3.93  17.39016      2000  8.70e-03  8.00e-03  0.020768  cuda_compute_step_factor(int, float*, float*, float*)
                     0.53  2.332083         3  0.777361  0.741755  0.841404  cuda_initialize_variables(int, float*)
                     0.00  6.85e-03         5  1.37e-03  1.31e-03  1.60e-03  [CUDA memcpy HtoD]
                     0.00  1.86e-03         1  1.86e-03  1.86e-03  1.86e-03  [CUDA memset]
      API calls:    44.96  331.3365      2000  0.165668  0.047098  3.500431  cudaMemcpy
                    30.50  224.7706         5  44.95412  0.012312  224.7199  cudaMemcpyToSymbol
                    18.71  137.8837     14003  9.85e-03  9.13e-03  0.100313  cudaLaunchKernel
                     2.82  20.77587         7  2.967981  0.011488  20.39487  cudaMallocManaged
                     0.98  7.207579     28003  2.57e-04  2.11e-04  0.085956  cudaGetLastError
                     0.69  5.095419       384  0.013269  2.34e-04  0.531954  cuDeviceGetAttribute
                     0.56  4.145595         4  1.036398  1.035125  1.038253  cuDeviceTotalMem
                     0.34  2.539500         1  2.539500  2.539500  2.539500  cudaMemset
                     0.18  1.297285        10  0.129728  1.21e-03  0.355696  cudaFree
                     0.17  1.232436         1  1.232436  1.232436  1.232436  cudaGetDeviceProperties
                     0.06  0.422149         4  0.105537  0.102834  0.107570  cuDeviceGetName
                     0.02  0.162583         2  0.081291  0.010754  0.151829  cudaThreadSynchronize
                     0.00  0.014505         2  7.25e-03  4.46e-03  0.010050  cudaMemAdvise
                     0.00  0.014141         4  3.53e-03  1.24e-03  9.35e-03  cuDeviceGetPCIBusId
                     0.00  0.012029         1  0.012029  0.012029  0.012029  cudaSetDevice
                     0.00  3.12e-03         8  3.90e-04  3.08e-04  5.35e-04  cuDeviceGet
                     0.00  1.76e-03         1  1.76e-03  1.76e-03  1.76e-03  cudaGetDevice
                     0.00  1.49e-03         3  4.96e-04  4.14e-04  6.43e-04  cuDeviceGetCount

==78951== Unified Memory profiling result:
Device "Tesla V100-SXM2-16GB (0)"
   Count  Avg Size  Min Size  Max Size  Total Size  Total Time  Name
      77  167.90KB  64.000KB  896.00KB  12.62500MB    0.391744ms  Host To Device
      31         -         -         -           -    5.970592ms  Gpu page fault groups
       5  153.60KB  64.000KB  256.00KB  768.0000KB           -  Remote mapping from device
Total CPU Page faults: 168
Total remote mappings to CPU: 5
