==51725== NVPROF is profiling process 51725, command: ./cfd_0440 ../../../data/cfd/fvcorr.domn.097K
==51725== Profiling application: ./cfd_0440 ../../../data/cfd/fvcorr.domn.097K
==51725== Profiling result:
            Type  Time(%)      Time     Calls       Avg       Min       Max  Name
                        %        ms                  ms        ms        ms
 GPU activities:    77.30  252.2142      6000  0.042035  0.038528  2.159124  cuda_compute_flux(int, int*, float*, float*, float*)
                    12.71  41.46117      6000  6.91e-03  6.05e-03  8.22e-03  cuda_time_step(int, int, float*, float*, float*, float*)
                     6.68  21.81095      2000  0.010905  0.010655  0.370782  cuda_compute_step_factor(int, float*, float*, float*)
                     2.99  9.742496      2000  4.87e-03  4.61e-03  0.011040  [CUDA memcpy DtoD]
                     0.32  1.031674         3  0.343891  0.255423  0.451901  cuda_initialize_variables(int, float*)
                     0.00  6.82e-03         5  1.36e-03  1.28e-03  1.60e-03  [CUDA memcpy HtoD]
                     0.00  2.30e-03         1  2.30e-03  2.30e-03  2.30e-03  [CUDA memset]
      API calls:    36.66  226.0929         5  45.21858  0.012340  226.0414  cudaMemcpyToSymbol
                    33.91  209.1697      2000  0.104584  0.030298  2.578802  cudaMemcpy
                    22.77  140.4443     14003  0.010029  9.17e-03  0.109158  cudaLaunchKernel
                     3.35  20.64922         7  2.949889  9.54e-03  20.32254  cudaMallocManaged
                     1.15  7.070360     28003  2.52e-04  2.09e-04  0.091862  cudaGetLastError
                     0.83  5.118982       384  0.013330  2.34e-04  0.534268  cuDeviceGetAttribute
                     0.67  4.161097         4  1.040274  1.036058  1.050255  cuDeviceTotalMem
                     0.20  1.216831         1  1.216831  1.216831  1.216831  cudaGetDeviceProperties
                     0.19  1.193675         1  1.193675  1.193675  1.193675  cudaMemset
                     0.18  1.087301        10  0.108730  1.20e-03  0.324258  cudaFree
                     0.07  0.424184         4  0.106046  0.103194  0.108705  cuDeviceGetName
                     0.02  0.105572         2  0.052786  0.010476  0.095096  cudaThreadSynchronize
                     0.00  0.018075         2  9.04e-03  6.80e-03  0.011273  cudaMemAdvise
                     0.00  0.014682         4  3.67e-03  1.15e-03  0.010159  cuDeviceGetPCIBusId
                     0.00  0.013107         1  0.013107  0.013107  0.013107  cudaSetDevice
                     0.00  3.37e-03         8  4.21e-04  3.18e-04  6.60e-04  cuDeviceGet
                     0.00  1.73e-03         1  1.73e-03  1.73e-03  1.73e-03  cudaGetDevice
                     0.00  1.57e-03         3  5.22e-04  4.04e-04  6.78e-04  cuDeviceGetCount

==51725== Unified Memory profiling result:
Device "Tesla V100-SXM2-16GB (0)"
   Count  Avg Size  Min Size  Max Size  Total Size  Total Time  Name
      28  164.57KB  64.000KB  768.00KB  4.500000MB    0.141856ms  Host To Device
      25         -         -         -           -    3.757088ms  Gpu page fault groups
      14  137.14KB  64.000KB  384.00KB  1.875000MB           -  Remote mapping from device
Total CPU Page faults: 35
Total remote mappings to CPU: 14
