==36950== NVPROF is profiling process 36950, command: ./cfd_0213 ../../../data/cfd/fvcorr.domn.097K
==36950== Profiling application: ./cfd_0213 ../../../data/cfd/fvcorr.domn.097K
==36950== Profiling result:
            Type  Time(%)      Time     Calls       Avg       Min       Max  Name
                        %        ms                  ms        ms        ms
 GPU activities:    74.49  173.8588      6000  0.028976  0.026784  1.258841  cuda_compute_flux(int, int*, float*, float*, float*)
                    17.76  41.44769      6000  6.91e-03  6.30e-03  8.38e-03  cuda_time_step(int, int, float*, float*, float*, float*)
                     4.05  9.446419      2000  4.72e-03  4.54e-03  0.011136  [CUDA memcpy DtoD]
                     3.27  7.637844      2000  3.82e-03  3.46e-03  0.343935  cuda_compute_step_factor(int, float*, float*, float*)
                     0.42  0.990811         3  0.330270  0.252255  0.389374  cuda_initialize_variables(int, float*)
                     0.00  6.78e-03         5  1.36e-03  1.28e-03  1.60e-03  [CUDA memcpy HtoD]
                     0.00  2.30e-03         1  2.30e-03  2.30e-03  2.30e-03  [CUDA memset]
      API calls:    42.15  226.8241         5  45.36482  0.012166  226.7731  cudaMemcpyToSymbol
                    25.46  136.9958     14003  9.78e-03  9.05e-03  0.157904  cudaLaunchKernel
                    24.77  133.3092      2000  0.066654  0.029319  2.357343  cudaMemcpy
                     3.86  20.79049         7  2.970069  9.66e-03  20.31336  cudaMallocManaged
                     1.33  7.133379     28003  2.54e-04  2.11e-04  0.100139  cudaGetLastError
                     0.95  5.109020       384  0.013304  2.32e-04  0.535330  cuDeviceGetAttribute
                     0.77  4.146279         4  1.036569  1.031046  1.040580  cuDeviceTotalMem
                     0.23  1.214939         1  1.214939  1.214939  1.214939  cudaGetDeviceProperties
                     0.21  1.127097        10  0.112709  1.33e-03  0.378552  cudaFree
                     0.18  0.972293         1  0.972293  0.972293  0.972293  cudaMemset
                     0.08  0.423525         4  0.105881  0.102729  0.108541  cuDeviceGetName
                     0.01  0.069316         2  0.034658  9.57e-03  0.059742  cudaThreadSynchronize
                     0.00  0.024408         3  8.14e-03  5.45e-03  0.011184  cudaMemAdvise
                     0.00  0.013568         4  3.39e-03  1.15e-03  8.75e-03  cuDeviceGetPCIBusId
                     0.00  0.010434         1  0.010434  0.010434  0.010434  cudaSetDevice
                     0.00  3.17e-03         8  3.96e-04  2.99e-04  5.53e-04  cuDeviceGet
                     0.00  1.63e-03         1  1.63e-03  1.63e-03  1.63e-03  cudaGetDevice
                     0.00  1.46e-03         3  4.85e-04  3.94e-04  6.43e-04  cuDeviceGetCount

==36950== Unified Memory profiling result:
Device "Tesla V100-SXM2-16GB (0)"
   Count  Avg Size  Min Size  Max Size  Total Size  Total Time  Name
      38  163.37KB  64.000KB  896.00KB  6.062500MB    0.209344ms  Host To Device
      20         -         -         -           -    3.474240ms  Gpu page fault groups
      45  102.40KB  64.000KB  256.00KB  4.500000MB           -  Remote mapping from device
       1  320.00KB  320.00KB  320.00KB  320.0000KB           -  Remote mapping to device
Total CPU Page faults: 59
Total remote mappings from CPU: 1
Total remote mappings to CPU: 45
