==52519== NVPROF is profiling process 52519, command: ./cfd_0444 ../../../data/cfd/missile.domn.0.2M
==52519== Profiling application: ./cfd_0444 ../../../data/cfd/missile.domn.0.2M
==52519== Profiling result:
            Type  Time(%)      Time     Calls       Avg       Min       Max  Name
                        %        ms                  ms        ms        ms
 GPU activities:    87.23  1.41e+03      6000  0.234952  0.231359  3.415915  cuda_compute_flux(int, int*, float*, float*, float*)
                     8.36  135.1427      6000  0.022523  0.021248  0.025375  cuda_time_step(int, int, float*, float*, float*, float*)
                     2.47  39.90657      2000  0.019953  0.018752  0.735356  cuda_compute_step_factor(int, float*, float*, float*)
                     1.79  28.95596      2000  0.014477  0.013696  0.016704  [CUDA memcpy DtoD]
                     0.15  2.354642         3  0.784880  0.719740  0.853019  cuda_initialize_variables(int, float*)
                     0.00  6.78e-03         5  1.36e-03  1.28e-03  1.60e-03  [CUDA memcpy HtoD]
                     0.00  1.89e-03         1  1.89e-03  1.89e-03  1.89e-03  [CUDA memset]
      API calls:    78.48  1.50e+03      2000  0.748166  0.051449  4.637262  cudaMemcpy
                    11.82  225.4288         5  45.08576  0.012148  225.3785  cudaMemcpyToSymbol
                     7.36  140.4139     14003  0.010027  9.19e-03  0.097496  cudaLaunchKernel
                     1.09  20.78872         7  2.969817  0.016650  20.39352  cudaMallocManaged
                     0.38  7.276466     28003  2.59e-04  2.10e-04  0.112978  cudaGetLastError
                     0.27  5.147457       384  0.013404  2.35e-04  0.532532  cuDeviceGetAttribute
                     0.22  4.143204         4  1.035801  1.030718  1.040291  cuDeviceTotalMem
                     0.14  2.602011         1  2.602011  2.602011  2.602011  cudaMemset
                     0.11  2.122696        10  0.212269  1.30e-03  0.918438  cudaFree
                     0.06  1.213724         1  1.213724  1.213724  1.213724  cudaGetDeviceProperties
                     0.04  0.737731         2  0.368865  9.70e-03  0.728030  cudaThreadSynchronize
                     0.02  0.421718         4  0.105429  0.103034  0.107582  cuDeviceGetName
                     0.00  0.019974         3  6.66e-03  4.12e-03  0.011283  cudaMemAdvise
                     0.00  0.014563         4  3.64e-03  1.13e-03  9.87e-03  cuDeviceGetPCIBusId
                     0.00  0.011162         1  0.011162  0.011162  0.011162  cudaSetDevice
                     0.00  3.20e-03         8  3.99e-04  3.14e-04  6.25e-04  cuDeviceGet
                     0.00  1.67e-03         1  1.67e-03  1.67e-03  1.67e-03  cudaGetDevice
                     0.00  1.46e-03         3  4.87e-04  3.65e-04  6.89e-04  cuDeviceGetCount

==52519== Unified Memory profiling result:
Device "Tesla V100-SXM2-16GB (0)"
   Count  Avg Size  Min Size  Max Size  Total Size  Total Time  Name
      52         -         -         -           -    6.726432ms  Gpu page fault groups
     153  101.65KB  64.000KB  320.00KB  15.18750MB           -  Remote mapping from device
Total CPU Page faults: 9
Total remote mappings to CPU: 153
