==56432== NVPROF is profiling process 56432, command: ./cfd_0523 ../../../data/cfd/missile.domn.0.2M
==56432== Profiling application: ./cfd_0523 ../../../data/cfd/missile.domn.0.2M
==56432== Profiling result:
            Type  Time(%)      Time     Calls       Avg       Min       Max  Name
                        %        ms                  ms        ms        ms
 GPU activities:    67.95  377.5388      6000  0.062923  0.054816  2.069173  cuda_compute_flux(int, int*, float*, float*, float*)
                    22.00  122.2468      6000  0.020374  0.019296  0.021952  cuda_time_step(int, int, float*, float*, float*, float*)
                     5.09  28.29590      2000  0.014147  0.013472  0.017184  [CUDA memcpy DtoD]
                     4.44  24.69154      2000  0.012345  0.010624  0.831739  cuda_compute_step_factor(int, float*, float*, float*)
                     0.51  2.834383         3  0.944794  0.875547  1.080473  cuda_initialize_variables(int, float*)
                     0.00  6.78e-03         5  1.36e-03  1.28e-03  1.60e-03  [CUDA memcpy HtoD]
                     0.00  2.34e-03         1  2.34e-03  2.34e-03  2.34e-03  [CUDA memset]
      API calls:    51.87  438.5984      2000  0.219299  0.050871  4.683304  cudaMemcpy
                    26.67  225.5472         5  45.10943  0.011901  225.4973  cudaMemcpyToSymbol
                    16.28  137.6889     14003  9.83e-03  9.13e-03  0.106076  cudaLaunchKernel
                     2.47  20.85639         7  2.979484  0.016564  20.33068  cudaMallocManaged
                     0.85  7.215961     28003  2.57e-04  2.13e-04  0.086395  cudaGetLastError
                     0.60  5.094912       384  0.013268  2.34e-04  0.532063  cuDeviceGetAttribute
                     0.49  4.135361         4  1.033840  1.032815  1.036812  cuDeviceTotalMem
                     0.35  2.999529         1  2.999529  2.999529  2.999529  cudaMemset
                     0.19  1.575656        10  0.157565  1.19e-03  0.425038  cudaFree
                     0.14  1.222669         1  1.222669  1.222669  1.222669  cudaGetDeviceProperties
                     0.05  0.423985         4  0.105996  0.102248  0.107858  cuDeviceGetName
                     0.03  0.211911         2  0.105955  9.34e-03  0.202568  cudaThreadSynchronize
                     0.00  0.025265         3  8.42e-03  4.39e-03  0.013367  cudaMemAdvise
                     0.00  0.012681         4  3.17e-03  1.22e-03  8.04e-03  cuDeviceGetPCIBusId
                     0.00  0.011972         1  0.011972  0.011972  0.011972  cudaSetDevice
                     0.00  3.15e-03         8  3.93e-04  3.06e-04  5.31e-04  cuDeviceGet
                     0.00  1.87e-03         1  1.87e-03  1.87e-03  1.87e-03  cudaGetDevice
                     0.00  1.51e-03         3  5.03e-04  3.81e-04  6.54e-04  cuDeviceGetCount

==56432== Unified Memory profiling result:
Device "Tesla V100-SXM2-16GB (0)"
   Count  Avg Size  Min Size  Max Size  Total Size  Total Time  Name
      93  128.00KB  64.000KB  960.00KB  11.62500MB    0.417440ms  Host To Device
      34         -         -         -           -    7.592576ms  Gpu page fault groups
      75  145.92KB  64.000KB  512.00KB  10.68750MB           -  Remote mapping from device
       7  658.29KB  64.000KB  2.0000MB  4.500000MB           -  Remote mapping to device
Total CPU Page faults: 72
Total remote mappings from CPU: 7
Total remote mappings to CPU: 75
