==78461== NVPROF is profiling process 78461, command: ./cfd_1254 ../../../data/cfd/fvcorr.domn.193K
==78461== Profiling application: ./cfd_1254 ../../../data/cfd/fvcorr.domn.193K
==78461== Profiling result:
            Type  Time(%)      Time     Calls       Avg       Min       Max  Name
                        %        ms                  ms        ms        ms
 GPU activities:    86.48  909.9529      6000  0.151658  0.148735  2.828432  cuda_compute_flux(int, int*, float*, float*, float*)
                     9.81  103.2535      6000  0.017208  0.016256  0.019616  cuda_time_step(int, int, float*, float*, float*, float*)
                     1.83  19.29816      2000  9.65e-03  9.09e-03  0.012832  [CUDA memcpy DtoD]
                     1.63  17.19562      2000  8.60e-03  8.26e-03  0.011072  cuda_compute_step_factor(int, float*, float*, float*)
                     0.24  2.501457         3  0.833819  0.760699  0.973370  cuda_initialize_variables(int, float*)
                     0.00  6.85e-03         5  1.37e-03  1.31e-03  1.60e-03  [CUDA memcpy HtoD]
                     0.00  1.89e-03         1  1.89e-03  1.89e-03  1.89e-03  [CUDA memset]
      API calls:    69.63  938.7868      2000  0.469393  0.047020  3.150425  cudaMemcpy
                    16.75  225.7629         5  45.15257  0.012168  225.7120  cudaMemcpyToSymbol
                    10.39  140.0628     14003  0.010002  9.19e-03  0.107875  cudaLaunchKernel
                     1.54  20.77181         7  2.967400  0.011500  20.38606  cudaMallocManaged
                     0.51  6.875274     28003  2.45e-04  2.08e-04  0.094242  cudaGetLastError
                     0.38  5.090332       384  0.013256  2.32e-04  0.530926  cuDeviceGetAttribute
                     0.31  4.147572         4  1.036893  1.028656  1.047016  cuDeviceTotalMem
                     0.20  2.726118         1  2.726118  2.726118  2.726118  cudaMemset
                     0.14  1.829835        10  0.182983  1.37e-03  0.788194  cudaFree
                     0.09  1.225739         1  1.225739  1.225739  1.225739  cudaGetDeviceProperties
                     0.03  0.469964         2  0.234982  9.67e-03  0.460295  cudaThreadSynchronize
                     0.03  0.421464         4  0.105366  0.102655  0.107244  cuDeviceGetName
                     0.00  0.020918         3  6.97e-03  4.39e-03  0.011605  cudaMemAdvise
                     0.00  0.014029         1  0.014029  0.014029  0.014029  cudaSetDevice
                     0.00  0.012224         4  3.06e-03  1.19e-03  7.51e-03  cuDeviceGetPCIBusId
                     0.00  3.21e-03         8  4.01e-04  3.15e-04  5.81e-04  cuDeviceGet
                     0.00  1.89e-03         1  1.89e-03  1.89e-03  1.89e-03  cudaGetDevice
                     0.00  1.54e-03         3  5.12e-04  4.22e-04  6.70e-04  cuDeviceGetCount

==78461== Unified Memory profiling result:
Device "Tesla V100-SXM2-16GB (0)"
   Count  Avg Size  Min Size  Max Size  Total Size  Total Time  Name
      15  204.80KB  64.000KB  896.00KB  3.000000MB    0.083968ms  Host To Device
      42         -         -         -           -    5.629568ms  Gpu page fault groups
      77  118.03KB  64.000KB  448.00KB  8.875000MB           -  Remote mapping from device
       7  548.57KB  128.00KB  960.00KB  3.750000MB           -  Remote mapping to device
Total CPU Page faults: 27
Total remote mappings from CPU: 7
Total remote mappings to CPU: 77
