==58903== NVPROF is profiling process 58903, command: ./cfd_0545 ../../../data/cfd/missile.domn.0.2M
==58903== Profiling application: ./cfd_0545 ../../../data/cfd/missile.domn.0.2M
==58903== Profiling result:
            Type  Time(%)      Time     Calls       Avg       Min       Max  Name
                        %        ms                  ms        ms        ms
 GPU activities:    72.05  461.0201      6000  0.076836  0.070784  4.676390  cuda_compute_flux(int, int*, float*, float*, float*)
                    19.24  123.1222      6000  0.020520  0.019328  0.022880  cuda_time_step(int, int, float*, float*, float*, float*)
                     4.56  29.15763      2000  0.014578  0.013856  0.016736  [CUDA memcpy DtoD]
                     3.75  24.00645      2000  0.012003  0.010432  0.586364  cuda_compute_step_factor(int, float*, float*, float*)
                     0.40  2.589265         3  0.863088  0.819899  0.945754  cuda_initialize_variables(int, float*)
                     0.00  6.82e-03         5  1.36e-03  1.28e-03  1.60e-03  [CUDA memcpy HtoD]
                     0.00  2.34e-03         1  2.34e-03  2.34e-03  2.34e-03  [CUDA memset]
      API calls:    56.11  522.2196      2000  0.261109  0.051190  5.425378  cudaMemcpy
                    24.23  225.4772         5  45.09544  0.011781  225.4269  cudaMemcpyToSymbol
                    14.99  139.5158     14003  9.96e-03  9.10e-03  0.112189  cudaLaunchKernel
                     2.23  20.73290         7  2.961842  0.016159  20.33671  cudaMallocManaged
                     0.76  7.062245     28003  2.52e-04  2.11e-04  2.00e-03  cudaGetLastError
                     0.55  5.124263       384  0.013344  2.34e-04  0.532778  cuDeviceGetAttribute
                     0.45  4.142049         4  1.035512  1.033086  1.041441  cuDeviceTotalMem
                     0.31  2.843183         1  2.843183  2.843183  2.843183  cudaMemset
                     0.17  1.609376        10  0.160937  1.34e-03  0.458144  cudaFree
                     0.13  1.218681         1  1.218681  1.218681  1.218681  cudaGetDeviceProperties
                     0.05  0.424266         4  0.106066  0.102907  0.109371  cuDeviceGetName
                     0.03  0.255099         2  0.127549  9.34e-03  0.245755  cudaThreadSynchronize
                     0.00  0.020366         3  6.79e-03  4.18e-03  0.010385  cudaMemAdvise
                     0.00  0.013087         4  3.27e-03  1.17e-03  8.06e-03  cuDeviceGetPCIBusId
                     0.00  0.010980         1  0.010980  0.010980  0.010980  cudaSetDevice
                     0.00  3.14e-03         8  3.92e-04  3.13e-04  5.55e-04  cuDeviceGet
                     0.00  2.04e-03         1  2.04e-03  2.04e-03  2.04e-03  cudaGetDevice
                     0.00  1.53e-03         3  5.11e-04  4.17e-04  6.78e-04  cuDeviceGetCount

==58903== Unified Memory profiling result:
Device "Tesla V100-SXM2-16GB (0)"
   Count  Avg Size  Min Size  Max Size  Total Size  Total Time  Name
      68  175.06KB  64.000KB  768.00KB  11.62500MB    0.348864ms  Host To Device
      49         -         -         -           -    8.137504ms  Gpu page fault groups
      30  121.60KB  64.000KB  384.00KB  3.562500MB           -  Remote mapping from device
      43  276.84KB  64.000KB  1.0000MB  11.62500MB           -  Remote mapping to device
Total CPU Page faults: 72
Total remote mappings from CPU: 43
Total remote mappings to CPU: 30
