==45503== NVPROF is profiling process 45503, command: ./cfd_0335 ../../../data/cfd/fvcorr.domn.193K
==45503== Profiling application: ./cfd_0335 ../../../data/cfd/fvcorr.domn.193K
==45503== Profiling result:
            Type  Time(%)      Time     Calls       Avg       Min       Max  Name
                        %        ms                  ms        ms        ms
 GPU activities:    67.52  297.1886      6000  0.049531  0.047008  3.744362  cuda_compute_flux(int, int*, float*, float*, float*)
                    23.58  103.7768      6000  0.017296  0.016128  0.019360  cuda_time_step(int, int, float*, float*, float*, float*)
                     4.42  19.43961      2000  9.72e-03  9.15e-03  0.013024  [CUDA memcpy DtoD]
                     3.94  17.35677      2000  8.68e-03  8.16e-03  0.021312  cuda_compute_step_factor(int, float*, float*, float*)
                     0.54  2.391603         3  0.797201  0.737340  0.867579  cuda_initialize_variables(int, float*)
                     0.00  6.85e-03         5  1.37e-03  1.31e-03  1.60e-03  [CUDA memcpy HtoD]
                     0.00  1.86e-03         1  1.86e-03  1.86e-03  1.86e-03  [CUDA memset]
      API calls:    44.73  329.2003      2000  0.164600  0.046725  3.871489  cudaMemcpy
                    30.69  225.8487         5  45.16973  0.012769  225.7954  cudaMemcpyToSymbol
                    18.74  137.9318     14003  9.85e-03  9.17e-03  0.109024  cudaLaunchKernel
                     2.82  20.73978         7  2.962825  0.011075  20.35675  cudaMallocManaged
                     0.96  7.074493     28003  2.52e-04  2.10e-04  0.033948  cudaGetLastError
                     0.70  5.127070       384  0.013351  2.32e-04  0.539643  cuDeviceGetAttribute
                     0.57  4.204837         4  1.051209  1.031395  1.085225  cuDeviceTotalMem
                     0.36  2.635755         1  2.635755  2.635755  2.635755  cudaMemset
                     0.18  1.319656        10  0.131965  1.42e-03  0.364317  cudaFree
                     0.17  1.232912         1  1.232912  1.232912  1.232912  cudaGetDeviceProperties
                     0.06  0.423461         4  0.105865  0.103309  0.108343  cuDeviceGetName
                     0.02  0.159517         2  0.079758  0.010757  0.148760  cudaThreadSynchronize
                     0.00  0.018808         3  6.27e-03  4.00e-03  0.010484  cudaMemAdvise
                     0.00  0.013810         1  0.013810  0.013810  0.013810  cudaSetDevice
                     0.00  0.012960         4  3.24e-03  1.16e-03  7.88e-03  cuDeviceGetPCIBusId
                     0.00  3.15e-03         8  3.93e-04  2.95e-04  5.59e-04  cuDeviceGet
                     0.00  1.77e-03         1  1.77e-03  1.77e-03  1.77e-03  cudaGetDevice
                     0.00  1.57e-03         3  5.21e-04  3.95e-04  6.66e-04  cuDeviceGetCount

==45503== Unified Memory profiling result:
Device "Tesla V100-SXM2-16GB (0)"
   Count  Avg Size  Min Size  Max Size  Total Size  Total Time  Name
      80  161.60KB  64.000KB  896.00KB  12.62500MB    0.397952ms  Host To Device
      33         -         -         -           -    6.383808ms  Gpu page fault groups
      28  137.14KB  64.000KB  448.00KB  3.750000MB           -  Remote mapping from device
      26  349.54KB  64.000KB  1.0000MB  8.875000MB           -  Remote mapping to device
Total CPU Page faults: 84
Total remote mappings from CPU: 26
Total remote mappings to CPU: 28
