==23997== NVPROF is profiling process 23997, command: ./cfd_0004 ../../../data/cfd/missile.domn.0.2M
==23997== Profiling application: ./cfd_0004 ../../../data/cfd/missile.domn.0.2M
==23997== Profiling result:
            Type  Time(%)      Time     Calls       Avg       Min       Max  Name
                        %        ms                  ms        ms        ms
 GPU activities:    85.82  1.08e+03      6000  0.179750  0.176383  3.617448  cuda_compute_flux(int, int*, float*, float*, float*)
                     9.75  122.5011      6000  0.020416  0.019328  0.023167  cuda_time_step(int, int, float*, float*, float*, float*)
                     2.33  29.30612      2000  0.014653  0.013760  0.016992  [CUDA memcpy DtoD]
                     1.90  23.85869      2000  0.011929  0.010496  0.284383  cuda_compute_step_factor(int, float*, float*, float*)
                     0.20  2.547183         3  0.849061  0.721916  0.987417  cuda_initialize_variables(int, float*)
                     0.00  6.75e-03         5  1.35e-03  1.28e-03  1.60e-03  [CUDA memcpy HtoD]
                     0.00  2.34e-03         1  2.34e-03  2.34e-03  2.34e-03  [CUDA memset]
      API calls:    73.46  1.14e+03      2000  0.568029  0.052748  4.271187  cudaMemcpy
                    14.58  225.5412         5  45.10825  0.011910  225.4910  cudaMemcpyToSymbol
                     9.11  140.8431     14003  0.010058  9.21e-03  0.104996  cudaLaunchKernel
                     1.35  20.95158         7  2.993083  0.023724  20.32953  cudaMallocManaged
                     0.45  7.013777     28003  2.50e-04  2.07e-04  0.075755  cudaGetLastError
                     0.33  5.088689       384  0.013251  2.34e-04  0.531579  cuDeviceGetAttribute
                     0.27  4.193500         4  1.048375  1.030802  1.086496  cuDeviceTotalMem
                     0.17  2.635073         1  2.635073  2.635073  2.635073  cudaMemset
                     0.12  1.886126        10  0.188612  1.30e-03  0.948282  cudaFree
                     0.08  1.224143         1  1.224143  1.224143  1.224143  cudaGetDeviceProperties
                     0.04  0.562558         2  0.281279  9.67e-03  0.552888  cudaThreadSynchronize
                     0.03  0.422103         4  0.105525  0.102502  0.107734  cuDeviceGetName
                     0.00  0.013835         4  3.46e-03  1.12e-03  9.35e-03  cuDeviceGetPCIBusId
                     0.00  0.011498         1  0.011498  0.011498  0.011498  cudaSetDevice
                     0.00  7.62e-03         1  7.62e-03  7.62e-03  7.62e-03  cudaMemAdvise
                     0.00  3.19e-03         8  3.99e-04  3.09e-04  5.59e-04  cuDeviceGet
                     0.00  1.70e-03         1  1.70e-03  1.70e-03  1.70e-03  cudaGetDevice
                     0.00  1.42e-03         3  4.72e-04  4.00e-04  6.01e-04  cuDeviceGetCount

==23997== Unified Memory profiling result:
Device "Tesla V100-SXM2-16GB (0)"
   Count  Avg Size  Min Size  Max Size  Total Size  Total Time  Name
      23  203.13KB  64.000KB  832.00KB  4.562500MB    0.127680ms  Host To Device
      51         -         -         -           -    6.751520ms  Gpu page fault groups
     112  97.714KB  64.000KB  320.00KB  10.68750MB           -  Remote mapping from device
Total CPU Page faults: 31
Total remote mappings to CPU: 112
