==89494== NVPROF is profiling process 89494, command: ./cfd_1443 ../../../data/cfd/missile.domn.0.2M
==89494== Profiling application: ./cfd_1443 ../../../data/cfd/missile.domn.0.2M
==89494== Profiling result:
            Type  Time(%)      Time     Calls       Avg       Min       Max  Name
                        %        ms                  ms        ms        ms
 GPU activities:    68.40  460.4355      6000  0.076739  0.069408  3.205453  cuda_compute_flux(int, int*, float*, float*, float*)
                    20.86  140.4271      6000  0.023404  0.021184  0.025824  cuda_time_step(int, int, float*, float*, float*, float*)
                     6.11  41.14773      2000  0.020573  0.018816  0.656060  cuda_compute_step_factor(int, float*, float*, float*)
                     4.26  28.70819      2000  0.014354  0.013504  0.016896  [CUDA memcpy DtoD]
                     0.36  2.444306         3  0.814768  0.722460  0.980666  cuda_initialize_variables(int, float*)
                     0.00  6.82e-03         5  1.36e-03  1.28e-03  1.60e-03  [CUDA memcpy HtoD]
                     0.00  2.34e-03         1  2.34e-03  2.34e-03  2.34e-03  [CUDA memset]
      API calls:    57.24  554.8981      2000  0.277449  0.051470  3.555239  cudaMemcpy
                    23.75  230.2499         5  46.04998  0.012207  230.1986  cudaMemcpyToSymbol
                    14.49  140.5053     14003  0.010033  9.22e-03  0.310870  cudaLaunchKernel
                     2.15  20.79459         7  2.970655  0.015593  20.34169  cudaMallocManaged
                     0.75  7.280205     28003  2.59e-04  2.13e-04  0.102584  cudaGetLastError
                     0.53  5.181773       384  0.013494  2.35e-04  0.564817  cuDeviceGetAttribute
                     0.43  4.146336         4  1.036584  1.032970  1.042859  cuDeviceTotalMem
                     0.27  2.657806         1  2.657806  2.657806  2.657806  cudaMemset
                     0.17  1.613284        10  0.161328  1.23e-03  0.443133  cudaFree
                     0.13  1.274130         1  1.274130  1.274130  1.274130  cudaGetDeviceProperties
                     0.04  0.430576         4  0.107644  0.102932  0.111949  cuDeviceGetName
                     0.03  0.269453         2  0.134726  9.60e-03  0.259854  cudaThreadSynchronize
                     0.00  0.020429         3  6.81e-03  4.41e-03  0.011063  cudaMemAdvise
                     0.00  0.013132         4  3.28e-03  1.19e-03  8.19e-03  cuDeviceGetPCIBusId
                     0.00  0.010337         1  0.010337  0.010337  0.010337  cudaSetDevice
                     0.00  3.15e-03         8  3.93e-04  3.10e-04  5.31e-04  cuDeviceGet
                     0.00  1.95e-03         1  1.95e-03  1.95e-03  1.95e-03  cudaGetDevice
                     0.00  1.39e-03         3  4.63e-04  3.63e-04  6.38e-04  cuDeviceGetCount

==89494== Unified Memory profiling result:
Device "Tesla V100-SXM2-16GB (0)"
   Count  Avg Size  Min Size  Max Size  Total Size  Total Time  Name
      84  130.29KB  64.000KB  960.00KB  10.68750MB    0.439296ms  Host To Device
      48         -         -         -           -    7.727360ms  Gpu page fault groups
     116  134.07KB  64.000KB  512.00KB  15.18750MB           -  Remote mapping from device
Total CPU Page faults: 68
Total remote mappings to CPU: 116
