==46507== NVPROF is profiling process 46507, command: ./cfd_0345 ../../../data/cfd/fvcorr.domn.193K
==46507== Profiling application: ./cfd_0345 ../../../data/cfd/fvcorr.domn.193K
==46507== Profiling result:
            Type  Time(%)      Time     Calls       Avg       Min       Max  Name
                        %        ms                  ms        ms        ms
 GPU activities:    72.81  388.3178      6000  0.064719  0.061248  3.612971  cuda_compute_flux(int, int*, float*, float*, float*)
                    20.04  106.8664      6000  0.017811  0.016096  0.019456  cuda_time_step(int, int, float*, float*, float*, float*)
                     3.58  19.11447      2000  9.56e-03  8.93e-03  0.012800  [CUDA memcpy DtoD]
                     3.14  16.72243      2000  8.36e-03  7.78e-03  0.020960  cuda_compute_step_factor(int, float*, float*, float*)
                     0.44  2.324659         3  0.774886  0.745660  0.827899  cuda_initialize_variables(int, float*)
                     0.00  6.75e-03         5  1.35e-03  1.28e-03  1.60e-03  [CUDA memcpy HtoD]
                     0.00  1.86e-03         1  1.86e-03  1.86e-03  1.86e-03  [CUDA memset]
      API calls:    50.60  419.6905      2000  0.209845  0.046676  3.771668  cudaMemcpy
                    27.25  226.0214         5  45.20429  0.012084  225.9703  cudaMemcpyToSymbol
                    16.97  140.7620     14003  0.010052  9.16e-03  0.113457  cudaLaunchKernel
                     2.50  20.76651         7  2.966643  0.011211  20.37956  cudaMallocManaged
                     0.84  6.935967     28003  2.47e-04  2.08e-04  1.90e-03  cudaGetLastError
                     0.62  5.108230       384  0.013302  2.34e-04  0.534131  cuDeviceGetAttribute
                     0.51  4.210036         4  1.052509  1.031033  1.080412  cuDeviceTotalMem
                     0.30  2.520554         1  2.520554  2.520554  2.520554  cudaMemset
                     0.18  1.476831        10  0.147683  1.24e-03  0.392761  cudaFree
                     0.15  1.218716         1  1.218716  1.218716  1.218716  cudaGetDeviceProperties
                     0.05  0.421570         4  0.105392  0.102629  0.107407  cuDeviceGetName
                     0.03  0.210276         2  0.105138  0.010339  0.199937  cudaThreadSynchronize
                     0.00  0.020323         3  6.77e-03  4.04e-03  0.010437  cudaMemAdvise
                     0.00  0.013733         4  3.43e-03  1.17e-03  8.96e-03  cuDeviceGetPCIBusId
                     0.00  0.012831         1  0.012831  0.012831  0.012831  cudaSetDevice
                     0.00  3.09e-03         8  3.85e-04  3.10e-04  5.57e-04  cuDeviceGet
                     0.00  2.19e-03         1  2.19e-03  2.19e-03  2.19e-03  cudaGetDevice
                     0.00  1.38e-03         3  4.60e-04  3.75e-04  6.06e-04  cuDeviceGetCount

==46507== Unified Memory profiling result:
Device "Tesla V100-SXM2-16GB (0)"
   Count  Avg Size  Min Size  Max Size  Total Size  Total Time  Name
      56  176.00KB  64.000KB  896.00KB  9.625000MB    0.293504ms  Host To Device
      40         -         -         -           -    6.200480ms  Gpu page fault groups
      31  123.87KB  64.000KB  384.00KB  3.750000MB           -  Remote mapping from device
      24  378.67KB  64.000KB  1.0000MB  8.875000MB           -  Remote mapping to device
Total CPU Page faults: 65
Total remote mappings from CPU: 24
Total remote mappings to CPU: 31
