==50028== NVPROF is profiling process 50028, command: ./cfd_0421 ../../../data/cfd/missile.domn.0.2M
==50028== Profiling application: ./cfd_0421 ../../../data/cfd/missile.domn.0.2M
==50028== Profiling result:
            Type  Time(%)      Time     Calls       Avg       Min       Max  Name
                        %        ms                  ms        ms        ms
 GPU activities:    64.05  374.2742      6000  0.062379  0.054400  3.170702  cuda_compute_flux(int, int*, float*, float*, float*)
                    23.45  137.0335      6000  0.022838  0.021376  0.024928  cuda_time_step(int, int, float*, float*, float*, float*)
                     7.08  41.35301      2000  0.020676  0.019488  0.694332  cuda_compute_step_factor(int, float*, float*, float*)
                     4.94  28.89385      2000  0.014446  0.013696  0.017152  [CUDA memcpy DtoD]
                     0.47  2.771088         3  0.923696  0.838139  0.988890  cuda_initialize_variables(int, float*)
                     0.00  6.78e-03         5  1.36e-03  1.28e-03  1.60e-03  [CUDA memcpy HtoD]
                     0.00  2.37e-03         1  2.37e-03  2.37e-03  2.37e-03  [CUDA memset]
      API calls:    48.78  445.5571      2000  0.222778  0.070219  3.943713  cudaMemcpy
                    24.70  225.6631         5  45.13261  0.012020  225.6121  cudaMemcpyToSymbol
                    21.70  198.1878     14003  0.014153  9.18e-03  0.201725  cudaLaunchKernel
                     2.29  20.89762         7  2.985374  0.024938  20.30423  cudaMallocManaged
                     0.83  7.550645     28003  2.69e-04  2.10e-04  0.104566  cudaGetLastError
                     0.56  5.143163       384  0.013393  2.33e-04  0.542684  cuDeviceGetAttribute
                     0.45  4.145219         4  1.036304  1.032269  1.041191  cuDeviceTotalMem
                     0.31  2.790151         1  2.790151  2.790151  2.790151  cudaMemset
                     0.17  1.592438        10  0.159243  1.34e-03  0.423501  cudaFree
                     0.13  1.216050         1  1.216050  1.216050  1.216050  cudaGetDeviceProperties
                     0.05  0.420995         4  0.105248  0.102914  0.107206  cuDeviceGetName
                     0.02  0.224766         2  0.112383  0.014621  0.210145  cudaThreadSynchronize
                     0.00  0.020944         3  6.98e-03  4.37e-03  0.011706  cudaMemAdvise
                     0.00  0.011099         4  2.77e-03  1.16e-03  6.23e-03  cuDeviceGetPCIBusId
                     0.00  0.010736         1  0.010736  0.010736  0.010736  cudaSetDevice
                     0.00  3.07e-03         8  3.83e-04  2.98e-04  5.63e-04  cuDeviceGet
                     0.00  2.27e-03         1  2.27e-03  2.27e-03  2.27e-03  cudaGetDevice
                     0.00  1.54e-03         3  5.11e-04  4.47e-04  6.31e-04  cuDeviceGetCount

==50028== Unified Memory profiling result:
Device "Tesla V100-SXM2-16GB (0)"
   Count  Avg Size  Min Size  Max Size  Total Size  Total Time  Name
      57  192.00KB  64.000KB  768.00KB  10.68750MB    0.304480ms  Host To Device
      41         -         -         -           -    6.851520ms  Gpu page fault groups
       6  160.00KB  64.000KB  320.00KB  960.0000KB           -  Remote mapping from device
       2  1.7813MB  1.5625MB  2.0000MB  3.562500MB           -  Remote mapping to device
Total CPU Page faults: 174
Total remote mappings from CPU: 2
Total remote mappings to CPU: 6
