==87571== NVPROF is profiling process 87571, command: ./cfd_1424 ../../../data/cfd/fvcorr.domn.097K
==87571== Profiling application: ./cfd_1424 ../../../data/cfd/fvcorr.domn.097K
==87571== Profiling result:
            Type  Time(%)      Time     Calls       Avg       Min       Max  Name
                        %        ms                  ms        ms        ms
 GPU activities:    89.11  582.7986      6000  0.097133  0.094528  1.502904  cuda_compute_flux(int, int*, float*, float*, float*)
                     6.08  39.76711      6000  6.63e-03  5.82e-03  7.97e-03  cuda_time_step(int, int, float*, float*, float*, float*)
                     3.10  20.28363      2000  0.010141  9.63e-03  0.342750  cuda_compute_step_factor(int, float*, float*, float*)
                     1.54  10.06301      2000  5.03e-03  4.38e-03  0.010912  [CUDA memcpy DtoD]
                     0.17  1.091290         3  0.363763  0.308799  0.409661  cuda_initialize_variables(int, float*)
                     0.00  6.82e-03         5  1.36e-03  1.28e-03  1.60e-03  [CUDA memcpy HtoD]
                     0.00  2.34e-03         1  2.34e-03  2.34e-03  2.34e-03  [CUDA memset]
      API calls:    57.19  540.6254      2000  0.270312  0.043816  2.002801  cudaMemcpy
                    23.81  225.0493         5  45.00986  0.012748  224.9969  cudaMemcpyToSymbol
                    14.60  137.9766     14003  9.85e-03  9.06e-03  0.113004  cudaLaunchKernel
                     2.20  20.83588         7  2.976553  9.23e-03  20.39409  cudaMallocManaged
                     0.75  7.128569     28003  2.54e-04  2.11e-04  0.091651  cudaGetLastError
                     0.54  5.108279       384  0.013302  2.30e-04  0.534872  cuDeviceGetAttribute
                     0.44  4.201752         4  1.050438  1.032189  1.098062  cuDeviceTotalMem
                     0.14  1.316234        10  0.131623  1.41e-03  0.459208  cudaFree
                     0.13  1.217306         1  1.217306  1.217306  1.217306  cudaGetDeviceProperties
                     0.12  1.101861         1  1.101861  1.101861  1.101861  cudaMemset
                     0.04  0.422865         4  0.105716  0.102617  0.107246  cuDeviceGetName
                     0.03  0.271914         2  0.135957  9.36e-03  0.262553  cudaThreadSynchronize
                     0.00  0.023873         3  7.96e-03  4.29e-03  0.011376  cudaMemAdvise
                     0.00  0.013514         4  3.38e-03  1.14e-03  8.67e-03  cuDeviceGetPCIBusId
                     0.00  0.012531         1  0.012531  0.012531  0.012531  cudaSetDevice
                     0.00  3.18e-03         8  3.97e-04  3.14e-04  5.59e-04  cuDeviceGet
                     0.00  1.76e-03         1  1.76e-03  1.76e-03  1.76e-03  cudaGetDevice
                     0.00  1.52e-03         3  5.08e-04  4.25e-04  6.52e-04  cuDeviceGetCount

==87571== Unified Memory profiling result:
Device "Tesla V100-SXM2-16GB (0)"
   Count  Avg Size  Min Size  Max Size  Total Size  Total Time  Name
      29         -         -         -           -    3.152608ms  Gpu page fault groups
      45  109.51KB  64.000KB  320.00KB  4.812500MB           -  Remote mapping from device
       2  800.00KB  64.000KB  1.5000MB  1.562500MB           -  Remote mapping to device
Total CPU Page faults: 6
Total remote mappings from CPU: 2
Total remote mappings to CPU: 45
