==70038== NVPROF is profiling process 70038, command: ./cfd_1133 ../../../data/cfd/fvcorr.domn.097K
==70038== Profiling application: ./cfd_1133 ../../../data/cfd/fvcorr.domn.097K
==70038== Profiling result:
            Type  Time(%)      Time     Calls       Avg       Min       Max  Name
                        %        ms                  ms        ms        ms
 GPU activities:    73.97  170.4900      6000  0.028415  0.026304  1.793079  cuda_compute_flux(int, int*, float*, float*, float*)
                    18.10  41.70854      6000  6.95e-03  6.34e-03  8.00e-03  cuda_time_step(int, int, float*, float*, float*, float*)
                     4.13  9.519402      2000  4.76e-03  4.67e-03  0.012448  [CUDA memcpy DtoD]
                     3.32  7.656118      2000  3.83e-03  3.39e-03  0.559197  cuda_compute_step_factor(int, float*, float*, float*)
                     0.48  1.107386         3  0.369128  0.253631  0.511677  cuda_initialize_variables(int, float*)
                     0.00  6.78e-03         5  1.36e-03  1.28e-03  1.60e-03  [CUDA memcpy HtoD]
                     0.00  2.34e-03         1  2.34e-03  2.34e-03  2.34e-03  [CUDA memset]
      API calls:    42.28  225.5759         5  45.11517  0.012012  225.5254  cudaMemcpyToSymbol
                    25.68  137.0219     14003  9.79e-03  9.05e-03  0.098776  cudaLaunchKernel
                    24.35  129.9209      2000  0.064960  0.029891  2.451594  cudaMemcpy
                     3.89  20.78152         7  2.968787  9.42e-03  20.33531  cudaMallocManaged
                     1.34  7.169452     28003  2.56e-04  2.13e-04  0.091889  cudaGetLastError
                     0.96  5.098066       384  0.013276  2.34e-04  0.531142  cuDeviceGetAttribute
                     0.78  4.141352         4  1.035338  1.030260  1.044172  cuDeviceTotalMem
                     0.23  1.221743         1  1.221743  1.221743  1.221743  cudaGetDeviceProperties
                     0.21  1.109046         1  1.109046  1.109046  1.109046  cudaMemset
                     0.19  1.002770        10  0.100277  1.27e-03  0.250954  cudaFree
                     0.08  0.424053         4  0.106013  0.102733  0.108365  cuDeviceGetName
                     0.01  0.068609         2  0.034304  0.010164  0.058445  cudaThreadSynchronize
                     0.00  0.022125         3  7.37e-03  4.33e-03  9.22e-03  cudaMemAdvise
                     0.00  0.015058         4  3.76e-03  1.18e-03  0.010585  cuDeviceGetPCIBusId
                     0.00  0.012046         1  0.012046  0.012046  0.012046  cudaSetDevice
                     0.00  3.12e-03         8  3.90e-04  2.93e-04  6.14e-04  cuDeviceGet
                     0.00  1.68e-03         1  1.68e-03  1.68e-03  1.68e-03  cudaGetDevice
                     0.00  1.43e-03         3  4.76e-04  4.04e-04  5.84e-04  cuDeviceGetCount

==70038== Unified Memory profiling result:
Device "Tesla V100-SXM2-16GB (0)"
   Count  Avg Size  Min Size  Max Size  Total Size  Total Time  Name
      49  133.22KB  64.000KB  960.00KB  6.375000MB    0.228992ms  Host To Device
      19         -         -         -           -    3.666656ms  Gpu page fault groups
      58  105.93KB  64.000KB  320.00KB  6.000000MB           -  Remote mapping from device
Total CPU Page faults: 49
Total remote mappings to CPU: 58
