==66848== NVPROF is profiling process 66848, command: ./cfd_1102 ../../../data/cfd/fvcorr.domn.193K
==66848== Profiling application: ./cfd_1102 ../../../data/cfd/fvcorr.domn.193K
==66848== Profiling result:
            Type  Time(%)      Time     Calls       Avg       Min       Max  Name
                        %        ms                  ms        ms        ms
 GPU activities:    75.11  437.7548      6000  0.072959  0.069919  1.342712  cuda_compute_flux(int, int*, float*, float*, float*)
                    18.07  105.3360      6000  0.017555  0.016416  0.019712  cuda_time_step(int, int, float*, float*, float*, float*)
                     3.35  19.53161      2000  9.76e-03  9.12e-03  0.013024  [CUDA memcpy DtoD]
                     3.06  17.83629      2000  8.92e-03  8.22e-03  0.509726  cuda_compute_step_factor(int, float*, float*, float*)
                     0.41  2.389491         3  0.796497  0.757819  0.817500  cuda_initialize_variables(int, float*)
                     0.00  6.85e-03         5  1.37e-03  1.31e-03  1.60e-03  [CUDA memcpy HtoD]
                     0.00  1.98e-03         1  1.98e-03  1.98e-03  1.98e-03  [CUDA memset]
      API calls:    53.82  474.1333      2000  0.237066  0.047012  2.002623  cudaMemcpy
                    25.94  228.5348         5  45.70696  0.012481  228.4829  cudaMemcpyToSymbol
                    15.32  134.9674     14003  9.64e-03  8.96e-03  0.110926  cudaLaunchKernel
                     2.36  20.79498         7  2.970711  0.010730  20.40533  cudaMallocManaged
                     0.80  7.076090     28003  2.52e-04  2.13e-04  0.092108  cudaGetLastError
                     0.58  5.106957       384  0.013299  2.36e-04  0.535327  cuDeviceGetAttribute
                     0.47  4.126805         4  1.031701  1.028236  1.033892  cuDeviceTotalMem
                     0.30  2.643774         1  2.643774  2.643774  2.643774  cudaMemset
                     0.19  1.651577        10  0.165157  1.21e-03  0.678968  cudaFree
                     0.14  1.218874         1  1.218874  1.218874  1.218874  cudaGetDeviceProperties
                     0.05  0.424180         4  0.106045  0.102871  0.107723  cuDeviceGetName
                     0.03  0.237658         2  0.118829  9.50e-03  0.228160  cudaThreadSynchronize
                     0.00  0.016561         2  8.28e-03  6.64e-03  9.92e-03  cudaMemAdvise
                     0.00  0.012862         4  3.22e-03  1.13e-03  8.09e-03  cuDeviceGetPCIBusId
                     0.00  0.010726         1  0.010726  0.010726  0.010726  cudaSetDevice
                     0.00  3.20e-03         8  4.00e-04  3.12e-04  5.76e-04  cuDeviceGet
                     0.00  1.69e-03         1  1.69e-03  1.69e-03  1.69e-03  cudaGetDevice
                     0.00  1.54e-03         3  5.14e-04  4.25e-04  6.62e-04  cuDeviceGetCount

==66848== Unified Memory profiling result:
Device "Tesla V100-SXM2-16GB (0)"
   Count  Avg Size  Min Size  Max Size  Total Size  Total Time  Name
      20  192.00KB  64.000KB  896.00KB  3.750000MB    0.106720ms  Host To Device
      32         -         -         -           -    4.532128ms  Gpu page fault groups
       5  1.7750MB  896.00KB  2.0000MB  8.875000MB           -  Remote mapping to device
Total CPU Page faults: 38
Total remote mappings from CPU: 5
