==67496== NVPROF is profiling process 67496, command: ./cfd_1110 ../../../data/cfd/fvcorr.domn.193K
==67496== Profiling application: ./cfd_1110 ../../../data/cfd/fvcorr.domn.193K
==67496== Profiling result:
            Type  Time(%)      Time     Calls       Avg       Min       Max  Name
                        %        ms                  ms        ms        ms
 GPU activities:    67.46  297.3329      6000  0.049555  0.047295  3.057391  cuda_compute_flux(int, int*, float*, float*, float*)
                    23.46  103.3803      6000  0.017230  0.016160  0.019040  cuda_time_step(int, int, float*, float*, float*, float*)
                     4.45  19.59300      2000  9.80e-03  9.12e-03  0.013248  [CUDA memcpy DtoD]
                     4.09  18.04741      2000  9.02e-03  8.26e-03  0.514333  cuda_compute_step_factor(int, float*, float*, float*)
                     0.54  2.369362         3  0.789787  0.725436  0.863035  cuda_initialize_variables(int, float*)
                     0.00  6.85e-03         5  1.37e-03  1.31e-03  1.60e-03  [CUDA memcpy HtoD]
                     0.00  2.34e-03         1  2.34e-03  2.34e-03  2.34e-03  [CUDA memset]
      API calls:    44.89  330.9450      2000  0.165472  0.046850  3.675193  cudaMemcpy
                    31.02  228.6837         5  45.73675  0.012080  228.6327  cudaMemcpyToSymbol
                    18.29  134.8317     14003  9.63e-03  8.87e-03  0.048410  cudaLaunchKernel
                     2.81  20.68534         7  2.955048  0.011431  20.30138  cudaMallocManaged
                     0.96  7.054564     28003  2.51e-04  2.11e-04  0.097110  cudaGetLastError
                     0.69  5.117451       384  0.013326  2.35e-04  0.545365  cuDeviceGetAttribute
                     0.56  4.142317         4  1.035579  1.031439  1.042326  cuDeviceTotalMem
                     0.36  2.623835         1  2.623835  2.623835  2.623835  cudaMemset
                     0.18  1.313689        10  0.131368  1.29e-03  0.327532  cudaFree
                     0.17  1.217315         1  1.217315  1.217315  1.217315  cudaGetDeviceProperties
                     0.06  0.421876         4  0.105469  0.102650  0.107615  cuDeviceGetName
                     0.02  0.161850         2  0.080925  9.43e-03  0.152423  cudaThreadSynchronize
                     0.00  0.014215         4  3.55e-03  1.21e-03  9.36e-03  cuDeviceGetPCIBusId
                     0.00  0.013724         2  6.86e-03  3.94e-03  9.78e-03  cudaMemAdvise
                     0.00  0.011371         1  0.011371  0.011371  0.011371  cudaSetDevice
                     0.00  3.25e-03         8  4.05e-04  3.03e-04  5.98e-04  cuDeviceGet
                     0.00  1.73e-03         1  1.73e-03  1.73e-03  1.73e-03  cudaGetDevice
                     0.00  1.36e-03         3  4.55e-04  3.75e-04  5.82e-04  cuDeviceGetCount

==67496== Unified Memory profiling result:
Device "Tesla V100-SXM2-16GB (0)"
   Count  Avg Size  Min Size  Max Size  Total Size  Total Time  Name
      66  195.88KB  64.000KB  896.00KB  12.62500MB    0.362528ms  Host To Device
      37         -         -         -           -    6.249408ms  Gpu page fault groups
Total CPU Page faults: 118
