==72737== NVPROF is profiling process 72737, command: ./cfd_1200 ../../../data/cfd/fvcorr.domn.193K
==72737== Profiling application: ./cfd_1200 ../../../data/cfd/fvcorr.domn.193K
==72737== Profiling result:
            Type  Time(%)      Time     Calls       Avg       Min       Max  Name
                        %        ms                  ms        ms        ms
 GPU activities:    66.94  296.2049      6000  0.049367  0.047072  3.292173  cuda_compute_flux(int, int*, float*, float*, float*)
                    24.02  106.2872      6000  0.017714  0.016224  0.019807  cuda_time_step(int, int, float*, float*, float*, float*)
                     4.40  19.45942      2000  9.73e-03  9.12e-03  0.014272  [CUDA memcpy DtoD]
                     4.09  18.11051      2000  9.06e-03  8.70e-03  0.011456  cuda_compute_step_factor(int, float*, float*, float*)
                     0.55  2.419858         3  0.806619  0.762652  0.864891  cuda_initialize_variables(int, float*)
                     0.00  6.85e-03         5  1.37e-03  1.31e-03  1.60e-03  [CUDA memcpy HtoD]
                     0.00  1.86e-03         1  1.86e-03  1.86e-03  1.86e-03  [CUDA memset]
      API calls:    44.78  329.7802      2000  0.164890  0.047998  3.415865  cudaMemcpy
                    30.61  225.4162         5  45.08324  0.012378  225.3657  cudaMemcpyToSymbol
                    18.83  138.6734     14003  9.90e-03  9.14e-03  0.102225  cudaLaunchKernel
                     2.82  20.79136         7  2.970194  0.010658  20.40526  cudaMallocManaged
                     0.92  6.760734     28003  2.41e-04  2.08e-04  1.76e-03  cudaGetLastError
                     0.69  5.104265       384  0.013292  2.36e-04  0.536881  cuDeviceGetAttribute
                     0.56  4.138711         4  1.034677  1.032863  1.036441  cuDeviceTotalMem
                     0.36  2.643484         1  2.643484  2.643484  2.643484  cudaMemset
                     0.18  1.342719        10  0.134271  1.25e-03  0.334769  cudaFree
                     0.17  1.233541         1  1.233541  1.233541  1.233541  cudaGetDeviceProperties
                     0.06  0.424348         4  0.106087  0.102979  0.107248  cuDeviceGetName
                     0.02  0.163129         2  0.081564  9.76e-03  0.153372  cudaThreadSynchronize
                     0.00  0.015365         4  3.84e-03  1.14e-03  0.010695  cuDeviceGetPCIBusId
                     0.00  0.011644         1  0.011644  0.011644  0.011644  cudaMemAdvise
                     0.00  0.010420         1  0.010420  0.010420  0.010420  cudaSetDevice
                     0.00  3.14e-03         8  3.93e-04  3.05e-04  5.80e-04  cuDeviceGet
                     0.00  1.65e-03         1  1.65e-03  1.65e-03  1.65e-03  cudaGetDevice
                     0.00  1.45e-03         3  4.84e-04  4.10e-04  6.02e-04  cuDeviceGetCount

==72737== Unified Memory profiling result:
Device "Tesla V100-SXM2-16GB (0)"
   Count  Avg Size  Min Size  Max Size  Total Size  Total Time  Name
      63  193.02KB  64.000KB  896.00KB  11.87500MB    0.343488ms  Host To Device
      33         -         -         -           -    5.993504ms  Gpu page fault groups
       1  768.00KB  768.00KB  768.00KB  768.0000KB           -  Remote mapping to device
Total CPU Page faults: 80
Total remote mappings from CPU: 1
