==73324== NVPROF is profiling process 73324, command: ./cfd_1204 ../../../data/cfd/fvcorr.domn.097K
==73324== Profiling application: ./cfd_1204 ../../../data/cfd/fvcorr.domn.097K
==73324== Profiling result:
            Type  Time(%)      Time     Calls       Avg       Min       Max  Name
                        %        ms                  ms        ms        ms
 GPU activities:    89.68  498.1612      6000  0.083026  0.080287  2.027157  cuda_compute_flux(int, int*, float*, float*, float*)
                     6.71  37.27826      6000  6.21e-03  5.60e-03  7.68e-03  cuda_time_step(int, int, float*, float*, float*, float*)
                     1.82  10.11031      2000  5.06e-03  4.48e-03  0.011168  [CUDA memcpy DtoD]
                     1.57  8.712041      2000  4.36e-03  4.16e-03  0.207423  cuda_compute_step_factor(int, float*, float*, float*)
                     0.22  1.199737         3  0.399912  0.285054  0.534781  cuda_initialize_variables(int, float*)
                     0.00  6.78e-03         5  1.36e-03  1.28e-03  1.60e-03  [CUDA memcpy HtoD]
                     0.00  2.34e-03         1  2.34e-03  2.34e-03  2.34e-03  [CUDA memset]
      API calls:    45.76  393.2837      2000  0.196641  0.046061  2.338976  cudaMemcpy
                    26.35  226.4521         5  45.29041  0.012150  226.4014  cudaMemcpyToSymbol
                    23.07  198.2755     14003  0.014159  9.23e-03  0.160110  cudaLaunchKernel
                     2.41  20.74560         7  2.963657  9.22e-03  20.28434  cudaMallocManaged
                     0.82  7.088603     28003  2.53e-04  2.09e-04  5.43e-03  cudaGetLastError
                     0.59  5.103450       384  0.013290  2.34e-04  0.534817  cuDeviceGetAttribute
                     0.48  4.140509         4  1.035127  1.032125  1.037531  cuDeviceTotalMem
                     0.14  1.231737        10  0.123173  1.31e-03  0.445162  cudaFree
                     0.14  1.223499         1  1.223499  1.223499  1.223499  cudaGetDeviceProperties
                     0.14  1.205277         1  1.205277  1.205277  1.205277  cudaMemset
                     0.05  0.423318         4  0.105829  0.102279  0.108291  cuDeviceGetName
                     0.02  0.197733         2  0.098866  9.49e-03  0.188243  cudaThreadSynchronize
                     0.00  0.016303         2  8.15e-03  4.75e-03  0.011556  cudaMemAdvise
                     0.00  0.014447         4  3.61e-03  1.20e-03  9.95e-03  cuDeviceGetPCIBusId
                     0.00  9.90e-03         1  9.90e-03  9.90e-03  9.90e-03  cudaSetDevice
                     0.00  3.32e-03         8  4.14e-04  2.98e-04  7.11e-04  cuDeviceGet
                     0.00  1.78e-03         1  1.78e-03  1.78e-03  1.78e-03  cudaGetDevice
                     0.00  1.54e-03         3  5.12e-04  3.68e-04  6.74e-04  cuDeviceGetCount

==73324== Unified Memory profiling result:
Device "Tesla V100-SXM2-16GB (0)"
   Count  Avg Size  Min Size  Max Size  Total Size  Total Time  Name
      10  166.40KB  64.000KB  512.00KB  1.625000MB    0.052064ms  Host To Device
      30         -         -         -           -    3.660576ms  Gpu page fault groups
      46  100.17KB  64.000KB  384.00KB  4.500000MB           -  Remote mapping from device
       1  384.00KB  384.00KB  384.00KB  384.0000KB           -  Remote mapping to device
Total CPU Page faults: 15
Total remote mappings from CPU: 1
Total remote mappings to CPU: 46
