==37872== NVPROF is profiling process 37872, command: ./cfd_0222 ../../../data/cfd/missile.domn.0.2M
==37872== Profiling application: ./cfd_0222 ../../../data/cfd/missile.domn.0.2M
==37872== Profiling result:
            Type  Time(%)      Time     Calls       Avg       Min       Max  Name
                        %        ms                  ms        ms        ms
 GPU activities:    75.47  544.0245      6000  0.090670  0.084608  0.751227  cuda_compute_flux(int, int*, float*, float*, float*)
                    16.97  122.3065      6000  0.020384  0.019008  0.022592  cuda_time_step(int, int, float*, float*, float*, float*)
                     3.90  28.14363      2000  0.014071  0.013344  0.016768  [CUDA memcpy DtoD]
                     3.28  23.63622      2000  0.011818  0.010560  0.013088  cuda_compute_step_factor(int, float*, float*, float*)
                     0.37  2.688337         3  0.896112  0.865947  0.925275  cuda_initialize_variables(int, float*)
                     0.00  6.78e-03         5  1.36e-03  1.28e-03  1.60e-03  [CUDA memcpy HtoD]
                     0.00  2.34e-03         1  2.34e-03  2.34e-03  2.34e-03  [CUDA memset]
      API calls:    59.27  603.6152      2000  0.301807  0.051568  0.958772  cudaMemcpy
                    22.29  226.9538         5  45.39075  0.012301  226.9024  cudaMemcpyToSymbol
                    13.64  138.9437     14003  9.92e-03  9.21e-03  0.220902  cudaLaunchKernel
                     2.04  20.79052         7  2.970074  0.016121  20.39460  cudaMallocManaged
                     0.83  8.414334       384  0.021912  2.34e-04  1.236059  cuDeviceGetAttribute
                     0.71  7.268150     28003  2.59e-04  2.11e-04  0.117236  cudaGetLastError
                     0.50  5.138685         4  1.284671  1.038308  1.533466  cuDeviceTotalMem
                     0.28  2.900302         1  2.900302  2.900302  2.900302  cudaMemset
                     0.20  2.022979        10  0.202297  1.23e-03  0.820631  cudaFree
                     0.12  1.226093         1  1.226093  1.226093  1.226093  cudaGetDeviceProperties
                     0.07  0.712105         4  0.178026  0.105207  0.234232  cuDeviceGetName
                     0.03  0.297126         2  0.148563  9.56e-03  0.287569  cudaThreadSynchronize
                     0.00  0.020247         3  6.75e-03  4.22e-03  0.011357  cudaMemAdvise
                     0.00  0.012989         4  3.25e-03  1.20e-03  7.74e-03  cuDeviceGetPCIBusId
                     0.00  0.012277         1  0.012277  0.012277  0.012277  cudaSetDevice
                     0.00  3.27e-03         8  4.08e-04  2.99e-04  5.58e-04  cuDeviceGet
                     0.00  2.26e-03         3  7.53e-04  4.22e-04  1.28e-03  cuDeviceGetCount
                     0.00  1.88e-03         1  1.88e-03  1.88e-03  1.88e-03  cudaGetDevice

==37872== Unified Memory profiling result:
Device "Tesla V100-SXM2-16GB (0)"
   Count  Avg Size  Min Size  Max Size  Total Size  Total Time  Name
      31         -         -         -           -    3.654240ms  Gpu page fault groups
       9  1.6875MB  704.00KB  2.0000MB  15.18750MB           -  Remote mapping to device
Total CPU Page faults: 9
Total remote mappings from CPU: 9
