==27477== NVPROF is profiling process 27477, command: ./cfd_0042 ../../../data/cfd/fvcorr.domn.097K
==27477== Profiling application: ./cfd_0042 ../../../data/cfd/fvcorr.domn.097K
==27477== Profiling result:
            Type  Time(%)      Time     Calls       Avg       Min       Max  Name
                        %        ms                  ms        ms        ms
 GPU activities:    87.09  431.4368      6000  0.071906  0.068800  0.792283  cuda_compute_flux(int, int*, float*, float*, float*)
                     8.01  39.66916      6000  6.61e-03  6.02e-03  7.68e-03  cuda_time_step(int, int, float*, float*, float*, float*)
                     2.75  13.61237      2000  6.81e-03  6.46e-03  0.534941  cuda_compute_step_factor(int, float*, float*, float*)
                     1.95  9.659887      2000  4.83e-03  4.70e-03  0.012032  [CUDA memcpy DtoD]
                     0.21  1.027642         3  0.342547  0.300350  0.376574  cuda_initialize_variables(int, float*)
                     0.00  6.82e-03         5  1.36e-03  1.28e-03  1.63e-03  [CUDA memcpy HtoD]
                     0.00  2.34e-03         1  2.34e-03  2.34e-03  2.34e-03  [CUDA memset]
      API calls:    48.01  387.9014      2000  0.193950  0.046052  1.437313  cudaMemcpy
                    29.47  238.1127         5  47.62254  0.012581  238.0607  cudaMemcpyToSymbol
                    17.37  140.3671     14003  0.010024  8.23e-03  0.107816  cudaLaunchKernel
                     2.58  20.84372         7  2.977673  9.84e-03  20.38669  cudaMallocManaged
                     0.90  7.290905     28003  2.60e-04  2.13e-04  0.110180  cudaGetLastError
                     0.63  5.104792       384  0.013293  2.34e-04  0.537524  cuDeviceGetAttribute
                     0.51  4.150396         4  1.037599  1.031771  1.044167  cuDeviceTotalMem
                     0.16  1.296125        10  0.129612  1.21e-03  0.418569  cudaFree
                     0.15  1.217557         1  1.217557  1.217557  1.217557  cudaGetDeviceProperties
                     0.13  1.033453         1  1.033453  1.033453  1.033453  cudaMemset
                     0.05  0.420615         4  0.105153  0.102334  0.107039  cuDeviceGetName
                     0.02  0.196472         2  0.098236  0.010201  0.186271  cudaThreadSynchronize
                     0.00  0.017697         2  8.85e-03  4.91e-03  0.012786  cudaMemAdvise
                     0.00  0.015541         4  3.89e-03  1.19e-03  0.010767  cuDeviceGetPCIBusId
                     0.00  0.014199         1  0.014199  0.014199  0.014199  cudaSetDevice
                     0.00  3.06e-03         8  3.82e-04  3.07e-04  5.43e-04  cuDeviceGet
                     0.00  1.66e-03         1  1.66e-03  1.66e-03  1.66e-03  cudaGetDevice
                     0.00  1.43e-03         3  4.76e-04  4.10e-04  5.94e-04  cuDeviceGetCount

==27477== Unified Memory profiling result:
Device "Tesla V100-SXM2-16GB (0)"
   Count  Avg Size  Min Size  Max Size  Total Size  Total Time  Name
       3  106.67KB  64.000KB  128.00KB  320.0000KB    0.012576ms  Host To Device
      24         -         -         -           -    2.571456ms  Gpu page fault groups
      15  106.67KB  64.000KB  320.00KB  1.562500MB           -  Remote mapping from device
       3  1.5000MB  512.00KB  2.0000MB  4.500000MB           -  Remote mapping to device
Total CPU Page faults: 7
Total remote mappings from CPU: 3
Total remote mappings to CPU: 15
