==86415== NVPROF is profiling process 86415, command: ./cfd_1414 ../../../data/cfd/fvcorr.domn.097K
==86415== Profiling application: ./cfd_1414 ../../../data/cfd/fvcorr.domn.097K
==86415== Profiling result:
            Type  Time(%)      Time     Calls       Avg       Min       Max  Name
                        %        ms                  ms        ms        ms
 GPU activities:    87.89  495.1435      6000  0.082523  0.079904  1.503127  cuda_compute_flux(int, int*, float*, float*, float*)
                     6.81  38.37032      6000  6.40e-03  5.70e-03  8.45e-03  cuda_time_step(int, int, float*, float*, float*, float*)
                     3.35  18.86089      2000  9.43e-03  8.83e-03  0.478110  cuda_compute_step_factor(int, float*, float*, float*)
                     1.80  10.12564      2000  5.06e-03  4.58e-03  0.010752  [CUDA memcpy DtoD]
                     0.16  0.883099         3  0.294366  0.258334  0.339678  cuda_initialize_variables(int, float*)
                     0.00  6.82e-03         5  1.36e-03  1.28e-03  1.60e-03  [CUDA memcpy HtoD]
                     0.00  2.34e-03         1  2.34e-03  2.34e-03  2.34e-03  [CUDA memset]
      API calls:    52.59  450.7760      2000  0.225387  0.044493  2.117717  cudaMemcpy
                    26.32  225.5753         5  45.11506  0.011932  225.5254  cudaMemcpyToSymbol
                    16.26  139.4047     14003  9.96e-03  9.25e-03  0.094214  cudaLaunchKernel
                     2.42  20.72279         7  2.960398  9.57e-03  20.30701  cudaMallocManaged
                     0.84  7.227297     28003  2.58e-04  2.12e-04  0.086891  cudaGetLastError
                     0.59  5.097185       384  0.013273  2.32e-04  0.532516  cuDeviceGetAttribute
                     0.48  4.150299         4  1.037574  1.033151  1.048695  cuDeviceTotalMem
                     0.15  1.322384        10  0.132238  1.40e-03  0.460077  cudaFree
                     0.14  1.220860         1  1.220860  1.220860  1.220860  cudaGetDeviceProperties
                     0.11  0.915596         1  0.915596  0.915596  0.915596  cudaMemset
                     0.05  0.422228         4  0.105557  0.102502  0.108396  cuDeviceGetName
                     0.03  0.230122         2  0.115061  0.011700  0.218422  cudaThreadSynchronize
                     0.00  0.024067         3  8.02e-03  4.27e-03  0.012076  cudaMemAdvise
                     0.00  0.012901         4  3.23e-03  1.18e-03  8.20e-03  cuDeviceGetPCIBusId
                     0.00  0.012176         1  0.012176  0.012176  0.012176  cudaSetDevice
                     0.00  3.23e-03         8  4.04e-04  3.15e-04  6.82e-04  cuDeviceGet
                     0.00  1.87e-03         1  1.87e-03  1.87e-03  1.87e-03  cudaGetDevice
                     0.00  1.49e-03         3  4.96e-04  4.14e-04  6.58e-04  cuDeviceGetCount

==86415== Unified Memory profiling result:
Device "Tesla V100-SXM2-16GB (0)"
   Count  Avg Size  Min Size  Max Size  Total Size  Total Time  Name
      10  160.00KB  64.000KB  448.00KB  1.562500MB    0.050656ms  Host To Device
      25         -         -         -           -    3.090848ms  Gpu page fault groups
      40  123.20KB  64.000KB  320.00KB  4.812500MB           -  Remote mapping from device
Total CPU Page faults: 29
Total remote mappings to CPU: 40
