==44641== NVPROF is profiling process 44641, command: ./cfd_0330 ../../../data/cfd/fvcorr.domn.097K
==44641== Profiling application: ./cfd_0330 ../../../data/cfd/fvcorr.domn.097K
==44641== Profiling result:
            Type  Time(%)      Time     Calls       Avg       Min       Max  Name
                        %        ms                  ms        ms        ms
 GPU activities:    74.17  172.7802      6000  0.028796  0.027008  1.989621  cuda_compute_flux(int, int*, float*, float*, float*)
                    18.31  42.64369      6000  7.11e-03  6.24e-03  8.83e-03  cuda_time_step(int, int, float*, float*, float*, float*)
                     4.05  9.425648      2000  4.71e-03  4.51e-03  0.011872  [CUDA memcpy DtoD]
                     3.03  7.068758      2000  3.53e-03  3.36e-03  0.013600  cuda_compute_step_factor(int, float*, float*, float*)
                     0.44  1.023834         3  0.341278  0.262910  0.411614  cuda_initialize_variables(int, float*)
                     0.00  6.82e-03         5  1.36e-03  1.28e-03  1.60e-03  [CUDA memcpy HtoD]
                     0.00  2.34e-03         1  2.34e-03  2.34e-03  2.34e-03  [CUDA memset]
      API calls:    42.18  227.3737         5  45.47473  0.012747  227.3213  cudaMemcpyToSymbol
                    26.04  140.3890     14003  0.010025  9.27e-03  0.272345  cudaLaunchKernel
                    24.20  130.4576      2000  0.065228  0.031335  2.053789  cudaMemcpy
                     3.86  20.83380         7  2.976257  9.63e-03  20.39179  cudaMallocManaged
                     1.31  7.042535     28003  2.51e-04  2.10e-04  0.111283  cudaGetLastError
                     0.95  5.115739       384  0.013322  2.36e-04  0.539727  cuDeviceGetAttribute
                     0.77  4.141658         4  1.035414  1.029441  1.040460  cuDeviceTotalMem
                     0.23  1.229762         1  1.229762  1.229762  1.229762  cudaGetDeviceProperties
                     0.19  1.034500         1  1.034500  1.034500  1.034500  cudaMemset
                     0.18  0.956872        10  0.095687  1.43e-03  0.260129  cudaFree
                     0.08  0.422876         4  0.105719  0.103123  0.107567  cuDeviceGetName
                     0.01  0.069028         2  0.034514  9.24e-03  0.059789  cudaThreadSynchronize
                     0.00  0.016894         2  8.45e-03  6.56e-03  0.010338  cudaMemAdvise
                     0.00  0.015630         4  3.91e-03  1.17e-03  0.010621  cuDeviceGetPCIBusId
                     0.00  0.011948         1  0.011948  0.011948  0.011948  cudaSetDevice
                     0.00  3.06e-03         8  3.82e-04  3.01e-04  5.47e-04  cuDeviceGet
                     0.00  1.63e-03         1  1.63e-03  1.63e-03  1.63e-03  cudaGetDevice
                     0.00  1.35e-03         3  4.49e-04  3.34e-04  6.21e-04  cuDeviceGetCount

==44641== Unified Memory profiling result:
Device "Tesla V100-SXM2-16GB (0)"
   Count  Avg Size  Min Size  Max Size  Total Size  Total Time  Name
      47  138.89KB  64.000KB  704.00KB  6.375000MB    0.225056ms  Host To Device
      23         -         -         -           -    3.481440ms  Gpu page fault groups
      17  112.94KB  64.000KB  320.00KB  1.875000MB           -  Remote mapping from device
Total CPU Page faults: 47
Total remote mappings to CPU: 17
