==80860== NVPROF is profiling process 80860, command: ./cfd_1321 ../../../data/cfd/fvcorr.domn.097K
==80860== Profiling application: ./cfd_1321 ../../../data/cfd/fvcorr.domn.097K
==80860== Profiling result:
            Type  Time(%)      Time     Calls       Avg       Min       Max  Name
                        %        ms                  ms        ms        ms
 GPU activities:    77.25  212.9664      6000  0.035494  0.032063  1.730838  cuda_compute_flux(int, int*, float*, float*, float*)
                    15.92  43.88075      6000  7.31e-03  6.43e-03  8.67e-03  cuda_time_step(int, int, float*, float*, float*, float*)
                     3.47  9.579244      2000  4.79e-03  4.61e-03  0.010784  [CUDA memcpy DtoD]
                     2.99  8.249747      2000  4.12e-03  4.00e-03  0.014176  cuda_compute_step_factor(int, float*, float*, float*)
                     0.37  1.010555         3  0.336851  0.324510  0.344894  cuda_initialize_variables(int, float*)
                     0.00  6.78e-03         5  1.36e-03  1.28e-03  1.60e-03  [CUDA memcpy HtoD]
                     0.00  2.34e-03         1  2.34e-03  2.34e-03  2.34e-03  [CUDA memset]
      API calls:    39.30  228.0987         5  45.61975  0.012160  228.0482  cudaMemcpyToSymbol
                    29.85  173.2878      2000  0.086643  0.028672  1.787178  cudaMemcpy
                    23.77  137.9890     14003  9.85e-03  9.08e-03  0.078419  cudaLaunchKernel
                     3.57  20.70207         7  2.957438  9.17e-03  20.28544  cudaMallocManaged
                     1.24  7.184476     28003  2.56e-04  2.13e-04  0.086173  cudaGetLastError
                     0.88  5.120558       384  0.013334  2.32e-04  0.543829  cuDeviceGetAttribute
                     0.72  4.161833         4  1.040458  1.036601  1.043229  cuDeviceTotalMem
                     0.21  1.216919         1  1.216919  1.216919  1.216919  cudaGetDeviceProperties
                     0.18  1.068885        10  0.106888  1.27e-03  0.353481  cudaFree
                     0.18  1.038299         1  1.038299  1.038299  1.038299  cudaMemset
                     0.07  0.423122         4  0.105780  0.102760  0.107802  cuDeviceGetName
                     0.02  0.091425         2  0.045712  0.010443  0.080982  cudaThreadSynchronize
                     0.00  0.023857         3  7.95e-03  4.44e-03  0.010282  cudaMemAdvise
                     0.00  0.017287         4  4.32e-03  1.19e-03  0.011450  cuDeviceGetPCIBusId
                     0.00  0.012856         1  0.012856  0.012856  0.012856  cudaSetDevice
                     0.00  3.23e-03         8  4.03e-04  3.09e-04  6.81e-04  cuDeviceGet
                     0.00  1.80e-03         1  1.80e-03  1.80e-03  1.80e-03  cudaGetDevice
                     0.00  1.55e-03         3  5.17e-04  4.43e-04  6.33e-04  cuDeviceGetCount

==80860== Unified Memory profiling result:
Device "Tesla V100-SXM2-16GB (0)"
   Count  Avg Size  Min Size  Max Size  Total Size  Total Time  Name
      34  144.94KB  64.000KB  768.00KB  4.812500MB    0.162272ms  Host To Device
      20         -         -         -           -    2.964032ms  Gpu page fault groups
       3  106.67KB  64.000KB  192.00KB  320.0000KB           -  Remote mapping from device
       2  800.00KB  64.000KB  1.5000MB  1.562500MB           -  Remote mapping to device
Total CPU Page faults: 77
Total remote mappings from CPU: 2
Total remote mappings to CPU: 3
