==57417== NVPROF is profiling process 57417, command: ./cfd_0533 ../../../data/cfd/missile.domn.0.2M
==57417== Profiling application: ./cfd_0533 ../../../data/cfd/missile.domn.0.2M
==57417== Profiling result:
            Type  Time(%)      Time     Calls       Avg       Min       Max  Name
                        %        ms                  ms        ms        ms
 GPU activities:    67.44  379.1368      6000  0.063189  0.057503  4.218536  cuda_compute_flux(int, int*, float*, float*, float*)
                    22.45  126.1754      6000  0.021029  0.019488  0.023007  cuda_time_step(int, int, float*, float*, float*, float*)
                     5.17  29.07083      2000  0.014535  0.013632  0.017888  [CUDA memcpy DtoD]
                     4.42  24.86890      2000  0.012434  0.010944  0.564317  cuda_compute_step_factor(int, float*, float*, float*)
                     0.51  2.883631         3  0.961210  0.857819  1.105529  cuda_initialize_variables(int, float*)
                     0.00  6.75e-03         5  1.35e-03  1.28e-03  1.60e-03  [CUDA memcpy HtoD]
                     0.00  2.50e-03         1  2.50e-03  2.50e-03  2.50e-03  [CUDA memset]
      API calls:    42.01  441.6354      2000  0.220817  0.087909  5.126345  cudaMemcpy
                    39.47  414.9518         5  82.99037  0.012212  414.9007  cudaMemcpyToSymbol
                    13.96  146.7414     14003  0.010479  9.56e-03  0.295629  cudaLaunchKernel
                     2.17  22.78697         7  3.255282  0.053911  20.39184  cudaMallocManaged
                     0.67  7.022399     28003  2.50e-04  2.13e-04  4.86e-04  cudaGetLastError
                     0.67  7.013232       384  0.018263  2.32e-04  1.167438  cuDeviceGetAttribute
                     0.44  4.660663         4  1.165165  1.069842  1.278485  cuDeviceTotalMem
                     0.28  2.897870         1  2.897870  2.897870  2.897870  cudaMemset
                     0.14  1.480641        10  0.148064  1.24e-03  0.399671  cudaFree
                     0.13  1.342476         1  1.342476  1.342476  1.342476  cudaGetDeviceProperties
                     0.05  0.570989         4  0.142747  0.111232  0.185241  cuDeviceGetName
                     0.02  0.209238         2  0.104619  0.014605  0.194633  cudaThreadSynchronize
                     0.00  0.019278         3  6.43e-03  4.10e-03  0.010738  cudaMemAdvise
                     0.00  0.015296         4  3.82e-03  1.21e-03  0.010417  cuDeviceGetPCIBusId
                     0.00  0.012191         1  0.012191  0.012191  0.012191  cudaSetDevice
                     0.00  3.15e-03         8  3.93e-04  2.95e-04  6.33e-04  cuDeviceGet
                     0.00  1.74e-03         1  1.74e-03  1.74e-03  1.74e-03  cudaGetDevice
                     0.00  1.56e-03         3  5.19e-04  4.37e-04  6.29e-04  cuDeviceGetCount

==57417== Unified Memory profiling result:
Device "Tesla V100-SXM2-16GB (0)"
   Count  Avg Size  Min Size  Max Size  Total Size  Total Time  Name
     113  137.63KB  64.000KB  896.00KB  15.18750MB    0.658080ms  Host To Device
      32         -         -         -           -    7.952480ms  Gpu page fault groups
      97  150.43KB  64.000KB  576.00KB  14.25000MB           -  Remote mapping from device
       3  320.00KB  64.000KB  640.00KB  960.0000KB           -  Remote mapping to device
Total CPU Page faults: 90
Total remote mappings from CPU: 3
Total remote mappings to CPU: 97
