==73710== NVPROF is profiling process 73710, command: ./cfd_1210 ../../../data/cfd/fvcorr.domn.193K
==73710== Profiling application: ./cfd_1210 ../../../data/cfd/fvcorr.domn.193K
==73710== Profiling result:
            Type  Time(%)      Time     Calls       Avg       Min       Max  Name
                        %        ms                  ms        ms        ms
 GPU activities:    67.15  294.8009      6000  0.049133  0.046847  3.301229  cuda_compute_flux(int, int*, float*, float*, float*)
                    23.99  105.3215      6000  0.017553  0.016256  0.019456  cuda_time_step(int, int, float*, float*, float*, float*)
                     4.35  19.09957      2000  9.55e-03  8.99e-03  0.013152  [CUDA memcpy DtoD]
                     4.03  17.69113      2000  8.85e-03  8.48e-03  0.012192  cuda_compute_step_factor(int, float*, float*, float*)
                     0.48  2.097652         3  0.699217  0.679740  0.713692  cuda_initialize_variables(int, float*)
                     0.00  6.82e-03         5  1.36e-03  1.28e-03  1.60e-03  [CUDA memcpy HtoD]
                     0.00  1.86e-03         1  1.86e-03  1.86e-03  1.86e-03  [CUDA memset]
      API calls:    44.56  326.9930      2000  0.163496  0.046219  3.418538  cudaMemcpy
                    30.88  226.5947         5  45.31894  0.012021  226.5443  cudaMemcpyToSymbol
                    18.77  137.7504     14003  9.84e-03  9.14e-03  0.099860  cudaLaunchKernel
                     2.83  20.78021         7  2.968601  0.010883  20.40237  cudaMallocManaged
                     0.93  6.845511     28003  2.44e-04  2.09e-04  5.16e-03  cudaGetLastError
                     0.70  5.123957       384  0.013343  2.34e-04  0.536186  cuDeviceGetAttribute
                     0.57  4.162291         4  1.040572  1.029115  1.067170  cuDeviceTotalMem
                     0.32  2.326514         1  2.326514  2.326514  2.326514  cudaMemset
                     0.18  1.333337        10  0.133333  1.24e-03  0.326670  cudaFree
                     0.17  1.221806         1  1.221806  1.221806  1.221806  cudaGetDeviceProperties
                     0.06  0.423301         4  0.105825  0.103199  0.107798  cuDeviceGetName
                     0.02  0.163647         2  0.081823  0.010408  0.153239  cudaThreadSynchronize
                     0.00  0.015802         2  7.90e-03  4.40e-03  0.011406  cudaMemAdvise
                     0.00  0.012439         1  0.012439  0.012439  0.012439  cudaSetDevice
                     0.00  0.011535         4  2.88e-03  1.10e-03  6.79e-03  cuDeviceGetPCIBusId
                     0.00  3.16e-03         8  3.94e-04  3.05e-04  6.04e-04  cuDeviceGet
                     0.00  1.64e-03         1  1.64e-03  1.64e-03  1.64e-03  cudaGetDevice
                     0.00  1.44e-03         3  4.80e-04  3.59e-04  6.76e-04  cuDeviceGetCount

==73710== Unified Memory profiling result:
Device "Tesla V100-SXM2-16GB (0)"
   Count  Avg Size  Min Size  Max Size  Total Size  Total Time  Name
      56  217.14KB  64.000KB  960.00KB  11.87500MB    0.324800ms  Host To Device
      30         -         -         -           -    5.689056ms  Gpu page fault groups
       1  768.00KB  768.00KB  768.00KB  768.0000KB           -  Remote mapping to device
Total CPU Page faults: 107
Total remote mappings from CPU: 1
