==32538== NVPROF is profiling process 32538, command: ./cfd_0131 ../../../data/cfd/fvcorr.domn.193K
==32538== Profiling application: ./cfd_0131 ../../../data/cfd/fvcorr.domn.193K
==32538== Profiling result:
            Type  Time(%)      Time     Calls       Avg       Min       Max  Name
                        %        ms                  ms        ms        ms
 GPU activities:    67.11  296.4805      6000  0.049413  0.046976  2.994991  cuda_compute_flux(int, int*, float*, float*, float*)
                    23.89  105.5333      6000  0.017588  0.016192  0.019583  cuda_time_step(int, int, float*, float*, float*, float*)
                     4.40  19.44820      2000  9.72e-03  8.93e-03  0.013599  [CUDA memcpy DtoD]
                     4.08  18.01660      2000  9.01e-03  8.10e-03  0.519197  cuda_compute_step_factor(int, float*, float*, float*)
                     0.51  2.264403         3  0.754801  0.658236  0.825500  cuda_initialize_variables(int, float*)
                     0.00  6.82e-03         5  1.36e-03  1.28e-03  1.60e-03  [CUDA memcpy HtoD]
                     0.00  1.89e-03         1  1.89e-03  1.89e-03  1.89e-03  [CUDA memset]
      API calls:    44.70  331.1757      2000  0.165587  0.049381  3.673334  cudaMemcpy
                    30.86  228.6557         5  45.73113  0.012021  228.6048  cudaMemcpyToSymbol
                    18.66  138.2615     14003  9.87e-03  9.01e-03  0.107195  cudaLaunchKernel
                     2.81  20.78281         7  2.968973  0.011207  20.39653  cudaMallocManaged
                     0.95  7.022520     28003  2.50e-04  2.11e-04  7.57e-04  cudaGetLastError
                     0.69  5.123447       384  0.013342  2.35e-04  0.536417  cuDeviceGetAttribute
                     0.56  4.161951         4  1.040487  1.029519  1.067110  cuDeviceTotalMem
                     0.34  2.516583         1  2.516583  2.516583  2.516583  cudaMemset
                     0.18  1.322782        10  0.132278  1.47e-03  0.353070  cudaFree
                     0.17  1.225280         1  1.225280  1.225280  1.225280  cudaGetDeviceProperties
                     0.06  0.423140         4  0.105785  0.104116  0.107409  cuDeviceGetName
                     0.02  0.166784         2  0.083392  9.31e-03  0.157477  cudaThreadSynchronize
                     0.00  0.019656         3  6.55e-03  3.91e-03  0.010080  cudaMemAdvise
                     0.00  0.012954         4  3.24e-03  1.16e-03  8.42e-03  cuDeviceGetPCIBusId
                     0.00  0.011292         1  0.011292  0.011292  0.011292  cudaSetDevice
                     0.00  3.15e-03         8  3.93e-04  3.01e-04  5.67e-04  cuDeviceGet
                     0.00  1.77e-03         1  1.77e-03  1.77e-03  1.77e-03  cudaGetDevice
                     0.00  1.40e-03         3  4.67e-04  3.94e-04  6.11e-04  cuDeviceGetCount

==32538== Unified Memory profiling result:
Device "Tesla V100-SXM2-16GB (0)"
   Count  Avg Size  Min Size  Max Size  Total Size  Total Time  Name
      72  179.56KB  64.000KB  896.00KB  12.62500MB    0.380160ms  Host To Device
      34         -         -         -           -    6.097600ms  Gpu page fault groups
      23  133.56KB  64.000KB  448.00KB  3.000000MB           -  Remote mapping from device
Total CPU Page faults: 175
Total remote mappings to CPU: 23
