==59481== NVPROF is profiling process 59481, command: ./cfd_0553 ../../../data/cfd/fvcorr.domn.193K
==59481== Profiling application: ./cfd_0553 ../../../data/cfd/fvcorr.domn.193K
==59481== Profiling result:
            Type  Time(%)      Time     Calls       Avg       Min       Max  Name
                        %        ms                  ms        ms        ms
 GPU activities:    67.34  298.5694      6000  0.049761  0.047231  3.524875  cuda_compute_flux(int, int*, float*, float*, float*)
                    23.83  105.6571      6000  0.017609  0.016192  0.019776  cuda_time_step(int, int, float*, float*, float*, float*)
                     4.31  19.12158      2000  9.56e-03  8.96e-03  0.012416  [CUDA memcpy DtoD]
                     3.97  17.61582      2000  8.81e-03  8.03e-03  0.538333  cuda_compute_step_factor(int, float*, float*, float*)
                     0.54  2.403955         3  0.801318  0.777627  0.834076  cuda_initialize_variables(int, float*)
                     0.00  6.82e-03         5  1.36e-03  1.28e-03  1.60e-03  [CUDA memcpy HtoD]
                     0.00  1.86e-03         1  1.86e-03  1.86e-03  1.86e-03  [CUDA memset]
      API calls:    44.98  331.8799      2000  0.165939  0.046406  4.171141  cudaMemcpy
                    30.49  224.9833         5  44.99665  0.012216  224.9322  cudaMemcpyToSymbol
                    18.72  138.1665     14003  9.87e-03  9.15e-03  0.100071  cudaLaunchKernel
                     2.81  20.74498         7  2.963568  0.010818  20.35942  cudaMallocManaged
                     0.95  6.974925     28003  2.49e-04  2.13e-04  6.07e-04  cudaGetLastError
                     0.69  5.119790       384  0.013332  2.35e-04  0.541625  cuDeviceGetAttribute
                     0.56  4.144967         4  1.036241  1.035092  1.038570  cuDeviceTotalMem
                     0.36  2.665152         1  2.665152  2.665152  2.665152  cudaMemset
                     0.18  1.354829        10  0.135482  1.44e-03  0.335650  cudaFree
                     0.17  1.222952         1  1.222952  1.222952  1.222952  cudaGetDeviceProperties
                     0.06  0.421397         4  0.105349  0.102623  0.107490  cuDeviceGetName
                     0.02  0.164482         2  0.082241  9.43e-03  0.155055  cudaThreadSynchronize
                     0.00  0.018980         3  6.33e-03  4.24e-03  0.010476  cudaMemAdvise
                     0.00  0.015922         4  3.98e-03  1.18e-03  0.010976  cuDeviceGetPCIBusId
                     0.00  9.90e-03         1  9.90e-03  9.90e-03  9.90e-03  cudaSetDevice
                     0.00  3.16e-03         8  3.94e-04  3.07e-04  5.33e-04  cuDeviceGet
                     0.00  1.63e-03         1  1.63e-03  1.63e-03  1.63e-03  cudaGetDevice
                     0.00  1.31e-03         3  4.37e-04  3.54e-04  5.82e-04  cuDeviceGetCount

==59481== Unified Memory profiling result:
Device "Tesla V100-SXM2-16GB (0)"
   Count  Avg Size  Min Size  Max Size  Total Size  Total Time  Name
      85  152.09KB  64.000KB  896.00KB  12.62500MB    0.416864ms  Host To Device
      31         -         -         -           -    6.710592ms  Gpu page fault groups
      67  135.64KB  64.000KB  448.00KB  8.875000MB           -  Remote mapping from device
      10  384.00KB  64.000KB  1.0000MB  3.750000MB           -  Remote mapping to device
Total CPU Page faults: 84
Total remote mappings from CPU: 10
Total remote mappings to CPU: 67
