==32690== NVPROF is profiling process 32690, command: ./cfd_0132 ../../../data/cfd/fvcorr.domn.193K
==32690== Profiling application: ./cfd_0132 ../../../data/cfd/fvcorr.domn.193K
==32690== Profiling result:
            Type  Time(%)      Time     Calls       Avg       Min       Max  Name
                        %        ms                  ms        ms        ms
 GPU activities:    75.34  438.7662      6000  0.073127  0.070304  1.004187  cuda_compute_flux(int, int*, float*, float*, float*)
                    17.75  103.3809      6000  0.017230  0.016192  0.019232  cuda_time_step(int, int, float*, float*, float*, float*)
                     3.35  19.49745      2000  9.75e-03  9.06e-03  0.013184  [CUDA memcpy DtoD]
                     3.15  18.36419      2000  9.18e-03  8.35e-03  0.533181  cuda_compute_step_factor(int, float*, float*, float*)
                     0.40  2.334003         3  0.778001  0.754844  0.810716  cuda_initialize_variables(int, float*)
                     0.00  6.78e-03         5  1.36e-03  1.28e-03  1.60e-03  [CUDA memcpy HtoD]
                     0.00  1.82e-03         1  1.82e-03  1.82e-03  1.82e-03  [CUDA memset]
      API calls:    53.73  470.6632      2000  0.235331  0.047006  2.017739  cudaMemcpy
                    25.64  224.6332         5  44.92664  0.011873  224.5831  cudaMemcpyToSymbol
                    15.65  137.1140     14003  9.79e-03  9.13e-03  0.094059  cudaLaunchKernel
                     2.37  20.76510         7  2.966443  0.011184  20.38106  cudaMallocManaged
                     0.80  7.044648     28003  2.51e-04  2.09e-04  0.094352  cudaGetLastError
                     0.61  5.316854       384  0.013845  2.32e-04  0.561997  cuDeviceGetAttribute
                     0.48  4.243822         4  1.060955  1.031895  1.132848  cuDeviceTotalMem
                     0.30  2.587033         1  2.587033  2.587033  2.587033  cudaMemset
                     0.19  1.689085        10  0.168908  1.34e-03  0.705742  cudaFree
                     0.14  1.219585         1  1.219585  1.219585  1.219585  cudaGetDeviceProperties
                     0.05  0.425874         4  0.106468  0.103171  0.108696  cuDeviceGetName
                     0.03  0.234731         2  0.117365  9.23e-03  0.225503  cudaThreadSynchronize
                     0.00  0.021488         3  7.16e-03  5.76e-03  9.85e-03  cudaMemAdvise
                     0.00  0.013238         4  3.31e-03  1.19e-03  8.22e-03  cuDeviceGetPCIBusId
                     0.00  0.012939         1  0.012939  0.012939  0.012939  cudaSetDevice
                     0.00  3.14e-03         8  3.92e-04  3.13e-04  6.49e-04  cuDeviceGet
                     0.00  1.82e-03         1  1.82e-03  1.82e-03  1.82e-03  cudaGetDevice
                     0.00  1.47e-03         3  4.89e-04  3.77e-04  6.71e-04  cuDeviceGetCount

==32690== Unified Memory profiling result:
Device "Tesla V100-SXM2-16GB (0)"
   Count  Avg Size  Min Size  Max Size  Total Size  Total Time  Name
      26  147.69KB  64.000KB  896.00KB  3.750000MB    0.122720ms  Host To Device
      28         -         -         -           -    4.439104ms  Gpu page fault groups
      23  133.56KB  64.000KB  448.00KB  3.000000MB           -  Remote mapping from device
       5  1.7750MB  896.00KB  2.0000MB  8.875000MB           -  Remote mapping to device
Total CPU Page faults: 38
Total remote mappings from CPU: 5
Total remote mappings to CPU: 23
