==57261== NVPROF is profiling process 57261, command: ./cfd_0532 ../../../data/cfd/missile.domn.0.2M
==57261== Profiling application: ./cfd_0532 ../../../data/cfd/missile.domn.0.2M
==57261== Profiling result:
            Type  Time(%)      Time     Calls       Avg       Min       Max  Name
                        %        ms                  ms        ms        ms
 GPU activities:    73.30  487.6189      6000  0.081269  0.075103  1.104602  cuda_compute_flux(int, int*, float*, float*, float*)
                    18.34  122.0040      6000  0.020333  0.019232  0.022240  cuda_time_step(int, int, float*, float*, float*, float*)
                     4.30  28.58710      2000  0.014293  0.013536  0.017184  [CUDA memcpy DtoD]
                     3.65  24.28718      2000  0.012143  0.010432  0.808283  cuda_compute_step_factor(int, float*, float*, float*)
                     0.40  2.688177         3  0.896059  0.738748  1.049306  cuda_initialize_variables(int, float*)
                     0.00  6.78e-03         5  1.36e-03  1.28e-03  1.60e-03  [CUDA memcpy HtoD]
                     0.00  2.34e-03         1  2.34e-03  2.34e-03  2.34e-03  [CUDA memset]
      API calls:    57.15  547.9456      2000  0.273972  0.039261  2.109442  cudaMemcpy
                    23.71  227.3727         5  45.47454  0.012665  227.3203  cudaMemcpyToSymbol
                    14.56  139.5777     14003  9.97e-03  9.15e-03  0.321369  cudaLaunchKernel
                     2.17  20.80363         7  2.971947  0.016054  20.40437  cudaMallocManaged
                     0.74  7.099010     28003  2.53e-04  2.11e-04  1.91e-03  cudaGetLastError
                     0.53  5.118896       384  0.013330  2.34e-04  0.547858  cuDeviceGetAttribute
                     0.43  4.139327         4  1.034831  1.029371  1.037218  cuDeviceTotalMem
                     0.31  2.939290         1  2.939290  2.939290  2.939290  cudaMemset
                     0.19  1.820109        10  0.182010  1.29e-03  0.781417  cudaFree
                     0.13  1.221950         1  1.221950  1.221950  1.221950  cudaGetDeviceProperties
                     0.04  0.421342         4  0.105335  0.102592  0.107465  cuDeviceGetName
                     0.03  0.269377         2  0.134688  0.011183  0.258194  cudaThreadSynchronize
                     0.00  0.021679         3  7.23e-03  4.44e-03  0.011246  cudaMemAdvise
                     0.00  0.014188         4  3.55e-03  1.11e-03  9.44e-03  cuDeviceGetPCIBusId
                     0.00  0.013018         1  0.013018  0.013018  0.013018  cudaSetDevice
                     0.00  3.50e-03         8  4.37e-04  3.11e-04  9.55e-04  cuDeviceGet
                     0.00  1.76e-03         1  1.76e-03  1.76e-03  1.76e-03  cudaGetDevice
                     0.00  1.41e-03         3  4.71e-04  3.96e-04  6.13e-04  cuDeviceGetCount

==57261== Unified Memory profiling result:
Device "Tesla V100-SXM2-16GB (0)"
   Count  Avg Size  Min Size  Max Size  Total Size  Total Time  Name
      29  158.90KB  64.000KB  960.00KB  4.500000MB    0.159168ms  Host To Device
      35         -         -         -           -    4.878880ms  Gpu page fault groups
      22  165.82KB  64.000KB  576.00KB  3.562500MB           -  Remote mapping from device
      11  1.0568MB  64.000KB  2.0000MB  11.62500MB           -  Remote mapping to device
Total CPU Page faults: 31
Total remote mappings from CPU: 11
Total remote mappings to CPU: 22
