==70316== NVPROF is profiling process 70316, command: ./cfd_1134 ../../../data/cfd/missile.domn.0.2M
==70316== Profiling application: ./cfd_1134 ../../../data/cfd/missile.domn.0.2M
==70316== Profiling result:
            Type  Time(%)      Time     Calls       Avg       Min       Max  Name
                        %        ms                  ms        ms        ms
 GPU activities:    85.80  1.08e+03      6000  0.179663  0.176351  2.379186  cuda_compute_flux(int, int*, float*, float*, float*)
                     9.72  122.1621      6000  0.020360  0.019328  0.022656  cuda_time_step(int, int, float*, float*, float*, float*)
                     2.32  29.12127      2000  0.014560  0.013824  0.017024  [CUDA memcpy DtoD]
                     1.95  24.51330      2000  0.012256  0.010624  0.711164  cuda_compute_step_factor(int, float*, float*, float*)
                     0.21  2.586257         3  0.862085  0.792508  0.977050  cuda_initialize_variables(int, float*)
                     0.00  6.85e-03         5  1.37e-03  1.31e-03  1.60e-03  [CUDA memcpy HtoD]
                     0.00  1.86e-03         1  1.86e-03  1.86e-03  1.86e-03  [CUDA memset]
      API calls:    73.43  1.14e+03      2000  0.568064  0.050998  3.579199  cudaMemcpy
                    14.59  225.7417         5  45.14833  0.012425  225.6904  cudaMemcpyToSymbol
                     9.14  141.4559     14003  0.010101  9.30e-03  0.128377  cudaLaunchKernel
                     1.34  20.74404         7  2.963434  0.016156  20.35738  cudaMallocManaged
                     0.45  7.014678     28003  2.50e-04  2.11e-04  7.60e-04  cudaGetLastError
                     0.33  5.144210       384  0.013396  2.34e-04  0.540785  cuDeviceGetAttribute
                     0.27  4.149770         4  1.037442  1.033259  1.041908  cuDeviceTotalMem
                     0.18  2.818730         1  2.818730  2.818730  2.818730  cudaMemset
                     0.12  1.875129        10  0.187512  1.22e-03  0.883738  cudaFree
                     0.08  1.217954         1  1.217954  1.217954  1.217954  cudaGetDeviceProperties
                     0.04  0.556154         2  0.278077  9.88e-03  0.546273  cudaThreadSynchronize
                     0.03  0.423019         4  0.105754  0.102949  0.107590  cuDeviceGetName
                     0.00  0.020966         3  6.99e-03  5.69e-03  9.31e-03  cudaMemAdvise
                     0.00  0.016399         4  4.10e-03  1.14e-03  0.011584  cuDeviceGetPCIBusId
                     0.00  0.012456         1  0.012456  0.012456  0.012456  cudaSetDevice
                     0.00  3.15e-03         8  3.94e-04  3.07e-04  5.39e-04  cuDeviceGet
                     0.00  1.68e-03         1  1.68e-03  1.68e-03  1.68e-03  cudaGetDevice
                     0.00  1.44e-03         3  4.80e-04  3.92e-04  6.50e-04  cuDeviceGetCount

==70316== Unified Memory profiling result:
Device "Tesla V100-SXM2-16GB (0)"
   Count  Avg Size  Min Size  Max Size  Total Size  Total Time  Name
      30  153.60KB  64.000KB  768.00KB  4.500000MB    0.190560ms  Host To Device
      53         -         -         -           -    6.770464ms  Gpu page fault groups
     132  110.55KB  64.000KB  576.00KB  14.25000MB           -  Remote mapping from device
Total CPU Page faults: 41
Total remote mappings to CPU: 132
