==51820== NVPROF is profiling process 51820, command: ./cfd_0440 ../../../data/cfd/missile.domn.0.2M
==51820== Profiling application: ./cfd_0440 ../../../data/cfd/missile.domn.0.2M
==51820== Profiling result:
            Type  Time(%)      Time     Calls       Avg       Min       Max  Name
                        %        ms                  ms        ms        ms
 GPU activities:    68.49  460.8292      6000  0.076804  0.070816  4.094248  cuda_compute_flux(int, int*, float*, float*, float*)
                    20.64  138.8900      6000  0.023148  0.021088  0.025760  cuda_time_step(int, int, float*, float*, float*, float*)
                     6.12  41.15375      2000  0.020576  0.019487  0.574333  cuda_compute_step_factor(int, float*, float*, float*)
                     4.33  29.16217      2000  0.014581  0.013632  0.016992  [CUDA memcpy DtoD]
                     0.41  2.765169         3  0.921723  0.847740  1.023130  cuda_initialize_variables(int, float*)
                     0.00  6.82e-03         5  1.36e-03  1.28e-03  1.60e-03  [CUDA memcpy HtoD]
                     0.00  2.34e-03         1  2.34e-03  2.34e-03  2.34e-03  [CUDA memset]
      API calls:    57.40  551.6733      2000  0.275836  0.066744  4.839255  cudaMemcpy
                    23.41  224.9385         5  44.98770  0.012058  224.8874  cudaMemcpyToSymbol
                    14.68  141.0714     14003  0.010074  9.18e-03  0.114945  cudaLaunchKernel
                     2.16  20.78356         7  2.969079  0.015493  20.39573  cudaMallocManaged
                     0.71  6.809431     28003  2.43e-04  2.08e-04  5.62e-03  cudaGetLastError
                     0.53  5.102304       384  0.013287  2.32e-04  0.532325  cuDeviceGetAttribute
                     0.43  4.158458         4  1.039614  1.031715  1.054327  cuDeviceTotalMem
                     0.31  2.969766         1  2.969766  2.969766  2.969766  cudaMemset
                     0.16  1.571669        10  0.157166  1.34e-03  0.413598  cudaFree
                     0.13  1.234830         1  1.234830  1.234830  1.234830  cudaGetDeviceProperties
                     0.04  0.420695         4  0.105173  0.102426  0.107086  cuDeviceGetName
                     0.03  0.271047         2  0.135523  0.012361  0.258686  cudaThreadSynchronize
                     0.00  0.015162         2  7.58e-03  4.44e-03  0.010719  cudaMemAdvise
                     0.00  0.012808         4  3.20e-03  1.14e-03  8.37e-03  cuDeviceGetPCIBusId
                     0.00  0.010908         1  0.010908  0.010908  0.010908  cudaSetDevice
                     0.00  3.01e-03         8  3.76e-04  3.07e-04  5.90e-04  cuDeviceGet
                     0.00  1.79e-03         1  1.79e-03  1.79e-03  1.79e-03  cudaGetDevice
                     0.00  1.37e-03         3  4.56e-04  3.80e-04  5.88e-04  cuDeviceGetCount

==51820== Unified Memory profiling result:
Device "Tesla V100-SXM2-16GB (0)"
   Count  Avg Size  Min Size  Max Size  Total Size  Total Time  Name
      59  185.49KB  64.000KB  768.00KB  10.68750MB    0.306752ms  Host To Device
      51         -         -         -           -    7.636672ms  Gpu page fault groups
      34  135.53KB  64.000KB  448.00KB  4.500000MB           -  Remote mapping from device
Total CPU Page faults: 68
Total remote mappings to CPU: 34
