==80229== NVPROF is profiling process 80229, command: ./cfd_1313 ../../../data/cfd/fvcorr.domn.193K
==80229== Profiling application: ./cfd_1313 ../../../data/cfd/fvcorr.domn.193K
==80229== Profiling result:
            Type  Time(%)      Time     Calls       Avg       Min       Max  Name
                        %        ms                  ms        ms        ms
 GPU activities:    66.96  296.1107      6000  0.049351  0.046336  2.026773  cuda_compute_flux(int, int*, float*, float*, float*)
                    24.19  106.9849      6000  0.017830  0.016095  0.019584  cuda_time_step(int, int, float*, float*, float*, float*)
                     4.42  19.56229      2000  9.78e-03  9.09e-03  0.013120  [CUDA memcpy DtoD]
                     3.88  17.16918      2000  8.58e-03  8.03e-03  0.020288  cuda_compute_step_factor(int, float*, float*, float*)
                     0.53  2.362451         3  0.787483  0.756763  0.830396  cuda_initialize_variables(int, float*)
                     0.00  6.78e-03         5  1.36e-03  1.28e-03  1.60e-03  [CUDA memcpy HtoD]
                     0.00  1.86e-03         1  1.86e-03  1.86e-03  1.86e-03  [CUDA memset]
      API calls:    43.08  331.8916      2000  0.165945  0.047366  2.236859  cudaMemcpy
                    33.49  257.9810         5  51.59619  0.012918  257.9279  cudaMemcpyToSymbol
                    17.84  137.4593     14003  9.82e-03  9.06e-03  0.100215  cudaLaunchKernel
                     2.69  20.73540         7  2.962200  0.010672  20.34535  cudaMallocManaged
                     0.93  7.179042     28003  2.56e-04  2.10e-04  0.090184  cudaGetLastError
                     0.67  5.130167       384  0.013359  2.32e-04  0.536962  cuDeviceGetAttribute
                     0.54  4.140808         4  1.035202  1.033613  1.038797  cuDeviceTotalMem
                     0.33  2.574440         1  2.574440  2.574440  2.574440  cudaMemset
                     0.18  1.384922        10  0.138492  1.20e-03  0.346286  cudaFree
                     0.16  1.226227         1  1.226227  1.226227  1.226227  cudaGetDeviceProperties
                     0.06  0.424736         4  0.106184  0.103165  0.108505  cuDeviceGetName
                     0.02  0.168173         2  0.084086  0.013417  0.154756  cudaThreadSynchronize
                     0.00  0.019710         3  6.57e-03  4.25e-03  0.011030  cudaMemAdvise
                     0.00  0.014001         4  3.50e-03  1.15e-03  9.12e-03  cuDeviceGetPCIBusId
                     0.00  0.012824         1  0.012824  0.012824  0.012824  cudaSetDevice
                     0.00  3.22e-03         8  4.02e-04  3.08e-04  5.57e-04  cuDeviceGet
                     0.00  1.57e-03         1  1.57e-03  1.57e-03  1.57e-03  cudaGetDevice
                     0.00  1.45e-03         3  4.83e-04  3.92e-04  6.08e-04  cuDeviceGetCount

==80229== Unified Memory profiling result:
Device "Tesla V100-SXM2-16GB (0)"
   Count  Avg Size  Min Size  Max Size  Total Size  Total Time  Name
      84  153.90KB  64.000KB  896.00KB  12.62500MB    0.467776ms  Host To Device
      29         -         -         -           -    5.961696ms  Gpu page fault groups
      72  136.89KB  64.000KB  448.00KB  9.625000MB           -  Remote mapping from device
Total CPU Page faults: 111
Total remote mappings to CPU: 72
