==37449== NVPROF is profiling process 37449, command: ./cfd_0220 ../../../data/cfd/fvcorr.domn.097K
==37449== Profiling application: ./cfd_0220 ../../../data/cfd/fvcorr.domn.097K
==37449== Profiling result:
            Type  Time(%)      Time     Calls       Avg       Min       Max  Name
                        %        ms                  ms        ms        ms
 GPU activities:    74.46  177.9930      6000  0.029665  0.027840  1.720662  cuda_compute_flux(int, int*, float*, float*, float*)
                    17.39  41.57776      6000  6.93e-03  6.24e-03  8.26e-03  cuda_time_step(int, int, float*, float*, float*, float*)
                     3.99  9.526315      2000  4.76e-03  4.67e-03  0.010816  [CUDA memcpy DtoD]
                     3.65  8.719536      2000  4.36e-03  4.16e-03  0.209759  cuda_compute_step_factor(int, float*, float*, float*)
                     0.50  1.206233         3  0.402077  0.315454  0.549309  cuda_initialize_variables(int, float*)
                     0.00  6.82e-03         5  1.36e-03  1.28e-03  1.60e-03  [CUDA memcpy HtoD]
                     0.00  2.34e-03         1  2.34e-03  2.34e-03  2.34e-03  [CUDA memset]
      API calls:    41.72  225.9421         5  45.18841  0.012318  225.8915  cudaMemcpyToSymbol
                    25.70  139.1829     14003  9.94e-03  9.17e-03  0.180429  cudaLaunchKernel
                    24.99  135.3646      2000  0.067682  0.030421  1.923614  cudaMemcpy
                     3.84  20.82232         7  2.974617  9.18e-03  20.35561  cudaMallocManaged
                     1.29  7.012359     28003  2.50e-04  2.09e-04  0.100422  cudaGetLastError
                     0.94  5.106005       384  0.013296  2.35e-04  0.532043  cuDeviceGetAttribute
                     0.77  4.150206         4  1.037551  1.029807  1.053312  cuDeviceTotalMem
                     0.23  1.235670         1  1.235670  1.235670  1.235670  cudaGetDeviceProperties
                     0.22  1.197203         1  1.197203  1.197203  1.197203  cudaMemset
                     0.20  1.068930        10  0.106893  1.26e-03  0.364838  cudaFree
                     0.08  0.422685         4  0.105671  0.103686  0.107324  cuDeviceGetName
                     0.01  0.071724         2  0.035862  9.46e-03  0.062263  cudaThreadSynchronize
                     0.00  0.017536         2  8.77e-03  6.58e-03  0.010951  cudaMemAdvise
                     0.00  0.014678         4  3.67e-03  1.17e-03  0.010285  cuDeviceGetPCIBusId
                     0.00  0.012466         1  0.012466  0.012466  0.012466  cudaSetDevice
                     0.00  3.04e-03         8  3.79e-04  3.03e-04  5.49e-04  cuDeviceGet
                     0.00  1.77e-03         1  1.77e-03  1.77e-03  1.77e-03  cudaGetDevice
                     0.00  1.43e-03         3  4.75e-04  3.99e-04  5.73e-04  cuDeviceGetCount

==37449== Unified Memory profiling result:
Device "Tesla V100-SXM2-16GB (0)"
   Count  Avg Size  Min Size  Max Size  Total Size  Total Time  Name
      28  164.57KB  64.000KB  832.00KB  4.500000MB    0.148736ms  Host To Device
      25         -         -         -           -    3.344960ms  Gpu page fault groups
       2  960.00KB  384.00KB  1.5000MB  1.875000MB           -  Remote mapping to device
Total CPU Page faults: 35
Total remote mappings from CPU: 2
