==76758== NVPROF is profiling process 76758, command: ./cfd_1241 ../../../data/cfd/fvcorr.domn.097K
==76758== Profiling application: ./cfd_1241 ../../../data/cfd/fvcorr.domn.097K
==76758== Profiling result:
            Type  Time(%)      Time     Calls       Avg       Min       Max  Name
                        %        ms                  ms        ms        ms
 GPU activities:    78.04  249.7540      6000  0.041625  0.038080  2.136789  cuda_compute_flux(int, int*, float*, float*, float*)
                    13.05  41.77137      6000  6.96e-03  6.30e-03  9.41e-03  cuda_time_step(int, int, float*, float*, float*, float*)
                     5.67  18.14005      2000  9.07e-03  8.83e-03  0.266078  cuda_compute_step_factor(int, float*, float*, float*)
                     2.92  9.340547      2000  4.67e-03  4.51e-03  0.011488  [CUDA memcpy DtoD]
                     0.32  1.036410         3  0.345470  0.257726  0.421886  cuda_initialize_variables(int, float*)
                     0.00  7.01e-03         5  1.40e-03  1.28e-03  1.79e-03  [CUDA memcpy HtoD]
                     0.00  2.34e-03         1  2.34e-03  2.34e-03  2.34e-03  [CUDA memset]
      API calls:    36.82  226.4330         5  45.28659  0.012232  226.3818  cudaMemcpyToSymbol
                    33.73  207.3958      2000  0.103697  0.029346  2.456313  cudaMemcpy
                    22.73  139.7629     14003  9.98e-03  9.14e-03  0.087169  cudaLaunchKernel
                     3.39  20.87213         7  2.981732  9.18e-03  20.37694  cudaMallocManaged
                     1.17  7.212997     28003  2.57e-04  2.11e-04  0.091756  cudaGetLastError
                     0.83  5.123229       384  0.013341  2.32e-04  0.537778  cuDeviceGetAttribute
                     0.67  4.136995         4  1.034248  1.030375  1.036750  cuDeviceTotalMem
                     0.20  1.219204         1  1.219204  1.219204  1.219204  cudaGetDeviceProperties
                     0.19  1.157046        10  0.115704  1.23e-03  0.384757  cudaFree
                     0.17  1.020815         1  1.020815  1.020815  1.020815  cudaMemset
                     0.07  0.423307         4  0.105826  0.102615  0.107504  cuDeviceGetName
                     0.02  0.106850         2  0.053425  9.36e-03  0.097489  cudaThreadSynchronize
                     0.00  0.023420         3  7.81e-03  4.27e-03  0.011146  cudaMemAdvise
                     0.00  0.013710         4  3.43e-03  1.13e-03  9.11e-03  cuDeviceGetPCIBusId
                     0.00  0.011591         1  0.011591  0.011591  0.011591  cudaSetDevice
                     0.00  3.21e-03         8  4.01e-04  3.02e-04  5.92e-04  cuDeviceGet
                     0.00  1.82e-03         1  1.82e-03  1.82e-03  1.82e-03  cudaGetDevice
                     0.00  1.35e-03         3  4.50e-04  4.04e-04  5.34e-04  cuDeviceGetCount

==76758== Unified Memory profiling result:
Device "Tesla V100-SXM2-16GB (0)"
   Count  Avg Size  Min Size  Max Size  Total Size  Total Time  Name
      28  164.57KB  64.000KB  896.00KB  4.500000MB    0.145472ms  Host To Device
      26         -         -         -           -    3.647808ms  Gpu page fault groups
      11  145.45KB  64.000KB  320.00KB  1.562500MB           -  Remote mapping from device
       1  320.00KB  320.00KB  320.00KB  320.0000KB           -  Remote mapping to device
Total CPU Page faults: 75
Total remote mappings from CPU: 1
Total remote mappings to CPU: 11
