==56987== NVPROF is profiling process 56987, command: ./cfd_0531 ../../../data/cfd/fvcorr.domn.097K
==56987== Profiling application: ./cfd_0531 ../../../data/cfd/fvcorr.domn.097K
==56987== Profiling result:
            Type  Time(%)      Time     Calls       Avg       Min       Max  Name
                        %        ms                  ms        ms        ms
 GPU activities:    74.15  173.8583      6000  0.028976  0.026848  1.473880  cuda_compute_flux(int, int*, float*, float*, float*)
                    18.09  42.42356      6000  7.07e-03  6.24e-03  9.54e-03  cuda_time_step(int, int, float*, float*, float*, float*)
                     4.07  9.547521      2000  4.77e-03  4.58e-03  0.011136  [CUDA memcpy DtoD]
                     3.23  7.574291      2000  3.79e-03  3.39e-03  0.495325  cuda_compute_step_factor(int, float*, float*, float*)
                     0.45  1.056346         3  0.352115  0.300542  0.407614  cuda_initialize_variables(int, float*)
                     0.00  6.82e-03         5  1.36e-03  1.28e-03  1.60e-03  [CUDA memcpy HtoD]
                     0.00  2.34e-03         1  2.34e-03  2.34e-03  2.34e-03  [CUDA memset]
      API calls:    42.27  229.5290         5  45.90579  0.011937  229.4782  cudaMemcpyToSymbol
                    25.42  138.0467     14003  9.86e-03  9.13e-03  0.096411  cudaLaunchKernel
                    24.73  134.2919      2000  0.067145  0.028952  2.021720  cudaMemcpy
                     3.84  20.84307         7  2.977580  9.48e-03  20.39675  cudaMallocManaged
                     1.32  7.185079     28003  2.56e-04  2.12e-04  0.093024  cudaGetLastError
                     0.94  5.102445       384  0.013287  2.33e-04  0.535980  cuDeviceGetAttribute
                     0.76  4.141272         4  1.035318  1.032212  1.039201  cuDeviceTotalMem
                     0.22  1.218519         1  1.218519  1.218519  1.218519  cudaGetDeviceProperties
                     0.19  1.058598         1  1.058598  1.058598  1.058598  cudaMemset
                     0.19  1.023688        10  0.102368  1.29e-03  0.310920  cudaFree
                     0.08  0.421896         4  0.105474  0.102763  0.107672  cuDeviceGetName
                     0.01  0.070844         2  0.035422  0.011121  0.059723  cudaThreadSynchronize
                     0.00  0.021969         3  7.32e-03  4.37e-03  0.010295  cudaMemAdvise
                     0.00  0.012511         4  3.13e-03  1.14e-03  7.69e-03  cuDeviceGetPCIBusId
                     0.00  0.010412         1  0.010412  0.010412  0.010412  cudaSetDevice
                     0.00  3.17e-03         8  3.96e-04  3.02e-04  6.00e-04  cuDeviceGet
                     0.00  1.82e-03         1  1.82e-03  1.82e-03  1.82e-03  cudaGetDevice
                     0.00  1.50e-03         3  4.98e-04  4.07e-04  6.58e-04  cuDeviceGetCount

==56987== Unified Memory profiling result:
Device "Tesla V100-SXM2-16GB (0)"
   Count  Avg Size  Min Size  Max Size  Total Size  Total Time  Name
      36  181.33KB  64.000KB  896.00KB  6.375000MB    0.197376ms  Host To Device
      24         -         -         -           -    3.605888ms  Gpu page fault groups
      14  114.29KB  64.000KB  320.00KB  1.562500MB           -  Remote mapping from device
       3  128.00KB  64.000KB  192.00KB  384.0000KB           -  Remote mapping to device
Total CPU Page faults: 86
Total remote mappings from CPU: 3
Total remote mappings to CPU: 14
