==94604== NVPROF is profiling process 94604, command: ./cfd_1534 ../../../data/cfd/fvcorr.domn.097K
==94604== Profiling application: ./cfd_1534 ../../../data/cfd/fvcorr.domn.097K
==94604== Profiling result:
            Type  Time(%)      Time     Calls       Avg       Min       Max  Name
                        %        ms                  ms        ms        ms
 GPU activities:    89.72  498.1735      6000  0.083028  0.080191  1.877334  cuda_compute_flux(int, int*, float*, float*, float*)
                     6.97  38.67628      6000  6.45e-03  5.73e-03  9.28e-03  cuda_time_step(int, int, float*, float*, float*, float*)
                     1.83  10.15731      2000  5.08e-03  4.54e-03  0.010880  [CUDA memcpy DtoD]
                     1.32  7.326236      2000  3.66e-03  3.36e-03  0.317310  cuda_compute_step_factor(int, float*, float*, float*)
                     0.17  0.937627         3  0.312542  0.247390  0.423646  cuda_initialize_variables(int, float*)
                     0.00  6.82e-03         5  1.36e-03  1.28e-03  1.60e-03  [CUDA memcpy HtoD]
                     0.00  2.34e-03         1  2.34e-03  2.34e-03  2.34e-03  [CUDA memset]
      API calls:    52.41  452.9348      2000  0.226467  0.043952  2.329318  cudaMemcpy
                    26.57  229.5965         5  45.91931  0.012160  229.5456  cudaMemcpyToSymbol
                    16.24  140.3481     14003  0.010022  9.17e-03  0.283380  cudaLaunchKernel
                     2.41  20.84037         7  2.977195  0.010084  20.41136  cudaMallocManaged
                     0.83  7.164253     28003  2.55e-04  2.13e-04  0.090239  cudaGetLastError
                     0.59  5.099470       384  0.013279  2.34e-04  0.532915  cuDeviceGetAttribute
                     0.48  4.154866         4  1.038716  1.035090  1.041109  cuDeviceTotalMem
                     0.14  1.233288        10  0.123328  1.26e-03  0.448521  cudaFree
                     0.14  1.219606         1  1.219606  1.219606  1.219606  cudaGetDeviceProperties
                     0.11  0.955109         1  0.955109  0.955109  0.955109  cudaMemset
                     0.05  0.424049         4  0.106012  0.103840  0.107284  cuDeviceGetName
                     0.03  0.227652         2  0.113826  9.88e-03  0.217777  cudaThreadSynchronize
                     0.00  0.024357         3  8.12e-03  5.88e-03  0.011150  cudaMemAdvise
                     0.00  0.015525         4  3.88e-03  1.14e-03  0.010886  cuDeviceGetPCIBusId
                     0.00  0.012355         1  0.012355  0.012355  0.012355  cudaSetDevice
                     0.00  3.07e-03         8  3.83e-04  3.01e-04  5.69e-04  cuDeviceGet
                     0.00  1.87e-03         3  6.23e-04  4.10e-04  7.60e-04  cuDeviceGetCount
                     0.00  1.83e-03         1  1.83e-03  1.83e-03  1.83e-03  cudaGetDevice

==94604== Unified Memory profiling result:
Device "Tesla V100-SXM2-16GB (0)"
   Count  Avg Size  Min Size  Max Size  Total Size  Total Time  Name
      13  147.69KB  64.000KB  384.00KB  1.875000MB    0.062464ms  Host To Device
      26         -         -         -           -    3.304448ms  Gpu page fault groups
      49  126.69KB  64.000KB  320.00KB  6.062500MB           -  Remote mapping from device
       2  192.00KB  64.000KB  320.00KB  384.0000KB           -  Remote mapping to device
Total CPU Page faults: 17
Total remote mappings from CPU: 2
Total remote mappings to CPU: 49
