==83920== NVPROF is profiling process 83920, command: ./cfd_1350 ../../../data/cfd/missile.domn.0.2M
==83920== Profiling application: ./cfd_1350 ../../../data/cfd/missile.domn.0.2M
==83920== Profiling result:
            Type  Time(%)      Time     Calls       Avg       Min       Max  Name
                        %        ms                  ms        ms        ms
 GPU activities:    67.12  367.2289      6000  0.061204  0.053983  4.577318  cuda_compute_flux(int, int*, float*, float*, float*)
                    22.84  124.9634      6000  0.020827  0.019391  0.022848  cuda_time_step(int, int, float*, float*, float*, float*)
                     5.30  28.99944      2000  0.014499  0.013792  0.017280  [CUDA memcpy DtoD]
                     4.28  23.39775      2000  0.011698  0.010528  0.023583  cuda_compute_step_factor(int, float*, float*, float*)
                     0.46  2.523793         3  0.841264  0.751675  0.899227  cuda_initialize_variables(int, float*)
                     0.00  6.78e-03         5  1.36e-03  1.28e-03  1.57e-03  [CUDA memcpy HtoD]
                     0.00  2.34e-03         1  2.34e-03  2.34e-03  2.34e-03  [CUDA memset]
      API calls:    51.41  429.8111      2000  0.214905  0.051656  4.729963  cudaMemcpy
                    26.92  225.0188         5  45.00375  0.011930  224.9679  cudaMemcpyToSymbol
                    16.54  138.2755     14003  9.87e-03  9.08e-03  0.105059  cudaLaunchKernel
                     2.48  20.69252         7  2.956074  0.015880  20.29232  cudaMallocManaged
                     0.83  6.966921     28003  2.48e-04  2.11e-04  0.083806  cudaGetLastError
                     0.61  5.118419       384  0.013329  2.35e-04  0.532707  cuDeviceGetAttribute
                     0.49  4.135674         4  1.033918  1.030232  1.040882  cuDeviceTotalMem
                     0.32  2.710920         1  2.710920  2.710920  2.710920  cudaMemset
                     0.16  1.367477        10  0.136747  1.25e-03  0.362423  cudaFree
                     0.15  1.225499         1  1.225499  1.225499  1.225499  cudaGetDeviceProperties
                     0.05  0.423540         4  0.105885  0.102453  0.107517  cuDeviceGetName
                     0.03  0.210236         2  0.105118  0.011055  0.199181  cudaThreadSynchronize
                     0.00  0.015740         2  7.87e-03  4.18e-03  0.011558  cudaMemAdvise
                     0.00  0.015587         4  3.90e-03  1.17e-03  0.010925  cuDeviceGetPCIBusId
                     0.00  0.012281         1  0.012281  0.012281  0.012281  cudaSetDevice
                     0.00  3.15e-03         8  3.93e-04  3.01e-04  5.17e-04  cuDeviceGet
                     0.00  1.77e-03         1  1.77e-03  1.77e-03  1.77e-03  cudaGetDevice
                     0.00  1.34e-03         3  4.46e-04  3.45e-04  5.71e-04  cuDeviceGetCount

==83920== Unified Memory profiling result:
Device "Tesla V100-SXM2-16GB (0)"
   Count  Avg Size  Min Size  Max Size  Total Size  Total Time  Name
      83  187.37KB  64.000KB  960.00KB  15.18750MB    0.440896ms  Host To Device
      38         -         -         -           -    7.316096ms  Gpu page fault groups
       5  192.00KB  64.000KB  448.00KB  960.0000KB           -  Remote mapping from device
      11  331.64KB  64.000KB  1.0000MB  3.562500MB           -  Remote mapping to device
Total CPU Page faults: 90
Total remote mappings from CPU: 11
Total remote mappings to CPU: 5
