==95895== NVPROF is profiling process 95895, command: ./cfd_1545 ../../../data/cfd/missile.domn.0.2M
==95895== Profiling application: ./cfd_1545 ../../../data/cfd/missile.domn.0.2M
==95895== Profiling result:
            Type  Time(%)      Time     Calls       Avg       Min       Max  Name
                        %        ms                  ms        ms        ms
 GPU activities:    72.08  462.4913      6000  0.077081  0.070624  4.633893  cuda_compute_flux(int, int*, float*, float*, float*)
                    19.19  123.1170      6000  0.020519  0.019232  0.022527  cuda_time_step(int, int, float*, float*, float*, float*)
                     4.53  29.04299      2000  0.014521  0.013728  0.016832  [CUDA memcpy DtoD]
                     3.78  24.27509      2000  0.012137  0.010528  0.622237  cuda_compute_step_factor(int, float*, float*, float*)
                     0.42  2.718129         3  0.906043  0.816156  1.042170  cuda_initialize_variables(int, float*)
                     0.00  6.82e-03         5  1.36e-03  1.28e-03  1.60e-03  [CUDA memcpy HtoD]
                     0.00  2.37e-03         1  2.37e-03  2.37e-03  2.37e-03  [CUDA memset]
      API calls:    56.39  525.4233      2000  0.262711  0.051811  5.419451  cudaMemcpy
                    24.22  225.6529         5  45.13059  0.012136  225.6025  cudaMemcpyToSymbol
                    14.69  136.9197     14003  9.78e-03  8.97e-03  0.105262  cudaLaunchKernel
                     2.23  20.77746         7  2.968208  0.015707  20.39484  cudaMallocManaged
                     0.77  7.175756     28003  2.56e-04  2.10e-04  0.084657  cudaGetLastError
                     0.55  5.103629       384  0.013290  2.34e-04  0.534504  cuDeviceGetAttribute
                     0.45  4.147874         4  1.036968  1.032793  1.046149  cuDeviceTotalMem
                     0.32  2.997616         1  2.997616  2.997616  2.997616  cudaMemset
                     0.18  1.630763        10  0.163076  1.16e-03  0.479121  cudaFree
                     0.13  1.217809         1  1.217809  1.217809  1.217809  cudaGetDeviceProperties
                     0.05  0.422944         4  0.105736  0.102735  0.107719  cuDeviceGetName
                     0.03  0.253202         2  0.126601  9.27e-03  0.243933  cudaThreadSynchronize
                     0.00  0.020491         3  6.83e-03  4.06e-03  0.010662  cudaMemAdvise
                     0.00  0.017672         4  4.42e-03  1.09e-03  0.012516  cuDeviceGetPCIBusId
                     0.00  0.010767         1  0.010767  0.010767  0.010767  cudaSetDevice
                     0.00  3.09e-03         8  3.85e-04  3.11e-04  5.62e-04  cuDeviceGet
                     0.00  1.56e-03         1  1.56e-03  1.56e-03  1.56e-03  cudaGetDevice
                     0.00  1.43e-03         3  4.78e-04  3.82e-04  6.17e-04  cuDeviceGetCount

==95895== Unified Memory profiling result:
Device "Tesla V100-SXM2-16GB (0)"
   Count  Avg Size  Min Size  Max Size  Total Size  Total Time  Name
      66  180.36KB  64.000KB  960.00KB  11.62500MB    0.343488ms  Host To Device
      52         -         -         -           -    8.544352ms  Gpu page fault groups
      31  117.68KB  64.000KB  448.00KB  3.562500MB           -  Remote mapping from device
      40  297.60KB  64.000KB  1.3750MB  11.62500MB           -  Remote mapping to device
Total CPU Page faults: 72
Total remote mappings from CPU: 40
Total remote mappings to CPU: 31
