==87832== NVPROF is profiling process 87832, command: ./cfd_1425 ../../../data/cfd/missile.domn.0.2M
==87832== Profiling application: ./cfd_1425 ../../../data/cfd/missile.domn.0.2M
==87832== Profiling result:
            Type  Time(%)      Time     Calls       Avg       Min       Max  Name
                        %        ms                  ms        ms        ms
 GPU activities:    64.68  388.9460      6000  0.064824  0.059616  3.519723  cuda_compute_flux(int, int*, float*, float*, float*)
                    23.09  138.8525      6000  0.023142  0.021759  0.025280  cuda_time_step(int, int, float*, float*, float*, float*)
                     6.95  41.80755      2000  0.020903  0.020096  0.679004  cuda_compute_step_factor(int, float*, float*, float*)
                     4.84  29.12005      2000  0.014560  0.013632  0.017024  [CUDA memcpy DtoD]
                     0.44  2.627153         3  0.875717  0.847035  0.926107  cuda_initialize_variables(int, float*)
                     0.00  6.82e-03         5  1.36e-03  1.28e-03  1.60e-03  [CUDA memcpy HtoD]
                     0.00  2.50e-03         1  2.50e-03  2.50e-03  2.50e-03  [CUDA memset]
      API calls:    54.55  486.1701      2000  0.243085  0.051840  4.353589  cudaMemcpy
                    25.26  225.1416         5  45.02832  0.012224  225.0909  cudaMemcpyToSymbol
                    15.30  136.3888     14003  9.74e-03  8.98e-03  0.086412  cudaLaunchKernel
                     2.32  20.70655         7  2.958078  0.016540  20.30699  cudaMallocManaged
                     0.80  7.140411     28003  2.54e-04  2.11e-04  0.097880  cudaGetLastError
                     0.57  5.103076       384  0.013289  2.34e-04  0.533305  cuDeviceGetAttribute
                     0.47  4.152822         4  1.038205  1.035523  1.041383  cuDeviceTotalMem
                     0.32  2.859644         1  2.859644  2.859644  2.859644  cudaMemset
                     0.18  1.604029        10  0.160402  1.21e-03  0.430900  cudaFree
                     0.14  1.227530         1  1.227530  1.227530  1.227530  cudaGetDeviceProperties
                     0.05  0.422115         4  0.105528  0.102502  0.107658  cuDeviceGetName
                     0.03  0.229758         2  0.114879  9.91e-03  0.219850  cudaThreadSynchronize
                     0.00  0.021139         3  7.05e-03  4.56e-03  0.011943  cudaMemAdvise
                     0.00  0.014319         4  3.58e-03  1.17e-03  9.67e-03  cuDeviceGetPCIBusId
                     0.00  0.012767         1  0.012767  0.012767  0.012767  cudaSetDevice
                     0.00  3.18e-03         8  3.97e-04  3.10e-04  5.85e-04  cuDeviceGet
                     0.00  1.76e-03         1  1.76e-03  1.76e-03  1.76e-03  cudaGetDevice
                     0.00  1.48e-03         3  4.94e-04  4.12e-04  6.31e-04  cuDeviceGetCount

==87832== Unified Memory profiling result:
Device "Tesla V100-SXM2-16GB (0)"
   Count  Avg Size  Min Size  Max Size  Total Size  Total Time  Name
      59  185.49KB  64.000KB  768.00KB  10.68750MB    0.334240ms  Host To Device
      43         -         -         -           -    7.045280ms  Gpu page fault groups
       6  160.00KB  64.000KB  256.00KB  960.0000KB           -  Remote mapping from device
      31  470.71KB  64.000KB  2.0000MB  14.25000MB           -  Remote mapping to device
Total CPU Page faults: 68
Total remote mappings from CPU: 31
Total remote mappings to CPU: 6
