==84251== NVPROF is profiling process 84251, command: ./cfd_1352 ../../../data/cfd/missile.domn.0.2M
==84251== Profiling application: ./cfd_1352 ../../../data/cfd/missile.domn.0.2M
==84251== Profiling result:
            Type  Time(%)      Time     Calls       Avg       Min       Max  Name
                        %        ms                  ms        ms        ms
 GPU activities:    74.05  507.9236      6000  0.084653  0.077823  1.898645  cuda_compute_flux(int, int*, float*, float*, float*)
                    17.99  123.4194      6000  0.020569  0.019328  0.022464  cuda_time_step(int, int, float*, float*, float*, float*)
                     4.13  28.34096      2000  0.014170  0.013535  0.017376  [CUDA memcpy DtoD]
                     3.46  23.76124      2000  0.011880  0.010463  0.024128  cuda_compute_step_factor(int, float*, float*, float*)
                     0.37  2.509681         3  0.836560  0.734108  0.983386  cuda_initialize_variables(int, float*)
                     0.00  6.78e-03         5  1.36e-03  1.28e-03  1.60e-03  [CUDA memcpy HtoD]
                     0.00  2.34e-03         1  2.34e-03  2.34e-03  2.34e-03  [CUDA memset]
      API calls:    58.24  569.0668      2000  0.284533  0.051170  2.100058  cudaMemcpy
                    23.09  225.6637         5  45.13274  0.011951  225.6135  cudaMemcpyToSymbol
                    14.17  138.4691     14003  9.89e-03  9.14e-03  0.108273  cudaLaunchKernel
                     2.13  20.77498         7  2.967854  0.015868  20.38380  cudaMallocManaged
                     0.75  7.296239     28003  2.60e-04  2.09e-04  0.094629  cudaGetLastError
                     0.53  5.156091       384  0.013427  2.34e-04  0.546680  cuDeviceGetAttribute
                     0.43  4.214835         4  1.053708  1.035093  1.101017  cuDeviceTotalMem
                     0.28  2.702973         1  2.702973  2.702973  2.702973  cudaMemset
                     0.18  1.789208        10  0.178920  1.33e-03  0.785591  cudaFree
                     0.13  1.222561         1  1.222561  1.222561  1.222561  cudaGetDeviceProperties
                     0.04  0.424934         4  0.106233  0.103184  0.108166  cuDeviceGetName
                     0.03  0.281181         2  0.140590  0.010042  0.271139  cudaThreadSynchronize
                     0.00  0.020397         3  6.80e-03  4.31e-03  0.010221  cudaMemAdvise
                     0.00  0.017246         4  4.31e-03  1.21e-03  0.011575  cuDeviceGetPCIBusId
                     0.00  0.013572         1  0.013572  0.013572  0.013572  cudaSetDevice
                     0.00  3.36e-03         8  4.20e-04  3.20e-04  6.71e-04  cuDeviceGet
                     0.00  2.19e-03         1  2.19e-03  2.19e-03  2.19e-03  cudaGetDevice
                     0.00  1.64e-03         3  5.45e-04  4.18e-04  7.61e-04  cuDeviceGetCount

==84251== Unified Memory profiling result:
Device "Tesla V100-SXM2-16GB (0)"
   Count  Avg Size  Min Size  Max Size  Total Size  Total Time  Name
      23  200.35KB  64.000KB  960.00KB  4.500000MB    0.124032ms  Host To Device
      32         -         -         -           -    4.618656ms  Gpu page fault groups
       5  192.00KB  64.000KB  448.00KB  960.0000KB           -  Remote mapping from device
      13  1.0962MB  64.000KB  2.0000MB  14.25000MB           -  Remote mapping to device
Total CPU Page faults: 31
Total remote mappings from CPU: 13
Total remote mappings to CPU: 5
