==50438== NVPROF is profiling process 50438, command: ./cfd_0424 ../../../data/cfd/fvcorr.domn.193K
==50438== Profiling application: ./cfd_0424 ../../../data/cfd/fvcorr.domn.193K
==50438== Profiling result:
            Type  Time(%)      Time     Calls       Avg       Min       Max  Name
                        %        ms                  ms        ms        ms
 GPU activities:    85.00  965.0718      6000  0.160845  0.157215  2.075444  cuda_compute_flux(int, int*, float*, float*, float*)
                    10.12  114.8980      6000  0.019149  0.017760  0.021472  cuda_time_step(int, int, float*, float*, float*, float*)
                     2.95  33.54496      2000  0.016772  0.015712  0.684092  cuda_compute_step_factor(int, float*, float*, float*)
                     1.71  19.41908      2000  9.71e-03  9.12e-03  0.012799  [CUDA memcpy DtoD]
                     0.22  2.447409         3  0.815803  0.799003  0.841467  cuda_initialize_variables(int, float*)
                     0.00  6.78e-03         5  1.36e-03  1.28e-03  1.60e-03  [CUDA memcpy HtoD]
                     0.00  2.34e-03         1  2.34e-03  2.34e-03  2.34e-03  [CUDA memset]
      API calls:    71.25  1.02e+03      2000  0.508136  0.047545  3.089283  cudaMemcpy
                    15.81  225.5322         5  45.10643  0.012263  225.4808  cudaMemcpyToSymbol
                     9.87  140.7682     14003  0.010052  9.17e-03  0.123679  cudaLaunchKernel
                     1.45  20.68967         7  2.955667  0.010457  20.29960  cudaMallocManaged
                     0.49  6.937165     28003  2.47e-04  2.09e-04  1.89e-03  cudaGetLastError
                     0.36  5.135154       384  0.013372  2.32e-04  0.562456  cuDeviceGetAttribute
                     0.29  4.141126         4  1.035281  1.033130  1.038925  cuDeviceTotalMem
                     0.19  2.666786         1  2.666786  2.666786  2.666786  cudaMemset
                     0.13  1.922734        10  0.192273  1.29e-03  0.751303  cudaFree
                     0.09  1.216136         1  1.216136  1.216136  1.216136  cudaGetDeviceProperties
                     0.04  0.504623         2  0.252311  9.83e-03  0.494788  cudaThreadSynchronize
                     0.03  0.421070         4  0.105267  0.102528  0.107074  cuDeviceGetName
                     0.00  0.020669         3  6.89e-03  4.13e-03  0.011849  cudaMemAdvise
                     0.00  0.013660         1  0.013660  0.013660  0.013660  cudaSetDevice
                     0.00  0.013247         4  3.31e-03  1.10e-03  8.70e-03  cuDeviceGetPCIBusId
                     0.00  3.16e-03         8  3.94e-04  3.09e-04  5.37e-04  cuDeviceGet
                     0.00  1.50e-03         1  1.50e-03  1.50e-03  1.50e-03  cudaGetDevice
                     0.00  1.41e-03         3  4.70e-04  4.04e-04  5.84e-04  cuDeviceGetCount

==50438== Unified Memory profiling result:
Device "Tesla V100-SXM2-16GB (0)"
   Count  Avg Size  Min Size  Max Size  Total Size  Total Time  Name
      46         -         -         -           -    5.449088ms  Gpu page fault groups
      90  109.51KB  64.000KB  320.00KB  9.625000MB           -  Remote mapping from device
       2  1.5000MB  1.0000MB  2.0000MB  3.000000MB           -  Remote mapping to device
Total CPU Page faults: 8
Total remote mappings from CPU: 2
Total remote mappings to CPU: 90
