==74544== NVPROF is profiling process 74544, command: ./cfd_1215 ../../../data/cfd/fvcorr.domn.193K
==74544== Profiling application: ./cfd_1215 ../../../data/cfd/fvcorr.domn.193K
==74544== Profiling result:
            Type  Time(%)      Time     Calls       Avg       Min       Max  Name
                        %        ms                  ms        ms        ms
 GPU activities:    67.13  298.0871      6000  0.049681  0.046815  3.722091  cuda_compute_flux(int, int*, float*, float*, float*)
                    23.98  106.4774      6000  0.017746  0.016352  0.019808  cuda_time_step(int, int, float*, float*, float*, float*)
                     4.35  19.33129      2000  9.67e-03  9.15e-03  0.012416  [CUDA memcpy DtoD]
                     4.02  17.84862      2000  8.92e-03  8.42e-03  0.012640  cuda_compute_step_factor(int, float*, float*, float*)
                     0.51  2.271891         3  0.757297  0.693756  0.793980  cuda_initialize_variables(int, float*)
                     0.00  6.85e-03         5  1.37e-03  1.28e-03  1.63e-03  [CUDA memcpy HtoD]
                     0.00  1.86e-03         1  1.86e-03  1.86e-03  1.86e-03  [CUDA memset]
      API calls:    44.96  332.9684      2000  0.166484  0.046053  3.846079  cudaMemcpy
                    30.62  226.7261         5  45.34521  0.012371  226.6749  cudaMemcpyToSymbol
                    18.65  138.0918     14003  9.86e-03  9.14e-03  0.107592  cudaLaunchKernel
                     2.80  20.76896         7  2.966995  0.011135  20.38774  cudaMallocManaged
                     0.94  6.978603     28003  2.49e-04  2.09e-04  5.11e-03  cudaGetLastError
                     0.69  5.116608       384  0.013324  2.32e-04  0.534518  cuDeviceGetAttribute
                     0.56  4.137316         4  1.034329  1.030367  1.039752  cuDeviceTotalMem
                     0.34  2.496084         1  2.496084  2.496084  2.496084  cudaMemset
                     0.19  1.379928        10  0.137992  1.29e-03  0.366297  cudaFree
                     0.17  1.236965         1  1.236965  1.236965  1.236965  cudaGetDeviceProperties
                     0.06  0.431641         4  0.107910  0.103012  0.113597  cuDeviceGetName
                     0.02  0.167150         2  0.083575  0.010771  0.156379  cudaThreadSynchronize
                     0.00  0.020792         3  6.93e-03  4.52e-03  0.011409  cudaMemAdvise
                     0.00  0.014095         1  0.014095  0.014095  0.014095  cudaSetDevice
                     0.00  0.014010         4  3.50e-03  1.21e-03  9.13e-03  cuDeviceGetPCIBusId
                     0.00  3.18e-03         8  3.97e-04  3.00e-04  5.74e-04  cuDeviceGet
                     0.00  1.85e-03         1  1.85e-03  1.85e-03  1.85e-03  cudaGetDevice
                     0.00  1.49e-03         3  4.96e-04  3.88e-04  6.03e-04  cuDeviceGetCount

==74544== Unified Memory profiling result:
Device "Tesla V100-SXM2-16GB (0)"
   Count  Avg Size  Min Size  Max Size  Total Size  Total Time  Name
      60  202.67KB  64.000KB  960.00KB  11.87500MB    0.335488ms  Host To Device
      35         -         -         -           -    6.687840ms  Gpu page fault groups
      26  379.08KB  64.000KB  1.0000MB  9.625000MB           -  Remote mapping to device
Total CPU Page faults: 107
Total remote mappings from CPU: 26
