==55453== NVPROF is profiling process 55453, command: ./cfd_0513 ../../../data/cfd/missile.domn.0.2M
==55453== Profiling application: ./cfd_0513 ../../../data/cfd/missile.domn.0.2M
==55453== Profiling result:
            Type  Time(%)      Time     Calls       Avg       Min       Max  Name
                        %        ms                  ms        ms        ms
 GPU activities:    66.94  362.7612      6000  0.060460  0.052639  3.035855  cuda_compute_flux(int, int*, float*, float*, float*)
                    22.79  123.5231      6000  0.020587  0.019360  0.022464  cuda_time_step(int, int, float*, float*, float*, float*)
                     5.34  28.95730      2000  0.014478  0.013727  0.017312  [CUDA memcpy DtoD]
                     4.45  24.09263      2000  0.012046  0.010400  0.604765  cuda_compute_step_factor(int, float*, float*, float*)
                     0.47  2.573073         3  0.857691  0.787419  0.971867  cuda_initialize_variables(int, float*)
                     0.00  6.88e-03         5  1.38e-03  1.31e-03  1.63e-03  [CUDA memcpy HtoD]
                     0.00  2.34e-03         1  2.34e-03  2.34e-03  2.34e-03  [CUDA memset]
      API calls:    50.35  419.9285      2000  0.209964  0.066062  5.076272  cudaMemcpy
                    27.05  225.5868         5  45.11737  0.011898  225.5364  cudaMemcpyToSymbol
                    17.35  144.7020     14003  0.010333  9.04e-03  0.098727  cudaLaunchKernel
                     2.49  20.78785         7  2.969693  0.019902  20.35238  cudaMallocManaged
                     0.89  7.440656     28003  2.65e-04  2.09e-04  2.01e-03  cudaGetLastError
                     0.62  5.197384       384  0.013534  2.34e-04  0.613234  cuDeviceGetAttribute
                     0.50  4.147208         4  1.036802  1.032338  1.042072  cuDeviceTotalMem
                     0.34  2.821334         1  2.821334  2.821334  2.821334  cudaMemset
                     0.17  1.446770        10  0.144677  1.33e-03  0.415497  cudaFree
                     0.15  1.213865         1  1.213865  1.213865  1.213865  cudaGetDeviceProperties
                     0.05  0.422532         4  0.105633  0.102905  0.108319  cuDeviceGetName
                     0.03  0.211640         2  0.105820  0.014324  0.197316  cudaThreadSynchronize
                     0.00  0.018866         3  6.29e-03  4.16e-03  0.010228  cudaMemAdvise
                     0.00  0.013312         4  3.33e-03  1.20e-03  8.48e-03  cuDeviceGetPCIBusId
                     0.00  0.011855         1  0.011855  0.011855  0.011855  cudaSetDevice
                     0.00  3.01e-03         8  3.76e-04  2.93e-04  5.33e-04  cuDeviceGet
                     0.00  1.76e-03         1  1.76e-03  1.76e-03  1.76e-03  cudaGetDevice
                     0.00  1.46e-03         3  4.87e-04  3.65e-04  6.80e-04  cuDeviceGetCount

==55453== Unified Memory profiling result:
Device "Tesla V100-SXM2-16GB (0)"
   Count  Avg Size  Min Size  Max Size  Total Size  Total Time  Name
      98  158.69KB  64.000KB  896.00KB  15.18750MB    0.485376ms  Host To Device
      38         -         -         -           -    7.782816ms  Gpu page fault groups
      75  145.92KB  64.000KB  512.00KB  10.68750MB           -  Remote mapping from device
       4  240.00KB  64.000KB  640.00KB  960.0000KB           -  Remote mapping to device
Total CPU Page faults: 127
Total remote mappings from CPU: 4
Total remote mappings to CPU: 75
