==60424== NVPROF is profiling process 60424, command: ./cfd_1003 ../../../data/cfd/fvcorr.domn.097K
==60424== Profiling application: ./cfd_1003 ../../../data/cfd/fvcorr.domn.097K
==60424== Profiling result:
            Type  Time(%)      Time     Calls       Avg       Min       Max  Name
                        %        ms                  ms        ms        ms
 GPU activities:    74.11  172.8261      6000  0.028804  0.026975  1.335577  cuda_compute_flux(int, int*, float*, float*, float*)
                    18.15  42.34042      6000  7.06e-03  6.14e-03  8.61e-03  cuda_time_step(int, int, float*, float*, float*, float*)
                     4.09  9.532624      2000  4.77e-03  4.58e-03  0.011520  [CUDA memcpy DtoD]
                     3.19  7.449271      2000  3.72e-03  3.36e-03  0.428733  cuda_compute_step_factor(int, float*, float*, float*)
                     0.45  1.059452         3  0.353150  0.280639  0.410462  cuda_initialize_variables(int, float*)
                     0.00  6.78e-03         5  1.36e-03  1.28e-03  1.60e-03  [CUDA memcpy HtoD]
                     0.00  2.37e-03         1  2.37e-03  2.37e-03  2.37e-03  [CUDA memset]
      API calls:    42.10  225.3986         5  45.07971  0.012381  225.3475  cudaMemcpyToSymbol
                    25.42  136.1110     14003  9.72e-03  8.92e-03  0.102787  cudaLaunchKernel
                    24.87  133.1807      2000  0.066590  0.030673  2.129935  cudaMemcpy
                     3.89  20.82942         7  2.975631  9.60e-03  20.37984  cudaMallocManaged
                     1.29  6.889563     28003  2.46e-04  2.07e-04  0.079261  cudaGetLastError
                     0.96  5.132233       384  0.013365  2.32e-04  0.539719  cuDeviceGetAttribute
                     0.77  4.148887         4  1.037221  1.032410  1.043579  cuDeviceTotalMem
                     0.23  1.229179         1  1.229179  1.229179  1.229179  cudaGetDeviceProperties
                     0.20  1.063731         1  1.063731  1.063731  1.063731  cudaMemset
                     0.17  0.916196        10  0.091619  1.28e-03  0.241244  cudaFree
                     0.08  0.424846         4  0.106211  0.104058  0.107811  cuDeviceGetName
                     0.01  0.069478         2  0.034739  9.99e-03  0.059484  cudaThreadSynchronize
                     0.00  0.016074         1  0.016074  0.016074  0.016074  cudaSetDevice
                     0.00  0.015831         4  3.96e-03  1.25e-03  0.010443  cuDeviceGetPCIBusId
                     0.00  6.44e-03         1  6.44e-03  6.44e-03  6.44e-03  cudaMemAdvise
                     0.00  3.14e-03         8  3.92e-04  3.01e-04  5.74e-04  cuDeviceGet
                     0.00  1.73e-03         1  1.73e-03  1.73e-03  1.73e-03  cudaGetDevice
                     0.00  1.50e-03         3  4.99e-04  4.20e-04  6.50e-04  cuDeviceGetCount

==60424== Unified Memory profiling result:
Device "Tesla V100-SXM2-16GB (0)"
   Count  Avg Size  Min Size  Max Size  Total Size  Total Time  Name
      38  175.16KB  64.000KB  896.00KB  6.500000MB    0.201248ms  Host To Device
      20         -         -         -           -    3.325536ms  Gpu page fault groups
      45  102.40KB  64.000KB  256.00KB  4.500000MB           -  Remote mapping from device
Total CPU Page faults: 46
Total remote mappings to CPU: 45
