==96923== NVPROF is profiling process 96923, command: ./cfd_1555 ../../../data/cfd/fvcorr.domn.097K
==96923== Profiling application: ./cfd_1555 ../../../data/cfd/fvcorr.domn.097K
==96923== Profiling result:
            Type  Time(%)      Time     Calls       Avg       Min       Max  Name
                        %        ms                  ms        ms        ms
 GPU activities:    74.45  172.8301      6000  0.028805  0.026752  2.449906  cuda_compute_flux(int, int*, float*, float*, float*)
                    17.69  41.07521      6000  6.85e-03  6.14e-03  8.61e-03  cuda_time_step(int, int, float*, float*, float*, float*)
                     4.12  9.568808      2000  4.78e-03  4.67e-03  0.011712  [CUDA memcpy DtoD]
                     3.25  7.552788      2000  3.78e-03  3.36e-03  0.497854  cuda_compute_step_factor(int, float*, float*, float*)
                     0.48  1.117594         3  0.372531  0.266623  0.502077  cuda_initialize_variables(int, float*)
                     0.00  6.82e-03         5  1.36e-03  1.28e-03  1.60e-03  [CUDA memcpy HtoD]
                     0.00  2.34e-03         1  2.34e-03  2.34e-03  2.34e-03  [CUDA memset]
      API calls:    42.71  231.5543         5  46.31087  0.012529  231.5031  cudaMemcpyToSymbol
                    25.14  136.2965     14003  9.73e-03  8.87e-03  0.287066  cudaLaunchKernel
                    24.54  133.0329      2000  0.066516  0.029748  2.972486  cudaMemcpy
                     3.84  20.81548         7  2.973640  9.37e-03  20.39321  cudaMallocManaged
                     1.32  7.152201     28003  2.55e-04  2.11e-04  0.078552  cudaGetLastError
                     0.94  5.115195       384  0.013320  2.36e-04  0.535786  cuDeviceGetAttribute
                     0.77  4.174259         4  1.043564  1.035326  1.062985  cuDeviceTotalMem
                     0.23  1.225028         1  1.225028  1.225028  1.225028  cudaGetDeviceProperties
                     0.21  1.129510         1  1.129510  1.129510  1.129510  cudaMemset
                     0.20  1.070425        10  0.107042  1.27e-03  0.347218  cudaFree
                     0.08  0.436898         4  0.109224  0.102727  0.121665  cuDeviceGetName
                     0.01  0.069312         2  0.034656  9.47e-03  0.059845  cudaThreadSynchronize
                     0.00  0.020643         3  6.88e-03  3.86e-03  0.010220  cudaMemAdvise
                     0.00  0.014333         4  3.58e-03  1.14e-03  9.67e-03  cuDeviceGetPCIBusId
                     0.00  0.013512         1  0.013512  0.013512  0.013512  cudaSetDevice
                     0.00  3.09e-03         8  3.86e-04  3.10e-04  5.49e-04  cuDeviceGet
                     0.00  1.66e-03         1  1.66e-03  1.66e-03  1.66e-03  cudaGetDevice
                     0.00  1.48e-03         3  4.94e-04  4.28e-04  6.17e-04  cuDeviceGetCount

==96923== Unified Memory profiling result:
Device "Tesla V100-SXM2-16GB (0)"
   Count  Avg Size  Min Size  Max Size  Total Size  Total Time  Name
      41  159.22KB  64.000KB  896.00KB  6.375000MB    0.206368ms  Host To Device
      27         -         -         -           -    4.268000ms  Gpu page fault groups
      25  261.12KB  64.000KB  960.00KB  6.375000MB           -  Remote mapping to device
Total CPU Page faults: 47
Total remote mappings from CPU: 25
