==36070== NVPROF is profiling process 36070, command: ./cfd_0203 ../../../data/cfd/missile.domn.0.2M
==36070== Profiling application: ./cfd_0203 ../../../data/cfd/missile.domn.0.2M
==36070== Profiling result:
            Type  Time(%)      Time     Calls       Avg       Min       Max  Name
                        %        ms                  ms        ms        ms
 GPU activities:    67.14  363.1665      6000  0.060527  0.052928  4.506405  cuda_compute_flux(int, int*, float*, float*, float*)
                    22.62  122.3711      6000  0.020395  0.018944  0.022336  cuda_time_step(int, int, float*, float*, float*, float*)
                     5.25  28.39312      2000  0.014196  0.013376  0.017216  [CUDA memcpy DtoD]
                     4.49  24.26223      2000  0.012131  0.010624  0.013056  cuda_compute_step_factor(int, float*, float*, float*)
                     0.50  2.686512         3  0.895504  0.816187  0.964346  cuda_initialize_variables(int, float*)
                     0.00  6.82e-03         5  1.36e-03  1.28e-03  1.60e-03  [CUDA memcpy HtoD]
                     0.00  2.34e-03         1  2.34e-03  2.34e-03  2.34e-03  [CUDA memset]
      API calls:    51.01  425.0587      2000  0.212529  0.051570  4.767025  cudaMemcpy
                    27.33  227.7639         5  45.55278  0.013125  227.7103  cudaMemcpyToSymbol
                    16.46  137.1582     14003  9.79e-03  9.04e-03  0.112832  cudaLaunchKernel
                     2.49  20.73553         7  2.962218  0.016547  20.34553  cudaMallocManaged
                     0.85  7.052651     28003  2.51e-04  2.09e-04  0.092395  cudaGetLastError
                     0.62  5.126926       384  0.013351  2.37e-04  0.535588  cuDeviceGetAttribute
                     0.50  4.148795         4  1.037198  1.035142  1.040739  cuDeviceTotalMem
                     0.35  2.944159         1  2.944159  2.944159  2.944159  cudaMemset
                     0.17  1.409687        10  0.140968  1.33e-03  0.383586  cudaFree
                     0.15  1.220983         1  1.220983  1.220983  1.220983  cudaGetDeviceProperties
                     0.05  0.424073         4  0.106018  0.103105  0.108031  cuDeviceGetName
                     0.02  0.206017         2  0.103008  0.010879  0.195138  cudaThreadSynchronize
                     0.00  0.020045         2  0.010022  5.76e-03  0.014288  cudaMemAdvise
                     0.00  0.017407         4  4.35e-03  1.22e-03  0.011728  cuDeviceGetPCIBusId
                     0.00  0.013850         1  0.013850  0.013850  0.013850  cudaSetDevice
                     0.00  3.38e-03         8  4.23e-04  3.06e-04  7.75e-04  cuDeviceGet
                     0.00  2.61e-03         1  2.61e-03  2.61e-03  2.61e-03  cudaGetDevice
                     0.00  1.54e-03         3  5.13e-04  3.53e-04  7.56e-04  cuDeviceGetCount

==36070== Unified Memory profiling result:
Device "Tesla V100-SXM2-16GB (0)"
   Count  Avg Size  Min Size  Max Size  Total Size  Total Time  Name
      98  148.90KB  64.000KB  960.00KB  14.25000MB    0.472160ms  Host To Device
      35         -         -         -           -    7.528160ms  Gpu page fault groups
      75  145.92KB  64.000KB  512.00KB  10.68750MB           -  Remote mapping from device
       1  960.00KB  960.00KB  960.00KB  960.0000KB           -  Remote mapping to device
Total CPU Page faults: 86
Total remote mappings from CPU: 1
Total remote mappings to CPU: 75
