==59109== NVPROF is profiling process 59109, command: ./cfd_0551 ../../../data/cfd/fvcorr.domn.097K
==59109== Profiling application: ./cfd_0551 ../../../data/cfd/fvcorr.domn.097K
==59109== Profiling result:
            Type  Time(%)      Time     Calls       Avg       Min       Max  Name
                        %        ms                  ms        ms        ms
 GPU activities:    74.11  173.4697      6000  0.028911  0.026816  2.281556  cuda_compute_flux(int, int*, float*, float*, float*)
                    18.08  42.32395      6000  7.05e-03  6.18e-03  8.74e-03  cuda_time_step(int, int, float*, float*, float*, float*)
                     4.10  9.600623      2000  4.80e-03  4.61e-03  0.010336  [CUDA memcpy DtoD]
                     3.25  7.617552      2000  3.81e-03  3.42e-03  0.492189  cuda_compute_step_factor(int, float*, float*, float*)
                     0.45  1.044634         3  0.348211  0.297694  0.387614  cuda_initialize_variables(int, float*)
                     0.00  6.78e-03         5  1.36e-03  1.28e-03  1.60e-03  [CUDA memcpy HtoD]
                     0.00  2.34e-03         1  2.34e-03  2.34e-03  2.34e-03  [CUDA memset]
      API calls:    41.86  224.8965         5  44.97930  0.012394  224.8448  cudaMemcpyToSymbol
                    25.65  137.8089     14003  9.84e-03  9.09e-03  0.092235  cudaLaunchKernel
                    24.83  133.3908      2000  0.066695  0.028886  2.800133  cudaMemcpy
                     3.86  20.75173         7  2.964532  9.89e-03  20.31346  cudaMallocManaged
                     1.34  7.225241     28003  2.58e-04  2.13e-04  0.090687  cudaGetLastError
                     0.95  5.103083       384  0.013289  2.34e-04  0.531624  cuDeviceGetAttribute
                     0.77  4.139617         4  1.034904  1.029382  1.039927  cuDeviceTotalMem
                     0.23  1.218509         1  1.218509  1.218509  1.218509  cudaGetDeviceProperties
                     0.20  1.073179         1  1.073179  1.073179  1.073179  cudaMemset
                     0.20  1.065054        10  0.106505  1.32e-03  0.356077  cudaFree
                     0.08  0.423148         4  0.105787  0.103008  0.108668  cuDeviceGetName
                     0.01  0.069418         2  0.034709  0.011375  0.058043  cudaThreadSynchronize
                     0.00  0.020967         3  6.99e-03  4.38e-03  0.010359  cudaMemAdvise
                     0.00  0.015689         4  3.92e-03  1.12e-03  0.010867  cuDeviceGetPCIBusId
                     0.00  0.011775         1  0.011775  0.011775  0.011775  cudaSetDevice
                     0.00  3.12e-03         8  3.90e-04  2.97e-04  5.27e-04  cuDeviceGet
                     0.00  1.65e-03         1  1.65e-03  1.65e-03  1.65e-03  cudaGetDevice
                     0.00  1.40e-03         3  4.67e-04  3.94e-04  6.04e-04  cuDeviceGetCount

==59109== Unified Memory profiling result:
Device "Tesla V100-SXM2-16GB (0)"
   Count  Avg Size  Min Size  Max Size  Total Size  Total Time  Name
      44  148.36KB  64.000KB  768.00KB  6.375000MB    0.210176ms  Host To Device
      25         -         -         -           -    4.231424ms  Gpu page fault groups
       7  274.29KB  64.000KB  512.00KB  1.875000MB           -  Remote mapping to device
Total CPU Page faults: 86
Total remote mappings from CPU: 7
