==71816== NVPROF is profiling process 71816, command: ./cfd_1151 ../../../data/cfd/missile.domn.0.2M
==71816== Profiling application: ./cfd_1151 ../../../data/cfd/missile.domn.0.2M
==71816== Profiling result:
            Type  Time(%)      Time     Calls       Avg       Min       Max  Name
                        %        ms                  ms        ms        ms
 GPU activities:    67.05  366.1696      6000  0.061028  0.053471  4.134248  cuda_compute_flux(int, int*, float*, float*, float*)
                    22.72  124.0809      6000  0.020680  0.019424  0.022751  cuda_time_step(int, int, float*, float*, float*, float*)
                     5.34  29.17094      2000  0.014585  0.013888  0.016607  [CUDA memcpy DtoD]
                     4.42  24.12649      2000  0.012063  0.010336  0.740700  cuda_compute_step_factor(int, float*, float*, float*)
                     0.47  2.584434         3  0.861478  0.718012  0.946011  cuda_initialize_variables(int, float*)
                     0.00  6.78e-03         5  1.36e-03  1.28e-03  1.60e-03  [CUDA memcpy HtoD]
                     0.00  2.34e-03         1  2.34e-03  2.34e-03  2.34e-03  [CUDA memset]
      API calls:    50.38  430.8367      2000  0.215418  0.051625  5.003323  cudaMemcpy
                    28.53  244.0164         5  48.80328  0.012170  243.9618  cudaMemcpyToSymbol
                    16.03  137.0849     14003  9.79e-03  9.00e-03  0.094917  cudaLaunchKernel
                     2.42  20.69215         7  2.956021  0.016552  20.30668  cudaMallocManaged
                     0.83  7.133859     28003  2.54e-04  2.10e-04  0.093037  cudaGetLastError
                     0.60  5.127082       384  0.013351  2.33e-04  0.534670  cuDeviceGetAttribute
                     0.48  4.140057         4  1.035014  1.031528  1.037371  cuDeviceTotalMem
                     0.33  2.846948         1  2.846948  2.846948  2.846948  cudaMemset
                     0.17  1.422865        10  0.142286  1.25e-03  0.408235  cudaFree
                     0.14  1.215743         1  1.215743  1.215743  1.215743  cudaGetDeviceProperties
                     0.05  0.429684         4  0.107421  0.102809  0.113718  cuDeviceGetName
                     0.02  0.205457         2  0.102728  9.75e-03  0.195704  cudaThreadSynchronize
                     0.00  0.018550         3  6.18e-03  3.81e-03  9.11e-03  cudaMemAdvise
                     0.00  0.015671         4  3.92e-03  1.22e-03  0.010345  cuDeviceGetPCIBusId
                     0.00  0.010298         1  0.010298  0.010298  0.010298  cudaSetDevice
                     0.00  3.22e-03         8  4.02e-04  3.13e-04  5.66e-04  cuDeviceGet
                     0.00  1.68e-03         1  1.68e-03  1.68e-03  1.68e-03  cudaGetDevice
                     0.00  1.41e-03         3  4.71e-04  3.71e-04  5.96e-04  cuDeviceGetCount

==71816== Unified Memory profiling result:
Device "Tesla V100-SXM2-16GB (0)"
   Count  Avg Size  Min Size  Max Size  Total Size  Total Time  Name
      81  192.00KB  64.000KB  768.00KB  15.18750MB    0.435488ms  Host To Device
      43         -         -         -           -    7.734240ms  Gpu page fault groups
       9  405.33KB  128.00KB  1.0000MB  3.562500MB           -  Remote mapping to device
Total CPU Page faults: 206
Total remote mappings from CPU: 9
