==92115== NVPROF is profiling process 92115, command: ./cfd_1510 ../../../data/cfd/missile.domn.0.2M
==92115== Profiling application: ./cfd_1510 ../../../data/cfd/missile.domn.0.2M
==92115== Profiling result:
            Type  Time(%)      Time     Calls       Avg       Min       Max  Name
                        %        ms                  ms        ms        ms
 GPU activities:    66.46  357.8190      6000  0.059636  0.051904  3.890441  cuda_compute_flux(int, int*, float*, float*, float*)
                    23.15  124.6480      6000  0.020774  0.019712  0.022560  cuda_time_step(int, int, float*, float*, float*, float*)
                     5.32  28.66381      2000  0.014331  0.013568  0.017120  [CUDA memcpy DtoD]
                     4.55  24.51608      2000  0.012258  0.010496  0.831196  cuda_compute_step_factor(int, float*, float*, float*)
                     0.51  2.770736         3  0.923578  0.888539  0.964411  cuda_initialize_variables(int, float*)
                     0.00  6.82e-03         5  1.36e-03  1.28e-03  1.60e-03  [CUDA memcpy HtoD]
                     0.00  2.34e-03         1  2.34e-03  2.34e-03  2.34e-03  [CUDA memset]
      API calls:    50.65  419.5244      2000  0.209762  0.051106  4.847312  cudaMemcpy
                    27.36  226.6318         5  45.32637  0.012132  226.5818  cudaMemcpyToSymbol
                    16.73  138.5679     14003  9.90e-03  9.18e-03  0.100456  cudaLaunchKernel
                     2.51  20.76927         7  2.967038  0.015845  20.38060  cudaMallocManaged
                     0.85  7.070548     28003  2.52e-04  2.09e-04  0.103529  cudaGetLastError
                     0.62  5.110743       384  0.013309  2.35e-04  0.535269  cuDeviceGetAttribute
                     0.50  4.167027         4  1.041756  1.035033  1.058210  cuDeviceTotalMem
                     0.37  3.055716         1  3.055716  3.055716  3.055716  cudaMemset
                     0.17  1.399657        10  0.139965  1.32e-03  0.373413  cudaFree
                     0.15  1.230522         1  1.230522  1.230522  1.230522  cudaGetDeviceProperties
                     0.05  0.421964         4  0.105491  0.102791  0.107500  cuDeviceGetName
                     0.02  0.203242         2  0.101621  9.81e-03  0.193436  cudaThreadSynchronize
                     0.00  0.015458         4  3.86e-03  1.15e-03  0.010646  cuDeviceGetPCIBusId
                     0.00  0.015246         2  7.62e-03  4.65e-03  0.010596  cudaMemAdvise
                     0.00  0.010689         1  0.010689  0.010689  0.010689  cudaSetDevice
                     0.00  3.17e-03         8  3.96e-04  2.97e-04  5.81e-04  cuDeviceGet
                     0.00  1.68e-03         1  1.68e-03  1.68e-03  1.68e-03  cudaGetDevice
                     0.00  1.42e-03         3  4.74e-04  4.12e-04  5.90e-04  cuDeviceGetCount

==92115== Unified Memory profiling result:
Device "Tesla V100-SXM2-16GB (0)"
   Count  Avg Size  Min Size  Max Size  Total Size  Total Time  Name
      83  187.37KB  64.000KB  832.00KB  15.18750MB    0.442304ms  Host To Device
      43         -         -         -           -    7.867616ms  Gpu page fault groups
       5  192.00KB  64.000KB  384.00KB  960.0000KB           -  Remote mapping to device
Total CPU Page faults: 127
Total remote mappings from CPU: 5
