==93867== NVPROF is profiling process 93867, command: ./cfd_1525 ../../../data/cfd/fvcorr.domn.193K
==93867== Profiling application: ./cfd_1525 ../../../data/cfd/fvcorr.domn.193K
==93867== Profiling result:
            Type  Time(%)      Time     Calls       Avg       Min       Max  Name
                        %        ms                  ms        ms        ms
 GPU activities:    67.83  306.6822      6000  0.051113  0.048384  2.967631  cuda_compute_flux(int, int*, float*, float*, float*)
                    23.48  106.1496      6000  0.017691  0.016032  0.019776  cuda_time_step(int, int, float*, float*, float*, float*)
                     4.27  19.31731      2000  9.66e-03  9.02e-03  0.012992  [CUDA memcpy DtoD]
                     3.93  17.78559      2000  8.89e-03  8.19e-03  0.375422  cuda_compute_step_factor(int, float*, float*, float*)
                     0.48  2.188723         3  0.729574  0.687260  0.794011  cuda_initialize_variables(int, float*)
                     0.00  6.88e-03         5  1.38e-03  1.31e-03  1.63e-03  [CUDA memcpy HtoD]
                     0.00  1.86e-03         1  1.86e-03  1.86e-03  1.86e-03  [CUDA memset]
      API calls:    45.59  341.0152      2000  0.170507  0.048582  3.417357  cudaMemcpy
                    30.25  226.2284         5  45.24568  0.012380  226.1769  cudaMemcpyToSymbol
                    18.42  137.7501     14003  9.84e-03  9.13e-03  0.293060  cudaLaunchKernel
                     2.79  20.84595         7  2.977993  0.011009  20.32485  cudaMallocManaged
                     0.96  7.161149     28003  2.55e-04  2.12e-04  0.088575  cudaGetLastError
                     0.68  5.111674       384  0.013311  2.34e-04  0.533836  cuDeviceGetAttribute
                     0.55  4.137617         4  1.034404  1.029405  1.038964  cuDeviceTotalMem
                     0.31  2.332632         1  2.332632  2.332632  2.332632  cudaMemset
                     0.20  1.510895        10  0.151089  1.18e-03  0.398369  cudaFree
                     0.16  1.218839         1  1.218839  1.218839  1.218839  cudaGetDeviceProperties
                     0.06  0.421703         4  0.105425  0.102836  0.107324  cuDeviceGetName
                     0.02  0.171281         2  0.085640  0.010502  0.160779  cudaThreadSynchronize
                     0.00  0.020619         3  6.87e-03  4.04e-03  0.010308  cudaMemAdvise
                     0.00  0.013387         4  3.35e-03  1.11e-03  8.76e-03  cuDeviceGetPCIBusId
                     0.00  0.012607         1  0.012607  0.012607  0.012607  cudaSetDevice
                     0.00  3.16e-03         8  3.95e-04  3.10e-04  5.60e-04  cuDeviceGet
                     0.00  1.83e-03         1  1.83e-03  1.83e-03  1.83e-03  cudaGetDevice
                     0.00  1.39e-03         3  4.63e-04  4.06e-04  5.70e-04  cuDeviceGetCount

==93867== Unified Memory profiling result:
Device "Tesla V100-SXM2-16GB (0)"
   Count  Avg Size  Min Size  Max Size  Total Size  Total Time  Name
      59  167.05KB  64.000KB  896.00KB  9.625000MB    0.302016ms  Host To Device
      33         -         -         -           -    5.831904ms  Gpu page fault groups
      33  391.76KB  64.000KB  2.0000MB  12.62500MB           -  Remote mapping to device
Total CPU Page faults: 65
Total remote mappings from CPU: 33
