==89210== NVPROF is profiling process 89210, command: ./cfd_1442 ../../../data/cfd/fvcorr.domn.097K
==89210== Profiling application: ./cfd_1442 ../../../data/cfd/fvcorr.domn.097K
==89210== Profiling result:
            Type  Time(%)      Time     Calls       Avg       Min       Max  Name
                        %        ms                  ms        ms        ms
 GPU activities:    84.85  404.5252      6000  0.067420  0.064575  0.866523  cuda_compute_flux(int, int*, float*, float*, float*)
                     8.37  39.88148      6000  6.65e-03  6.05e-03  7.74e-03  cuda_time_step(int, int, float*, float*, float*, float*)
                     4.60  21.91544      2000  0.010957  0.010687  0.395710  cuda_compute_step_factor(int, float*, float*, float*)
                     1.98  9.449998      2000  4.72e-03  4.48e-03  0.011456  [CUDA memcpy DtoD]
                     0.20  0.960859         3  0.320286  0.247967  0.371838  cuda_initialize_variables(int, float*)
                     0.00  6.82e-03         5  1.36e-03  1.28e-03  1.63e-03  [CUDA memcpy HtoD]
                     0.00  2.34e-03         1  2.34e-03  2.34e-03  2.34e-03  [CUDA memset]
      API calls:    47.19  361.5120      2000  0.180756  0.045932  1.364586  cudaMemcpy
                    29.24  224.0354         5  44.80708  0.012790  223.9828  cudaMemcpyToSymbol
                    18.16  139.1437     14003  9.94e-03  8.27e-03  0.114543  cudaLaunchKernel
                     2.71  20.74453         7  2.963504  9.49e-03  20.30927  cudaMallocManaged
                     0.96  7.328385     28003  2.61e-04  2.11e-04  0.110285  cudaGetLastError
                     0.67  5.120122       384  0.013333  2.33e-04  0.533137  cuDeviceGetAttribute
                     0.54  4.134034         4  1.033508  1.031773  1.035132  cuDeviceTotalMem
                     0.16  1.228544        10  0.122854  1.32e-03  0.419751  cudaFree
                     0.16  1.227261         1  1.227261  1.227261  1.227261  cudaGetDeviceProperties
                     0.13  0.978937         1  0.978937  0.978937  0.978937  cudaMemset
                     0.06  0.424780         4  0.106195  0.104650  0.107677  cuDeviceGetName
                     0.02  0.183976         2  0.091988  9.20e-03  0.174775  cudaThreadSynchronize
                     0.00  0.021845         3  7.28e-03  4.57e-03  0.010592  cudaMemAdvise
                     0.00  0.013440         4  3.36e-03  1.23e-03  8.43e-03  cuDeviceGetPCIBusId
                     0.00  0.012629         1  0.012629  0.012629  0.012629  cudaSetDevice
                     0.00  3.19e-03         8  3.98e-04  3.12e-04  5.64e-04  cuDeviceGet
                     0.00  1.74e-03         1  1.74e-03  1.74e-03  1.74e-03  cudaGetDevice
                     0.00  1.47e-03         3  4.90e-04  3.83e-04  6.42e-04  cuDeviceGetCount

==89210== Unified Memory profiling result:
Device "Tesla V100-SXM2-16GB (0)"
   Count  Avg Size  Min Size  Max Size  Total Size  Total Time  Name
      23         -         -         -           -    2.408896ms  Gpu page fault groups
      10  192.00KB  64.000KB  384.00KB  1.875000MB           -  Remote mapping from device
       3  1.5000MB  512.00KB  2.0000MB  4.500000MB           -  Remote mapping to device
Total CPU Page faults: 5
Total remote mappings from CPU: 3
Total remote mappings to CPU: 10
