==53449== NVPROF is profiling process 53449, command: ./cfd_0453 ../../../data/cfd/fvcorr.domn.193K
==53449== Profiling application: ./cfd_0453 ../../../data/cfd/fvcorr.domn.193K
==53449== Profiling result:
            Type  Time(%)      Time     Calls       Avg       Min       Max  Name
                        %        ms                  ms        ms        ms
 GPU activities:    62.88  298.4902      6000  0.049748  0.047136  2.081972  cuda_compute_flux(int, int*, float*, float*, float*)
                    25.31  120.1431      6000  0.020023  0.017760  0.022528  cuda_time_step(int, int, float*, float*, float*, float*)
                     7.28  34.57767      2000  0.017288  0.016736  0.633212  cuda_compute_step_factor(int, float*, float*, float*)
                     4.07  19.33965      2000  9.67e-03  8.93e-03  0.012384  [CUDA memcpy DtoD]
                     0.45  2.143892         3  0.714630  0.687260  0.747804  cuda_initialize_variables(int, float*)
                     0.00  6.85e-03         5  1.37e-03  1.28e-03  1.63e-03  [CUDA memcpy HtoD]
                     0.00  1.89e-03         1  1.89e-03  1.89e-03  1.89e-03  [CUDA memset]
      API calls:    46.46  357.4986      2000  0.178749  0.047912  2.353979  cudaMemcpy
                    29.89  229.9459         5  45.98919  0.012696  229.8936  cudaMemcpyToSymbol
                    18.11  139.3283     14003  9.95e-03  9.12e-03  0.100922  cudaLaunchKernel
                     2.70  20.78325         7  2.969036  0.011177  20.39269  cudaMallocManaged
                     0.90  6.951981     28003  2.48e-04  2.13e-04  1.29e-03  cudaGetLastError
                     0.67  5.119061       384  0.013330  2.34e-04  0.541703  cuDeviceGetAttribute
                     0.54  4.161269         4  1.040317  1.038523  1.041716  cuDeviceTotalMem
                     0.31  2.359196         1  2.359196  2.359196  2.359196  cudaMemset
                     0.18  1.403117        10  0.140311  1.31e-03  0.348060  cudaFree
                     0.16  1.216745         1  1.216745  1.216745  1.216745  cudaGetDeviceProperties
                     0.05  0.422687         4  0.105671  0.102684  0.108404  cuDeviceGetName
                     0.02  0.177463         2  0.088731  0.010018  0.167445  cudaThreadSynchronize
                     0.00  0.021219         3  7.07e-03  4.13e-03  0.011573  cudaMemAdvise
                     0.00  0.013329         4  3.33e-03  1.15e-03  8.41e-03  cuDeviceGetPCIBusId
                     0.00  0.010064         1  0.010064  0.010064  0.010064  cudaSetDevice
                     0.00  3.11e-03         8  3.88e-04  2.99e-04  5.69e-04  cuDeviceGet
                     0.00  1.81e-03         1  1.81e-03  1.81e-03  1.81e-03  cudaGetDevice
                     0.00  1.39e-03         3  4.62e-04  3.98e-04  5.64e-04  cuDeviceGetCount

==53449== Unified Memory profiling result:
Device "Tesla V100-SXM2-16GB (0)"
   Count  Avg Size  Min Size  Max Size  Total Size  Total Time  Name
      77  157.92KB  64.000KB  896.00KB  11.87500MB    0.424416ms  Host To Device
      34         -         -         -           -    6.567712ms  Gpu page fault groups
      73  135.01KB  64.000KB  448.00KB  9.625000MB           -  Remote mapping from device
       8  384.00KB  128.00KB  1.0000MB  3.000000MB           -  Remote mapping to device
Total CPU Page faults: 80
Total remote mappings from CPU: 8
Total remote mappings to CPU: 73
