==44770== NVPROF is profiling process 44770, command: ./cfd_0330 ../../../data/cfd/missile.domn.0.2M
==44770== Profiling application: ./cfd_0330 ../../../data/cfd/missile.domn.0.2M
==44770== Profiling result:
            Type  Time(%)      Time     Calls       Avg       Min       Max  Name
                        %        ms                  ms        ms        ms
 GPU activities:    67.26  365.1649      6000  0.060860  0.053695  3.719435  cuda_compute_flux(int, int*, float*, float*, float*)
                    22.64  122.9203      6000  0.020486  0.019232  0.023072  cuda_time_step(int, int, float*, float*, float*, float*)
                     5.35  29.03657      2000  0.014518  0.013696  0.017760  [CUDA memcpy DtoD]
                     4.31  23.38992      2000  0.011694  0.010463  0.023040  cuda_compute_step_factor(int, float*, float*, float*)
                     0.44  2.411314         3  0.803771  0.724283  0.960539  cuda_initialize_variables(int, float*)
                     0.00  6.82e-03         5  1.36e-03  1.28e-03  1.60e-03  [CUDA memcpy HtoD]
                     0.00  1.98e-03         1  1.98e-03  1.98e-03  1.98e-03  [CUDA memset]
      API calls:    51.20  426.3019      2000  0.213150  0.051748  4.037721  cudaMemcpy
                    27.12  225.7821         5  45.15643  0.012343  225.7312  cudaMemcpyToSymbol
                    16.54  137.7323     14003  9.83e-03  9.14e-03  0.098451  cudaLaunchKernel
                     2.48  20.67376         7  2.953394  0.015466  20.28714  cudaMallocManaged
                     0.83  6.946600     28003  2.48e-04  2.09e-04  0.095594  cudaGetLastError
                     0.62  5.130216       384  0.013359  2.34e-04  0.534845  cuDeviceGetAttribute
                     0.50  4.191817         4  1.047954  1.030074  1.087997  cuDeviceTotalMem
                     0.31  2.594687         1  2.594687  2.594687  2.594687  cudaMemset
                     0.16  1.322825        10  0.132282  1.25e-03  0.375527  cudaFree
                     0.15  1.217190         1  1.217190  1.217190  1.217190  cudaGetDeviceProperties
                     0.05  0.432443         4  0.108110  0.102250  0.113721  cuDeviceGetName
                     0.02  0.206346         2  0.103173  9.91e-03  0.196438  cudaThreadSynchronize
                     0.00  0.015329         4  3.83e-03  1.12e-03  0.010910  cuDeviceGetPCIBusId
                     0.00  0.015218         2  7.61e-03  4.45e-03  0.010765  cudaMemAdvise
                     0.00  0.010326         1  0.010326  0.010326  0.010326  cudaSetDevice
                     0.00  3.22e-03         8  4.01e-04  3.22e-04  5.37e-04  cuDeviceGet
                     0.00  1.67e-03         1  1.67e-03  1.67e-03  1.67e-03  cudaGetDevice
                     0.00  1.46e-03         3  4.87e-04  3.90e-04  6.28e-04  cuDeviceGetCount

==44770== Unified Memory profiling result:
Device "Tesla V100-SXM2-16GB (0)"
   Count  Avg Size  Min Size  Max Size  Total Size  Total Time  Name
      82  189.66KB  64.000KB  768.00KB  15.18750MB    0.438080ms  Host To Device
      35         -         -         -           -    6.497120ms  Gpu page fault groups
      27  170.67KB  64.000KB  576.00KB  4.500000MB           -  Remote mapping from device
Total CPU Page faults: 90
Total remote mappings to CPU: 27
