==33336== NVPROF is profiling process 33336, command: ./cfd_0140 ../../../data/cfd/fvcorr.domn.193K
==33336== Profiling application: ./cfd_0140 ../../../data/cfd/fvcorr.domn.193K
==33336== Profiling result:
            Type  Time(%)      Time     Calls       Avg       Min       Max  Name
                        %        ms                  ms        ms        ms
 GPU activities:    72.76  386.1106      6000  0.064351  0.060991  3.187982  cuda_compute_flux(int, int*, float*, float*, float*)
                    19.67  104.3961      6000  0.017399  0.016416  0.019296  cuda_time_step(int, int, float*, float*, float*, float*)
                     3.68  19.52488      2000  9.76e-03  9.09e-03  0.013120  [CUDA memcpy DtoD]
                     3.45  18.33398      2000  9.17e-03  8.38e-03  0.504701  cuda_compute_step_factor(int, float*, float*, float*)
                     0.44  2.323667         3  0.774555  0.748443  0.810108  cuda_initialize_variables(int, float*)
                     0.00  6.85e-03         5  1.37e-03  1.31e-03  1.60e-03  [CUDA memcpy HtoD]
                     0.00  1.86e-03         1  1.86e-03  1.86e-03  1.86e-03  [CUDA memset]
      API calls:    50.39  414.7337      2000  0.207366  0.045821  3.828862  cudaMemcpy
                    27.19  223.7885         5  44.75769  0.012907  223.7357  cudaMemcpyToSymbol
                    17.22  141.7260     14003  0.010121  9.08e-03  0.111595  cudaLaunchKernel
                     2.52  20.77952         7  2.968502  0.011502  20.40159  cudaMallocManaged
                     0.82  6.785896     28003  2.42e-04  2.09e-04  5.46e-03  cudaGetLastError
                     0.62  5.125277       384  0.013347  2.36e-04  0.543793  cuDeviceGetAttribute
                     0.50  4.143044         4  1.035761  1.031886  1.037494  cuDeviceTotalMem
                     0.31  2.571624         1  2.571624  2.571624  2.571624  cudaMemset
                     0.17  1.430037        10  0.143003  1.28e-03  0.360860  cudaFree
                     0.15  1.218366         1  1.218366  1.218366  1.218366  cudaGetDeviceProperties
                     0.05  0.423687         4  0.105921  0.102770  0.107777  cuDeviceGetName
                     0.03  0.207015         2  0.103507  9.86e-03  0.197152  cudaThreadSynchronize
                     0.00  0.015679         2  7.84e-03  6.30e-03  9.38e-03  cudaMemAdvise
                     0.00  0.012349         4  3.09e-03  1.22e-03  7.70e-03  cuDeviceGetPCIBusId
                     0.00  0.011800         1  0.011800  0.011800  0.011800  cudaSetDevice
                     0.00  3.23e-03         8  4.03e-04  3.10e-04  5.72e-04  cuDeviceGet
                     0.00  1.74e-03         1  1.74e-03  1.74e-03  1.74e-03  cudaGetDevice
                     0.00  1.50e-03         3  4.98e-04  4.31e-04  6.23e-04  cuDeviceGetCount

==33336== Unified Memory profiling result:
Device "Tesla V100-SXM2-16GB (0)"
   Count  Avg Size  Min Size  Max Size  Total Size  Total Time  Name
      62  158.97KB  64.000KB  896.00KB  9.625000MB    0.304416ms  Host To Device
      41         -         -         -           -    6.301056ms  Gpu page fault groups
      24  128.00KB  64.000KB  256.00KB  3.000000MB           -  Remote mapping from device
Total CPU Page faults: 72
Total remote mappings to CPU: 24
