==72244== NVPROF is profiling process 72244, command: ./cfd_1154 ../../../data/cfd/fvcorr.domn.193K
==72244== Profiling application: ./cfd_1154 ../../../data/cfd/fvcorr.domn.193K
==72244== Profiling result:
            Type  Time(%)      Time     Calls       Avg       Min       Max  Name
                        %        ms                  ms        ms        ms
 GPU activities:    86.41  910.8638      6000  0.151810  0.148863  2.886288  cuda_compute_flux(int, int*, float*, float*, float*)
                     9.78  103.1098      6000  0.017184  0.016288  0.019136  cuda_time_step(int, int, float*, float*, float*, float*)
                     1.85  19.54734      2000  9.77e-03  9.15e-03  0.013279  [CUDA memcpy DtoD]
                     1.71  18.03296      2000  9.02e-03  8.16e-03  0.519517  cuda_compute_step_factor(int, float*, float*, float*)
                     0.24  2.509169         3  0.836389  0.780379  0.896443  cuda_initialize_variables(int, float*)
                     0.00  6.85e-03         5  1.37e-03  1.31e-03  1.60e-03  [CUDA memcpy HtoD]
                     0.00  1.89e-03         1  1.89e-03  1.89e-03  1.89e-03  [CUDA memset]
      API calls:    69.62  939.0553      2000  0.469527  0.048071  3.714127  cudaMemcpy
                    16.68  224.9914         5  44.99828  0.012580  224.9402  cudaMemcpyToSymbol
                    10.45  140.9585     14003  0.010066  9.29e-03  0.122334  cudaLaunchKernel
                     1.54  20.76720         7  2.966743  0.010958  20.38752  cudaMallocManaged
                     0.53  7.095285     28003  2.53e-04  2.11e-04  0.094004  cudaGetLastError
                     0.38  5.129756       384  0.013358  2.36e-04  0.533106  cuDeviceGetAttribute
                     0.31  4.170753         4  1.042688  1.033549  1.059068  cuDeviceTotalMem
                     0.20  2.758750         1  2.758750  2.758750  2.758750  cudaMemset
                     0.13  1.787288        10  0.178728  1.32e-03  0.763982  cudaFree
                     0.09  1.224519         1  1.224519  1.224519  1.224519  cudaGetDeviceProperties
                     0.03  0.470307         2  0.235153  0.010746  0.459561  cudaThreadSynchronize
                     0.03  0.421796         4  0.105449  0.102831  0.107492  cuDeviceGetName
                     0.00  0.021417         3  7.14e-03  5.69e-03  9.97e-03  cudaMemAdvise
                     0.00  0.013501         4  3.38e-03  1.07e-03  8.71e-03  cuDeviceGetPCIBusId
                     0.00  0.011326         1  0.011326  0.011326  0.011326  cudaSetDevice
                     0.00  3.01e-03         8  3.76e-04  3.06e-04  5.53e-04  cuDeviceGet
                     0.00  1.76e-03         1  1.76e-03  1.76e-03  1.76e-03  cudaGetDevice
                     0.00  1.43e-03         3  4.76e-04  4.00e-04  6.03e-04  cuDeviceGetCount

==72244== Unified Memory profiling result:
Device "Tesla V100-SXM2-16GB (0)"
   Count  Avg Size  Min Size  Max Size  Total Size  Total Time  Name
      21  182.86KB  64.000KB  896.00KB  3.750000MB    0.111424ms  Host To Device
      44         -         -         -           -    6.195584ms  Gpu page fault groups
      71  128.00KB  64.000KB  448.00KB  8.875000MB           -  Remote mapping from device
      11  279.27KB  64.000KB  1.0000MB  3.000000MB           -  Remote mapping to device
Total CPU Page faults: 38
Total remote mappings from CPU: 11
Total remote mappings to CPU: 71
