==81169== NVPROF is profiling process 81169, command: ./cfd_1323 ../../../data/cfd/fvcorr.domn.097K
==81169== Profiling application: ./cfd_1323 ../../../data/cfd/fvcorr.domn.097K
==81169== Profiling result:
            Type  Time(%)      Time     Calls       Avg       Min       Max  Name
                        %        ms                  ms        ms        ms
 GPU activities:    74.45  180.6487      6000  0.030108  0.028224  1.222777  cuda_compute_flux(int, int*, float*, float*, float*)
                    18.01  43.70401      6000  7.28e-03  6.37e-03  8.77e-03  cuda_time_step(int, int, float*, float*, float*, float*)
                     3.92  9.511443      2000  4.75e-03  4.64e-03  0.011136  [CUDA memcpy DtoD]
                     3.23  7.831383      2000  3.92e-03  3.81e-03  0.013248  cuda_compute_step_factor(int, float*, float*, float*)
                     0.39  0.948507         3  0.316169  0.255455  0.387006  cuda_initialize_variables(int, float*)
                     0.00  6.82e-03         5  1.36e-03  1.28e-03  1.60e-03  [CUDA memcpy HtoD]
                     0.00  2.34e-03         1  2.34e-03  2.34e-03  2.34e-03  [CUDA memset]
      API calls:    41.19  224.5652         5  44.91303  0.012230  224.5136  cudaMemcpyToSymbol
                    25.90  141.2040      2000  0.070602  0.029175  1.656797  cudaMemcpy
                    25.34  138.1593     14003  9.87e-03  9.03e-03  0.099290  cudaLaunchKernel
                     3.83  20.88644         7  2.983777  9.34e-03  20.37667  cudaMallocManaged
                     1.33  7.226138     28003  2.58e-04  2.10e-04  0.098856  cudaGetLastError
                     0.97  5.274104       384  0.013734  2.33e-04  0.538362  cuDeviceGetAttribute
                     0.76  4.149675         4  1.037418  1.032125  1.046955  cuDeviceTotalMem
                     0.22  1.217552         1  1.217552  1.217552  1.217552  cudaGetDeviceProperties
                     0.20  1.088849        10  0.108884  1.40e-03  0.367795  cudaFree
                     0.17  0.902399         1  0.902399  0.902399  0.902399  cudaMemset
                     0.08  0.422509         4  0.105627  0.102817  0.107729  cuDeviceGetName
                     0.01  0.075541         2  0.037770  9.57e-03  0.065969  cudaThreadSynchronize
                     0.00  0.023976         3  7.99e-03  4.35e-03  0.010457  cudaMemAdvise
                     0.00  0.013779         1  0.013779  0.013779  0.013779  cudaSetDevice
                     0.00  0.013042         4  3.26e-03  1.15e-03  8.34e-03  cuDeviceGetPCIBusId
                     0.00  3.16e-03         8  3.94e-04  3.06e-04  5.39e-04  cuDeviceGet
                     0.00  1.73e-03         1  1.73e-03  1.73e-03  1.73e-03  cudaGetDevice
                     0.00  1.50e-03         3  4.98e-04  4.16e-04  6.29e-04  cuDeviceGetCount

==81169== Unified Memory profiling result:
Device "Tesla V100-SXM2-16GB (0)"
   Count  Avg Size  Min Size  Max Size  Total Size  Total Time  Name
      37  133.19KB  64.000KB  832.00KB  4.812500MB    0.177728ms  Host To Device
      15         -         -         -           -    2.752832ms  Gpu page fault groups
      48  102.67KB  64.000KB  256.00KB  4.812500MB           -  Remote mapping from device
       2  800.00KB  64.000KB  1.5000MB  1.562500MB           -  Remote mapping to device
Total CPU Page faults: 38
Total remote mappings from CPU: 2
Total remote mappings to CPU: 48
