==25955== NVPROF is profiling process 25955, command: ./cfd_0024 ../../../data/cfd/missile.domn.0.2M
==25955== Profiling application: ./cfd_0024 ../../../data/cfd/missile.domn.0.2M
==25955== Profiling result:
            Type  Time(%)      Time     Calls       Avg       Min       Max  Name
                        %        ms                  ms        ms        ms
 GPU activities:    86.51  1.14e+03      6000  0.190635  0.187391  2.891727  cuda_compute_flux(int, int*, float*, float*, float*)
                     9.29  122.8404      6000  0.020473  0.019328  0.022719  cuda_time_step(int, int, float*, float*, float*, float*)
                     2.16  28.53675      2000  0.014268  0.013568  0.017216  [CUDA memcpy DtoD]
                     1.83  24.20654      2000  0.012103  0.010720  0.275902  cuda_compute_step_factor(int, float*, float*, float*)
                     0.21  2.790702         3  0.930234  0.919194  0.950618  cuda_initialize_variables(int, float*)
                     0.00  6.78e-03         5  1.36e-03  1.28e-03  1.60e-03  [CUDA memcpy HtoD]
                     0.00  1.86e-03         1  1.86e-03  1.86e-03  1.86e-03  [CUDA memset]
      API calls:    74.55  1.20e+03      2000  0.600880  0.052395  3.564978  cudaMemcpy
                    13.96  225.0319         5  45.00638  0.011833  224.9819  cudaMemcpyToSymbol
                     8.75  140.9908     14003  0.010068  9.23e-03  0.124041  cudaLaunchKernel
                     1.29  20.76667         7  2.966667  0.016417  20.37204  cudaMallocManaged
                     0.43  7.010404     28003  2.50e-04  2.13e-04  4.35e-03  cudaGetLastError
                     0.32  5.095728       384  0.013270  2.36e-04  0.532477  cuDeviceGetAttribute
                     0.26  4.142299         4  1.035574  1.028776  1.040315  cuDeviceTotalMem
                     0.19  3.069221         1  3.069221  3.069221  3.069221  cudaMemset
                     0.12  1.963805        10  0.196380  1.32e-03  0.901061  cudaFree
                     0.08  1.235461         1  1.235461  1.235461  1.235461  cudaGetDeviceProperties
                     0.04  0.591509         2  0.295754  9.40e-03  0.582109  cudaThreadSynchronize
                     0.03  0.423335         4  0.105833  0.102408  0.109549  cuDeviceGetName
                     0.00  0.014770         4  3.69e-03  1.17e-03  9.87e-03  cuDeviceGetPCIBusId
                     0.00  0.012108         2  6.05e-03  4.51e-03  7.60e-03  cudaMemAdvise
                     0.00  9.60e-03         1  9.60e-03  9.60e-03  9.60e-03  cudaSetDevice
                     0.00  3.08e-03         8  3.85e-04  3.11e-04  5.12e-04  cuDeviceGet
                     0.00  1.68e-03         1  1.68e-03  1.68e-03  1.68e-03  cudaGetDevice
                     0.00  1.43e-03         3  4.76e-04  4.04e-04  6.05e-04  cuDeviceGetCount

==25955== Unified Memory profiling result:
Device "Tesla V100-SXM2-16GB (0)"
   Count  Avg Size  Min Size  Max Size  Total Size  Total Time  Name
       4  256.00KB  64.000KB  640.00KB  1.000000MB    0.026400ms  Host To Device
      51         -         -         -           -    6.234816ms  Gpu page fault groups
     105  104.23KB  64.000KB  320.00KB  10.68750MB           -  Remote mapping from device
       2  1.7813MB  1.5625MB  2.0000MB  3.562500MB           -  Remote mapping to device
Total CPU Page faults: 13
Total remote mappings from CPU: 2
Total remote mappings to CPU: 105
