==80035== NVPROF is profiling process 80035, command: ./cfd_1312 ../../../data/cfd/fvcorr.domn.097K
==80035== Profiling application: ./cfd_1312 ../../../data/cfd/fvcorr.domn.097K
==80035== Profiling result:
            Type  Time(%)      Time     Calls       Avg       Min       Max  Name
                        %        ms                  ms        ms        ms
 GPU activities:    83.95  316.3113      6000  0.052718  0.049856  1.042107  cuda_compute_flux(int, int*, float*, float*, float*)
                    11.43  43.04962      6000  7.17e-03  6.40e-03  8.86e-03  cuda_time_step(int, int, float*, float*, float*, float*)
                     2.46  9.275044      2000  4.64e-03  4.54e-03  0.010752  [CUDA memcpy DtoD]
                     1.90  7.163708      2000  3.58e-03  3.36e-03  0.187934  cuda_compute_step_factor(int, float*, float*, float*)
                     0.26  0.975771         3  0.325257  0.264159  0.428574  cuda_initialize_variables(int, float*)
                     0.00  6.85e-03         5  1.37e-03  1.31e-03  1.60e-03  [CUDA memcpy HtoD]
                     0.00  2.34e-03         1  2.34e-03  2.34e-03  2.34e-03  [CUDA memset]
      API calls:    40.64  276.7494      2000  0.138374  0.043198  1.302598  cudaMemcpy
                    33.01  224.7679         5  44.95357  0.012494  224.7165  cudaMemcpyToSymbol
                    20.30  138.2655     14003  9.87e-03  9.14e-03  0.087829  cudaLaunchKernel
                     3.05  20.76821         7  2.966887  0.010170  20.30940  cudaMallocManaged
                     1.05  7.150757     28003  2.55e-04  2.10e-04  0.089628  cudaGetLastError
                     0.75  5.098230       384  0.013276  2.35e-04  0.531700  cuDeviceGetAttribute
                     0.61  4.140253         4  1.035063  1.030076  1.037269  cuDeviceTotalMem
                     0.18  1.249439         1  1.249439  1.249439  1.249439  cudaGetDeviceProperties
                     0.18  1.193801        10  0.119380  1.33e-03  0.406326  cudaFree
                     0.14  0.980142         1  0.980142  0.980142  0.980142  cudaMemset
                     0.06  0.420979         4  0.105244  0.102365  0.107181  cuDeviceGetName
                     0.02  0.143167         2  0.071583  9.37e-03  0.133795  cudaThreadSynchronize
                     0.00  0.025356         3  8.45e-03  6.25e-03  0.011255  cudaMemAdvise
                     0.00  0.015521         4  3.88e-03  1.17e-03  0.010652  cuDeviceGetPCIBusId
                     0.00  0.014392         1  0.014392  0.014392  0.014392  cudaSetDevice
                     0.00  3.02e-03         8  3.77e-04  3.10e-04  5.57e-04  cuDeviceGet
                     0.00  1.83e-03         1  1.83e-03  1.83e-03  1.83e-03  cudaGetDevice
                     0.00  1.73e-03         3  5.75e-04  4.28e-04  7.32e-04  cuDeviceGetCount

==80035== Unified Memory profiling result:
Device "Tesla V100-SXM2-16GB (0)"
   Count  Avg Size  Min Size  Max Size  Total Size  Total Time  Name
      14  137.14KB  64.000KB  384.00KB  1.875000MB    0.064704ms  Host To Device
      19         -         -         -           -    2.405056ms  Gpu page fault groups
       3  106.67KB  64.000KB  192.00KB  320.0000KB           -  Remote mapping from device
       3  1.5000MB  512.00KB  2.0000MB  4.500000MB           -  Remote mapping to device
Total CPU Page faults: 31
Total remote mappings from CPU: 3
Total remote mappings to CPU: 3
