==25852== NVPROF is profiling process 25852, command: ./cfd_0024 ../../../data/cfd/fvcorr.domn.097K
==25852== Profiling application: ./cfd_0024 ../../../data/cfd/fvcorr.domn.097K
==25852== Profiling result:
            Type  Time(%)      Time     Calls       Avg       Min       Max  Name
                        %        ms                  ms        ms        ms
 GPU activities:    90.59  562.4339      6000  0.093738  0.090752  1.486199  cuda_compute_flux(int, int*, float*, float*, float*)
                     6.20  38.52335      6000  6.42e-03  5.73e-03  7.46e-03  cuda_time_step(int, int, float*, float*, float*, float*)
                     1.65  10.24035      2000  5.12e-03  4.35e-03  0.011488  [CUDA memcpy DtoD]
                     1.37  8.498388      2000  4.25e-03  3.87e-03  0.566941  cuda_compute_step_factor(int, float*, float*, float*)
                     0.19  1.152985         3  0.384328  0.354430  0.416541  cuda_initialize_variables(int, float*)
                     0.00  6.82e-03         5  1.36e-03  1.28e-03  1.60e-03  [CUDA memcpy HtoD]
                     0.00  2.34e-03         1  2.34e-03  2.34e-03  2.34e-03  [CUDA memset]
      API calls:    55.65  515.6640      2000  0.257832  0.045328  2.207717  cudaMemcpy
                    24.50  226.9769         5  45.39538  0.012929  226.9236  cudaMemcpyToSymbol
                    15.36  142.3585     14003  0.010166  9.30e-03  0.198894  cudaLaunchKernel
                     2.25  20.83953         7  2.977075  0.010394  20.38820  cudaMallocManaged
                     0.76  7.031749     28003  2.51e-04  2.13e-04  2.02e-03  cudaGetLastError
                     0.55  5.112930       384  0.013314  2.32e-04  0.533328  cuDeviceGetAttribute
                     0.45  4.174875         4  1.043718  1.033638  1.065893  cuDeviceTotalMem
                     0.14  1.323844        10  0.132384  1.35e-03  0.451414  cudaFree
                     0.13  1.219603         1  1.219603  1.219603  1.219603  cudaGetDeviceProperties
                     0.13  1.167907         1  1.167907  1.167907  1.167907  cudaMemset
                     0.05  0.423817         4  0.105954  0.102547  0.107328  cuDeviceGetName
                     0.03  0.259140         2  0.129570  0.012373  0.246767  cudaThreadSynchronize
                     0.00  0.016886         2  8.44e-03  4.50e-03  0.012386  cudaMemAdvise
                     0.00  0.015125         1  0.015125  0.015125  0.015125  cudaSetDevice
                     0.00  0.014722         4  3.68e-03  1.22e-03  9.70e-03  cuDeviceGetPCIBusId
                     0.00  3.06e-03         8  3.82e-04  3.07e-04  5.57e-04  cuDeviceGet
                     0.00  1.85e-03         1  1.85e-03  1.85e-03  1.85e-03  cudaGetDevice
                     0.00  1.55e-03         3  5.16e-04  4.16e-04  6.81e-04  cuDeviceGetCount

==25852== Unified Memory profiling result:
Device "Tesla V100-SXM2-16GB (0)"
   Count  Avg Size  Min Size  Max Size  Total Size  Total Time  Name
       2  160.00KB  128.00KB  192.00KB  320.0000KB    0.010048ms  Host To Device
      31         -         -         -           -    3.412224ms  Gpu page fault groups
      42  109.71KB  64.000KB  192.00KB  4.500000MB           -  Remote mapping from device
       1  1.5625MB  1.5625MB  1.5625MB  1.562500MB           -  Remote mapping to device
Total CPU Page faults: 7
Total remote mappings from CPU: 1
Total remote mappings to CPU: 42
