==84740== NVPROF is profiling process 84740, command: ./cfd_1355 ../../../data/cfd/missile.domn.0.2M
==84740== Profiling application: ./cfd_1355 ../../../data/cfd/missile.domn.0.2M
==84740== Profiling result:
            Type  Time(%)      Time     Calls       Avg       Min       Max  Name
                        %        ms                  ms        ms        ms
 GPU activities:    67.51  373.0694      6000  0.062178  0.057760  5.026210  cuda_compute_flux(int, int*, float*, float*, float*)
                    22.49  124.2728      6000  0.020712  0.019519  0.022560  cuda_time_step(int, int, float*, float*, float*, float*)
                     5.22  28.86510      2000  0.014432  0.013568  0.017824  [CUDA memcpy DtoD]
                     4.32  23.85871      2000  0.011929  0.011072  0.024416  cuda_compute_step_factor(int, float*, float*, float*)
                     0.47  2.571377         3  0.857125  0.807803  0.950426  cuda_initialize_variables(int, float*)
                     0.00  6.91e-03         5  1.38e-03  1.28e-03  1.73e-03  [CUDA memcpy HtoD]
                     0.00  2.50e-03         1  2.50e-03  2.50e-03  2.50e-03  [CUDA memset]
      API calls:    51.75  436.5711      2000  0.218285  0.052772  5.192413  cudaMemcpy
                    26.80  226.0653         5  45.21306  0.012349  226.0150  cudaMemcpyToSymbol
                    16.34  137.8481     14003  9.84e-03  9.04e-03  0.116531  cudaLaunchKernel
                     2.46  20.75488         7  2.964983  0.016075  20.35889  cudaMallocManaged
                     0.84  7.075119     28003  2.52e-04  2.13e-04  0.037588  cudaGetLastError
                     0.61  5.124106       384  0.013344  2.34e-04  0.533482  cuDeviceGetAttribute
                     0.49  4.168858         4  1.042214  1.033084  1.062823  cuDeviceTotalMem
                     0.33  2.774108         1  2.774108  2.774108  2.774108  cudaMemset
                     0.16  1.392009        10  0.139200  1.30e-03  0.403041  cudaFree
                     0.14  1.216975         1  1.216975  1.216975  1.216975  cudaGetDeviceProperties
                     0.05  0.422734         4  0.105683  0.102741  0.108075  cuDeviceGetName
                     0.02  0.207002         2  0.103501  0.010136  0.196866  cudaThreadSynchronize
                     0.00  0.018205         3  6.07e-03  3.85e-03  0.010087  cudaMemAdvise
                     0.00  0.014568         4  3.64e-03  1.19e-03  9.95e-03  cuDeviceGetPCIBusId
                     0.00  0.013521         1  0.013521  0.013521  0.013521  cudaSetDevice
                     0.00  3.25e-03         8  4.06e-04  3.01e-04  6.38e-04  cuDeviceGet
                     0.00  1.81e-03         1  1.81e-03  1.81e-03  1.81e-03  cudaGetDevice
                     0.00  1.33e-03         3  4.44e-04  3.71e-04  5.76e-04  cuDeviceGetCount

==84740== Unified Memory profiling result:
Device "Tesla V100-SXM2-16GB (0)"
   Count  Avg Size  Min Size  Max Size  Total Size  Total Time  Name
      87  178.76KB  64.000KB  896.00KB  15.18750MB    0.476512ms  Host To Device
      39         -         -         -           -    7.809312ms  Gpu page fault groups
       5  192.00KB  64.000KB  448.00KB  960.0000KB           -  Remote mapping from device
      43  339.35KB  64.000KB  1.0000MB  14.25000MB           -  Remote mapping to device
Total CPU Page faults: 90
Total remote mappings from CPU: 43
Total remote mappings to CPU: 5
