==26774== NVPROF is profiling process 26774, command: ./cfd_0033 ../../../data/cfd/missile.domn.0.2M
==26774== Profiling application: ./cfd_0033 ../../../data/cfd/missile.domn.0.2M
==26774== Profiling result:
            Type  Time(%)      Time     Calls       Avg       Min       Max  Name
                        %        ms                  ms        ms        ms
 GPU activities:    66.99  363.6439      6000  0.060607  0.053504  3.944521  cuda_compute_flux(int, int*, float*, float*, float*)
                    22.83  123.9569      6000  0.020659  0.019488  0.022528  cuda_time_step(int, int, float*, float*, float*, float*)
                     5.36  29.12292      2000  0.014561  0.013824  0.016928  [CUDA memcpy DtoD]
                     4.33  23.51841      2000  0.011759  0.010528  0.192447  cuda_compute_step_factor(int, float*, float*, float*)
                     0.48  2.586737         3  0.862245  0.754172  1.043802  cuda_initialize_variables(int, float*)
                     0.00  6.82e-03         5  1.36e-03  1.28e-03  1.60e-03  [CUDA memcpy HtoD]
                     0.00  2.37e-03         1  2.37e-03  2.37e-03  2.37e-03  [CUDA memset]
      API calls:    51.07  427.5821      2000  0.213791  0.053873  4.451335  cudaMemcpy
                    27.31  228.6834         5  45.73668  0.012699  228.6309  cudaMemcpyToSymbol
                    16.46  137.7766     14003  9.84e-03  9.11e-03  0.094688  cudaLaunchKernel
                     2.48  20.80371         7  2.971958  0.016095  20.40441  cudaMallocManaged
                     0.84  7.018291     28003  2.50e-04  2.09e-04  0.100860  cudaGetLastError
                     0.61  5.140975       384  0.013387  2.34e-04  0.539408  cuDeviceGetAttribute
                     0.49  4.140310         4  1.035077  1.033180  1.036792  cuDeviceTotalMem
                     0.34  2.875843         1  2.875843  2.875843  2.875843  cudaMemset
                     0.15  1.282767        10  0.128276  1.26e-03  0.380916  cudaFree
                     0.15  1.229934         1  1.229934  1.229934  1.229934  cudaGetDeviceProperties
                     0.05  0.424604         4  0.106151  0.102791  0.109027  cuDeviceGetName
                     0.02  0.207534         2  0.103767  0.011036  0.196498  cudaThreadSynchronize
                     0.00  0.014853         4  3.71e-03  1.20e-03  9.65e-03  cuDeviceGetPCIBusId
                     0.00  0.011830         1  0.011830  0.011830  0.011830  cudaSetDevice
                     0.00  0.010743         2  5.37e-03  4.20e-03  6.55e-03  cudaMemAdvise
                     0.00  3.12e-03         8  3.89e-04  3.10e-04  4.98e-04  cuDeviceGet
                     0.00  1.75e-03         1  1.75e-03  1.75e-03  1.75e-03  cudaGetDevice
                     0.00  1.42e-03         3  4.73e-04  3.84e-04  6.33e-04  cuDeviceGetCount

==26774== Unified Memory profiling result:
Device "Tesla V100-SXM2-16GB (0)"
   Count  Avg Size  Min Size  Max Size  Total Size  Total Time  Name
     118  132.34KB  64.000KB  896.00KB  15.25000MB    0.550720ms  Host To Device
      29         -         -         -           -    7.033856ms  Gpu page fault groups
      97  150.43KB  64.000KB  576.00KB  14.25000MB           -  Remote mapping from device
Total CPU Page faults: 90
Total remote mappings to CPU: 97
