==83414== NVPROF is profiling process 83414, command: ./cfd_1343 ../../../data/cfd/missile.domn.0.2M
==83414== Profiling application: ./cfd_1343 ../../../data/cfd/missile.domn.0.2M
==83414== Profiling result:
            Type  Time(%)      Time     Calls       Avg       Min       Max  Name
                        %        ms                  ms        ms        ms
 GPU activities:    72.06  462.4003      6000  0.077066  0.070560  2.396754  cuda_compute_flux(int, int*, float*, float*, float*)
                    19.30  123.8386      6000  0.020639  0.019136  0.022784  cuda_time_step(int, int, float*, float*, float*, float*)
                     4.54  29.12933      2000  0.014564  0.013727  0.017184  [CUDA memcpy DtoD]
                     3.64  23.36450      2000  0.011682  0.010432  0.023456  cuda_compute_step_factor(int, float*, float*, float*)
                     0.46  2.975727         3  0.991909  0.907803  1.081274  cuda_initialize_variables(int, float*)
                     0.00  6.78e-03         5  1.36e-03  1.28e-03  1.60e-03  [CUDA memcpy HtoD]
                     0.00  1.89e-03         1  1.89e-03  1.89e-03  1.89e-03  [CUDA memset]
      API calls:    56.16  523.4705      2000  0.261735  0.051231  2.726577  cudaMemcpy
                    24.15  225.1024         5  45.02049  0.012498  225.0484  cudaMemcpyToSymbol
                    14.98  139.6368     14003  9.97e-03  9.13e-03  0.119037  cudaLaunchKernel
                     2.23  20.78011         7  2.968586  0.016158  20.38808  cudaMallocManaged
                     0.76  7.119735     28003  2.54e-04  2.11e-04  0.108096  cudaGetLastError
                     0.55  5.109504       384  0.013306  2.33e-04  0.533235  cuDeviceGetAttribute
                     0.44  4.140391         4  1.035097  1.029143  1.042129  cuDeviceTotalMem
                     0.34  3.179755         1  3.179755  3.179755  3.179755  cudaMemset
                     0.17  1.537855        10  0.153785  1.31e-03  0.432932  cudaFree
                     0.13  1.215753         1  1.215753  1.215753  1.215753  cudaGetDeviceProperties
                     0.05  0.422225         4  0.105556  0.102590  0.107311  cuDeviceGetName
                     0.03  0.257575         2  0.128787  9.74e-03  0.247831  cudaThreadSynchronize
                     0.00  0.020418         3  6.81e-03  4.20e-03  0.010108  cudaMemAdvise
                     0.00  0.012992         4  3.25e-03  1.15e-03  8.20e-03  cuDeviceGetPCIBusId
                     0.00  0.012048         1  0.012048  0.012048  0.012048  cudaSetDevice
                     0.00  3.12e-03         8  3.89e-04  3.12e-04  5.55e-04  cuDeviceGet
                     0.00  1.59e-03         1  1.59e-03  1.59e-03  1.59e-03  cudaGetDevice
                     0.00  1.36e-03         3  4.53e-04  3.63e-04  6.04e-04  cuDeviceGetCount

==83414== Unified Memory profiling result:
Device "Tesla V100-SXM2-16GB (0)"
   Count  Avg Size  Min Size  Max Size  Total Size  Total Time  Name
      83  143.42KB  64.000KB  896.00KB  11.62500MB    0.527808ms  Host To Device
      44         -         -         -           -    7.155136ms  Gpu page fault groups
     114  136.42KB  64.000KB  512.00KB  15.18750MB           -  Remote mapping from device
Total CPU Page faults: 72
Total remote mappings to CPU: 114
