==48711== NVPROF is profiling process 48711, command: ./cfd_0405 ../../../data/cfd/missile.domn.0.2M
==48711== Profiling application: ./cfd_0405 ../../../data/cfd/missile.domn.0.2M
==48711== Profiling result:
            Type  Time(%)      Time     Calls       Avg       Min       Max  Name
                        %        ms                  ms        ms        ms
 GPU activities:    63.16  363.8289      6000  0.060638  0.053056  4.202952  cuda_compute_flux(int, int*, float*, float*, float*)
                    24.12  138.9644      6000  0.023160  0.021728  0.025056  cuda_time_step(int, int, float*, float*, float*, float*)
                     7.18  41.35137      2000  0.020675  0.019488  0.698652  cuda_compute_step_factor(int, float*, float*, float*)
                     5.06  29.14412      2000  0.014572  0.013760  0.016800  [CUDA memcpy DtoD]
                     0.48  2.770416         3  0.923472  0.865755  0.983258  cuda_initialize_variables(int, float*)
                     0.00  6.85e-03         5  1.37e-03  1.31e-03  1.60e-03  [CUDA memcpy HtoD]
                     0.00  2.34e-03         1  2.34e-03  2.34e-03  2.34e-03  [CUDA memset]
      API calls:    53.13  461.1700      2000  0.230584  0.050873  5.039074  cudaMemcpy
                    26.17  227.1809         5  45.43618  0.012183  227.1298  cudaMemcpyToSymbol
                    15.70  136.2713     14003  9.73e-03  8.95e-03  0.111154  cudaLaunchKernel
                     2.39  20.78395         7  2.969135  0.016277  20.39157  cudaMallocManaged
                     0.81  7.026311     28003  2.50e-04  2.12e-04  1.88e-03  cudaGetLastError
                     0.59  5.119627       384  0.013332  2.34e-04  0.534874  cuDeviceGetAttribute
                     0.48  4.195900         4  1.048975  1.031033  1.095981  cuDeviceTotalMem
                     0.34  2.967813         1  2.967813  2.967813  2.967813  cudaMemset
                     0.16  1.402022        10  0.140202  1.38e-03  0.402945  cudaFree
                     0.14  1.218753         1  1.218753  1.218753  1.218753  cudaGetDeviceProperties
                     0.05  0.422906         4  0.105726  0.102949  0.107836  cuDeviceGetName
                     0.03  0.223481         2  0.111740  0.010619  0.212862  cudaThreadSynchronize
                     0.00  0.016213         2  8.11e-03  4.88e-03  0.011336  cudaMemAdvise
                     0.00  0.015421         4  3.86e-03  1.19e-03  0.010556  cuDeviceGetPCIBusId
                     0.00  0.013623         1  0.013623  0.013623  0.013623  cudaSetDevice
                     0.00  3.10e-03         8  3.87e-04  3.02e-04  5.66e-04  cuDeviceGet
                     0.00  1.81e-03         1  1.81e-03  1.81e-03  1.81e-03  cudaGetDevice
                     0.00  1.54e-03         3  5.13e-04  3.81e-04  6.62e-04  cuDeviceGetCount

==48711== Unified Memory profiling result:
Device "Tesla V100-SXM2-16GB (0)"
   Count  Avg Size  Min Size  Max Size  Total Size  Total Time  Name
      68  214.59KB  64.000KB  896.00KB  14.25000MB    0.387200ms  Host To Device
      46         -         -         -           -    7.880672ms  Gpu page fault groups
       6  160.00KB  64.000KB  256.00KB  960.0000KB           -  Remote mapping from device
      30  364.80KB  64.000KB  1.0000MB  10.68750MB           -  Remote mapping to device
Total CPU Page faults: 86
Total remote mappings from CPU: 30
Total remote mappings to CPU: 6
