==66329== NVPROF is profiling process 66329, command: ./cfd_1101 ../../../data/cfd/fvcorr.domn.097K
==66329== Profiling application: ./cfd_1101 ../../../data/cfd/fvcorr.domn.097K
==66329== Profiling result:
            Type  Time(%)      Time     Calls       Avg       Min       Max  Name
                        %        ms                  ms        ms        ms
 GPU activities:    74.10  172.1696      6000  0.028694  0.026464  2.311411  cuda_compute_flux(int, int*, float*, float*, float*)
                    18.08  42.01637      6000  7.00e-03  6.11e-03  8.45e-03  cuda_time_step(int, int, float*, float*, float*, float*)
                     4.11  9.551755      2000  4.78e-03  4.58e-03  0.011135  [CUDA memcpy DtoD]
                     3.21  7.462748      2000  3.73e-03  3.36e-03  0.470622  cuda_compute_step_factor(int, float*, float*, float*)
                     0.49  1.133306         3  0.377768  0.331327  0.434685  cuda_initialize_variables(int, float*)
                     0.00  6.85e-03         5  1.37e-03  1.31e-03  1.60e-03  [CUDA memcpy HtoD]
                     0.00  2.30e-03         1  2.30e-03  2.30e-03  2.30e-03  [CUDA memset]
      API calls:    42.21  226.3946         5  45.27891  0.012548  226.3428  cudaMemcpyToSymbol
                    25.41  136.3170     14003  9.73e-03  8.95e-03  0.106988  cudaLaunchKernel
                    24.69  132.4251      2000  0.066212  0.029202  2.810483  cudaMemcpy
                     3.89  20.84220         7  2.977457  9.42e-03  20.35869  cudaMallocManaged
                     1.36  7.320034     28003  2.61e-04  2.11e-04  0.094436  cudaGetLastError
                     0.95  5.109218       384  0.013305  2.30e-04  0.534983  cuDeviceGetAttribute
                     0.77  4.130166         4  1.032541  1.030656  1.036154  cuDeviceTotalMem
                     0.23  1.230192         1  1.230192  1.230192  1.230192  cudaGetDeviceProperties
                     0.21  1.100504         1  1.100504  1.100504  1.100504  cudaMemset
                     0.18  0.965271        10  0.096527  1.28e-03  0.243888  cudaFree
                     0.08  0.423385         4  0.105846  0.102829  0.107939  cuDeviceGetName
                     0.01  0.070216         2  0.035108  9.61e-03  0.060607  cudaThreadSynchronize
                     0.00  0.013663         2  6.83e-03  3.96e-03  9.71e-03  cudaMemAdvise
                     0.00  0.013165         1  0.013165  0.013165  0.013165  cudaSetDevice
                     0.00  0.012138         4  3.03e-03  1.18e-03  7.26e-03  cuDeviceGetPCIBusId
                     0.00  3.08e-03         8  3.84e-04  3.11e-04  5.70e-04  cuDeviceGet
                     0.00  1.79e-03         1  1.79e-03  1.79e-03  1.79e-03  cudaGetDevice
                     0.00  1.36e-03         3  4.52e-04  3.79e-04  5.65e-04  cuDeviceGetCount

==66329== Unified Memory profiling result:
Device "Tesla V100-SXM2-16GB (0)"
   Count  Avg Size  Min Size  Max Size  Total Size  Total Time  Name
      41  162.34KB  64.000KB  832.00KB  6.500000MB    0.209088ms  Host To Device
      26         -         -         -           -    4.125344ms  Gpu page fault groups
Total CPU Page faults: 89
