==87282== NVPROF is profiling process 87282, command: ./cfd_1422 ../../../data/cfd/fvcorr.domn.193K
==87282== Profiling application: ./cfd_1422 ../../../data/cfd/fvcorr.domn.193K
==87282== Profiling result:
            Type  Time(%)      Time     Calls       Avg       Min       Max  Name
                        %        ms                  ms        ms        ms
 GPU activities:    73.11  474.1489      6000  0.079024  0.075840  0.670397  cuda_compute_flux(int, int*, float*, float*, float*)
                    18.21  118.0914      6000  0.019681  0.017696  0.021696  cuda_time_step(int, int, float*, float*, float*, float*)
                     5.39  34.94637      2000  0.017473  0.016896  0.563580  cuda_compute_step_factor(int, float*, float*, float*)
                     2.93  19.02594      2000  9.51e-03  8.99e-03  0.012672  [CUDA memcpy DtoD]
                     0.35  2.293715         3  0.764571  0.690556  0.840988  cuda_initialize_variables(int, float*)
                     0.00  6.82e-03         5  1.36e-03  1.28e-03  1.63e-03  [CUDA memcpy HtoD]
                     0.00  1.86e-03         1  1.86e-03  1.86e-03  1.86e-03  [CUDA memset]
      API calls:    56.65  531.5165      2000  0.265758  0.046221  1.407846  cudaMemcpy
                    24.01  225.2744         5  45.05488  0.012701  225.2215  cudaMemcpyToSymbol
                    14.74  138.2511     14003  9.87e-03  9.07e-03  0.124308  cudaLaunchKernel
                     2.20  20.66953         7  2.952789  0.010750  20.28346  cudaMallocManaged
                     0.74  6.981721     28003  2.49e-04  2.11e-04  6.13e-04  cudaGetLastError
                     0.54  5.104033       384  0.013291  2.34e-04  0.534676  cuDeviceGetAttribute
                     0.44  4.132396         4  1.033099  1.027543  1.037728  cuDeviceTotalMem
                     0.27  2.520829         1  2.520829  2.520829  2.520829  cudaMemset
                     0.19  1.815392        10  0.181539  1.37e-03  0.676589  cudaFree
                     0.13  1.217362         1  1.217362  1.217362  1.217362  cudaGetDeviceProperties
                     0.04  0.421623         4  0.105405  0.102842  0.107389  cuDeviceGetName
                     0.03  0.264848         2  0.132424  9.82e-03  0.255026  cudaThreadSynchronize
                     0.00  0.020670         3  6.89e-03  4.48e-03  0.011387  cudaMemAdvise
                     0.00  0.013410         1  0.013410  0.013410  0.013410  cudaSetDevice
                     0.00  0.012580         4  3.15e-03  1.11e-03  8.17e-03  cuDeviceGetPCIBusId
                     0.00  3.25e-03         8  4.06e-04  3.10e-04  6.39e-04  cuDeviceGet
                     0.00  1.65e-03         1  1.65e-03  1.65e-03  1.65e-03  cudaGetDevice
                     0.00  1.46e-03         3  4.87e-04  3.81e-04  6.78e-04  cuDeviceGetCount

==87282== Unified Memory profiling result:
Device "Tesla V100-SXM2-16GB (0)"
   Count  Avg Size  Min Size  Max Size  Total Size  Total Time  Name
      29         -         -         -           -    3.752608ms  Gpu page fault groups
       6  128.00KB  64.000KB  192.00KB  768.0000KB           -  Remote mapping from device
       7  1.6964MB  896.00KB  2.0000MB  11.87500MB           -  Remote mapping to device
Total CPU Page faults: 8
Total remote mappings from CPU: 7
Total remote mappings to CPU: 6
