==81248== NVPROF is profiling process 81248, command: ./cfd_1323 ../../../data/cfd/fvcorr.domn.193K
==81248== Profiling application: ./cfd_1323 ../../../data/cfd/fvcorr.domn.193K
==81248== Profiling result:
            Type  Time(%)      Time     Calls       Avg       Min       Max  Name
                        %        ms                  ms        ms        ms
 GPU activities:    67.84  301.8989      6000  0.050316  0.047552  1.950997  cuda_compute_flux(int, int*, float*, float*, float*)
                    23.38  104.0564      6000  0.017342  0.016000  0.019295  cuda_time_step(int, int, float*, float*, float*, float*)
                     4.35  19.35237      2000  9.68e-03  9.09e-03  0.012544  [CUDA memcpy DtoD]
                     3.90  17.36269      2000  8.68e-03  8.06e-03  0.022400  cuda_compute_step_factor(int, float*, float*, float*)
                     0.53  2.354579         3  0.784859  0.768988  0.810203  cuda_initialize_variables(int, float*)
                     0.00  6.85e-03         5  1.37e-03  1.28e-03  1.63e-03  [CUDA memcpy HtoD]
                     0.00  1.86e-03         1  1.86e-03  1.86e-03  1.86e-03  [CUDA memset]
      API calls:    45.00  332.8076      2000  0.166403  0.046441  3.126932  cudaMemcpy
                    30.45  225.1550         5  45.03100  0.012484  225.1036  cudaMemcpyToSymbol
                    18.73  138.5307     14003  9.89e-03  9.11e-03  0.104357  cudaLaunchKernel
                     2.80  20.70309         7  2.957584  0.011254  20.31777  cudaMallocManaged
                     0.97  7.137748     28003  2.54e-04  2.13e-04  0.094299  cudaGetLastError
                     0.70  5.156473       384  0.013428  2.33e-04  0.553879  cuDeviceGetAttribute
                     0.56  4.143330         4  1.035832  1.032910  1.043505  cuDeviceTotalMem
                     0.35  2.571464         1  2.571464  2.571464  2.571464  cudaMemset
                     0.20  1.463412        10  0.146341  1.36e-03  0.396959  cudaFree
                     0.17  1.225123         1  1.225123  1.225123  1.225123  cudaGetDeviceProperties
                     0.06  0.421384         4  0.105346  0.102644  0.107111  cuDeviceGetName
                     0.02  0.162838         2  0.081419  9.78e-03  0.153059  cudaThreadSynchronize
                     0.00  0.021097         3  7.03e-03  4.17e-03  0.010730  cudaMemAdvise
                     0.00  0.014879         4  3.72e-03  1.22e-03  0.010209  cuDeviceGetPCIBusId
                     0.00  0.010392         1  0.010392  0.010392  0.010392  cudaSetDevice
                     0.00  3.37e-03         8  4.21e-04  3.10e-04  6.13e-04  cuDeviceGet
                     0.00  1.99e-03         1  1.99e-03  1.99e-03  1.99e-03  cudaGetDevice
                     0.00  1.47e-03         3  4.88e-04  3.98e-04  6.23e-04  cuDeviceGetCount

==81248== Unified Memory profiling result:
Device "Tesla V100-SXM2-16GB (0)"
   Count  Avg Size  Min Size  Max Size  Total Size  Total Time  Name
      70  140.80KB  64.000KB  960.00KB  9.625000MB    0.329216ms  Host To Device
      25         -         -         -           -    5.535968ms  Gpu page fault groups
      72  136.89KB  64.000KB  448.00KB  9.625000MB           -  Remote mapping from device
       2  1.5000MB  1.0000MB  2.0000MB  3.000000MB           -  Remote mapping to device
Total CPU Page faults: 65
Total remote mappings from CPU: 2
Total remote mappings to CPU: 72
