==43450== NVPROF is profiling process 43450, command: ./cfd_0314 ../../../data/cfd/missile.domn.0.2M
==43450== Profiling application: ./cfd_0314 ../../../data/cfd/missile.domn.0.2M
==43450== Profiling result:
            Type  Time(%)      Time     Calls       Avg       Min       Max  Name
                        %        ms                  ms        ms        ms
 GPU activities:    85.92  1.08e+03      6000  0.180447  0.177214  3.574155  cuda_compute_flux(int, int*, float*, float*, float*)
                     9.67  121.9155      6000  0.020319  0.019360  0.022560  cuda_time_step(int, int, float*, float*, float*, float*)
                     2.33  29.36685      2000  0.014683  0.013888  0.017088  [CUDA memcpy DtoD]
                     1.86  23.44624      2000  0.011723  0.010560  0.024415  cuda_compute_step_factor(int, float*, float*, float*)
                     0.21  2.708688         3  0.902896  0.844379  0.936986  cuda_initialize_variables(int, float*)
                     0.00  6.85e-03         5  1.37e-03  1.28e-03  1.63e-03  [CUDA memcpy HtoD]
                     0.00  2.34e-03         1  2.34e-03  2.34e-03  2.34e-03  [CUDA memset]
      API calls:    73.48  1.14e+03      2000  0.570229  0.051498  3.974011  cudaMemcpy
                    14.59  226.4285         5  45.28571  0.012605  226.3776  cudaMemcpyToSymbol
                     9.09  141.1497     14003  0.010079  9.26e-03  0.117787  cudaLaunchKernel
                     1.33  20.69901         7  2.957001  0.016038  20.31173  cudaMallocManaged
                     0.46  7.079741     28003  2.52e-04  2.12e-04  0.088484  cudaGetLastError
                     0.33  5.107960       384  0.013301  2.37e-04  0.532015  cuDeviceGetAttribute
                     0.27  4.142005         4  1.035501  1.033183  1.040318  cuDeviceTotalMem
                     0.19  2.905943         1  2.905943  2.905943  2.905943  cudaMemset
                     0.12  1.917627        10  0.191762  1.38e-03  0.917787  cudaFree
                     0.08  1.220944         1  1.220944  1.220944  1.220944  cudaGetDeviceProperties
                     0.04  0.563522         2  0.281761  0.010683  0.552839  cudaThreadSynchronize
                     0.03  0.422976         4  0.105744  0.102571  0.107353  cuDeviceGetName
                     0.00  0.021853         3  7.28e-03  4.46e-03  0.011103  cudaMemAdvise
                     0.00  0.015063         4  3.76e-03  1.18e-03  9.79e-03  cuDeviceGetPCIBusId
                     0.00  0.013418         1  0.013418  0.013418  0.013418  cudaSetDevice
                     0.00  3.12e-03         8  3.89e-04  3.00e-04  5.51e-04  cuDeviceGet
                     0.00  1.80e-03         1  1.80e-03  1.80e-03  1.80e-03  cudaGetDevice
                     0.00  1.43e-03         3  4.78e-04  4.04e-04  6.17e-04  cuDeviceGetCount

==43450== Unified Memory profiling result:
Device "Tesla V100-SXM2-16GB (0)"
   Count  Avg Size  Min Size  Max Size  Total Size  Total Time  Name
      26  177.23KB  64.000KB  832.00KB  4.500000MB    0.129920ms  Host To Device
      46         -         -         -           -    6.478912ms  Gpu page fault groups
     101  117.86KB  64.000KB  448.00KB  11.62500MB           -  Remote mapping from device
Total CPU Page faults: 68
Total remote mappings to CPU: 101
