==35350== NVPROF is profiling process 35350, command: ./cfd_0155 ../../../data/cfd/fvcorr.domn.193K
==35350== Profiling application: ./cfd_0155 ../../../data/cfd/fvcorr.domn.193K
==35350== Profiling result:
            Type  Time(%)      Time     Calls       Avg       Min       Max  Name
                        %        ms                  ms        ms        ms
 GPU activities:    67.58  299.3916      6000  0.049898  0.046880  3.814826  cuda_compute_flux(int, int*, float*, float*, float*)
                    23.58  104.4494      6000  0.017408  0.016319  0.019552  cuda_time_step(int, int, float*, float*, float*, float*)
                     4.30  19.06811      2000  9.53e-03  8.86e-03  0.012992  [CUDA memcpy DtoD]
                     3.99  17.68486      2000  8.84e-03  8.16e-03  0.509565  cuda_compute_step_factor(int, float*, float*, float*)
                     0.54  2.397330         3  0.799110  0.746268  0.860859  cuda_initialize_variables(int, float*)
                     0.00  6.78e-03         5  1.36e-03  1.28e-03  1.60e-03  [CUDA memcpy HtoD]
                     0.00  2.34e-03         1  2.34e-03  2.34e-03  2.34e-03  [CUDA memset]
      API calls:    44.96  331.9806      2000  0.165990  0.047196  4.432172  cudaMemcpy
                    30.47  224.9871         5  44.99742  0.012453  224.9357  cudaMemcpyToSymbol
                    18.73  138.2873     14003  9.88e-03  9.16e-03  0.093096  cudaLaunchKernel
                     2.81  20.77103         7  2.967290  0.011138  20.38946  cudaMallocManaged
                     0.96  7.060208     28003  2.52e-04  2.09e-04  0.096878  cudaGetLastError
                     0.71  5.256832       384  0.013689  2.32e-04  0.532305  cuDeviceGetAttribute
                     0.56  4.147597         4  1.036899  1.034529  1.040805  cuDeviceTotalMem
                     0.36  2.691617         1  2.691617  2.691617  2.691617  cudaMemset
                     0.18  1.340950        10  0.134095  1.36e-03  0.365139  cudaFree
                     0.17  1.225682         1  1.225682  1.225682  1.225682  cudaGetDeviceProperties
                     0.06  0.422419         4  0.105604  0.102555  0.107573  cuDeviceGetName
                     0.02  0.163549         2  0.081774  9.41e-03  0.154137  cudaThreadSynchronize
                     0.00  0.018717         3  6.24e-03  3.98e-03  8.90e-03  cudaMemAdvise
                     0.00  0.014839         4  3.71e-03  1.24e-03  0.010103  cuDeviceGetPCIBusId
                     0.00  0.011923         1  0.011923  0.011923  0.011923  cudaSetDevice
                     0.00  3.13e-03         8  3.91e-04  3.06e-04  6.03e-04  cuDeviceGet
                     0.00  1.81e-03         1  1.81e-03  1.81e-03  1.81e-03  cudaGetDevice
                     0.00  1.50e-03         3  4.99e-04  4.13e-04  6.35e-04  cuDeviceGetCount

==35350== Unified Memory profiling result:
Device "Tesla V100-SXM2-16GB (0)"
   Count  Avg Size  Min Size  Max Size  Total Size  Total Time  Name
      76  170.10KB  64.000KB  960.00KB  12.62500MB    0.389856ms  Host To Device
      36         -         -         -           -    7.005536ms  Gpu page fault groups
      38  320.00KB  64.000KB  1.0000MB  11.87500MB           -  Remote mapping to device
Total CPU Page faults: 91
Total remote mappings from CPU: 38
