==70219== NVPROF is profiling process 70219, command: ./cfd_1134 ../../../data/cfd/fvcorr.domn.097K
==70219== Profiling application: ./cfd_1134 ../../../data/cfd/fvcorr.domn.097K
==70219== Profiling result:
            Type  Time(%)      Time     Calls       Avg       Min       Max  Name
                        %        ms                  ms        ms        ms
 GPU activities:    89.63  497.9199      6000  0.082986  0.080224  1.764055  cuda_compute_flux(int, int*, float*, float*, float*)
                     6.94  38.54774      6000  6.42e-03  5.66e-03  8.96e-03  cuda_time_step(int, int, float*, float*, float*, float*)
                     1.83  10.16542      2000  5.08e-03  4.58e-03  0.011264  [CUDA memcpy DtoD]
                     1.39  7.694230      2000  3.85e-03  3.42e-03  0.581404  cuda_compute_step_factor(int, float*, float*, float*)
                     0.21  1.187419         3  0.395806  0.309311  0.515806  cuda_initialize_variables(int, float*)
                     0.00  6.75e-03         5  1.35e-03  1.28e-03  1.60e-03  [CUDA memcpy HtoD]
                     0.00  2.34e-03         1  2.34e-03  2.34e-03  2.34e-03  [CUDA memset]
      API calls:    52.55  452.5002      2000  0.226250  0.045029  2.480904  cudaMemcpy
                    26.30  226.4721         5  45.29443  0.012175  226.4214  cudaMemcpyToSymbol
                    16.34  140.7152     14003  0.010048  9.29e-03  0.126271  cudaLaunchKernel
                     2.42  20.83491         7  2.976416  9.43e-03  20.38915  cudaMallocManaged
                     0.81  7.008885     28003  2.50e-04  2.13e-04  6.94e-03  cudaGetLastError
                     0.59  5.121420       384  0.013337  2.34e-04  0.532174  cuDeviceGetAttribute
                     0.48  4.144080         4  1.036020  1.029305  1.042574  cuDeviceTotalMem
                     0.14  1.241287        10  0.124128  1.25e-03  0.452865  cudaFree
                     0.14  1.221419         1  1.221419  1.221419  1.221419  cudaGetDeviceProperties
                     0.14  1.194955         1  1.194955  1.194955  1.194955  cudaMemset
                     0.05  0.421741         4  0.105435  0.102278  0.107059  cuDeviceGetName
                     0.03  0.227917         2  0.113958  0.010269  0.217648  cudaThreadSynchronize
                     0.00  0.024012         3  8.00e-03  5.69e-03  9.60e-03  cudaMemAdvise
                     0.00  0.016722         4  4.18e-03  1.13e-03  0.011764  cuDeviceGetPCIBusId
                     0.00  0.013105         1  0.013105  0.013105  0.013105  cudaSetDevice
                     0.00  3.18e-03         8  3.97e-04  3.09e-04  5.58e-04  cuDeviceGet
                     0.00  1.70e-03         1  1.70e-03  1.70e-03  1.70e-03  cudaGetDevice
                     0.00  1.54e-03         3  5.14e-04  3.98e-04  6.42e-04  cuDeviceGetCount

==70219== Unified Memory profiling result:
Device "Tesla V100-SXM2-16GB (0)"
   Count  Avg Size  Min Size  Max Size  Total Size  Total Time  Name
      14  137.14KB  64.000KB  448.00KB  1.875000MB    0.063744ms  Host To Device
      30         -         -         -           -    3.728256ms  Gpu page fault groups
      50  122.88KB  64.000KB  320.00KB  6.000000MB           -  Remote mapping from device
Total CPU Page faults: 19
Total remote mappings to CPU: 50
