==29185== NVPROF is profiling process 29185, command: ./cfd_0055 ../../../data/cfd/fvcorr.domn.193K
==29185== Profiling application: ./cfd_0055 ../../../data/cfd/fvcorr.domn.193K
==29185== Profiling result:
            Type  Time(%)      Time     Calls       Avg       Min       Max  Name
                        %        ms                  ms        ms        ms
 GPU activities:    66.66  293.8508      6000  0.048975  0.046464  3.753035  cuda_compute_flux(int, int*, float*, float*, float*)
                    24.54  108.1764      6000  0.018029  0.016416  0.019776  cuda_time_step(int, int, float*, float*, float*, float*)
                     4.40  19.40001      2000  9.70e-03  9.09e-03  0.013888  [CUDA memcpy DtoD]
                     3.87  17.05777      2000  8.53e-03  7.81e-03  0.157919  cuda_compute_step_factor(int, float*, float*, float*)
                     0.52  2.303346         3  0.767782  0.723580  0.795963  cuda_initialize_variables(int, float*)
                     0.00  6.82e-03         5  1.36e-03  1.28e-03  1.60e-03  [CUDA memcpy HtoD]
                     0.00  1.89e-03         1  1.89e-03  1.89e-03  1.89e-03  [CUDA memset]
      API calls:    44.95  330.4541      2000  0.165227  0.049201  4.018109  cudaMemcpy
                    30.62  225.1471         5  45.02942  0.012840  225.0941  cudaMemcpyToSymbol
                    18.63  136.9856     14003  9.78e-03  9.08e-03  0.097280  cudaLaunchKernel
                     2.82  20.73950         7  2.962785  0.010595  20.35048  cudaMallocManaged
                     0.94  6.906151     28003  2.46e-04  2.09e-04  0.095040  cudaGetLastError
                     0.69  5.101580       384  0.013285  2.34e-04  0.531850  cuDeviceGetAttribute
                     0.57  4.170266         4  1.042566  1.032609  1.067836  cuDeviceTotalMem
                     0.35  2.537449         1  2.537449  2.537449  2.537449  cudaMemset
                     0.18  1.304433        10  0.130443  1.30e-03  0.370528  cudaFree
                     0.17  1.231749         1  1.231749  1.231749  1.231749  cudaGetDeviceProperties
                     0.06  0.421815         4  0.105453  0.102393  0.107826  cuDeviceGetName
                     0.02  0.162645         2  0.081322  9.71e-03  0.152933  cudaThreadSynchronize
                     0.00  0.013275         4  3.32e-03  1.11e-03  8.79e-03  cuDeviceGetPCIBusId
                     0.00  0.011449         2  5.72e-03  4.33e-03  7.12e-03  cudaMemAdvise
                     0.00  0.010775         1  0.010775  0.010775  0.010775  cudaSetDevice
                     0.00  3.17e-03         8  3.96e-04  3.03e-04  5.53e-04  cuDeviceGet
                     0.00  1.78e-03         1  1.78e-03  1.78e-03  1.78e-03  cudaGetDevice
                     0.00  1.39e-03         3  4.63e-04  3.93e-04  5.78e-04  cuDeviceGetCount

==29185== Unified Memory profiling result:
Device "Tesla V100-SXM2-16GB (0)"
   Count  Avg Size  Min Size  Max Size  Total Size  Total Time  Name
      70  188.34KB  64.000KB  896.00KB  12.87500MB    0.382656ms  Host To Device
      36         -         -         -           -    6.490592ms  Gpu page fault groups
      36  337.78KB  64.000KB  1.0000MB  11.87500MB           -  Remote mapping to device
Total CPU Page faults: 84
Total remote mappings from CPU: 36
