==70426== NVPROF is profiling process 70426, command: ./cfd_1135 ../../../data/cfd/fvcorr.domn.193K
==70426== Profiling application: ./cfd_1135 ../../../data/cfd/fvcorr.domn.193K
==70426== Profiling result:
            Type  Time(%)      Time     Calls       Avg       Min       Max  Name
                        %        ms                  ms        ms        ms
 GPU activities:    67.70  298.6983      6000  0.049783  0.047168  3.580268  cuda_compute_flux(int, int*, float*, float*, float*)
                    23.16  102.1975      6000  0.017032  0.016032  0.019040  cuda_time_step(int, int, float*, float*, float*, float*)
                     4.45  19.63940      2000  9.82e-03  9.25e-03  0.013152  [CUDA memcpy DtoD]
                     4.17  18.39778      2000  9.20e-03  8.32e-03  0.510813  cuda_compute_step_factor(int, float*, float*, float*)
                     0.51  2.242419         3  0.747473  0.690524  0.805116  cuda_initialize_variables(int, float*)
                     0.00  6.85e-03         5  1.37e-03  1.31e-03  1.60e-03  [CUDA memcpy HtoD]
                     0.00  1.86e-03         1  1.86e-03  1.86e-03  1.86e-03  [CUDA memset]
      API calls:    44.88  330.4968      2000  0.165248  0.045906  4.195684  cudaMemcpy
                    30.67  225.8383         5  45.16765  0.012277  225.7874  cudaMemcpyToSymbol
                    18.63  137.1900     14003  9.80e-03  9.07e-03  0.105342  cudaLaunchKernel
                     2.81  20.67504         7  2.953577  0.010896  20.29448  cudaMallocManaged
                     0.99  7.261739     28003  2.59e-04  2.13e-04  0.107314  cudaGetLastError
                     0.69  5.111125       384  0.013310  2.34e-04  0.533832  cuDeviceGetAttribute
                     0.56  4.145007         4  1.036251  1.033650  1.038832  cuDeviceTotalMem
                     0.34  2.496096         1  2.496096  2.496096  2.496096  cudaMemset
                     0.18  1.316960        10  0.131696  1.20e-03  0.362561  cudaFree
                     0.17  1.217827         1  1.217827  1.217827  1.217827  cudaGetDeviceProperties
                     0.06  0.427311         4  0.106827  0.103125  0.112199  cuDeviceGetName
                     0.02  0.160438         2  0.080219  9.88e-03  0.150557  cudaThreadSynchronize
                     0.00  0.019071         3  6.36e-03  4.11e-03  9.21e-03  cudaMemAdvise
                     0.00  0.014511         4  3.63e-03  1.17e-03  9.25e-03  cuDeviceGetPCIBusId
                     0.00  0.010775         1  0.010775  0.010775  0.010775  cudaSetDevice
                     0.00  3.10e-03         8  3.87e-04  3.09e-04  5.82e-04  cuDeviceGet
                     0.00  1.79e-03         1  1.79e-03  1.79e-03  1.79e-03  cudaGetDevice
                     0.00  1.43e-03         3  4.76e-04  3.85e-04  6.27e-04  cuDeviceGetCount

==70426== Unified Memory profiling result:
Device "Tesla V100-SXM2-16GB (0)"
   Count  Avg Size  Min Size  Max Size  Total Size  Total Time  Name
      78  165.74KB  64.000KB  960.00KB  12.62500MB    0.392832ms  Host To Device
      33         -         -         -           -    6.608864ms  Gpu page fault groups
      23  133.56KB  64.000KB  448.00KB  3.000000MB           -  Remote mapping from device
      29  313.38KB  64.000KB  1.0000MB  8.875000MB           -  Remote mapping to device
Total CPU Page faults: 91
Total remote mappings from CPU: 29
Total remote mappings to CPU: 23
