==46558== NVPROF is profiling process 46558, command: ./cfd_0345 ../../../data/cfd/missile.domn.0.2M
==46558== Profiling application: ./cfd_0345 ../../../data/cfd/missile.domn.0.2M
==46558== Profiling result:
            Type  Time(%)      Time     Calls       Avg       Min       Max  Name
                        %        ms                  ms        ms        ms
 GPU activities:    72.15  463.0352      6000  0.077172  0.070400  4.308903  cuda_compute_flux(int, int*, float*, float*, float*)
                    19.25  123.5535      6000  0.020592  0.019359  0.022752  cuda_time_step(int, int, float*, float*, float*, float*)
                     4.51  28.96246      2000  0.014481  0.013664  0.017184  [CUDA memcpy DtoD]
                     3.66  23.46060      2000  0.011730  0.010495  0.023680  cuda_compute_step_factor(int, float*, float*, float*)
                     0.43  2.729808         3  0.909936  0.801148  1.099641  cuda_initialize_variables(int, float*)
                     0.00  6.75e-03         5  1.35e-03  1.28e-03  1.60e-03  [CUDA memcpy HtoD]
                     0.00  2.37e-03         1  2.37e-03  2.37e-03  2.37e-03  [CUDA memset]
      API calls:    56.25  524.6790      2000  0.262339  0.051526  4.495142  cudaMemcpy
                    24.30  226.6041         5  45.32082  0.012331  226.5542  cudaMemcpyToSymbol
                    14.77  137.7941     14003  9.84e-03  8.99e-03  0.362860  cudaLaunchKernel
                     2.23  20.79075         7  2.970107  0.016513  20.39731  cudaMallocManaged
                     0.76  7.112674     28003  2.53e-04  2.11e-04  2.07e-03  cudaGetLastError
                     0.55  5.119237       384  0.013331  2.34e-04  0.536029  cuDeviceGetAttribute
                     0.45  4.159481         4  1.039870  1.034962  1.047392  cuDeviceTotalMem
                     0.31  2.914644         1  2.914644  2.914644  2.914644  cudaMemset
                     0.17  1.568316        10  0.156831  1.32e-03  0.445956  cudaFree
                     0.13  1.232963         1  1.232963  1.232963  1.232963  cudaGetDeviceProperties
                     0.05  0.425785         4  0.106446  0.102883  0.108434  cuDeviceGetName
                     0.03  0.250312         2  0.125156  9.71e-03  0.240603  cudaThreadSynchronize
                     0.00  0.021356         3  7.12e-03  4.04e-03  0.010947  cudaMemAdvise
                     0.00  0.013497         4  3.37e-03  1.25e-03  7.99e-03  cuDeviceGetPCIBusId
                     0.00  0.010609         1  0.010609  0.010609  0.010609  cudaSetDevice
                     0.00  3.26e-03         8  4.07e-04  3.00e-04  6.48e-04  cuDeviceGet
                     0.00  1.77e-03         1  1.77e-03  1.77e-03  1.77e-03  cudaGetDevice
                     0.00  1.46e-03         3  4.85e-04  3.86e-04  6.41e-04  cuDeviceGetCount

==46558== Unified Memory profiling result:
Device "Tesla V100-SXM2-16GB (0)"
   Count  Avg Size  Min Size  Max Size  Total Size  Total Time  Name
      63  188.95KB  64.000KB  768.00KB  11.62500MB    0.336096ms  Host To Device
      45         -         -         -           -    7.253216ms  Gpu page fault groups
      33  139.64KB  64.000KB  448.00KB  4.500000MB           -  Remote mapping from device
      29  377.38KB  64.000KB  1.2500MB  10.68750MB           -  Remote mapping to device
Total CPU Page faults: 72
Total remote mappings from CPU: 29
Total remote mappings to CPU: 33
