==52736== NVPROF is profiling process 52736, command: ./cfd_0450 ../../../data/cfd/fvcorr.domn.097K
==52736== Profiling application: ./cfd_0450 ../../../data/cfd/fvcorr.domn.097K
==52736== Profiling result:
            Type  Time(%)      Time     Calls       Avg       Min       Max  Name
                        %        ms                  ms        ms        ms
 GPU activities:    71.88  187.8373      6000  0.031306  0.029056  2.088053  cuda_compute_flux(int, int*, float*, float*, float*)
                    15.59  40.74578      6000  6.79e-03  6.08e-03  8.22e-03  cuda_time_step(int, int, float*, float*, float*, float*)
                     8.43  22.01739      2000  0.011008  0.010720  0.438941  cuda_compute_step_factor(int, float*, float*, float*)
                     3.63  9.484685      2000  4.74e-03  4.61e-03  0.011264  [CUDA memcpy DtoD]
                     0.47  1.215417         3  0.405139  0.252990  0.532221  cuda_initialize_variables(int, float*)
                     0.00  6.78e-03         5  1.36e-03  1.28e-03  1.60e-03  [CUDA memcpy HtoD]
                     0.00  2.34e-03         1  2.34e-03  2.34e-03  2.34e-03  [CUDA memset]
      API calls:    37.12  225.4237         5  45.08475  0.011443  225.3718  cudaMemcpyToSymbol
                    32.47  197.1634     14003  0.014080  9.16e-03  0.104574  cudaLaunchKernel
                    23.59  143.2144      2000  0.071607  0.031147  2.521233  cudaMemcpy
                     3.45  20.97419         7  2.996312  9.32e-03  20.39401  cudaMallocManaged
                     1.19  7.199138     28003  2.57e-04  2.09e-04  0.113566  cudaGetLastError
                     0.84  5.103545       384  0.013290  2.32e-04  0.532971  cuDeviceGetAttribute
                     0.68  4.131164         4  1.032791  1.030582  1.035011  cuDeviceTotalMem
                     0.20  1.223840         1  1.223840  1.223840  1.223840  cudaGetDeviceProperties
                     0.19  1.140176        10  0.114017  1.24e-03  0.445712  cudaFree
                     0.18  1.099283         1  1.099283  1.099283  1.099283  cudaMemset
                     0.07  0.421703         4  0.105425  0.102738  0.107048  cuDeviceGetName
                     0.01  0.073408         2  0.036704  9.45e-03  0.063960  cudaThreadSynchronize
                     0.00  0.018950         2  9.48e-03  7.93e-03  0.011019  cudaMemAdvise
                     0.00  0.013224         4  3.31e-03  1.25e-03  8.20e-03  cuDeviceGetPCIBusId
                     0.00  0.012865         1  0.012865  0.012865  0.012865  cudaSetDevice
                     0.00  3.20e-03         8  4.00e-04  2.95e-04  5.97e-04  cuDeviceGet
                     0.00  1.75e-03         1  1.75e-03  1.75e-03  1.75e-03  cudaGetDevice
                     0.00  1.45e-03         3  4.85e-04  4.10e-04  5.90e-04  cuDeviceGetCount

==52736== Unified Memory profiling result:
Device "Tesla V100-SXM2-16GB (0)"
   Count  Avg Size  Min Size  Max Size  Total Size  Total Time  Name
      36  170.67KB  64.000KB  768.00KB  6.000000MB    0.193056ms  Host To Device
      26         -         -         -           -    3.954976ms  Gpu page fault groups
       3  128.00KB  64.000KB  192.00KB  384.0000KB           -  Remote mapping from device
       5  307.20KB  64.000KB  512.00KB  1.500000MB           -  Remote mapping to device
Total CPU Page faults: 45
Total remote mappings from CPU: 5
Total remote mappings to CPU: 3
