==34751== NVPROF is profiling process 34751, command: ./cfd_0151 ../../../data/cfd/missile.domn.0.2M
==34751== Profiling application: ./cfd_0151 ../../../data/cfd/missile.domn.0.2M
==34751== Profiling result:
            Type  Time(%)      Time     Calls       Avg       Min       Max  Name
                        %        ms                  ms        ms        ms
 GPU activities:    67.26  367.5999      6000  0.061266  0.054048  4.369223  cuda_compute_flux(int, int*, float*, float*, float*)
                    22.53  123.1150      6000  0.020519  0.019104  0.022784  cuda_time_step(int, int, float*, float*, float*, float*)
                     5.31  28.99407      2000  0.014497  0.013664  0.017472  [CUDA memcpy DtoD]
                     4.38  23.95174      2000  0.011975  0.010336  0.549693  cuda_compute_step_factor(int, float*, float*, float*)
                     0.52  2.825263         3  0.941754  0.881050  1.010267  cuda_initialize_variables(int, float*)
                     0.00  6.75e-03         5  1.35e-03  1.28e-03  1.60e-03  [CUDA memcpy HtoD]
                     0.00  2.34e-03         1  2.34e-03  2.34e-03  2.34e-03  [CUDA memset]
      API calls:    50.95  427.2905      2000  0.213645  0.051104  5.050481  cudaMemcpy
                    27.08  227.0669         5  45.41337  0.012467  227.0149  cudaMemcpyToSymbol
                    16.73  140.3471     14003  0.010022  9.10e-03  0.107761  cudaLaunchKernel
                     2.48  20.79981         7  2.971401  0.015479  20.41627  cudaMallocManaged
                     0.88  7.408177     28003  2.64e-04  2.12e-04  0.085147  cudaGetLastError
                     0.61  5.147735       384  0.013405  2.36e-04  0.550103  cuDeviceGetAttribute
                     0.50  4.214940         4  1.053735  1.033596  1.089097  cuDeviceTotalMem
                     0.37  3.065663         1  3.065663  3.065663  3.065663  cudaMemset
                     0.17  1.395645        10  0.139564  1.28e-03  0.390800  cudaFree
                     0.15  1.219725         1  1.219725  1.219725  1.219725  cudaGetDeviceProperties
                     0.05  0.422702         4  0.105675  0.102916  0.107564  cuDeviceGetName
                     0.02  0.207865         2  0.103932  9.50e-03  0.198365  cudaThreadSynchronize
                     0.00  0.021493         3  7.16e-03  3.94e-03  0.011332  cudaMemAdvise
                     0.00  0.016220         1  0.016220  0.016220  0.016220  cudaSetDevice
                     0.00  0.013431         4  3.36e-03  1.33e-03  7.87e-03  cuDeviceGetPCIBusId
                     0.00  3.31e-03         8  4.14e-04  3.16e-04  7.44e-04  cuDeviceGet
                     0.00  2.38e-03         1  2.38e-03  2.38e-03  2.38e-03  cudaGetDevice
                     0.00  1.67e-03         3  5.58e-04  4.22e-04  8.20e-04  cuDeviceGetCount

==34751== Unified Memory profiling result:
Device "Tesla V100-SXM2-16GB (0)"
   Count  Avg Size  Min Size  Max Size  Total Size  Total Time  Name
      76  204.63KB  64.000KB  768.00KB  15.18750MB    0.421856ms  Host To Device
      45         -         -         -           -    7.994880ms  Gpu page fault groups
       9  405.33KB  64.000KB  960.00KB  3.562500MB           -  Remote mapping to device
Total CPU Page faults: 206
Total remote mappings from CPU: 9
