==93229== NVPROF is profiling process 93229, command: ./cfd_1521 ../../../data/cfd/missile.domn.0.2M
==93229== Profiling application: ./cfd_1521 ../../../data/cfd/missile.domn.0.2M
==93229== Profiling result:
            Type  Time(%)      Time     Calls       Avg       Min       Max  Name
                        %        ms                  ms        ms        ms
 GPU activities:    67.15  364.0604      6000  0.060676  0.053119  3.311885  cuda_compute_flux(int, int*, float*, float*, float*)
                    22.58  122.4073      6000  0.020401  0.019360  0.022400  cuda_time_step(int, int, float*, float*, float*, float*)
                     5.23  28.36785      2000  0.014183  0.013408  0.126783  [CUDA memcpy DtoD]
                     4.55  24.67166      2000  0.012335  0.010656  0.590973  cuda_compute_step_factor(int, float*, float*, float*)
                     0.49  2.657361         3  0.885787  0.771995  0.944155  cuda_initialize_variables(int, float*)
                     0.00  6.82e-03         5  1.36e-03  1.28e-03  1.60e-03  [CUDA memcpy HtoD]
                     0.00  2.34e-03         1  2.34e-03  2.34e-03  2.34e-03  [CUDA memset]
      API calls:    51.27  427.3448      2000  0.213672  0.050313  4.036511  cudaMemcpy
                    27.25  227.1484         5  45.42969  0.012013  227.0981  cudaMemcpyToSymbol
                    16.25  135.4924     14003  9.68e-03  8.92e-03  0.168007  cudaLaunchKernel
                     2.49  20.78454         7  2.969219  0.016236  20.39484  cudaMallocManaged
                     0.86  7.130792     28003  2.54e-04  2.11e-04  0.088435  cudaGetLastError
                     0.61  5.123092       384  0.013341  2.36e-04  0.534174  cuDeviceGetAttribute
                     0.50  4.137678         4  1.034419  1.029763  1.043853  cuDeviceTotalMem
                     0.35  2.933093         1  2.933093  2.933093  2.933093  cudaMemset
                     0.19  1.561148        10  0.156114  1.23e-03  0.431088  cudaFree
                     0.15  1.228766         1  1.228766  1.228766  1.228766  cudaGetDeviceProperties
                     0.05  0.424053         4  0.106013  0.103155  0.107713  cuDeviceGetName
                     0.03  0.211841         2  0.105920  0.012291  0.199550  cudaThreadSynchronize
                     0.00  0.021170         3  7.06e-03  4.40e-03  0.010619  cudaMemAdvise
                     0.00  0.012848         4  3.21e-03  1.30e-03  7.37e-03  cuDeviceGetPCIBusId
                     0.00  0.011876         1  0.011876  0.011876  0.011876  cudaSetDevice
                     0.00  3.06e-03         8  3.82e-04  2.98e-04  5.41e-04  cuDeviceGet
                     0.00  1.78e-03         1  1.78e-03  1.78e-03  1.78e-03  cudaGetDevice
                     0.00  1.42e-03         3  4.72e-04  3.91e-04  6.00e-04  cuDeviceGetCount

==93229== Unified Memory profiling result:
Device "Tesla V100-SXM2-16GB (0)"
   Count  Avg Size  Min Size  Max Size  Total Size  Total Time  Name
      60  198.40KB  64.000KB  768.00KB  11.62500MB    0.321536ms  Host To Device
      41         -         -         -           -    6.842976ms  Gpu page fault groups
       6  768.00KB  64.000KB  2.0000MB  4.500000MB           -  Remote mapping to device
Total CPU Page faults: 178
Total remote mappings from CPU: 6
