==92594== NVPROF is profiling process 92594, command: ./cfd_1513 ../../../data/cfd/missile.domn.0.2M
==92594== Profiling application: ./cfd_1513 ../../../data/cfd/missile.domn.0.2M
==92594== Profiling result:
            Type  Time(%)      Time     Calls       Avg       Min       Max  Name
                        %        ms                  ms        ms        ms
 GPU activities:    67.08  364.6010      6000  0.060766  0.053472  3.258701  cuda_compute_flux(int, int*, float*, float*, float*)
                    22.65  123.1120      6000  0.020518  0.019359  0.022592  cuda_time_step(int, int, float*, float*, float*, float*)
                     5.34  29.03366      2000  0.014516  0.013696  0.017312  [CUDA memcpy DtoD]
                     4.46  24.23496      2000  0.012117  0.010368  0.784028  cuda_compute_step_factor(int, float*, float*, float*)
                     0.46  2.502578         3  0.834192  0.714876  1.007610  cuda_initialize_variables(int, float*)
                     0.00  6.85e-03         5  1.37e-03  1.28e-03  1.63e-03  [CUDA memcpy HtoD]
                     0.00  2.34e-03         1  2.34e-03  2.34e-03  2.34e-03  [CUDA memset]
      API calls:    51.51  429.2925      2000  0.214646  0.050725  3.405569  cudaMemcpy
                    27.08  225.6567         5  45.13133  0.012787  225.6040  cudaMemcpyToSymbol
                    16.22  135.1295     14003  9.65e-03  8.91e-03  0.105162  cudaLaunchKernel
                     2.49  20.78308         7  2.969011  0.016013  20.39873  cudaMallocManaged
                     0.85  7.102455     28003  2.53e-04  2.13e-04  0.102254  cudaGetLastError
                     0.61  5.109565       384  0.013306  2.36e-04  0.532586  cuDeviceGetAttribute
                     0.50  4.154724         4  1.038681  1.031455  1.053558  cuDeviceTotalMem
                     0.33  2.777538         1  2.777538  2.777538  2.777538  cudaMemset
                     0.17  1.415240        10  0.141524  1.34e-03  0.393665  cudaFree
                     0.15  1.231344         1  1.231344  1.231344  1.231344  cudaGetDeviceProperties
                     0.05  0.423220         4  0.105805  0.103080  0.107638  cuDeviceGetName
                     0.03  0.209837         2  0.104918  0.010684  0.199153  cudaThreadSynchronize
                     0.00  0.019730         3  6.58e-03  4.33e-03  0.010830  cudaMemAdvise
                     0.00  0.014106         4  3.53e-03  1.15e-03  9.47e-03  cuDeviceGetPCIBusId
                     0.00  9.90e-03         1  9.90e-03  9.90e-03  9.90e-03  cudaSetDevice
                     0.00  3.44e-03         8  4.29e-04  3.18e-04  6.48e-04  cuDeviceGet
                     0.00  1.73e-03         1  1.73e-03  1.73e-03  1.73e-03  cudaGetDevice
                     0.00  1.38e-03         3  4.60e-04  3.45e-04  6.25e-04  cuDeviceGetCount

==92594== Unified Memory profiling result:
Device "Tesla V100-SXM2-16GB (0)"
   Count  Avg Size  Min Size  Max Size  Total Size  Total Time  Name
     116  134.07KB  64.000KB  768.00KB  15.18750MB    0.568288ms  Host To Device
      38         -         -         -           -    8.005536ms  Gpu page fault groups
      75  145.92KB  64.000KB  512.00KB  10.68750MB           -  Remote mapping from device
       5  192.00KB  64.000KB  384.00KB  960.0000KB           -  Remote mapping to device
Total CPU Page faults: 127
Total remote mappings from CPU: 5
Total remote mappings to CPU: 75
