==34177== NVPROF is profiling process 34177, command: ./cfd_0144 ../../../data/cfd/fvcorr.domn.193K
==34177== Profiling application: ./cfd_0144 ../../../data/cfd/fvcorr.domn.193K
==34177== Profiling result:
            Type  Time(%)      Time     Calls       Avg       Min       Max  Name
                        %        ms                  ms        ms        ms
 GPU activities:    89.30  1.19e+03      6000  0.197606  0.194527  2.347666  cuda_compute_flux(int, int*, float*, float*, float*)
                     7.72  102.5479      6000  0.017091  0.016031  0.019488  cuda_time_step(int, int, float*, float*, float*, float*)
                     1.45  19.23365      2000  9.62e-03  8.96e-03  0.013312  [CUDA memcpy DtoD]
                     1.35  17.91138      2000  8.96e-03  8.19e-03  0.505949  cuda_compute_step_factor(int, float*, float*, float*)
                     0.18  2.427346         3  0.809115  0.767932  0.845499  cuda_initialize_variables(int, float*)
                     0.00  6.85e-03         5  1.37e-03  1.31e-03  1.60e-03  [CUDA memcpy HtoD]
                     0.00  1.86e-03         1  1.86e-03  1.86e-03  1.86e-03  [CUDA memset]
      API calls:    74.87  1.21e+03      2000  0.607188  0.046256  3.246373  cudaMemcpy
                    13.87  225.0226         5  45.00453  0.012330  224.9719  cudaMemcpyToSymbol
                     8.55  138.6342     14003  9.90e-03  9.10e-03  0.120519  cudaLaunchKernel
                     1.28  20.74067         7  2.962952  0.010704  20.36520  cudaMallocManaged
                     0.43  7.015999     28003  2.50e-04  2.11e-04  7.17e-03  cudaGetLastError
                     0.32  5.123229       384  0.013341  2.32e-04  0.542213  cuDeviceGetAttribute
                     0.26  4.149545         4  1.037386  1.033054  1.041269  cuDeviceTotalMem
                     0.17  2.679007         1  2.679007  2.679007  2.679007  cudaMemset
                     0.11  1.864517        10  0.186451  1.34e-03  0.743456  cudaFree
                     0.07  1.215348         1  1.215348  1.215348  1.215348  cudaGetDeviceProperties
                     0.04  0.609362         2  0.304681  0.012258  0.597104  cudaThreadSynchronize
                     0.03  0.422721         4  0.105680  0.102598  0.108029  cuDeviceGetName
                     0.00  0.020077         3  6.69e-03  4.29e-03  9.22e-03  cudaMemAdvise
                     0.00  0.012841         4  3.21e-03  1.10e-03  8.40e-03  cuDeviceGetPCIBusId
                     0.00  9.81e-03         1  9.81e-03  9.81e-03  9.81e-03  cudaSetDevice
                     0.00  3.18e-03         8  3.97e-04  3.01e-04  5.43e-04  cuDeviceGet
                     0.00  1.73e-03         1  1.73e-03  1.73e-03  1.73e-03  cudaGetDevice
                     0.00  1.41e-03         3  4.68e-04  3.93e-04  6.03e-04  cuDeviceGetCount

==34177== Unified Memory profiling result:
Device "Tesla V100-SXM2-16GB (0)"
   Count  Avg Size  Min Size  Max Size  Total Size  Total Time  Name
       6  128.00KB  64.000KB  320.00KB  768.0000KB    0.026464ms  Host To Device
      43         -         -         -           -    5.486752ms  Gpu page fault groups
      89  136.63KB  64.000KB  448.00KB  11.87500MB           -  Remote mapping from device
Total CPU Page faults: 19
Total remote mappings to CPU: 89
