==50281== NVPROF is profiling process 50281, command: ./cfd_0423 ../../../data/cfd/fvcorr.domn.193K
==50281== Profiling application: ./cfd_0423 ../../../data/cfd/fvcorr.domn.193K
==50281== Profiling result:
            Type  Time(%)      Time     Calls       Avg       Min       Max  Name
                        %        ms                  ms        ms        ms
 GPU activities:    62.77  300.1204      6000  0.050020  0.047456  1.936245  cuda_compute_flux(int, int*, float*, float*, float*)
                    25.36  121.2679      6000  0.020211  0.018144  0.022463  cuda_time_step(int, int, float*, float*, float*, float*)
                     7.23  34.57884      2000  0.017289  0.016735  0.637052  cuda_compute_step_factor(int, float*, float*, float*)
                     4.12  19.70418      2000  9.85e-03  9.18e-03  0.013504  [CUDA memcpy DtoD]
                     0.52  2.462994         3  0.820998  0.772540  0.852923  cuda_initialize_variables(int, float*)
                     0.00  6.85e-03         5  1.37e-03  1.31e-03  1.60e-03  [CUDA memcpy HtoD]
                     0.00  1.86e-03         1  1.86e-03  1.86e-03  1.86e-03  [CUDA memset]
      API calls:    46.64  360.7741      2000  0.180387  0.048438  3.372931  cudaMemcpy
                    29.26  226.2941         5  45.25882  0.012533  226.2428  cudaMemcpyToSymbol
                    18.05  139.6093     14003  9.97e-03  9.16e-03  0.101465  cudaLaunchKernel
                     2.69  20.77519         7  2.967884  0.011141  20.38328  cudaMallocManaged
                     1.01  7.797686       384  0.020306  2.35e-04  1.148851  cuDeviceGetAttribute
                     0.90  6.978925     28003  2.49e-04  2.09e-04  4.75e-03  cudaGetLastError
                     0.65  5.034318         4  1.258579  1.035814  1.482753  cuDeviceTotalMem
                     0.35  2.692176         1  2.692176  2.692176  2.692176  cudaMemset
                     0.19  1.459663        10  0.145966  1.26e-03  0.379217  cudaFree
                     0.16  1.235879         1  1.235879  1.235879  1.235879  cudaGetDeviceProperties
                     0.08  0.611783         4  0.152945  0.102766  0.213764  cuDeviceGetName
                     0.02  0.181414         2  0.090707  9.93e-03  0.171488  cudaThreadSynchronize
                     0.00  0.021133         3  7.04e-03  4.71e-03  0.011478  cudaMemAdvise
                     0.00  0.015052         1  0.015052  0.015052  0.015052  cudaSetDevice
                     0.00  0.013904         4  3.48e-03  1.13e-03  8.74e-03  cuDeviceGetPCIBusId
                     0.00  3.27e-03         8  4.08e-04  3.07e-04  7.35e-04  cuDeviceGet
                     0.00  3.09e-03         1  3.09e-03  3.09e-03  3.09e-03  cudaGetDevice
                     0.00  1.49e-03         3  4.97e-04  4.01e-04  6.61e-04  cuDeviceGetCount

==50281== Unified Memory profiling result:
Device "Tesla V100-SXM2-16GB (0)"
   Count  Avg Size  Min Size  Max Size  Total Size  Total Time  Name
      60  151.47KB  64.000KB  640.00KB  8.875000MB    0.295904ms  Host To Device
      30         -         -         -           -    5.893504ms  Gpu page fault groups
      75  131.41KB  64.000KB  448.00KB  9.625000MB           -  Remote mapping from device
       2  1.5000MB  1.0000MB  2.0000MB  3.000000MB           -  Remote mapping to device
Total CPU Page faults: 61
Total remote mappings from CPU: 2
Total remote mappings to CPU: 75
