==76796== NVPROF is profiling process 76796, command: ./cfd_1241 ../../../data/cfd/fvcorr.domn.193K
==76796== Profiling application: ./cfd_1241 ../../../data/cfd/fvcorr.domn.193K
==76796== Profiling result:
            Type  Time(%)      Time     Calls       Avg       Min       Max  Name
                        %        ms                  ms        ms        ms
 GPU activities:    73.03  387.3113      6000  0.064551  0.060575  3.070030  cuda_compute_flux(int, int*, float*, float*, float*)
                    19.64  104.1595      6000  0.017359  0.016064  0.020192  cuda_time_step(int, int, float*, float*, float*, float*)
                     3.67  19.47916      2000  9.74e-03  9.18e-03  0.013440  [CUDA memcpy DtoD]
                     3.22  17.08265      2000  8.54e-03  8.13e-03  0.010880  cuda_compute_step_factor(int, float*, float*, float*)
                     0.44  2.335027         3  0.778342  0.723228  0.831099  cuda_initialize_variables(int, float*)
                     0.00  6.82e-03         5  1.36e-03  1.28e-03  1.63e-03  [CUDA memcpy HtoD]
                     0.00  1.98e-03         1  1.98e-03  1.98e-03  1.98e-03  [CUDA memset]
      API calls:    50.37  416.9287      2000  0.208464  0.047516  3.223368  cudaMemcpy
                    27.29  225.8845         5  45.17689  0.012542  225.8319  cudaMemcpyToSymbol
                    17.13  141.7507     14003  0.010122  9.16e-03  0.104735  cudaLaunchKernel
                     2.51  20.79338         7  2.970483  0.011027  20.39604  cudaMallocManaged
                     0.86  7.103476     28003  2.53e-04  2.11e-04  0.105735  cudaGetLastError
                     0.62  5.122666       384  0.013340  2.32e-04  0.541034  cuDeviceGetAttribute
                     0.50  4.160161         4  1.040040  1.033060  1.056290  cuDeviceTotalMem
                     0.31  2.560242         1  2.560242  2.560242  2.560242  cudaMemset
                     0.18  1.527212        10  0.152721  1.28e-03  0.385309  cudaFree
                     0.15  1.224135         1  1.224135  1.224135  1.224135  cudaGetDeviceProperties
                     0.05  0.423908         4  0.105977  0.102432  0.109587  cuDeviceGetName
                     0.03  0.211245         2  0.105622  0.012984  0.198261  cudaThreadSynchronize
                     0.00  0.020851         3  6.95e-03  4.45e-03  0.011898  cudaMemAdvise
                     0.00  0.012212         4  3.05e-03  1.07e-03  7.71e-03  cuDeviceGetPCIBusId
                     0.00  0.011451         1  0.011451  0.011451  0.011451  cudaSetDevice
                     0.00  3.15e-03         8  3.93e-04  3.03e-04  5.43e-04  cuDeviceGet
                     0.00  1.61e-03         1  1.61e-03  1.61e-03  1.61e-03  cudaGetDevice
                     0.00  1.49e-03         3  4.95e-04  4.01e-04  6.37e-04  cuDeviceGetCount

==76796== Unified Memory profiling result:
Device "Tesla V100-SXM2-16GB (0)"
   Count  Avg Size  Min Size  Max Size  Total Size  Total Time  Name
      49  185.47KB  64.000KB  960.00KB  8.875000MB    0.262848ms  Host To Device
      38         -         -         -           -    5.687584ms  Gpu page fault groups
      25  122.88KB  64.000KB  256.00KB  3.000000MB           -  Remote mapping from device
       1  768.00KB  768.00KB  768.00KB  768.0000KB           -  Remote mapping to device
Total CPU Page faults: 145
Total remote mappings from CPU: 1
Total remote mappings to CPU: 25
