==67004== NVPROF is profiling process 67004, command: ./cfd_1103 ../../../data/cfd/fvcorr.domn.193K
==67004== Profiling application: ./cfd_1103 ../../../data/cfd/fvcorr.domn.193K
==67004== Profiling result:
            Type  Time(%)      Time     Calls       Avg       Min       Max  Name
                        %        ms                  ms        ms        ms
 GPU activities:    67.77  299.2619      6000  0.049876  0.047391  3.509132  cuda_compute_flux(int, int*, float*, float*, float*)
                    23.24  102.6224      6000  0.017103  0.015968  0.019040  cuda_time_step(int, int, float*, float*, float*, float*)
                     4.40  19.43520      2000  9.72e-03  9.22e-03  0.013056  [CUDA memcpy DtoD]
                     4.05  17.87628      2000  8.94e-03  8.22e-03  0.519453  cuda_compute_step_factor(int, float*, float*, float*)
                     0.54  2.369555         3  0.789851  0.739771  0.844092  cuda_initialize_variables(int, float*)
                     0.00  6.82e-03         5  1.36e-03  1.28e-03  1.63e-03  [CUDA memcpy HtoD]
                     0.00  1.86e-03         1  1.86e-03  1.86e-03  1.86e-03  [CUDA memset]
      API calls:    44.95  331.3418      2000  0.165670  0.045775  4.172650  cudaMemcpy
                    30.64  225.8866         5  45.17732  0.012774  225.8336  cudaMemcpyToSymbol
                    18.59  137.0554     14003  9.79e-03  9.15e-03  0.097479  cudaLaunchKernel
                     2.82  20.76488         7  2.966411  0.011078  20.38663  cudaMallocManaged
                     0.96  7.083949     28003  2.52e-04  2.09e-04  0.089696  cudaGetLastError
                     0.69  5.100355       384  0.013282  2.37e-04  0.536480  cuDeviceGetAttribute
                     0.56  4.143635         4  1.035908  1.034414  1.037548  cuDeviceTotalMem
                     0.36  2.632343         1  2.632343  2.632343  2.632343  cudaMemset
                     0.18  1.311124        10  0.131112  1.22e-03  0.346669  cudaFree
                     0.17  1.227014         1  1.227014  1.227014  1.227014  cudaGetDeviceProperties
                     0.06  0.421946         4  0.105486  0.102560  0.108486  cuDeviceGetName
                     0.02  0.163076         2  0.081538  9.77e-03  0.153305  cudaThreadSynchronize
                     0.00  0.015677         2  7.84e-03  5.82e-03  9.86e-03  cudaMemAdvise
                     0.00  0.011468         4  2.87e-03  1.21e-03  6.57e-03  cuDeviceGetPCIBusId
                     0.00  0.010585         1  0.010585  0.010585  0.010585  cudaSetDevice
                     0.00  3.18e-03         8  3.98e-04  2.88e-04  5.92e-04  cuDeviceGet
                     0.00  1.64e-03         1  1.64e-03  1.64e-03  1.64e-03  cudaGetDevice
                     0.00  1.47e-03         3  4.91e-04  3.80e-04  6.23e-04  cuDeviceGetCount

==67004== Unified Memory profiling result:
Device "Tesla V100-SXM2-16GB (0)"
   Count  Avg Size  Min Size  Max Size  Total Size  Total Time  Name
      87  148.60KB  64.000KB  896.00KB  12.62500MB    0.417760ms  Host To Device
      32         -         -         -           -    6.672640ms  Gpu page fault groups
      67  135.64KB  64.000KB  448.00KB  8.875000MB           -  Remote mapping from device
Total CPU Page faults: 91
Total remote mappings to CPU: 67
