==50389== NVPROF is profiling process 50389, command: ./cfd_0424 ../../../data/cfd/fvcorr.domn.097K
==50389== Profiling application: ./cfd_0424 ../../../data/cfd/fvcorr.domn.097K
==50389== Profiling result:
            Type  Time(%)      Time     Calls       Avg       Min       Max  Name
                        %        ms                  ms        ms        ms
 GPU activities:    88.74  563.7354      6000  0.093955  0.091519  1.520024  cuda_compute_flux(int, int*, float*, float*, float*)
                     6.29  39.92745      6000  6.65e-03  5.82e-03  7.90e-03  cuda_time_step(int, int, float*, float*, float*, float*)
                     3.21  20.41162      2000  0.010205  9.63e-03  0.431517  cuda_compute_step_factor(int, float*, float*, float*)
                     1.60  10.16543      2000  5.08e-03  4.58e-03  0.010688  [CUDA memcpy DtoD]
                     0.16  1.024410         3  0.341470  0.291454  0.370174  cuda_initialize_variables(int, float*)
                     0.00  6.91e-03         5  1.38e-03  1.28e-03  1.73e-03  [CUDA memcpy HtoD]
                     0.00  2.34e-03         1  2.34e-03  2.34e-03  2.34e-03  [CUDA memset]
      API calls:    56.06  520.3366      2000  0.260168  0.044787  2.106859  cudaMemcpy
                    24.31  225.6586         5  45.13172  0.012455  225.6076  cudaMemcpyToSymbol
                    15.14  140.5516     14003  0.010037  9.24e-03  0.114623  cudaLaunchKernel
                     2.24  20.76962         7  2.967088  9.32e-03  20.32991  cudaMallocManaged
                     0.77  7.137602     28003  2.54e-04  2.11e-04  0.094183  cudaGetLastError
                     0.56  5.199152       384  0.013539  2.34e-04  0.554589  cuDeviceGetAttribute
                     0.45  4.140687         4  1.035171  1.032713  1.039326  cuDeviceTotalMem
                     0.14  1.307945        10  0.130794  1.25e-03  0.441225  cudaFree
                     0.13  1.228020         1  1.228020  1.228020  1.228020  cudaGetDeviceProperties
                     0.11  1.045062         1  1.045062  1.045062  1.045062  cudaMemset
                     0.05  0.425962         4  0.106490  0.103231  0.110350  cuDeviceGetName
                     0.03  0.265336         2  0.132668  9.38e-03  0.255961  cudaThreadSynchronize
                     0.00  0.024386         3  8.13e-03  4.32e-03  0.011531  cudaMemAdvise
                     0.00  0.014907         1  0.014907  0.014907  0.014907  cudaSetDevice
                     0.00  0.014345         4  3.59e-03  1.18e-03  9.78e-03  cuDeviceGetPCIBusId
                     0.00  3.27e-03         8  4.08e-04  3.20e-04  5.23e-04  cuDeviceGet
                     0.00  1.97e-03         1  1.97e-03  1.97e-03  1.97e-03  cudaGetDevice
                     0.00  1.37e-03         3  4.57e-04  3.73e-04  5.92e-04  cuDeviceGetCount

==50389== Unified Memory profiling result:
Device "Tesla V100-SXM2-16GB (0)"
   Count  Avg Size  Min Size  Max Size  Total Size  Total Time  Name
      28         -         -         -           -    3.177632ms  Gpu page fault groups
      33  149.33KB  64.000KB  320.00KB  4.812500MB           -  Remote mapping from device
       2  800.00KB  64.000KB  1.5000MB  1.562500MB           -  Remote mapping to device
Total CPU Page faults: 6
Total remote mappings from CPU: 2
Total remote mappings to CPU: 33
