==83867== NVPROF is profiling process 83867, command: ./cfd_1350 ../../../data/cfd/fvcorr.domn.193K
==83867== Profiling application: ./cfd_1350 ../../../data/cfd/fvcorr.domn.193K
==83867== Profiling result:
            Type  Time(%)      Time     Calls       Avg       Min       Max  Name
                        %        ms                  ms        ms        ms
 GPU activities:    66.94  298.8663      6000  0.049811  0.047200  3.227725  cuda_compute_flux(int, int*, float*, float*, float*)
                    24.44  109.1052      6000  0.018184  0.016256  0.020032  cuda_time_step(int, int, float*, float*, float*, float*)
                     4.29  19.15568      2000  9.58e-03  8.80e-03  0.012896  [CUDA memcpy DtoD]
                     3.84  17.16709      2000  8.58e-03  7.90e-03  0.022688  cuda_compute_step_factor(int, float*, float*, float*)
                     0.49  2.185107         3  0.728369  0.704508  0.775067  cuda_initialize_variables(int, float*)
                     0.00  6.78e-03         5  1.36e-03  1.28e-03  1.60e-03  [CUDA memcpy HtoD]
                     0.00  1.86e-03         1  1.86e-03  1.86e-03  1.86e-03  [CUDA memset]
      API calls:    45.36  335.3695      2000  0.167684  0.047802  3.358054  cudaMemcpy
                    30.34  224.3215         5  44.86430  0.011974  224.2708  cudaMemcpyToSymbol
                    18.54  137.0368     14003  9.79e-03  9.06e-03  0.093753  cudaLaunchKernel
                     2.81  20.79109         7  2.970156  0.010781  20.40775  cudaMallocManaged
                     0.94  6.964259     28003  2.48e-04  2.08e-04  0.085751  cudaGetLastError
                     0.69  5.127156       384  0.013351  2.34e-04  0.557136  cuDeviceGetAttribute
                     0.56  4.177090         4  1.044272  1.030882  1.077959  cuDeviceTotalMem
                     0.32  2.391987         1  2.391987  2.391987  2.391987  cudaMemset
                     0.17  1.292477        10  0.129247  1.38e-03  0.334465  cudaFree
                     0.16  1.216644         1  1.216644  1.216644  1.216644  cudaGetDeviceProperties
                     0.06  0.423750         4  0.105937  0.104426  0.107505  cuDeviceGetName
                     0.02  0.166560         2  0.083280  0.010037  0.156523  cudaThreadSynchronize
                     0.00  0.016727         4  4.18e-03  1.19e-03  0.012038  cuDeviceGetPCIBusId
                     0.00  0.015046         2  7.52e-03  4.22e-03  0.010826  cudaMemAdvise
                     0.00  9.58e-03         1  9.58e-03  9.58e-03  9.58e-03  cudaSetDevice
                     0.00  3.12e-03         8  3.90e-04  3.11e-04  5.36e-04  cuDeviceGet
                     0.00  1.69e-03         1  1.69e-03  1.69e-03  1.69e-03  cudaGetDevice
                     0.00  1.45e-03         3  4.83e-04  4.06e-04  5.98e-04  cuDeviceGetCount

==83867== Unified Memory profiling result:
Device "Tesla V100-SXM2-16GB (0)"
   Count  Avg Size  Min Size  Max Size  Total Size  Total Time  Name
      62  208.52KB  64.000KB  960.00KB  12.62500MB    0.347680ms  Host To Device
      32         -         -         -           -    5.678624ms  Gpu page fault groups
       5  153.60KB  64.000KB  256.00KB  768.0000KB           -  Remote mapping from device
       6  512.00KB  256.00KB  1.0000MB  3.000000MB           -  Remote mapping to device
Total CPU Page faults: 84
Total remote mappings from CPU: 6
Total remote mappings to CPU: 5
