==37142== NVPROF is profiling process 37142, command: ./cfd_0214 ../../../data/cfd/fvcorr.domn.193K
==37142== Profiling application: ./cfd_0214 ../../../data/cfd/fvcorr.domn.193K
==37142== Profiling result:
            Type  Time(%)      Time     Calls       Avg       Min       Max  Name
                        %        ms                  ms        ms        ms
 GPU activities:    86.35  909.4823      6000  0.151580  0.148511  2.906671  cuda_compute_flux(int, int*, float*, float*, float*)
                     9.90  104.3248      6000  0.017387  0.016192  0.020000  cuda_time_step(int, int, float*, float*, float*, float*)
                     1.86  19.58687      2000  9.79e-03  9.15e-03  0.012832  [CUDA memcpy DtoD]
                     1.66  17.53570      2000  8.77e-03  8.42e-03  0.012384  cuda_compute_step_factor(int, float*, float*, float*)
                     0.22  2.329746         3  0.776582  0.687964  0.921754  cuda_initialize_variables(int, float*)
                     0.00  6.78e-03         5  1.36e-03  1.28e-03  1.60e-03  [CUDA memcpy HtoD]
                     0.00  1.89e-03         1  1.89e-03  1.89e-03  1.89e-03  [CUDA memset]
      API calls:    69.52  940.2394      2000  0.470119  0.046178  3.226544  cudaMemcpy
                    16.94  229.1693         5  45.83387  0.012534  229.1183  cudaMemcpyToSymbol
                    10.28  139.0917     14003  9.93e-03  9.21e-03  0.112385  cudaLaunchKernel
                     1.53  20.73353         7  2.961932  0.010771  20.35462  cudaMallocManaged
                     0.53  7.143085     28003  2.55e-04  2.13e-04  0.108238  cudaGetLastError
                     0.39  5.235561       384  0.013634  2.38e-04  0.539514  cuDeviceGetAttribute
                     0.31  4.145136         4  1.036284  1.034640  1.039341  cuDeviceTotalMem
                     0.19  2.558677         1  2.558677  2.558677  2.558677  cudaMemset
                     0.13  1.812372        10  0.181237  1.27e-03  0.791993  cudaFree
                     0.10  1.382506         1  1.382506  1.382506  1.382506  cudaGetDeviceProperties
                     0.03  0.468990         2  0.234495  9.39e-03  0.459604  cudaThreadSynchronize
                     0.03  0.423556         4  0.105889  0.102551  0.107988  cuDeviceGetName
                     0.00  0.019727         3  6.57e-03  4.27e-03  0.011120  cudaMemAdvise
                     0.00  0.014414         1  0.014414  0.014414  0.014414  cudaSetDevice
                     0.00  0.013294         4  3.32e-03  1.25e-03  8.14e-03  cuDeviceGetPCIBusId
                     0.00  2.98e-03         8  3.72e-04  3.08e-04  5.19e-04  cuDeviceGet
                     0.00  1.87e-03         1  1.87e-03  1.87e-03  1.87e-03  cudaGetDevice
                     0.00  1.55e-03         3  5.16e-04  4.16e-04  6.96e-04  cuDeviceGetCount

==37142== Unified Memory profiling result:
Device "Tesla V100-SXM2-16GB (0)"
   Count  Avg Size  Min Size  Max Size  Total Size  Total Time  Name
      16  192.00KB  64.000KB  960.00KB  3.000000MB    0.085856ms  Host To Device
      39         -         -         -           -    5.484928ms  Gpu page fault groups
      74  122.81KB  64.000KB  384.00KB  8.875000MB           -  Remote mapping from device
       1  768.00KB  768.00KB  768.00KB  768.0000KB           -  Remote mapping to device
Total CPU Page faults: 54
Total remote mappings from CPU: 1
Total remote mappings to CPU: 74
