==37102== NVPROF is profiling process 37102, command: ./cfd_0214 ../../../data/cfd/fvcorr.domn.097K
==37102== Profiling application: ./cfd_0214 ../../../data/cfd/fvcorr.domn.097K
==37102== Profiling result:
            Type  Time(%)      Time     Calls       Avg       Min       Max  Name
                        %        ms                  ms        ms        ms
 GPU activities:    89.00  497.5550      6000  0.082925  0.080224  1.931093  cuda_compute_flux(int, int*, float*, float*, float*)
                     7.05  39.39799      6000  6.57e-03  5.86e-03  8.26e-03  cuda_time_step(int, int, float*, float*, float*, float*)
                     1.97  11.00193      2000  5.50e-03  4.89e-03  0.331774  cuda_compute_step_factor(int, float*, float*, float*)
                     1.81  10.10551      2000  5.05e-03  4.38e-03  0.010752  [CUDA memcpy DtoD]
                     0.18  1.002490         3  0.334163  0.258591  0.398333  cuda_initialize_variables(int, float*)
                     0.00  6.82e-03         5  1.36e-03  1.28e-03  1.60e-03  [CUDA memcpy HtoD]
                     0.00  2.34e-03         1  2.34e-03  2.34e-03  2.34e-03  [CUDA memset]
      API calls:    52.70  453.1733      2000  0.226586  0.043352  2.396784  cudaMemcpy
                    26.17  225.0735         5  45.01470  0.012058  225.0236  cudaMemcpyToSymbol
                    16.28  139.9750     14003  1.00e-02  9.28e-03  0.105859  cudaLaunchKernel
                     2.42  20.83939         7  2.977056  9.48e-03  20.39917  cudaMallocManaged
                     0.85  7.266536     28003  2.59e-04  2.13e-04  0.115898  cudaGetLastError
                     0.59  5.100965       384  0.013283  2.36e-04  0.532875  cuDeviceGetAttribute
                     0.48  4.143355         4  1.035838  1.033391  1.038191  cuDeviceTotalMem
                     0.16  1.366119        10  0.136611  1.31e-03  0.447874  cudaFree
                     0.14  1.217687         1  1.217687  1.217687  1.217687  cudaGetDeviceProperties
                     0.12  1.023445         1  1.023445  1.023445  1.023445  cudaMemset
                     0.05  0.421830         4  0.105457  0.102359  0.107449  cuDeviceGetName
                     0.03  0.229101         2  0.114550  9.20e-03  0.219906  cudaThreadSynchronize
                     0.00  0.023546         3  7.85e-03  4.41e-03  0.011646  cudaMemAdvise
                     0.00  0.013638         4  3.41e-03  1.11e-03  8.81e-03  cuDeviceGetPCIBusId
                     0.00  0.012208         1  0.012208  0.012208  0.012208  cudaSetDevice
                     0.00  3.10e-03         8  3.87e-04  3.01e-04  5.29e-04  cuDeviceGet
                     0.00  1.57e-03         1  1.57e-03  1.57e-03  1.57e-03  cudaGetDevice
                     0.00  1.35e-03         3  4.51e-04  3.48e-04  6.17e-04  cuDeviceGetCount

==37102== Unified Memory profiling result:
Device "Tesla V100-SXM2-16GB (0)"
   Count  Avg Size  Min Size  Max Size  Total Size  Total Time  Name
      10  160.00KB  64.000KB  384.00KB  1.562500MB    0.050400ms  Host To Device
      29         -         -         -           -    3.470208ms  Gpu page fault groups
      38  121.26KB  64.000KB  256.00KB  4.500000MB           -  Remote mapping from device
       1  320.00KB  320.00KB  320.00KB  320.0000KB           -  Remote mapping to device
Total CPU Page faults: 29
Total remote mappings from CPU: 1
Total remote mappings to CPU: 38
