==54203== NVPROF is profiling process 54203, command: ./cfd_0502 ../../../data/cfd/fvcorr.domn.097K
==54203== Profiling application: ./cfd_0502 ../../../data/cfd/fvcorr.domn.097K
==54203== Profiling result:
            Type  Time(%)      Time     Calls       Avg       Min       Max  Name
                        %        ms                  ms        ms        ms
 GPU activities:    84.34  316.8529      6000  0.052808  0.049759  0.769948  cuda_compute_flux(int, int*, float*, float*, float*)
                    10.90  40.96694      6000  6.83e-03  6.30e-03  8.22e-03  cuda_time_step(int, int, float*, float*, float*, float*)
                     2.47  9.288008      2000  4.64e-03  4.54e-03  0.010336  [CUDA memcpy DtoD]
                     2.04  7.654419      2000  3.83e-03  3.39e-03  0.499261  cuda_compute_step_factor(int, float*, float*, float*)
                     0.25  0.925179         3  0.308393  0.253118  0.414142  cuda_initialize_variables(int, float*)
                     0.00  6.82e-03         5  1.36e-03  1.28e-03  1.60e-03  [CUDA memcpy HtoD]
                     0.00  2.34e-03         1  2.34e-03  2.34e-03  2.34e-03  [CUDA memset]
      API calls:    40.35  274.1182      2000  0.137059  0.043499  1.343625  cudaMemcpy
                    33.19  225.4766         5  45.09531  0.012533  225.4250  cudaMemcpyToSymbol
                    20.39  138.5257     14003  9.89e-03  8.94e-03  0.112268  cudaLaunchKernel
                     3.05  20.72897         7  2.961281  9.89e-03  20.39139  cudaMallocManaged
                     1.06  7.183184     28003  2.56e-04  2.08e-04  0.101668  cudaGetLastError
                     0.75  5.098986       384  0.013278  2.32e-04  0.532526  cuDeviceGetAttribute
                     0.61  4.149776         4  1.037444  1.031004  1.048623  cuDeviceTotalMem
                     0.18  1.246295         1  1.246295  1.246295  1.246295  cudaGetDeviceProperties
                     0.17  1.187872        10  0.118787  1.28e-03  0.407894  cudaFree
                     0.16  1.085631         1  1.085631  1.085631  1.085631  cudaMemset
                     0.06  0.423894         4  0.105973  0.102543  0.107434  cuDeviceGetName
                     0.02  0.140486         2  0.070243  9.41e-03  0.131076  cudaThreadSynchronize
                     0.00  0.016852         2  8.43e-03  6.22e-03  0.010636  cudaMemAdvise
                     0.00  0.015816         4  3.95e-03  1.13e-03  0.011111  cuDeviceGetPCIBusId
                     0.00  0.013095         1  0.013095  0.013095  0.013095  cudaSetDevice
                     0.00  3.17e-03         8  3.96e-04  2.95e-04  5.55e-04  cuDeviceGet
                     0.00  1.67e-03         1  1.67e-03  1.67e-03  1.67e-03  cudaGetDevice
                     0.00  1.46e-03         3  4.87e-04  3.97e-04  6.05e-04  cuDeviceGetCount

==54203== Unified Memory profiling result:
Device "Tesla V100-SXM2-16GB (0)"
   Count  Avg Size  Min Size  Max Size  Total Size  Total Time  Name
      10  204.80KB  64.000KB  512.00KB  2.000000MB    0.056640ms  Host To Device
      19         -         -         -           -    2.388480ms  Gpu page fault groups
       5  998.40KB  128.00KB  2.0000MB  4.875000MB           -  Remote mapping to device
Total CPU Page faults: 18
Total remote mappings from CPU: 5
