==70385== NVPROF is profiling process 70385, command: ./cfd_1135 ../../../data/cfd/fvcorr.domn.097K
==70385== Profiling application: ./cfd_1135 ../../../data/cfd/fvcorr.domn.097K
==70385== Profiling result:
            Type  Time(%)      Time     Calls       Avg       Min       Max  Name
                        %        ms                  ms        ms        ms
 GPU activities:    73.91  170.8200      6000  0.028469  0.026496  2.180500  cuda_compute_flux(int, int*, float*, float*, float*)
                    18.12  41.88860      6000  6.98e-03  6.34e-03  8.29e-03  cuda_time_step(int, int, float*, float*, float*, float*)
                     4.16  9.605906      2000  4.80e-03  4.70e-03  0.010816  [CUDA memcpy DtoD]
                     3.32  7.666106      2000  3.83e-03  3.42e-03  0.554461  cuda_compute_step_factor(int, float*, float*, float*)
                     0.49  1.136538         3  0.378846  0.275327  0.500221  cuda_initialize_variables(int, float*)
                     0.00  6.75e-03         5  1.35e-03  1.28e-03  1.60e-03  [CUDA memcpy HtoD]
                     0.00  2.34e-03         1  2.34e-03  2.34e-03  2.34e-03  [CUDA memset]
      API calls:    42.17  225.8897         5  45.17794  0.012046  225.8392  cudaMemcpyToSymbol
                    25.68  137.5565     14003  9.82e-03  9.04e-03  0.141114  cudaLaunchKernel
                    24.46  131.0103      2000  0.065505  0.031144  2.843941  cudaMemcpy
                     3.89  20.84280         7  2.977543  9.90e-03  20.40194  cudaMallocManaged
                     1.35  7.245190     28003  2.58e-04  2.11e-04  0.097761  cudaGetLastError
                     0.95  5.097862       384  0.013275  2.33e-04  0.532149  cuDeviceGetAttribute
                     0.77  4.131300         4  1.032825  1.031207  1.034742  cuDeviceTotalMem
                     0.23  1.224599         1  1.224599  1.224599  1.224599  cudaGetDeviceProperties
                     0.21  1.142381         1  1.142381  1.142381  1.142381  cudaMemset
                     0.19  1.022513        10  0.102251  1.29e-03  0.261854  cudaFree
                     0.08  0.424046         4  0.106011  0.102801  0.109053  cuDeviceGetName
                     0.01  0.068232         2  0.034116  0.010191  0.058041  cudaThreadSynchronize
                     0.00  0.022869         3  7.62e-03  4.21e-03  9.77e-03  cudaMemAdvise
                     0.00  0.014652         4  3.66e-03  1.16e-03  9.58e-03  cuDeviceGetPCIBusId
                     0.00  0.010394         1  0.010394  0.010394  0.010394  cudaSetDevice
                     0.00  3.07e-03         8  3.84e-04  3.08e-04  5.41e-04  cuDeviceGet
                     0.00  1.73e-03         1  1.73e-03  1.73e-03  1.73e-03  cudaGetDevice
                     0.00  1.39e-03         3  4.62e-04  3.77e-04  6.03e-04  cuDeviceGetCount

==70385== Unified Memory profiling result:
Device "Tesla V100-SXM2-16GB (0)"
   Count  Avg Size  Min Size  Max Size  Total Size  Total Time  Name
      43  151.81KB  64.000KB  896.00KB  6.375000MB    0.210752ms  Host To Device
      27         -         -         -           -    4.144992ms  Gpu page fault groups
      13  118.15KB  64.000KB  320.00KB  1.500000MB           -  Remote mapping from device
      16  288.00KB  64.000KB  960.00KB  4.500000MB           -  Remote mapping to device
Total CPU Page faults: 49
Total remote mappings from CPU: 16
Total remote mappings to CPU: 13
