==88502== NVPROF is profiling process 88502, command: ./cfd_1433 ../../../data/cfd/missile.domn.0.2M
==88502== Profiling application: ./cfd_1433 ../../../data/cfd/missile.domn.0.2M
==88502== Profiling result:
            Type  Time(%)      Time     Calls       Avg       Min       Max  Name
                        %        ms                  ms        ms        ms
 GPU activities:    63.50  363.8841      6000  0.060647  0.053023  3.899241  cuda_compute_flux(int, int*, float*, float*, float*)
                    23.81  136.4300      6000  0.022738  0.021184  0.024608  cuda_time_step(int, int, float*, float*, float*, float*)
                     7.22  41.34924      2000  0.020674  0.019488  0.626524  cuda_compute_step_factor(int, float*, float*, float*)
                     5.05  28.96768      2000  0.014483  0.013728  0.016960  [CUDA memcpy DtoD]
                     0.43  2.437266         3  0.812422  0.678492  0.942299  cuda_initialize_variables(int, float*)
                     0.00  6.75e-03         5  1.35e-03  1.28e-03  1.60e-03  [CUDA memcpy HtoD]
                     0.00  2.34e-03         1  2.34e-03  2.34e-03  2.34e-03  [CUDA memset]
      API calls:    52.58  456.7497      2000  0.228374  0.052127  4.843876  cudaMemcpy
                    26.53  230.5030         5  46.10060  0.012841  230.4504  cudaMemcpyToSymbol
                    15.93  138.3860     14003  9.88e-03  9.08e-03  0.186738  cudaLaunchKernel
                     2.38  20.67666         7  2.953808  0.015605  20.28272  cudaMallocManaged
                     0.83  7.210911     28003  2.57e-04  2.12e-04  0.092003  cudaGetLastError
                     0.59  5.105785       384  0.013296  2.34e-04  0.537964  cuDeviceGetAttribute
                     0.48  4.133019         4  1.033254  1.029231  1.038439  cuDeviceTotalMem
                     0.31  2.668155         1  2.668155  2.668155  2.668155  cudaMemset
                     0.16  1.404868        10  0.140486  1.26e-03  0.376648  cudaFree
                     0.14  1.220061         1  1.220061  1.220061  1.220061  cudaGetDeviceProperties
                     0.05  0.423378         4  0.105844  0.103115  0.107426  cuDeviceGetName
                     0.03  0.220610         2  0.110305  0.010697  0.209913  cudaThreadSynchronize
                     0.00  0.020848         3  6.95e-03  4.18e-03  0.011609  cudaMemAdvise
                     0.00  0.015783         4  3.94e-03  1.15e-03  0.011158  cuDeviceGetPCIBusId
                     0.00  0.010105         1  0.010105  0.010105  0.010105  cudaSetDevice
                     0.00  3.27e-03         8  4.08e-04  3.03e-04  6.03e-04  cuDeviceGet
                     0.00  1.87e-03         1  1.87e-03  1.87e-03  1.87e-03  cudaGetDevice
                     0.00  1.45e-03         3  4.85e-04  4.10e-04  6.25e-04  cuDeviceGetCount

==88502== Unified Memory profiling result:
Device "Tesla V100-SXM2-16GB (0)"
   Count  Avg Size  Min Size  Max Size  Total Size  Total Time  Name
     104  140.31KB  64.000KB  768.00KB  14.25000MB    0.516192ms  Host To Device
      33         -         -         -           -    7.234624ms  Gpu page fault groups
     103  150.99KB  64.000KB  576.00KB  15.18750MB           -  Remote mapping from device
Total CPU Page faults: 86
Total remote mappings to CPU: 103
