==45161== NVPROF is profiling process 45161, command: ./cfd_0333 ../../../data/cfd/fvcorr.domn.193K
==45161== Profiling application: ./cfd_0333 ../../../data/cfd/fvcorr.domn.193K
==45161== Profiling result:
            Type  Time(%)      Time     Calls       Avg       Min       Max  Name
                        %        ms                  ms        ms        ms
 GPU activities:    67.85  300.4409      6000  0.050073  0.047263  3.454316  cuda_compute_flux(int, int*, float*, float*, float*)
                    23.42  103.6910      6000  0.017281  0.016160  0.021312  cuda_time_step(int, int, float*, float*, float*, float*)
                     4.35  19.26715      2000  9.63e-03  8.96e-03  0.012447  [CUDA memcpy DtoD]
                     3.83  16.95641      2000  8.48e-03  7.94e-03  0.021024  cuda_compute_step_factor(int, float*, float*, float*)
                     0.55  2.457234         3  0.819078  0.785372  0.867003  cuda_initialize_variables(int, float*)
                     0.00  6.82e-03         5  1.36e-03  1.28e-03  1.63e-03  [CUDA memcpy HtoD]
                     0.00  1.86e-03         1  1.86e-03  1.86e-03  1.86e-03  [CUDA memset]
      API calls:    44.85  331.3521      2000  0.165676  0.046915  3.612883  cudaMemcpy
                    30.54  225.6267         5  45.12535  0.012509  225.5743  cudaMemcpyToSymbol
                    18.77  138.6551     14003  9.90e-03  9.05e-03  0.090908  cudaLaunchKernel
                     2.81  20.77857         7  2.968366  0.010921  20.38951  cudaMallocManaged
                     0.97  7.134686     28003  2.54e-04  2.13e-04  0.094633  cudaGetLastError
                     0.69  5.105345       384  0.013295  2.34e-04  0.534194  cuDeviceGetAttribute
                     0.56  4.140007         4  1.035001  1.031998  1.037356  cuDeviceTotalMem
                     0.36  2.663578         1  2.663578  2.663578  2.663578  cudaMemset
                     0.18  1.306668        10  0.130666  1.31e-03  0.348860  cudaFree
                     0.17  1.229178         1  1.229178  1.229178  1.229178  cudaGetDeviceProperties
                     0.08  0.619735         4  0.154933  0.102612  0.302132  cuDeviceGetName
                     0.02  0.161311         2  0.080655  9.46e-03  0.151854  cudaThreadSynchronize
                     0.00  0.018224         3  6.07e-03  4.04e-03  9.87e-03  cudaMemAdvise
                     0.00  0.014129         4  3.53e-03  1.14e-03  9.20e-03  cuDeviceGetPCIBusId
                     0.00  0.014126         1  0.014126  0.014126  0.014126  cudaSetDevice
                     0.00  3.10e-03         8  3.88e-04  3.05e-04  5.39e-04  cuDeviceGet
                     0.00  1.76e-03         1  1.76e-03  1.76e-03  1.76e-03  cudaGetDevice
                     0.00  1.49e-03         3  4.96e-04  3.99e-04  6.44e-04  cuDeviceGetCount

==45161== Unified Memory profiling result:
Device "Tesla V100-SXM2-16GB (0)"
   Count  Avg Size  Min Size  Max Size  Total Size  Total Time  Name
     103  125.51KB  64.000KB  960.00KB  12.62500MB    0.524896ms  Host To Device
      24         -         -         -           -    6.187168ms  Gpu page fault groups
      95  136.08KB  64.000KB  448.00KB  12.62500MB           -  Remote mapping from device
Total CPU Page faults: 84
Total remote mappings to CPU: 95
