==24789== NVPROF is profiling process 24789, command: ./cfd_0013 ../../../data/cfd/missile.domn.0.2M
==24789== Profiling application: ./cfd_0013 ../../../data/cfd/missile.domn.0.2M
==24789== Profiling result:
            Type  Time(%)      Time     Calls       Avg       Min       Max  Name
                        %        ms                  ms        ms        ms
 GPU activities:    66.35  358.8803      6000  0.059813  0.052224  3.083949  cuda_compute_flux(int, int*, float*, float*, float*)
                    23.47  126.9697      6000  0.021161  0.019647  0.025184  cuda_time_step(int, int, float*, float*, float*, float*)
                     5.28  28.57441      2000  0.014287  0.013600  0.017088  [CUDA memcpy DtoD]
                     4.41  23.88102      2000  0.011940  0.010496  0.180607  cuda_compute_step_factor(int, float*, float*, float*)
                     0.48  2.600592         3  0.866864  0.767483  0.955739  cuda_initialize_variables(int, float*)
                     0.00  6.75e-03         5  1.35e-03  1.28e-03  1.60e-03  [CUDA memcpy HtoD]
                     0.00  2.34e-03         1  2.34e-03  2.34e-03  2.34e-03  [CUDA memset]
      API calls:    51.18  425.3293      2000  0.212664  0.050940  4.747105  cudaMemcpy
                    27.12  225.3591         5  45.07182  0.012404  225.3077  cudaMemcpyToSymbol
                    16.50  137.0820     14003  9.79e-03  9.04e-03  0.100445  cudaLaunchKernel
                     2.50  20.79198         7  2.970282  0.016104  20.40050  cudaMallocManaged
                     0.85  7.095128     28003  2.53e-04  2.13e-04  0.091709  cudaGetLastError
                     0.62  5.126691       384  0.013350  2.35e-04  0.536209  cuDeviceGetAttribute
                     0.50  4.150143         4  1.037535  1.033291  1.041953  cuDeviceTotalMem
                     0.35  2.877448         1  2.877448  2.877448  2.877448  cudaMemset
                     0.16  1.304444        10  0.130444  1.19e-03  0.382467  cudaFree
                     0.15  1.216557         1  1.216557  1.216557  1.216557  cudaGetDeviceProperties
                     0.05  0.424722         4  0.106180  0.102635  0.109048  cuDeviceGetName
                     0.02  0.206690         2  0.103345  0.010515  0.196175  cudaThreadSynchronize
                     0.00  0.012132         4  3.03e-03  1.21e-03  7.08e-03  cuDeviceGetPCIBusId
                     0.00  0.011574         2  5.79e-03  5.60e-03  5.98e-03  cudaMemAdvise
                     0.00  0.010150         1  0.010150  0.010150  0.010150  cudaSetDevice
                     0.00  3.17e-03         8  3.95e-04  3.01e-04  5.49e-04  cuDeviceGet
                     0.00  1.84e-03         1  1.84e-03  1.84e-03  1.84e-03  cudaGetDevice
                     0.00  1.46e-03         3  4.88e-04  3.94e-04  6.29e-04  cuDeviceGetCount

==24789== Unified Memory profiling result:
Device "Tesla V100-SXM2-16GB (0)"
   Count  Avg Size  Min Size  Max Size  Total Size  Total Time  Name
     106  147.32KB  64.000KB  896.00KB  15.25000MB    0.503808ms  Host To Device
      38         -         -         -           -    7.439584ms  Gpu page fault groups
      75  145.92KB  64.000KB  512.00KB  10.68750MB           -  Remote mapping from device
Total CPU Page faults: 127
Total remote mappings to CPU: 75
