==49849== NVPROF is profiling process 49849, command: ./cfd_0420 ../../../data/cfd/missile.domn.0.2M
==49849== Profiling application: ./cfd_0420 ../../../data/cfd/missile.domn.0.2M
==49849== Profiling result:
            Type  Time(%)      Time     Calls       Avg       Min       Max  Name
                        %        ms                  ms        ms        ms
 GPU activities:    64.14  378.8124      6000  0.063135  0.054528  3.225485  cuda_compute_flux(int, int*, float*, float*, float*)
                    23.48  138.6478      6000  0.023107  0.021632  0.025152  cuda_time_step(int, int, float*, float*, float*, float*)
                     7.09  41.88186      2000  0.020940  0.019551  1.174009  cuda_compute_step_factor(int, float*, float*, float*)
                     4.84  28.58174      2000  0.014290  0.013504  0.016864  [CUDA memcpy DtoD]
                     0.45  2.645489         3  0.881829  0.849499  0.919643  cuda_initialize_variables(int, float*)
                     0.00  6.78e-03         5  1.36e-03  1.28e-03  1.60e-03  [CUDA memcpy HtoD]
                     0.00  2.34e-03         1  2.34e-03  2.34e-03  2.34e-03  [CUDA memset]
      API calls:    53.63  472.4055      2000  0.236202  0.053043  4.537980  cudaMemcpy
                    25.69  226.2869         5  45.25738  0.012689  226.2341  cudaMemcpyToSymbol
                    15.73  138.5849     14003  9.90e-03  9.19e-03  0.102166  cudaLaunchKernel
                     2.36  20.79452         7  2.970646  0.016324  20.39934  cudaMallocManaged
                     0.80  7.049599     28003  2.51e-04  2.09e-04  0.098276  cudaGetLastError
                     0.58  5.125665       384  0.013348  2.36e-04  0.539496  cuDeviceGetAttribute
                     0.47  4.141631         4  1.035407  1.032874  1.037302  cuDeviceTotalMem
                     0.33  2.927943         1  2.927943  2.927943  2.927943  cudaMemset
                     0.18  1.550710        10  0.155071  1.41e-03  0.430301  cudaFree
                     0.14  1.220061         1  1.220061  1.220061  1.220061  cudaGetDeviceProperties
                     0.05  0.423614         4  0.105903  0.103490  0.107903  cuDeviceGetName
                     0.03  0.232380         2  0.116190  0.010480  0.221900  cudaThreadSynchronize
                     0.00  0.017958         4  4.49e-03  1.23e-03  0.012716  cuDeviceGetPCIBusId
                     0.00  0.017099         2  8.55e-03  4.76e-03  0.012343  cudaMemAdvise
                     0.00  0.014585         1  0.014585  0.014585  0.014585  cudaSetDevice
                     0.00  3.17e-03         8  3.96e-04  3.01e-04  5.98e-04  cuDeviceGet
                     0.00  2.14e-03         1  2.14e-03  2.14e-03  2.14e-03  cudaGetDevice
                     0.00  1.47e-03         3  4.89e-04  4.06e-04  6.49e-04  cuDeviceGetCount

==49849== Unified Memory profiling result:
Device "Tesla V100-SXM2-16GB (0)"
   Count  Avg Size  Min Size  Max Size  Total Size  Total Time  Name
      57  192.00KB  64.000KB  768.00KB  10.68750MB    0.308608ms  Host To Device
      48         -         -         -           -    7.301120ms  Gpu page fault groups
      10  96.000KB  64.000KB  192.00KB  960.0000KB           -  Remote mapping from device
       2  1.7813MB  1.5625MB  2.0000MB  3.562500MB           -  Remote mapping to device
Total CPU Page faults: 68
Total remote mappings from CPU: 2
Total remote mappings to CPU: 10
