==40000== NVPROF is profiling process 40000, command: ./cfd_0242 ../../../data/cfd/missile.domn.0.2M
==40000== Profiling application: ./cfd_0242 ../../../data/cfd/missile.domn.0.2M
==40000== Profiling result:
            Type  Time(%)      Time     Calls       Avg       Min       Max  Name
                        %        ms                  ms        ms        ms
 GPU activities:    79.37  686.7883      6000  0.114464  0.110656  1.572151  cuda_compute_flux(int, int*, float*, float*, float*)
                    14.12  122.1981      6000  0.020366  0.019135  0.022784  cuda_time_step(int, int, float*, float*, float*, float*)
                     3.28  28.41571      2000  0.014207  0.013344  0.017152  [CUDA memcpy DtoD]
                     2.91  25.18812      2000  0.012594  0.011360  0.014432  cuda_compute_step_factor(int, float*, float*, float*)
                     0.31  2.678992         3  0.892997  0.756988  0.965562  cuda_initialize_variables(int, float*)
                     0.00  6.75e-03         5  1.35e-03  1.28e-03  1.60e-03  [CUDA memcpy HtoD]
                     0.00  2.50e-03         1  2.50e-03  2.50e-03  2.50e-03  [CUDA memset]
      API calls:    64.56  746.6580      2000  0.373329  0.051797  1.834635  cudaMemcpy
                    19.50  225.5455         5  45.10910  0.012062  225.4946  cudaMemcpyToSymbol
                    12.14  140.4492     14003  0.010029  9.20e-03  0.108567  cudaLaunchKernel
                     1.79  20.74143         7  2.963060  0.016770  20.34713  cudaMallocManaged
                     0.60  6.958716     28003  2.48e-04  2.12e-04  4.98e-03  cudaGetLastError
                     0.44  5.105701       384  0.013296  2.34e-04  0.533708  cuDeviceGetAttribute
                     0.36  4.135653         4  1.033913  1.031474  1.037179  cuDeviceTotalMem
                     0.25  2.927621         1  2.927621  2.927621  2.927621  cudaMemset
                     0.17  1.965035        10  0.196503  1.24e-03  0.800262  cudaFree
                     0.11  1.228186         1  1.228186  1.228186  1.228186  cudaGetDeviceProperties
                     0.04  0.422335         4  0.105583  0.102889  0.107297  cuDeviceGetName
                     0.03  0.364341         2  0.182170  9.84e-03  0.354503  cudaThreadSynchronize
                     0.00  0.020058         3  6.69e-03  4.29e-03  0.011232  cudaMemAdvise
                     0.00  0.011835         4  2.96e-03  1.10e-03  7.19e-03  cuDeviceGetPCIBusId
                     0.00  0.011171         1  0.011171  0.011171  0.011171  cudaSetDevice
                     0.00  3.30e-03         8  4.12e-04  3.12e-04  5.68e-04  cuDeviceGet
                     0.00  1.70e-03         1  1.70e-03  1.70e-03  1.70e-03  cudaGetDevice
                     0.00  1.59e-03         3  5.30e-04  4.27e-04  7.03e-04  cuDeviceGetCount

==40000== Unified Memory profiling result:
Device "Tesla V100-SXM2-16GB (0)"
   Count  Avg Size  Min Size  Max Size  Total Size  Total Time  Name
      44         -         -         -           -    4.524448ms  Gpu page fault groups
      27  135.11KB  64.000KB  320.00KB  3.562500MB           -  Remote mapping from device
       7  1.6607MB  704.00KB  2.0000MB  11.62500MB           -  Remote mapping to device
Total CPU Page faults: 9
Total remote mappings from CPU: 7
Total remote mappings to CPU: 27
