==70717== NVPROF is profiling process 70717, command: ./cfd_1141 ../../../data/cfd/fvcorr.domn.097K
==70717== Profiling application: ./cfd_1141 ../../../data/cfd/fvcorr.domn.097K
==70717== Profiling result:
            Type  Time(%)      Time     Calls       Avg       Min       Max  Name
                        %        ms                  ms        ms        ms
 GPU activities:    80.91  249.8429      6000  0.041640  0.038496  1.993237  cuda_compute_flux(int, int*, float*, float*, float*)
                    13.21  40.77934      6000  6.80e-03  6.17e-03  9.28e-03  cuda_time_step(int, int, float*, float*, float*, float*)
                     3.04  9.383087      2000  4.69e-03  4.51e-03  0.011424  [CUDA memcpy DtoD]
                     2.47  7.632447      2000  3.82e-03  3.39e-03  0.551325  cuda_compute_step_factor(int, float*, float*, float*)
                     0.37  1.135001         3  0.378333  0.252734  0.537277  cuda_initialize_variables(int, float*)
                     0.00  6.75e-03         5  1.35e-03  1.28e-03  1.60e-03  [CUDA memcpy HtoD]
                     0.00  2.34e-03         1  2.34e-03  2.34e-03  2.34e-03  [CUDA memset]
      API calls:    36.87  226.1930         5  45.23859  0.012444  226.1421  cudaMemcpyToSymbol
                    33.66  206.5005      2000  0.103250  0.031153  2.596265  cudaMemcpy
                    22.71  139.3252     14003  9.95e-03  9.09e-03  0.094915  cudaLaunchKernel
                     3.40  20.84628         7  2.978040  9.67e-03  20.40092  cudaMallocManaged
                     1.18  7.266027     28003  2.59e-04  2.13e-04  0.097164  cudaGetLastError
                     0.84  5.128547       384  0.013355  2.34e-04  0.542391  cuDeviceGetAttribute
                     0.67  4.138217         4  1.034554  1.028776  1.037892  cuDeviceTotalMem
                     0.20  1.216997         1  1.216997  1.216997  1.216997  cudaGetDeviceProperties
                     0.19  1.138595         1  1.138595  1.138595  1.138595  cudaMemset
                     0.17  1.070488        10  0.107048  1.24e-03  0.317687  cudaFree
                     0.07  0.452049         4  0.113012  0.104813  0.132398  cuDeviceGetName
                     0.02  0.103649         2  0.051824  9.36e-03  0.094290  cudaThreadSynchronize
                     0.00  0.023453         3  7.82e-03  3.96e-03  9.99e-03  cudaMemAdvise
                     0.00  0.013741         4  3.43e-03  1.10e-03  8.87e-03  cuDeviceGetPCIBusId
                     0.00  0.010800         1  0.010800  0.010800  0.010800  cudaSetDevice
                     0.00  3.11e-03         8  3.88e-04  3.06e-04  5.47e-04  cuDeviceGet
                     0.00  1.54e-03         1  1.54e-03  1.54e-03  1.54e-03  cudaGetDevice
                     0.00  1.41e-03         3  4.71e-04  3.98e-04  5.78e-04  cuDeviceGetCount

==70717== Unified Memory profiling result:
Device "Tesla V100-SXM2-16GB (0)"
   Count  Avg Size  Min Size  Max Size  Total Size  Total Time  Name
      31  161.03KB  64.000KB  768.00KB  4.875000MB    0.156960ms  Host To Device
      28         -         -         -           -    3.874464ms  Gpu page fault groups
      12  128.00KB  64.000KB  320.00KB  1.500000MB           -  Remote mapping from device
Total CPU Page faults: 79
Total remote mappings to CPU: 12
