==55558== NVPROF is profiling process 55558, command: ./cfd_0514 ../../../data/cfd/fvcorr.domn.193K
==55558== Profiling application: ./cfd_0514 ../../../data/cfd/fvcorr.domn.193K
==55558== Profiling result:
            Type  Time(%)      Time     Calls       Avg       Min       Max  Name
                        %        ms                  ms        ms        ms
 GPU activities:    86.28  908.9400      6000  0.151490  0.148543  2.606833  cuda_compute_flux(int, int*, float*, float*, float*)
                     9.93  104.6657      6000  0.017444  0.016320  0.019775  cuda_time_step(int, int, float*, float*, float*, float*)
                     1.86  19.61473      2000  9.81e-03  9.18e-03  0.013376  [CUDA memcpy DtoD]
                     1.70  17.87189      2000  8.93e-03  7.94e-03  0.532413  cuda_compute_step_factor(int, float*, float*, float*)
                     0.23  2.406738         3  0.802246  0.772540  0.823707  cuda_initialize_variables(int, float*)
                     0.00  6.78e-03         5  1.36e-03  1.28e-03  1.60e-03  [CUDA memcpy HtoD]
                     0.00  1.86e-03         1  1.86e-03  1.86e-03  1.86e-03  [CUDA memset]
      API calls:    69.53  938.5268      2000  0.469263  0.047358  3.444090  cudaMemcpy
                    16.70  225.3844         5  45.07688  0.012570  225.3330  cudaMemcpyToSymbol
                    10.46  141.1884     14003  0.010082  9.26e-03  0.101782  cudaLaunchKernel
                     1.54  20.72475         7  2.960678  0.010822  20.33778  cudaMallocManaged
                     0.53  7.138567     28003  2.54e-04  2.13e-04  0.111888  cudaGetLastError
                     0.42  5.723864       384  0.014905  2.35e-04  0.626516  cuDeviceGetAttribute
                     0.33  4.449031         4  1.112257  1.099308  1.136018  cuDeviceTotalMem
                     0.20  2.664607         1  2.664607  2.664607  2.664607  cudaMemset
                     0.13  1.800841        10  0.180084  1.21e-03  0.769381  cudaFree
                     0.09  1.229727         1  1.229727  1.229727  1.229727  cudaGetDeviceProperties
                     0.03  0.468646         2  0.234323  9.52e-03  0.459127  cudaThreadSynchronize
                     0.03  0.460671         4  0.115167  0.106672  0.134870  cuDeviceGetName
                     0.00  0.021182         3  7.06e-03  4.70e-03  0.010556  cudaMemAdvise
                     0.00  0.018807         4  4.70e-03  1.28e-03  0.012958  cuDeviceGetPCIBusId
                     0.00  0.011873         1  0.011873  0.011873  0.011873  cudaSetDevice
                     0.00  3.82e-03         8  4.77e-04  3.11e-04  8.05e-04  cuDeviceGet
                     0.00  2.00e-03         3  6.67e-04  4.22e-04  9.45e-04  cuDeviceGetCount
                     0.00  1.67e-03         1  1.67e-03  1.67e-03  1.67e-03  cudaGetDevice

==55558== Unified Memory profiling result:
Device "Tesla V100-SXM2-16GB (0)"
   Count  Avg Size  Min Size  Max Size  Total Size  Total Time  Name
      21  182.86KB  64.000KB  896.00KB  3.750000MB    0.110112ms  Host To Device
      43         -         -         -           -    5.845504ms  Gpu page fault groups
      85  106.92KB  64.000KB  320.00KB  8.875000MB           -  Remote mapping from device
       4  192.00KB  64.000KB  448.00KB  768.0000KB           -  Remote mapping to device
Total CPU Page faults: 58
Total remote mappings from CPU: 4
Total remote mappings to CPU: 85
