==58110== NVPROF is profiling process 58110, command: ./cfd_0541 ../../../data/cfd/fvcorr.domn.097K
==58110== Profiling application: ./cfd_0541 ../../../data/cfd/fvcorr.domn.097K
==58110== Profiling result:
            Type  Time(%)      Time     Calls       Avg       Min       Max  Name
                        %        ms                  ms        ms        ms
 GPU activities:    79.43  250.4307      6000  0.041738  0.038112  2.317172  cuda_compute_flux(int, int*, float*, float*, float*)
                    12.77  40.26881      6000  6.71e-03  5.95e-03  8.45e-03  cuda_time_step(int, int, float*, float*, float*, float*)
                     4.37  13.78313      2000  6.89e-03  6.53e-03  0.564061  cuda_compute_step_factor(int, float*, float*, float*)
                     3.06  9.636747      2000  4.82e-03  4.61e-03  0.011840  [CUDA memcpy DtoD]
                     0.36  1.141434         3  0.380478  0.345726  0.429662  cuda_initialize_variables(int, float*)
                     0.00  6.82e-03         5  1.36e-03  1.28e-03  1.60e-03  [CUDA memcpy HtoD]
                     0.00  2.34e-03         1  2.34e-03  2.34e-03  2.34e-03  [CUDA memset]
      API calls:    37.19  230.3082         5  46.06163  0.012523  230.2554  cudaMemcpyToSymbol
                    33.51  207.4990      2000  0.103749  0.031741  2.928631  cudaMemcpy
                    22.58  139.8452     14003  9.99e-03  9.02e-03  0.286589  cudaLaunchKernel
                     3.36  20.81652         7  2.973788  9.86e-03  20.39738  cudaMallocManaged
                     1.17  7.268673     28003  2.59e-04  2.13e-04  0.099041  cudaGetLastError
                     0.85  5.237979       384  0.013640  2.34e-04  0.575114  cuDeviceGetAttribute
                     0.67  4.160067         4  1.040016  1.030818  1.044103  cuDeviceTotalMem
                     0.20  1.232655         1  1.232655  1.232655  1.232655  cudaGetDeviceProperties
                     0.19  1.168260         1  1.168260  1.168260  1.168260  cudaMemset
                     0.18  1.105595        10  0.110559  1.30e-03  0.380867  cudaFree
                     0.07  0.422096         4  0.105524  0.103204  0.107210  cuDeviceGetName
                     0.02  0.107379         2  0.053689  9.24e-03  0.098139  cudaThreadSynchronize
                     0.00  0.024176         3  8.06e-03  4.26e-03  0.010961  cudaMemAdvise
                     0.00  0.014604         4  3.65e-03  1.18e-03  9.73e-03  cuDeviceGetPCIBusId
                     0.00  0.011320         1  0.011320  0.011320  0.011320  cudaSetDevice
                     0.00  3.22e-03         8  4.03e-04  3.06e-04  5.94e-04  cuDeviceGet
                     0.00  1.62e-03         1  1.62e-03  1.62e-03  1.62e-03  cudaGetDevice
                     0.00  1.45e-03         3  4.83e-04  4.20e-04  5.80e-04  cuDeviceGetCount

==58110== Unified Memory profiling result:
Device "Tesla V100-SXM2-16GB (0)"
   Count  Avg Size  Min Size  Max Size  Total Size  Total Time  Name
      38  129.68KB  64.000KB  704.00KB  4.812500MB    0.176352ms  Host To Device
      29         -         -         -           -    4.219968ms  Gpu page fault groups
      15  106.67KB  64.000KB  192.00KB  1.562500MB           -  Remote mapping from device
       2  160.00KB  128.00KB  192.00KB  320.0000KB           -  Remote mapping to device
Total CPU Page faults: 77
Total remote mappings from CPU: 2
Total remote mappings to CPU: 15
