==80074== NVPROF is profiling process 80074, command: ./cfd_1312 ../../../data/cfd/fvcorr.domn.193K
==80074== Profiling application: ./cfd_1312 ../../../data/cfd/fvcorr.domn.193K
==80074== Profiling result:
            Type  Time(%)      Time     Calls       Avg       Min       Max  Name
                        %        ms                  ms        ms        ms
 GPU activities:    75.47  448.9000      6000  0.074816  0.071903  1.722998  cuda_compute_flux(int, int*, float*, float*, float*)
                    17.98  106.9159      6000  0.017819  0.016608  0.019904  cuda_time_step(int, int, float*, float*, float*, float*)
                     3.27  19.46889      2000  9.73e-03  9.02e-03  0.013088  [CUDA memcpy DtoD]
                     2.90  17.26391      2000  8.63e-03  8.13e-03  0.021856  cuda_compute_step_factor(int, float*, float*, float*)
                     0.37  2.216724         3  0.738908  0.657789  0.782523  cuda_initialize_variables(int, float*)
                     0.00  6.78e-03         5  1.36e-03  1.28e-03  1.57e-03  [CUDA memcpy HtoD]
                     0.00  1.92e-03         1  1.92e-03  1.92e-03  1.92e-03  [CUDA memset]
      API calls:    54.36  483.4538      2000  0.241726  0.047377  1.898426  cudaMemcpy
                    25.28  224.8448         5  44.96896  0.012112  224.7940  cudaMemcpyToSymbol
                    15.48  137.6766     14003  9.83e-03  9.19e-03  0.101840  cudaLaunchKernel
                     2.34  20.77774         7  2.968249  0.011215  20.39543  cudaMallocManaged
                     0.81  7.216245     28003  2.57e-04  2.09e-04  0.089520  cudaGetLastError
                     0.58  5.145567       384  0.013399  2.38e-04  0.540993  cuDeviceGetAttribute
                     0.47  4.144130         4  1.036032  1.031248  1.044332  cuDeviceTotalMem
                     0.27  2.426445         1  2.426445  2.426445  2.426445  cudaMemset
                     0.19  1.672230        10  0.167223  1.27e-03  0.675089  cudaFree
                     0.14  1.222362         1  1.222362  1.222362  1.222362  cudaGetDeviceProperties
                     0.05  0.421155         4  0.105288  0.102376  0.107377  cuDeviceGetName
                     0.03  0.238749         2  0.119374  9.40e-03  0.229347  cudaThreadSynchronize
                     0.00  0.021179         3  7.06e-03  4.54e-03  0.010746  cudaMemAdvise
                     0.00  0.013886         1  0.013886  0.013886  0.013886  cudaSetDevice
                     0.00  0.013765         4  3.44e-03  1.10e-03  9.06e-03  cuDeviceGetPCIBusId
                     0.00  3.09e-03         8  3.86e-04  2.97e-04  5.60e-04  cuDeviceGet
                     0.00  1.76e-03         1  1.76e-03  1.76e-03  1.76e-03  cudaGetDevice
                     0.00  1.31e-03         3  4.37e-04  3.71e-04  5.57e-04  cuDeviceGetCount

==80074== Unified Memory profiling result:
Device "Tesla V100-SXM2-16GB (0)"
   Count  Avg Size  Min Size  Max Size  Total Size  Total Time  Name
      24  160.00KB  64.000KB  896.00KB  3.750000MB    0.115232ms  Host To Device
      27         -         -         -           -    4.191776ms  Gpu page fault groups
       5  153.60KB  64.000KB  256.00KB  768.0000KB           -  Remote mapping from device
       5  1.7750MB  896.00KB  2.0000MB  8.875000MB           -  Remote mapping to device
Total CPU Page faults: 58
Total remote mappings from CPU: 5
Total remote mappings to CPU: 5
