==92746== NVPROF is profiling process 92746, command: ./cfd_1514 ../../../data/cfd/missile.domn.0.2M
==92746== Profiling application: ./cfd_1514 ../../../data/cfd/missile.domn.0.2M
==92746== Profiling result:
            Type  Time(%)      Time     Calls       Avg       Min       Max  Name
                        %        ms                  ms        ms        ms
 GPU activities:    85.79  1.08e+03      6000  0.180331  0.176607  3.530443  cuda_compute_flux(int, int*, float*, float*, float*)
                     9.75  122.9459      6000  0.020490  0.019136  0.023200  cuda_time_step(int, int, float*, float*, float*, float*)
                     2.32  29.31015      2000  0.014655  0.013856  0.017248  [CUDA memcpy DtoD]
                     1.92  24.27697      2000  0.012138  0.010432  0.797148  cuda_compute_step_factor(int, float*, float*, float*)
                     0.21  2.690992         3  0.896997  0.779867  0.970362  cuda_initialize_variables(int, float*)
                     0.00  6.82e-03         5  1.36e-03  1.28e-03  1.60e-03  [CUDA memcpy HtoD]
                     0.00  2.34e-03         1  2.34e-03  2.34e-03  2.34e-03  [CUDA memset]
      API calls:    73.46  1.14e+03      2000  0.570368  0.051498  4.702285  cudaMemcpy
                    14.56  226.0764         5  45.21529  0.012509  226.0250  cudaMemcpyToSymbol
                     9.13  141.8266     14003  0.010128  9.26e-03  0.115097  cudaLaunchKernel
                     1.34  20.78114         7  2.968734  0.016220  20.39150  cudaMallocManaged
                     0.46  7.124947     28003  2.54e-04  2.10e-04  0.091747  cudaGetLastError
                     0.33  5.105800       384  0.013296  2.34e-04  0.535145  cuDeviceGetAttribute
                     0.27  4.146125         4  1.036531  1.030834  1.039554  cuDeviceTotalMem
                     0.19  2.916397         1  2.916397  2.916397  2.916397  cudaMemset
                     0.12  1.940211        10  0.194021  1.32e-03  0.888292  cudaFree
                     0.08  1.226166         1  1.226166  1.226166  1.226166  cudaGetDeviceProperties
                     0.04  0.560810         2  0.280405  9.70e-03  0.551107  cudaThreadSynchronize
                     0.03  0.423139         4  0.105784  0.103485  0.107801  cuDeviceGetName
                     0.00  0.021311         3  7.10e-03  4.39e-03  0.010874  cudaMemAdvise
                     0.00  0.015036         4  3.76e-03  1.15e-03  9.93e-03  cuDeviceGetPCIBusId
                     0.00  0.012894         1  0.012894  0.012894  0.012894  cudaSetDevice
                     0.00  3.03e-03         8  3.78e-04  2.96e-04  4.90e-04  cuDeviceGet
                     0.00  1.64e-03         1  1.64e-03  1.64e-03  1.64e-03  cudaGetDevice
                     0.00  1.51e-03         3  5.03e-04  4.01e-04  6.62e-04  cuDeviceGetCount

==92746== Unified Memory profiling result:
Device "Tesla V100-SXM2-16GB (0)"
   Count  Avg Size  Min Size  Max Size  Total Size  Total Time  Name
      31  148.65KB  64.000KB  768.00KB  4.500000MB    0.143136ms  Host To Device
      54         -         -         -           -    7.206944ms  Gpu page fault groups
     107  102.28KB  64.000KB  320.00KB  10.68750MB           -  Remote mapping from device
       5  192.00KB  64.000KB  384.00KB  960.0000KB           -  Remote mapping to device
Total CPU Page faults: 68
Total remote mappings from CPU: 5
Total remote mappings to CPU: 107
