==57513== NVPROF is profiling process 57513, command: ./cfd_0534 ../../../data/cfd/fvcorr.domn.193K
==57513== Profiling application: ./cfd_0534 ../../../data/cfd/fvcorr.domn.193K
==57513== Profiling result:
            Type  Time(%)      Time     Calls       Avg       Min       Max  Name
                        %        ms                  ms        ms        ms
 GPU activities:    86.47  909.2029      6000  0.151533  0.148607  2.006517  cuda_compute_flux(int, int*, float*, float*, float*)
                     9.81  103.1453      6000  0.017190  0.016288  0.019263  cuda_time_step(int, int, float*, float*, float*, float*)
                     1.82  19.17071      2000  9.58e-03  9.02e-03  0.012640  [CUDA memcpy DtoD]
                     1.69  17.76234      2000  8.88e-03  8.13e-03  0.541660  cuda_compute_step_factor(int, float*, float*, float*)
                     0.21  2.215668         3  0.738556  0.684924  0.792316  cuda_initialize_variables(int, float*)
                     0.00  6.82e-03         5  1.36e-03  1.28e-03  1.60e-03  [CUDA memcpy HtoD]
                     0.00  1.86e-03         1  1.86e-03  1.86e-03  1.86e-03  [CUDA memset]
      API calls:    69.52  937.4650      2000  0.468732  0.053914  2.954243  cudaMemcpy
                    16.83  226.9072         5  45.38144  0.011219  226.8565  cudaMemcpyToSymbol
                    10.42  140.5401     14003  0.010036  9.24e-03  0.102340  cudaLaunchKernel
                     1.54  20.78382         7  2.969117  0.011325  20.39740  cudaMallocManaged
                     0.53  7.095628     28003  2.53e-04  2.10e-04  0.105387  cudaGetLastError
                     0.38  5.114648       384  0.013319  2.34e-04  0.540744  cuDeviceGetAttribute
                     0.31  4.188106         4  1.047026  1.028826  1.088480  cuDeviceTotalMem
                     0.18  2.477419         1  2.477419  2.477419  2.477419  cudaMemset
                     0.13  1.802178        10  0.180217  1.34e-03  0.765892  cudaFree
                     0.09  1.233293         1  1.233293  1.233293  1.233293  cudaGetDeviceProperties
                     0.03  0.470770         2  0.235385  0.010455  0.460315  cudaThreadSynchronize
                     0.03  0.421333         4  0.105333  0.102709  0.107112  cuDeviceGetName
                     0.00  0.022546         3  7.52e-03  4.56e-03  0.011800  cudaMemAdvise
                     0.00  0.015892         4  3.97e-03  1.16e-03  0.010475  cuDeviceGetPCIBusId
                     0.00  0.012478         1  0.012478  0.012478  0.012478  cudaSetDevice
                     0.00  3.14e-03         8  3.92e-04  3.11e-04  5.61e-04  cuDeviceGet
                     0.00  1.84e-03         1  1.84e-03  1.84e-03  1.84e-03  cudaGetDevice
                     0.00  1.35e-03         3  4.49e-04  3.53e-04  5.76e-04  cuDeviceGetCount

==57513== Unified Memory profiling result:
Device "Tesla V100-SXM2-16GB (0)"
   Count  Avg Size  Min Size  Max Size  Total Size  Total Time  Name
      27  142.22KB  64.000KB  640.00KB  3.750000MB    0.152288ms  Host To Device
      41         -         -         -           -    5.840288ms  Gpu page fault groups
     103  118.06KB  64.000KB  448.00KB  11.87500MB           -  Remote mapping from device
       4  192.00KB  64.000KB  448.00KB  768.0000KB           -  Remote mapping to device
Total CPU Page faults: 31
Total remote mappings from CPU: 4
Total remote mappings to CPU: 103
