==45014== NVPROF is profiling process 45014, command: ./cfd_0332 ../../../data/cfd/fvcorr.domn.193K
==45014== Profiling application: ./cfd_0332 ../../../data/cfd/fvcorr.domn.193K
==45014== Profiling result:
            Type  Time(%)      Time     Calls       Avg       Min       Max  Name
                        %        ms                  ms        ms        ms
 GPU activities:    75.63  446.2473      6000  0.074374  0.071808  1.067578  cuda_compute_flux(int, int*, float*, float*, float*)
                    17.73  104.6179      6000  0.017436  0.016512  0.019455  cuda_time_step(int, int, float*, float*, float*, float*)
                     3.30  19.46561      2000  9.73e-03  9.09e-03  0.012767  [CUDA memcpy DtoD]
                     2.93  17.27712      2000  8.64e-03  8.06e-03  0.021440  cuda_compute_step_factor(int, float*, float*, float*)
                     0.41  2.398866         3  0.799622  0.779484  0.821147  cuda_initialize_variables(int, float*)
                     0.00  6.75e-03         5  1.35e-03  1.28e-03  1.60e-03  [CUDA memcpy HtoD]
                     0.00  1.86e-03         1  1.86e-03  1.86e-03  1.86e-03  [CUDA memset]
      API calls:    54.41  480.7324      2000  0.240366  0.032601  1.228201  cudaMemcpy
                    25.40  224.4450         5  44.88900  0.012154  224.3945  cudaMemcpyToSymbol
                    15.28  134.9809     14003  9.64e-03  8.96e-03  0.224021  cudaLaunchKernel
                     2.37  20.90013         7  2.985733  0.011121  20.38900  cudaMallocManaged
                     0.81  7.190620     28003  2.56e-04  2.11e-04  0.101397  cudaGetLastError
                     0.58  5.106628       384  0.013298  2.32e-04  0.533266  cuDeviceGetAttribute
                     0.47  4.140826         4  1.035206  1.029165  1.045748  cuDeviceTotalMem
                     0.28  2.482770         1  2.482770  2.482770  2.482770  cudaMemset
                     0.19  1.657860        10  0.165786  1.28e-03  0.675148  cudaFree
                     0.14  1.223143         1  1.223143  1.223143  1.223143  cudaGetDeviceProperties
                     0.05  0.421175         4  0.105293  0.102790  0.107209  cuDeviceGetName
                     0.03  0.238830         2  0.119415  9.48e-03  0.229351  cudaThreadSynchronize
                     0.00  0.020465         3  6.82e-03  4.47e-03  9.86e-03  cudaMemAdvise
                     0.00  0.014549         4  3.64e-03  1.21e-03  9.76e-03  cuDeviceGetPCIBusId
                     0.00  0.011335         1  0.011335  0.011335  0.011335  cudaSetDevice
                     0.00  3.27e-03         8  4.08e-04  3.12e-04  5.49e-04  cuDeviceGet
                     0.00  1.72e-03         1  1.72e-03  1.72e-03  1.72e-03  cudaGetDevice
                     0.00  1.38e-03         3  4.61e-04  3.94e-04  5.93e-04  cuDeviceGetCount

==45014== Unified Memory profiling result:
Device "Tesla V100-SXM2-16GB (0)"
   Count  Avg Size  Min Size  Max Size  Total Size  Total Time  Name
      31  123.87KB  64.000KB  896.00KB  3.750000MB    0.167008ms  Host To Device
      27         -         -         -           -    3.771040ms  Gpu page fault groups
      28  137.14KB  64.000KB  448.00KB  3.750000MB           -  Remote mapping from device
       5  1.7750MB  896.00KB  2.0000MB  8.875000MB           -  Remote mapping to device
Total CPU Page faults: 31
Total remote mappings from CPU: 5
Total remote mappings to CPU: 28
