==47388== NVPROF is profiling process 47388, command: ./cfd_0354 ../../../data/cfd/missile.domn.0.2M
==47388== Profiling application: ./cfd_0354 ../../../data/cfd/missile.domn.0.2M
==47388== Profiling result:
            Type  Time(%)      Time     Calls       Avg       Min       Max  Name
                        %        ms                  ms        ms        ms
 GPU activities:    85.86  1.08e+03      6000  0.179861  0.176703  4.350950  cuda_compute_flux(int, int*, float*, float*, float*)
                     9.72  122.2209      6000  0.020370  0.019520  0.022464  cuda_time_step(int, int, float*, float*, float*, float*)
                     2.31  29.05864      2000  0.014529  0.013696  0.016960  [CUDA memcpy DtoD]
                     1.89  23.79562      2000  0.011897  0.010432  0.023392  cuda_compute_step_factor(int, float*, float*, float*)
                     0.21  2.624849         3  0.874949  0.752700  1.072858  cuda_initialize_variables(int, float*)
                     0.00  6.82e-03         5  1.36e-03  1.28e-03  1.60e-03  [CUDA memcpy HtoD]
                     0.00  2.34e-03         1  2.34e-03  2.34e-03  2.34e-03  [CUDA memset]
      API calls:    72.46  1.13e+03      2000  0.567438  0.051371  4.741751  cudaMemcpy
                    15.59  244.1942         5  48.83883  0.012189  244.1435  cudaMemcpyToSymbol
                     9.12  142.7955     14003  0.010197  9.35e-03  0.110771  cudaLaunchKernel
                     1.33  20.77960         7  2.968514  0.016209  20.38398  cudaMallocManaged
                     0.47  7.319289     28003  2.61e-04  2.13e-04  0.104760  cudaGetLastError
                     0.33  5.114905       384  0.013320  2.30e-04  0.532918  cuDeviceGetAttribute
                     0.26  4.148216         4  1.037054  1.033898  1.042624  cuDeviceTotalMem
                     0.18  2.811490         1  2.811490  2.811490  2.811490  cudaMemset
                     0.12  1.943305        10  0.194330  1.20e-03  0.935812  cudaFree
                     0.08  1.223319         1  1.223319  1.223319  1.223319  cudaGetDeviceProperties
                     0.04  0.560066         2  0.280033  0.010687  0.549379  cudaThreadSynchronize
                     0.03  0.422716         4  0.105679  0.103377  0.107945  cuDeviceGetName
                     0.00  0.022154         3  7.38e-03  4.29e-03  0.011388  cudaMemAdvise
                     0.00  0.013725         4  3.43e-03  1.13e-03  8.97e-03  cuDeviceGetPCIBusId
                     0.00  0.010748         1  0.010748  0.010748  0.010748  cudaSetDevice
                     0.00  3.10e-03         8  3.87e-04  2.98e-04  5.57e-04  cuDeviceGet
                     0.00  1.63e-03         1  1.63e-03  1.63e-03  1.63e-03  cudaGetDevice
                     0.00  1.52e-03         3  5.05e-04  3.87e-04  6.94e-04  cuDeviceGetCount

==47388== Unified Memory profiling result:
Device "Tesla V100-SXM2-16GB (0)"
   Count  Avg Size  Min Size  Max Size  Total Size  Total Time  Name
      24  192.00KB  64.000KB  960.00KB  4.500000MB    0.127008ms  Host To Device
      49         -         -         -           -    7.191872ms  Gpu page fault groups
     109  109.21KB  64.000KB  448.00KB  11.62500MB           -  Remote mapping from device
       8  456.00KB  128.00KB  1.0000MB  3.562500MB           -  Remote mapping to device
Total CPU Page faults: 31
Total remote mappings from CPU: 8
Total remote mappings to CPU: 109
