==54144== NVPROF is profiling process 54144, command: ./cfd_0501 ../../../data/cfd/missile.domn.0.2M
==54144== Profiling application: ./cfd_0501 ../../../data/cfd/missile.domn.0.2M
==54144== Profiling result:
            Type  Time(%)      Time     Calls       Avg       Min       Max  Name
                        %        ms                  ms        ms        ms
 GPU activities:    67.26  367.1848      6000  0.061197  0.053888  4.011624  cuda_compute_flux(int, int*, float*, float*, float*)
                    22.44  122.5230      6000  0.020420  0.019008  0.022528  cuda_time_step(int, int, float*, float*, float*, float*)
                     5.34  29.14067      2000  0.014570  0.013792  0.017055  [CUDA memcpy DtoD]
                     4.45  24.30108      2000  0.012150  0.010464  0.815900  cuda_compute_step_factor(int, float*, float*, float*)
                     0.50  2.753969         3  0.917989  0.867707  0.952475  cuda_initialize_variables(int, float*)
                     0.00  6.82e-03         5  1.36e-03  1.28e-03  1.60e-03  [CUDA memcpy HtoD]
                     0.00  2.34e-03         1  2.34e-03  2.34e-03  2.34e-03  [CUDA memset]
      API calls:    44.39  432.0878      2000  0.216043  0.051840  4.958569  cudaMemcpy
                    37.24  362.4690         5  72.49379  0.012622  362.4171  cudaMemcpyToSymbol
                    13.89  135.1890     14003  9.65e-03  8.96e-03  0.048342  cudaLaunchKernel
                     2.13  20.70626         7  2.958037  0.016468  20.29614  cudaMallocManaged
                     0.75  7.253714     28003  2.59e-04  2.11e-04  0.082790  cudaGetLastError
                     0.53  5.116267       384  0.013323  2.34e-04  0.541406  cuDeviceGetAttribute
                     0.43  4.172147         4  1.043036  1.032470  1.065205  cuDeviceTotalMem
                     0.31  3.023619         1  3.023619  3.023619  3.023619  cudaMemset
                     0.14  1.388675        10  0.138867  1.30e-03  0.406166  cudaFree
                     0.13  1.217550         1  1.217550  1.217550  1.217550  cudaGetDeviceProperties
                     0.04  0.422450         4  0.105612  0.102692  0.107461  cuDeviceGetName
                     0.02  0.207229         2  0.103614  0.010175  0.197054  cudaThreadSynchronize
                     0.00  0.020776         2  0.010388  6.02e-03  0.014755  cudaMemAdvise
                     0.00  0.013220         4  3.31e-03  1.12e-03  8.58e-03  cuDeviceGetPCIBusId
                     0.00  0.010578         1  0.010578  0.010578  0.010578  cudaSetDevice
                     0.00  3.02e-03         8  3.77e-04  3.02e-04  5.49e-04  cuDeviceGet
                     0.00  1.87e-03         1  1.87e-03  1.87e-03  1.87e-03  cudaGetDevice
                     0.00  1.45e-03         3  4.83e-04  4.08e-04  6.11e-04  cuDeviceGetCount

==54144== Unified Memory profiling result:
Device "Tesla V100-SXM2-16GB (0)"
   Count  Avg Size  Min Size  Max Size  Total Size  Total Time  Name
      78  199.38KB  64.000KB  832.00KB  15.18750MB    0.431808ms  Host To Device
      42         -         -         -           -    7.853792ms  Gpu page fault groups
       5  192.00KB  64.000KB  384.00KB  960.0000KB           -  Remote mapping to device
Total CPU Page faults: 196
Total remote mappings from CPU: 5
