==65219== NVPROF is profiling process 65219, command: ./cfd_1051 ../../../data/cfd/fvcorr.domn.097K
==65219== Profiling application: ./cfd_1051 ../../../data/cfd/fvcorr.domn.097K
==65219== Profiling result:
            Type  Time(%)      Time     Calls       Avg       Min       Max  Name
                        %        ms                  ms        ms        ms
 GPU activities:    74.85  177.0780      6000  0.029513  0.027200  2.263348  cuda_compute_flux(int, int*, float*, float*, float*)
                    17.45  41.28150      6000  6.88e-03  6.24e-03  8.96e-03  cuda_time_step(int, int, float*, float*, float*, float*)
                     4.01  9.485806      2000  4.74e-03  4.51e-03  0.011392  [CUDA memcpy DtoD]
                     3.24  7.659254      2000  3.83e-03  3.42e-03  0.549277  cuda_compute_step_factor(int, float*, float*, float*)
                     0.45  1.065146         3  0.355048  0.258847  0.542429  cuda_initialize_variables(int, float*)
                     0.00  6.85e-03         5  1.37e-03  1.31e-03  1.60e-03  [CUDA memcpy HtoD]
                     0.00  2.34e-03         1  2.34e-03  2.34e-03  2.34e-03  [CUDA memset]
      API calls:    41.78  226.1852         5  45.23703  0.012425  226.1339  cudaMemcpyToSymbol
                    25.57  138.4561     14003  9.89e-03  9.10e-03  0.094958  cudaLaunchKernel
                    25.05  135.6311      2000  0.067815  0.030653  2.811635  cudaMemcpy
                     3.84  20.78861         7  2.969801  9.84e-03  20.31872  cudaMallocManaged
                     1.33  7.202171     28003  2.57e-04  2.12e-04  0.090614  cudaGetLastError
                     0.94  5.109364       384  0.013305  2.36e-04  0.537715  cuDeviceGetAttribute
                     0.76  4.135975         4  1.033993  1.030812  1.039859  cuDeviceTotalMem
                     0.23  1.219389         1  1.219389  1.219389  1.219389  cudaGetDeviceProperties
                     0.20  1.092271        10  0.109227  1.31e-03  0.331923  cudaFree
                     0.20  1.057105         1  1.057105  1.057105  1.057105  cudaMemset
                     0.08  0.422133         4  0.105533  0.102398  0.107351  cuDeviceGetName
                     0.01  0.069074         2  0.034537  9.86e-03  0.059211  cudaThreadSynchronize
                     0.00  0.016308         2  8.15e-03  4.70e-03  0.011605  cudaMemAdvise
                     0.00  0.013736         4  3.43e-03  1.13e-03  8.79e-03  cuDeviceGetPCIBusId
                     0.00  0.013691         1  0.013691  0.013691  0.013691  cudaSetDevice
                     0.00  3.10e-03         8  3.87e-04  2.95e-04  5.65e-04  cuDeviceGet
                     0.00  1.88e-03         1  1.88e-03  1.88e-03  1.88e-03  cudaGetDevice
                     0.00  1.50e-03         3  4.98e-04  4.20e-04  6.07e-04  cuDeviceGetCount

==65219== Unified Memory profiling result:
Device "Tesla V100-SXM2-16GB (0)"
   Count  Avg Size  Min Size  Max Size  Total Size  Total Time  Name
      39  167.38KB  64.000KB  768.00KB  6.375000MB    0.208416ms  Host To Device
      25         -         -         -           -    4.085344ms  Gpu page fault groups
       5  320.00KB  64.000KB  576.00KB  1.562500MB           -  Remote mapping to device
Total CPU Page faults: 86
Total remote mappings from CPU: 5
