==65945== NVPROF is profiling process 65945, command: ./cfd_1055 ../../../data/cfd/fvcorr.domn.193K
==65945== Profiling application: ./cfd_1055 ../../../data/cfd/fvcorr.domn.193K
==65945== Profiling result:
            Type  Time(%)      Time     Calls       Avg       Min       Max  Name
                        %        ms                  ms        ms        ms
 GPU activities:    66.70  295.3604      6000  0.049226  0.046624  3.799466  cuda_compute_flux(int, int*, float*, float*, float*)
                    24.44  108.2268      6000  0.018037  0.016512  0.020000  cuda_time_step(int, int, float*, float*, float*, float*)
                     4.35  19.26369      2000  9.63e-03  8.99e-03  0.013472  [CUDA memcpy DtoD]
                     3.99  17.66080      2000  8.83e-03  8.26e-03  0.147071  cuda_compute_step_factor(int, float*, float*, float*)
                     0.52  2.301459         3  0.767153  0.707132  0.848412  cuda_initialize_variables(int, float*)
                     0.00  6.82e-03         5  1.36e-03  1.28e-03  1.60e-03  [CUDA memcpy HtoD]
                     0.00  1.86e-03         1  1.86e-03  1.86e-03  1.86e-03  [CUDA memset]
      API calls:    44.86  331.1116      2000  0.165555  0.047996  4.047453  cudaMemcpy
                    30.66  226.3161         5  45.26322  0.012361  226.2646  cudaMemcpyToSymbol
                    18.68  137.9012     14003  9.85e-03  9.09e-03  0.106393  cudaLaunchKernel
                     2.81  20.77631         7  2.968043  0.011289  20.39444  cudaMallocManaged
                     0.95  6.999622     28003  2.49e-04  2.14e-04  1.74e-03  cudaGetLastError
                     0.70  5.145999       384  0.013401  2.35e-04  0.537243  cuDeviceGetAttribute
                     0.56  4.145419         4  1.036354  1.032871  1.038297  cuDeviceTotalMem
                     0.34  2.541619         1  2.541619  2.541619  2.541619  cudaMemset
                     0.18  1.294144        10  0.129414  1.17e-03  0.371480  cudaFree
                     0.16  1.216729         1  1.216729  1.216729  1.216729  cudaGetDeviceProperties
                     0.06  0.422336         4  0.105584  0.102520  0.107774  cuDeviceGetName
                     0.02  0.161101         2  0.080550  9.54e-03  0.151561  cudaThreadSynchronize
                     0.00  0.013279         1  0.013279  0.013279  0.013279  cudaSetDevice
                     0.00  0.013122         4  3.28e-03  1.17e-03  8.23e-03  cuDeviceGetPCIBusId
                     0.00  0.010382         2  5.19e-03  4.09e-03  6.30e-03  cudaMemAdvise
                     0.00  3.08e-03         8  3.85e-04  2.99e-04  5.27e-04  cuDeviceGet
                     0.00  1.82e-03         1  1.82e-03  1.82e-03  1.82e-03  cudaGetDevice
                     0.00  1.40e-03         3  4.67e-04  3.87e-04  6.23e-04  cuDeviceGetCount

==65945== Unified Memory profiling result:
Device "Tesla V100-SXM2-16GB (0)"
   Count  Avg Size  Min Size  Max Size  Total Size  Total Time  Name
      73  180.60KB  64.000KB  896.00KB  12.87500MB    0.384800ms  Host To Device
      32         -         -         -           -    6.529856ms  Gpu page fault groups
      40  304.00KB  64.000KB  1.0000MB  11.87500MB           -  Remote mapping to device
Total CPU Page faults: 84
Total remote mappings from CPU: 40
