==38243== NVPROF is profiling process 38243, command: ./cfd_0225 ../../../data/cfd/fvcorr.domn.097K
==38243== Profiling application: ./cfd_0225 ../../../data/cfd/fvcorr.domn.097K
==38243== Profiling result:
            Type  Time(%)      Time     Calls       Avg       Min       Max  Name
                        %        ms                  ms        ms        ms
 GPU activities:    74.49  180.4416      6000  0.030073  0.027936  1.931414  cuda_compute_flux(int, int*, float*, float*, float*)
                    17.54  42.49049      6000  7.08e-03  6.14e-03  8.51e-03  cuda_time_step(int, int, float*, float*, float*, float*)
                     3.80  9.210578      2000  4.60e-03  4.45e-03  0.010816  [CUDA memcpy DtoD]
                     3.68  8.906696      2000  4.45e-03  4.29e-03  0.219839  cuda_compute_step_factor(int, float*, float*, float*)
                     0.48  1.164089         3  0.388029  0.281534  0.524765  cuda_initialize_variables(int, float*)
                     0.00  6.82e-03         5  1.36e-03  1.28e-03  1.60e-03  [CUDA memcpy HtoD]
                     0.00  2.34e-03         1  2.34e-03  2.34e-03  2.34e-03  [CUDA memset]
      API calls:    41.40  225.5533         5  45.11066  0.012068  225.5028  cudaMemcpyToSymbol
                    25.55  139.1928      2000  0.069596  0.029729  2.182021  cudaMemcpy
                    25.47  138.7789     14003  9.91e-03  9.14e-03  0.097489  cudaLaunchKernel
                     3.82  20.80154         7  2.971649  9.57e-03  20.35132  cudaMallocManaged
                     1.30  7.068124     28003  2.52e-04  2.11e-04  0.091608  cudaGetLastError
                     0.94  5.116009       384  0.013322  2.36e-04  0.536002  cuDeviceGetAttribute
                     0.76  4.154921         4  1.038730  1.030064  1.052265  cuDeviceTotalMem
                     0.22  1.215658         1  1.215658  1.215658  1.215658  cudaGetDeviceProperties
                     0.22  1.175776         1  1.175776  1.175776  1.175776  cudaMemset
                     0.20  1.092602        10  0.109260  1.34e-03  0.362005  cudaFree
                     0.10  0.523031         4  0.130757  0.104672  0.203600  cuDeviceGetName
                     0.01  0.076558         2  0.038279  0.010119  0.066439  cudaThreadSynchronize
                     0.00  0.022871         3  7.62e-03  4.63e-03  0.011562  cudaMemAdvise
                     0.00  0.012749         4  3.19e-03  1.21e-03  7.94e-03  cuDeviceGetPCIBusId
                     0.00  0.012040         1  0.012040  0.012040  0.012040  cudaSetDevice
                     0.00  3.13e-03         8  3.91e-04  3.05e-04  5.50e-04  cuDeviceGet
                     0.00  1.63e-03         1  1.63e-03  1.63e-03  1.63e-03  cudaGetDevice
                     0.00  1.48e-03         3  4.94e-04  3.82e-04  6.31e-04  cuDeviceGetCount

==38243== Unified Memory profiling result:
Device "Tesla V100-SXM2-16GB (0)"
   Count  Avg Size  Min Size  Max Size  Total Size  Total Time  Name
      28  164.57KB  64.000KB  832.00KB  4.500000MB    0.142784ms  Host To Device
      26         -         -         -           -    3.524768ms  Gpu page fault groups
      20  326.40KB  64.000KB  1.5000MB  6.375000MB           -  Remote mapping to device
Total CPU Page faults: 35
Total remote mappings from CPU: 20
