==86547== NVPROF is profiling process 86547, command: ./cfd_1414 ../../../data/cfd/missile.domn.0.2M
==86547== Profiling application: ./cfd_1414 ../../../data/cfd/missile.domn.0.2M
==86547== Profiling result:
            Type  Time(%)      Time     Calls       Avg       Min       Max  Name
                        %        ms                  ms        ms        ms
 GPU activities:    83.81  1.08e+03      6000  0.179492  0.176095  3.112366  cuda_compute_flux(int, int*, float*, float*, float*)
                    10.64  136.7339      6000  0.022788  0.021311  0.025280  cuda_time_step(int, int, float*, float*, float*, float*)
                     3.10  39.86317      2000  0.019931  0.018752  0.905563  cuda_compute_step_factor(int, float*, float*, float*)
                     2.26  28.99193      2000  0.014495  0.013696  0.016928  [CUDA memcpy DtoD]
                     0.20  2.512754         3  0.837584  0.773852  0.927003  cuda_initialize_variables(int, float*)
                     0.00  6.85e-03         5  1.37e-03  1.28e-03  1.63e-03  [CUDA memcpy HtoD]
                     0.00  2.34e-03         1  2.34e-03  2.34e-03  2.34e-03  [CUDA memset]
      API calls:    73.80  1.16e+03      2000  0.582406  0.051941  4.397289  cudaMemcpy
                    14.48  228.5399         5  45.70798  0.012732  228.4879  cudaMemcpyToSymbol
                     8.93  141.0195     14003  0.010070  9.23e-03  0.119023  cudaLaunchKernel
                     1.32  20.78145         7  2.968778  0.016369  20.39507  cudaMallocManaged
                     0.45  7.114641     28003  2.54e-04  2.11e-04  1.87e-03  cudaGetLastError
                     0.32  5.104778       384  0.013293  2.34e-04  0.535571  cuDeviceGetAttribute
                     0.26  4.164922         4  1.041230  1.030354  1.058347  cuDeviceTotalMem
                     0.17  2.717779         1  2.717779  2.717779  2.717779  cudaMemset
                     0.12  1.917276        10  0.191727  1.39e-03  0.874531  cudaFree
                     0.08  1.219970         1  1.219970  1.219970  1.219970  cudaGetDeviceProperties
                     0.04  0.576695         2  0.288347  9.81e-03  0.566887  cudaThreadSynchronize
                     0.03  0.420889         4  0.105222  0.102419  0.107139  cuDeviceGetName
                     0.00  0.019751         3  6.58e-03  4.27e-03  0.011047  cudaMemAdvise
                     0.00  0.012291         4  3.07e-03  1.21e-03  7.33e-03  cuDeviceGetPCIBusId
                     0.00  0.011956         1  0.011956  0.011956  0.011956  cudaSetDevice
                     0.00  3.09e-03         8  3.85e-04  2.97e-04  5.56e-04  cuDeviceGet
                     0.00  1.76e-03         1  1.76e-03  1.76e-03  1.76e-03  cudaGetDevice
                     0.00  1.49e-03         3  4.95e-04  3.89e-04  6.52e-04  cuDeviceGetCount

==86547== Unified Memory profiling result:
Device "Tesla V100-SXM2-16GB (0)"
   Count  Avg Size  Min Size  Max Size  Total Size  Total Time  Name
      16  228.00KB  64.000KB  512.00KB  3.562500MB    0.094656ms  Host To Device
      54         -         -         -           -    6.690048ms  Gpu page fault groups
      93  128.00KB  64.000KB  448.00KB  11.62500MB           -  Remote mapping from device
Total CPU Page faults: 64
Total remote mappings to CPU: 93
