==34690== NVPROF is profiling process 34690, command: ./hotspot_134 2048 2 2 ../../../data/hotspot/temp_2048 ../../../data/hotspot/power_2048 output-adapt.out
==34690== Profiling application: ./hotspot_134 2048 2 2 ../../../data/hotspot/temp_2048 ../../../data/hotspot/power_2048 output-adapt.out
==34690== Profiling result:
            Type  Time(%)      Time     Calls       Avg       Min       Max  Name
                        %        ms                  ms        ms        ms
 GPU activities:   100.00  37.40688         1  37.40688  37.40688  37.40688  calculate_temp(int, float*, float*, float*, int, int, int, int, float, float, float, float, float, float)
      API calls:    96.13  245.8733         3  81.95776  0.056446  245.5812  cudaMallocManaged
                     1.79  4.572103         4  1.143025  2.59e-03  1.602636  cudaFree
                     0.91  2.334806         2  1.167403  1.142854  1.191952  cuDeviceTotalMem
                     0.66  1.693514         3  0.564504  3.17e-03  1.562223  cudaMemAdvise
                     0.42  1.063000       194  5.48e-03  1.09e-04  0.235579  cuDeviceGetAttribute
                     0.06  0.145933         1  0.145933  0.145933  0.145933  cudaLaunchKernel
                     0.03  0.085930         2  0.042965  0.041533  0.044397  cuDeviceGetName
                     0.00  6.48e-03         2  3.24e-03  1.53e-03  4.95e-03  cuDeviceGetPCIBusId
                     0.00  1.49e-03         4  3.72e-04  1.76e-04  5.87e-04  cuDeviceGet
                     0.00  1.40e-03         3  4.66e-04  1.48e-04  7.01e-04  cuDeviceGetCount
                     0.00  4.41e-04         2  2.20e-04  1.81e-04  2.60e-04  cuDeviceGetUuid

==34690== Unified Memory profiling result:
Device "Tesla V100-PCIE-32GB (0)"
   Count  Avg Size  Min Size  Max Size  Total Size  Total Time  Name
      96  170.67KB  4.0000KB  0.9961MB  16.00000MB    1.394624ms  Device To Host
     247         -         -         -           -   46.309888ms  Gpu page fault groups
    2971  16.543KB  4.0000KB  2.0000MB  48.00000MB           -  Remote mapping from device
Total CPU Page faults: 144
Total remote mappings to CPU: 2971
