==45687== NVPROF is profiling process 45687, command: ./hotspot_112 1024 2 2 ../../../data/hotspot/temp_1024 ../../../data/hotspot/power_1024 output-adapt.out
==45687== Profiling application: ./hotspot_112 1024 2 2 ../../../data/hotspot/temp_1024 ../../../data/hotspot/power_1024 output-adapt.out
==45687== Profiling result:
            Type  Time(%)      Time     Calls       Avg       Min       Max  Name
                        %        ms                  ms        ms        ms
 GPU activities:   100.00  41.69235         1  41.69235  41.69235  41.69235  calculate_temp(int, float*, float*, float*, int, int, int, int, float, float, float, float, float, float)
      API calls:    97.96  242.4015         3  80.80050  0.025095  242.3481  cudaMallocManaged
                     0.94  2.333949         2  1.166974  1.120087  1.213862  cuDeviceTotalMem
                     0.55  1.351373         4  0.337843  2.26e-03  0.684934  cudaFree
                     0.41  1.010050       194  5.21e-03  1.09e-04  0.214442  cuDeviceGetAttribute
                     0.08  0.188946         3  0.062982  2.73e-03  0.170080  cudaMemAdvise
                     0.05  0.116445         2  0.058222  0.046455  0.069990  cuDeviceGetName
                     0.02  0.046471         1  0.046471  0.046471  0.046471  cudaLaunchKernel
                     0.00  6.83e-03         2  3.42e-03  2.22e-03  4.61e-03  cuDeviceGetPCIBusId
                     0.00  1.50e-03         4  3.73e-04  1.62e-04  7.30e-04  cuDeviceGet
                     0.00  1.35e-03         3  4.49e-04  1.74e-04  7.03e-04  cuDeviceGetCount
                     0.00  4.22e-04         2  2.11e-04  1.81e-04  2.41e-04  cuDeviceGetUuid

==45687== Unified Memory profiling result:
Device "Tesla V100-PCIE-32GB (0)"
   Count  Avg Size  Min Size  Max Size  Total Size  Total Time  Name
      63  130.03KB  4.0000KB  0.9922MB  8.000000MB    0.786784ms  Host To Device
      24  170.67KB  4.0000KB  0.9961MB  4.000000MB    0.347744ms  Device To Host
     313         -         -         -           -   41.428832ms  Gpu page fault groups
Total CPU Page faults: 36
