==34578== NVPROF is profiling process 34578, command: ./hotspot_003 64 2 2 ../../../data/hotspot/temp_64 ../../../data/hotspot/power_64 output-adapt.out
==34578== Profiling application: ./hotspot_003 64 2 2 ../../../data/hotspot/temp_64 ../../../data/hotspot/power_64 output-adapt.out
==34578== Profiling result:
            Type  Time(%)      Time     Calls       Avg       Min       Max  Name
                        %        ms                  ms        ms        ms
 GPU activities:   100.00  0.392925         1  0.392925  0.392925  0.392925  calculate_temp(int, float*, float*, float*, int, int, int, int, float, float, float, float, float, float)
      API calls:    98.58  263.6108         3  87.87028  0.013472  263.5683  cudaMallocManaged
                     0.84  2.249036         2  1.124518  1.113732  1.135304  cuDeviceTotalMem
                     0.39  1.055953       194  5.44e-03  1.09e-04  0.214727  cuDeviceGetAttribute
                     0.11  0.306090         4  0.076522  2.58e-03  0.217699  cudaFree
                     0.03  0.090650         2  0.045325  0.042301  0.048349  cuDeviceGetName
                     0.02  0.051798         1  0.051798  0.051798  0.051798  cudaMemAdvise
                     0.02  0.042650         1  0.042650  0.042650  0.042650  cudaLaunchKernel
                     0.00  7.64e-03         2  3.82e-03  1.83e-03  5.80e-03  cuDeviceGetPCIBusId
                     0.00  1.73e-03         4  4.32e-04  1.96e-04  7.18e-04  cuDeviceGet
                     0.00  1.54e-03         3  5.13e-04  1.12e-04  8.50e-04  cuDeviceGetCount
                     0.00  4.12e-04         2  2.06e-04  1.72e-04  2.40e-04  cuDeviceGetUuid

==34578== Unified Memory profiling result:
Device "Tesla V100-PCIE-32GB (0)"
   Count  Avg Size  Min Size  Max Size  Total Size  Total Time  Name
       3  16.000KB  16.000KB  16.000KB  48.00000KB  8.8320e-03ms  Host To Device
       2  16.000KB  4.0000KB  28.000KB  32.00000KB  4.1280e-03ms  Device To Host
       2         -         -         -           -    0.384704ms  Gpu page fault groups
       1  16.000KB  16.000KB  16.000KB  16.00000KB           -  Remote mapping from device
Total CPU Page faults: 2
Total remote mappings to CPU: 1
