==40553== NVPROF is profiling process 40553, command: ./hotspot_112 256 2 2 ../../../data/hotspot/temp_256 ../../../data/hotspot/power_256 output-adapt.out
==40553== Profiling application: ./hotspot_112 256 2 2 ../../../data/hotspot/temp_256 ../../../data/hotspot/power_256 output-adapt.out
==40553== Profiling result:
            Type  Time(%)      Time     Calls       Avg       Min       Max  Name
                        %        ms                  ms        ms        ms
 GPU activities:   100.00  1.991508         1  1.991508  1.991508  1.991508  calculate_temp(int, float*, float*, float*, int, int, int, int, float, float, float, float, float, float)
      API calls:    98.50  246.1430         3  82.04768  0.012904  246.1172  cudaMallocManaged
                     0.94  2.338001         2  1.169000  1.112252  1.225749  cuDeviceTotalMem
                     0.41  1.020853       194  5.26e-03  1.09e-04  0.236955  cuDeviceGetAttribute
                     0.08  0.197226         4  0.049306  1.26e-03  0.146137  cudaFree
                     0.04  0.090464         2  0.045232  0.044997  0.045467  cuDeviceGetName
                     0.02  0.046156         3  0.015385  5.63e-03  0.031898  cudaMemAdvise
                     0.02  0.045375         1  0.045375  0.045375  0.045375  cudaLaunchKernel
                     0.00  6.32e-03         2  3.16e-03  1.54e-03  4.78e-03  cuDeviceGetPCIBusId
                     0.00  1.47e-03         4  3.66e-04  1.54e-04  7.14e-04  cuDeviceGet
                     0.00  1.41e-03         3  4.68e-04  1.42e-04  7.90e-04  cuDeviceGetCount
                     0.00  4.34e-04         2  2.17e-04  1.82e-04  2.52e-04  cuDeviceGetUuid

==40553== Unified Memory profiling result:
Device "Tesla V100-PCIE-32GB (0)"
   Count  Avg Size  Min Size  Max Size  Total Size  Total Time  Name
      24  21.333KB  4.0000KB  96.000KB  512.0000KB    0.085408ms  Host To Device
       6  42.666KB  4.0000KB  124.00KB  256.0000KB    0.024576ms  Device To Host
      22         -         -         -           -    1.972320ms  Gpu page fault groups
Total CPU Page faults: 7
