==49936== NVPROF is profiling process 49936, command: ./hotspot_115 2048 2 2 ../../../data/hotspot/temp_2048 ../../../data/hotspot/power_2048 output-adapt.out
==49936== Profiling application: ./hotspot_115 2048 2 2 ../../../data/hotspot/temp_2048 ../../../data/hotspot/power_2048 output-adapt.out
==49936== Profiling result:
            Type  Time(%)      Time     Calls       Avg       Min       Max  Name
                        %        ms                  ms        ms        ms
 GPU activities:   100.00  161.1880         1  161.1880  161.1880  161.1880  calculate_temp(int, float*, float*, float*, int, int, int, int, float, float, float, float, float, float)
      API calls:    96.50  240.7044         3  80.23481  0.023996  240.4088  cudaMallocManaged
                     1.65  4.115426         4  1.028856  2.37e-03  1.536652  cudaFree
                     0.93  2.322711         2  1.161355  1.117049  1.205662  cuDeviceTotalMem
                     0.40  1.005239         3  0.335079  2.95e-03  0.736576  cudaMemAdvise
                     0.39  0.982938       194  5.07e-03  1.09e-04  0.199179  cuDeviceGetAttribute
                     0.06  0.145090         1  0.145090  0.145090  0.145090  cudaLaunchKernel
                     0.06  0.138383         2  0.069191  0.039204  0.099179  cuDeviceGetName
                     0.00  6.55e-03         2  3.27e-03  1.53e-03  5.01e-03  cuDeviceGetPCIBusId
                     0.00  2.20e-03         4  5.49e-04  1.64e-04  9.34e-04  cuDeviceGet
                     0.00  1.58e-03         3  5.25e-04  1.19e-04  7.64e-04  cuDeviceGetCount
                     0.00  4.35e-04         2  2.17e-04  1.69e-04  2.66e-04  cuDeviceGetUuid

==49936== Unified Memory profiling result:
Device "Tesla V100-PCIE-32GB (0)"
   Count  Avg Size  Min Size  Max Size  Total Size  Total Time  Name
     699  46.878KB  4.0000KB  0.9883MB  32.00000MB    4.120480ms  Host To Device
      96  170.67KB  4.0000KB  0.9961MB  16.00000MB    1.394560ms  Device To Host
    1165         -         -         -           -  159.946464ms  Gpu page fault groups
Total CPU Page faults: 144
