==37523== NVPROF is profiling process 37523, command: ./hotspot_035 128 2 2 ../../../data/hotspot/temp_128 ../../../data/hotspot/power_128 output-adapt.out
==37523== Profiling application: ./hotspot_035 128 2 2 ../../../data/hotspot/temp_128 ../../../data/hotspot/power_128 output-adapt.out
==37523== Profiling result:
            Type  Time(%)      Time     Calls       Avg       Min       Max  Name
                        %        ms                  ms        ms        ms
 GPU activities:   100.00  0.532734         1  0.532734  0.532734  0.532734  calculate_temp(int, float*, float*, float*, int, int, int, int, float, float, float, float, float, float)
      API calls:    98.54  244.7084         3  81.56947  0.012832  244.6816  cudaMallocManaged
                     0.90  2.230181         2  1.115090  1.106241  1.123940  cuDeviceTotalMem
                     0.41  1.025119       194  5.28e-03  1.09e-04  0.219676  cuDeviceGetAttribute
                     0.07  0.168910         4  0.042227  1.09e-03  0.124970  cudaFree
                     0.04  0.093214         2  0.046607  0.043534  0.049680  cuDeviceGetName
                     0.03  0.063466         3  0.021155  3.47e-03  0.051576  cudaMemAdvise
                     0.02  0.044908         1  0.044908  0.044908  0.044908  cudaLaunchKernel
                     0.00  6.55e-03         2  3.27e-03  1.51e-03  5.03e-03  cuDeviceGetPCIBusId
                     0.00  1.61e-03         4  4.02e-04  1.70e-04  7.53e-04  cuDeviceGet
                     0.00  1.37e-03         3  4.56e-04  1.28e-04  7.82e-04  cuDeviceGetCount
                     0.00  4.29e-04         2  2.14e-04  1.91e-04  2.38e-04  cuDeviceGetUuid

==37523== Unified Memory profiling result:
Device "Tesla V100-PCIE-32GB (0)"
   Count  Avg Size  Min Size  Max Size  Total Size  Total Time  Name
       3  21.333KB  4.0000KB  44.000KB  64.00000KB    0.010144ms  Host To Device
       2  32.000KB  4.0000KB  60.000KB  64.00000KB  6.5920e-03ms  Device To Host
       2         -         -         -           -    0.506784ms  Gpu page fault groups
       2  64.000KB  64.000KB  64.000KB  128.0000KB           -  Remote mapping from device
Total CPU Page faults: 3
Total remote mappings to CPU: 2
