==15395== NVPROF is profiling process 15395, command: ./hotspot_054 8192 2 2 ../../../data/hotspot/temp_8192 ../../../data/hotspot/power_8192 output-adapt.out
==15395== Profiling application: ./hotspot_054 8192 2 2 ../../../data/hotspot/temp_8192 ../../../data/hotspot/power_8192 output-adapt.out
==15395== Profiling result:
            Type  Time(%)      Time     Calls       Avg       Min       Max  Name
                        %        ms                  ms        ms        ms
 GPU activities:   100.00  570.7209         1  570.7209  570.7209  570.7209  calculate_temp(int, float*, float*, float*, int, int, int, int, float, float, float, float, float, float)
      API calls:    79.89  243.6461         3  81.21535  0.033984  243.3688  cudaMallocManaged
                    17.25  52.60539         4  13.15135  2.48e-03  18.28626  cudaFree
                     1.68  5.116321         3  1.705440  2.43e-03  4.245727  cudaMemAdvise
                     0.77  2.341101         2  1.170550  1.163162  1.177939  cuDeviceTotalMem
                     0.34  1.040543       194  5.36e-03  1.06e-04  0.259397  cuDeviceGetAttribute
                     0.05  0.143317         1  0.143317  0.143317  0.143317  cudaLaunchKernel
                     0.03  0.086416         2  0.043208  0.039279  0.047137  cuDeviceGetName
                     0.00  6.06e-03         2  3.03e-03  1.42e-03  4.64e-03  cuDeviceGetPCIBusId
                     0.00  1.61e-03         4  4.02e-04  1.61e-04  7.15e-04  cuDeviceGet
                     0.00  1.46e-03         3  4.85e-04  1.48e-04  7.33e-04  cuDeviceGetCount
                     0.00  4.10e-04         2  2.05e-04  1.61e-04  2.49e-04  cuDeviceGetUuid

==15395== Unified Memory profiling result:
Device "Tesla V100-PCIE-32GB (0)"
   Count  Avg Size  Min Size  Max Size  Total Size  Total Time  Name
    2931  41.728KB  4.0000KB  988.00KB  119.4375MB   15.751904ms  Host To Device
    1526  170.48KB  4.0000KB  0.9961MB  254.0625MB   22.294496ms  Device To Host
    2623         -         -         -           -  381.898848ms  Gpu page fault groups
   28768  5.3096KB  4.0000KB  12.000KB  149.1797MB           -  Remote mapping from device
Total CPU Page faults: 2304
Total remote mappings to CPU: 28768
