==41885== NVPROF is profiling process 41885, command: ./hotspot_020 512 2 2 ../../../data/hotspot/temp_512 ../../../data/hotspot/power_512 output-adapt.out
==41885== Profiling application: ./hotspot_020 512 2 2 ../../../data/hotspot/temp_512 ../../../data/hotspot/power_512 output-adapt.out
==41885== Profiling result:
            Type  Time(%)      Time     Calls       Avg       Min       Max  Name
                        %        ms                  ms        ms        ms
 GPU activities:   100.00  1.377527         1  1.377527  1.377527  1.377527  calculate_temp(int, float*, float*, float*, int, int, int, int, float, float, float, float, float, float)
      API calls:    98.43  246.9409         3  82.31364  0.012792  246.9034  cudaMallocManaged
                     0.93  2.331665         2  1.165832  1.124881  1.206784  cuDeviceTotalMem
                     0.42  1.060032       194  5.46e-03  1.10e-04  0.232806  cuDeviceGetAttribute
                     0.15  0.373797         4  0.093449  1.99e-03  0.231889  cudaFree
                     0.04  0.093513         2  0.046756  0.040411  0.053102  cuDeviceGetName
                     0.02  0.041538         1  0.041538  0.041538  0.041538  cudaLaunchKernel
                     0.01  0.021938         2  0.010969  2.81e-03  0.019126  cudaMemAdvise
                     0.00  7.42e-03         2  3.71e-03  2.28e-03  5.15e-03  cuDeviceGetPCIBusId
                     0.00  2.13e-03         4  5.33e-04  1.70e-04  1.08e-03  cuDeviceGet
                     0.00  1.62e-03         3  5.40e-04  1.99e-04  8.03e-04  cuDeviceGetCount
                     0.00  4.00e-04         2  2.00e-04  1.67e-04  2.33e-04  cuDeviceGetUuid

==41885== Unified Memory profiling result:
Device "Tesla V100-PCIE-32GB (0)"
   Count  Avg Size  Min Size  Max Size  Total Size  Total Time  Name
      39  52.513KB  4.0000KB  468.00KB  2.000000MB    0.239968ms  Host To Device
      10  102.40KB  4.0000KB  508.00KB  1.000000MB    0.092256ms  Device To Host
       6         -         -         -           -    1.355616ms  Gpu page fault groups
Total CPU Page faults: 11
