==39818== NVPROF is profiling process 39818, command: ./hotspot_033 256 2 2 ../../../data/hotspot/temp_256 ../../../data/hotspot/power_256 output-adapt.out
==39818== Profiling application: ./hotspot_033 256 2 2 ../../../data/hotspot/temp_256 ../../../data/hotspot/power_256 output-adapt.out
==39818== Profiling result:
            Type  Time(%)      Time     Calls       Avg       Min       Max  Name
                        %        ms                  ms        ms        ms
 GPU activities:   100.00  0.509853         1  0.509853  0.509853  0.509853  calculate_temp(int, float*, float*, float*, int, int, int, int, float, float, float, float, float, float)
      API calls:    98.46  244.0633         3  81.35443  0.013862  244.0202  cudaMallocManaged
                     0.91  2.253736         2  1.126868  1.120773  1.132963  cuDeviceTotalMem
                     0.40  0.987367       194  5.09e-03  1.10e-04  0.205663  cuDeviceGetAttribute
                     0.13  0.324557         4  0.081139  3.35e-03  0.191653  cudaFree
                     0.05  0.118476         3  0.039492  0.010072  0.067658  cudaMemAdvise
                     0.03  0.086369         2  0.043184  0.040190  0.046179  cuDeviceGetName
                     0.02  0.043810         1  0.043810  0.043810  0.043810  cudaLaunchKernel
                     0.00  7.64e-03         2  3.82e-03  2.24e-03  5.40e-03  cuDeviceGetPCIBusId
                     0.00  1.48e-03         3  4.92e-04  2.19e-04  7.32e-04  cuDeviceGetCount
                     0.00  1.47e-03         4  3.66e-04  1.70e-04  5.53e-04  cuDeviceGet
                     0.00  4.22e-04         2  2.11e-04  1.76e-04  2.46e-04  cuDeviceGetUuid

==39818== Unified Memory profiling result:
Device "Tesla V100-PCIE-32GB (0)"
   Count  Avg Size  Min Size  Max Size  Total Size  Total Time  Name
       6  42.666KB  4.0000KB  124.00KB  256.0000KB    0.024704ms  Device To Host
       1         -         -         -           -    0.344544ms  Gpu page fault groups
       5  153.60KB  64.000KB  256.00KB  768.0000KB           -  Remote mapping from device
Total CPU Page faults: 7
Total remote mappings to CPU: 5
