==42777== NVPROF is profiling process 42777, command: ./hotspot_143 8192 2 2 ../../../data/hotspot/temp_8192 ../../../data/hotspot/power_8192 output-adapt.out
==42777== Profiling application: ./hotspot_143 8192 2 2 ../../../data/hotspot/temp_8192 ../../../data/hotspot/power_8192 output-adapt.out
==42777== Profiling result:
            Type  Time(%)      Time     Calls       Avg       Min       Max  Name
                        %        ms                  ms        ms        ms
 GPU activities:   100.00  605.4770         1  605.4770  605.4770  605.4770  calculate_temp(int, float*, float*, float*, int, int, int, int, float, float, float, float, float, float)
      API calls:    73.86  243.7879         3  81.26262  0.032843  243.5054  cudaMallocManaged
                    18.33  60.49298         4  15.12324  2.49e-03  23.70019  cudaFree
                     6.75  22.28336         3  7.427785  4.92e-03  20.00374  cudaMemAdvise
                     0.68  2.238376         2  1.119188  1.105323  1.133053  cuDeviceTotalMem
                     0.30  0.992820       194  5.12e-03  1.09e-04  0.212618  cuDeviceGetAttribute
                     0.05  0.166558         1  0.166558  0.166558  0.166558  cudaLaunchKernel
                     0.03  0.085507         2  0.042753  0.038978  0.046529  cuDeviceGetName
                     0.00  6.25e-03         2  3.12e-03  1.57e-03  4.68e-03  cuDeviceGetPCIBusId
                     0.00  1.57e-03         4  3.92e-04  1.71e-04  7.39e-04  cuDeviceGet
                     0.00  1.31e-03         3  4.35e-04  1.23e-04  7.14e-04  cuDeviceGetCount
                     0.00  4.07e-04         2  2.03e-04  1.68e-04  2.39e-04  cuDeviceGetUuid

==42777== Unified Memory profiling result:
Device "Tesla V100-PCIE-32GB (0)"
   Count  Avg Size  Min Size  Max Size  Total Size  Total Time  Name
    3890         -         -         -           -  681.219744ms  Gpu page fault groups
   44502  16.480KB  4.0000KB  2.0000MB  716.1875MB           -  Remote mapping from device
Total CPU Page faults: 1664
Total remote mappings to CPU: 44502
