==42708== NVPROF is profiling process 42708, command: ./hotspot_100 512 2 2 ../../../data/hotspot/temp_512 ../../../data/hotspot/power_512 output-adapt.out
==42708== Profiling application: ./hotspot_100 512 2 2 ../../../data/hotspot/temp_512 ../../../data/hotspot/power_512 output-adapt.out
==42708== Profiling result:
            Type  Time(%)      Time     Calls       Avg       Min       Max  Name
                        %        ms                  ms        ms        ms
 GPU activities:   100.00  1.525237         1  1.525237  1.525237  1.525237  calculate_temp(int, float*, float*, float*, int, int, int, int, float, float, float, float, float, float)
      API calls:    98.42  239.9339         3  79.97796  0.012299  239.8975  cudaMallocManaged
                     0.96  2.337375         2  1.168687  1.101580  1.235795  cuDeviceTotalMem
                     0.40  0.965447       194  4.98e-03  1.09e-04  0.198950  cuDeviceGetAttribute
                     0.17  0.412528         4  0.103132  2.66e-03  0.196271  cudaFree
                     0.03  0.082664         2  0.041332  0.039067  0.043597  cuDeviceGetName
                     0.02  0.044076         1  0.044076  0.044076  0.044076  cudaLaunchKernel
                     0.00  6.48e-03         2  3.24e-03  1.56e-03  4.92e-03  cuDeviceGetPCIBusId
                     0.00  1.32e-03         4  3.30e-04  1.52e-04  6.66e-04  cuDeviceGet
                     0.00  1.13e-03         3  3.77e-04  1.28e-04  7.11e-04  cuDeviceGetCount
                     0.00  4.14e-04         2  2.07e-04  1.69e-04  2.45e-04  cuDeviceGetUuid

==42708== Unified Memory profiling result:
Device "Tesla V100-PCIE-32GB (0)"
   Count  Avg Size  Min Size  Max Size  Total Size  Total Time  Name
      31  66.065KB  4.0000KB  444.00KB  2.000000MB    0.233056ms  Host To Device
      10  102.40KB  4.0000KB  508.00KB  1.000000MB    0.090048ms  Device To Host
       8         -         -         -           -    1.504736ms  Gpu page fault groups
Total CPU Page faults: 11
