==43149== NVPROF is profiling process 43149, command: ./hotspot_120 512 2 2 ../../../data/hotspot/temp_512 ../../../data/hotspot/power_512 output-adapt.out
==43149== Profiling application: ./hotspot_120 512 2 2 ../../../data/hotspot/temp_512 ../../../data/hotspot/power_512 output-adapt.out
==43149== Profiling result:
            Type  Time(%)      Time     Calls       Avg       Min       Max  Name
                        %        ms                  ms        ms        ms
 GPU activities:   100.00  1.299509         1  1.299509  1.299509  1.299509  calculate_temp(int, float*, float*, float*, int, int, int, int, float, float, float, float, float, float)
      API calls:    98.42  241.8250         3  80.60834  0.023798  241.7710  cudaMallocManaged
                     0.90  2.209905         2  1.104952  1.098700  1.111205  cuDeviceTotalMem
                     0.42  1.040950       194  5.37e-03  1.10e-04  0.228109  cuDeviceGetAttribute
                     0.20  0.481871         4  0.120467  1.89e-03  0.251384  cudaFree
                     0.03  0.083630         2  0.041815  0.039095  0.044535  cuDeviceGetName
                     0.02  0.043724         1  0.043724  0.043724  0.043724  cudaLaunchKernel
                     0.01  0.021240         2  0.010620  2.65e-03  0.018593  cudaMemAdvise
                     0.00  6.64e-03         2  3.32e-03  1.53e-03  5.11e-03  cuDeviceGetPCIBusId
                     0.00  1.33e-03         4  3.32e-04  1.61e-04  7.24e-04  cuDeviceGet
                     0.00  1.17e-03         3  3.89e-04  1.26e-04  7.21e-04  cuDeviceGetCount
                     0.00  4.08e-04         2  2.04e-04  1.78e-04  2.30e-04  cuDeviceGetUuid

==43149== Unified Memory profiling result:
Device "Tesla V100-PCIE-32GB (0)"
   Count  Avg Size  Min Size  Max Size  Total Size  Total Time  Name
      43  47.627KB  4.0000KB  492.00KB  2.000000MB    0.244608ms  Host To Device
      10  102.40KB  4.0000KB  508.00KB  1.000000MB    0.088832ms  Device To Host
       6         -         -         -           -    1.279200ms  Gpu page fault groups
Total CPU Page faults: 11
