==35688== NVPROF is profiling process 35688, command: ./hotspot_132 4096 2 2 ../../../data/hotspot/temp_4096 ../../../data/hotspot/power_4096 output-adapt.out
==35688== Profiling application: ./hotspot_132 4096 2 2 ../../../data/hotspot/temp_4096 ../../../data/hotspot/power_4096 output-adapt.out
==35688== Profiling result:
            Type  Time(%)      Time     Calls       Avg       Min       Max  Name
                        %        ms                  ms        ms        ms
 GPU activities:   100.00  59.39732         1  59.39732  59.39732  59.39732  calculate_temp(int, float*, float*, float*, int, int, int, int, float, float, float, float, float, float)
      API calls:    90.67  245.1346         3  81.71152  0.081980  244.8713  cudaMallocManaged
                     5.63  15.22738         4  3.806844  0.010984  5.689233  cudaFree
                     2.33  6.311450         3  2.103816  3.42e-03  5.974333  cudaMemAdvise
                     0.92  2.495284         2  1.247642  1.178051  1.317233  cuDeviceTotalMem
                     0.36  0.980207       194  5.05e-03  1.06e-04  0.202511  cuDeviceGetAttribute
                     0.04  0.119394         1  0.119394  0.119394  0.119394  cudaLaunchKernel
                     0.03  0.089500         2  0.044750  0.039783  0.049717  cuDeviceGetName
                     0.00  7.11e-03         2  3.55e-03  2.13e-03  4.98e-03  cuDeviceGetPCIBusId
                     0.00  1.96e-03         4  4.89e-04  1.72e-04  9.00e-04  cuDeviceGet
                     0.00  1.45e-03         3  4.83e-04  1.06e-04  7.04e-04  cuDeviceGetCount
                     0.00  4.38e-04         2  2.19e-04  1.87e-04  2.51e-04  cuDeviceGetUuid

==35688== Unified Memory profiling result:
Device "Tesla V100-PCIE-32GB (0)"
   Count  Avg Size  Min Size  Max Size  Total Size  Total Time  Name
    1906  34.384KB  4.0000KB  0.9766MB  64.00000MB    9.229120ms  Host To Device
     384  170.67KB  4.0000KB  0.9961MB  64.00000MB    5.551872ms  Device To Host
     217         -         -         -           -   47.389408ms  Gpu page fault groups
     224  585.14KB  64.000KB  2.0000MB  128.0000MB           -  Remote mapping from device
Total CPU Page faults: 576
Total remote mappings to CPU: 224
