==44678== NVPROF is profiling process 44678, command: ./hotspot_030 1024 2 2 ../../../data/hotspot/temp_1024 ../../../data/hotspot/power_1024 output-adapt.out
==44678== Profiling application: ./hotspot_030 1024 2 2 ../../../data/hotspot/temp_1024 ../../../data/hotspot/power_1024 output-adapt.out
==44678== Profiling result:
            Type  Time(%)      Time     Calls       Avg       Min       Max  Name
                        %        ms                  ms        ms        ms
 GPU activities:   100.00  4.324832         1  4.324832  4.324832  4.324832  calculate_temp(int, float*, float*, float*, int, int, int, int, float, float, float, float, float, float)
      API calls:    97.88  245.5280         3  81.84266  0.026074  245.4377  cudaMallocManaged
                     0.90  2.258403         2  1.129201  1.114935  1.143468  cuDeviceTotalMem
                     0.62  1.549979         4  0.387494  3.61e-03  0.702119  cudaFree
                     0.41  1.019270       194  5.25e-03  1.06e-04  0.223061  cuDeviceGetAttribute
                     0.13  0.332983         2  0.166491  2.63e-03  0.330357  cudaMemAdvise
                     0.04  0.096705         2  0.048352  0.042067  0.054638  cuDeviceGetName
                     0.02  0.045935         1  0.045935  0.045935  0.045935  cudaLaunchKernel
                     0.00  7.81e-03         2  3.90e-03  2.75e-03  5.05e-03  cuDeviceGetPCIBusId
                     0.00  1.78e-03         4  4.44e-04  1.80e-04  9.07e-04  cuDeviceGet
                     0.00  1.56e-03         3  5.20e-04  2.24e-04  7.98e-04  cuDeviceGetCount
                     0.00  4.51e-04         2  2.25e-04  1.74e-04  2.77e-04  cuDeviceGetUuid

==44678== Unified Memory profiling result:
Device "Tesla V100-PCIE-32GB (0)"
   Count  Avg Size  Min Size  Max Size  Total Size  Total Time  Name
      37  110.70KB  4.0000KB  968.00KB  4.000000MB    0.408672ms  Host To Device
      24  170.67KB  4.0000KB  0.9961MB  4.000000MB    0.344064ms  Device To Host
      17         -         -         -           -    3.674368ms  Gpu page fault groups
      14  585.14KB  64.000KB  2.0000MB  8.000000MB           -  Remote mapping from device
Total CPU Page faults: 36
Total remote mappings to CPU: 14
