==42312== NVPROF is profiling process 42312, command: ./hotspot_041 512 2 2 ../../../data/hotspot/temp_512 ../../../data/hotspot/power_512 output-adapt.out
==42312== Profiling application: ./hotspot_041 512 2 2 ../../../data/hotspot/temp_512 ../../../data/hotspot/power_512 output-adapt.out
==42312== Profiling result:
            Type  Time(%)      Time     Calls       Avg       Min       Max  Name
                        %        ms                  ms        ms        ms
 GPU activities:   100.00  3.379462         1  3.379462  3.379462  3.379462  calculate_temp(int, float*, float*, float*, int, int, int, int, float, float, float, float, float, float)
      API calls:    98.36  241.4236         3  80.47453  0.012236  241.3864  cudaMallocManaged
                     0.94  2.302121         2  1.151060  1.122915  1.179206  cuDeviceTotalMem
                     0.44  1.084031       194  5.59e-03  1.10e-04  0.262896  cuDeviceGetAttribute
                     0.17  0.413531         4  0.103382  2.07e-03  0.264636  cudaFree
                     0.04  0.090262         2  0.045131  0.039174  0.051088  cuDeviceGetName
                     0.03  0.073139         3  0.024379  2.80e-03  0.050244  cudaMemAdvise
                     0.02  0.045590         1  0.045590  0.045590  0.045590  cudaLaunchKernel
                     0.00  6.11e-03         2  3.05e-03  1.53e-03  4.57e-03  cuDeviceGetPCIBusId
                     0.00  1.45e-03         4  3.62e-04  1.55e-04  6.05e-04  cuDeviceGet
                     0.00  1.25e-03         3  4.16e-04  1.19e-04  7.10e-04  cuDeviceGetCount
                     0.00  4.31e-04         2  2.15e-04  1.83e-04  2.48e-04  cuDeviceGetUuid

==42312== Unified Memory profiling result:
Device "Tesla V100-PCIE-32GB (0)"
   Count  Avg Size  Min Size  Max Size  Total Size  Total Time  Name
      25  40.960KB  4.0000KB  444.00KB  1.000000MB    0.130560ms  Host To Device
      23         -         -         -           -    3.507072ms  Gpu page fault groups
      62  33.032KB  4.0000KB  1.0000MB  2.000000MB           -  Remote mapping from device
Total CPU Page faults: 7
Total remote mappings to CPU: 62
