==50212== NVPROF is profiling process 50212, command: ./hotspot_124 2048 2 2 ../../../data/hotspot/temp_2048 ../../../data/hotspot/power_2048 output-adapt.out
==50212== Profiling application: ./hotspot_124 2048 2 2 ../../../data/hotspot/temp_2048 ../../../data/hotspot/power_2048 output-adapt.out
==50212== Profiling result:
            Type  Time(%)      Time     Calls       Avg       Min       Max  Name
                        %        ms                  ms        ms        ms
 GPU activities:   100.00  38.63510         1  38.63510  38.63510  38.63510  calculate_temp(int, float*, float*, float*, int, int, int, int, float, float, float, float, float, float)
      API calls:    96.10  239.9825         3  79.99416  0.055337  239.7074  cudaMallocManaged
                     2.37  5.925492         4  1.481373  3.43e-03  2.132770  cudaFree
                     0.94  2.347002         2  1.173501  1.091565  1.255437  cuDeviceTotalMem
                     0.40  0.994487       194  5.13e-03  1.09e-04  0.212932  cuDeviceGetAttribute
                     0.09  0.224969         3  0.074989  2.76e-03  0.147120  cudaMemAdvise
                     0.06  0.150739         1  0.150739  0.150739  0.150739  cudaLaunchKernel
                     0.03  0.083378         2  0.041689  0.039444  0.043934  cuDeviceGetName
                     0.00  6.74e-03         2  3.37e-03  1.47e-03  5.27e-03  cuDeviceGetPCIBusId
                     0.00  2.68e-03         3  8.92e-04  3.56e-04  1.77e-03  cuDeviceGetCount
                     0.00  1.47e-03         4  3.67e-04  1.60e-04  6.25e-04  cuDeviceGet
                     0.00  4.28e-04         2  2.14e-04  1.88e-04  2.40e-04  cuDeviceGetUuid

==50212== Unified Memory profiling result:
Device "Tesla V100-PCIE-32GB (0)"
   Count  Avg Size  Min Size  Max Size  Total Size  Total Time  Name
     419  39.103KB  4.0000KB  0.9883MB  16.00000MB    2.157760ms  Host To Device
      96  170.67KB  4.0000KB  0.9961MB  16.00000MB    1.403168ms  Device To Host
     268         -         -         -           -   45.548704ms  Gpu page fault groups
    2877  5.6943KB  4.0000KB  96.000KB  16.00000MB           -  Remote mapping from device
Total CPU Page faults: 144
Total remote mappings to CPU: 2877
