==5726== NVPROF is profiling process 5726, command: ./hotspot_023 8192 2 2 ../../../data/hotspot/temp_8192 ../../../data/hotspot/power_8192 output-adapt.out
==5726== Profiling application: ./hotspot_023 8192 2 2 ../../../data/hotspot/temp_8192 ../../../data/hotspot/power_8192 output-adapt.out
==5726== Profiling result:
            Type  Time(%)      Time     Calls       Avg       Min       Max  Name
                        %        ms                  ms        ms        ms
 GPU activities:   100.00  194.1402         1  194.1402  194.1402  194.1402  calculate_temp(int, float*, float*, float*, int, int, int, int, float, float, float, float, float, float)
      API calls:    77.53  266.4811         3  88.82703  0.039681  266.2941  cudaMallocManaged
                    15.23  52.33294         4  13.08324  2.46e-03  18.46828  cudaFree
                     6.22  21.36928         3  7.123093  3.23e-03  19.37020  cudaMemAdvise
                     0.68  2.346971         2  1.173485  1.094996  1.251975  cuDeviceTotalMem
                     0.29  0.987301       194  5.09e-03  1.10e-04  0.210161  cuDeviceGetAttribute
                     0.03  0.110195         1  0.110195  0.110195  0.110195  cudaLaunchKernel
                     0.03  0.086034         2  0.043017  0.040029  0.046005  cuDeviceGetName
                     0.00  7.65e-03         2  3.82e-03  2.53e-03  5.11e-03  cuDeviceGetPCIBusId
                     0.00  1.51e-03         3  5.02e-04  2.34e-04  7.65e-04  cuDeviceGetCount
                     0.00  1.47e-03         4  3.66e-04  1.56e-04  6.89e-04  cuDeviceGet
                     0.00  4.19e-04         2  2.09e-04  1.72e-04  2.47e-04  cuDeviceGetUuid

==5726== Unified Memory profiling result:
Device "Tesla V100-PCIE-32GB (0)"
   Count  Avg Size  Min Size  Max Size  Total Size  Total Time  Name
    6155  42.590KB  4.0000KB  988.00KB  256.0000MB   33.534304ms  Host To Device
    1536  170.67KB  4.0000KB  0.9961MB  256.0000MB   22.385824ms  Device To Host
     555         -         -         -           -  133.156064ms  Gpu page fault groups
     128  2.0000MB  2.0000MB  2.0000MB  256.0000MB           -  Remote mapping from device
Total CPU Page faults: 2304
Total remote mappings to CPU: 128
