==49073== NVPROF is profiling process 49073, command: ./hotspot_054 2048 2 2 ../../../data/hotspot/temp_2048 ../../../data/hotspot/power_2048 output-adapt.out
==49073== Profiling application: ./hotspot_054 2048 2 2 ../../../data/hotspot/temp_2048 ../../../data/hotspot/power_2048 output-adapt.out
==49073== Profiling result:
            Type  Time(%)      Time     Calls       Avg       Min       Max  Name
                        %        ms                  ms        ms        ms
 GPU activities:   100.00  39.95076         1  39.95076  39.95076  39.95076  calculate_temp(int, float*, float*, float*, int, int, int, int, float, float, float, float, float, float)
      API calls:    96.83  241.6504         3  80.55012  0.024365  241.3851  cudaMallocManaged
                     1.59  3.970996         4  0.992749  2.41e-03  1.428039  cudaFree
                     0.94  2.341228         2  1.170614  1.110291  1.230937  cuDeviceTotalMem
                     0.41  1.013860       194  5.23e-03  1.10e-04  0.234518  cuDeviceGetAttribute
                     0.14  0.343826         3  0.114608  1.76e-03  0.278449  cudaMemAdvise
                     0.06  0.149013         1  0.149013  0.149013  0.149013  cudaLaunchKernel
                     0.03  0.082707         2  0.041353  0.039035  0.043672  cuDeviceGetName
                     0.00  6.30e-03         2  3.15e-03  1.40e-03  4.90e-03  cuDeviceGetPCIBusId
                     0.00  1.51e-03         4  3.78e-04  1.49e-04  8.34e-04  cuDeviceGet
                     0.00  1.14e-03         3  3.80e-04  1.27e-04  7.02e-04  cuDeviceGetCount
                     0.00  3.88e-04         2  1.94e-04  1.64e-04  2.24e-04  cuDeviceGetUuid

==49073== Unified Memory profiling result:
Device "Tesla V100-PCIE-32GB (0)"
   Count  Avg Size  Min Size  Max Size  Total Size  Total Time  Name
     433  37.838KB  4.0000KB  0.9883MB  16.00000MB    2.185536ms  Host To Device
      96  170.67KB  4.0000KB  0.9961MB  16.00000MB    1.390368ms  Device To Host
     258         -         -         -           -   45.801920ms  Gpu page fault groups
    2952  5.5498KB  4.0000KB  96.000KB  16.00000MB           -  Remote mapping from device
Total CPU Page faults: 144
Total remote mappings to CPU: 2952
