==33064== NVPROF is profiling process 33064, command: ./hotspot_152 256 2 2 ../../../data/hotspot/temp_256 ../../../data/hotspot/power_256 output-adapt.out
==33064== Profiling application: ./hotspot_152 256 2 2 ../../../data/hotspot/temp_256 ../../../data/hotspot/power_256 output-adapt.out
==33064== Profiling result:
            Type  Time(%)      Time     Calls       Avg       Min       Max  Name
                        %        ms                  ms        ms        ms
 GPU activities:   100.00  0.796154         1  0.796154  0.796154  0.796154  calculate_temp(int, float*, float*, float*, int, int, int, int, float, float, float, float, float, float)
      API calls:    98.55  242.0355         3  80.67849  0.013601  241.9914  cudaMallocManaged
                     0.90  2.203456         2  1.101728  1.095476  1.107980  cuDeviceTotalMem
                     0.40  0.989380       194  5.10e-03  1.11e-04  0.205514  cuDeviceGetAttribute
                     0.08  0.193657         4  0.048414  1.10e-03  0.153711  cudaFree
                     0.04  0.087953         2  0.043976  0.042883  0.045070  cuDeviceGetName
                     0.02  0.042831         1  0.042831  0.042831  0.042831  cudaLaunchKernel
                     0.01  0.034624         3  0.011541  4.41e-03  0.021999  cudaMemAdvise
                     0.00  7.71e-03         2  3.85e-03  2.58e-03  5.13e-03  cuDeviceGetPCIBusId
                     0.00  1.59e-03         4  3.97e-04  1.66e-04  6.63e-04  cuDeviceGet
                     0.00  1.44e-03         3  4.80e-04  1.55e-04  7.60e-04  cuDeviceGetCount
                     0.00  4.10e-04         2  2.05e-04  1.70e-04  2.40e-04  cuDeviceGetUuid

==33064== Unified Memory profiling result:
Device "Tesla V100-PCIE-32GB (0)"
   Count  Avg Size  Min Size  Max Size  Total Size  Total Time  Name
      20  25.600KB  4.0000KB  100.00KB  512.0000KB    0.077856ms  Host To Device
       6  42.666KB  4.0000KB  124.00KB  256.0000KB    0.024512ms  Device To Host
       5         -         -         -           -    0.785952ms  Gpu page fault groups
Total CPU Page faults: 7
