==39848== NVPROF is profiling process 39848, command: ./hotspot_034 256 2 2 ../../../data/hotspot/temp_256 ../../../data/hotspot/power_256 output-adapt.out
==39848== Profiling application: ./hotspot_034 256 2 2 ../../../data/hotspot/temp_256 ../../../data/hotspot/power_256 output-adapt.out
==39848== Profiling result:
            Type  Time(%)      Time     Calls       Avg       Min       Max  Name
                        %        ms                  ms        ms        ms
 GPU activities:   100.00  1.021818         1  1.021818  1.021818  1.021818  calculate_temp(int, float*, float*, float*, int, int, int, int, float, float, float, float, float, float)
      API calls:    98.44  242.2964         3  80.76548  0.012780  242.2699  cudaMallocManaged
                     0.98  2.419586         2  1.209793  1.183948  1.235638  cuDeviceTotalMem
                     0.41  1.002363       194  5.17e-03  1.10e-04  0.204632  cuDeviceGetAttribute
                     0.07  0.183614         4  0.045903  1.00e-03  0.141552  cudaFree
                     0.04  0.089358         2  0.044679  0.039641  0.049717  cuDeviceGetName
                     0.03  0.081696         3  0.027232  4.04e-03  0.068615  cudaMemAdvise
                     0.02  0.043308         1  0.043308  0.043308  0.043308  cudaLaunchKernel
                     0.00  6.73e-03         2  3.37e-03  1.96e-03  4.77e-03  cuDeviceGetPCIBusId
                     0.00  1.80e-03         4  4.50e-04  1.57e-04  8.77e-04  cuDeviceGet
                     0.00  1.36e-03         3  4.52e-04  1.33e-04  6.95e-04  cuDeviceGetCount
                     0.00  4.17e-04         2  2.08e-04  1.87e-04  2.30e-04  cuDeviceGetUuid

==39848== Unified Memory profiling result:
Device "Tesla V100-PCIE-32GB (0)"
   Count  Avg Size  Min Size  Max Size  Total Size  Total Time  Name
       6  42.666KB  4.0000KB  124.00KB  256.0000KB    0.024704ms  Device To Host
       8         -         -         -           -    1.129024ms  Gpu page fault groups
      33  23.273KB  4.0000KB  256.00KB  768.0000KB           -  Remote mapping from device
Total CPU Page faults: 7
Total remote mappings to CPU: 33
