==41820== NVPROF is profiling process 41820, command: ./hotspot_014 512 2 2 ../../../data/hotspot/temp_512 ../../../data/hotspot/power_512 output-adapt.out
==41820== Profiling application: ./hotspot_014 512 2 2 ../../../data/hotspot/temp_512 ../../../data/hotspot/power_512 output-adapt.out
==41820== Profiling result:
            Type  Time(%)      Time     Calls       Avg       Min       Max  Name
                        %        ms                  ms        ms        ms
 GPU activities:   100.00  10.03494         1  10.03494  10.03494  10.03494  calculate_temp(int, float*, float*, float*, int, int, int, int, float, float, float, float, float, float)
      API calls:    98.30  242.5465         3  80.84884  0.024689  242.4919  cudaMallocManaged
                     0.95  2.342706         2  1.171353  1.101569  1.241137  cuDeviceTotalMem
                     0.40  0.982541       194  5.06e-03  1.09e-04  0.205621  cuDeviceGetAttribute
                     0.26  0.640902         4  0.160225  4.89e-03  0.331793  cudaFree
                     0.04  0.099439         2  0.049719  0.047549  0.051890  cuDeviceGetName
                     0.03  0.071485         3  0.023828  3.74e-03  0.058925  cudaMemAdvise
                     0.02  0.045766         1  0.045766  0.045766  0.045766  cudaLaunchKernel
                     0.00  7.52e-03         2  3.76e-03  2.69e-03  4.82e-03  cuDeviceGetPCIBusId
                     0.00  1.41e-03         4  3.53e-04  1.72e-04  6.00e-04  cuDeviceGet
                     0.00  1.39e-03         3  4.63e-04  2.19e-04  7.48e-04  cuDeviceGetCount
                     0.00  4.06e-04         2  2.03e-04  1.56e-04  2.50e-04  cuDeviceGetUuid

==41820== Unified Memory profiling result:
Device "Tesla V100-PCIE-32GB (0)"
   Count  Avg Size  Min Size  Max Size  Total Size  Total Time  Name
      25  40.960KB  4.0000KB  504.00KB  1.000000MB    0.126720ms  Host To Device
      10  102.40KB  4.0000KB  508.00KB  1.000000MB    0.090240ms  Device To Host
      93         -         -         -           -   10.038272ms  Gpu page fault groups
     106  9.6602KB  4.0000KB  56.000KB  1.000000MB           -  Remote mapping from device
Total CPU Page faults: 11
Total remote mappings to CPU: 106
