==8798== NVPROF is profiling process 8798, command: ./hotspot_033 8192 2 2 ../../../data/hotspot/temp_8192 ../../../data/hotspot/power_8192 output-adapt.out
==8798== Profiling application: ./hotspot_033 8192 2 2 ../../../data/hotspot/temp_8192 ../../../data/hotspot/power_8192 output-adapt.out
==8798== Profiling result:
            Type  Time(%)      Time     Calls       Avg       Min       Max  Name
                        %        ms                  ms        ms        ms
 GPU activities:   100.00  203.7850         1  203.7850  203.7850  203.7850  calculate_temp(int, float*, float*, float*, int, int, int, int, float, float, float, float, float, float)
      API calls:    73.35  266.4764         3  88.82547  0.039822  266.1849  cudaMallocManaged
                    14.57  52.94699         4  13.23675  2.58e-03  18.40609  cudaFree
                    11.11  40.37337         3  13.45779  3.97e-03  21.51140  cudaMemAdvise
                     0.61  2.209364         2  1.104682  1.094732  1.114632  cuDeviceTotalMem
                     0.29  1.058852       194  5.46e-03  1.09e-04  0.230189  cuDeviceGetAttribute
                     0.04  0.144889         1  0.144889  0.144889  0.144889  cudaLaunchKernel
                     0.02  0.086410         2  0.043205  0.039461  0.046949  cuDeviceGetName
                     0.00  6.35e-03         2  3.17e-03  1.82e-03  4.53e-03  cuDeviceGetPCIBusId
                     0.00  1.64e-03         4  4.09e-04  1.80e-04  7.04e-04  cuDeviceGet
                     0.00  1.19e-03         3  3.95e-04  1.29e-04  7.72e-04  cuDeviceGetCount
                     0.00  4.20e-04         2  2.10e-04  1.67e-04  2.53e-04  cuDeviceGetUuid

==8798== Unified Memory profiling result:
Device "Tesla V100-PCIE-32GB (0)"
   Count  Avg Size  Min Size  Max Size  Total Size  Total Time  Name
    1536  170.67KB  4.0000KB  0.9961MB  256.0000MB   22.610848ms  Device To Host
     434         -         -         -           -   68.341824ms  Gpu page fault groups
    1024  768.00KB  64.000KB  2.0000MB  768.0000MB           -  Remote mapping from device
Total CPU Page faults: 2304
Total remote mappings to CPU: 1024
