==43181== NVPROF is profiling process 43181, command: ./hotspot_121 512 2 2 ../../../data/hotspot/temp_512 ../../../data/hotspot/power_512 output-adapt.out
==43181== Profiling application: ./hotspot_121 512 2 2 ../../../data/hotspot/temp_512 ../../../data/hotspot/power_512 output-adapt.out
==43181== Profiling result:
            Type  Time(%)      Time     Calls       Avg       Min       Max  Name
                        %        ms                  ms        ms        ms
 GPU activities:   100.00  1.398581         1  1.398581  1.398581  1.398581  calculate_temp(int, float*, float*, float*, int, int, int, int, float, float, float, float, float, float)
      API calls:    98.44  244.8572         3  81.61908  0.023353  244.8047  cudaMallocManaged
                     0.92  2.283043         2  1.141521  1.116547  1.166496  cuDeviceTotalMem
                     0.41  1.010312       194  5.21e-03  1.10e-04  0.225431  cuDeviceGetAttribute
                     0.16  0.385698         4  0.096424  2.00e-03  0.235444  cudaFree
                     0.03  0.086038         2  0.043019  0.039926  0.046112  cuDeviceGetName
                     0.03  0.068479         3  0.022826  2.80e-03  0.047689  cudaMemAdvise
                     0.02  0.044773         1  0.044773  0.044773  0.044773  cudaLaunchKernel
                     0.00  7.12e-03         2  3.56e-03  2.16e-03  4.96e-03  cuDeviceGetPCIBusId
                     0.00  1.44e-03         3  4.80e-04  1.96e-04  7.16e-04  cuDeviceGetCount
                     0.00  1.42e-03         4  3.55e-04  1.59e-04  5.52e-04  cuDeviceGet
                     0.00  4.15e-04         2  2.07e-04  1.75e-04  2.40e-04  cuDeviceGetUuid

==43181== Unified Memory profiling result:
Device "Tesla V100-PCIE-32GB (0)"
   Count  Avg Size  Min Size  Max Size  Total Size  Total Time  Name
      46  44.522KB  4.0000KB  496.00KB  2.000000MB    0.248576ms  Host To Device
      10  102.40KB  4.0000KB  508.00KB  1.000000MB    0.089856ms  Device To Host
       7         -         -         -           -    1.379328ms  Gpu page fault groups
Total CPU Page faults: 11
