==36063== NVPROF is profiling process 36063, command: ./hotspot_121 64 2 2 ../../../data/hotspot/temp_64 ../../../data/hotspot/power_64 output-adapt.out
==36063== Profiling application: ./hotspot_121 64 2 2 ../../../data/hotspot/temp_64 ../../../data/hotspot/power_64 output-adapt.out
==36063== Profiling result:
            Type  Time(%)      Time     Calls       Avg       Min       Max  Name
                        %        ms                  ms        ms        ms
 GPU activities:   100.00  0.440574         1  0.440574  0.440574  0.440574  calculate_temp(int, float*, float*, float*, int, int, int, int, float, float, float, float, float, float)
      API calls:    98.56  243.9466         3  81.31553  0.015240  243.9019  cudaMallocManaged
                     0.91  2.242118         2  1.121059  1.117846  1.124272  cuDeviceTotalMem
                     0.41  1.008764       194  5.20e-03  1.10e-04  0.206714  cuDeviceGetAttribute
                     0.05  0.130794         4  0.032698  1.03e-03  0.089454  cudaFree
                     0.03  0.082865         2  0.041432  0.039237  0.043628  cuDeviceGetName
                     0.02  0.046648         1  0.046648  0.046648  0.046648  cudaLaunchKernel
                     0.01  0.034958         3  0.011652  7.92e-03  0.017945  cudaMemAdvise
                     0.00  6.24e-03         2  3.12e-03  1.51e-03  4.72e-03  cuDeviceGetPCIBusId
                     0.00  1.36e-03         4  3.40e-04  1.76e-04  5.70e-04  cuDeviceGet
                     0.00  1.22e-03         3  4.07e-04  1.25e-04  7.26e-04  cuDeviceGetCount
                     0.00  4.14e-04         2  2.07e-04  1.74e-04  2.40e-04  cuDeviceGetUuid

==36063== Unified Memory profiling result:
Device "Tesla V100-PCIE-32GB (0)"
   Count  Avg Size  Min Size  Max Size  Total Size  Total Time  Name
       3  16.000KB  16.000KB  16.000KB  48.00000KB  8.8960e-03ms  Host To Device
       2  8.0000KB  4.0000KB  12.000KB  16.00000KB  2.9760e-03ms  Device To Host
       2         -         -         -           -    0.434912ms  Gpu page fault groups
Total CPU Page faults: 2
