==53845== NVPROF is profiling process 53845, command: ./hotspot_022 4096 2 2 ../../../data/hotspot/temp_4096 ../../../data/hotspot/power_4096 output-adapt.out
==53845== Profiling application: ./hotspot_022 4096 2 2 ../../../data/hotspot/temp_4096 ../../../data/hotspot/power_4096 output-adapt.out
==53845== Profiling result:
            Type  Time(%)      Time     Calls       Avg       Min       Max  Name
                        %        ms                  ms        ms        ms
 GPU activities:   100.00  42.19440         1  42.19440  42.19440  42.19440  calculate_temp(int, float*, float*, float*, int, int, int, int, float, float, float, float, float, float)
      API calls:    90.93  239.5682         3  79.85607  0.045065  239.3168  cudaMallocManaged
                     7.36  19.38088         4  4.845219  3.60e-03  7.519878  cudaFree
                     0.89  2.338526         2  1.169263  1.095793  1.242733  cuDeviceTotalMem
                     0.38  1.003276       194  5.17e-03  1.09e-04  0.204142  cuDeviceGetAttribute
                     0.35  0.923776         3  0.307925  3.14e-03  0.614015  cudaMemAdvise
                     0.05  0.140494         1  0.140494  0.140494  0.140494  cudaLaunchKernel
                     0.03  0.087853         2  0.043926  0.040024  0.047829  cuDeviceGetName
                     0.00  6.83e-03         2  3.41e-03  1.54e-03  5.28e-03  cuDeviceGetPCIBusId
                     0.00  1.64e-03         4  4.10e-04  1.81e-04  8.07e-04  cuDeviceGet
                     0.00  1.17e-03         3  3.90e-04  1.22e-04  7.63e-04  cuDeviceGetCount
                     0.00  4.29e-04         2  2.14e-04  1.79e-04  2.50e-04  cuDeviceGetUuid

==53845== Unified Memory profiling result:
Device "Tesla V100-PCIE-32GB (0)"
   Count  Avg Size  Min Size  Max Size  Total Size  Total Time  Name
    3636  36.048KB  4.0000KB  0.9805MB  128.0000MB   17.948928ms  Host To Device
     384  170.67KB  4.0000KB  0.9961MB  64.00000MB    5.593184ms  Device To Host
     148         -         -         -           -   41.370624ms  Gpu page fault groups
Total CPU Page faults: 576
