==45382== NVPROF is profiling process 45382, command: ./hotspot_100 1024 2 2 ../../../data/hotspot/temp_1024 ../../../data/hotspot/power_1024 output-adapt.out
==45382== Profiling application: ./hotspot_100 1024 2 2 ../../../data/hotspot/temp_1024 ../../../data/hotspot/power_1024 output-adapt.out
==45382== Profiling result:
            Type  Time(%)      Time     Calls       Avg       Min       Max  Name
                        %        ms                  ms        ms        ms
 GPU activities:   100.00  3.504613         1  3.504613  3.504613  3.504613  calculate_temp(int, float*, float*, float*, int, int, int, int, float, float, float, float, float, float)
      API calls:    98.12  241.6301         3  80.54335  0.025822  241.5657  cudaMallocManaged
                     0.91  2.252129         2  1.126064  1.105877  1.146252  cuDeviceTotalMem
                     0.46  1.128489         4  0.282122  2.44e-03  0.477173  cudaFree
                     0.45  1.105296       194  5.70e-03  1.09e-04  0.244297  cuDeviceGetAttribute
                     0.04  0.092608         2  0.046304  0.043994  0.048614  cuDeviceGetName
                     0.02  0.043940         1  0.043940  0.043940  0.043940  cudaLaunchKernel
                     0.00  7.34e-03         2  3.67e-03  2.30e-03  5.04e-03  cuDeviceGetPCIBusId
                     0.00  2.78e-03         3  9.25e-04  4.30e-04  1.85e-03  cuDeviceGetCount
                     0.00  1.58e-03         4  3.93e-04  1.91e-04  8.39e-04  cuDeviceGet
                     0.00  4.11e-04         2  2.05e-04  1.68e-04  2.43e-04  cuDeviceGetUuid

==45382== Unified Memory profiling result:
Device "Tesla V100-PCIE-32GB (0)"
   Count  Avg Size  Min Size  Max Size  Total Size  Total Time  Name
      70  117.03KB  4.0000KB  984.00KB  8.000000MB    0.804160ms  Host To Device
      24  170.67KB  4.0000KB  0.9961MB  4.000000MB    0.344768ms  Device To Host
      20         -         -         -           -    3.438560ms  Gpu page fault groups
Total CPU Page faults: 36
