==41558== NVPROF is profiling process 41558, command: ./hotspot_002 512 2 2 ../../../data/hotspot/temp_512 ../../../data/hotspot/power_512 output-adapt.out
==41558== Profiling application: ./hotspot_002 512 2 2 ../../../data/hotspot/temp_512 ../../../data/hotspot/power_512 output-adapt.out
==41558== Profiling result:
            Type  Time(%)      Time     Calls       Avg       Min       Max  Name
                        %        ms                  ms        ms        ms
 GPU activities:   100.00  1.661621         1  1.661621  1.661621  1.661621  calculate_temp(int, float*, float*, float*, int, int, int, int, float, float, float, float, float, float)
      API calls:    98.40  239.8444         3  79.94814  0.012567  239.8077  cudaMallocManaged
                     0.91  2.217027         2  1.108513  1.098994  1.118033  cuDeviceTotalMem
                     0.47  1.139158       194  5.87e-03  1.09e-04  0.286297  cuDeviceGetAttribute
                     0.14  0.338952         4  0.084738  2.07e-03  0.197467  cudaFree
                     0.05  0.132315         2  0.066157  0.052204  0.080111  cuDeviceGetName
                     0.02  0.042364         1  0.042364  0.042364  0.042364  cudaLaunchKernel
                     0.01  0.019277         1  0.019277  0.019277  0.019277  cudaMemAdvise
                     0.00  7.23e-03         2  3.62e-03  2.13e-03  5.10e-03  cuDeviceGetPCIBusId
                     0.00  1.61e-03         4  4.01e-04  1.94e-04  7.90e-04  cuDeviceGet
                     0.00  1.52e-03         3  5.05e-04  2.29e-04  7.17e-04  cuDeviceGetCount
                     0.00  4.17e-04         2  2.08e-04  1.70e-04  2.47e-04  cuDeviceGetUuid

==41558== Unified Memory profiling result:
Device "Tesla V100-PCIE-32GB (0)"
   Count  Avg Size  Min Size  Max Size  Total Size  Total Time  Name
      40  51.199KB  4.0000KB  444.00KB  2.000000MB    0.255136ms  Host To Device
      10  102.40KB  4.0000KB  508.00KB  1.000000MB    0.092192ms  Device To Host
      10         -         -         -           -    1.637760ms  Gpu page fault groups
Total CPU Page faults: 11
