==45082== NVPROF is profiling process 45082, command: ./hotspot_044 1024 2 2 ../../../data/hotspot/temp_1024 ../../../data/hotspot/power_1024 output-adapt.out
==45082== Profiling application: ./hotspot_044 1024 2 2 ../../../data/hotspot/temp_1024 ../../../data/hotspot/power_1024 output-adapt.out
==45082== Profiling result:
            Type  Time(%)      Time     Calls       Avg       Min       Max  Name
                        %        ms                  ms        ms        ms
 GPU activities:   100.00  15.60721         1  15.60721  15.60721  15.60721  calculate_temp(int, float*, float*, float*, int, int, int, int, float, float, float, float, float, float)
      API calls:    98.04  243.0695         3  81.02317  0.025575  243.0065  cudaMallocManaged
                     0.94  2.338226         2  1.169113  1.137430  1.200796  cuDeviceTotalMem
                     0.52  1.282745         4  0.320686  2.25e-03  0.522857  cudaFree
                     0.42  1.033205       194  5.32e-03  1.07e-04  0.223388  cuDeviceGetAttribute
                     0.04  0.092530         2  0.046265  0.045185  0.047345  cuDeviceGetName
                     0.02  0.047316         1  0.047316  0.047316  0.047316  cudaLaunchKernel
                     0.02  0.045129         3  0.015043  1.88e-03  0.028507  cudaMemAdvise
                     0.00  7.14e-03         2  3.57e-03  2.05e-03  5.10e-03  cuDeviceGetPCIBusId
                     0.00  1.40e-03         4  3.50e-04  1.46e-04  6.42e-04  cuDeviceGet
                     0.00  1.32e-03         3  4.38e-04  2.49e-04  7.35e-04  cuDeviceGetCount
                     0.00  3.89e-04         2  1.94e-04  1.73e-04  2.16e-04  cuDeviceGetUuid

==45082== Unified Memory profiling result:
Device "Tesla V100-PCIE-32GB (0)"
   Count  Avg Size  Min Size  Max Size  Total Size  Total Time  Name
      87         -         -         -           -   16.900960ms  Gpu page fault groups
     309  39.767KB  4.0000KB  2.0000MB  12.00000MB           -  Remote mapping from device
Total CPU Page faults: 26
Total remote mappings to CPU: 309
