==34794== NVPROF is profiling process 34794, command: ./hotspot_140 2048 2 2 ../../../data/hotspot/temp_2048 ../../../data/hotspot/power_2048 output-adapt.out
==34794== Profiling application: ./hotspot_140 2048 2 2 ../../../data/hotspot/temp_2048 ../../../data/hotspot/power_2048 output-adapt.out
==34794== Profiling result:
            Type  Time(%)      Time     Calls       Avg       Min       Max  Name
                        %        ms                  ms        ms        ms
 GPU activities:   100.00  43.10827         1  43.10827  43.10827  43.10827  calculate_temp(int, float*, float*, float*, int, int, int, int, float, float, float, float, float, float)
      API calls:    96.32  245.0919         3  81.69731  0.024114  244.8144  cudaMallocManaged
                     2.16  5.487372         4  1.371843  3.95e-03  1.938500  cudaFree
                     0.91  2.315775         2  1.157887  1.128833  1.186942  cuDeviceTotalMem
                     0.42  1.058409       194  5.46e-03  1.10e-04  0.238608  cuDeviceGetAttribute
                     0.10  0.264439         2  0.132219  2.48e-03  0.261959  cudaMemAdvise
                     0.06  0.147050         1  0.147050  0.147050  0.147050  cudaLaunchKernel
                     0.04  0.089422         2  0.044711  0.042813  0.046609  cuDeviceGetName
                     0.00  5.96e-03         2  2.98e-03  1.45e-03  4.51e-03  cuDeviceGetPCIBusId
                     0.00  1.42e-03         4  3.56e-04  1.43e-04  7.85e-04  cuDeviceGet
                     0.00  1.28e-03         3  4.26e-04  1.40e-04  6.95e-04  cuDeviceGetCount
                     0.00  4.66e-04         2  2.33e-04  2.06e-04  2.60e-04  cuDeviceGetUuid

==34794== Unified Memory profiling result:
Device "Tesla V100-PCIE-32GB (0)"
   Count  Avg Size  Min Size  Max Size  Total Size  Total Time  Name
     417  39.290KB  4.0000KB  0.9883MB  16.00000MB    2.169664ms  Host To Device
     239         -         -         -           -   48.755616ms  Gpu page fault groups
    3058  10.715KB  4.0000KB  2.0000MB  32.00000MB           -  Remote mapping from device
Total CPU Page faults: 104
Total remote mappings to CPU: 3058
