==39289== NVPROF is profiling process 39289, command: ./hotspot_005 256 2 2 ../../../data/hotspot/temp_256 ../../../data/hotspot/power_256 output-adapt.out
==39289== Profiling application: ./hotspot_005 256 2 2 ../../../data/hotspot/temp_256 ../../../data/hotspot/power_256 output-adapt.out
==39289== Profiling result:
            Type  Time(%)      Time     Calls       Avg       Min       Max  Name
                        %        ms                  ms        ms        ms
 GPU activities:   100.00  0.969081         1  0.969081  0.969081  0.969081  calculate_temp(int, float*, float*, float*, int, int, int, int, float, float, float, float, float, float)
      API calls:    98.49  247.9739         3  82.65798  0.013622  247.9313  cudaMallocManaged
                     0.88  2.223755         2  1.111877  1.098112  1.125643  cuDeviceTotalMem
                     0.45  1.135349       194  5.85e-03  1.11e-04  0.264176  cuDeviceGetAttribute
                     0.11  0.265367         4  0.066341  1.10e-03  0.215449  cudaFree
                     0.03  0.087119         2  0.043559  0.040808  0.046311  cuDeviceGetName
                     0.02  0.044465         1  0.044465  0.044465  0.044465  cudaLaunchKernel
                     0.01  0.024876         1  0.024876  0.024876  0.024876  cudaMemAdvise
                     0.00  8.09e-03         2  4.04e-03  1.74e-03  6.35e-03  cuDeviceGetPCIBusId
                     0.00  1.75e-03         4  4.36e-04  1.84e-04  9.37e-04  cuDeviceGet
                     0.00  1.43e-03         3  4.77e-04  1.20e-04  8.48e-04  cuDeviceGetCount
                     0.00  5.74e-04         2  2.87e-04  1.85e-04  3.89e-04  cuDeviceGetUuid

==39289== Unified Memory profiling result:
Device "Tesla V100-PCIE-32GB (0)"
   Count  Avg Size  Min Size  Max Size  Total Size  Total Time  Name
      21  24.381KB  4.0000KB  64.000KB  512.0000KB    0.079296ms  Host To Device
       6  42.666KB  4.0000KB  124.00KB  256.0000KB    0.024864ms  Device To Host
       6         -         -         -           -    0.954336ms  Gpu page fault groups
Total CPU Page faults: 7
