==10248== NVPROF is profiling process 10248, command: ./hotspot_040 8192 2 2 ../../../data/hotspot/temp_8192 ../../../data/hotspot/power_8192 output-adapt.out
==10248== Profiling application: ./hotspot_040 8192 2 2 ../../../data/hotspot/temp_8192 ../../../data/hotspot/power_8192 output-adapt.out
==10248== Profiling result:
            Type  Time(%)      Time     Calls       Avg       Min       Max  Name
                        %        ms                  ms        ms        ms
 GPU activities:   100.00  620.4230         1  620.4230  620.4230  620.4230  calculate_temp(int, float*, float*, float*, int, int, int, int, float, float, float, float, float, float)
      API calls:    78.73  257.9606         3  85.98688  0.032689  257.6767  cudaMallocManaged
                    19.52  63.95380         4  15.98845  3.53e-03  26.63194  cudaFree
                     0.71  2.339877         2  1.169938  1.114135  1.225742  cuDeviceTotalMem
                     0.65  2.142684         2  1.071342  3.08e-03  2.139607  cudaMemAdvise
                     0.31  1.004879       194  5.18e-03  1.09e-04  0.219958  cuDeviceGetAttribute
                     0.05  0.147922         1  0.147922  0.147922  0.147922  cudaLaunchKernel
                     0.03  0.082849         2  0.041424  0.039336  0.043513  cuDeviceGetName
                     0.00  6.32e-03         2  3.16e-03  1.59e-03  4.72e-03  cuDeviceGetPCIBusId
                     0.00  1.36e-03         4  3.41e-04  1.58e-04  6.79e-04  cuDeviceGet
                     0.00  1.32e-03         3  4.38e-04  1.50e-04  7.22e-04  cuDeviceGetCount
                     0.00  4.41e-04         2  2.20e-04  2.01e-04  2.40e-04  cuDeviceGetUuid

==10248== Unified Memory profiling result:
Device "Tesla V100-PCIE-32GB (0)"
   Count  Avg Size  Min Size  Max Size  Total Size  Total Time  Name
    2828  42.865KB  4.0000KB  988.00KB  118.3828MB   15.596512ms  Host To Device
    3916         -         -         -           -  625.865760ms  Gpu page fault groups
   43698  10.710KB  4.0000KB  2.0000MB  457.0391MB           -  Remote mapping from device
Total CPU Page faults: 1664
Total remote mappings to CPU: 43698
