==40041== NVPROF is profiling process 40041, command: ./hotspot_044 256 2 2 ../../../data/hotspot/temp_256 ../../../data/hotspot/power_256 output-adapt.out
==40041== Profiling application: ./hotspot_044 256 2 2 ../../../data/hotspot/temp_256 ../../../data/hotspot/power_256 output-adapt.out
==40041== Profiling result:
            Type  Time(%)      Time     Calls       Avg       Min       Max  Name
                        %        ms                  ms        ms        ms
 GPU activities:   100.00  1.207480         1  1.207480  1.207480  1.207480  calculate_temp(int, float*, float*, float*, int, int, int, int, float, float, float, float, float, float)
      API calls:    98.49  241.7585         3  80.58616  0.012969  241.7319  cudaMallocManaged
                     0.93  2.287091         2  1.143545  1.105737  1.181354  cuDeviceTotalMem
                     0.43  1.046915       194  5.40e-03  1.06e-04  0.227961  cuDeviceGetAttribute
                     0.08  0.198976         4  0.049744  1.15e-03  0.122456  cudaFree
                     0.03  0.083162         2  0.041581  0.039289  0.043873  cuDeviceGetName
                     0.02  0.045228         1  0.045228  0.045228  0.045228  cudaLaunchKernel
                     0.01  0.029695         3  9.90e-03  2.96e-03  0.019191  cudaMemAdvise
                     0.00  5.75e-03         2  2.87e-03  1.50e-03  4.25e-03  cuDeviceGetPCIBusId
                     0.00  2.61e-03         3  8.70e-04  4.01e-04  1.81e-03  cuDeviceGetCount
                     0.00  1.67e-03         4  4.17e-04  1.79e-04  7.32e-04  cuDeviceGet
                     0.00  4.26e-04         2  2.13e-04  1.86e-04  2.40e-04  cuDeviceGetUuid

==40041== Unified Memory profiling result:
Device "Tesla V100-PCIE-32GB (0)"
   Count  Avg Size  Min Size  Max Size  Total Size  Total Time  Name
       9         -         -         -           -    1.330464ms  Gpu page fault groups
      41  18.731KB  4.0000KB  256.00KB  768.0000KB           -  Remote mapping from device
Total CPU Page faults: 5
Total remote mappings to CPU: 41
