==33423== NVPROF is profiling process 33423, command: ./hotspot_141 512 2 2 ../../../data/hotspot/temp_512 ../../../data/hotspot/power_512 output-adapt.out
==33423== Profiling application: ./hotspot_141 512 2 2 ../../../data/hotspot/temp_512 ../../../data/hotspot/power_512 output-adapt.out
==33423== Profiling result:
            Type  Time(%)      Time     Calls       Avg       Min       Max  Name
                        %        ms                  ms        ms        ms
 GPU activities:   100.00  3.420873         1  3.420873  3.420873  3.420873  calculate_temp(int, float*, float*, float*, int, int, int, int, float, float, float, float, float, float)
      API calls:    98.32  244.6018         3  81.53392  0.025317  244.5506  cudaMallocManaged
                     0.90  2.231628         2  1.115814  1.107967  1.123661  cuDeviceTotalMem
                     0.45  1.107868       194  5.71e-03  1.08e-04  0.276687  cuDeviceGetAttribute
                     0.25  0.631242         4  0.157810  4.86e-03  0.329759  cudaFree
                     0.03  0.084908         2  0.042454  0.041136  0.043772  cuDeviceGetName
                     0.03  0.077177         3  0.025725  2.93e-03  0.053319  cudaMemAdvise
                     0.02  0.045611         1  0.045611  0.045611  0.045611  cudaLaunchKernel
                     0.00  5.92e-03         2  2.96e-03  1.42e-03  4.50e-03  cuDeviceGetPCIBusId
                     0.00  1.59e-03         4  3.98e-04  1.70e-04  8.51e-04  cuDeviceGet
                     0.00  1.16e-03         3  3.85e-04  1.55e-04  6.94e-04  cuDeviceGetCount
                     0.00  4.34e-04         2  2.17e-04  1.68e-04  2.66e-04  cuDeviceGetUuid

==33423== Unified Memory profiling result:
Device "Tesla V100-PCIE-32GB (0)"
   Count  Avg Size  Min Size  Max Size  Total Size  Total Time  Name
      19  53.895KB  4.0000KB  492.00KB  1.000000MB    0.117472ms  Host To Device
      22         -         -         -           -    3.552000ms  Gpu page fault groups
      59  34.711KB  4.0000KB  1.0000MB  2.000000MB           -  Remote mapping from device
Total CPU Page faults: 7
Total remote mappings to CPU: 59
