==10772== NVPROF is profiling process 10772, command: ./hotspot_041 8192 2 2 ../../../data/hotspot/temp_8192 ../../../data/hotspot/power_8192 output-adapt.out
==10772== Profiling application: ./hotspot_041 8192 2 2 ../../../data/hotspot/temp_8192 ../../../data/hotspot/power_8192 output-adapt.out
==10772== Profiling result:
            Type  Time(%)      Time     Calls       Avg       Min       Max  Name
                        %        ms                  ms        ms        ms
 GPU activities:   100.00  605.1882         1  605.1882  605.1882  605.1882  calculate_temp(int, float*, float*, float*, int, int, int, int, float, float, float, float, float, float)
      API calls:    75.94  241.7965         3  80.59883  0.031531  241.5822  cudaMallocManaged
                    18.88  60.11255         4  15.02814  2.31e-03  22.76538  cudaFree
                     4.03  12.82624         3  4.275413  3.09e-03  10.64245  cudaMemAdvise
                     0.74  2.355999         2  1.177999  1.148866  1.207133  cuDeviceTotalMem
                     0.35  1.103813       194  5.69e-03  1.08e-04  0.266575  cuDeviceGetAttribute
                     0.03  0.108674         1  0.108674  0.108674  0.108674  cudaLaunchKernel
                     0.03  0.084846         2  0.042423  0.039712  0.045134  cuDeviceGetName
                     0.00  6.97e-03         2  3.49e-03  2.17e-03  4.81e-03  cuDeviceGetPCIBusId
                     0.00  1.34e-03         4  3.33e-04  1.70e-04  6.52e-04  cuDeviceGet
                     0.00  1.22e-03         3  4.08e-04  1.74e-04  7.80e-04  cuDeviceGetCount
                     0.00  4.08e-04         2  2.04e-04  1.68e-04  2.40e-04  cuDeviceGetUuid

==10772== Unified Memory profiling result:
Device "Tesla V100-PCIE-32GB (0)"
   Count  Avg Size  Min Size  Max Size  Total Size  Total Time  Name
    6047  43.351KB  4.0000KB  0.9961MB  256.0000MB   33.679648ms  Host To Device
    4066         -         -         -           -  634.201536ms  Gpu page fault groups
   45418  10.631KB  4.0000KB  2.0000MB  471.5508MB           -  Remote mapping from device
Total CPU Page faults: 1664
Total remote mappings to CPU: 45418
