==45157== NVPROF is profiling process 45157, command: ./hotspot_050 1024 2 2 ../../../data/hotspot/temp_1024 ../../../data/hotspot/power_1024 output-adapt.out
==45157== Profiling application: ./hotspot_050 1024 2 2 ../../../data/hotspot/temp_1024 ../../../data/hotspot/power_1024 output-adapt.out
==45157== Profiling result:
            Type  Time(%)      Time     Calls       Avg       Min       Max  Name
                        %        ms                  ms        ms        ms
 GPU activities:   100.00  4.013537         1  4.013537  4.013537  4.013537  calculate_temp(int, float*, float*, float*, int, int, int, int, float, float, float, float, float, float)
      API calls:    98.11  241.1117         3  80.37057  0.026251  241.0245  cudaMallocManaged
                     0.92  2.253931         2  1.126965  1.109908  1.144023  cuDeviceTotalMem
                     0.46  1.120808         4  0.280202  2.30e-03  0.521335  cudaFree
                     0.42  1.039496       194  5.36e-03  1.09e-04  0.233937  cuDeviceGetAttribute
                     0.03  0.084959         2  0.042479  0.041524  0.043435  cuDeviceGetName
                     0.03  0.081724         2  0.040862  1.54e-03  0.080187  cudaMemAdvise
                     0.02  0.046393         1  0.046393  0.046393  0.046393  cudaLaunchKernel
                     0.00  6.43e-03         2  3.21e-03  1.64e-03  4.79e-03  cuDeviceGetPCIBusId
                     0.00  1.61e-03         4  4.03e-04  1.71e-04  8.20e-04  cuDeviceGet
                     0.00  1.43e-03         3  4.76e-04  1.32e-04  7.61e-04  cuDeviceGetCount
                     0.00  4.52e-04         2  2.26e-04  1.64e-04  2.88e-04  cuDeviceGetUuid

==45157== Unified Memory profiling result:
Device "Tesla V100-PCIE-32GB (0)"
   Count  Avg Size  Min Size  Max Size  Total Size  Total Time  Name
      69  118.73KB  4.0000KB  984.00KB  8.000000MB    0.816352ms  Host To Device
      24  170.67KB  4.0000KB  0.9961MB  4.000000MB    0.342656ms  Device To Host
      21         -         -         -           -    3.949568ms  Gpu page fault groups
Total CPU Page faults: 36
