==41951== NVPROF is profiling process 41951, command: ./hotspot_022 512 2 2 ../../../data/hotspot/temp_512 ../../../data/hotspot/power_512 output-adapt.out
==41951== Profiling application: ./hotspot_022 512 2 2 ../../../data/hotspot/temp_512 ../../../data/hotspot/power_512 output-adapt.out
==41951== Profiling result:
            Type  Time(%)      Time     Calls       Avg       Min       Max  Name
                        %        ms                  ms        ms        ms
 GPU activities:   100.00  1.391383         1  1.391383  1.391383  1.391383  calculate_temp(int, float*, float*, float*, int, int, int, int, float, float, float, float, float, float)
      API calls:    98.47  241.3612         3  80.45373  0.012764  241.3242  cudaMallocManaged
                     0.90  2.206397         2  1.103198  1.092175  1.114222  cuDeviceTotalMem
                     0.42  1.038444       194  5.35e-03  1.07e-04  0.226274  cuDeviceGetAttribute
                     0.14  0.338818         4  0.084704  1.77e-03  0.196696  cudaFree
                     0.04  0.093961         2  0.046980  0.042731  0.051230  cuDeviceGetName
                     0.02  0.047014         1  0.047014  0.047014  0.047014  cudaLaunchKernel
                     0.01  0.027506         3  9.17e-03  3.24e-03  0.019230  cudaMemAdvise
                     0.00  6.01e-03         2  3.00e-03  1.58e-03  4.42e-03  cuDeviceGetPCIBusId
                     0.00  1.34e-03         3  4.47e-04  1.64e-04  7.01e-04  cuDeviceGetCount
                     0.00  1.32e-03         4  3.29e-04  1.61e-04  5.19e-04  cuDeviceGet
                     0.00  4.35e-04         2  2.17e-04  1.76e-04  2.59e-04  cuDeviceGetUuid

==41951== Unified Memory profiling result:
Device "Tesla V100-PCIE-32GB (0)"
   Count  Avg Size  Min Size  Max Size  Total Size  Total Time  Name
      42  48.762KB  4.0000KB  484.00KB  2.000000MB    0.247968ms  Host To Device
      10  102.40KB  4.0000KB  508.00KB  1.000000MB    0.092320ms  Device To Host
       7         -         -         -           -    1.371776ms  Gpu page fault groups
Total CPU Page faults: 11
