==4228== NVPROF is profiling process 4228, command: ./hotspot_020 8192 2 2 ../../../data/hotspot/temp_8192 ../../../data/hotspot/power_8192 output-adapt.out
==4228== Profiling application: ./hotspot_020 8192 2 2 ../../../data/hotspot/temp_8192 ../../../data/hotspot/power_8192 output-adapt.out
==4228== Profiling result:
            Type  Time(%)      Time     Calls       Avg       Min       Max  Name
                        %        ms                  ms        ms        ms
 GPU activities:   100.00  160.3867         1  160.3867  160.3867  160.3867  calculate_temp(int, float*, float*, float*, int, int, int, int, float, float, float, float, float, float)
      API calls:    79.68  241.3135         3  80.43782  0.038851  241.0882  cudaMallocManaged
                    18.33  55.52461         4  13.88115  2.96e-03  19.71478  cudaFree
                     0.76  2.303222         2  1.151611  1.117431  1.185791  cuDeviceTotalMem
                     0.69  2.102285       194  0.010836  1.11e-04  1.193967  cuDeviceGetAttribute
                     0.46  1.391669         2  0.695834  2.93e-03  1.388744  cudaMemAdvise
                     0.04  0.111464         1  0.111464  0.111464  0.111464  cudaLaunchKernel
                     0.03  0.083660         2  0.041830  0.039569  0.044091  cuDeviceGetName
                     0.00  7.71e-03         2  3.85e-03  2.29e-03  5.42e-03  cuDeviceGetPCIBusId
                     0.00  1.49e-03         4  3.71e-04  1.60e-04  6.60e-04  cuDeviceGet
                     0.00  1.31e-03         3  4.36e-04  1.26e-04  7.14e-04  cuDeviceGetCount
                     0.00  6.63e-04         2  3.31e-04  2.67e-04  3.96e-04  cuDeviceGetUuid

==4228== Unified Memory profiling result:
Device "Tesla V100-PCIE-32GB (0)"
   Count  Avg Size  Min Size  Max Size  Total Size  Total Time  Name
    9613  40.126KB  4.0000KB  988.00KB  376.6914MB   51.033184ms  Host To Device
    1534  170.85KB  4.0000KB  0.9961MB  255.9375MB   22.262784ms  Device To Host
     236         -         -         -           -   63.840480ms  Gpu page fault groups
Total CPU Page faults: 2304
