==39461== NVPROF is profiling process 39461, command: ./hotspot_014 256 2 2 ../../../data/hotspot/temp_256 ../../../data/hotspot/power_256 output-adapt.out
==39461== Profiling application: ./hotspot_014 256 2 2 ../../../data/hotspot/temp_256 ../../../data/hotspot/power_256 output-adapt.out
==39461== Profiling result:
            Type  Time(%)      Time     Calls       Avg       Min       Max  Name
                        %        ms                  ms        ms        ms
 GPU activities:   100.00  2.631245         1  2.631245  2.631245  2.631245  calculate_temp(int, float*, float*, float*, int, int, int, int, float, float, float, float, float, float)
      API calls:    98.47  260.4486         3  86.81620  0.012821  260.4196  cudaMallocManaged
                     0.87  2.305299         2  1.152649  1.133421  1.171878  cuDeviceTotalMem
                     0.44  1.153365       194  5.94e-03  1.11e-04  0.261757  cuDeviceGetAttribute
                     0.14  0.383241         4  0.095810  2.89e-03  0.262859  cudaFree
                     0.03  0.091615         2  0.045807  0.042193  0.049422  cuDeviceGetName
                     0.02  0.056991         3  0.018997  9.44e-03  0.037828  cudaMemAdvise
                     0.02  0.050975         1  0.050975  0.050975  0.050975  cudaLaunchKernel
                     0.00  8.02e-03         2  4.01e-03  1.77e-03  6.25e-03  cuDeviceGetPCIBusId
                     0.00  1.72e-03         4  4.29e-04  1.82e-04  8.45e-04  cuDeviceGet
                     0.00  1.65e-03         3  5.49e-04  1.21e-04  8.84e-04  cuDeviceGetCount
                     0.00  4.87e-04         2  2.43e-04  2.27e-04  2.60e-04  cuDeviceGetUuid

==39461== Unified Memory profiling result:
Device "Tesla V100-PCIE-32GB (0)"
   Count  Avg Size  Min Size  Max Size  Total Size  Total Time  Name
      12  21.333KB  4.0000KB  76.000KB  256.0000KB    0.041344ms  Host To Device
       6  42.666KB  4.0000KB  124.00KB  256.0000KB    0.025152ms  Device To Host
      34         -         -         -           -    2.678624ms  Gpu page fault groups
      22  11.636KB  4.0000KB  36.000KB  256.0000KB           -  Remote mapping from device
Total CPU Page faults: 7
Total remote mappings to CPU: 22
