==23743== NVPROF is profiling process 23743, command: ./hotspot_123 8192 2 2 ../../../data/hotspot/temp_8192 ../../../data/hotspot/power_8192 output-adapt.out
==23743== Profiling application: ./hotspot_123 8192 2 2 ../../../data/hotspot/temp_8192 ../../../data/hotspot/power_8192 output-adapt.out
==23743== Profiling result:
            Type  Time(%)      Time     Calls       Avg       Min       Max  Name
                        %        ms                  ms        ms        ms
 GPU activities:   100.00  195.3279         1  195.3279  195.3279  195.3279  calculate_temp(int, float*, float*, float*, int, int, int, int, float, float, float, float, float, float)
      API calls:    76.26  244.8241         3  81.60804  0.065090  244.5180  cudaMallocManaged
                    15.68  50.35548         4  12.58887  3.12e-03  17.94005  cudaFree
                     6.94  22.26637         3  7.422121  3.01e-03  20.22218  cudaMemAdvise
                     0.73  2.334261         2  1.167130  1.126204  1.208057  cuDeviceTotalMem
                     0.32  1.030564       194  5.31e-03  1.11e-04  0.228636  cuDeviceGetAttribute
                     0.05  0.153525         1  0.153525  0.153525  0.153525  cudaLaunchKernel
                     0.03  0.082660         2  0.041330  0.039193  0.043467  cuDeviceGetName
                     0.00  6.12e-03         2  3.06e-03  1.51e-03  4.61e-03  cuDeviceGetPCIBusId
                     0.00  1.53e-03         4  3.81e-04  1.90e-04  7.90e-04  cuDeviceGet
                     0.00  1.22e-03         3  4.05e-04  1.27e-04  7.19e-04  cuDeviceGetCount
                     0.00  4.54e-04         2  2.27e-04  1.84e-04  2.70e-04  cuDeviceGetUuid

==23743== Unified Memory profiling result:
Device "Tesla V100-PCIE-32GB (0)"
   Count  Avg Size  Min Size  Max Size  Total Size  Total Time  Name
    6163  42.534KB  4.0000KB  984.00KB  256.0000MB   33.538912ms  Host To Device
    1536  170.67KB  4.0000KB  0.9961MB  256.0000MB   22.401888ms  Device To Host
     555         -         -         -           -  134.578720ms  Gpu page fault groups
     128  2.0000MB  2.0000MB  2.0000MB  256.0000MB           -  Remote mapping from device
Total CPU Page faults: 2304
Total remote mappings to CPU: 128
