==48490== NVPROF is profiling process 48490, command: ./hotspot_041 2048 2 2 ../../../data/hotspot/temp_2048 ../../../data/hotspot/power_2048 output-adapt.out
==48490== Profiling application: ./hotspot_041 2048 2 2 ../../../data/hotspot/temp_2048 ../../../data/hotspot/power_2048 output-adapt.out
==48490== Profiling result:
            Type  Time(%)      Time     Calls       Avg       Min       Max  Name
                        %        ms                  ms        ms        ms
 GPU activities:   100.00  42.96556         1  42.96556  42.96556  42.96556  calculate_temp(int, float*, float*, float*, int, int, int, int, float, float, float, float, float, float)
      API calls:    96.53  241.5645         3  80.52151  0.024044  241.3554  cudaMallocManaged
                     1.73  4.327728         4  1.081932  2.67e-03  1.471103  cudaFree
                     0.93  2.326728         2  1.163364  1.134810  1.191918  cuDeviceTotalMem
                     0.43  1.081753       194  5.58e-03  1.09e-04  0.257832  cuDeviceGetAttribute
                     0.30  0.750925         3  0.250308  2.43e-03  0.646282  cudaMemAdvise
                     0.04  0.107031         1  0.107031  0.107031  0.107031  cudaLaunchKernel
                     0.03  0.085950         2  0.042975  0.039808  0.046142  cuDeviceGetName
                     0.00  6.98e-03         2  3.49e-03  2.04e-03  4.95e-03  cuDeviceGetPCIBusId
                     0.00  1.41e-03         4  3.52e-04  1.71e-04  6.03e-04  cuDeviceGet
                     0.00  1.30e-03         3  4.33e-04  1.42e-04  7.47e-04  cuDeviceGetCount
                     0.00  4.48e-04         2  2.24e-04  2.16e-04  2.32e-04  cuDeviceGetUuid

==48490== Unified Memory profiling result:
Device "Tesla V100-PCIE-32GB (0)"
   Count  Avg Size  Min Size  Max Size  Total Size  Total Time  Name
     394  41.583KB  4.0000KB  0.9844MB  16.00000MB    2.121920ms  Host To Device
     241         -         -         -           -   48.483136ms  Gpu page fault groups
    2785  11.766KB  4.0000KB  2.0000MB  32.00000MB           -  Remote mapping from device
Total CPU Page faults: 104
Total remote mappings to CPU: 2785
