==59557== NVPROF is profiling process 59557, command: ./hotspot_121 4096 2 2 ../../../data/hotspot/temp_4096 ../../../data/hotspot/power_4096 output-adapt.out
==59557== Profiling application: ./hotspot_121 4096 2 2 ../../../data/hotspot/temp_4096 ../../../data/hotspot/power_4096 output-adapt.out
==59557== Profiling result:
            Type  Time(%)      Time     Calls       Avg       Min       Max  Name
                        %        ms                  ms        ms        ms
 GPU activities:   100.00  41.12457         1  41.12457  41.12457  41.12457  calculate_temp(int, float*, float*, float*, int, int, int, int, float, float, float, float, float, float)
      API calls:    91.73  247.9017         3  82.63391  0.078996  247.5827  cudaMallocManaged
                     5.60  15.12473         4  3.781183  2.49e-03  5.262150  cudaFree
                     1.37  3.699358         3  1.233119  2.84e-03  2.999394  cudaMemAdvise
                     0.84  2.280436         2  1.140218  1.111101  1.169335  cuDeviceTotalMem
                     0.37  1.011677       194  5.21e-03  1.09e-04  0.206118  cuDeviceGetAttribute
                     0.04  0.121463         1  0.121463  0.121463  0.121463  cudaLaunchKernel
                     0.04  0.104115         2  0.052057  0.040649  0.063466  cuDeviceGetName
                     0.00  7.23e-03         2  3.61e-03  1.81e-03  5.42e-03  cuDeviceGetPCIBusId
                     0.00  2.83e-03         3  9.43e-04  4.04e-04  1.81e-03  cuDeviceGetCount
                     0.00  1.84e-03         4  4.60e-04  1.73e-04  8.61e-04  cuDeviceGet
                     0.00  4.25e-04         2  2.12e-04  1.78e-04  2.47e-04  cuDeviceGetUuid

==59557== Unified Memory profiling result:
Device "Tesla V100-PCIE-32GB (0)"
   Count  Avg Size  Min Size  Max Size  Total Size  Total Time  Name
    3700  35.425KB  4.0000KB  0.9805MB  128.0000MB   17.751488ms  Host To Device
     384  170.67KB  4.0000KB  0.9961MB  64.00000MB    5.613728ms  Device To Host
     146         -         -         -           -   40.284544ms  Gpu page fault groups
Total CPU Page faults: 576
