==33553== NVPROF is profiling process 33553, command: ./hotspot_145 512 2 2 ../../../data/hotspot/temp_512 ../../../data/hotspot/power_512 output-adapt.out
==33553== Profiling application: ./hotspot_145 512 2 2 ../../../data/hotspot/temp_512 ../../../data/hotspot/power_512 output-adapt.out
==33553== Profiling result:
            Type  Time(%)      Time     Calls       Avg       Min       Max  Name
                        %        ms                  ms        ms        ms
 GPU activities:   100.00  3.066251         1  3.066251  3.066251  3.066251  calculate_temp(int, float*, float*, float*, int, int, int, int, float, float, float, float, float, float)
      API calls:    98.35  244.7988         3  81.59959  0.012180  244.7624  cudaMallocManaged
                     0.92  2.280854         2  1.140427  1.135775  1.145079  cuDeviceTotalMem
                     0.43  1.072856       194  5.53e-03  1.10e-04  0.226710  cuDeviceGetAttribute
                     0.23  0.562050         4  0.140512  0.015613  0.313069  cudaFree
                     0.03  0.085150         2  0.042575  0.039818  0.045332  cuDeviceGetName
                     0.02  0.048748         1  0.048748  0.048748  0.048748  cudaLaunchKernel
                     0.02  0.042154         3  0.014051  2.58e-03  0.019931  cudaMemAdvise
                     0.00  7.34e-03         2  3.67e-03  2.27e-03  5.07e-03  cuDeviceGetPCIBusId
                     0.00  1.50e-03         4  3.74e-04  1.74e-04  6.37e-04  cuDeviceGet
                     0.00  1.40e-03         3  4.65e-04  2.27e-04  7.39e-04  cuDeviceGetCount
                     0.00  4.09e-04         2  2.04e-04  1.60e-04  2.49e-04  cuDeviceGetUuid

==33553== Unified Memory profiling result:
Device "Tesla V100-PCIE-32GB (0)"
   Count  Avg Size  Min Size  Max Size  Total Size  Total Time  Name
      19  53.895KB  4.0000KB  468.00KB  1.000000MB    0.116576ms  Host To Device
      20         -         -         -           -    3.264064ms  Gpu page fault groups
      67  30.566KB  4.0000KB  1.0000MB  2.000000MB           -  Remote mapping from device
Total CPU Page faults: 7
Total remote mappings to CPU: 67
