==34853== NVPROF is profiling process 34853, command: ./hotspot_141 2048 2 2 ../../../data/hotspot/temp_2048 ../../../data/hotspot/power_2048 output-adapt.out
==34853== Profiling application: ./hotspot_141 2048 2 2 ../../../data/hotspot/temp_2048 ../../../data/hotspot/power_2048 output-adapt.out
==34853== Profiling result:
            Type  Time(%)      Time     Calls       Avg       Min       Max  Name
                        %        ms                  ms        ms        ms
 GPU activities:   100.00  43.56564         1  43.56564  43.56564  43.56564  calculate_temp(int, float*, float*, float*, int, int, int, int, float, float, float, float, float, float)
      API calls:    96.30  245.2780         3  81.75934  0.023841  245.0009  cudaMallocManaged
                     1.92  4.894303         4  1.223575  2.28e-03  1.755520  cudaFree
                     0.91  2.319529         2  1.159764  1.124807  1.194722  cuDeviceTotalMem
                     0.39  0.993842       194  5.12e-03  1.10e-04  0.209737  cuDeviceGetAttribute
                     0.38  0.976136         3  0.325378  2.66e-03  0.720611  cudaMemAdvise
                     0.06  0.143218         1  0.143218  0.143218  0.143218  cudaLaunchKernel
                     0.03  0.083871         2  0.041935  0.039614  0.044257  cuDeviceGetName
                     0.00  6.50e-03         2  3.25e-03  1.47e-03  5.03e-03  cuDeviceGetPCIBusId
                     0.00  1.56e-03         4  3.88e-04  1.56e-04  7.38e-04  cuDeviceGet
                     0.00  1.49e-03         3  4.98e-04  1.24e-04  7.85e-04  cuDeviceGetCount
                     0.00  4.08e-04         2  2.04e-04  1.74e-04  2.34e-04  cuDeviceGetUuid

==34853== Unified Memory profiling result:
Device "Tesla V100-PCIE-32GB (0)"
   Count  Avg Size  Min Size  Max Size  Total Size  Total Time  Name
     378  43.344KB  4.0000KB  0.9883MB  16.00000MB    2.116320ms  Host To Device
     247         -         -         -           -   49.408320ms  Gpu page fault groups
    2831  11.574KB  4.0000KB  2.0000MB  32.00000MB           -  Remote mapping from device
Total CPU Page faults: 104
Total remote mappings to CPU: 2831
