==35169== NVPROF is profiling process 35169, command: ./hotspot_151 2048 2 2 ../../../data/hotspot/temp_2048 ../../../data/hotspot/power_2048 output-adapt.out
==35169== Profiling application: ./hotspot_151 2048 2 2 ../../../data/hotspot/temp_2048 ../../../data/hotspot/power_2048 output-adapt.out
==35169== Profiling result:
            Type  Time(%)      Time     Calls       Avg       Min       Max  Name
                        %        ms                  ms        ms        ms
 GPU activities:   100.00  14.57096         1  14.57096  14.57096  14.57096  calculate_temp(int, float*, float*, float*, int, int, int, int, float, float, float, float, float, float)
      API calls:    96.65  244.5724         3  81.52412  0.024491  244.2970  cudaMallocManaged
                     1.59  4.035292         4  1.008823  2.45e-03  1.456054  cudaFree
                     0.89  2.256748         2  1.128374  1.125447  1.131301  cuDeviceTotalMem
                     0.39  0.982507       194  5.06e-03  1.08e-04  0.201646  cuDeviceGetAttribute
                     0.39  0.977067         3  0.325689  4.04e-03  0.699118  cudaMemAdvise
                     0.05  0.131861         1  0.131861  0.131861  0.131861  cudaLaunchKernel
                     0.04  0.088630         2  0.044315  0.041680  0.046950  cuDeviceGetName
                     0.00  6.07e-03         2  3.03e-03  1.41e-03  4.65e-03  cuDeviceGetPCIBusId
                     0.00  2.26e-03         4  5.64e-04  1.79e-04  9.17e-04  cuDeviceGet
                     0.00  1.35e-03         3  4.50e-04  1.19e-04  7.06e-04  cuDeviceGetCount
                     0.00  4.77e-04         2  2.38e-04  2.12e-04  2.65e-04  cuDeviceGetUuid

==35169== Unified Memory profiling result:
Device "Tesla V100-PCIE-32GB (0)"
   Count  Avg Size  Min Size  Max Size  Total Size  Total Time  Name
     940  34.859KB  4.0000KB  0.9961MB  32.00000MB    4.457056ms  Host To Device
      96  170.67KB  4.0000KB  0.9961MB  16.00000MB    1.422112ms  Device To Host
      76         -         -         -           -   14.814624ms  Gpu page fault groups
Total CPU Page faults: 144
