==33032== NVPROF is profiling process 33032, command: ./hotspot_151 256 2 2 ../../../data/hotspot/temp_256 ../../../data/hotspot/power_256 output-adapt.out
==33032== Profiling application: ./hotspot_151 256 2 2 ../../../data/hotspot/temp_256 ../../../data/hotspot/power_256 output-adapt.out
==33032== Profiling result:
            Type  Time(%)      Time     Calls       Avg       Min       Max  Name
                        %        ms                  ms        ms        ms
 GPU activities:   100.00  0.997241         1  0.997241  0.997241  0.997241  calculate_temp(int, float*, float*, float*, int, int, int, int, float, float, float, float, float, float)
      API calls:    98.33  242.5805         3  80.86015  0.013669  242.5375  cudaMallocManaged
                     0.99  2.449780         2  1.224890  1.163760  1.286020  cuDeviceTotalMem
                     0.50  1.234287       194  6.36e-03  1.10e-04  0.273386  cuDeviceGetAttribute
                     0.09  0.228901         4  0.057225  1.28e-03  0.166516  cudaFree
                     0.04  0.110284         2  0.055142  0.043983  0.066301  cuDeviceGetName
                     0.02  0.051687         3  0.017229  8.33e-03  0.023295  cudaMemAdvise
                     0.02  0.046449         1  0.046449  0.046449  0.046449  cudaLaunchKernel
                     0.00  5.99e-03         2  3.00e-03  1.61e-03  4.38e-03  cuDeviceGetPCIBusId
                     0.00  1.60e-03         4  4.00e-04  1.72e-04  7.73e-04  cuDeviceGet
                     0.00  1.13e-03         3  3.76e-04  1.22e-04  7.41e-04  cuDeviceGetCount
                     0.00  4.56e-04         2  2.28e-04  1.97e-04  2.59e-04  cuDeviceGetUuid

==33032== Unified Memory profiling result:
Device "Tesla V100-PCIE-32GB (0)"
   Count  Avg Size  Min Size  Max Size  Total Size  Total Time  Name
      17  30.117KB  4.0000KB  88.000KB  512.0000KB    0.072352ms  Host To Device
       6  42.666KB  4.0000KB  124.00KB  256.0000KB    0.024736ms  Device To Host
       6         -         -         -           -    0.983232ms  Gpu page fault groups
Total CPU Page faults: 7
