==31759== NVPROF is profiling process 31759, command: ./hotspot_143 64 2 2 ../../../data/hotspot/temp_64 ../../../data/hotspot/power_64 output-adapt.out
==31759== Profiling application: ./hotspot_143 64 2 2 ../../../data/hotspot/temp_64 ../../../data/hotspot/power_64 output-adapt.out
==31759== Profiling result:
            Type  Time(%)      Time     Calls       Avg       Min       Max  Name
                        %        ms                  ms        ms        ms
 GPU activities:   100.00  0.231903         1  0.231903  0.231903  0.231903  calculate_temp(int, float*, float*, float*, int, int, int, int, float, float, float, float, float, float)
      API calls:    98.52  245.2988         3  81.76627  0.012344  245.2565  cudaMallocManaged
                     0.90  2.230098         2  1.115049  1.107212  1.122886  cuDeviceTotalMem
                     0.44  1.098050       194  5.66e-03  1.10e-04  0.221603  cuDeviceGetAttribute
                     0.06  0.161081         4  0.040270  1.30e-03  0.081913  cudaFree
                     0.03  0.082737         2  0.041368  0.039150  0.043587  cuDeviceGetName
                     0.02  0.058565         3  0.019521  7.15e-03  0.032775  cudaMemAdvise
                     0.02  0.045551         1  0.045551  0.045551  0.045551  cudaLaunchKernel
                     0.00  6.50e-03         2  3.25e-03  1.49e-03  5.01e-03  cuDeviceGetPCIBusId
                     0.00  1.47e-03         4  3.66e-04  1.60e-04  5.74e-04  cuDeviceGet
                     0.00  1.32e-03         3  4.41e-04  1.15e-04  7.02e-04  cuDeviceGetCount
                     0.00  4.32e-04         2  2.16e-04  1.84e-04  2.48e-04  cuDeviceGetUuid

==31759== Unified Memory profiling result:
Device "Tesla V100-PCIE-32GB (0)"
   Count  Avg Size  Min Size  Max Size  Total Size  Total Time  Name
       2         -         -         -           -    0.216160ms  Gpu page fault groups
       3  16.000KB  16.000KB  16.000KB  48.00000KB           -  Remote mapping from device
Total CPU Page faults: 1
Total remote mappings to CPU: 3
