==37461== NVPROF is profiling process 37461, command: ./hotspot_033 128 2 2 ../../../data/hotspot/temp_128 ../../../data/hotspot/power_128 output-adapt.out
==37461== Profiling application: ./hotspot_033 128 2 2 ../../../data/hotspot/temp_128 ../../../data/hotspot/power_128 output-adapt.out
==37461== Profiling result:
            Type  Time(%)      Time     Calls       Avg       Min       Max  Name
                        %        ms                  ms        ms        ms
 GPU activities:   100.00  0.371774         1  0.371774  0.371774  0.371774  calculate_temp(int, float*, float*, float*, int, int, int, int, float, float, float, float, float, float)
      API calls:    98.52  239.8953         3  79.96511  0.012330  239.8706  cudaMallocManaged
                     0.90  2.200479         2  1.100239  1.098819  1.101660  cuDeviceTotalMem
                     0.40  0.985953       194  5.08e-03  1.08e-04  0.212024  cuDeviceGetAttribute
                     0.08  0.199619         4  0.049904  1.21e-03  0.116591  cudaFree
                     0.03  0.082940         2  0.041470  0.039238  0.043702  cuDeviceGetName
                     0.03  0.074874         3  0.024958  8.68e-03  0.049770  cudaMemAdvise
                     0.02  0.044849         1  0.044849  0.044849  0.044849  cudaLaunchKernel
                     0.00  6.15e-03         2  3.07e-03  1.49e-03  4.66e-03  cuDeviceGetPCIBusId
                     0.00  1.37e-03         4  3.43e-04  1.42e-04  6.12e-04  cuDeviceGet
                     0.00  1.37e-03         3  4.57e-04  1.55e-04  7.13e-04  cuDeviceGetCount
                     0.00  3.76e-04         2  1.88e-04  1.53e-04  2.23e-04  cuDeviceGetUuid

==37461== Unified Memory profiling result:
Device "Tesla V100-PCIE-32GB (0)"
   Count  Avg Size  Min Size  Max Size  Total Size  Total Time  Name
       2  32.000KB  4.0000KB  60.000KB  64.00000KB  6.5920e-03ms  Device To Host
       1         -         -         -           -    0.325664ms  Gpu page fault groups
       3  64.000KB  64.000KB  64.000KB  192.0000KB           -  Remote mapping from device
Total CPU Page faults: 3
Total remote mappings to CPU: 3
