==50284== NVPROF is profiling process 50284, command: ./hotspot_125 2048 2 2 ../../../data/hotspot/temp_2048 ../../../data/hotspot/power_2048 output-adapt.out
==50284== Profiling application: ./hotspot_125 2048 2 2 ../../../data/hotspot/temp_2048 ../../../data/hotspot/power_2048 output-adapt.out
==50284== Profiling result:
            Type  Time(%)      Time     Calls       Avg       Min       Max  Name
                        %        ms                  ms        ms        ms
 GPU activities:   100.00  11.91657         1  11.91657  11.91657  11.91657  calculate_temp(int, float*, float*, float*, int, int, int, int, float, float, float, float, float, float)
      API calls:    96.34  258.7013         3  86.23376  0.024757  258.4635  cudaMallocManaged
                     2.13  5.711707         4  1.427926  3.52e-03  2.205424  cudaFree
                     0.89  2.386215         2  1.193107  1.117264  1.268951  cuDeviceTotalMem
                     0.41  1.088705       194  5.61e-03  1.10e-04  0.236046  cuDeviceGetAttribute
                     0.15  0.408329         3  0.136109  2.41e-03  0.266939  cudaMemAdvise
                     0.05  0.132843         1  0.132843  0.132843  0.132843  cudaLaunchKernel
                     0.03  0.093736         2  0.046868  0.043075  0.050661  cuDeviceGetName
                     0.00  8.68e-03         2  4.34e-03  2.17e-03  6.51e-03  cuDeviceGetPCIBusId
                     0.00  2.11e-03         4  5.26e-04  1.87e-04  8.82e-04  cuDeviceGet
                     0.00  1.54e-03         3  5.14e-04  1.24e-04  9.16e-04  cuDeviceGetCount
                     0.00  4.70e-04         2  2.35e-04  2.02e-04  2.68e-04  cuDeviceGetUuid

==50284== Unified Memory profiling result:
Device "Tesla V100-PCIE-32GB (0)"
   Count  Avg Size  Min Size  Max Size  Total Size  Total Time  Name
     919  35.655KB  4.0000KB  0.9883MB  32.00000MB    4.377472ms  Host To Device
      96  170.67KB  4.0000KB  0.9961MB  16.00000MB    1.414080ms  Device To Host
      49         -         -         -           -   12.057792ms  Gpu page fault groups
Total CPU Page faults: 144
