==56152== NVPROF is profiling process 56152, command: ./hotspot_044 4096 2 2 ../../../data/hotspot/temp_4096 ../../../data/hotspot/power_4096 output-adapt.out
==56152== Profiling application: ./hotspot_044 4096 2 2 ../../../data/hotspot/temp_4096 ../../../data/hotspot/power_4096 output-adapt.out
==56152== Profiling result:
            Type  Time(%)      Time     Calls       Avg       Min       Max  Name
                        %        ms                  ms        ms        ms
 GPU activities:   100.00  223.9028         1  223.9028  223.9028  223.9028  calculate_temp(int, float*, float*, float*, int, int, int, int, float, float, float, float, float, float)
      API calls:    92.43  241.3195         3  80.43985  0.033088  241.1259  cudaMallocManaged
                     5.76  15.04162         4  3.760404  2.23e-03  5.529596  cudaFree
                     0.87  2.271493         2  1.135746  1.134740  1.136753  cuDeviceTotalMem
                     0.44  1.161641       194  5.99e-03  1.09e-04  0.295430  cuDeviceGetAttribute
                     0.41  1.079683         3  0.359894  2.67e-03  0.718528  cudaMemAdvise
                     0.04  0.105962         1  0.105962  0.105962  0.105962  cudaLaunchKernel
                     0.03  0.086705         2  0.043352  0.041397  0.045308  cuDeviceGetName
                     0.00  6.90e-03         2  3.45e-03  1.96e-03  4.93e-03  cuDeviceGetPCIBusId
                     0.00  1.34e-03         4  3.36e-04  1.65e-04  6.26e-04  cuDeviceGet
                     0.00  1.32e-03         3  4.40e-04  2.03e-04  7.00e-04  cuDeviceGetCount
                     0.00  4.68e-04         2  2.34e-04  2.32e-04  2.36e-04  cuDeviceGetUuid

==56152== Unified Memory profiling result:
Device "Tesla V100-PCIE-32GB (0)"
   Count  Avg Size  Min Size  Max Size  Total Size  Total Time  Name
     850         -         -         -           -  181.311744ms  Gpu page fault groups
   18273  7.2744KB  4.0000KB  2.0000MB  129.8242MB           -  Remote mapping from device
Total CPU Page faults: 416
Total remote mappings to CPU: 18273
