==35586== NVPROF is profiling process 35586, command: ./hotspot_054 64 2 2 ../../../data/hotspot/temp_64 ../../../data/hotspot/power_64 output-adapt.out
==35586== Profiling application: ./hotspot_054 64 2 2 ../../../data/hotspot/temp_64 ../../../data/hotspot/power_64 output-adapt.out
==35586== Profiling result:
            Type  Time(%)      Time     Calls       Avg       Min       Max  Name
                        %        ms                  ms        ms        ms
 GPU activities:   100.00  0.459966         1  0.459966  0.459966  0.459966  calculate_temp(int, float*, float*, float*, int, int, int, int, float, float, float, float, float, float)
      API calls:    98.56  245.2192         3  81.73974  0.012276  245.1941  cudaMallocManaged
                     0.90  2.251277         2  1.125638  1.117289  1.133988  cuDeviceTotalMem
                     0.41  1.012653       194  5.22e-03  1.11e-04  0.205414  cuDeviceGetAttribute
                     0.06  0.140189         4  0.035047  1.09e-03  0.098895  cudaFree
                     0.03  0.085027         2  0.042513  0.039951  0.045076  cuDeviceGetName
                     0.02  0.046428         1  0.046428  0.046428  0.046428  cudaLaunchKernel
                     0.01  0.030131         3  0.010043  3.31e-03  0.019258  cudaMemAdvise
                     0.00  6.88e-03         2  3.44e-03  1.46e-03  5.42e-03  cuDeviceGetPCIBusId
                     0.00  1.55e-03         3  5.16e-04  1.52e-04  8.52e-04  cuDeviceGetCount
                     0.00  1.53e-03         4  3.83e-04  1.41e-04  7.34e-04  cuDeviceGet
                     0.00  4.18e-04         2  2.09e-04  1.74e-04  2.44e-04  cuDeviceGetUuid

==35586== Unified Memory profiling result:
Device "Tesla V100-PCIE-32GB (0)"
   Count  Avg Size  Min Size  Max Size  Total Size  Total Time  Name
       2  16.000KB  16.000KB  16.000KB  32.00000KB  5.9840e-03ms  Host To Device
       2  8.0000KB  4.0000KB  12.000KB  16.00000KB  3.1040e-03ms  Device To Host
       2         -         -         -           -    0.445056ms  Gpu page fault groups
       1  16.000KB  16.000KB  16.000KB  16.00000KB           -  Remote mapping from device
Total CPU Page faults: 2
Total remote mappings to CPU: 1
