==38289== NVPROF is profiling process 38289, command: ./hotspot_115 128 2 2 ../../../data/hotspot/temp_128 ../../../data/hotspot/power_128 output-adapt.out
==38289== Profiling application: ./hotspot_115 128 2 2 ../../../data/hotspot/temp_128 ../../../data/hotspot/power_128 output-adapt.out
==38289== Profiling result:
            Type  Time(%)      Time     Calls       Avg       Min       Max  Name
                        %        ms                  ms        ms        ms
 GPU activities:   100.00  0.686364         1  0.686364  0.686364  0.686364  calculate_temp(int, float*, float*, float*, int, int, int, int, float, float, float, float, float, float)
      API calls:    98.47  244.5882         3  81.52941  0.013859  244.5449  cudaMallocManaged
                     0.94  2.327718         2  1.163859  1.158688  1.169030  cuDeviceTotalMem
                     0.41  1.030407       194  5.31e-03  1.09e-04  0.226258  cuDeviceGetAttribute
                     0.11  0.268430         4  0.067107  3.19e-03  0.145936  cudaFree
                     0.04  0.089179         2  0.044589  0.039829  0.049350  cuDeviceGetName
                     0.02  0.043166         1  0.043166  0.043166  0.043166  cudaLaunchKernel
                     0.02  0.038792         3  0.012930  6.78e-03  0.023500  cudaMemAdvise
                     0.00  7.53e-03         2  3.76e-03  2.70e-03  4.83e-03  cuDeviceGetPCIBusId
                     0.00  2.75e-03         3  9.16e-04  4.53e-04  1.81e-03  cuDeviceGetCount
                     0.00  1.53e-03         4  3.81e-04  1.50e-04  6.56e-04  cuDeviceGet
                     0.00  4.31e-04         2  2.15e-04  1.93e-04  2.38e-04  cuDeviceGetUuid

==38289== Unified Memory profiling result:
Device "Tesla V100-PCIE-32GB (0)"
   Count  Avg Size  Min Size  Max Size  Total Size  Total Time  Name
       4  32.000KB  4.0000KB  64.000KB  128.0000KB    0.017728ms  Host To Device
       2  32.000KB  4.0000KB  60.000KB  64.00000KB  6.4640e-03ms  Device To Host
       8         -         -         -           -    0.677888ms  Gpu page fault groups
Total CPU Page faults: 3
