==36861== NVPROF is profiling process 36861, command: ./hotspot_002 128 2 2 ../../../data/hotspot/temp_128 ../../../data/hotspot/power_128 output-adapt.out
==36861== Profiling application: ./hotspot_002 128 2 2 ../../../data/hotspot/temp_128 ../../../data/hotspot/power_128 output-adapt.out
==36861== Profiling result:
            Type  Time(%)      Time     Calls       Avg       Min       Max  Name
                        %        ms                  ms        ms        ms
 GPU activities:   100.00  0.598973         1  0.598973  0.598973  0.598973  calculate_temp(int, float*, float*, float*, int, int, int, int, float, float, float, float, float, float)
      API calls:    98.56  243.5510         3  81.18365  0.012169  243.5262  cudaMallocManaged
                     0.91  2.254505         2  1.127252  1.121805  1.132700  cuDeviceTotalMem
                     0.40  0.980664       194  5.05e-03  1.09e-04  0.203545  cuDeviceGetAttribute
                     0.07  0.164897         4  0.041224  9.01e-04  0.117542  cudaFree
                     0.03  0.085065         2  0.042532  0.039960  0.045105  cuDeviceGetName
                     0.02  0.042482         1  0.042482  0.042482  0.042482  cudaLaunchKernel
                     0.01  0.020616         1  0.020616  0.020616  0.020616  cudaMemAdvise
                     0.00  7.15e-03         2  3.57e-03  2.25e-03  4.90e-03  cuDeviceGetPCIBusId
                     0.00  1.30e-03         4  3.23e-04  1.63e-04  5.82e-04  cuDeviceGet
                     0.00  1.29e-03         3  4.31e-04  2.18e-04  7.66e-04  cuDeviceGetCount
                     0.00  3.99e-04         2  1.99e-04  1.59e-04  2.40e-04  cuDeviceGetUuid

==36861== Unified Memory profiling result:
Device "Tesla V100-PCIE-32GB (0)"
   Count  Avg Size  Min Size  Max Size  Total Size  Total Time  Name
       5  25.600KB  4.0000KB  44.000KB  128.0000KB    0.018816ms  Host To Device
       2  32.000KB  4.0000KB  60.000KB  64.00000KB  6.4960e-03ms  Device To Host
       3         -         -         -           -    0.588736ms  Gpu page fault groups
Total CPU Page faults: 3
