==57157== NVPROF is profiling process 57157, command: ./hotspot_054 4096 2 2 ../../../data/hotspot/temp_4096 ../../../data/hotspot/power_4096 output-adapt.out
==57157== Profiling application: ./hotspot_054 4096 2 2 ../../../data/hotspot/temp_4096 ../../../data/hotspot/power_4096 output-adapt.out
==57157== Profiling result:
            Type  Time(%)      Time     Calls       Avg       Min       Max  Name
                        %        ms                  ms        ms        ms
 GPU activities:   100.00  150.2249         1  150.2249  150.2249  150.2249  calculate_temp(int, float*, float*, float*, int, int, int, int, float, float, float, float, float, float)
      API calls:    93.00  245.0259         3  81.67531  0.032201  244.7572  cudaMallocManaged
                     5.18  13.65429         4  3.413571  2.42e-03  4.965536  cudaFree
                     0.86  2.276719         2  1.138359  1.123483  1.153236  cuDeviceTotalMem
                     0.49  1.285208         3  0.428402  1.69e-03  1.038962  cudaMemAdvise
                     0.37  0.985651       194  5.08e-03  1.09e-04  0.200417  cuDeviceGetAttribute
                     0.05  0.133245         1  0.133245  0.133245  0.133245  cudaLaunchKernel
                     0.03  0.088771         2  0.044385  0.041738  0.047033  cuDeviceGetName
                     0.00  7.06e-03         2  3.53e-03  1.53e-03  5.53e-03  cuDeviceGetPCIBusId
                     0.00  2.66e-03         4  6.65e-04  1.63e-04  1.51e-03  cuDeviceGet
                     0.00  1.44e-03         3  4.79e-04  1.49e-04  7.04e-04  cuDeviceGetCount
                     0.00  4.43e-04         2  2.21e-04  1.99e-04  2.44e-04  cuDeviceGetUuid

==57157== Unified Memory profiling result:
Device "Tesla V100-PCIE-32GB (0)"
   Count  Avg Size  Min Size  Max Size  Total Size  Total Time  Name
    1751  37.428KB  4.0000KB  0.9805MB  64.00000MB    8.735072ms  Host To Device
     384  170.67KB  4.0000KB  0.9961MB  64.00000MB    5.571968ms  Device To Host
    1075         -         -         -           -  172.931360ms  Gpu page fault groups
   12582  5.2080KB  4.0000KB  12.000KB  64.00000MB           -  Remote mapping from device
Total CPU Page faults: 576
Total remote mappings to CPU: 12582
