==31540== NVPROF is profiling process 31540, command: ./hotspot_132 64 2 2 ../../../data/hotspot/temp_64 ../../../data/hotspot/power_64 output-adapt.out
==31540== Profiling application: ./hotspot_132 64 2 2 ../../../data/hotspot/temp_64 ../../../data/hotspot/power_64 output-adapt.out
==31540== Profiling result:
            Type  Time(%)      Time     Calls       Avg       Min       Max  Name
                        %        ms                  ms        ms        ms
 GPU activities:   100.00  0.385021         1  0.385021  0.385021  0.385021  calculate_temp(int, float*, float*, float*, int, int, int, int, float, float, float, float, float, float)
      API calls:    98.47  243.8028         3  81.26760  0.013899  243.7590  cudaMallocManaged
                     0.96  2.367551         2  1.183775  1.155068  1.212483  cuDeviceTotalMem
                     0.42  1.036538       194  5.34e-03  1.10e-04  0.207079  cuDeviceGetAttribute
                     0.06  0.146185         4  0.036546  1.19e-03  0.092600  cudaFree
                     0.04  0.100482         2  0.050241  0.039487  0.060995  cuDeviceGetName
                     0.03  0.077149         3  0.025716  3.27e-03  0.055551  cudaMemAdvise
                     0.02  0.043703         1  0.043703  0.043703  0.043703  cudaLaunchKernel
                     0.00  7.36e-03         2  3.68e-03  2.30e-03  5.06e-03  cuDeviceGetPCIBusId
                     0.00  1.36e-03         4  3.41e-04  1.50e-04  7.41e-04  cuDeviceGet
                     0.00  1.19e-03         3  3.96e-04  1.12e-04  7.16e-04  cuDeviceGetCount
                     0.00  4.33e-04         2  2.16e-04  1.71e-04  2.62e-04  cuDeviceGetUuid

==31540== Unified Memory profiling result:
Device "Tesla V100-PCIE-32GB (0)"
   Count  Avg Size  Min Size  Max Size  Total Size  Total Time  Name
       1  16.000KB  16.000KB  16.000KB  16.00000KB  2.9440e-03ms  Host To Device
       1         -         -         -           -    0.370336ms  Gpu page fault groups
       2  16.000KB  16.000KB  16.000KB  32.00000KB           -  Remote mapping from device
Total CPU Page faults: 1
Total remote mappings to CPU: 2
