==16920== NVPROF is profiling process 16920, command: ./hotspot_101 8192 2 2 ../../../data/hotspot/temp_8192 ../../../data/hotspot/power_8192 output-adapt.out
==16920== Profiling application: ./hotspot_101 8192 2 2 ../../../data/hotspot/temp_8192 ../../../data/hotspot/power_8192 output-adapt.out
==16920== Profiling result:
            Type  Time(%)      Time     Calls       Avg       Min       Max  Name
                        %        ms                  ms        ms        ms
 GPU activities:   100.00  170.4292         1  170.4292  170.4292  170.4292  calculate_temp(int, float*, float*, float*, int, int, int, int, float, float, float, float, float, float)
      API calls:    75.16  250.9242         3  83.64139  0.034017  250.6418  cudaMallocManaged
                    20.55  68.61855         4  17.15464  3.81e-03  25.30599  cudaFree
                     3.19  10.64815         1  10.64815  10.64815  10.64815  cudaMemAdvise
                     0.70  2.338857         2  1.169428  1.168448  1.170409  cuDeviceTotalMem
                     0.33  1.105527       194  5.70e-03  1.11e-04  0.268414  cuDeviceGetAttribute
                     0.04  0.144730         1  0.144730  0.144730  0.144730  cudaLaunchKernel
                     0.03  0.084846         2  0.042423  0.040064  0.044782  cuDeviceGetName
                     0.00  6.75e-03         2  3.37e-03  1.66e-03  5.08e-03  cuDeviceGetPCIBusId
                     0.00  1.69e-03         4  4.22e-04  1.58e-04  9.83e-04  cuDeviceGet
                     0.00  1.24e-03         3  4.14e-04  1.35e-04  7.97e-04  cuDeviceGetCount
                     0.00  4.37e-04         2  2.18e-04  2.05e-04  2.32e-04  cuDeviceGetUuid

==16920== Unified Memory profiling result:
Device "Tesla V100-PCIE-32GB (0)"
   Count  Avg Size  Min Size  Max Size  Total Size  Total Time  Name
   11880  42.658KB  4.0000KB  0.9961MB  494.9063MB   65.438432ms  Host To Device
    1534  170.85KB  4.0000KB  0.9961MB  255.9375MB   22.661600ms  Device To Host
     418         -         -         -           -   77.397056ms  Gpu page fault groups
Total CPU Page faults: 2304
