==41590== NVPROF is profiling process 41590, command: ./hotspot_003 512 2 2 ../../../data/hotspot/temp_512 ../../../data/hotspot/power_512 output-adapt.out
==41590== Profiling application: ./hotspot_003 512 2 2 ../../../data/hotspot/temp_512 ../../../data/hotspot/power_512 output-adapt.out
==41590== Profiling result:
            Type  Time(%)      Time     Calls       Avg       Min       Max  Name
                        %        ms                  ms        ms        ms
 GPU activities:   100.00  1.266711         1  1.266711  1.266711  1.266711  calculate_temp(int, float*, float*, float*, int, int, int, int, float, float, float, float, float, float)
      API calls:    98.38  239.6148         3  79.87160  0.012642  239.5776  cudaMallocManaged
                     0.95  2.310493         2  1.155246  1.106086  1.204407  cuDeviceTotalMem
                     0.40  0.982156       194  5.06e-03  1.09e-04  0.204225  cuDeviceGetAttribute
                     0.16  0.387132         4  0.096783  2.13e-03  0.234397  cudaFree
                     0.05  0.117695         1  0.117695  0.117695  0.117695  cudaMemAdvise
                     0.04  0.085685         2  0.042842  0.040130  0.045555  cuDeviceGetName
                     0.02  0.042890         1  0.042890  0.042890  0.042890  cudaLaunchKernel
                     0.00  7.38e-03         2  3.69e-03  2.63e-03  4.75e-03  cuDeviceGetPCIBusId
                     0.00  1.46e-03         3  4.87e-04  1.70e-04  7.67e-04  cuDeviceGetCount
                     0.00  1.41e-03         4  3.53e-04  1.57e-04  6.86e-04  cuDeviceGet
                     0.00  4.96e-04         2  2.48e-04  1.96e-04  3.00e-04  cuDeviceGetUuid

==41590== Unified Memory profiling result:
Device "Tesla V100-PCIE-32GB (0)"
   Count  Avg Size  Min Size  Max Size  Total Size  Total Time  Name
      19  53.895KB  4.0000KB  448.00KB  1.000000MB    0.116448ms  Host To Device
      10  102.40KB  4.0000KB  508.00KB  1.000000MB    0.085760ms  Device To Host
       7         -         -         -           -    1.116352ms  Gpu page fault groups
       1  1.0000MB  1.0000MB  1.0000MB  1.000000MB           -  Remote mapping from device
Total CPU Page faults: 11
Total remote mappings to CPU: 1
