==34156== NVPROF is profiling process 34156, command: ./hotspot_144 1024 2 2 ../../../data/hotspot/temp_1024 ../../../data/hotspot/power_1024 output-adapt.out
==34156== Profiling application: ./hotspot_144 1024 2 2 ../../../data/hotspot/temp_1024 ../../../data/hotspot/power_1024 output-adapt.out
==34156== Profiling result:
            Type  Time(%)      Time     Calls       Avg       Min       Max  Name
                        %        ms                  ms        ms        ms
 GPU activities:   100.00  15.48317         1  15.48317  15.48317  15.48317  calculate_temp(int, float*, float*, float*, int, int, int, int, float, float, float, float, float, float)
      API calls:    98.11  244.4656         3  81.48853  0.025202  244.4118  cudaMallocManaged
                     0.91  2.255467         2  1.127733  1.122869  1.132598  cuDeviceTotalMem
                     0.50  1.255685         4  0.313921  2.76e-03  0.514826  cudaFree
                     0.41  1.010734       194  5.21e-03  1.08e-04  0.219640  cuDeviceGetAttribute
                     0.04  0.093955         2  0.046977  0.041379  0.052576  cuDeviceGetName
                     0.02  0.052562         1  0.052562  0.052562  0.052562  cudaLaunchKernel
                     0.02  0.039210         3  0.013070  1.82e-03  0.024907  cudaMemAdvise
                     0.00  6.37e-03         2  3.19e-03  1.53e-03  4.84e-03  cuDeviceGetPCIBusId
                     0.00  2.64e-03         3  8.81e-04  1.40e-04  1.78e-03  cuDeviceGetCount
                     0.00  1.85e-03         4  4.62e-04  1.69e-04  8.09e-04  cuDeviceGet
                     0.00  4.96e-04         2  2.48e-04  1.92e-04  3.04e-04  cuDeviceGetUuid

==34156== Unified Memory profiling result:
Device "Tesla V100-PCIE-32GB (0)"
   Count  Avg Size  Min Size  Max Size  Total Size  Total Time  Name
      86         -         -         -           -   17.063968ms  Gpu page fault groups
     339  36.247KB  4.0000KB  2.0000MB  12.00000MB           -  Remote mapping from device
Total CPU Page faults: 26
Total remote mappings to CPU: 339
