==36159== NVPROF is profiling process 36159, command: ./hotspot_124 64 2 2 ../../../data/hotspot/temp_64 ../../../data/hotspot/power_64 output-adapt.out
==36159== Profiling application: ./hotspot_124 64 2 2 ../../../data/hotspot/temp_64 ../../../data/hotspot/power_64 output-adapt.out
==36159== Profiling result:
            Type  Time(%)      Time     Calls       Avg       Min       Max  Name
                        %        ms                  ms        ms        ms
 GPU activities:   100.00  0.459133         1  0.459133  0.459133  0.459133  calculate_temp(int, float*, float*, float*, int, int, int, int, float, float, float, float, float, float)
      API calls:    98.54  240.9487         3  80.31622  0.012409  240.9227  cudaMallocManaged
                     0.93  2.269189         2  1.134594  1.096188  1.173001  cuDeviceTotalMem
                     0.40  0.979967       194  5.05e-03  1.09e-04  0.203146  cuDeviceGetAttribute
                     0.06  0.141171         4  0.035292  1.03e-03  0.099512  cudaFree
                     0.03  0.083642         2  0.041821  0.039488  0.044154  cuDeviceGetName
                     0.02  0.046138         1  0.046138  0.046138  0.046138  cudaLaunchKernel
                     0.01  0.028515         3  9.50e-03  2.11e-03  0.018278  cudaMemAdvise
                     0.00  7.11e-03         2  3.56e-03  1.74e-03  5.37e-03  cuDeviceGetPCIBusId
                     0.00  1.56e-03         4  3.90e-04  1.51e-04  6.77e-04  cuDeviceGet
                     0.00  1.35e-03         3  4.51e-04  1.10e-04  7.76e-04  cuDeviceGetCount
                     0.00  4.43e-04         2  2.21e-04  2.01e-04  2.42e-04  cuDeviceGetUuid

==36159== Unified Memory profiling result:
Device "Tesla V100-PCIE-32GB (0)"
   Count  Avg Size  Min Size  Max Size  Total Size  Total Time  Name
       2  16.000KB  16.000KB  16.000KB  32.00000KB  5.8880e-03ms  Host To Device
       2  8.0000KB  4.0000KB  12.000KB  16.00000KB  3.0720e-03ms  Device To Host
       2         -         -         -           -    0.444256ms  Gpu page fault groups
       1  16.000KB  16.000KB  16.000KB  16.00000KB           -  Remote mapping from device
Total CPU Page faults: 2
Total remote mappings to CPU: 1
