==41624== NVPROF is profiling process 41624, command: ./hotspot_004 512 2 2 ../../../data/hotspot/temp_512 ../../../data/hotspot/power_512 output-adapt.out
==41624== Profiling application: ./hotspot_004 512 2 2 ../../../data/hotspot/temp_512 ../../../data/hotspot/power_512 output-adapt.out
==41624== Profiling result:
            Type  Time(%)      Time     Calls       Avg       Min       Max  Name
                        %        ms                  ms        ms        ms
 GPU activities:   100.00  2.895245         1  2.895245  2.895245  2.895245  calculate_temp(int, float*, float*, float*, int, int, int, int, float, float, float, float, float, float)
      API calls:    98.39  242.6117         3  80.87056  0.012661  242.5736  cudaMallocManaged
                     0.91  2.234599         2  1.117299  1.111432  1.123167  cuDeviceTotalMem
                     0.44  1.077492       194  5.55e-03  1.09e-04  0.227918  cuDeviceGetAttribute
                     0.20  0.480921         4  0.120230  2.26e-03  0.242489  cudaFree
                     0.04  0.092149         2  0.046074  0.043970  0.048179  cuDeviceGetName
                     0.02  0.042592         1  0.042592  0.042592  0.042592  cudaLaunchKernel
                     0.01  0.019999         1  0.019999  0.019999  0.019999  cudaMemAdvise
                     0.00  6.27e-03         2  3.13e-03  1.46e-03  4.80e-03  cuDeviceGetPCIBusId
                     0.00  2.56e-03         3  8.53e-04  3.54e-04  1.84e-03  cuDeviceGetCount
                     0.00  1.52e-03         4  3.80e-04  1.71e-04  6.34e-04  cuDeviceGet
                     0.00  4.56e-04         2  2.28e-04  2.11e-04  2.45e-04  cuDeviceGetUuid

==41624== Unified Memory profiling result:
Device "Tesla V100-PCIE-32GB (0)"
   Count  Avg Size  Min Size  Max Size  Total Size  Total Time  Name
      17  60.234KB  4.0000KB  508.00KB  1.000000MB    0.129248ms  Host To Device
      10  102.40KB  4.0000KB  508.00KB  1.000000MB    0.098432ms  Device To Host
      21         -         -         -           -    3.008832ms  Gpu page fault groups
      54  18.963KB  4.0000KB  76.000KB  1.000000MB           -  Remote mapping from device
Total CPU Page faults: 11
Total remote mappings to CPU: 54
