==34777== NVPROF is profiling process 34777, command: ./hotspot_013 64 2 2 ../../../data/hotspot/temp_64 ../../../data/hotspot/power_64 output-adapt.out
==34777== Profiling application: ./hotspot_013 64 2 2 ../../../data/hotspot/temp_64 ../../../data/hotspot/power_64 output-adapt.out
==34777== Profiling result:
            Type  Time(%)      Time     Calls       Avg       Min       Max  Name
                        %        ms                  ms        ms        ms
 GPU activities:   100.00  0.416349         1  0.416349  0.416349  0.416349  calculate_temp(int, float*, float*, float*, int, int, int, int, float, float, float, float, float, float)
      API calls:    98.62  264.7155         3  88.23852  0.012923  264.6886  cudaMallocManaged
                     0.83  2.218752         2  1.109376  1.105187  1.113565  cuDeviceTotalMem
                     0.41  1.103273       194  5.69e-03  1.08e-04  0.227262  cuDeviceGetAttribute
                     0.05  0.146481         4  0.036620  1.29e-03  0.093700  cudaFree
                     0.04  0.114151         2  0.057075  0.056709  0.057442  cuDeviceGetName
                     0.03  0.072008         3  0.024002  0.011226  0.038017  cudaMemAdvise
                     0.02  0.046381         1  0.046381  0.046381  0.046381  cudaLaunchKernel
                     0.00  8.41e-03         2  4.20e-03  1.76e-03  6.65e-03  cuDeviceGetPCIBusId
                     0.00  1.86e-03         4  4.66e-04  2.03e-04  7.95e-04  cuDeviceGet
                     0.00  1.52e-03         3  5.07e-04  1.24e-04  8.84e-04  cuDeviceGetCount
                     0.00  4.38e-04         2  2.19e-04  2.03e-04  2.35e-04  cuDeviceGetUuid

==34777== Unified Memory profiling result:
Device "Tesla V100-PCIE-32GB (0)"
   Count  Avg Size  Min Size  Max Size  Total Size  Total Time  Name
       2  16.000KB  16.000KB  16.000KB  32.00000KB  5.9840e-03ms  Host To Device
       2  8.0000KB  4.0000KB  12.000KB  16.00000KB  3.0720e-03ms  Device To Host
       2         -         -         -           -    0.405792ms  Gpu page fault groups
       1  16.000KB  16.000KB  16.000KB  16.00000KB           -  Remote mapping from device
Total CPU Page faults: 2
Total remote mappings to CPU: 1
