==45193== NVPROF is profiling process 45193, command: ./hotspot_051 1024 2 2 ../../../data/hotspot/temp_1024 ../../../data/hotspot/power_1024 output-adapt.out
==45193== Profiling application: ./hotspot_051 1024 2 2 ../../../data/hotspot/temp_1024 ../../../data/hotspot/power_1024 output-adapt.out
==45193== Profiling result:
            Type  Time(%)      Time     Calls       Avg       Min       Max  Name
                        %        ms                  ms        ms        ms
 GPU activities:   100.00  3.967746         1  3.967746  3.967746  3.967746  calculate_temp(int, float*, float*, float*, int, int, int, int, float, float, float, float, float, float)
      API calls:    97.55  242.3855         3  80.79516  0.024745  242.3327  cudaMallocManaged
                     0.94  2.338439         2  1.169219  1.108500  1.229939  cuDeviceTotalMem
                     0.81  2.014753       194  0.010385  1.10e-04  1.147783  cuDeviceGetAttribute
                     0.53  1.315799         4  0.328949  2.50e-03  0.627548  cudaFree
                     0.11  0.278621         3  0.092873  1.54e-03  0.199556  cudaMemAdvise
                     0.03  0.083370         2  0.041685  0.039627  0.043743  cuDeviceGetName
                     0.02  0.049610         1  0.049610  0.049610  0.049610  cudaLaunchKernel
                     0.00  5.92e-03         2  2.96e-03  1.49e-03  4.43e-03  cuDeviceGetPCIBusId
                     0.00  1.58e-03         4  3.94e-04  1.69e-04  6.95e-04  cuDeviceGet
                     0.00  1.50e-03         3  4.99e-04  1.14e-04  8.28e-04  cuDeviceGetCount
                     0.00  4.25e-04         2  2.12e-04  1.75e-04  2.50e-04  cuDeviceGetUuid

==45193== Unified Memory profiling result:
Device "Tesla V100-PCIE-32GB (0)"
   Count  Avg Size  Min Size  Max Size  Total Size  Total Time  Name
      72  113.78KB  4.0000KB  984.00KB  8.000000MB    0.828704ms  Host To Device
      24  170.67KB  4.0000KB  0.9961MB  4.000000MB    0.344096ms  Device To Host
      21         -         -         -           -    3.905184ms  Gpu page fault groups
Total CPU Page faults: 36
