==6853== NVPROF is profiling process 6853, command: ./hotspot_025 8192 2 2 ../../../data/hotspot/temp_8192 ../../../data/hotspot/power_8192 output-adapt.out
==6853== Profiling application: ./hotspot_025 8192 2 2 ../../../data/hotspot/temp_8192 ../../../data/hotspot/power_8192 output-adapt.out
==6853== Profiling result:
            Type  Time(%)      Time     Calls       Avg       Min       Max  Name
                        %        ms                  ms        ms        ms
 GPU activities:   100.00  157.3080         1  157.3080  157.3080  157.3080  calculate_temp(int, float*, float*, float*, int, int, int, int, float, float, float, float, float, float)
      API calls:    80.48  247.0602         3  82.35342  0.027892  246.7866  cudaMallocManaged
                    16.47  50.56444         4  12.64111  2.46e-03  18.72100  cudaFree
                     1.92  5.879217         3  1.959739  2.69e-03  4.096162  cudaMemAdvise
                     0.73  2.242211         2  1.121105  1.114556  1.127655  cuDeviceTotalMem
                     0.33  1.005001       194  5.18e-03  1.09e-04  0.210497  cuDeviceGetAttribute
                     0.05  0.140274         1  0.140274  0.140274  0.140274  cudaLaunchKernel
                     0.03  0.085981         2  0.042990  0.040374  0.045607  cuDeviceGetName
                     0.00  7.29e-03         2  3.64e-03  1.65e-03  5.63e-03  cuDeviceGetPCIBusId
                     0.00  1.61e-03         4  4.01e-04  1.65e-04  6.54e-04  cuDeviceGet
                     0.00  1.18e-03         3  3.94e-04  1.14e-04  7.49e-04  cuDeviceGetCount
                     0.00  4.14e-04         2  2.07e-04  1.83e-04  2.31e-04  cuDeviceGetUuid

==6853== Unified Memory profiling result:
Device "Tesla V100-PCIE-32GB (0)"
   Count  Avg Size  Min Size  Max Size  Total Size  Total Time  Name
    6735  40.767KB  4.0000KB  988.00KB  268.1289MB   35.564960ms  Host To Device
    1534  170.85KB  4.0000KB  0.9961MB  255.9375MB   22.299168ms  Device To Host
      57         -         -         -           -   15.668576ms  Gpu page fault groups
Total CPU Page faults: 2304
