==44151== NVPROF is profiling process 44151, command: ./hotspot_005 1024 2 2 ../../../data/hotspot/temp_1024 ../../../data/hotspot/power_1024 output-adapt.out
==44151== Profiling application: ./hotspot_005 1024 2 2 ../../../data/hotspot/temp_1024 ../../../data/hotspot/power_1024 output-adapt.out
==44151== Profiling result:
            Type  Time(%)      Time     Calls       Avg       Min       Max  Name
                        %        ms                  ms        ms        ms
 GPU activities:   100.00  3.864605         1  3.864605  3.864605  3.864605  calculate_temp(int, float*, float*, float*, int, int, int, int, float, float, float, float, float, float)
      API calls:    98.12  244.3928         3  81.46426  0.029178  244.3053  cudaMallocManaged
                     0.91  2.255498         2  1.127749  1.125117  1.130381  cuDeviceTotalMem
                     0.49  1.216421         4  0.304105  2.62e-03  0.533086  cudaFree
                     0.39  0.980827       194  5.06e-03  1.10e-04  0.200323  cuDeviceGetAttribute
                     0.04  0.100330         2  0.050165  0.041773  0.058557  cuDeviceGetName
                     0.03  0.077784         1  0.077784  0.077784  0.077784  cudaMemAdvise
                     0.02  0.049108         1  0.049108  0.049108  0.049108  cudaLaunchKernel
                     0.00  6.29e-03         2  3.15e-03  1.46e-03  4.83e-03  cuDeviceGetPCIBusId
                     0.00  2.59e-03         3  8.61e-04  1.41e-04  1.75e-03  cuDeviceGetCount
                     0.00  2.48e-03         4  6.19e-04  1.77e-04  1.15e-03  cuDeviceGet
                     0.00  4.75e-04         2  2.37e-04  2.14e-04  2.61e-04  cuDeviceGetUuid

==44151== Unified Memory profiling result:
Device "Tesla V100-PCIE-32GB (0)"
   Count  Avg Size  Min Size  Max Size  Total Size  Total Time  Name
      70  117.03KB  4.0000KB  0.9922MB  8.000000MB    0.821152ms  Host To Device
      24  170.67KB  4.0000KB  0.9961MB  4.000000MB    0.347328ms  Device To Host
      21         -         -         -           -    3.799520ms  Gpu page fault groups
Total CPU Page faults: 36
