==54006== NVPROF is profiling process 54006, command: ./hotspot_023 4096 2 2 ../../../data/hotspot/temp_4096 ../../../data/hotspot/power_4096 output-adapt.out
==54006== Profiling application: ./hotspot_023 4096 2 2 ../../../data/hotspot/temp_4096 ../../../data/hotspot/power_4096 output-adapt.out
==54006== Profiling result:
            Type  Time(%)      Time     Calls       Avg       Min       Max  Name
                        %        ms                  ms        ms        ms
 GPU activities:   100.00  49.12679         1  49.12679  49.12679  49.12679  calculate_temp(int, float*, float*, float*, int, int, int, int, float, float, float, float, float, float)
      API calls:    91.22  243.0214         3  81.00712  0.070938  242.6294  cudaMallocManaged
                     5.43  14.47369         4  3.618423  2.78e-03  5.633345  cudaFree
                     2.05  5.456723         3  1.818907  3.31e-03  5.177128  cudaMemAdvise
                     0.84  2.224677         2  1.112338  1.106782  1.117895  cuDeviceTotalMem
                     0.38  1.019123       194  5.25e-03  1.10e-04  0.218884  cuDeviceGetAttribute
                     0.05  0.123280         1  0.123280  0.123280  0.123280  cudaLaunchKernel
                     0.03  0.082896         2  0.041448  0.039310  0.043586  cuDeviceGetName
                     0.00  5.92e-03         2  2.96e-03  1.47e-03  4.45e-03  cuDeviceGetPCIBusId
                     0.00  1.33e-03         4  3.33e-04  1.33e-04  7.11e-04  cuDeviceGet
                     0.00  1.15e-03         3  3.83e-04  1.45e-04  7.18e-04  cuDeviceGetCount
                     0.00  4.20e-04         2  2.10e-04  1.71e-04  2.49e-04  cuDeviceGetUuid

==54006== Unified Memory profiling result:
Device "Tesla V100-PCIE-32GB (0)"
   Count  Avg Size  Min Size  Max Size  Total Size  Total Time  Name
    1899  34.511KB  4.0000KB  0.9805MB  64.00000MB    9.030624ms  Host To Device
     384  170.67KB  4.0000KB  0.9961MB  64.00000MB    5.567904ms  Device To Host
     140         -         -         -           -   34.054336ms  Gpu page fault groups
      32  2.0000MB  2.0000MB  2.0000MB  64.00000MB           -  Remote mapping from device
Total CPU Page faults: 576
Total remote mappings to CPU: 32
