==38164== NVPROF is profiling process 38164, command: ./hotspot_111 128 2 2 ../../../data/hotspot/temp_128 ../../../data/hotspot/power_128 output-adapt.out
==38164== Profiling application: ./hotspot_111 128 2 2 ../../../data/hotspot/temp_128 ../../../data/hotspot/power_128 output-adapt.out
==38164== Profiling result:
            Type  Time(%)      Time     Calls       Avg       Min       Max  Name
                        %        ms                  ms        ms        ms
 GPU activities:   100.00  0.676476         1  0.676476  0.676476  0.676476  calculate_temp(int, float*, float*, float*, int, int, int, int, float, float, float, float, float, float)
      API calls:    98.48  243.2472         3  81.08241  0.012619  243.2209  cudaMallocManaged
                     0.97  2.385889         2  1.192944  1.128568  1.257321  cuDeviceTotalMem
                     0.41  1.019275       194  5.25e-03  1.07e-04  0.230620  cuDeviceGetAttribute
                     0.07  0.166685         4  0.041671  1.32e-03  0.108797  cudaFree
                     0.03  0.085035         2  0.042517  0.039960  0.045075  cuDeviceGetName
                     0.02  0.043812         1  0.043812  0.043812  0.043812  cudaLaunchKernel
                     0.02  0.038881         3  0.012960  7.01e-03  0.023518  cudaMemAdvise
                     0.00  7.08e-03         2  3.54e-03  2.22e-03  4.86e-03  cuDeviceGetPCIBusId
                     0.00  1.56e-03         4  3.88e-04  1.59e-04  8.27e-04  cuDeviceGet
                     0.00  1.24e-03         3  4.14e-04  2.26e-04  6.96e-04  cuDeviceGetCount
                     0.00  3.70e-04         2  1.85e-04  1.79e-04  1.91e-04  cuDeviceGetUuid

==38164== Unified Memory profiling result:
Device "Tesla V100-PCIE-32GB (0)"
   Count  Avg Size  Min Size  Max Size  Total Size  Total Time  Name
       4  32.000KB  4.0000KB  64.000KB  128.0000KB    0.017888ms  Host To Device
       2  32.000KB  4.0000KB  60.000KB  64.00000KB  6.4960e-03ms  Device To Host
       7         -         -         -           -    0.665632ms  Gpu page fault groups
Total CPU Page faults: 3
