==37491== NVPROF is profiling process 37491, command: ./hotspot_034 128 2 2 ../../../data/hotspot/temp_128 ../../../data/hotspot/power_128 output-adapt.out
==37491== Profiling application: ./hotspot_034 128 2 2 ../../../data/hotspot/temp_128 ../../../data/hotspot/power_128 output-adapt.out
==37491== Profiling result:
            Type  Time(%)      Time     Calls       Avg       Min       Max  Name
                        %        ms                  ms        ms        ms
 GPU activities:   100.00  0.527870         1  0.527870  0.527870  0.527870  calculate_temp(int, float*, float*, float*, int, int, int, int, float, float, float, float, float, float)
      API calls:    98.47  245.7197         3  81.90657  0.012738  245.6767  cudaMallocManaged
                     0.97  2.419482         2  1.209741  1.174795  1.244687  cuDeviceTotalMem
                     0.40  1.010523       194  5.21e-03  1.10e-04  0.217884  cuDeviceGetAttribute
                     0.06  0.156985         4  0.039246  1.02e-03  0.114243  cudaFree
                     0.04  0.109239         2  0.054619  0.040735  0.068504  cuDeviceGetName
                     0.03  0.064873         3  0.021624  3.26e-03  0.053291  cudaMemAdvise
                     0.02  0.042970         1  0.042970  0.042970  0.042970  cudaLaunchKernel
                     0.01  0.016096         2  8.05e-03  2.24e-03  0.013855  cuDeviceGetPCIBusId
                     0.00  2.13e-03         4  5.33e-04  1.92e-04  1.00e-03  cuDeviceGet
                     0.00  1.52e-03         3  5.05e-04  1.80e-04  7.52e-04  cuDeviceGetCount
                     0.00  4.32e-04         2  2.16e-04  1.78e-04  2.54e-04  cuDeviceGetUuid

==37491== Unified Memory profiling result:
Device "Tesla V100-PCIE-32GB (0)"
   Count  Avg Size  Min Size  Max Size  Total Size  Total Time  Name
       2  32.000KB  4.0000KB  60.000KB  64.00000KB  6.5280e-03ms  Device To Host
       3         -         -         -           -    0.520960ms  Gpu page fault groups
       5  38.399KB  4.0000KB  64.000KB  192.0000KB           -  Remote mapping from device
Total CPU Page faults: 3
Total remote mappings to CPU: 5
