==21770== NVPROF is profiling process 21770, command: ./hotspot_115 8192 2 2 ../../../data/hotspot/temp_8192 ../../../data/hotspot/power_8192 output-adapt.out
==21770== Profiling application: ./hotspot_115 8192 2 2 ../../../data/hotspot/temp_8192 ../../../data/hotspot/power_8192 output-adapt.out
==21770== Profiling result:
            Type  Time(%)      Time     Calls       Avg       Min       Max  Name
                        %        ms                  ms        ms        ms
 GPU activities:   100.00  2.79e+03         1  2.79e+03  2.79e+03  2.79e+03  calculate_temp(int, float*, float*, float*, int, int, int, int, float, float, float, float, float, float)
      API calls:    76.80  244.6088         3  81.53626  0.032683  244.3328  cudaMallocManaged
                    17.05  54.31622         4  13.57905  2.40e-03  20.46555  cudaFree
                     4.93  15.70200         3  5.234001  3.70e-03  11.55333  cudaMemAdvise
                     0.73  2.314800         2  1.157400  1.129445  1.185355  cuDeviceTotalMem
                     0.41  1.312855       194  6.77e-03  1.09e-04  0.491527  cuDeviceGetAttribute
                     0.04  0.138722         1  0.138722  0.138722  0.138722  cudaLaunchKernel
                     0.03  0.091100         2  0.045550  0.043642  0.047458  cuDeviceGetName
                     0.00  6.30e-03         2  3.15e-03  1.50e-03  4.80e-03  cuDeviceGetPCIBusId
                     0.00  1.25e-03         4  3.13e-04  1.67e-04  5.56e-04  cuDeviceGet
                     0.00  1.22e-03         3  4.07e-04  1.26e-04  7.04e-04  cuDeviceGetCount
                     0.00  3.98e-04         2  1.99e-04  1.70e-04  2.28e-04  cuDeviceGetUuid

==21770== Unified Memory profiling result:
Device "Tesla V100-PCIE-32GB (0)"
   Count  Avg Size  Min Size  Max Size  Total Size  Total Time  Name
    9479  55.310KB  4.0000KB  0.9961MB  512.0000MB   63.058144ms  Host To Device
    1536  170.67KB  4.0000KB  0.9961MB  256.0000MB   22.893312ms  Device To Host
   21031         -         -         -           -  2.7611e+03ms  Gpu page fault groups
Total CPU Page faults: 2304
