==24301== NVPROF is profiling process 24301, command: ./hotspot_124 8192 2 2 ../../../data/hotspot/temp_8192 ../../../data/hotspot/power_8192 output-adapt.out
==24301== Profiling application: ./hotspot_124 8192 2 2 ../../../data/hotspot/temp_8192 ../../../data/hotspot/power_8192 output-adapt.out
==24301== Profiling result:
            Type  Time(%)      Time     Calls       Avg       Min       Max  Name
                        %        ms                  ms        ms        ms
 GPU activities:   100.00  555.6832         1  555.6832  555.6832  555.6832  calculate_temp(int, float*, float*, float*, int, int, int, int, float, float, float, float, float, float)
      API calls:    78.38  262.0045         3  87.33482  0.033020  261.7827  cudaMallocManaged
                    19.87  66.42879         4  16.60720  3.59e-03  24.46890  cudaFree
                     0.69  2.290132         3  0.763377  3.06e-03  1.492423  cudaMemAdvise
                     0.67  2.233172         2  1.116586  1.107342  1.125830  cuDeviceTotalMem
                     0.32  1.065937       194  5.49e-03  1.12e-04  0.224491  cuDeviceGetAttribute
                     0.03  0.115881         1  0.115881  0.115881  0.115881  cudaLaunchKernel
                     0.03  0.103905         2  0.051952  0.049120  0.054785  cuDeviceGetName
                     0.00  0.010072         2  5.04e-03  3.10e-03  6.97e-03  cuDeviceGetPCIBusId
                     0.00  1.83e-03         4  4.57e-04  1.76e-04  8.87e-04  cuDeviceGet
                     0.00  1.83e-03         3  6.09e-04  2.96e-04  9.78e-04  cuDeviceGetCount
                     0.00  4.90e-04         2  2.45e-04  1.89e-04  3.01e-04  cuDeviceGetUuid

==24301== Unified Memory profiling result:
Device "Tesla V100-PCIE-32GB (0)"
   Count  Avg Size  Min Size  Max Size  Total Size  Total Time  Name
    2431  42.254KB  4.0000KB  988.00KB  100.3125MB   13.360640ms  Host To Device
    1526  171.11KB  4.0000KB  0.9961MB  255.0000MB   22.373088ms  Device To Host
    2549         -         -         -           -  370.104032ms  Gpu page fault groups
   28232  5.2930KB  4.0000KB  12.000KB  145.9492MB           -  Remote mapping from device
Total CPU Page faults: 2304
Total remote mappings to CPU: 28232
