==48604== NVPROF is profiling process 48604, command: ./hotspot_043 2048 2 2 ../../../data/hotspot/temp_2048 ../../../data/hotspot/power_2048 output-adapt.out
==48604== Profiling application: ./hotspot_043 2048 2 2 ../../../data/hotspot/temp_2048 ../../../data/hotspot/power_2048 output-adapt.out
==48604== Profiling result:
            Type  Time(%)      Time     Calls       Avg       Min       Max  Name
                        %        ms                  ms        ms        ms
 GPU activities:   100.00  42.57714         1  42.57714  42.57714  42.57714  calculate_temp(int, float*, float*, float*, int, int, int, int, float, float, float, float, float, float)
      API calls:    95.71  241.2033         3  80.40111  0.055700  240.9150  cudaMallocManaged
                     2.32  5.859123         4  1.464780  3.76e-03  2.021542  cudaFree
                     0.88  2.215857         2  1.107928  1.103088  1.112769  cuDeviceTotalMem
                     0.58  1.453840         3  0.484613  2.26e-03  1.344993  cudaMemAdvise
                     0.40  1.017082       194  5.24e-03  1.08e-04  0.215142  cuDeviceGetAttribute
                     0.06  0.146249         1  0.146249  0.146249  0.146249  cudaLaunchKernel
                     0.04  0.101104         2  0.050552  0.046086  0.055018  cuDeviceGetName
                     0.00  6.54e-03         2  3.27e-03  1.49e-03  5.05e-03  cuDeviceGetPCIBusId
                     0.00  1.54e-03         4  3.85e-04  1.62e-04  6.57e-04  cuDeviceGet
                     0.00  1.38e-03         3  4.60e-04  1.48e-04  7.12e-04  cuDeviceGetCount
                     0.00  4.56e-04         2  2.28e-04  1.99e-04  2.57e-04  cuDeviceGetUuid

==48604== Unified Memory profiling result:
Device "Tesla V100-PCIE-32GB (0)"
   Count  Avg Size  Min Size  Max Size  Total Size  Total Time  Name
     238         -         -         -           -   52.330560ms  Gpu page fault groups
    2779  17.687KB  4.0000KB  2.0000MB  48.00000MB           -  Remote mapping from device
Total CPU Page faults: 104
Total remote mappings to CPU: 2779
