==42668== NVPROF is profiling process 42668, command: ./hotspot_055 512 2 2 ../../../data/hotspot/temp_512 ../../../data/hotspot/power_512 output-adapt.out
==42668== Profiling application: ./hotspot_055 512 2 2 ../../../data/hotspot/temp_512 ../../../data/hotspot/power_512 output-adapt.out
==42668== Profiling result:
            Type  Time(%)      Time     Calls       Avg       Min       Max  Name
                        %        ms                  ms        ms        ms
 GPU activities:   100.00  1.407125         1  1.407125  1.407125  1.407125  calculate_temp(int, float*, float*, float*, int, int, int, int, float, float, float, float, float, float)
      API calls:    98.36  245.4699         3  81.82330  0.012418  245.4337  cudaMallocManaged
                     0.95  2.361942         2  1.180971  1.117084  1.244858  cuDeviceTotalMem
                     0.40  0.994874       194  5.13e-03  1.09e-04  0.205422  cuDeviceGetAttribute
                     0.22  0.542213         4  0.135553  3.32e-03  0.294099  cudaFree
                     0.04  0.087552         2  0.043776  0.040447  0.047105  cuDeviceGetName
                     0.02  0.052562         3  0.017520  2.45e-03  0.032074  cudaMemAdvise
                     0.02  0.044161         1  0.044161  0.044161  0.044161  cudaLaunchKernel
                     0.00  7.44e-03         2  3.72e-03  1.64e-03  5.80e-03  cuDeviceGetPCIBusId
                     0.00  1.42e-03         4  3.54e-04  1.74e-04  6.89e-04  cuDeviceGet
                     0.00  1.36e-03         3  4.51e-04  1.48e-04  7.36e-04  cuDeviceGetCount
                     0.00  5.46e-04         2  2.73e-04  1.62e-04  3.84e-04  cuDeviceGetUuid

==42668== Unified Memory profiling result:
Device "Tesla V100-PCIE-32GB (0)"
   Count  Avg Size  Min Size  Max Size  Total Size  Total Time  Name
      34  60.234KB  4.0000KB  496.00KB  2.000000MB    0.230208ms  Host To Device
      10  102.40KB  4.0000KB  508.00KB  1.000000MB    0.088032ms  Device To Host
       9         -         -         -           -    1.385088ms  Gpu page fault groups
Total CPU Page faults: 11
