==42149== NVPROF is profiling process 42149, command: ./hotspot_032 512 2 2 ../../../data/hotspot/temp_512 ../../../data/hotspot/power_512 output-adapt.out
==42149== Profiling application: ./hotspot_032 512 2 2 ../../../data/hotspot/temp_512 ../../../data/hotspot/power_512 output-adapt.out
==42149== Profiling result:
            Type  Time(%)      Time     Calls       Avg       Min       Max  Name
                        %        ms                  ms        ms        ms
 GPU activities:   100.00  1.532500         1  1.532500  1.532500  1.532500  calculate_temp(int, float*, float*, float*, int, int, int, int, float, float, float, float, float, float)
      API calls:    98.38  240.5394         3  80.17981  0.012791  240.5028  cudaMallocManaged
                     0.95  2.319260         2  1.159630  1.094863  1.224397  cuDeviceTotalMem
                     0.42  1.017822       194  5.25e-03  1.10e-04  0.227529  cuDeviceGetAttribute
                     0.15  0.361163         4  0.090290  2.17e-03  0.211159  cudaFree
                     0.05  0.133467         3  0.044489  3.58e-03  0.122847  cudaMemAdvise
                     0.04  0.085666         2  0.042833  0.039254  0.046412  cuDeviceGetName
                     0.02  0.044959         1  0.044959  0.044959  0.044959  cudaLaunchKernel
                     0.00  6.62e-03         2  3.31e-03  1.68e-03  4.94e-03  cuDeviceGetPCIBusId
                     0.00  1.38e-03         3  4.59e-04  1.35e-04  8.06e-04  cuDeviceGetCount
                     0.00  1.31e-03         4  3.26e-04  1.57e-04  6.27e-04  cuDeviceGet
                     0.00  3.93e-04         2  1.96e-04  1.71e-04  2.22e-04  cuDeviceGetUuid

==42149== Unified Memory profiling result:
Device "Tesla V100-PCIE-32GB (0)"
   Count  Avg Size  Min Size  Max Size  Total Size  Total Time  Name
      19  53.895KB  4.0000KB  452.00KB  1.000000MB    0.128512ms  Host To Device
      10  102.40KB  4.0000KB  508.00KB  1.000000MB    0.086144ms  Device To Host
       7         -         -         -           -    1.349696ms  Gpu page fault groups
       6  341.33KB  64.000KB  1.0000MB  2.000000MB           -  Remote mapping from device
Total CPU Page faults: 11
Total remote mappings to CPU: 6
