==37367== NVPROF is profiling process 37367, command: ./hotspot_030 128 2 2 ../../../data/hotspot/temp_128 ../../../data/hotspot/power_128 output-adapt.out
==37367== Profiling application: ./hotspot_030 128 2 2 ../../../data/hotspot/temp_128 ../../../data/hotspot/power_128 output-adapt.out
==37367== Profiling result:
            Type  Time(%)      Time     Calls       Avg       Min       Max  Name
                        %        ms                  ms        ms        ms
 GPU activities:   100.00  0.490525         1  0.490525  0.490525  0.490525  calculate_temp(int, float*, float*, float*, int, int, int, int, float, float, float, float, float, float)
      API calls:    98.38  241.4957         3  80.49858  0.012519  241.4707  cudaMallocManaged
                     0.97  2.378679         2  1.189339  1.143228  1.235451  cuDeviceTotalMem
                     0.43  1.054308       194  5.43e-03  1.10e-04  0.224819  cuDeviceGetAttribute
                     0.14  0.352213         4  0.088053  2.94e-03  0.259049  cudaFree
                     0.03  0.084377         2  0.042188  0.039456  0.044921  cuDeviceGetName
                     0.03  0.063271         2  0.031635  8.49e-03  0.054784  cudaMemAdvise
                     0.02  0.042689         1  0.042689  0.042689  0.042689  cudaLaunchKernel
                     0.00  7.09e-03         2  3.55e-03  2.13e-03  4.96e-03  cuDeviceGetPCIBusId
                     0.00  1.39e-03         4  3.47e-04  1.90e-04  6.25e-04  cuDeviceGet
                     0.00  1.19e-03         3  3.96e-04  1.68e-04  6.87e-04  cuDeviceGetCount
                     0.00  4.38e-04         2  2.19e-04  1.86e-04  2.52e-04  cuDeviceGetUuid

==37367== Unified Memory profiling result:
Device "Tesla V100-PCIE-32GB (0)"
   Count  Avg Size  Min Size  Max Size  Total Size  Total Time  Name
       3  21.333KB  4.0000KB  44.000KB  64.00000KB    0.010144ms  Host To Device
       2  32.000KB  4.0000KB  60.000KB  64.00000KB  6.5920e-03ms  Device To Host
       2         -         -         -           -    0.469440ms  Gpu page fault groups
       2  64.000KB  64.000KB  64.000KB  128.0000KB           -  Remote mapping from device
Total CPU Page faults: 3
Total remote mappings to CPU: 2
