==32108== NVPROF is profiling process 32108, command: ./hotspot_132 128 2 2 ../../../data/hotspot/temp_128 ../../../data/hotspot/power_128 output-adapt.out
==32108== Profiling application: ./hotspot_132 128 2 2 ../../../data/hotspot/temp_128 ../../../data/hotspot/power_128 output-adapt.out
==32108== Profiling result:
            Type  Time(%)      Time     Calls       Avg       Min       Max  Name
                        %        ms                  ms        ms        ms
 GPU activities:   100.00  0.461309         1  0.461309  0.461309  0.461309  calculate_temp(int, float*, float*, float*, int, int, int, int, float, float, float, float, float, float)
      API calls:    98.55  244.9060         3  81.63533  0.012635  244.8638  cudaMallocManaged
                     0.91  2.258111         2  1.129055  1.107151  1.150960  cuDeviceTotalMem
                     0.39  0.968860       194  4.99e-03  1.10e-04  0.199308  cuDeviceGetAttribute
                     0.07  0.165987         4  0.041496  1.26e-03  0.124239  cudaFree
                     0.03  0.086476         2  0.043238  0.038900  0.047576  cuDeviceGetName
                     0.03  0.065299         3  0.021766  3.26e-03  0.053082  cudaMemAdvise
                     0.02  0.045970         1  0.045970  0.045970  0.045970  cudaLaunchKernel
                     0.00  6.41e-03         2  3.21e-03  1.59e-03  4.82e-03  cuDeviceGetPCIBusId
                     0.00  1.64e-03         4  4.09e-04  1.36e-04  7.90e-04  cuDeviceGet
                     0.00  1.36e-03         3  4.53e-04  1.19e-04  6.92e-04  cuDeviceGetCount
                     0.00  4.41e-04         2  2.20e-04  1.78e-04  2.63e-04  cuDeviceGetUuid

==32108== Unified Memory profiling result:
Device "Tesla V100-PCIE-32GB (0)"
   Count  Avg Size  Min Size  Max Size  Total Size  Total Time  Name
       3  21.333KB  4.0000KB  44.000KB  64.00000KB    0.010080ms  Host To Device
       2  32.000KB  4.0000KB  60.000KB  64.00000KB  6.6240e-03ms  Device To Host
       2         -         -         -           -    0.436704ms  Gpu page fault groups
       2  64.000KB  64.000KB  64.000KB  128.0000KB           -  Remote mapping from device
Total CPU Page faults: 3
Total remote mappings to CPU: 2
