==37846== NVPROF is profiling process 37846, command: ./hotspot_053 128 2 2 ../../../data/hotspot/temp_128 ../../../data/hotspot/power_128 output-adapt.out
==37846== Profiling application: ./hotspot_053 128 2 2 ../../../data/hotspot/temp_128 ../../../data/hotspot/power_128 output-adapt.out
==37846== Profiling result:
            Type  Time(%)      Time     Calls       Avg       Min       Max  Name
                        %        ms                  ms        ms        ms
 GPU activities:   100.00  0.538109         1  0.538109  0.538109  0.538109  calculate_temp(int, float*, float*, float*, int, int, int, int, float, float, float, float, float, float)
      API calls:    98.51  243.6598         3  81.21995  0.012856  243.6341  cudaMallocManaged
                     0.92  2.287894         2  1.143947  1.119530  1.168364  cuDeviceTotalMem
                     0.42  1.043665       194  5.38e-03  1.11e-04  0.225999  cuDeviceGetAttribute
                     0.06  0.152300         4  0.038075  1.07e-03  0.110731  cudaFree
                     0.03  0.085462         2  0.042731  0.039811  0.045651  cuDeviceGetName
                     0.03  0.066138         3  0.022046  8.02e-03  0.038119  cudaMemAdvise
                     0.02  0.046488         1  0.046488  0.046488  0.046488  cudaLaunchKernel
                     0.00  6.75e-03         2  3.37e-03  2.11e-03  4.64e-03  cuDeviceGetPCIBusId
                     0.00  1.48e-03         3  4.94e-04  2.67e-04  8.01e-04  cuDeviceGetCount
                     0.00  1.48e-03         4  3.69e-04  1.76e-04  6.80e-04  cuDeviceGet
                     0.00  4.05e-04         2  2.02e-04  1.54e-04  2.51e-04  cuDeviceGetUuid

==37846== Unified Memory profiling result:
Device "Tesla V100-PCIE-32GB (0)"
   Count  Avg Size  Min Size  Max Size  Total Size  Total Time  Name
       3  21.333KB  4.0000KB  48.000KB  64.00000KB    0.010144ms  Host To Device
       2  32.000KB  4.0000KB  60.000KB  64.00000KB  6.6240e-03ms  Device To Host
       2         -         -         -           -    0.518432ms  Gpu page fault groups
       1  64.000KB  64.000KB  64.000KB  64.00000KB           -  Remote mapping from device
Total CPU Page faults: 3
Total remote mappings to CPU: 1
