==34713== NVPROF is profiling process 34713, command: ./hotspot_011 64 2 2 ../../../data/hotspot/temp_64 ../../../data/hotspot/power_64 output-adapt.out
==34713== Profiling application: ./hotspot_011 64 2 2 ../../../data/hotspot/temp_64 ../../../data/hotspot/power_64 output-adapt.out
==34713== Profiling result:
            Type  Time(%)      Time     Calls       Avg       Min       Max  Name
                        %        ms                  ms        ms        ms
 GPU activities:   100.00  0.481950         1  0.481950  0.481950  0.481950  calculate_temp(int, float*, float*, float*, int, int, int, int, float, float, float, float, float, float)
      API calls:    98.47  243.1888         3  81.06294  0.012617  243.1626  cudaMallocManaged
                     0.94  2.321883         2  1.160941  1.098948  1.222935  cuDeviceTotalMem
                     0.40  0.986958       194  5.09e-03  1.42e-04  0.209095  cuDeviceGetAttribute
                     0.12  0.290522         4  0.072630  3.29e-03  0.159263  cudaFree
                     0.03  0.086380         2  0.043190  0.039184  0.047196  cuDeviceGetName
                     0.02  0.047091         1  0.047091  0.047091  0.047091  cudaLaunchKernel
                     0.02  0.037470         3  0.012490  5.12e-03  0.021816  cudaMemAdvise
                     0.00  6.21e-03         2  3.11e-03  1.45e-03  4.77e-03  cuDeviceGetPCIBusId
                     0.00  3.04e-03         3  1.01e-03  4.73e-04  1.95e-03  cuDeviceGetCount
                     0.00  1.57e-03         4  3.93e-04  2.06e-04  6.39e-04  cuDeviceGet
                     0.00  4.82e-04         2  2.41e-04  2.20e-04  2.62e-04  cuDeviceGetUuid

==34713== Unified Memory profiling result:
Device "Tesla V100-PCIE-32GB (0)"
   Count  Avg Size  Min Size  Max Size  Total Size  Total Time  Name
       5  9.5996KB  4.0000KB  16.000KB  48.00000KB    0.012096ms  Host To Device
       2  8.0000KB  4.0000KB  12.000KB  16.00000KB  2.9760e-03ms  Device To Host
       5         -         -         -           -    0.477856ms  Gpu page fault groups
Total CPU Page faults: 2
