==44520== NVPROF is profiling process 44520, command: ./hotspot_023 1024 2 2 ../../../data/hotspot/temp_1024 ../../../data/hotspot/power_1024 output-adapt.out
==44520== Profiling application: ./hotspot_023 1024 2 2 ../../../data/hotspot/temp_1024 ../../../data/hotspot/power_1024 output-adapt.out
==44520== Profiling result:
            Type  Time(%)      Time     Calls       Avg       Min       Max  Name
                        %        ms                  ms        ms        ms
 GPU activities:   100.00  3.492167         1  3.492167  3.492167  3.492167  calculate_temp(int, float*, float*, float*, int, int, int, int, float, float, float, float, float, float)
      API calls:    97.85  239.9286         3  79.97621  0.026115  239.8739  cudaMallocManaged
                     0.93  2.277457         2  1.138728  1.107602  1.169855  cuDeviceTotalMem
                     0.56  1.377903         4  0.344475  2.91e-03  0.683545  cudaFree
                     0.43  1.054210       194  5.43e-03  1.08e-04  0.219216  cuDeviceGetAttribute
                     0.17  0.406339         3  0.135446  2.52e-03  0.354722  cudaMemAdvise
                     0.03  0.082719         2  0.041359  0.039160  0.043559  cuDeviceGetName
                     0.02  0.050710         1  0.050710  0.050710  0.050710  cudaLaunchKernel
                     0.00  6.14e-03         2  3.07e-03  1.59e-03  4.55e-03  cuDeviceGetPCIBusId
                     0.00  2.69e-03         3  8.97e-04  4.27e-04  1.80e-03  cuDeviceGetCount
                     0.00  1.42e-03         4  3.54e-04  1.49e-04  6.54e-04  cuDeviceGet
                     0.00  4.15e-04         2  2.07e-04  1.70e-04  2.45e-04  cuDeviceGetUuid

==44520== Unified Memory profiling result:
Device "Tesla V100-PCIE-32GB (0)"
   Count  Avg Size  Min Size  Max Size  Total Size  Total Time  Name
      35  117.03KB  4.0000KB  976.00KB  4.000000MB    0.406880ms  Host To Device
      24  170.67KB  4.0000KB  0.9961MB  4.000000MB    0.341152ms  Device To Host
      11         -         -         -           -    2.536800ms  Gpu page fault groups
       2  2.0000MB  2.0000MB  2.0000MB  4.000000MB           -  Remote mapping from device
Total CPU Page faults: 36
Total remote mappings to CPU: 2
