==34970== NVPROF is profiling process 34970, command: ./hotspot_023 64 2 2 ../../../data/hotspot/temp_64 ../../../data/hotspot/power_64 output-adapt.out
==34970== Profiling application: ./hotspot_023 64 2 2 ../../../data/hotspot/temp_64 ../../../data/hotspot/power_64 output-adapt.out
==34970== Profiling result:
            Type  Time(%)      Time     Calls       Avg       Min       Max  Name
                        %        ms                  ms        ms        ms
 GPU activities:   100.00  0.405950         1  0.405950  0.405950  0.405950  calculate_temp(int, float*, float*, float*, int, int, int, int, float, float, float, float, float, float)
      API calls:    98.44  243.0249         3  81.00830  0.012937  242.9982  cudaMallocManaged
                     0.95  2.336440         2  1.168220  1.112385  1.224055  cuDeviceTotalMem
                     0.41  1.008692       194  5.20e-03  1.08e-04  0.212674  cuDeviceGetAttribute
                     0.12  0.287920         4  0.071980  3.25e-03  0.186579  cudaFree
                     0.04  0.093610         2  0.046805  0.045438  0.048172  cuDeviceGetName
                     0.02  0.061537         3  0.020512  7.07e-03  0.036227  cudaMemAdvise
                     0.02  0.047460         1  0.047460  0.047460  0.047460  cudaLaunchKernel
                     0.00  6.91e-03         2  3.45e-03  1.49e-03  5.42e-03  cuDeviceGetPCIBusId
                     0.00  1.38e-03         3  4.59e-04  1.47e-04  7.29e-04  cuDeviceGetCount
                     0.00  1.23e-03         4  3.08e-04  1.44e-04  5.43e-04  cuDeviceGet
                     0.00  4.06e-04         2  2.03e-04  1.74e-04  2.32e-04  cuDeviceGetUuid

==34970== Unified Memory profiling result:
Device "Tesla V100-PCIE-32GB (0)"
   Count  Avg Size  Min Size  Max Size  Total Size  Total Time  Name
       2  16.000KB  16.000KB  16.000KB  32.00000KB  5.9520e-03ms  Host To Device
       2  8.0000KB  4.0000KB  12.000KB  16.00000KB  3.1360e-03ms  Device To Host
       2         -         -         -           -    0.395968ms  Gpu page fault groups
       1  16.000KB  16.000KB  16.000KB  16.00000KB           -  Remote mapping from device
Total CPU Page faults: 2
Total remote mappings to CPU: 1
