==33326== NVPROF is profiling process 33326, command: ./hotspot_134 512 2 2 ../../../data/hotspot/temp_512 ../../../data/hotspot/power_512 output-adapt.out
==33326== Profiling application: ./hotspot_134 512 2 2 ../../../data/hotspot/temp_512 ../../../data/hotspot/power_512 output-adapt.out
==33326== Profiling result:
            Type  Time(%)      Time     Calls       Avg       Min       Max  Name
                        %        ms                  ms        ms        ms
 GPU activities:   100.00  2.528270         1  2.528270  2.528270  2.528270  calculate_temp(int, float*, float*, float*, int, int, int, int, float, float, float, float, float, float)
      API calls:    98.33  242.7958         3  80.93192  0.012685  242.7564  cudaMallocManaged
                     0.89  2.197377         2  1.098688  1.093224  1.104153  cuDeviceTotalMem
                     0.40  0.978952       194  5.05e-03  1.06e-04  0.211421  cuDeviceGetAttribute
                     0.25  0.627468         4  0.156867  5.10e-03  0.370826  cudaFree
                     0.07  0.164358         3  0.054786  3.85e-03  0.152411  cudaMemAdvise
                     0.04  0.086958         2  0.043479  0.039117  0.047841  cuDeviceGetName
                     0.02  0.046021         1  0.046021  0.046021  0.046021  cudaLaunchKernel
                     0.00  6.66e-03         2  3.33e-03  1.63e-03  5.03e-03  cuDeviceGetPCIBusId
                     0.00  1.60e-03         4  4.00e-04  1.70e-04  6.76e-04  cuDeviceGet
                     0.00  1.25e-03         3  4.17e-04  1.39e-04  7.22e-04  cuDeviceGetCount
                     0.00  4.36e-04         2  2.18e-04  1.83e-04  2.53e-04  cuDeviceGetUuid

==33326== Unified Memory profiling result:
Device "Tesla V100-PCIE-32GB (0)"
   Count  Avg Size  Min Size  Max Size  Total Size  Total Time  Name
      10  102.40KB  4.0000KB  508.00KB  1.000000MB    0.087424ms  Device To Host
      19         -         -         -           -    2.715808ms  Gpu page fault groups
      63  48.762KB  4.0000KB  1.0000MB  3.000000MB           -  Remote mapping from device
Total CPU Page faults: 11
Total remote mappings to CPU: 63
