==34263== NVPROF is profiling process 34263, command: ./hotspot_151 1024 2 2 ../../../data/hotspot/temp_1024 ../../../data/hotspot/power_1024 output-adapt.out
==34263== Profiling application: ./hotspot_151 1024 2 2 ../../../data/hotspot/temp_1024 ../../../data/hotspot/power_1024 output-adapt.out
==34263== Profiling result:
            Type  Time(%)      Time     Calls       Avg       Min       Max  Name
                        %        ms                  ms        ms        ms
 GPU activities:   100.00  3.697540         1  3.697540  3.697540  3.697540  calculate_temp(int, float*, float*, float*, int, int, int, int, float, float, float, float, float, float)
      API calls:    97.94  244.9744         3  81.65812  0.024979  244.9201  cudaMallocManaged
                     0.90  2.255708         2  1.127854  1.118390  1.137318  cuDeviceTotalMem
                     0.59  1.465511         4  0.366377  2.28e-03  0.729939  cudaFree
                     0.41  1.015745       194  5.24e-03  1.10e-04  0.213674  cuDeviceGetAttribute
                     0.10  0.245945         3  0.081981  1.39e-03  0.168844  cudaMemAdvise
                     0.04  0.100892         2  0.050446  0.048581  0.052311  cuDeviceGetName
                     0.02  0.046085         1  0.046085  0.046085  0.046085  cudaLaunchKernel
                     0.00  7.33e-03         2  3.66e-03  2.21e-03  5.12e-03  cuDeviceGetPCIBusId
                     0.00  1.46e-03         4  3.65e-04  1.69e-04  6.48e-04  cuDeviceGet
                     0.00  1.17e-03         3  3.89e-04  1.21e-04  7.46e-04  cuDeviceGetCount
                     0.00  4.65e-04         2  2.32e-04  2.06e-04  2.59e-04  cuDeviceGetUuid

==34263== Unified Memory profiling result:
Device "Tesla V100-PCIE-32GB (0)"
   Count  Avg Size  Min Size  Max Size  Total Size  Total Time  Name
      70  117.03KB  4.0000KB  0.9922MB  8.000000MB    0.810048ms  Host To Device
      24  170.67KB  4.0000KB  0.9961MB  4.000000MB    0.355648ms  Device To Host
      20         -         -         -           -    3.632512ms  Gpu page fault groups
Total CPU Page faults: 36
