==33683== NVPROF is profiling process 33683, command: ./hotspot_153 512 2 2 ../../../data/hotspot/temp_512 ../../../data/hotspot/power_512 output-adapt.out
==33683== Profiling application: ./hotspot_153 512 2 2 ../../../data/hotspot/temp_512 ../../../data/hotspot/power_512 output-adapt.out
==33683== Profiling result:
            Type  Time(%)      Time     Calls       Avg       Min       Max  Name
                        %        ms                  ms        ms        ms
 GPU activities:   100.00  1.377303         1  1.377303  1.377303  1.377303  calculate_temp(int, float*, float*, float*, int, int, int, int, float, float, float, float, float, float)
      API calls:    98.27  244.3765         3  81.45882  0.025315  244.3205  cudaMallocManaged
                     1.00  2.491689         2  1.245844  1.164908  1.326781  cuDeviceTotalMem
                     0.45  1.114936       194  5.75e-03  1.06e-04  0.285930  cuDeviceGetAttribute
                     0.16  0.390279         4  0.097569  2.14e-03  0.214505  cudaFree
                     0.06  0.153190         3  0.051063  2.49e-03  0.118372  cudaMemAdvise
                     0.04  0.095710         2  0.047855  0.046693  0.049017  cuDeviceGetName
                     0.02  0.044013         1  0.044013  0.044013  0.044013  cudaLaunchKernel
                     0.00  7.22e-03         2  3.61e-03  2.05e-03  5.17e-03  cuDeviceGetPCIBusId
                     0.00  2.21e-03         4  5.52e-04  2.17e-04  9.04e-04  cuDeviceGet
                     0.00  1.59e-03         3  5.29e-04  2.14e-04  7.67e-04  cuDeviceGetCount
                     0.00  5.20e-04         2  2.60e-04  2.10e-04  3.10e-04  cuDeviceGetUuid

==33683== Unified Memory profiling result:
Device "Tesla V100-PCIE-32GB (0)"
   Count  Avg Size  Min Size  Max Size  Total Size  Total Time  Name
      15  68.267KB  4.0000KB  492.00KB  1.000000MB    0.117376ms  Host To Device
      10  102.40KB  4.0000KB  508.00KB  1.000000MB    0.087328ms  Device To Host
       6         -         -         -           -    1.212480ms  Gpu page fault groups
       1  1.0000MB  1.0000MB  1.0000MB  1.000000MB           -  Remote mapping from device
Total CPU Page faults: 11
Total remote mappings to CPU: 1
