==37594== NVPROF is profiling process 37594, command: ./hotspot_041 128 2 2 ../../../data/hotspot/temp_128 ../../../data/hotspot/power_128 output-adapt.out
==37594== Profiling application: ./hotspot_041 128 2 2 ../../../data/hotspot/temp_128 ../../../data/hotspot/power_128 output-adapt.out
==37594== Profiling result:
            Type  Time(%)      Time     Calls       Avg       Min       Max  Name
                        %        ms                  ms        ms        ms
 GPU activities:   100.00  0.686749         1  0.686749  0.686749  0.686749  calculate_temp(int, float*, float*, float*, int, int, int, int, float, float, float, float, float, float)
      API calls:    98.50  242.8923         3  80.96409  0.012892  242.8657  cudaMallocManaged
                     0.91  2.233022         2  1.116511  1.108236  1.124786  cuDeviceTotalMem
                     0.40  0.978429       194  5.04e-03  1.09e-04  0.203338  cuDeviceGetAttribute
                     0.13  0.322324         4  0.080581  3.05e-03  0.221394  cudaFree
                     0.03  0.082755         2  0.041377  0.038968  0.043787  cuDeviceGetName
                     0.02  0.045549         1  0.045549  0.045549  0.045549  cudaLaunchKernel
                     0.02  0.038459         3  0.012819  7.32e-03  0.017591  cudaMemAdvise
                     0.00  6.94e-03         2  3.47e-03  1.41e-03  5.54e-03  cuDeviceGetPCIBusId
                     0.00  1.40e-03         4  3.50e-04  1.70e-04  6.14e-04  cuDeviceGet
                     0.00  1.27e-03         3  4.24e-04  1.13e-04  6.75e-04  cuDeviceGetCount
                     0.00  4.04e-04         2  2.02e-04  1.73e-04  2.31e-04  cuDeviceGetUuid

==37594== Unified Memory profiling result:
Device "Tesla V100-PCIE-32GB (0)"
   Count  Avg Size  Min Size  Max Size  Total Size  Total Time  Name
       3  21.333KB  4.0000KB  44.000KB  64.00000KB    0.010560ms  Host To Device
       3         -         -         -           -    0.677600ms  Gpu page fault groups
       6  21.333KB  4.0000KB  64.000KB  128.0000KB           -  Remote mapping from device
Total CPU Page faults: 3
Total remote mappings to CPU: 6
