==32170== NVPROF is profiling process 32170, command: ./hotspot_134 128 2 2 ../../../data/hotspot/temp_128 ../../../data/hotspot/power_128 output-adapt.out
==32170== Profiling application: ./hotspot_134 128 2 2 ../../../data/hotspot/temp_128 ../../../data/hotspot/power_128 output-adapt.out
==32170== Profiling result:
            Type  Time(%)      Time     Calls       Avg       Min       Max  Name
                        %        ms                  ms        ms        ms
 GPU activities:   100.00  0.572668         1  0.572668  0.572668  0.572668  calculate_temp(int, float*, float*, float*, int, int, int, int, float, float, float, float, float, float)
      API calls:    98.52  244.9654         3  81.65514  0.012990  244.9227  cudaMallocManaged
                     0.94  2.340832         2  1.170416  1.123648  1.217184  cuDeviceTotalMem
                     0.39  0.973139       194  5.02e-03  1.09e-04  0.201502  cuDeviceGetAttribute
                     0.06  0.160497         4  0.040124  1.11e-03  0.119691  cudaFree
                     0.03  0.083090         2  0.041545  0.039220  0.043870  cuDeviceGetName
                     0.03  0.065677         3  0.021892  3.59e-03  0.053363  cudaMemAdvise
                     0.02  0.046583         1  0.046583  0.046583  0.046583  cudaLaunchKernel
                     0.00  5.77e-03         2  2.89e-03  1.48e-03  4.29e-03  cuDeviceGetPCIBusId
                     0.00  1.69e-03         4  4.23e-04  1.74e-04  7.28e-04  cuDeviceGet
                     0.00  1.26e-03         3  4.21e-04  1.48e-04  7.24e-04  cuDeviceGetCount
                     0.00  4.26e-04         2  2.13e-04  1.53e-04  2.73e-04  cuDeviceGetUuid

==32170== Unified Memory profiling result:
Device "Tesla V100-PCIE-32GB (0)"
   Count  Avg Size  Min Size  Max Size  Total Size  Total Time  Name
       2  32.000KB  4.0000KB  60.000KB  64.00000KB  6.5920e-03ms  Device To Host
       3         -         -         -           -    0.571840ms  Gpu page fault groups
       5  38.399KB  4.0000KB  64.000KB  192.0000KB           -  Remote mapping from device
Total CPU Page faults: 3
Total remote mappings to CPU: 5
