==37315== NVPROF is profiling process 37315, command: ./hotspot_153 4096 2 2 ../../../data/hotspot/temp_4096 ../../../data/hotspot/power_4096 output-adapt.out
==37315== Profiling application: ./hotspot_153 4096 2 2 ../../../data/hotspot/temp_4096 ../../../data/hotspot/power_4096 output-adapt.out
==37315== Profiling result:
            Type  Time(%)      Time     Calls       Avg       Min       Max  Name
                        %        ms                  ms        ms        ms
 GPU activities:   100.00  60.80470         1  60.80470  60.80470  60.80470  calculate_temp(int, float*, float*, float*, int, int, int, int, float, float, float, float, float, float)
      API calls:    90.96  242.9074         3  80.96913  0.033258  242.6271  cudaMallocManaged
                     5.26  14.05518         4  3.513795  2.34e-03  4.855147  cudaFree
                     2.48  6.613233         3  2.204411  1.79e-03  5.564349  cudaMemAdvise
                     0.82  2.196979         2  1.098489  1.095615  1.101364  cuDeviceTotalMem
                     0.39  1.047611       194  5.40e-03  1.09e-04  0.221387  cuDeviceGetAttribute
                     0.06  0.149820         1  0.149820  0.149820  0.149820  cudaLaunchKernel
                     0.03  0.082748         2  0.041374  0.039352  0.043396  cuDeviceGetName
                     0.00  6.22e-03         2  3.11e-03  1.39e-03  4.82e-03  cuDeviceGetPCIBusId
                     0.00  1.61e-03         4  4.03e-04  1.83e-04  8.81e-04  cuDeviceGet
                     0.00  1.38e-03         3  4.60e-04  1.28e-04  7.14e-04  cuDeviceGetCount
                     0.00  4.34e-04         2  2.17e-04  1.81e-04  2.53e-04  cuDeviceGetUuid

==37315== Unified Memory profiling result:
Device "Tesla V100-PCIE-32GB (0)"
   Count  Avg Size  Min Size  Max Size  Total Size  Total Time  Name
    1904  34.420KB  4.0000KB  0.9766MB  64.00000MB    9.228192ms  Host To Device
     384  170.67KB  4.0000KB  0.9961MB  64.00000MB    5.647904ms  Device To Host
     218         -         -         -           -   48.504608ms  Gpu page fault groups
      32  2.0000MB  2.0000MB  2.0000MB  64.00000MB           -  Remote mapping from device
Total CPU Page faults: 576
Total remote mappings to CPU: 32
