==41721== NVPROF is profiling process 41721, command: ./hotspot_011 512 2 2 ../../../data/hotspot/temp_512 ../../../data/hotspot/power_512 output-adapt.out
==41721== Profiling application: ./hotspot_011 512 2 2 ../../../data/hotspot/temp_512 ../../../data/hotspot/power_512 output-adapt.out
==41721== Profiling result:
            Type  Time(%)      Time     Calls       Avg       Min       Max  Name
                        %        ms                  ms        ms        ms
 GPU activities:   100.00  8.308746         1  8.308746  8.308746  8.308746  calculate_temp(int, float*, float*, float*, int, int, int, int, float, float, float, float, float, float)
      API calls:    98.37  241.5088         3  80.50293  0.023987  241.4555  cudaMallocManaged
                     0.94  2.317726         2  1.158863  1.115616  1.202110  cuDeviceTotalMem
                     0.41  1.003222       194  5.17e-03  1.10e-04  0.229997  cuDeviceGetAttribute
                     0.17  0.425296         4  0.106324  1.89e-03  0.260995  cudaFree
                     0.04  0.106961         3  0.035653  3.63e-03  0.061555  cudaMemAdvise
                     0.04  0.097146         2  0.048573  0.044607  0.052539  cuDeviceGetName
                     0.02  0.047311         1  0.047311  0.047311  0.047311  cudaLaunchKernel
                     0.00  6.23e-03         2  3.11e-03  1.48e-03  4.75e-03  cuDeviceGetPCIBusId
                     0.00  1.63e-03         4  4.07e-04  1.54e-04  8.66e-04  cuDeviceGet
                     0.00  1.35e-03         3  4.50e-04  1.29e-04  7.15e-04  cuDeviceGetCount
                     0.00  4.45e-04         2  2.22e-04  1.56e-04  2.89e-04  cuDeviceGetUuid

==41721== Unified Memory profiling result:
Device "Tesla V100-PCIE-32GB (0)"
   Count  Avg Size  Min Size  Max Size  Total Size  Total Time  Name
      30  68.267KB  4.0000KB  492.00KB  2.000000MB    0.229024ms  Host To Device
      17  63.765KB  4.0000KB  508.00KB  1.058594MB    0.101664ms  Device To Host
      80         -         -         -           -    8.268896ms  Gpu page fault groups
Total CPU Page faults: 13
