==47249== NVPROF is profiling process 47249, command: ./hotspot_010 2048 2 2 ../../../data/hotspot/temp_2048 ../../../data/hotspot/power_2048 output-adapt.out
==47249== Profiling application: ./hotspot_010 2048 2 2 ../../../data/hotspot/temp_2048 ../../../data/hotspot/power_2048 output-adapt.out
==47249== Profiling result:
            Type  Time(%)      Time     Calls       Avg       Min       Max  Name
                        %        ms                  ms        ms        ms
 GPU activities:   100.00  159.2630         1  159.2630  159.2630  159.2630  calculate_temp(int, float*, float*, float*, int, int, int, int, float, float, float, float, float, float)
      API calls:    96.37  244.0005         3  81.33350  0.056726  243.7434  cudaMallocManaged
                     1.47  3.721668         4  0.930417  2.48e-03  1.376349  cudaFree
                     0.92  2.338923         2  1.169461  1.126241  1.212682  cuDeviceTotalMem
                     0.79  2.001823       194  0.010318  1.11e-04  1.187002  cuDeviceGetAttribute
                     0.36  0.915660         2  0.457830  3.20e-03  0.912459  cudaMemAdvise
                     0.04  0.109246         1  0.109246  0.109246  0.109246  cudaLaunchKernel
                     0.04  0.098369         2  0.049184  0.047169  0.051200  cuDeviceGetName
                     0.00  7.05e-03         2  3.52e-03  2.11e-03  4.93e-03  cuDeviceGetPCIBusId
                     0.00  1.43e-03         4  3.58e-04  1.58e-04  6.33e-04  cuDeviceGet
                     0.00  1.38e-03         3  4.59e-04  1.05e-04  7.62e-04  cuDeviceGetCount
                     0.00  4.74e-04         2  2.37e-04  2.04e-04  2.70e-04  cuDeviceGetUuid

==47249== Unified Memory profiling result:
Device "Tesla V100-PCIE-32GB (0)"
   Count  Avg Size  Min Size  Max Size  Total Size  Total Time  Name
     611  53.630KB  4.0000KB  0.9883MB  32.00000MB    4.016160ms  Host To Device
      96  170.67KB  4.0000KB  0.9961MB  16.00000MB    1.400352ms  Device To Host
    1136         -         -         -           -  158.105216ms  Gpu page fault groups
Total CPU Page faults: 144
