==36644== NVPROF is profiling process 36644, command: ./hotspot_144 4096 2 2 ../../../data/hotspot/temp_4096 ../../../data/hotspot/power_4096 output-adapt.out
==36644== Profiling application: ./hotspot_144 4096 2 2 ../../../data/hotspot/temp_4096 ../../../data/hotspot/power_4096 output-adapt.out
==36644== Profiling result:
            Type  Time(%)      Time     Calls       Avg       Min       Max  Name
                        %        ms                  ms        ms        ms
 GPU activities:   100.00  217.6700         1  217.6700  217.6700  217.6700  calculate_temp(int, float*, float*, float*, int, int, int, int, float, float, float, float, float, float)
      API calls:    92.19  244.7578         3  81.58594  0.033107  244.4880  cudaMallocManaged
                     5.92  15.72327         4  3.930817  2.54e-03  5.654083  cudaFree
                     0.88  2.344550         2  1.172275  1.137180  1.207370  cuDeviceTotalMem
                     0.52  1.376575         3  0.458858  3.26e-03  0.982372  cudaMemAdvise
                     0.40  1.053159       194  5.43e-03  1.09e-04  0.228242  cuDeviceGetAttribute
                     0.06  0.148853         1  0.148853  0.148853  0.148853  cudaLaunchKernel
                     0.03  0.082771         2  0.041385  0.039162  0.043609  cuDeviceGetName
                     0.00  6.31e-03         2  3.15e-03  1.63e-03  4.68e-03  cuDeviceGetPCIBusId
                     0.00  2.62e-03         3  8.72e-04  3.83e-04  1.82e-03  cuDeviceGetCount
                     0.00  1.58e-03         4  3.96e-04  1.61e-04  7.91e-04  cuDeviceGet
                     0.00  4.56e-04         2  2.28e-04  1.99e-04  2.57e-04  cuDeviceGetUuid

==36644== Unified Memory profiling result:
Device "Tesla V100-PCIE-32GB (0)"
   Count  Avg Size  Min Size  Max Size  Total Size  Total Time  Name
    1030         -         -         -           -  214.651328ms  Gpu page fault groups
   22233  7.3252KB  4.0000KB  2.0000MB  159.0586MB           -  Remote mapping from device
Total CPU Page faults: 416
Total remote mappings to CPU: 22233
