==43041== NVPROF is profiling process 43041, command: ./hotspot_113 512 2 2 ../../../data/hotspot/temp_512 ../../../data/hotspot/power_512 output-adapt.out
==43041== Profiling application: ./hotspot_113 512 2 2 ../../../data/hotspot/temp_512 ../../../data/hotspot/power_512 output-adapt.out
==43041== Profiling result:
            Type  Time(%)      Time     Calls       Avg       Min       Max  Name
                        %        ms                  ms        ms        ms
 GPU activities:   100.00  8.619639         1  8.619639  8.619639  8.619639  calculate_temp(int, float*, float*, float*, int, int, int, int, float, float, float, float, float, float)
      API calls:    98.29  240.9761         3  80.32535  0.025047  240.9217  cudaMallocManaged
                     0.95  2.331111         2  1.165555  1.135415  1.195696  cuDeviceTotalMem
                     0.44  1.076425       194  5.55e-03  1.10e-04  0.232307  cuDeviceGetAttribute
                     0.19  0.461261         4  0.115315  2.07e-03  0.267207  cudaFree
                     0.07  0.177807         3  0.059269  3.91e-03  0.112837  cudaMemAdvise
                     0.04  0.091289         2  0.045644  0.039779  0.051510  cuDeviceGetName
                     0.02  0.042025         1  0.042025  0.042025  0.042025  cudaLaunchKernel
                     0.00  7.27e-03         2  3.64e-03  2.14e-03  5.13e-03  cuDeviceGetPCIBusId
                     0.00  1.46e-03         4  3.65e-04  1.71e-04  7.04e-04  cuDeviceGet
                     0.00  1.41e-03         3  4.69e-04  1.92e-04  7.08e-04  cuDeviceGetCount
                     0.00  4.40e-04         2  2.20e-04  2.05e-04  2.35e-04  cuDeviceGetUuid

==43041== Unified Memory profiling result:
Device "Tesla V100-PCIE-32GB (0)"
   Count  Avg Size  Min Size  Max Size  Total Size  Total Time  Name
      17  60.234KB  4.0000KB  496.00KB  1.000000MB    0.136544ms  Host To Device
      10  102.40KB  4.0000KB  508.00KB  1.000000MB    0.087584ms  Device To Host
      86         -         -         -           -    8.597856ms  Gpu page fault groups
       1  1.0000MB  1.0000MB  1.0000MB  1.000000MB           -  Remote mapping from device
Total CPU Page faults: 11
Total remote mappings to CPU: 1
