==35903== NVPROF is profiling process 35903, command: ./hotspot_112 64 2 2 ../../../data/hotspot/temp_64 ../../../data/hotspot/power_64 output-adapt.out
==35903== Profiling application: ./hotspot_112 64 2 2 ../../../data/hotspot/temp_64 ../../../data/hotspot/power_64 output-adapt.out
==35903== Profiling result:
            Type  Time(%)      Time     Calls       Avg       Min       Max  Name
                        %        ms                  ms        ms        ms
 GPU activities:   100.00  0.461021         1  0.461021  0.461021  0.461021  calculate_temp(int, float*, float*, float*, int, int, int, int, float, float, float, float, float, float)
      API calls:    98.57  244.2964         3  81.43215  0.012682  244.2702  cudaMallocManaged
                     0.91  2.246191         2  1.123095  1.115562  1.130629  cuDeviceTotalMem
                     0.40  0.980216       194  5.05e-03  1.09e-04  0.211084  cuDeviceGetAttribute
                     0.06  0.142851         4  0.035712  1.19e-03  0.092857  cudaFree
                     0.03  0.083538         2  0.041769  0.039430  0.044108  cuDeviceGetName
                     0.02  0.045564         1  0.045564  0.045564  0.045564  cudaLaunchKernel
                     0.02  0.038157         3  0.012719  5.34e-03  0.022089  cudaMemAdvise
                     0.00  6.47e-03         2  3.24e-03  1.57e-03  4.91e-03  cuDeviceGetPCIBusId
                     0.00  1.61e-03         3  5.35e-04  1.74e-04  7.91e-04  cuDeviceGetCount
                     0.00  1.47e-03         4  3.67e-04  1.69e-04  5.87e-04  cuDeviceGet
                     0.00  4.05e-04         2  2.02e-04  1.69e-04  2.36e-04  cuDeviceGetUuid

==35903== Unified Memory profiling result:
Device "Tesla V100-PCIE-32GB (0)"
   Count  Avg Size  Min Size  Max Size  Total Size  Total Time  Name
       3  16.000KB  16.000KB  16.000KB  48.00000KB  8.8960e-03ms  Host To Device
       2  8.0000KB  4.0000KB  12.000KB  16.00000KB  3.0080e-03ms  Device To Host
       2         -         -         -           -    0.453952ms  Gpu page fault groups
Total CPU Page faults: 2
