==35417== NVPROF is profiling process 35417, command: ./hotspot_045 64 2 2 ../../../data/hotspot/temp_64 ../../../data/hotspot/power_64 output-adapt.out
==35417== Profiling application: ./hotspot_045 64 2 2 ../../../data/hotspot/temp_64 ../../../data/hotspot/power_64 output-adapt.out
==35417== Profiling result:
            Type  Time(%)      Time     Calls       Avg       Min       Max  Name
                        %        ms                  ms        ms        ms
 GPU activities:   100.00  0.496701         1  0.496701  0.496701  0.496701  calculate_temp(int, float*, float*, float*, int, int, int, int, float, float, float, float, float, float)
      API calls:    98.50  245.5636         3  81.85453  0.012528  245.5374  cudaMallocManaged
                     0.91  2.270662         2  1.135331  1.133667  1.136995  cuDeviceTotalMem
                     0.41  1.011704       194  5.21e-03  1.09e-04  0.212080  cuDeviceGetAttribute
                     0.11  0.271685         4  0.067921  2.88e-03  0.167951  cudaFree
                     0.04  0.097486         2  0.048743  0.040452  0.057034  cuDeviceGetName
                     0.02  0.043160         1  0.043160  0.043160  0.043160  cudaLaunchKernel
                     0.01  0.028367         3  9.46e-03  4.01e-03  0.017088  cudaMemAdvise
                     0.00  7.24e-03         2  3.62e-03  2.33e-03  4.91e-03  cuDeviceGetPCIBusId
                     0.00  1.58e-03         4  3.94e-04  1.80e-04  6.09e-04  cuDeviceGet
                     0.00  1.43e-03         3  4.77e-04  2.29e-04  7.34e-04  cuDeviceGetCount
                     0.00  4.53e-04         2  2.26e-04  2.03e-04  2.50e-04  cuDeviceGetUuid

==35417== Unified Memory profiling result:
Device "Tesla V100-PCIE-32GB (0)"
   Count  Avg Size  Min Size  Max Size  Total Size  Total Time  Name
       1  16.000KB  16.000KB  16.000KB  16.00000KB  2.9440e-03ms  Host To Device
       2         -         -         -           -    0.483296ms  Gpu page fault groups
       2  16.000KB  16.000KB  16.000KB  32.00000KB           -  Remote mapping from device
Total CPU Page faults: 1
Total remote mappings to CPU: 2
