==37239== NVPROF is profiling process 37239, command: ./hotspot_022 128 2 2 ../../../data/hotspot/temp_128 ../../../data/hotspot/power_128 output-adapt.out
==37239== Profiling application: ./hotspot_022 128 2 2 ../../../data/hotspot/temp_128 ../../../data/hotspot/power_128 output-adapt.out
==37239== Profiling result:
            Type  Time(%)      Time     Calls       Avg       Min       Max  Name
                        %        ms                  ms        ms        ms
 GPU activities:   100.00  0.556349         1  0.556349  0.556349  0.556349  calculate_temp(int, float*, float*, float*, int, int, int, int, float, float, float, float, float, float)
      API calls:    98.54  240.0223         3  80.00743  0.012626  239.9960  cudaMallocManaged
                     0.92  2.247084         2  1.123542  1.105484  1.141600  cuDeviceTotalMem
                     0.40  0.972876       194  5.01e-03  1.10e-04  0.202558  cuDeviceGetAttribute
                     0.07  0.166739         4  0.041684  1.16e-03  0.122718  cudaFree
                     0.04  0.096742         2  0.048371  0.039595  0.057147  cuDeviceGetName
                     0.02  0.044066         1  0.044066  0.044066  0.044066  cudaLaunchKernel
                     0.01  0.028053         3  9.35e-03  2.67e-03  0.017915  cudaMemAdvise
                     0.00  7.60e-03         2  3.80e-03  2.32e-03  5.29e-03  cuDeviceGetPCIBusId
                     0.00  2.79e-03         3  9.29e-04  3.70e-04  1.92e-03  cuDeviceGetCount
                     0.00  1.45e-03         4  3.62e-04  1.45e-04  6.46e-04  cuDeviceGet
                     0.00  4.03e-04         2  2.01e-04  1.85e-04  2.18e-04  cuDeviceGetUuid

==37239== Unified Memory profiling result:
Device "Tesla V100-PCIE-32GB (0)"
   Count  Avg Size  Min Size  Max Size  Total Size  Total Time  Name
       6  21.333KB  4.0000KB  44.000KB  128.0000KB    0.029024ms  Host To Device
       2  32.000KB  4.0000KB  60.000KB  64.00000KB  6.5600e-03ms  Device To Host
       2         -         -         -           -    0.546368ms  Gpu page fault groups
Total CPU Page faults: 3
