==40136== NVPROF is profiling process 40136, command: ./hotspot_051 256 2 2 ../../../data/hotspot/temp_256 ../../../data/hotspot/power_256 output-adapt.out
==40136== Profiling application: ./hotspot_051 256 2 2 ../../../data/hotspot/temp_256 ../../../data/hotspot/power_256 output-adapt.out
==40136== Profiling result:
            Type  Time(%)      Time     Calls       Avg       Min       Max  Name
                        %        ms                  ms        ms        ms
 GPU activities:   100.00  0.794556         1  0.794556  0.794556  0.794556  calculate_temp(int, float*, float*, float*, int, int, int, int, float, float, float, float, float, float)
      API calls:    98.52  242.2801         3  80.76002  0.012503  242.2538  cudaMallocManaged
                     0.91  2.231005         2  1.115502  1.106284  1.124721  cuDeviceTotalMem
                     0.40  0.984439       194  5.07e-03  1.09e-04  0.200941  cuDeviceGetAttribute
                     0.09  0.230457         4  0.057614  1.02e-03  0.146098  cudaFree
                     0.03  0.082648         2  0.041324  0.039031  0.043617  cuDeviceGetName
                     0.02  0.050589         3  0.016863  8.83e-03  0.023110  cudaMemAdvise
                     0.02  0.045521         1  0.045521  0.045521  0.045521  cudaLaunchKernel
                     0.00  6.55e-03         2  3.27e-03  1.51e-03  5.04e-03  cuDeviceGetPCIBusId
                     0.00  2.64e-03         3  8.79e-04  3.95e-04  1.81e-03  cuDeviceGetCount
                     0.00  1.44e-03         4  3.59e-04  1.74e-04  7.02e-04  cuDeviceGet
                     0.00  3.87e-04         2  1.93e-04  1.58e-04  2.29e-04  cuDeviceGetUuid

==40136== Unified Memory profiling result:
Device "Tesla V100-PCIE-32GB (0)"
   Count  Avg Size  Min Size  Max Size  Total Size  Total Time  Name
      22  23.273KB  4.0000KB  100.00KB  512.0000KB    0.079424ms  Host To Device
       6  42.666KB  4.0000KB  124.00KB  256.0000KB    0.024544ms  Device To Host
       4         -         -         -           -    0.782944ms  Gpu page fault groups
Total CPU Page faults: 7
