==40355== NVPROF is profiling process 40355, command: ./hotspot_135 8192 2 2 ../../../data/hotspot/temp_8192 ../../../data/hotspot/power_8192 output-adapt.out
==40355== Profiling application: ./hotspot_135 8192 2 2 ../../../data/hotspot/temp_8192 ../../../data/hotspot/power_8192 output-adapt.out
==40355== Profiling result:
            Type  Time(%)      Time     Calls       Avg       Min       Max  Name
                        %        ms                  ms        ms        ms
 GPU activities:   100.00  226.8860         1  226.8860  226.8860  226.8860  calculate_temp(int, float*, float*, float*, int, int, int, int, float, float, float, float, float, float)
      API calls:    70.89  243.5814         3  81.19379  0.031802  243.3153  cudaMallocManaged
                    20.25  69.58775         4  17.39694  3.84e-03  27.89641  cudaFree
                     7.84  26.93832         3  8.979438  4.09e-03  22.81282  cudaMemAdvise
                     0.64  2.211869         2  1.105934  1.104668  1.107201  cuDeviceTotalMem
                     0.30  1.026874       194  5.29e-03  1.10e-04  0.216045  cuDeviceGetAttribute
                     0.05  0.160110         1  0.160110  0.160110  0.160110  cudaLaunchKernel
                     0.02  0.085695         2  0.042847  0.038927  0.046768  cuDeviceGetName
                     0.00  6.36e-03         2  3.18e-03  1.43e-03  4.93e-03  cuDeviceGetPCIBusId
                     0.00  1.72e-03         4  4.28e-04  1.39e-04  8.11e-04  cuDeviceGet
                     0.00  1.23e-03         3  4.11e-04  1.21e-04  6.93e-04  cuDeviceGetCount
                     0.00  4.27e-04         2  2.13e-04  1.82e-04  2.45e-04  cuDeviceGetUuid

==40355== Unified Memory profiling result:
Device "Tesla V100-PCIE-32GB (0)"
   Count  Avg Size  Min Size  Max Size  Total Size  Total Time  Name
    6022  43.530KB  4.0000KB  984.00KB  256.0000MB   33.432512ms  Host To Device
    1536  170.67KB  4.0000KB  0.9961MB  256.0000MB   22.375264ms  Device To Host
     856         -         -         -           -  177.037376ms  Gpu page fault groups
     896  585.14KB  64.000KB  2.0000MB  512.0000MB           -  Remote mapping from device
Total CPU Page faults: 2304
Total remote mappings to CPU: 896
