==33519== NVPROF is profiling process 33519, command: ./hotspot_144 512 2 2 ../../../data/hotspot/temp_512 ../../../data/hotspot/power_512 output-adapt.out
==33519== Profiling application: ./hotspot_144 512 2 2 ../../../data/hotspot/temp_512 ../../../data/hotspot/power_512 output-adapt.out
==33519== Profiling result:
            Type  Time(%)      Time     Calls       Avg       Min       Max  Name
                        %        ms                  ms        ms        ms
 GPU activities:   100.00  4.146947         1  4.146947  4.146947  4.146947  calculate_temp(int, float*, float*, float*, int, int, int, int, float, float, float, float, float, float)
      API calls:    98.38  244.8785         3  81.62617  0.012746  244.8409  cudaMallocManaged
                     0.95  2.365003         2  1.182501  1.131196  1.233807  cuDeviceTotalMem
                     0.43  1.072222       194  5.53e-03  1.10e-04  0.229372  cuDeviceGetAttribute
                     0.17  0.433014         4  0.108253  2.02e-03  0.220479  cudaFree
                     0.03  0.085487         2  0.042743  0.039989  0.045498  cuDeviceGetName
                     0.02  0.045234         1  0.045234  0.045234  0.045234  cudaLaunchKernel
                     0.01  0.027603         3  9.20e-03  2.66e-03  0.019512  cudaMemAdvise
                     0.00  7.18e-03         2  3.59e-03  2.40e-03  4.78e-03  cuDeviceGetPCIBusId
                     0.00  1.47e-03         4  3.67e-04  1.48e-04  6.54e-04  cuDeviceGet
                     0.00  1.36e-03         3  4.54e-04  2.20e-04  7.36e-04  cuDeviceGetCount
                     0.00  4.61e-04         2  2.30e-04  2.06e-04  2.55e-04  cuDeviceGetUuid

==33519== Unified Memory profiling result:
Device "Tesla V100-PCIE-32GB (0)"
   Count  Avg Size  Min Size  Max Size  Total Size  Total Time  Name
      29         -         -         -           -    4.623584ms  Gpu page fault groups
     169  18.177KB  4.0000KB  1.0000MB  3.000000MB           -  Remote mapping from device
Total CPU Page faults: 7
Total remote mappings to CPU: 169
