==33651== NVPROF is profiling process 33651, command: ./hotspot_152 512 2 2 ../../../data/hotspot/temp_512 ../../../data/hotspot/power_512 output-adapt.out
==33651== Profiling application: ./hotspot_152 512 2 2 ../../../data/hotspot/temp_512 ../../../data/hotspot/power_512 output-adapt.out
==33651== Profiling result:
            Type  Time(%)      Time     Calls       Avg       Min       Max  Name
                        %        ms                  ms        ms        ms
 GPU activities:   100.00  1.575798         1  1.575798  1.575798  1.575798  calculate_temp(int, float*, float*, float*, int, int, int, int, float, float, float, float, float, float)
      API calls:    98.29  244.4609         3  81.48697  0.012305  244.4227  cudaMallocManaged
                     0.98  2.444675         2  1.222337  1.205208  1.239467  cuDeviceTotalMem
                     0.41  1.024498       194  5.28e-03  1.20e-04  0.214101  cuDeviceGetAttribute
                     0.24  0.591572         4  0.147893  4.82e-03  0.324965  cudaFree
                     0.04  0.088965         2  0.044482  0.041686  0.047279  cuDeviceGetName
                     0.02  0.051665         1  0.051665  0.051665  0.051665  cudaLaunchKernel
                     0.02  0.042413         3  0.014137  2.49e-03  0.032405  cudaMemAdvise
                     0.00  7.29e-03         2  3.64e-03  2.25e-03  5.04e-03  cuDeviceGetPCIBusId
                     0.00  1.59e-03         4  3.97e-04  1.92e-04  6.03e-04  cuDeviceGet
                     0.00  1.50e-03         3  4.98e-04  2.40e-04  7.22e-04  cuDeviceGetCount
                     0.00  4.99e-04         2  2.49e-04  2.01e-04  2.98e-04  cuDeviceGetUuid

==33651== Unified Memory profiling result:
Device "Tesla V100-PCIE-32GB (0)"
   Count  Avg Size  Min Size  Max Size  Total Size  Total Time  Name
      31  66.065KB  4.0000KB  472.00KB  2.000000MB    0.222240ms  Host To Device
      10  102.40KB  4.0000KB  508.00KB  1.000000MB    0.087328ms  Device To Host
       9         -         -         -           -    1.551968ms  Gpu page fault groups
Total CPU Page faults: 11
