==34338== NVPROF is profiling process 34338, command: ./hotspot_153 1024 2 2 ../../../data/hotspot/temp_1024 ../../../data/hotspot/power_1024 output-adapt.out
==34338== Profiling application: ./hotspot_153 1024 2 2 ../../../data/hotspot/temp_1024 ../../../data/hotspot/power_1024 output-adapt.out
==34338== Profiling result:
            Type  Time(%)      Time     Calls       Avg       Min       Max  Name
                        %        ms                  ms        ms        ms
 GPU activities:   100.00  4.040865         1  4.040865  4.040865  4.040865  calculate_temp(int, float*, float*, float*, int, int, int, int, float, float, float, float, float, float)
      API calls:    97.86  245.5456         3  81.84852  0.029849  245.4564  cudaMallocManaged
                     0.91  2.276895         2  1.138447  1.127531  1.149364  cuDeviceTotalMem
                     0.56  1.400080         4  0.350020  2.32e-03  0.715618  cudaFree
                     0.45  1.131772       194  5.83e-03  1.08e-04  0.263038  cuDeviceGetAttribute
                     0.17  0.414555         3  0.138185  1.51e-03  0.337813  cudaMemAdvise
                     0.03  0.084869         2  0.042434  0.040013  0.044856  cuDeviceGetName
                     0.02  0.046330         1  0.046330  0.046330  0.046330  cudaLaunchKernel
                     0.00  7.58e-03         2  3.79e-03  2.26e-03  5.32e-03  cuDeviceGetPCIBusId
                     0.00  1.49e-03         4  3.72e-04  1.64e-04  7.87e-04  cuDeviceGet
                     0.00  1.29e-03         3  4.30e-04  1.59e-04  7.57e-04  cuDeviceGetCount
                     0.00  4.07e-04         2  2.03e-04  2.00e-04  2.07e-04  cuDeviceGetUuid

==34338== Unified Memory profiling result:
Device "Tesla V100-PCIE-32GB (0)"
   Count  Avg Size  Min Size  Max Size  Total Size  Total Time  Name
      34  120.47KB  4.0000KB  984.00KB  4.000000MB    0.405632ms  Host To Device
      24  170.67KB  4.0000KB  0.9961MB  4.000000MB    0.342784ms  Device To Host
      18         -         -         -           -    3.325216ms  Gpu page fault groups
       2  2.0000MB  2.0000MB  2.0000MB  4.000000MB           -  Remote mapping from device
Total CPU Page faults: 36
Total remote mappings to CPU: 2
