==35381== NVPROF is profiling process 35381, command: ./hotspot_155 2048 2 2 ../../../data/hotspot/temp_2048 ../../../data/hotspot/power_2048 output-adapt.out
==35381== Profiling application: ./hotspot_155 2048 2 2 ../../../data/hotspot/temp_2048 ../../../data/hotspot/power_2048 output-adapt.out
==35381== Profiling result:
            Type  Time(%)      Time     Calls       Avg       Min       Max  Name
                        %        ms                  ms        ms        ms
 GPU activities:   100.00  14.74820         1  14.74820  14.74820  14.74820  calculate_temp(int, float*, float*, float*, int, int, int, int, float, float, float, float, float, float)
      API calls:    96.66  244.2859         3  81.42862  0.024881  244.0081  cudaMallocManaged
                     1.72  4.353426         4  1.088356  2.40e-03  1.777771  cudaFree
                     0.91  2.290956         2  1.145478  1.109457  1.181499  cuDeviceTotalMem
                     0.40  1.018843       194  5.25e-03  1.09e-04  0.209242  cuDeviceGetAttribute
                     0.21  0.540666         3  0.180222  1.63e-03  0.282885  cudaMemAdvise
                     0.06  0.143889         1  0.143889  0.143889  0.143889  cudaLaunchKernel
                     0.03  0.082632         2  0.041316  0.039120  0.043512  cuDeviceGetName
                     0.00  5.87e-03         2  2.94e-03  1.44e-03  4.43e-03  cuDeviceGetPCIBusId
                     0.00  2.49e-03         3  8.30e-04  3.21e-04  1.82e-03  cuDeviceGetCount
                     0.00  1.38e-03         4  3.45e-04  1.77e-04  6.49e-04  cuDeviceGet
                     0.00  4.60e-04         2  2.30e-04  2.06e-04  2.54e-04  cuDeviceGetUuid

==35381== Unified Memory profiling result:
Device "Tesla V100-PCIE-32GB (0)"
   Count  Avg Size  Min Size  Max Size  Total Size  Total Time  Name
     970  33.781KB  4.0000KB  0.9883MB  32.00000MB    4.460768ms  Host To Device
      96  170.67KB  4.0000KB  0.9961MB  16.00000MB    1.400800ms  Device To Host
      71         -         -         -           -   14.834400ms  Gpu page fault groups
Total CPU Page faults: 144
