==55691== NVPROF is profiling process 55691, command: ./hotspot_041 4096 2 2 ../../../data/hotspot/temp_4096 ../../../data/hotspot/power_4096 output-adapt.out
==55691== Profiling application: ./hotspot_041 4096 2 2 ../../../data/hotspot/temp_4096 ../../../data/hotspot/power_4096 output-adapt.out
==55691== Profiling result:
            Type  Time(%)      Time     Calls       Avg       Min       Max  Name
                        %        ms                  ms        ms        ms
 GPU activities:   100.00  162.4266         1  162.4266  162.4266  162.4266  calculate_temp(int, float*, float*, float*, int, int, int, int, float, float, float, float, float, float)
      API calls:    91.63  241.4140         3  80.47134  0.043715  241.1438  cudaMallocManaged
                     5.58  14.70800         4  3.677000  2.07e-03  5.248249  cudaFree
                     1.42  3.744127         3  1.248042  2.73e-03  3.065575  cudaMemAdvise
                     0.85  2.251577         2  1.125788  1.119619  1.131958  cuDeviceTotalMem
                     0.42  1.116915       194  5.76e-03  1.09e-04  0.265934  cuDeviceGetAttribute
                     0.05  0.135748         1  0.135748  0.135748  0.135748  cudaLaunchKernel
                     0.03  0.091758         2  0.045879  0.044118  0.047640  cuDeviceGetName
                     0.00  6.19e-03         2  3.10e-03  1.46e-03  4.73e-03  cuDeviceGetPCIBusId
                     0.00  1.39e-03         4  3.48e-04  1.62e-04  7.31e-04  cuDeviceGet
                     0.00  1.33e-03         3  4.42e-04  1.38e-04  7.49e-04  cuDeviceGetCount
                     0.00  4.37e-04         2  2.18e-04  1.96e-04  2.41e-04  cuDeviceGetUuid

==55691== Unified Memory profiling result:
Device "Tesla V100-PCIE-32GB (0)"
   Count  Avg Size  Min Size  Max Size  Total Size  Total Time  Name
    1702  38.505KB  4.0000KB  0.9805MB  64.00000MB    8.710336ms  Host To Device
     996         -         -         -           -  179.568448ms  Gpu page fault groups
   11883  10.630KB  4.0000KB  2.0000MB  123.3594MB           -  Remote mapping from device
Total CPU Page faults: 416
Total remote mappings to CPU: 11883
