==49989== NVPROF is profiling process 49989, command: ./hotspot_120 2048 2 2 ../../../data/hotspot/temp_2048 ../../../data/hotspot/power_2048 output-adapt.out
==49989== Profiling application: ./hotspot_120 2048 2 2 ../../../data/hotspot/temp_2048 ../../../data/hotspot/power_2048 output-adapt.out
==49989== Profiling result:
            Type  Time(%)      Time     Calls       Avg       Min       Max  Name
                        %        ms                  ms        ms        ms
 GPU activities:   100.00  12.57487         1  12.57487  12.57487  12.57487  calculate_temp(int, float*, float*, float*, int, int, int, int, float, float, float, float, float, float)
      API calls:    97.04  248.9946         3  82.99820  0.054408  248.7511  cudaMallocManaged
                     1.54  3.945123         4  0.986280  2.39e-03  1.541988  cudaFree
                     0.86  2.206445         2  1.103222  1.098410  1.108035  cuDeviceTotalMem
                     0.42  1.089368       194  5.61e-03  1.10e-04  0.241842  cuDeviceGetAttribute
                     0.06  0.157844         2  0.078922  2.53e-03  0.155314  cudaMemAdvise
                     0.04  0.107373         1  0.107373  0.107373  0.107373  cudaLaunchKernel
                     0.03  0.086659         2  0.043329  0.039830  0.046829  cuDeviceGetName
                     0.00  6.99e-03         2  3.50e-03  2.20e-03  4.79e-03  cuDeviceGetPCIBusId
                     0.00  1.64e-03         4  4.11e-04  1.68e-04  7.77e-04  cuDeviceGet
                     0.00  1.33e-03         3  4.44e-04  2.38e-04  7.18e-04  cuDeviceGetCount
                     0.00  4.07e-04         2  2.03e-04  1.70e-04  2.37e-04  cuDeviceGetUuid

==49989== Unified Memory profiling result:
Device "Tesla V100-PCIE-32GB (0)"
   Count  Avg Size  Min Size  Max Size  Total Size  Total Time  Name
     940  34.859KB  4.0000KB  0.9883MB  32.00000MB    4.467520ms  Host To Device
      96  170.67KB  4.0000KB  0.9961MB  16.00000MB    1.399200ms  Device To Host
      47         -         -         -           -   12.545920ms  Gpu page fault groups
Total CPU Page faults: 144
