==32897== NVPROF is profiling process 32897, command: ./hotspot_143 256 2 2 ../../../data/hotspot/temp_256 ../../../data/hotspot/power_256 output-adapt.out
==32897== Profiling application: ./hotspot_143 256 2 2 ../../../data/hotspot/temp_256 ../../../data/hotspot/power_256 output-adapt.out
==32897== Profiling result:
            Type  Time(%)      Time     Calls       Avg       Min       Max  Name
                        %        ms                  ms        ms        ms
 GPU activities:   100.00  0.913881         1  0.913881  0.913881  0.913881  calculate_temp(int, float*, float*, float*, int, int, int, int, float, float, float, float, float, float)
      API calls:    98.36  245.4407         3  81.81358  0.012776  245.4140  cudaMallocManaged
                     0.94  2.334595         2  1.167297  1.145144  1.189451  cuDeviceTotalMem
                     0.45  1.117558       194  5.76e-03  1.09e-04  0.244988  cuDeviceGetAttribute
                     0.16  0.398264         4  0.099566  2.81e-03  0.262347  cudaFree
                     0.04  0.098787         2  0.049393  0.045326  0.053461  cuDeviceGetName
                     0.04  0.088335         3  0.029445  7.34e-03  0.062037  cudaMemAdvise
                     0.02  0.045301         1  0.045301  0.045301  0.045301  cudaLaunchKernel
                     0.00  7.35e-03         2  3.68e-03  2.24e-03  5.11e-03  cuDeviceGetPCIBusId
                     0.00  1.53e-03         4  3.82e-04  1.72e-04  7.60e-04  cuDeviceGet
                     0.00  1.47e-03         3  4.88e-04  2.43e-04  8.71e-04  cuDeviceGetCount
                     0.00  5.11e-04         2  2.55e-04  1.74e-04  3.37e-04  cuDeviceGetUuid

==32897== Unified Memory profiling result:
Device "Tesla V100-PCIE-32GB (0)"
   Count  Avg Size  Min Size  Max Size  Total Size  Total Time  Name
       6         -         -         -           -    1.023424ms  Gpu page fault groups
      27  28.444KB  4.0000KB  256.00KB  768.0000KB           -  Remote mapping from device
Total CPU Page faults: 5
Total remote mappings to CPU: 27
