==40752== NVPROF is profiling process 40752, command: ./hotspot_121 256 2 2 ../../../data/hotspot/temp_256 ../../../data/hotspot/power_256 output-adapt.out
==40752== Profiling application: ./hotspot_121 256 2 2 ../../../data/hotspot/temp_256 ../../../data/hotspot/power_256 output-adapt.out
==40752== Profiling result:
            Type  Time(%)      Time     Calls       Avg       Min       Max  Name
                        %        ms                  ms        ms        ms
 GPU activities:   100.00  0.709723         1  0.709723  0.709723  0.709723  calculate_temp(int, float*, float*, float*, int, int, int, int, float, float, float, float, float, float)
      API calls:    98.49  241.9331         3  80.64435  0.012872  241.9063  cudaMallocManaged
                     0.93  2.290181         2  1.145090  1.129564  1.160617  cuDeviceTotalMem
                     0.42  1.040349       194  5.36e-03  1.10e-04  0.234407  cuDeviceGetAttribute
                     0.08  0.188987         4  0.047246  1.19e-03  0.146249  cudaFree
                     0.04  0.092416         2  0.046208  0.040178  0.052238  cuDeviceGetName
                     0.02  0.045030         1  0.045030  0.045030  0.045030  cudaLaunchKernel
                     0.02  0.044744         3  0.014914  8.03e-03  0.018647  cudaMemAdvise
                     0.00  7.09e-03         2  3.54e-03  2.13e-03  4.96e-03  cuDeviceGetPCIBusId
                     0.00  1.52e-03         4  3.79e-04  1.68e-04  7.11e-04  cuDeviceGet
                     0.00  1.31e-03         3  4.35e-04  1.23e-04  7.14e-04  cuDeviceGetCount
                     0.00  3.98e-04         2  1.99e-04  1.80e-04  2.18e-04  cuDeviceGetUuid

==40752== Unified Memory profiling result:
Device "Tesla V100-PCIE-32GB (0)"
   Count  Avg Size  Min Size  Max Size  Total Size  Total Time  Name
      28  18.285KB  4.0000KB  112.00KB  512.0000KB    0.090112ms  Host To Device
       6  42.666KB  4.0000KB  124.00KB  256.0000KB    0.024544ms  Device To Host
       3         -         -         -           -    0.698432ms  Gpu page fault groups
Total CPU Page faults: 7
