==22698== NVPROF is profiling process 22698, command: ./hotspot_121 8192 2 2 ../../../data/hotspot/temp_8192 ../../../data/hotspot/power_8192 output-adapt.out
==22698== Profiling application: ./hotspot_121 8192 2 2 ../../../data/hotspot/temp_8192 ../../../data/hotspot/power_8192 output-adapt.out
==22698== Profiling result:
            Type  Time(%)      Time     Calls       Avg       Min       Max  Name
                        %        ms                  ms        ms        ms
 GPU activities:   100.00  160.3120         1  160.3120  160.3120  160.3120  calculate_temp(int, float*, float*, float*, int, int, int, int, float, float, float, float, float, float)
      API calls:    73.83  245.6064         3  81.86879  0.034481  245.3875  cudaMallocManaged
                    21.16  70.38556         4  17.59639  3.55e-03  25.74367  cudaFree
                     3.90  12.97899         3  4.326328  3.25e-03  10.83167  cudaMemAdvise
                     0.71  2.368408         2  1.184204  1.126032  1.242376  cuDeviceTotalMem
                     0.33  1.098724       194  5.66e-03  1.10e-04  0.233631  cuDeviceGetAttribute
                     0.03  0.112236         1  0.112236  0.112236  0.112236  cudaLaunchKernel
                     0.03  0.085161         2  0.042580  0.039829  0.045332  cuDeviceGetName
                     0.00  7.62e-03         2  3.81e-03  2.34e-03  5.28e-03  cuDeviceGetPCIBusId
                     0.00  1.60e-03         4  4.01e-04  1.56e-04  7.93e-04  cuDeviceGet
                     0.00  1.48e-03         3  4.94e-04  1.41e-04  8.50e-04  cuDeviceGetCount
                     0.00  4.59e-04         2  2.29e-04  1.88e-04  2.71e-04  cuDeviceGetUuid

==22698== Unified Memory profiling result:
Device "Tesla V100-PCIE-32GB (0)"
   Count  Avg Size  Min Size  Max Size  Total Size  Total Time  Name
    9139  40.638KB  4.0000KB  988.00KB  362.6914MB   48.068512ms  Host To Device
    1534  170.85KB  4.0000KB  0.9961MB  255.9375MB   22.302016ms  Device To Host
     238         -         -         -           -   63.515424ms  Gpu page fault groups
Total CPU Page faults: 2304
