==57480== NVPROF is profiling process 57480, command: ./hotspot_100 4096 2 2 ../../../data/hotspot/temp_4096 ../../../data/hotspot/power_4096 output-adapt.out
==57480== Profiling application: ./hotspot_100 4096 2 2 ../../../data/hotspot/temp_4096 ../../../data/hotspot/power_4096 output-adapt.out
==57480== Profiling result:
            Type  Time(%)      Time     Calls       Avg       Min       Max  Name
                        %        ms                  ms        ms        ms
 GPU activities:   100.00  46.88180         1  46.88180  46.88180  46.88180  calculate_temp(int, float*, float*, float*, int, int, int, int, float, float, float, float, float, float)
      API calls:    93.40  240.7591         3  80.25305  0.044308  240.4868  cudaMallocManaged
                     5.23  13.48842         4  3.372104  2.70e-03  4.948737  cudaFree
                     0.89  2.288263         2  1.144131  1.091424  1.196839  cuDeviceTotalMem
                     0.39  1.001384       194  5.16e-03  1.09e-04  0.218762  cuDeviceGetAttribute
                     0.05  0.139259         1  0.139259  0.139259  0.139259  cudaLaunchKernel
                     0.03  0.082274         2  0.041137  0.039111  0.043163  cuDeviceGetName
                     0.00  6.26e-03         2  3.13e-03  1.62e-03  4.63e-03  cuDeviceGetPCIBusId
                     0.00  2.61e-03         3  8.69e-04  3.10e-04  1.80e-03  cuDeviceGetCount
                     0.00  1.51e-03         4  3.78e-04  1.72e-04  7.65e-04  cuDeviceGet
                     0.00  3.94e-04         2  1.97e-04  1.50e-04  2.44e-04  cuDeviceGetUuid

==57480== Unified Memory profiling result:
Device "Tesla V100-PCIE-32GB (0)"
   Count  Avg Size  Min Size  Max Size  Total Size  Total Time  Name
    3392  38.641KB  4.0000KB  0.9961MB  128.0000MB   17.369280ms  Host To Device
     384  170.67KB  4.0000KB  0.9961MB  64.00000MB    5.601888ms  Device To Host
     230         -         -         -           -   46.283136ms  Gpu page fault groups
Total CPU Page faults: 576
