==40231== NVPROF is profiling process 40231, command: ./hotspot_054 256 2 2 ../../../data/hotspot/temp_256 ../../../data/hotspot/power_256 output-adapt.out
==40231== Profiling application: ./hotspot_054 256 2 2 ../../../data/hotspot/temp_256 ../../../data/hotspot/power_256 output-adapt.out
==40231== Profiling result:
            Type  Time(%)      Time     Calls       Avg       Min       Max  Name
                        %        ms                  ms        ms        ms
 GPU activities:   100.00  1.204025         1  1.204025  1.204025  1.204025  calculate_temp(int, float*, float*, float*, int, int, int, int, float, float, float, float, float, float)
      API calls:    98.49  242.7041         3  80.90135  0.013049  242.6770  cudaMallocManaged
                     0.91  2.231397         2  1.115698  1.110752  1.120645  cuDeviceTotalMem
                     0.43  1.056772       194  5.45e-03  1.10e-04  0.234287  cuDeviceGetAttribute
                     0.09  0.229570         4  0.057392  1.07e-03  0.149128  cudaFree
                     0.04  0.092854         2  0.046427  0.040825  0.052029  cuDeviceGetName
                     0.02  0.046949         1  0.046949  0.046949  0.046949  cudaLaunchKernel
                     0.01  0.035316         3  0.011772  4.01e-03  0.022635  cudaMemAdvise
                     0.00  0.012016         4  3.00e-03  1.46e-04  0.011214  cuDeviceGet
                     0.00  6.29e-03         2  3.14e-03  1.53e-03  4.75e-03  cuDeviceGetPCIBusId
                     0.00  1.28e-03         3  4.27e-04  1.23e-04  6.80e-04  cuDeviceGetCount
                     0.00  4.18e-04         2  2.09e-04  1.67e-04  2.51e-04  cuDeviceGetUuid

==40231== Unified Memory profiling result:
Device "Tesla V100-PCIE-32GB (0)"
   Count  Avg Size  Min Size  Max Size  Total Size  Total Time  Name
      13  19.691KB  4.0000KB  52.000KB  256.0000KB    0.044736ms  Host To Device
       6  42.666KB  4.0000KB  124.00KB  256.0000KB    0.024640ms  Device To Host
       8         -         -         -           -    1.258880ms  Gpu page fault groups
      16  16.000KB  4.0000KB  52.000KB  256.0000KB           -  Remote mapping from device
Total CPU Page faults: 7
Total remote mappings to CPU: 16
