==38770== NVPROF is profiling process 38770, command: ./hotspot_132 8192 2 2 ../../../data/hotspot/temp_8192 ../../../data/hotspot/power_8192 output-adapt.out
==38770== Profiling application: ./hotspot_132 8192 2 2 ../../../data/hotspot/temp_8192 ../../../data/hotspot/power_8192 output-adapt.out
==38770== Profiling result:
            Type  Time(%)      Time     Calls       Avg       Min       Max  Name
                        %        ms                  ms        ms        ms
 GPU activities:   100.00  224.3890         1  224.3890  224.3890  224.3890  calculate_temp(int, float*, float*, float*, int, int, int, int, float, float, float, float, float, float)
      API calls:    76.05  243.4985         3  81.16617  0.031266  243.2675  cudaMallocManaged
                    16.13  51.64501         4  12.91125  2.23e-03  19.01380  cudaFree
                     6.72  21.52373         3  7.174575  4.29e-03  20.55536  cudaMemAdvise
                     0.71  2.287484         2  1.143742  1.119946  1.167538  cuDeviceTotalMem
                     0.31  0.981530       194  5.06e-03  1.09e-04  0.201536  cuDeviceGetAttribute
                     0.04  0.131500         1  0.131500  0.131500  0.131500  cudaLaunchKernel
                     0.03  0.091263         2  0.045631  0.041853  0.049410  cuDeviceGetName
                     0.00  6.25e-03         2  3.12e-03  1.37e-03  4.88e-03  cuDeviceGetPCIBusId
                     0.00  2.94e-03         4  7.35e-04  1.64e-04  1.79e-03  cuDeviceGet
                     0.00  1.34e-03         3  4.47e-04  1.28e-04  6.97e-04  cuDeviceGetCount
                     0.00  4.50e-04         2  2.25e-04  1.99e-04  2.51e-04  cuDeviceGetUuid

==38770== Unified Memory profiling result:
Device "Tesla V100-PCIE-32GB (0)"
   Count  Avg Size  Min Size  Max Size  Total Size  Total Time  Name
    6057  43.279KB  4.0000KB  984.00KB  256.0000MB   33.607104ms  Host To Device
    1536  170.67KB  4.0000KB  0.9961MB  256.0000MB   22.421728ms  Device To Host
     858         -         -         -           -  174.927552ms  Gpu page fault groups
     896  585.14KB  64.000KB  2.0000MB  512.0000MB           -  Remote mapping from device
Total CPU Page faults: 2304
Total remote mappings to CPU: 896
