==35225== NVPROF is profiling process 35225, command: ./hotspot_035 64 2 2 ../../../data/hotspot/temp_64 ../../../data/hotspot/power_64 output-adapt.out
==35225== Profiling application: ./hotspot_035 64 2 2 ../../../data/hotspot/temp_64 ../../../data/hotspot/power_64 output-adapt.out
==35225== Profiling result:
            Type  Time(%)      Time     Calls       Avg       Min       Max  Name
                        %        ms                  ms        ms        ms
 GPU activities:   100.00  0.343550         1  0.343550  0.343550  0.343550  calculate_temp(int, float*, float*, float*, int, int, int, int, float, float, float, float, float, float)
      API calls:    98.45  246.5601         3  82.18670  0.012595  246.5339  cudaMallocManaged
                     0.89  2.227172         2  1.113586  1.109370  1.117802  cuDeviceTotalMem
                     0.46  1.157503       194  5.97e-03  1.09e-04  0.258265  cuDeviceGetAttribute
                     0.11  0.278672         4  0.069668  3.03e-03  0.177563  cudaFree
                     0.04  0.098648         2  0.049324  0.048673  0.049975  cuDeviceGetName
                     0.03  0.068187         3  0.022729  2.74e-03  0.046566  cudaMemAdvise
                     0.02  0.042370         1  0.042370  0.042370  0.042370  cudaLaunchKernel
                     0.00  7.57e-03         2  3.78e-03  2.41e-03  5.15e-03  cuDeviceGetPCIBusId
                     0.00  1.50e-03         3  4.99e-04  2.42e-04  7.63e-04  cuDeviceGetCount
                     0.00  1.48e-03         4  3.70e-04  1.65e-04  7.81e-04  cuDeviceGet
                     0.00  4.03e-04         2  2.01e-04  1.78e-04  2.25e-04  cuDeviceGetUuid

==35225== Unified Memory profiling result:
Device "Tesla V100-PCIE-32GB (0)"
   Count  Avg Size  Min Size  Max Size  Total Size  Total Time  Name
       1  16.000KB  16.000KB  16.000KB  16.00000KB  2.9760e-03ms  Host To Device
       1         -         -         -           -    0.329184ms  Gpu page fault groups
       2  16.000KB  16.000KB  16.000KB  32.00000KB           -  Remote mapping from device
Total CPU Page faults: 1
Total remote mappings to CPU: 2
