==41866== NVPROF is profiling process 41866, command: ./lassen-executable/hotspot_62 8192 2 2 ../../data/hotspot/temp_8192 ../../data/hotspot/power_8192 output-adapt.out
==41866== Profiling application: ./lassen-executable/hotspot_62 8192 2 2 ../../data/hotspot/temp_8192 ../../data/hotspot/power_8192 output-adapt.out
==41866== Profiling result:
            Type  Time(%)      Time     Calls       Avg       Min       Max  Name
                        %        ms                  ms        ms        ms
 GPU activities:   100.00  161.4622         1  161.4622  161.4622  161.4622  calculate_temp(int, float*, float*, float*, int, int, int, int, float, float, float, float, float, float)
      API calls:    86.10  272.2875         3  90.76249  0.033928  272.0208  cudaMallocManaged
                     7.19  22.74628         4  5.686569  4.56e-03  9.188188  cudaFree
                     3.24  10.24701         3  3.415670  4.04e-03  9.596381  cudaMemAdvise
                     1.78  5.642801       388  0.014543  2.69e-04  0.594997  cuDeviceGetAttribute
                     1.46  4.631156         4  1.157789  1.149847  1.172466  cuDeviceTotalMem
                     0.15  0.467612         4  0.116903  0.113590  0.118333  cuDeviceGetName
                     0.06  0.200571         1  0.200571  0.200571  0.200571  cudaLaunchKernel
                     0.01  0.019798         4  4.95e-03  1.48e-03  0.010449  cuDeviceGetPCIBusId
                     0.00  3.85e-03         8  4.80e-04  3.58e-04  5.98e-04  cuDeviceGet
                     0.00  1.77e-03         3  5.91e-04  4.83e-04  7.03e-04  cuDeviceGetCount
                     0.00  1.51e-03         4  3.78e-04  3.62e-04  4.06e-04  cuDeviceGetUuid

==41866== Unified Memory profiling result:
Device "Tesla V100-SXM2-16GB (0)"
   Count  Avg Size  Min Size  Max Size  Total Size  Total Time  Name
    1824  287.44KB  64.000KB  960.00KB  512.0000MB   12.889792ms  Host To Device
     870         -         -         -           -  157.448256ms  Gpu page fault groups
     873  600.56KB  64.000KB  1.0000MB  512.0000MB           -  Remote mapping to device
Total CPU Page faults: 1536
Total remote mappings from CPU: 873
