==89884== NVPROF is profiling process 89884, command: ./lassen-executable/hotspot_34 512 2 2 ../../data/hotspot/temp_512 ../../data/hotspot/power_512 output-adapt.out
==89884== Profiling application: ./lassen-executable/hotspot_34 512 2 2 ../../data/hotspot/temp_512 ../../data/hotspot/power_512 output-adapt.out
==89884== Profiling result:
            Type  Time(%)      Time     Calls       Avg       Min       Max  Name
                        %        ms                  ms        ms        ms
 GPU activities:   100.00  1.061115         1  1.061115  1.061115  1.061115  calculate_temp(int, float*, float*, float*, int, int, int, int, float, float, float, float, float, float)
      API calls:    95.65  270.9780         3  90.32600  0.014736  270.8923  cudaMallocManaged
                     2.13  6.037633       388  0.015560  2.89e-04  0.720630  cuDeviceGetAttribute
                     1.74  4.918136         4  1.229534  1.221102  1.246231  cuDeviceTotalMem
                     0.19  0.539793         4  0.134948  3.73e-03  0.245542  cudaFree
                     0.17  0.483865         4  0.120966  0.117986  0.123046  cuDeviceGetName
                     0.07  0.195394         1  0.195394  0.195394  0.195394  cudaLaunchKernel
                     0.05  0.135185         3  0.045061  5.96e-03  0.065548  cudaMemAdvise
                     0.01  0.014990         4  3.75e-03  1.18e-03  0.010361  cuDeviceGetPCIBusId
                     0.00  4.68e-03         8  5.85e-04  3.89e-04  1.45e-03  cuDeviceGet
                     0.00  1.92e-03         4  4.80e-04  3.70e-04  6.74e-04  cuDeviceGetUuid
                     0.00  1.85e-03         3  6.16e-04  5.06e-04  8.28e-04  cuDeviceGetCount

==89884== Unified Memory profiling result:
Device "Tesla V100-SXM2-16GB (0)"
   Count  Avg Size  Min Size  Max Size  Total Size  Total Time  Name
      14  146.29KB  64.000KB  448.00KB  2.000000MB    0.078432ms  Host To Device
       4         -         -         -           -    0.993600ms  Gpu page fault groups
       1  1.0000MB  1.0000MB  1.0000MB  1.000000MB           -  Remote mapping from device
       1  1.0000MB  1.0000MB  1.0000MB  1.000000MB           -  Remote mapping to device
Total CPU Page faults: 7
Total remote mappings from CPU: 1
Total remote mappings to CPU: 1
