==90176== NVPROF is profiling process 90176, command: ./lassen-executable/hotspot_52 512 2 2 ../../data/hotspot/temp_512 ../../data/hotspot/power_512 output-adapt.out
==90176== Profiling application: ./lassen-executable/hotspot_52 512 2 2 ../../data/hotspot/temp_512 ../../data/hotspot/power_512 output-adapt.out
==90176== Profiling result:
            Type  Time(%)      Time     Calls       Avg       Min       Max  Name
                        %        ms                  ms        ms        ms
 GPU activities:   100.00  2.207253         1  2.207253  2.207253  2.207253  calculate_temp(int, float*, float*, float*, int, int, int, int, float, float, float, float, float, float)
      API calls:    95.97  272.0402         3  90.68008  0.014482  271.9810  cudaMallocManaged
                     1.98  5.625362       388  0.014498  2.66e-04  0.620134  cuDeviceGetAttribute
                     1.61  4.558729         4  1.139682  1.133414  1.153841  cuDeviceTotalMem
                     0.18  0.518150         4  0.129537  2.25e-03  0.251046  cudaFree
                     0.16  0.465043         4  0.116260  0.112839  0.118070  cuDeviceGetName
                     0.04  0.116892         1  0.116892  0.116892  0.116892  cudaLaunchKernel
                     0.04  0.115178         3  0.038392  5.73e-03  0.058526  cudaMemAdvise
                     0.01  0.016750         4  4.19e-03  1.42e-03  8.22e-03  cuDeviceGetPCIBusId
                     0.00  4.04e-03         8  5.05e-04  3.46e-04  6.74e-04  cuDeviceGet
                     0.00  1.82e-03         3  6.06e-04  4.69e-04  7.69e-04  cuDeviceGetCount
                     0.00  1.63e-03         4  4.07e-04  3.79e-04  4.41e-04  cuDeviceGetUuid

==90176== Unified Memory profiling result:
Device "Tesla V100-SXM2-16GB (0)"
   Count  Avg Size  Min Size  Max Size  Total Size  Total Time  Name
       9  113.78KB  64.000KB  256.00KB  1.000000MB    0.046272ms  Host To Device
       9         -         -         -           -    2.084160ms  Gpu page fault groups
       9  199.11KB  64.000KB  1.0000MB  1.750000MB           -  Remote mapping from device
Total CPU Page faults: 7
Total remote mappings to CPU: 9
