==16966== NVPROF is profiling process 16966, command: ./lassen-executable/hotspot_34 8192 2 2 ../../data/hotspot/temp_8192 ../../data/hotspot/power_8192 output-adapt.out
==16966== Profiling application: ./lassen-executable/hotspot_34 8192 2 2 ../../data/hotspot/temp_8192 ../../data/hotspot/power_8192 output-adapt.out
==16966== Profiling result:
            Type  Time(%)      Time     Calls       Avg       Min       Max  Name
                        %        ms                  ms        ms        ms
 GPU activities:   100.00  144.6354         1  144.6354  144.6354  144.6354  calculate_temp(int, float*, float*, float*, int, int, int, int, float, float, float, float, float, float)
      API calls:    88.48  272.4607         3  90.82025  0.035475  272.1884  cudaMallocManaged
                     6.68  20.56485         4  5.141212  4.75e-03  8.718412  cudaFree
                     1.83  5.625671       388  0.014499  2.69e-04  0.584938  cuDeviceGetAttribute
                     1.50  4.628962         4  1.157240  1.147707  1.171243  cuDeviceTotalMem
                     1.28  3.939891         3  1.313297  4.89e-03  3.499030  cudaMemAdvise
                     0.15  0.466354         4  0.116588  0.114281  0.117888  cuDeviceGetName
                     0.07  0.204428         1  0.204428  0.204428  0.204428  cudaLaunchKernel
                     0.01  0.018770         4  4.69e-03  1.50e-03  8.54e-03  cuDeviceGetPCIBusId
                     0.00  4.47e-03         8  5.59e-04  3.48e-04  1.45e-03  cuDeviceGet
                     0.00  1.71e-03         3  5.69e-04  4.51e-04  7.52e-04  cuDeviceGetCount
                     0.00  1.61e-03         4  4.02e-04  3.85e-04  4.28e-04  cuDeviceGetUuid

==16966== Unified Memory profiling result:
Device "Tesla V100-SXM2-16GB (0)"
   Count  Avg Size  Min Size  Max Size  Total Size  Total Time  Name
    2042  255.06KB  64.000KB  960.00KB  508.6250MB   13.393152ms  Host To Device
     556         -         -         -           -  134.437696ms  Gpu page fault groups
     128  2.0000MB  2.0000MB  2.0000MB  256.0000MB           -  Remote mapping from device
     128  2.0000MB  2.0000MB  2.0000MB  256.0000MB           -  Remote mapping to device
Total CPU Page faults: 1664
Total remote mappings from CPU: 128
Total remote mappings to CPU: 128
