==86583== NVPROF is profiling process 86583, command: ./lassen-executable/hotspot_60 64 2 2 ../../data/hotspot/temp_64 ../../data/hotspot/power_64 output-adapt.out
==86583== Profiling application: ./lassen-executable/hotspot_60 64 2 2 ../../data/hotspot/temp_64 ../../data/hotspot/power_64 output-adapt.out
==86583== Profiling result:
            Type  Time(%)      Time     Calls       Avg       Min       Max  Name
                        %        ms                  ms        ms        ms
 GPU activities:    74.39  9.76e-03         1  9.76e-03  9.76e-03  9.76e-03  calculate_temp(int, float*, float*, float*, int, int, int, int, float, float, float, float, float, float)
                    25.61  3.36e-03         1  3.36e-03  3.36e-03  3.36e-03  [CUDA memcpy HtoD]
      API calls:    95.70  271.9072         2  135.9536  0.015175  271.8920  cudaMallocManaged
                     2.00  5.687576       388  0.014658  2.75e-04  0.590107  cuDeviceGetAttribute
                     1.66  4.707076         4  1.176769  1.169045  1.192435  cuDeviceTotalMem
                     0.21  0.591732         4  0.147933  2.38e-03  0.420930  cudaFree
                     0.18  0.522169         1  0.522169  0.522169  0.522169  cudaMalloc
                     0.17  0.471601         4  0.117900  0.114718  0.119384  cuDeviceGetName
                     0.04  0.105623         1  0.105623  0.105623  0.105623  cudaLaunchKernel
                     0.02  0.065046         1  0.065046  0.065046  0.065046  cudaMemcpy
                     0.02  0.050884         2  0.025442  5.36e-03  0.045523  cudaMemAdvise
                     0.00  0.013312         4  3.33e-03  1.46e-03  6.71e-03  cuDeviceGetPCIBusId
                     0.00  4.03e-03         8  5.04e-04  3.67e-04  6.58e-04  cuDeviceGet
                     0.00  1.83e-03         3  6.09e-04  4.67e-04  8.10e-04  cuDeviceGetCount
                     0.00  1.66e-03         4  4.14e-04  3.85e-04  4.30e-04  cuDeviceGetUuid

==86583== Unified Memory profiling result:
Total CPU Page faults: 1
