==87645== NVPROF is profiling process 87645, command: ./lassen-executable/hotspot_50 128 2 2 ../../data/hotspot/temp_128 ../../data/hotspot/power_128 output-adapt.out
==87645== Profiling application: ./lassen-executable/hotspot_50 128 2 2 ../../data/hotspot/temp_128 ../../data/hotspot/power_128 output-adapt.out
==87645== Profiling result:
            Type  Time(%)      Time     Calls       Avg       Min       Max  Name
                        %        ms                  ms        ms        ms
 GPU activities:    96.79  0.267455         1  0.267455  0.267455  0.267455  calculate_temp(int, float*, float*, float*, int, int, int, int, float, float, float, float, float, float)
                     3.21  8.86e-03         1  8.86e-03  8.86e-03  8.86e-03  [CUDA memcpy HtoD]
      API calls:    95.64  270.9053         2  135.4526  0.016810  270.8885  cudaMallocManaged
                     2.03  5.741192       388  0.014796  2.87e-04  0.595971  cuDeviceGetAttribute
                     1.68  4.752850         4  1.188212  1.178455  1.205568  cuDeviceTotalMem
                     0.20  0.560806         1  0.560806  0.560806  0.560806  cudaMalloc
                     0.19  0.546238         4  0.136559  1.80e-03  0.358250  cudaFree
                     0.17  0.476931         4  0.119232  0.116412  0.121116  cuDeviceGetName
                     0.04  0.102588         1  0.102588  0.102588  0.102588  cudaLaunchKernel
                     0.02  0.070585         1  0.070585  0.070585  0.070585  cudaMemcpy
                     0.02  0.067881         2  0.033940  0.017033  0.050848  cudaMemAdvise
                     0.01  0.018946         4  4.74e-03  1.58e-03  9.54e-03  cuDeviceGetPCIBusId
                     0.00  3.84e-03         8  4.80e-04  3.66e-04  6.52e-04  cuDeviceGet
                     0.00  1.82e-03         3  6.08e-04  5.06e-04  7.89e-04  cuDeviceGetCount
                     0.00  1.76e-03         4  4.39e-04  4.32e-04  4.55e-04  cuDeviceGetUuid

==87645== Unified Memory profiling result:
Device "Tesla V100-SXM2-16GB (0)"
   Count  Avg Size  Min Size  Max Size  Total Size  Total Time  Name
       1         -         -         -           -    0.239840ms  Gpu page fault groups
       1  64.000KB  64.000KB  64.000KB  64.00000KB           -  Remote mapping from device
Total CPU Page faults: 2
Total remote mappings to CPU: 1
