==104103== NVPROF is profiling process 104103, command: ./lassen-executable/hotspot_26 4096 2 2 ../../data/hotspot/temp_4096 ../../data/hotspot/power_4096 output-adapt.out
==104103== Profiling application: ./lassen-executable/hotspot_26 4096 2 2 ../../data/hotspot/temp_4096 ../../data/hotspot/power_4096 output-adapt.out
==104103== Profiling result:
            Type  Time(%)      Time     Calls       Avg       Min       Max  Name
                        %        ms                  ms        ms        ms
 GPU activities:   100.00  320.1144         1  320.1144  320.1144  320.1144  calculate_temp(int, float*, float*, float*, int, int, int, int, float, float, float, float, float, float)
      API calls:    92.81  270.2407         3  90.08024  0.032672  269.9908  cudaMallocManaged
                     2.42  7.047409         4  1.761852  3.85e-03  2.722632  cudaFree
                     1.98  5.768190       388  0.014866  2.83e-04  0.599964  cuDeviceGetAttribute
                     1.65  4.816292         4  1.204073  1.196628  1.226386  cuDeviceTotalMem
                     0.87  2.539861         3  0.846620  4.02e-03  2.359971  cudaMemAdvise
                     0.16  0.479706         4  0.119926  0.116416  0.123763  cuDeviceGetName
                     0.09  0.264668         1  0.264668  0.264668  0.264668  cudaLaunchKernel
                     0.01  0.015055         4  3.76e-03  1.27e-03  9.78e-03  cuDeviceGetPCIBusId
                     0.00  3.99e-03         8  4.98e-04  3.77e-04  6.23e-04  cuDeviceGet
                     0.00  1.88e-03         3  6.27e-04  5.62e-04  7.56e-04  cuDeviceGetCount
                     0.00  1.72e-03         4  4.29e-04  4.16e-04  4.39e-04  cuDeviceGetUuid

==104103== Unified Memory profiling result:
Device "Tesla V100-SXM2-16GB (0)"
   Count  Avg Size  Min Size  Max Size  Total Size  Total Time  Name
     545  240.50KB  64.000KB  960.00KB  128.0000MB    3.207808ms  Host To Device
     320  204.80KB  64.000KB  960.00KB  64.00000MB    1.639680ms  Device To Host
    2439         -         -         -           -  315.742432ms  Gpu page fault groups
     151  434.01KB  64.000KB  1.0000MB  64.00000MB           -  Remote mapping to device
Total CPU Page faults: 576
Total remote mappings from CPU: 151
