==97867== NVPROF is profiling process 97867, command: ./lassen-executable/hotspot_03 4096 2 2 ../../data/hotspot/temp_4096 ../../data/hotspot/power_4096 output-adapt.out
==97867== Profiling application: ./lassen-executable/hotspot_03 4096 2 2 ../../data/hotspot/temp_4096 ../../data/hotspot/power_4096 output-adapt.out
==97867== Profiling result:
            Type  Time(%)      Time     Calls       Avg       Min       Max  Name
                        %        ms                  ms        ms        ms
 GPU activities:    61.77  27.46592         1  27.46592  27.46592  27.46592  calculate_temp(int, float*, float*, float*, int, int, int, int, float, float, float, float, float, float)
                    23.84  10.60208         1  10.60208  10.60208  10.60208  [CUDA memcpy DtoH]
                    14.38  6.395290         1  6.395290  6.395290  6.395290  [CUDA memcpy HtoD]
      API calls:    81.03  271.2161         1  271.2161  271.2161  271.2161  cudaMallocManaged
                    13.48  45.11412         2  22.55706  6.733765  38.38036  cudaMemcpy
                     1.68  5.613948       388  0.014468  2.68e-04  0.583508  cuDeviceGetAttribute
                     1.38  4.628445         4  1.157111  1.147427  1.172077  cuDeviceTotalMem
                     1.13  3.779996         3  1.259998  0.590828  2.459286  cudaFree
                     1.06  3.557142         2  1.778571  1.573737  1.983405  cudaMalloc
                     0.14  0.464561         4  0.116140  0.112986  0.118074  cuDeviceGetName
                     0.05  0.152559         1  0.152559  0.152559  0.152559  cudaMemAdvise
                     0.04  0.148842         1  0.148842  0.148842  0.148842  cudaLaunchKernel
                     0.00  0.013950         4  3.49e-03  1.49e-03  7.37e-03  cuDeviceGetPCIBusId
                     0.00  3.61e-03         8  4.51e-04  3.43e-04  5.58e-04  cuDeviceGet
                     0.00  1.73e-03         3  5.75e-04  4.57e-04  7.58e-04  cuDeviceGetCount
                     0.00  1.63e-03         4  4.08e-04  4.03e-04  4.12e-04  cuDeviceGetUuid

==97867== Unified Memory profiling result:
Device "Tesla V100-SXM2-16GB (0)"
   Count  Avg Size  Min Size  Max Size  Total Size  Total Time  Name
     248  264.26KB  64.000KB  960.00KB  64.00000MB    1.640800ms  Host To Device
     141         -         -         -           -   26.679520ms  Gpu page fault groups
Total CPU Page faults: 192
