==24256== NVPROF is profiling process 24256, command: ./lassen-executable/hotspot_43 8192 2 2 ../../data/hotspot/temp_8192 ../../data/hotspot/power_8192 output-adapt.out
==24256== Profiling application: ./lassen-executable/hotspot_43 8192 2 2 ../../data/hotspot/temp_8192 ../../data/hotspot/power_8192 output-adapt.out
==24256== Profiling result:
            Type  Time(%)      Time     Calls       Avg       Min       Max  Name
                        %        ms                  ms        ms        ms
 GPU activities:   100.00  193.3524         1  193.3524  193.3524  193.3524  calculate_temp(int, float*, float*, float*, int, int, int, int, float, float, float, float, float, float)
      API calls:    87.55  273.5691         3  91.18971  0.032569  273.3027  cudaMallocManaged
                     7.58  23.67790         4  5.919475  4.35e-03  8.561998  cudaFree
                     1.86  5.810660       388  0.014975  2.69e-04  0.603690  cuDeviceGetAttribute
                     1.52  4.742883         4  1.185720  1.178416  1.200098  cuDeviceTotalMem
                     1.26  3.935825         3  1.311941  5.00e-03  3.550527  cudaMemAdvise
                     0.15  0.480900         4  0.120225  0.116051  0.123454  cuDeviceGetName
                     0.07  0.214969         1  0.214969  0.214969  0.214969  cudaLaunchKernel
                     0.01  0.018295         4  4.57e-03  1.58e-03  0.011074  cuDeviceGetPCIBusId
                     0.00  4.02e-03         8  5.02e-04  3.61e-04  6.91e-04  cuDeviceGet
                     0.00  1.95e-03         3  6.50e-04  4.53e-04  8.41e-04  cuDeviceGetCount
                     0.00  1.67e-03         4  4.16e-04  3.85e-04  4.32e-04  cuDeviceGetUuid

==24256== Unified Memory profiling result:
Device "Tesla V100-SXM2-16GB (0)"
   Count  Avg Size  Min Size  Max Size  Total Size  Total Time  Name
    2101  249.54KB  64.000KB  960.00KB  512.0000MB   13.413664ms  Host To Device
    1280  204.80KB  64.000KB  960.00KB  256.0000MB    7.177248ms  Device To Host
     857         -         -         -           -  185.185248ms  Gpu page fault groups
     896  585.14KB  64.000KB  2.0000MB  512.0000MB           -  Remote mapping from device
Total CPU Page faults: 2304
Total remote mappings to CPU: 896
