==86768== NVPROF is profiling process 86768, command: ./lassen-executable/hotspot_03 128 2 2 ../../data/hotspot/temp_128 ../../data/hotspot/power_128 output-adapt.out
==86768== Profiling application: ./lassen-executable/hotspot_03 128 2 2 ../../data/hotspot/temp_128 ../../data/hotspot/power_128 output-adapt.out
==86768== Profiling result:
            Type  Time(%)      Time     Calls       Avg       Min       Max  Name
                        %        ms                  ms        ms        ms
 GPU activities:    55.88  0.015808         1  0.015808  0.015808  0.015808  calculate_temp(int, float*, float*, float*, int, int, int, int, float, float, float, float, float, float)
                    31.11  8.80e-03         1  8.80e-03  8.80e-03  8.80e-03  [CUDA memcpy HtoD]
                    13.01  3.68e-03         1  3.68e-03  3.68e-03  3.68e-03  [CUDA memcpy DtoH]
      API calls:    95.45  269.7655         1  269.7655  269.7655  269.7655  cudaMallocManaged
                     2.11  5.963576       388  0.015370  2.97e-04  0.618847  cuDeviceGetAttribute
                     1.78  5.031635         4  1.257908  1.249214  1.273929  cuDeviceTotalMem
                     0.20  0.567696         2  0.283848  0.010204  0.557492  cudaMalloc
                     0.17  0.494211         4  0.123552  0.121038  0.125296  cuDeviceGetName
                     0.17  0.490637         3  0.163545  0.012070  0.330887  cudaFree
                     0.05  0.132088         2  0.066044  0.060968  0.071120  cudaMemcpy
                     0.04  0.102446         1  0.102446  0.102446  0.102446  cudaLaunchKernel
                     0.02  0.050141         1  0.050141  0.050141  0.050141  cudaMemAdvise
                     0.01  0.017490         4  4.37e-03  1.72e-03  0.010742  cuDeviceGetPCIBusId
                     0.00  3.86e-03         8  4.82e-04  3.56e-04  6.64e-04  cuDeviceGet
                     0.00  1.80e-03         3  6.01e-04  5.21e-04  7.40e-04  cuDeviceGetCount
                     0.00  1.73e-03         4  4.32e-04  3.75e-04  4.77e-04  cuDeviceGetUuid

==86768== Unified Memory profiling result:
Total CPU Page faults: 1
