==90115== NVPROF is profiling process 90115, command: ./lassen-executable/hotspot_50 512 2 2 ../../data/hotspot/temp_512 ../../data/hotspot/power_512 output-adapt.out
==90115== Profiling application: ./lassen-executable/hotspot_50 512 2 2 ../../data/hotspot/temp_512 ../../data/hotspot/power_512 output-adapt.out
==90115== Profiling result:
            Type  Time(%)      Time     Calls       Avg       Min       Max  Name
                        %        ms                  ms        ms        ms
 GPU activities:    98.71  1.669592         1  1.669592  1.669592  1.669592  calculate_temp(int, float*, float*, float*, int, int, int, int, float, float, float, float, float, float)
                     1.29  0.021888         1  0.021888  0.021888  0.021888  [CUDA memcpy HtoD]
      API calls:    95.67  271.6741         2  135.8371  0.014509  271.6596  cudaMallocManaged
                     2.00  5.674357       388  0.014624  2.75e-04  0.593573  cuDeviceGetAttribute
                     1.65  4.676840         4  1.169210  1.162037  1.185051  cuDeviceTotalMem
                     0.24  0.679019         4  0.169754  2.07e-03  0.384629  cudaFree
                     0.17  0.471567         1  0.471567  0.471567  0.471567  cudaMalloc
                     0.17  0.470215         4  0.117553  0.114664  0.119232  cuDeviceGetName
                     0.05  0.152643         1  0.152643  0.152643  0.152643  cudaMemcpy
                     0.04  0.102111         1  0.102111  0.102111  0.102111  cudaLaunchKernel
                     0.02  0.055918         2  0.027959  7.28e-03  0.048637  cudaMemAdvise
                     0.01  0.015058         4  3.76e-03  1.60e-03  8.24e-03  cuDeviceGetPCIBusId
                     0.00  4.65e-03         8  5.81e-04  3.71e-04  1.63e-03  cuDeviceGet
                     0.00  1.81e-03         3  6.01e-04  4.92e-04  7.91e-04  cuDeviceGetCount
                     0.00  1.62e-03         4  4.04e-04  3.67e-04  4.32e-04  cuDeviceGetUuid

==90115== Unified Memory profiling result:
Device "Tesla V100-SXM2-16GB (0)"
   Count  Avg Size  Min Size  Max Size  Total Size  Total Time  Name
       9         -         -         -           -    1.586144ms  Gpu page fault groups
       9  199.11KB  64.000KB  1.0000MB  1.750000MB           -  Remote mapping from device
Total CPU Page faults: 6
Total remote mappings to CPU: 9
