==90130== NVPROF is profiling process 90130, command: ./lassen-executable/hotspot_51 512 2 2 ../../data/hotspot/temp_512 ../../data/hotspot/power_512 output-adapt.out
==90130== Profiling application: ./lassen-executable/hotspot_51 512 2 2 ../../data/hotspot/temp_512 ../../data/hotspot/power_512 output-adapt.out
==90130== Profiling result:
            Type  Time(%)      Time     Calls       Avg       Min       Max  Name
                        %        ms                  ms        ms        ms
 GPU activities:   100.00  2.303414         1  2.303414  2.303414  2.303414  calculate_temp(int, float*, float*, float*, int, int, int, int, float, float, float, float, float, float)
      API calls:    95.96  270.4156         3  90.13853  9.33e-03  270.3702  cudaMallocManaged
                     2.00  5.636595       388  0.014527  2.74e-04  0.588659  cuDeviceGetAttribute
                     1.64  4.631565         4  1.157891  1.150655  1.172708  cuDeviceTotalMem
                     0.17  0.471167         4  0.117791  2.16e-03  0.233847  cudaFree
                     0.17  0.465303         4  0.116325  0.113273  0.118372  cuDeviceGetName
                     0.04  0.110477         1  0.110477  0.110477  0.110477  cudaLaunchKernel
                     0.02  0.056283         2  0.028141  5.86e-03  0.050422  cudaMemAdvise
                     0.01  0.016328         4  4.08e-03  1.53e-03  8.75e-03  cuDeviceGetPCIBusId
                     0.00  3.59e-03         8  4.48e-04  3.35e-04  6.04e-04  cuDeviceGet
                     0.00  1.78e-03         3  5.92e-04  4.68e-04  7.81e-04  cuDeviceGetCount
                     0.00  1.65e-03         4  4.12e-04  4.03e-04  4.33e-04  cuDeviceGetUuid

==90130== Unified Memory profiling result:
Device "Tesla V100-SXM2-16GB (0)"
   Count  Avg Size  Min Size  Max Size  Total Size  Total Time  Name
       9  113.78KB  64.000KB  256.00KB  1.000000MB    0.045696ms  Host To Device
      10         -         -         -           -    2.197088ms  Gpu page fault groups
      10  179.20KB  64.000KB  1.0000MB  1.750000MB           -  Remote mapping from device
Total CPU Page faults: 7
Total remote mappings to CPU: 10
