==99552== NVPROF is profiling process 99552, command: ./lassen-executable/hotspot_11 4096 2 2 ../../data/hotspot/temp_4096 ../../data/hotspot/power_4096 output-adapt.out
==99552== Profiling application: ./lassen-executable/hotspot_11 4096 2 2 ../../data/hotspot/temp_4096 ../../data/hotspot/power_4096 output-adapt.out
==99552== Profiling result:
            Type  Time(%)      Time     Calls       Avg       Min       Max  Name
                        %        ms                  ms        ms        ms
 GPU activities:   100.00  49.27632         1  49.27632  49.27632  49.27632  calculate_temp(int, float*, float*, float*, int, int, int, int, float, float, float, float, float, float)
      API calls:    93.80  272.4480         3  90.81599  0.029663  272.2206  cudaMallocManaged
                     2.19  6.369122         4  1.592280  5.07e-03  2.316741  cudaFree
                     2.04  5.933203       388  0.015291  2.93e-04  0.615501  cuDeviceGetAttribute
                     1.72  4.996766         4  1.249191  1.238926  1.266168  cuDeviceTotalMem
                     0.17  0.490330         4  0.122582  0.120333  0.124555  cuDeviceGetName
                     0.07  0.203290         1  0.203290  0.203290  0.203290  cudaLaunchKernel
                     0.00  0.011887         4  2.97e-03  1.27e-03  7.14e-03  cuDeviceGetPCIBusId
                     0.00  4.83e-03         8  6.03e-04  3.87e-04  1.46e-03  cuDeviceGet
                     0.00  1.89e-03         3  6.29e-04  5.01e-04  8.27e-04  cuDeviceGetCount
                     0.00  1.63e-03         4  4.08e-04  3.87e-04  4.30e-04  cuDeviceGetUuid

==99552== Unified Memory profiling result:
Device "Tesla V100-SXM2-16GB (0)"
   Count  Avg Size  Min Size  Max Size  Total Size  Total Time  Name
     499  262.67KB  64.000KB  960.00KB  128.0000MB    3.323072ms  Host To Device
     320  204.80KB  64.000KB  960.00KB  64.00000MB    1.784896ms  Device To Host
     249         -         -         -           -   48.232352ms  Gpu page fault groups
Total CPU Page faults: 576
