==86345== NVPROF is profiling process 86345, command: ./lassen-executable/hotspot_45 64 2 2 ../../data/hotspot/temp_64 ../../data/hotspot/power_64 output-adapt.out
==86345== Profiling application: ./lassen-executable/hotspot_45 64 2 2 ../../data/hotspot/temp_64 ../../data/hotspot/power_64 output-adapt.out
==86345== Profiling result:
            Type  Time(%)      Time     Calls       Avg       Min       Max  Name
                        %        ms                  ms        ms        ms
 GPU activities:   100.00  9.28e-03         1  9.28e-03  9.28e-03  9.28e-03  calculate_temp(int, float*, float*, float*, int, int, int, int, float, float, float, float, float, float)
      API calls:    96.01  271.3252         3  90.44172  0.010904  271.3022  cudaMallocManaged
                     1.99  5.625312       388  0.014498  2.69e-04  0.586211  cuDeviceGetAttribute
                     1.65  4.676122         4  1.169030  1.151589  1.194321  cuDeviceTotalMem
                     0.16  0.465844         4  0.116461  0.113351  0.118476  cuDeviceGetName
                     0.10  0.281193         4  0.070298  2.50e-03  0.167302  cudaFree
                     0.04  0.106439         1  0.106439  0.106439  0.106439  cudaLaunchKernel
                     0.03  0.094422         3  0.031474  5.03e-03  0.080017  cudaMemAdvise
                     0.01  0.016564         4  4.14e-03  1.50e-03  9.49e-03  cuDeviceGetPCIBusId
                     0.00  3.76e-03         8  4.69e-04  3.71e-04  7.09e-04  cuDeviceGet
                     0.00  1.72e-03         3  5.73e-04  4.72e-04  7.74e-04  cuDeviceGetCount
                     0.00  1.64e-03         4  4.08e-04  3.79e-04  4.49e-04  cuDeviceGetUuid

==86345== Unified Memory profiling result:
Device "Tesla V100-SXM2-16GB (0)"
   Count  Avg Size  Min Size  Max Size  Total Size  Total Time  Name
       1  64.000KB  64.000KB  64.000KB  64.00000KB           -  Remote mapping from device
Total CPU Page faults: 1
Total remote mappings to CPU: 1
