==95447== NVPROF is profiling process 95447, command: ./lassen-executable/hotspot_41 2048 2 2 ../../data/hotspot/temp_2048 ../../data/hotspot/power_2048 output-adapt.out
==95447== Profiling application: ./lassen-executable/hotspot_41 2048 2 2 ../../data/hotspot/temp_2048 ../../data/hotspot/power_2048 output-adapt.out
==95447== Profiling result:
            Type  Time(%)      Time     Calls       Avg       Min       Max  Name
                        %        ms                  ms        ms        ms
 GPU activities:   100.00  16.99075         1  16.99075  16.99075  16.99075  calculate_temp(int, float*, float*, float*, int, int, int, int, float, float, float, float, float, float)
      API calls:    95.06  271.4172         3  90.47241  0.039690  271.1823  cudaMallocManaged
                     2.09  5.963251       388  0.015369  3.00e-04  0.618587  cuDeviceGetAttribute
                     1.76  5.020186         4  1.255046  1.244289  1.274030  cuDeviceTotalMem
                     0.75  2.133604         4  0.533401  4.08e-03  0.854172  cudaFree
                     0.17  0.492400         4  0.123100  0.119755  0.124511  cuDeviceGetName
                     0.10  0.286380         2  0.143190  4.11e-03  0.282267  cudaMemAdvise
                     0.07  0.193289         1  0.193289  0.193289  0.193289  cudaLaunchKernel
                     0.00  0.013524         4  3.38e-03  1.76e-03  7.23e-03  cuDeviceGetPCIBusId
                     0.00  3.93e-03         8  4.91e-04  3.77e-04  6.38e-04  cuDeviceGet
                     0.00  1.93e-03         3  6.44e-04  5.18e-04  8.63e-04  cuDeviceGetCount
                     0.00  1.72e-03         4  4.30e-04  4.07e-04  4.47e-04  cuDeviceGetUuid

==95447== Unified Memory profiling result:
Device "Tesla V100-SXM2-16GB (0)"
   Count  Avg Size  Min Size  Max Size  Total Size  Total Time  Name
     148  221.84KB  64.000KB  960.00KB  32.06250MB    0.902368ms  Host To Device
      81  203.06KB  64.000KB  960.00KB  16.06250MB    0.456128ms  Device To Host
      72         -         -         -           -   16.472256ms  Gpu page fault groups
      57  576.00KB  64.000KB  2.0000MB  32.06250MB           -  Remote mapping from device
Total CPU Page faults: 145
Total remote mappings to CPU: 57
