==95142== NVPROF is profiling process 95142, command: ./lassen-executable/hotspot_34 2048 2 2 ../../data/hotspot/temp_2048 ../../data/hotspot/power_2048 output-adapt.out
==95142== Profiling application: ./lassen-executable/hotspot_34 2048 2 2 ../../data/hotspot/temp_2048 ../../data/hotspot/power_2048 output-adapt.out
==95142== Profiling result:
            Type  Time(%)      Time     Calls       Avg       Min       Max  Name
                        %        ms                  ms        ms        ms
 GPU activities:   100.00  12.18700         1  12.18700  12.18700  12.18700  calculate_temp(int, float*, float*, float*, int, int, int, int, float, float, float, float, float, float)
      API calls:    95.42  272.7255         3  90.90850  0.037964  272.5009  cudaMallocManaged
                     1.96  5.600930       388  0.014435  2.69e-04  0.581005  cuDeviceGetAttribute
                     1.59  4.550510         4  1.137627  1.127797  1.155114  cuDeviceTotalMem
                     0.69  1.966110         4  0.491527  4.80e-03  0.939408  cudaFree
                     0.16  0.467390         4  0.116847  0.112456  0.121289  cuDeviceGetName
                     0.11  0.308756         3  0.102918  4.26e-03  0.252410  cudaMemAdvise
                     0.06  0.174866         1  0.174866  0.174866  0.174866  cudaLaunchKernel
                     0.01  0.018264         4  4.57e-03  1.38e-03  0.011291  cuDeviceGetPCIBusId
                     0.00  3.53e-03         8  4.41e-04  3.57e-04  6.08e-04  cuDeviceGet
                     0.00  1.86e-03         3  6.18e-04  4.98e-04  8.38e-04  cuDeviceGetCount
                     0.00  1.62e-03         4  4.05e-04  3.59e-04  4.49e-04  cuDeviceGetUuid

==95142== Unified Memory profiling result:
Device "Tesla V100-SXM2-16GB (0)"
   Count  Avg Size  Min Size  Max Size  Total Size  Total Time  Name
     140  234.06KB  64.000KB  960.00KB  32.00000MB    0.888224ms  Host To Device
      43         -         -         -           -   11.469344ms  Gpu page fault groups
       8  2.0000MB  2.0000MB  2.0000MB  16.00000MB           -  Remote mapping from device
       8  2.0000MB  2.0000MB  2.0000MB  16.00000MB           -  Remote mapping to device
Total CPU Page faults: 104
Total remote mappings from CPU: 8
Total remote mappings to CPU: 8
