==124488== NVPROF is profiling process 124488, command: ./lassen-executable/hotspot_11 8192 2 2 ../../data/hotspot/temp_8192 ../../data/hotspot/power_8192 output-adapt.out
==124488== Profiling application: ./lassen-executable/hotspot_11 8192 2 2 ../../data/hotspot/temp_8192 ../../data/hotspot/power_8192 output-adapt.out
==124488== Profiling result:
            Type  Time(%)      Time     Calls       Avg       Min       Max  Name
                        %        ms                  ms        ms        ms
 GPU activities:   100.00  165.3723         1  165.3723  165.3723  165.3723  calculate_temp(int, float*, float*, float*, int, int, int, int, float, float, float, float, float, float)
      API calls:    89.55  271.6583         3  90.55276  0.034508  271.3834  cudaMallocManaged
                     7.41  22.49230         4  5.623074  3.77e-03  8.314585  cudaFree
                     1.60  4.860663       388  0.012527  2.13e-04  0.512058  cuDeviceGetAttribute
                     1.22  3.706466         4  0.926616  0.913063  0.961233  cuDeviceTotalMem
                     0.13  0.402167         4  0.100541  0.097667  0.102344  cuDeviceGetName
                     0.07  0.207295         1  0.207295  0.207295  0.207295  cudaLaunchKernel
                     0.01  0.016290         4  4.07e-03  1.08e-03  0.010513  cuDeviceGetPCIBusId
                     0.00  2.84e-03         8  3.55e-04  2.66e-04  4.80e-04  cuDeviceGet
                     0.00  1.31e-03         3  4.37e-04  3.36e-04  5.90e-04  cuDeviceGetCount
                     0.00  1.26e-03         4  3.15e-04  2.93e-04  3.32e-04  cuDeviceGetUuid

==124488== Unified Memory profiling result:
Device "Tesla V100-SXM2-16GB (0)"
   Count  Avg Size  Min Size  Max Size  Total Size  Total Time  Name
    1768  296.54KB  64.000KB  960.00KB  512.0000MB   12.395584ms  Host To Device
    1280  204.80KB  64.000KB  960.00KB  256.0000MB    7.124480ms  Device To Host
     867         -         -         -           -  161.273472ms  Gpu page fault groups
Total CPU Page faults: 2304
