==92711== NVPROF is profiling process 92711, command: ./lassen-executable/hotspot_65 1024 2 2 ../../data/hotspot/temp_1024 ../../data/hotspot/power_1024 output-adapt.out
==92711== Profiling application: ./lassen-executable/hotspot_65 1024 2 2 ../../data/hotspot/temp_1024 ../../data/hotspot/power_1024 output-adapt.out
==92711== Profiling result:
            Type  Time(%)      Time     Calls       Avg       Min       Max  Name
                        %        ms                  ms        ms        ms
 GPU activities:   100.00  8.666513         1  8.666513  8.666513  8.666513  calculate_temp(int, float*, float*, float*, int, int, int, int, float, float, float, float, float, float)
      API calls:    95.78  272.5008         3  90.83359  0.036604  272.2995  cudaMallocManaged
                     1.99  5.672527       388  0.014619  2.71e-04  0.618386  cuDeviceGetAttribute
                     1.63  4.625707         4  1.156426  1.150442  1.172757  cuDeviceTotalMem
                     0.35  1.009123         4  0.252280  4.70e-03  0.512320  cudaFree
                     0.16  0.464596         4  0.116149  0.113205  0.118146  cuDeviceGetName
                     0.06  0.174973         1  0.174973  0.174973  0.174973  cudaLaunchKernel
                     0.02  0.050647         3  0.016882  3.73e-03  0.032881  cudaMemAdvise
                     0.00  0.014072         4  3.52e-03  1.47e-03  6.52e-03  cuDeviceGetPCIBusId
                     0.00  4.42e-03         8  5.52e-04  3.52e-04  1.36e-03  cuDeviceGet
                     0.00  1.84e-03         3  6.12e-04  4.57e-04  8.30e-04  cuDeviceGetCount
                     0.00  1.65e-03         4  4.11e-04  3.85e-04  4.28e-04  cuDeviceGetUuid

==92711== Unified Memory profiling result:
Device "Tesla V100-SXM2-16GB (0)"
   Count  Avg Size  Min Size  Max Size  Total Size  Total Time  Name
      18  227.56KB  64.000KB  960.00KB  4.000000MB    0.112128ms  Host To Device
      48         -         -         -           -    8.546720ms  Gpu page fault groups
      46  89.043KB  64.000KB  128.00KB  4.000000MB           -  Remote mapping from device
      21  390.10KB  64.000KB  1.0000MB  8.000000MB           -  Remote mapping to device
Total CPU Page faults: 24
Total remote mappings from CPU: 21
Total remote mappings to CPU: 46
