==95997== NVPROF is profiling process 95997, command: ./lassen-executable/hotspot_53 2048 2 2 ../../data/hotspot/temp_2048 ../../data/hotspot/power_2048 output-adapt.out
==95997== Profiling application: ./lassen-executable/hotspot_53 2048 2 2 ../../data/hotspot/temp_2048 ../../data/hotspot/power_2048 output-adapt.out
==95997== Profiling result:
            Type  Time(%)      Time     Calls       Avg       Min       Max  Name
                        %        ms                  ms        ms        ms
 GPU activities:   100.00  34.25769         1  34.25769  34.25769  34.25769  calculate_temp(int, float*, float*, float*, int, int, int, int, float, float, float, float, float, float)
      API calls:    95.19  271.1853         3  90.39509  0.029760  270.9726  cudaMallocManaged
                     1.98  5.638926       388  0.014533  2.65e-04  0.588254  cuDeviceGetAttribute
                     1.63  4.635727         4  1.158931  1.144986  1.177455  cuDeviceTotalMem
                     0.94  2.682232         4  0.670558  5.00e-03  0.974741  cudaFree
                     0.16  0.465920         4  0.116480  0.113631  0.118025  cuDeviceGetName
                     0.06  0.163072         1  0.163072  0.163072  0.163072  cudaLaunchKernel
                     0.03  0.087577         3  0.029192  4.06e-03  0.055652  cudaMemAdvise
                     0.01  0.016932         4  4.23e-03  1.48e-03  9.49e-03  cuDeviceGetPCIBusId
                     0.00  3.94e-03         8  4.92e-04  3.59e-04  6.15e-04  cuDeviceGet
                     0.00  1.81e-03         3  6.02e-04  4.96e-04  7.28e-04  cuDeviceGetCount
                     0.00  1.61e-03         4  4.02e-04  3.63e-04  4.36e-04  cuDeviceGetUuid

==95997== Unified Memory profiling result:
Device "Tesla V100-SXM2-16GB (0)"
   Count  Avg Size  Min Size  Max Size  Total Size  Total Time  Name
      71  230.76KB  64.000KB  960.00KB  16.00000MB    0.448224ms  Host To Device
     175         -         -         -           -   33.396832ms  Gpu page fault groups
     183  179.06KB  64.000KB  2.0000MB  32.00000MB           -  Remote mapping from device
Total CPU Page faults: 104
Total remote mappings to CPU: 183
