==87737== NVPROF is profiling process 87737, command: ./lassen-executable/hotspot_54 128 2 2 ../../data/hotspot/temp_128 ../../data/hotspot/power_128 output-adapt.out
==87737== Profiling application: ./lassen-executable/hotspot_54 128 2 2 ../../data/hotspot/temp_128 ../../data/hotspot/power_128 output-adapt.out
==87737== Profiling result:
            Type  Time(%)      Time     Calls       Avg       Min       Max  Name
                        %        ms                  ms        ms        ms
 GPU activities:   100.00  0.460062         1  0.460062  0.460062  0.460062  calculate_temp(int, float*, float*, float*, int, int, int, int, float, float, float, float, float, float)
      API calls:    95.96  271.5197         3  90.50656  0.016005  271.4856  cudaMallocManaged
                     2.01  5.691748       388  0.014669  2.73e-04  0.591207  cuDeviceGetAttribute
                     1.66  4.696503         4  1.174125  1.165741  1.191428  cuDeviceTotalMem
                     0.17  0.472118         4  0.118029  0.114949  0.119478  cuDeviceGetName
                     0.11  0.309269         4  0.077317  1.76e-03  0.215541  cudaFree
                     0.05  0.131383         3  0.043794  0.022114  0.055652  cudaMemAdvise
                     0.04  0.120908         1  0.120908  0.120908  0.120908  cudaLaunchKernel
                     0.01  0.015302         4  3.83e-03  1.47e-03  7.92e-03  cuDeviceGetPCIBusId
                     0.00  3.76e-03         8  4.69e-04  3.65e-04  6.09e-04  cuDeviceGet
                     0.00  1.75e-03         3  5.84e-04  4.72e-04  7.72e-04  cuDeviceGetCount
                     0.00  1.67e-03         4  4.17e-04  3.81e-04  4.37e-04  cuDeviceGetUuid

==87737== Unified Memory profiling result:
Device "Tesla V100-SXM2-16GB (0)"
   Count  Avg Size  Min Size  Max Size  Total Size  Total Time  Name
       1  64.000KB  64.000KB  64.000KB  64.00000KB  4.8960e-03ms  Host To Device
       2         -         -         -           -    0.425504ms  Gpu page fault groups
       3  64.000KB  64.000KB  64.000KB  192.0000KB           -  Remote mapping from device
Total CPU Page faults: 3
Total remote mappings to CPU: 3
