==105387== NVPROF is profiling process 105387, command: ./lassen-executable/hotspot_33 4096 2 2 ../../data/hotspot/temp_4096 ../../data/hotspot/power_4096 output-adapt.out
==105387== Profiling application: ./lassen-executable/hotspot_33 4096 2 2 ../../data/hotspot/temp_4096 ../../data/hotspot/power_4096 output-adapt.out
==105387== Profiling result:
            Type  Time(%)      Time     Calls       Avg       Min       Max  Name
                        %        ms                  ms        ms        ms
 GPU activities:   100.00  43.20061         1  43.20061  43.20061  43.20061  calculate_temp(int, float*, float*, float*, int, int, int, int, float, float, float, float, float, float)
      API calls:    93.95  270.5362         3  90.17875  0.033025  270.2904  cudaMallocManaged
                     2.13  6.147998       388  0.015845  3.07e-04  0.658662  cuDeviceGetAttribute
                     1.81  5.202757         4  1.300689  1.272860  1.338274  cuDeviceTotalMem
                     1.76  5.078913         4  1.269728  4.87e-03  2.177744  cudaFree
                     0.19  0.554060         4  0.138515  0.123445  0.176660  cuDeviceGetName
                     0.08  0.230222         3  0.076740  4.15e-03  0.126472  cudaMemAdvise
                     0.07  0.198201         1  0.198201  0.198201  0.198201  cudaLaunchKernel
                     0.01  0.015527         4  3.88e-03  1.37e-03  9.85e-03  cuDeviceGetPCIBusId
                     0.00  4.35e-03         8  5.43e-04  4.01e-04  7.21e-04  cuDeviceGet
                     0.00  2.00e-03         4  5.00e-04  4.48e-04  6.44e-04  cuDeviceGetUuid
                     0.00  1.85e-03         3  6.16e-04  5.27e-04  7.61e-04  cuDeviceGetCount

==105387== Unified Memory profiling result:
Device "Tesla V100-SXM2-16GB (0)"
   Count  Avg Size  Min Size  Max Size  Total Size  Total Time  Name
     495  264.79KB  64.000KB  960.00KB  128.0000MB    3.334784ms  Host To Device
     176         -         -         -           -   42.466528ms  Gpu page fault groups
      32  2.0000MB  2.0000MB  2.0000MB  64.00000MB           -  Remote mapping to device
Total CPU Page faults: 416
Total remote mappings from CPU: 32
