==8307== NVPROF is profiling process 8307, command: ./lassen-executable/hotspot_24 8192 2 2 ../../data/hotspot/temp_8192 ../../data/hotspot/power_8192 output-adapt.out
==8307== Profiling application: ./lassen-executable/hotspot_24 8192 2 2 ../../data/hotspot/temp_8192 ../../data/hotspot/power_8192 output-adapt.out
==8307== Profiling result:
            Type  Time(%)      Time     Calls       Avg       Min       Max  Name
                        %        ms                  ms        ms        ms
 GPU activities:   100.00  1.96e+03         1  1.96e+03  1.96e+03  1.96e+03  calculate_temp(int, float*, float*, float*, int, int, int, int, float, float, float, float, float, float)
      API calls:    84.99  272.6317         3  90.87725  0.034749  272.3635  cudaMallocManaged
                     7.54  24.19055         4  6.047636  4.99e-03  9.134534  cudaFree
                     4.06  13.01435         3  4.338117  4.51e-03  9.514767  cudaMemAdvise
                     1.75  5.618094       388  0.014479  2.70e-04  0.584206  cuDeviceGetAttribute
                     1.44  4.626408         4  1.156602  1.147461  1.171603  cuDeviceTotalMem
                     0.15  0.465198         4  0.116299  0.113130  0.117923  cuDeviceGetName
                     0.07  0.211210         1  0.211210  0.211210  0.211210  cudaLaunchKernel
                     0.00  0.013440         4  3.36e-03  1.49e-03  6.36e-03  cuDeviceGetPCIBusId
                     0.00  3.70e-03         8  4.62e-04  3.63e-04  6.21e-04  cuDeviceGet
                     0.00  1.64e-03         4  4.10e-04  3.95e-04  4.22e-04  cuDeviceGetUuid
                     0.00  1.61e-03         3  5.37e-04  3.60e-04  7.47e-04  cuDeviceGetCount

==8307== Unified Memory profiling result:
Device "Tesla V100-SXM2-16GB (0)"
   Count  Avg Size  Min Size  Max Size  Total Size  Total Time  Name
    2465  212.69KB  64.000KB  960.00KB  512.0000MB   13.697472ms  Host To Device
    1280  204.80KB  64.000KB  960.00KB  256.0000MB    7.016480ms  Device To Host
   17896         -         -         -           -  1.9272e+03ms  Gpu page fault groups
     128  2.0000MB  2.0000MB  2.0000MB  256.0000MB           -  Remote mapping from device
Total CPU Page faults: 2304
Total remote mappings to CPU: 128
