==89141== NVPROF is profiling process 89141, command: ./lassen-executable/hotspot_66 256 2 2 ../../data/hotspot/temp_256 ../../data/hotspot/power_256 output-adapt.out
==89141== Profiling application: ./lassen-executable/hotspot_66 256 2 2 ../../data/hotspot/temp_256 ../../data/hotspot/power_256 output-adapt.out
==89141== Profiling result:
            Type  Time(%)      Time     Calls       Avg       Min       Max  Name
                        %        ms                  ms        ms        ms
 GPU activities:   100.00  0.645213         1  0.645213  0.645213  0.645213  calculate_temp(int, float*, float*, float*, int, int, int, int, float, float, float, float, float, float)
      API calls:    96.00  271.2517         3  90.41724  0.011956  271.2278  cudaMallocManaged
                     1.99  5.630847       388  0.014512  2.67e-04  0.590123  cuDeviceGetAttribute
                     1.65  4.656589         4  1.164147  1.147148  1.206265  cuDeviceTotalMem
                     0.17  0.474974         4  0.118743  0.117549  0.121246  cuDeviceGetName
                     0.12  0.344404         4  0.086101  1.67e-03  0.261487  cudaFree
                     0.04  0.099092         1  0.099092  0.099092  0.099092  cudaLaunchKernel
                     0.03  0.070916         3  0.023638  0.010775  0.045563  cudaMemAdvise
                     0.01  0.015174         4  3.79e-03  1.58e-03  7.57e-03  cuDeviceGetPCIBusId
                     0.00  4.76e-03         8  5.95e-04  3.47e-04  9.14e-04  cuDeviceGet
                     0.00  1.76e-03         3  5.86e-04  4.58e-04  7.71e-04  cuDeviceGetCount
                     0.00  1.58e-03         4  3.93e-04  3.65e-04  4.06e-04  cuDeviceGetUuid

==89141== Unified Memory profiling result:
Device "Tesla V100-SXM2-16GB (0)"
   Count  Avg Size  Min Size  Max Size  Total Size  Total Time  Name
       2  64.000KB  64.000KB  64.000KB  128.0000KB  8.4800e-03ms  Host To Device
       2         -         -         -           -    0.596992ms  Gpu page fault groups
       4  96.000KB  64.000KB  128.00KB  384.0000KB           -  Remote mapping to device
Total CPU Page faults: 4
Total remote mappings from CPU: 4
