==86787== NVPROF is profiling process 86787, command: ./lassen-executable/hotspot_04 128 2 2 ../../data/hotspot/temp_128 ../../data/hotspot/power_128 output-adapt.out
==86787== Profiling application: ./lassen-executable/hotspot_04 128 2 2 ../../data/hotspot/temp_128 ../../data/hotspot/power_128 output-adapt.out
==86787== Profiling result:
            Type  Time(%)      Time     Calls       Avg       Min       Max  Name
                        %        ms                  ms        ms        ms
 GPU activities:    51.68  0.013312         1  0.013312  0.013312  0.013312  calculate_temp(int, float*, float*, float*, int, int, int, int, float, float, float, float, float, float)
                    34.04  8.77e-03         1  8.77e-03  8.77e-03  8.77e-03  [CUDA memcpy HtoD]
                    14.29  3.68e-03         1  3.68e-03  3.68e-03  3.68e-03  [CUDA memcpy DtoH]
      API calls:    95.67  269.9154         1  269.9154  269.9154  269.9154  cudaMallocManaged
                     2.00  5.632467       388  0.014516  2.72e-04  0.585076  cuDeviceGetAttribute
                     1.66  4.684697         4  1.171174  1.146206  1.206728  cuDeviceTotalMem
                     0.20  0.557851         2  0.278925  9.18e-03  0.548672  cudaMalloc
                     0.19  0.530386         3  0.176795  0.012945  0.329955  cudaFree
                     0.17  0.467371         4  0.116842  0.115283  0.118144  cuDeviceGetName
                     0.05  0.127514         2  0.063757  0.057476  0.070038  cudaMemcpy
                     0.04  0.103532         1  0.103532  0.103532  0.103532  cudaLaunchKernel
                     0.03  0.085263         1  0.085263  0.085263  0.085263  cudaMemAdvise
                     0.01  0.014722         4  3.68e-03  1.45e-03  7.92e-03  cuDeviceGetPCIBusId
                     0.00  3.64e-03         8  4.54e-04  3.38e-04  6.37e-04  cuDeviceGet
                     0.00  1.70e-03         3  5.65e-04  4.65e-04  7.11e-04  cuDeviceGetCount
                     0.00  1.58e-03         4  3.96e-04  3.65e-04  4.09e-04  cuDeviceGetUuid

==86787== Unified Memory profiling result:
Device "Tesla V100-SXM2-16GB (0)"
   Count  Avg Size  Min Size  Max Size  Total Size  Total Time  Name
       1  64.000KB  64.000KB  64.000KB  64.00000KB  4.3840e-03ms  Host To Device
       1  64.000KB  64.000KB  64.000KB  64.00000KB           -  Remote mapping from device
Total CPU Page faults: 1
Total remote mappings to CPU: 1
