==88909== NVPROF is profiling process 88909, command: ./lassen-executable/hotspot_53 256 2 2 ../../data/hotspot/temp_256 ../../data/hotspot/power_256 output-adapt.out
==88909== Profiling application: ./lassen-executable/hotspot_53 256 2 2 ../../data/hotspot/temp_256 ../../data/hotspot/power_256 output-adapt.out
==88909== Profiling result:
            Type  Time(%)      Time     Calls       Avg       Min       Max  Name
                        %        ms                  ms        ms        ms
 GPU activities:   100.00  0.451550         1  0.451550  0.451550  0.451550  calculate_temp(int, float*, float*, float*, int, int, int, int, float, float, float, float, float, float)
      API calls:    95.99  270.9463         3  90.31544  0.011218  270.9218  cudaMallocManaged
                     1.99  5.628677       388  0.014506  2.59e-04  0.587242  cuDeviceGetAttribute
                     1.66  4.673928         4  1.168482  1.153285  1.195318  cuDeviceTotalMem
                     0.17  0.469156         4  0.117289  0.115324  0.118817  cuDeviceGetName
                     0.12  0.329263         4  0.082315  1.63e-03  0.241189  cudaFree
                     0.04  0.109340         1  0.109340  0.109340  0.109340  cudaLaunchKernel
                     0.03  0.074805         3  0.024935  4.61e-03  0.055512  cudaMemAdvise
                     0.01  0.017067         4  4.27e-03  1.96e-03  8.98e-03  cuDeviceGetPCIBusId
                     0.00  4.76e-03         8  5.95e-04  3.58e-04  8.77e-04  cuDeviceGet
                     0.00  1.84e-03         3  6.12e-04  4.57e-04  7.52e-04  cuDeviceGetCount
                     0.00  1.57e-03         4  3.93e-04  3.67e-04  4.18e-04  cuDeviceGetUuid

==88909== Unified Memory profiling result:
Device "Tesla V100-SXM2-16GB (0)"
   Count  Avg Size  Min Size  Max Size  Total Size  Total Time  Name
       1  64.000KB  64.000KB  64.000KB  64.00000KB  4.1600e-03ms  Host To Device
       2         -         -         -           -    0.379264ms  Gpu page fault groups
       2  160.00KB  64.000KB  256.00KB  320.0000KB           -  Remote mapping from device
Total CPU Page faults: 5
Total remote mappings to CPU: 2
