==88739== NVPROF is profiling process 88739, command: ./lassen-executable/hotspot_43 256 2 2 ../../data/hotspot/temp_256 ../../data/hotspot/power_256 output-adapt.out
==88739== Profiling application: ./lassen-executable/hotspot_43 256 2 2 ../../data/hotspot/temp_256 ../../data/hotspot/power_256 output-adapt.out
==88739== Profiling result:
            Type  Time(%)      Time     Calls       Avg       Min       Max  Name
                        %        ms                  ms        ms        ms
 GPU activities:   100.00  0.858749         1  0.858749  0.858749  0.858749  calculate_temp(int, float*, float*, float*, int, int, int, int, float, float, float, float, float, float)
      API calls:    95.73  270.1456         3  90.04852  0.012004  270.1211  cudaMallocManaged
                     2.11  5.962808       388  0.015368  3.00e-04  0.617766  cuDeviceGetAttribute
                     1.78  5.032316         4  1.258079  1.252322  1.274112  cuDeviceTotalMem
                     0.18  0.502455         4  0.125613  0.120878  0.133027  cuDeviceGetName
                     0.11  0.303106         4  0.075776  1.76e-03  0.214890  cudaFree
                     0.04  0.108603         3  0.036201  9.14e-03  0.084579  cudaMemAdvise
                     0.04  0.105437         1  0.105437  0.105437  0.105437  cudaLaunchKernel
                     0.01  0.020728         4  5.18e-03  1.73e-03  0.012083  cuDeviceGetPCIBusId
                     0.00  4.05e-03         8  5.06e-04  3.96e-04  6.95e-04  cuDeviceGet
                     0.00  1.86e-03         3  6.18e-04  5.25e-04  7.95e-04  cuDeviceGetCount
                     0.00  1.81e-03         4  4.51e-04  4.47e-04  4.59e-04  cuDeviceGetUuid

==88739== Unified Memory profiling result:
Device "Tesla V100-SXM2-16GB (0)"
   Count  Avg Size  Min Size  Max Size  Total Size  Total Time  Name
       7  73.143KB  64.000KB  128.00KB  512.0000KB    0.030336ms  Host To Device
       4  64.000KB  64.000KB  64.000KB  256.0000KB    0.012416ms  Device To Host
       4         -         -         -           -    0.839200ms  Gpu page fault groups
       4  128.00KB  64.000KB  256.00KB  512.0000KB           -  Remote mapping from device
Total CPU Page faults: 7
Total remote mappings to CPU: 4
