==87375== NVPROF is profiling process 87375, command: ./lassen-executable/hotspot_31 128 2 2 ../../data/hotspot/temp_128 ../../data/hotspot/power_128 output-adapt.out
==87375== Profiling application: ./lassen-executable/hotspot_31 128 2 2 ../../data/hotspot/temp_128 ../../data/hotspot/power_128 output-adapt.out
==87375== Profiling result:
            Type  Time(%)      Time     Calls       Avg       Min       Max  Name
                        %        ms                  ms        ms        ms
 GPU activities:   100.00  0.291359         1  0.291359  0.291359  0.291359  calculate_temp(int, float*, float*, float*, int, int, int, int, float, float, float, float, float, float)
      API calls:    96.02  270.8083         3  90.26943  0.010965  270.7824  cudaMallocManaged
                     2.00  5.648387       388  0.014557  2.74e-04  0.603706  cuDeviceGetAttribute
                     1.64  4.629711         4  1.157427  1.151028  1.172326  cuDeviceTotalMem
                     0.17  0.467819         4  0.116954  0.113750  0.118818  cuDeviceGetName
                     0.10  0.267964         4  0.066991  1.61e-03  0.180922  cudaFree
                     0.04  0.108742         1  0.108742  0.108742  0.108742  cudaLaunchKernel
                     0.02  0.069847         2  0.034923  0.018724  0.051123  cudaMemAdvise
                     0.01  0.020419         4  5.10e-03  1.60e-03  0.011548  cuDeviceGetPCIBusId
                     0.00  3.78e-03         8  4.72e-04  3.48e-04  6.56e-04  cuDeviceGet
                     0.00  1.72e-03         3  5.74e-04  4.80e-04  7.03e-04  cuDeviceGetCount
                     0.00  1.59e-03         4  3.98e-04  3.90e-04  4.06e-04  cuDeviceGetUuid

==87375== Unified Memory profiling result:
Device "Tesla V100-SXM2-16GB (0)"
   Count  Avg Size  Min Size  Max Size  Total Size  Total Time  Name
       1         -         -         -           -    0.269248ms  Gpu page fault groups
       1  64.000KB  64.000KB  64.000KB  64.00000KB           -  Remote mapping to device
Total CPU Page faults: 3
Total remote mappings from CPU: 1
