==95961== NVPROF is profiling process 95961, command: ./lassen-executable/hotspot_52 2048 2 2 ../../data/hotspot/temp_2048 ../../data/hotspot/power_2048 output-adapt.out
==95961== Profiling application: ./lassen-executable/hotspot_52 2048 2 2 ../../data/hotspot/temp_2048 ../../data/hotspot/power_2048 output-adapt.out
==95961== Profiling result:
            Type  Time(%)      Time     Calls       Avg       Min       Max  Name
                        %        ms                  ms        ms        ms
 GPU activities:   100.00  33.07341         1  33.07341  33.07341  33.07341  calculate_temp(int, float*, float*, float*, int, int, int, int, float, float, float, float, float, float)
      API calls:    95.01  272.4350         3  90.81168  0.031389  272.2126  cudaMallocManaged
                     1.95  5.594058       388  0.014417  2.54e-04  0.585011  cuDeviceGetAttribute
                     1.60  4.584955         4  1.146238  1.138793  1.159699  cuDeviceTotalMem
                     0.97  2.774709         4  0.693677  4.37e-03  0.979613  cudaFree
                     0.23  0.658756         3  0.219585  4.00e-03  0.597506  cudaMemAdvise
                     0.16  0.466169         4  0.116542  0.113623  0.117863  cuDeviceGetName
                     0.07  0.190348         1  0.190348  0.190348  0.190348  cudaLaunchKernel
                     0.01  0.017538         4  4.38e-03  1.42e-03  8.94e-03  cuDeviceGetPCIBusId
                     0.00  3.94e-03         8  4.93e-04  3.39e-04  7.07e-04  cuDeviceGet
                     0.00  1.87e-03         3  6.22e-04  4.67e-04  8.34e-04  cuDeviceGetCount
                     0.00  1.64e-03         4  4.10e-04  3.92e-04  4.41e-04  cuDeviceGetUuid

==95961== Unified Memory profiling result:
Device "Tesla V100-SXM2-16GB (0)"
   Count  Avg Size  Min Size  Max Size  Total Size  Total Time  Name
      71  230.76KB  64.000KB  960.00KB  16.00000MB    0.447456ms  Host To Device
     177         -         -         -           -   32.256800ms  Gpu page fault groups
     182  180.04KB  64.000KB  2.0000MB  32.00000MB           -  Remote mapping from device
Total CPU Page faults: 104
Total remote mappings to CPU: 182
