==85831== NVPROF is profiling process 85831, command: ./lassen-executable/hotspot_24 64 2 2 ../../data/hotspot/temp_64 ../../data/hotspot/power_64 output-adapt.out
==85831== Profiling application: ./lassen-executable/hotspot_24 64 2 2 ../../data/hotspot/temp_64 ../../data/hotspot/power_64 output-adapt.out
==85831== Profiling result:
            Type  Time(%)      Time     Calls       Avg       Min       Max  Name
                        %        ms                  ms        ms        ms
 GPU activities:   100.00  0.217183         1  0.217183  0.217183  0.217183  calculate_temp(int, float*, float*, float*, int, int, int, int, float, float, float, float, float, float)
      API calls:    96.02  270.4453         3  90.14843  0.012744  270.4197  cudaMallocManaged
                     1.99  5.613528       388  0.014467  2.73e-04  0.584117  cuDeviceGetAttribute
                     1.64  4.626520         4  1.156630  1.144553  1.176557  cuDeviceTotalMem
                     0.17  0.465507         4  0.116376  0.113367  0.118205  cuDeviceGetName
                     0.11  0.296422         4  0.074105  2.42e-03  0.171934  cudaFree
                     0.04  0.117441         1  0.117441  0.117441  0.117441  cudaLaunchKernel
                     0.03  0.080434         3  0.026811  4.13e-03  0.067754  cudaMemAdvise
                     0.01  0.014457         4  3.61e-03  1.50e-03  6.11e-03  cuDeviceGetPCIBusId
                     0.00  3.65e-03         8  4.56e-04  3.47e-04  6.21e-04  cuDeviceGet
                     0.00  1.79e-03         3  5.97e-04  5.04e-04  7.33e-04  cuDeviceGetCount
                     0.00  1.63e-03         4  4.07e-04  3.90e-04  4.16e-04  cuDeviceGetUuid

==85831== Unified Memory profiling result:
Device "Tesla V100-SXM2-16GB (0)"
   Count  Avg Size  Min Size  Max Size  Total Size  Total Time  Name
       1  64.000KB  64.000KB  64.000KB  64.00000KB  4.2560e-03ms  Host To Device
       1  64.000KB  64.000KB  64.000KB  64.00000KB  3.1040e-03ms  Device To Host
       1         -         -         -           -    0.205536ms  Gpu page fault groups
Total CPU Page faults: 2
