==88616== NVPROF is profiling process 88616, command: ./lassen-executable/hotspot_34 256 2 2 ../../data/hotspot/temp_256 ../../data/hotspot/power_256 output-adapt.out
==88616== Profiling application: ./lassen-executable/hotspot_34 256 2 2 ../../data/hotspot/temp_256 ../../data/hotspot/power_256 output-adapt.out
==88616== Profiling result:
            Type  Time(%)      Time     Calls       Avg       Min       Max  Name
                        %        ms                  ms        ms        ms
 GPU activities:   100.00  0.706077         1  0.706077  0.706077  0.706077  calculate_temp(int, float*, float*, float*, int, int, int, int, float, float, float, float, float, float)
      API calls:    95.71  269.6529         3  89.88430  0.010060  269.6315  cudaMallocManaged
                     2.12  5.968069       388  0.015381  2.95e-04  0.619977  cuDeviceGetAttribute
                     1.81  5.094121         4  1.273530  1.252351  1.310806  cuDeviceTotalMem
                     0.18  0.493614         4  0.123403  0.119866  0.125718  cuDeviceGetName
                     0.11  0.305887         4  0.076471  1.66e-03  0.216871  cudaFree
                     0.04  0.103188         3  0.034396  0.014406  0.046901  cudaMemAdvise
                     0.04  0.102082         1  0.102082  0.102082  0.102082  cudaLaunchKernel
                     0.01  0.019383         4  4.84e-03  1.69e-03  9.98e-03  cuDeviceGetPCIBusId
                     0.00  4.04e-03         8  5.05e-04  3.80e-04  6.79e-04  cuDeviceGet
                     0.00  2.01e-03         3  6.71e-04  4.96e-04  9.68e-04  cuDeviceGetCount
                     0.00  1.67e-03         4  4.16e-04  3.69e-04  4.41e-04  cuDeviceGetUuid

==88616== Unified Memory profiling result:
Device "Tesla V100-SXM2-16GB (0)"
   Count  Avg Size  Min Size  Max Size  Total Size  Total Time  Name
       6  85.333KB  64.000KB  128.00KB  512.0000KB    0.027424ms  Host To Device
       3         -         -         -           -    0.687360ms  Gpu page fault groups
       1  256.00KB  256.00KB  256.00KB  256.0000KB           -  Remote mapping from device
       1  256.00KB  256.00KB  256.00KB  256.0000KB           -  Remote mapping to device
Total CPU Page faults: 5
Total remote mappings from CPU: 1
Total remote mappings to CPU: 1
