==107409== NVPROF is profiling process 107409, command: ./lassen-executable/hotspot_42 4096 2 2 ../../data/hotspot/temp_4096 ../../data/hotspot/power_4096 output-adapt.out
==107409== Profiling application: ./lassen-executable/hotspot_42 4096 2 2 ../../data/hotspot/temp_4096 ../../data/hotspot/power_4096 output-adapt.out
==107409== Profiling result:
            Type  Time(%)      Time     Calls       Avg       Min       Max  Name
                        %        ms                  ms        ms        ms
 GPU activities:   100.00  48.79482         1  48.79482  48.79482  48.79482  calculate_temp(int, float*, float*, float*, int, int, int, int, float, float, float, float, float, float)
      API calls:    92.87  271.1110         3  90.37034  0.033321  270.8704  cudaMallocManaged
                     2.31  6.732345         4  1.683086  4.09e-03  2.611386  cudaFree
                     1.91  5.567361       388  0.014348  2.61e-04  0.585832  cuDeviceGetAttribute
                     1.54  4.500250         4  1.125062  1.117265  1.144808  cuDeviceTotalMem
                     1.14  3.340924         3  1.113641  5.21e-03  2.387566  cudaMemAdvise
                     0.16  0.458346         4  0.114586  0.112086  0.116546  cuDeviceGetName
                     0.07  0.202686         1  0.202686  0.202686  0.202686  cudaLaunchKernel
                     0.01  0.015619         4  3.90e-03  1.48e-03  6.98e-03  cuDeviceGetPCIBusId
                     0.00  3.64e-03         8  4.55e-04  3.44e-04  6.54e-04  cuDeviceGet
                     0.00  1.65e-03         4  4.13e-04  4.04e-04  4.22e-04  cuDeviceGetUuid
                     0.00  1.60e-03         3  5.34e-04  4.27e-04  6.93e-04  cuDeviceGetCount

==107409== Unified Memory profiling result:
Device "Tesla V100-SXM2-16GB (0)"
   Count  Avg Size  Min Size  Max Size  Total Size  Total Time  Name
     565  231.99KB  64.000KB  960.00KB  128.0000MB    3.493504ms  Host To Device
     320  204.80KB  64.000KB  960.00KB  64.00000MB    1.786368ms  Device To Host
     232         -         -         -           -   46.485760ms  Gpu page fault groups
     224  585.14KB  64.000KB  2.0000MB  128.0000MB           -  Remote mapping from device
Total CPU Page faults: 576
Total remote mappings to CPU: 224
