==34888== NVPROF is profiling process 34888, command: ./lassen-executable/hotspot_53 8192 2 2 ../../data/hotspot/temp_8192 ../../data/hotspot/power_8192 output-adapt.out
==34888== Profiling application: ./lassen-executable/hotspot_53 8192 2 2 ../../data/hotspot/temp_8192 ../../data/hotspot/power_8192 output-adapt.out
==34888== Profiling result:
            Type  Time(%)      Time     Calls       Avg       Min       Max  Name
                        %        ms                  ms        ms        ms
 GPU activities:   100.00  255.9586         1  255.9586  255.9586  255.9586  calculate_temp(int, float*, float*, float*, int, int, int, int, float, float, float, float, float, float)
      API calls:    87.59  271.2908         3  90.43026  0.043544  270.9994  cudaMallocManaged
                     8.60  26.63674         4  6.659186  3.92e-03  12.11637  cudaFree
                     1.83  5.661570       388  0.014591  2.69e-04  0.591621  cuDeviceGetAttribute
                     1.50  4.649564         4  1.162391  1.152767  1.179015  cuDeviceTotalMem
                     0.26  0.809252         3  0.269750  4.45e-03  0.440629  cudaMemAdvise
                     0.15  0.467969         4  0.116992  0.113552  0.118587  cuDeviceGetName
                     0.07  0.201546         1  0.201546  0.201546  0.201546  cudaLaunchKernel
                     0.01  0.015795         4  3.95e-03  1.45e-03  9.38e-03  cuDeviceGetPCIBusId
                     0.00  4.68e-03         8  5.84e-04  3.65e-04  1.44e-03  cuDeviceGet
                     0.00  1.77e-03         3  5.91e-04  4.75e-04  7.48e-04  cuDeviceGetCount
                     0.00  1.67e-03         4  4.16e-04  3.67e-04  4.39e-04  cuDeviceGetUuid

==34888== Unified Memory profiling result:
Device "Tesla V100-SXM2-16GB (0)"
   Count  Avg Size  Min Size  Max Size  Total Size  Total Time  Name
     947  276.81KB  64.000KB  960.00KB  256.0000MB    6.405568ms  Host To Device
    1159         -         -         -           -  232.841888ms  Gpu page fault groups
    1264  414.78KB  64.000KB  2.0000MB  512.0000MB           -  Remote mapping from device
Total CPU Page faults: 1664
Total remote mappings to CPU: 1264
