==90083== NVPROF is profiling process 90083, command: ./lassen-executable/hotspot_46 512 2 2 ../../data/hotspot/temp_512 ../../data/hotspot/power_512 output-adapt.out
==90083== Profiling application: ./lassen-executable/hotspot_46 512 2 2 ../../data/hotspot/temp_512 ../../data/hotspot/power_512 output-adapt.out
==90083== Profiling result:
            Type  Time(%)      Time     Calls       Avg       Min       Max  Name
                        %        ms                  ms        ms        ms
 GPU activities:   100.00  1.674712         1  1.674712  1.674712  1.674712  calculate_temp(int, float*, float*, float*, int, int, int, int, float, float, float, float, float, float)
      API calls:    95.68  270.8495         3  90.28316  0.013550  270.7930  cudaMallocManaged
                     2.11  5.964227       388  0.015371  2.91e-04  0.620680  cuDeviceGetAttribute
                     1.78  5.038037         4  1.259509  1.251174  1.273874  cuDeviceTotalMem
                     0.17  0.493736         4  0.123434  0.120169  0.125326  cuDeviceGetName
                     0.17  0.475424         4  0.118856  2.11e-03  0.255487  cudaFree
                     0.04  0.120716         1  0.120716  0.120716  0.120716  cudaLaunchKernel
                     0.04  0.112398         3  0.037466  5.90e-03  0.099184  cudaMemAdvise
                     0.01  0.016554         4  4.14e-03  1.78e-03  9.06e-03  cuDeviceGetPCIBusId
                     0.00  3.94e-03         8  4.91e-04  3.65e-04  6.88e-04  cuDeviceGet
                     0.00  1.98e-03         3  6.59e-04  5.41e-04  8.59e-04  cuDeviceGetCount
                     0.00  1.61e-03         4  4.02e-04  3.75e-04  4.35e-04  cuDeviceGetUuid

==90083== Unified Memory profiling result:
Device "Tesla V100-SXM2-16GB (0)"
   Count  Avg Size  Min Size  Max Size  Total Size  Total Time  Name
      14  146.29KB  64.000KB  448.00KB  2.000000MB    0.079232ms  Host To Device
       8  128.00KB  64.000KB  448.00KB  1.000000MB    0.032608ms  Device To Host
       8         -         -         -           -    1.622144ms  Gpu page fault groups
       6  341.33KB  64.000KB  1.0000MB  2.000000MB           -  Remote mapping from device
       4  256.00KB  128.00KB  512.00KB  1.000000MB           -  Remote mapping to device
Total CPU Page faults: 11
Total remote mappings from CPU: 4
Total remote mappings to CPU: 6
