==91735== NVPROF is profiling process 91735, command: ./lassen-executable/hotspot_35 1024 2 2 ../../data/hotspot/temp_1024 ../../data/hotspot/power_1024 output-adapt.out
==91735== Profiling application: ./lassen-executable/hotspot_35 1024 2 2 ../../data/hotspot/temp_1024 ../../data/hotspot/power_1024 output-adapt.out
==91735== Profiling result:
            Type  Time(%)      Time     Calls       Avg       Min       Max  Name
                        %        ms                  ms        ms        ms
 GPU activities:   100.00  7.370582         1  7.370582  7.370582  7.370582  calculate_temp(int, float*, float*, float*, int, int, int, int, float, float, float, float, float, float)
      API calls:    95.86  271.7981         3  90.59938  0.027516  271.6153  cudaMallocManaged
                     1.99  5.628642       388  0.014506  2.69e-04  0.587932  cuDeviceGetAttribute
                     1.63  4.628701         4  1.157175  1.147294  1.178938  cuDeviceTotalMem
                     0.28  0.794179         4  0.198544  3.09e-03  0.436244  cudaFree
                     0.17  0.467981         4  0.116995  0.113384  0.120043  cuDeviceGetName
                     0.05  0.142609         1  0.142609  0.142609  0.142609  cudaLaunchKernel
                     0.01  0.041099         3  0.013699  3.91e-03  0.029234  cudaMemAdvise
                     0.00  0.013364         4  3.34e-03  1.46e-03  6.87e-03  cuDeviceGetPCIBusId
                     0.00  4.66e-03         8  5.82e-04  3.50e-04  1.48e-03  cuDeviceGet
                     0.00  1.64e-03         3  5.46e-04  4.55e-04  6.99e-04  cuDeviceGetCount
                     0.00  1.57e-03         4  3.92e-04  3.57e-04  4.20e-04  cuDeviceGetUuid

==91735== Unified Memory profiling result:
Device "Tesla V100-SXM2-16GB (0)"
   Count  Avg Size  Min Size  Max Size  Total Size  Total Time  Name
      18  227.56KB  64.000KB  960.00KB  4.000000MB    0.113824ms  Host To Device
      47         -         -         -           -    7.269344ms  Gpu page fault groups
      46  89.043KB  64.000KB  128.00KB  4.000000MB           -  Remote mapping from device
       2  2.0000MB  2.0000MB  2.0000MB  4.000000MB           -  Remote mapping to device
Total CPU Page faults: 26
Total remote mappings from CPU: 2
Total remote mappings to CPU: 46
