==87616== NVPROF is profiling process 87616, command: ./lassen-executable/hotspot_45 128 2 2 ../../data/hotspot/temp_128 ../../data/hotspot/power_128 output-adapt.out
==87616== Profiling application: ./lassen-executable/hotspot_45 128 2 2 ../../data/hotspot/temp_128 ../../data/hotspot/power_128 output-adapt.out
==87616== Profiling result:
            Type  Time(%)      Time     Calls       Avg       Min       Max  Name
                        %        ms                  ms        ms        ms
 GPU activities:   100.00  0.419198         1  0.419198  0.419198  0.419198  calculate_temp(int, float*, float*, float*, int, int, int, int, float, float, float, float, float, float)
      API calls:    95.99  270.5436         3  90.18121  0.010343  270.5170  cudaMallocManaged
                     2.00  5.636597       388  0.014527  2.68e-04  0.585562  cuDeviceGetAttribute
                     1.65  4.638348         4  1.159587  1.147577  1.172942  cuDeviceTotalMem
                     0.17  0.468057         4  0.117014  0.113662  0.118970  cuDeviceGetName
                     0.10  0.291977         4  0.072994  1.78e-03  0.203065  cudaFree
                     0.04  0.119252         3  0.039750  0.010922  0.088432  cudaMemAdvise
                     0.04  0.117666         1  0.117666  0.117666  0.117666  cudaLaunchKernel
                     0.01  0.014370         4  3.59e-03  1.48e-03  7.66e-03  cuDeviceGetPCIBusId
                     0.00  4.84e-03         8  6.05e-04  3.42e-04  9.31e-04  cuDeviceGet
                     0.00  1.87e-03         3  6.22e-04  5.33e-04  7.81e-04  cuDeviceGetCount
                     0.00  1.68e-03         4  4.19e-04  3.92e-04  4.63e-04  cuDeviceGetUuid

==87616== Unified Memory profiling result:
Device "Tesla V100-SXM2-16GB (0)"
   Count  Avg Size  Min Size  Max Size  Total Size  Total Time  Name
       1  64.000KB  64.000KB  64.000KB  64.00000KB  4.6080e-03ms  Host To Device
       1  64.000KB  64.000KB  64.000KB  64.00000KB  3.1040e-03ms  Device To Host
       2         -         -         -           -    0.404992ms  Gpu page fault groups
       3  64.000KB  64.000KB  64.000KB  192.0000KB           -  Remote mapping from device
Total CPU Page faults: 3
Total remote mappings to CPU: 3
