==92365== NVPROF is profiling process 92365, command: ./lassen-executable/hotspot_52 1024 2 2 ../../data/hotspot/temp_1024 ../../data/hotspot/power_1024 output-adapt.out
==92365== Profiling application: ./lassen-executable/hotspot_52 1024 2 2 ../../data/hotspot/temp_1024 ../../data/hotspot/power_1024 output-adapt.out
==92365== Profiling result:
            Type  Time(%)      Time     Calls       Avg       Min       Max  Name
                        %        ms                  ms        ms        ms
 GPU activities:   100.00  8.627727         1  8.627727  8.627727  8.627727  calculate_temp(int, float*, float*, float*, int, int, int, int, float, float, float, float, float, float)
      API calls:    95.53  277.2370         3  92.41232  0.037095  277.0177  cudaMallocManaged
                     2.08  6.041736       388  0.015571  2.87e-04  0.636030  cuDeviceGetAttribute
                     1.70  4.946419         4  1.236604  1.223365  1.251745  cuDeviceTotalMem
                     0.37  1.087659         4  0.271914  4.80e-03  0.450183  cudaFree
                     0.17  0.488194         4  0.122048  0.117837  0.126765  cuDeviceGetName
                     0.07  0.194473         3  0.064824  4.06e-03  0.159967  cudaMemAdvise
                     0.06  0.176289         1  0.176289  0.176289  0.176289  cudaLaunchKernel
                     0.01  0.019299         4  4.82e-03  1.61e-03  0.011277  cuDeviceGetPCIBusId
                     0.00  4.06e-03         8  5.07e-04  3.60e-04  6.25e-04  cuDeviceGet
                     0.00  1.86e-03         3  6.20e-04  4.94e-04  7.98e-04  cuDeviceGetCount
                     0.00  1.78e-03         4  4.46e-04  4.36e-04  4.66e-04  cuDeviceGetUuid

==92365== Unified Memory profiling result:
Device "Tesla V100-SXM2-16GB (0)"
   Count  Avg Size  Min Size  Max Size  Total Size  Total Time  Name
      20  204.80KB  64.000KB  960.00KB  4.000000MB    0.126464ms  Host To Device
      48         -         -         -           -    8.404416ms  Gpu page fault groups
      47  174.30KB  64.000KB  2.0000MB  8.000000MB           -  Remote mapping from device
Total CPU Page faults: 26
Total remote mappings to CPU: 47
