==86117== NVPROF is profiling process 86117, command: ./lassen-executable/hotspot_32 64 2 2 ../../data/hotspot/temp_64 ../../data/hotspot/power_64 output-adapt.out
==86117== Profiling application: ./lassen-executable/hotspot_32 64 2 2 ../../data/hotspot/temp_64 ../../data/hotspot/power_64 output-adapt.out
==86117== Profiling result:
            Type  Time(%)      Time     Calls       Avg       Min       Max  Name
                        %        ms                  ms        ms        ms
 GPU activities:   100.00  0.209951         1  0.209951  0.209951  0.209951  calculate_temp(int, float*, float*, float*, int, int, int, int, float, float, float, float, float, float)
      API calls:    95.72  269.6107         3  89.87024  9.76e-03  269.5837  cudaMallocManaged
                     2.12  5.983294       388  0.015420  2.93e-04  0.618242  cuDeviceGetAttribute
                     1.79  5.033507         4  1.258376  1.252336  1.272445  cuDeviceTotalMem
                     0.18  0.495058         4  0.123764  0.120472  0.125341  cuDeviceGetName
                     0.12  0.325538         4  0.081384  2.62e-03  0.183503  cudaFree
                     0.04  0.114269         1  0.114269  0.114269  0.114269  cudaLaunchKernel
                     0.03  0.090521         3  0.030173  6.06e-03  0.049019  cudaMemAdvise
                     0.01  0.015076         4  3.77e-03  1.71e-03  7.68e-03  cuDeviceGetPCIBusId
                     0.00  4.13e-03         8  5.16e-04  3.91e-04  7.30e-04  cuDeviceGet
                     0.00  1.88e-03         3  6.28e-04  5.22e-04  8.08e-04  cuDeviceGetCount
                     0.00  1.73e-03         4  4.33e-04  3.99e-04  4.73e-04  cuDeviceGetUuid

==86117== Unified Memory profiling result:
Device "Tesla V100-SXM2-16GB (0)"
   Count  Avg Size  Min Size  Max Size  Total Size  Total Time  Name
       1  64.000KB  64.000KB  64.000KB  64.00000KB  4.6720e-03ms  Host To Device
       1  64.000KB  64.000KB  64.000KB  64.00000KB  3.0720e-03ms  Device To Host
       1         -         -         -           -    0.197280ms  Gpu page fault groups
Total CPU Page faults: 2
