==87763== NVPROF is profiling process 87763, command: ./lassen-executable/hotspot_55 128 2 2 ../../data/hotspot/temp_128 ../../data/hotspot/power_128 output-adapt.out
==87763== Profiling application: ./lassen-executable/hotspot_55 128 2 2 ../../data/hotspot/temp_128 ../../data/hotspot/power_128 output-adapt.out
==87763== Profiling result:
            Type  Time(%)      Time     Calls       Avg       Min       Max  Name
                        %        ms                  ms        ms        ms
 GPU activities:   100.00  0.262943         1  0.262943  0.262943  0.262943  calculate_temp(int, float*, float*, float*, int, int, int, int, float, float, float, float, float, float)
      API calls:    95.99  271.7093         3  90.56977  9.56e-03  271.6849  cudaMallocManaged
                     2.02  5.704511       388  0.014702  2.79e-04  0.595393  cuDeviceGetAttribute
                     1.67  4.729259         4  1.182314  1.177063  1.196738  cuDeviceTotalMem
                     0.17  0.472022         4  0.118005  0.115529  0.119574  cuDeviceGetName
                     0.09  0.242574         4  0.060643  1.68e-03  0.155436  cudaFree
                     0.04  0.114710         1  0.114710  0.114710  0.114710  cudaLaunchKernel
                     0.03  0.075921         3  0.025307  9.19e-03  0.047166  cudaMemAdvise
                     0.01  0.015367         4  3.84e-03  1.58e-03  9.71e-03  cuDeviceGetPCIBusId
                     0.00  3.85e-03         8  4.81e-04  3.59e-04  6.45e-04  cuDeviceGet
                     0.00  1.84e-03         3  6.12e-04  5.25e-04  7.81e-04  cuDeviceGetCount
                     0.00  1.61e-03         4  4.03e-04  3.70e-04  4.34e-04  cuDeviceGetUuid

==87763== Unified Memory profiling result:
Device "Tesla V100-SXM2-16GB (0)"
   Count  Avg Size  Min Size  Max Size  Total Size  Total Time  Name
       1         -         -         -           -    0.228128ms  Gpu page fault groups
       1  64.000KB  64.000KB  64.000KB  64.00000KB           -  Remote mapping from device
Total CPU Page faults: 3
Total remote mappings to CPU: 1
