==111577== NVPROF is profiling process 111577, command: ./lassen-executable/hotspot_62 4096 2 2 ../../data/hotspot/temp_4096 ../../data/hotspot/power_4096 output-adapt.out
==111577== Profiling application: ./lassen-executable/hotspot_62 4096 2 2 ../../data/hotspot/temp_4096 ../../data/hotspot/power_4096 output-adapt.out
==111577== Profiling result:
            Type  Time(%)      Time     Calls       Avg       Min       Max  Name
                        %        ms                  ms        ms        ms
 GPU activities:   100.00  49.98774         1  49.98774  49.98774  49.98774  calculate_temp(int, float*, float*, float*, int, int, int, int, float, float, float, float, float, float)
      API calls:    93.17  271.6707         3  90.55690  0.042221  271.4287  cudaMallocManaged
                     2.19  6.373178         4  1.593294  4.61e-03  2.572983  cudaFree
                     1.93  5.633602       388  0.014519  2.70e-04  0.585110  cuDeviceGetAttribute
                     1.60  4.660749         4  1.165187  1.146136  1.212202  cuDeviceTotalMem
                     0.87  2.550586         3  0.850195  3.82e-03  2.364461  cudaMemAdvise
                     0.16  0.468270         4  0.117067  0.114777  0.118134  cuDeviceGetName
                     0.07  0.193953         1  0.193953  0.193953  0.193953  cudaLaunchKernel
                     0.01  0.017947         4  4.49e-03  1.83e-03  9.46e-03  cuDeviceGetPCIBusId
                     0.00  3.89e-03         8  4.86e-04  3.39e-04  6.80e-04  cuDeviceGet
                     0.00  1.76e-03         3  5.87e-04  4.55e-04  7.42e-04  cuDeviceGetCount
                     0.00  1.66e-03         4  4.15e-04  3.77e-04  4.59e-04  cuDeviceGetUuid

==111577== Unified Memory profiling result:
Device "Tesla V100-SXM2-16GB (0)"
   Count  Avg Size  Min Size  Max Size  Total Size  Total Time  Name
     498  263.20KB  64.000KB  960.00KB  128.0000MB    3.370624ms  Host To Device
     248         -         -         -           -   48.949504ms  Gpu page fault groups
     283  463.15KB  64.000KB  1.0000MB  128.0000MB           -  Remote mapping to device
Total CPU Page faults: 384
Total remote mappings from CPU: 283
