==45297== NVPROF is profiling process 45297, command: ./lassen-executable/hotspot_64 8192 2 2 ../../data/hotspot/temp_8192 ../../data/hotspot/power_8192 output-adapt.out
==45297== Profiling application: ./lassen-executable/hotspot_64 8192 2 2 ../../data/hotspot/temp_8192 ../../data/hotspot/power_8192 output-adapt.out
==45297== Profiling result:
            Type  Time(%)      Time     Calls       Avg       Min       Max  Name
                        %        ms                  ms        ms        ms
 GPU activities:   100.00  199.8143         1  199.8143  199.8143  199.8143  calculate_temp(int, float*, float*, float*, int, int, int, int, float, float, float, float, float, float)
      API calls:    88.23  272.3348         3  90.77827  0.034093  272.0765  cudaMallocManaged
                     6.86  21.17198         4  5.292993  4.07e-03  7.929582  cudaFree
                     1.82  5.630384       388  0.014511  2.77e-04  0.586102  cuDeviceGetAttribute
                     1.50  4.633975         4  1.158493  1.151071  1.178454  cuDeviceTotalMem
                     1.36  4.207801         3  1.402600  3.90e-03  3.548604  cudaMemAdvise
                     0.15  0.465624         4  0.116406  0.113662  0.118845  cuDeviceGetName
                     0.07  0.203024         1  0.203024  0.203024  0.203024  cudaLaunchKernel
                     0.00  0.014944         4  3.74e-03  1.36e-03  8.32e-03  cuDeviceGetPCIBusId
                     0.00  3.90e-03         8  4.88e-04  3.59e-04  8.62e-04  cuDeviceGet
                     0.00  1.86e-03         3  6.20e-04  5.13e-04  7.64e-04  cuDeviceGetCount
                     0.00  1.68e-03         4  4.20e-04  4.08e-04  4.49e-04  cuDeviceGetUuid

==45297== Unified Memory profiling result:
Device "Tesla V100-SXM2-16GB (0)"
   Count  Avg Size  Min Size  Max Size  Total Size  Total Time  Name
    2053  252.57KB  64.000KB  960.00KB  506.3750MB   13.267360ms  Host To Device
     856         -         -         -           -  191.643136ms  Gpu page fault groups
     128  2.0000MB  2.0000MB  2.0000MB  256.0000MB           -  Remote mapping from device
     854  613.92KB  64.000KB  1.0000MB  512.0000MB           -  Remote mapping to device
Total CPU Page faults: 1536
Total remote mappings from CPU: 854
Total remote mappings to CPU: 128
