==19421== NVPROF is profiling process 19421, command: ./lassen-executable/hotspot_36 8192 2 2 ../../data/hotspot/temp_8192 ../../data/hotspot/power_8192 output-adapt.out
==19421== Profiling application: ./lassen-executable/hotspot_36 8192 2 2 ../../data/hotspot/temp_8192 ../../data/hotspot/power_8192 output-adapt.out
==19421== Profiling result:
            Type  Time(%)      Time     Calls       Avg       Min       Max  Name
                        %        ms                  ms        ms        ms
 GPU activities:   100.00  140.8634         1  140.8634  140.8634  140.8634  calculate_temp(int, float*, float*, float*, int, int, int, int, float, float, float, float, float, float)
      API calls:    90.02  271.5952         3  90.53175  0.033389  271.3348  cudaMallocManaged
                     5.74  17.32868         4  4.332169  3.65e-03  7.217696  cudaFree
                     1.98  5.983497       388  0.015421  2.93e-04  0.633862  cuDeviceGetAttribute
                     1.66  5.021815         4  1.255453  1.245840  1.272431  cuDeviceTotalMem
                     0.36  1.071640         3  0.357213  4.55e-03  0.635688  cudaMemAdvise
                     0.16  0.494741         4  0.123685  0.120870  0.125257  cuDeviceGetName
                     0.07  0.202959         1  0.202959  0.202959  0.202959  cudaLaunchKernel
                     0.01  0.015108         4  3.78e-03  1.67e-03  7.95e-03  cuDeviceGetPCIBusId
                     0.00  4.86e-03         8  6.07e-04  3.94e-04  1.44e-03  cuDeviceGet
                     0.00  1.83e-03         3  6.09e-04  5.02e-04  7.66e-04  cuDeviceGetCount
                     0.00  1.79e-03         4  4.48e-04  4.24e-04  4.63e-04  cuDeviceGetUuid

==19421== Unified Memory profiling result:
Device "Tesla V100-SXM2-16GB (0)"
   Count  Avg Size  Min Size  Max Size  Total Size  Total Time  Name
    1683  311.52KB  64.000KB  960.00KB  512.0000MB   12.433120ms  Host To Device
     564         -         -         -           -  137.115712ms  Gpu page fault groups
     573  914.99KB  64.000KB  2.0000MB  512.0000MB           -  Remote mapping to device
Total CPU Page faults: 1664
Total remote mappings from CPU: 573
