==87400== NVPROF is profiling process 87400, command: ./lassen-executable/hotspot_33 128 2 2 ../../data/hotspot/temp_128 ../../data/hotspot/power_128 output-adapt.out
==87400== Profiling application: ./lassen-executable/hotspot_33 128 2 2 ../../data/hotspot/temp_128 ../../data/hotspot/power_128 output-adapt.out
==87400== Profiling result:
            Type  Time(%)      Time     Calls       Avg       Min       Max  Name
                        %        ms                  ms        ms        ms
 GPU activities:   100.00  0.182111         1  0.182111  0.182111  0.182111  calculate_temp(int, float*, float*, float*, int, int, int, int, float, float, float, float, float, float)
      API calls:    96.10  270.9856         3  90.32852  9.43e-03  270.9589  cudaMallocManaged
                     1.96  5.527931       388  0.014247  2.64e-04  0.578643  cuDeviceGetAttribute
                     1.60  4.505272         4  1.126318  1.117038  1.142900  cuDeviceTotalMem
                     0.16  0.463701         4  0.115925  0.113037  0.117656  cuDeviceGetName
                     0.09  0.265302         4  0.066325  1.69e-03  0.179027  cudaFree
                     0.04  0.118484         1  0.118484  0.118484  0.118484  cudaLaunchKernel
                     0.03  0.086340         3  0.028780  0.010399  0.054623  cudaMemAdvise
                     0.01  0.017798         4  4.45e-03  1.38e-03  9.13e-03  cuDeviceGetPCIBusId
                     0.00  3.62e-03         8  4.52e-04  3.51e-04  6.46e-04  cuDeviceGet
                     0.00  1.71e-03         3  5.70e-04  4.93e-04  7.19e-04  cuDeviceGetCount
                     0.00  1.53e-03         4  3.83e-04  3.55e-04  4.00e-04  cuDeviceGetUuid

==87400== Unified Memory profiling result:
Device "Tesla V100-SXM2-16GB (0)"
   Count  Avg Size  Min Size  Max Size  Total Size  Total Time  Name
       1         -         -         -           -    0.156416ms  Gpu page fault groups
       1  64.000KB  64.000KB  64.000KB  64.00000KB           -  Remote mapping to device
Total CPU Page faults: 3
Total remote mappings from CPU: 1
