==87100== NVPROF is profiling process 87100, command: ./lassen-executable/hotspot_23 128 2 2 ../../data/hotspot/temp_128 ../../data/hotspot/power_128 output-adapt.out
==87100== Profiling application: ./lassen-executable/hotspot_23 128 2 2 ../../data/hotspot/temp_128 ../../data/hotspot/power_128 output-adapt.out
==87100== Profiling result:
            Type  Time(%)      Time     Calls       Avg       Min       Max  Name
                        %        ms                  ms        ms        ms
 GPU activities:   100.00  0.282975         1  0.282975  0.282975  0.282975  calculate_temp(int, float*, float*, float*, int, int, int, int, float, float, float, float, float, float)
      API calls:    95.92  270.8598         3  90.28658  0.013806  270.8301  cudaMallocManaged
                     2.02  5.714544       388  0.014728  2.66e-04  0.588822  cuDeviceGetAttribute
                     1.70  4.803723         4  1.200930  1.139472  1.224354  cuDeviceTotalMem
                     0.17  0.475778         4  0.118944  0.115468  0.122527  cuDeviceGetName
                     0.10  0.278669         4  0.069667  2.02e-03  0.175964  cudaFree
                     0.04  0.121589         1  0.121589  0.121589  0.121589  cudaLaunchKernel
                     0.04  0.105468         3  0.035156  0.011417  0.074747  cudaMemAdvise
                     0.00  0.012305         4  3.08e-03  1.25e-03  6.96e-03  cuDeviceGetPCIBusId
                     0.00  4.82e-03         8  6.02e-04  3.86e-04  1.55e-03  cuDeviceGet
                     0.00  1.85e-03         3  6.16e-04  5.17e-04  8.09e-04  cuDeviceGetCount
                     0.00  1.57e-03         4  3.92e-04  3.54e-04  4.38e-04  cuDeviceGetUuid

==87100== Unified Memory profiling result:
Device "Tesla V100-SXM2-16GB (0)"
   Count  Avg Size  Min Size  Max Size  Total Size  Total Time  Name
       1  64.000KB  64.000KB  64.000KB  64.00000KB  3.1040e-03ms  Device To Host
       1         -         -         -           -    0.259168ms  Gpu page fault groups
Total CPU Page faults: 3
