==86755== NVPROF is profiling process 86755, command: ./lassen-executable/hotspot_02 128 2 2 ../../data/hotspot/temp_128 ../../data/hotspot/power_128 output-adapt.out
==86755== Profiling application: ./lassen-executable/hotspot_02 128 2 2 ../../data/hotspot/temp_128 ../../data/hotspot/power_128 output-adapt.out
==86755== Profiling result:
            Type  Time(%)      Time     Calls       Avg       Min       Max  Name
                        %        ms                  ms        ms        ms
 GPU activities:    56.03  0.015904         1  0.015904  0.015904  0.015904  calculate_temp(int, float*, float*, float*, int, int, int, int, float, float, float, float, float, float)
                    30.89  8.77e-03         1  8.77e-03  8.77e-03  8.77e-03  [CUDA memcpy HtoD]
                    13.08  3.71e-03         1  3.71e-03  3.71e-03  3.71e-03  [CUDA memcpy DtoH]
      API calls:    95.69  269.5205         1  269.5205  269.5205  269.5205  cudaMallocManaged
                     2.00  5.641953       388  0.014541  2.75e-04  0.586870  cuDeviceGetAttribute
                     1.65  4.655039         4  1.163759  1.148525  1.184969  cuDeviceTotalMem
                     0.20  0.563401         2  0.281700  9.76e-03  0.553638  cudaMalloc
                     0.17  0.470150         3  0.156716  0.011700  0.329000  cudaFree
                     0.17  0.466084         4  0.116521  0.113526  0.118697  cuDeviceGetName
                     0.05  0.132830         2  0.066415  0.059634  0.073196  cudaMemcpy
                     0.04  0.100203         1  0.100203  0.100203  0.100203  cudaLaunchKernel
                     0.03  0.071699         1  0.071699  0.071699  0.071699  cudaMemAdvise
                     0.01  0.016808         4  4.20e-03  1.44e-03  8.42e-03  cuDeviceGetPCIBusId
                     0.00  3.86e-03         8  4.82e-04  3.49e-04  6.33e-04  cuDeviceGet
                     0.00  1.68e-03         3  5.61e-04  4.10e-04  7.07e-04  cuDeviceGetCount
                     0.00  1.62e-03         4  4.04e-04  3.61e-04  4.57e-04  cuDeviceGetUuid

==86755== Unified Memory profiling result:
Total CPU Page faults: 1
