==88782== NVPROF is profiling process 88782, command: ./lassen-executable/hotspot_45 256 2 2 ../../data/hotspot/temp_256 ../../data/hotspot/power_256 output-adapt.out
==88782== Profiling application: ./lassen-executable/hotspot_45 256 2 2 ../../data/hotspot/temp_256 ../../data/hotspot/power_256 output-adapt.out
==88782== Profiling result:
            Type  Time(%)      Time     Calls       Avg       Min       Max  Name
                        %        ms                  ms        ms        ms
 GPU activities:   100.00  0.759837         1  0.759837  0.759837  0.759837  calculate_temp(int, float*, float*, float*, int, int, int, int, float, float, float, float, float, float)
      API calls:    95.95  271.8568         3  90.61893  0.015273  271.8260  cudaMallocManaged
                     2.02  5.713548       388  0.014725  2.79e-04  0.593750  cuDeviceGetAttribute
                     1.67  4.721317         4  1.180329  1.171638  1.198113  cuDeviceTotalMem
                     0.17  0.478138         4  0.119534  0.115199  0.123162  cuDeviceGetName
                     0.11  0.323526         4  0.080881  1.72e-03  0.232021  cudaFree
                     0.04  0.111773         1  0.111773  0.111773  0.111773  cudaLaunchKernel
                     0.04  0.107453         3  0.035817  0.010248  0.083233  cudaMemAdvise
                     0.01  0.016970         4  4.24e-03  1.13e-03  0.011445  cuDeviceGetPCIBusId
                     0.00  4.48e-03         8  5.60e-04  3.79e-04  1.36e-03  cuDeviceGet
                     0.00  1.75e-03         3  5.84e-04  4.88e-04  7.56e-04  cuDeviceGetCount
                     0.00  1.70e-03         4  4.24e-04  3.81e-04  4.57e-04  cuDeviceGetUuid

==88782== Unified Memory profiling result:
Device "Tesla V100-SXM2-16GB (0)"
   Count  Avg Size  Min Size  Max Size  Total Size  Total Time  Name
       3  85.333KB  64.000KB  128.00KB  256.0000KB    0.013408ms  Host To Device
       4  64.000KB  64.000KB  64.000KB  256.0000KB    0.012736ms  Device To Host
       5         -         -         -           -    0.738336ms  Gpu page fault groups
       7  109.71KB  64.000KB  256.00KB  768.0000KB           -  Remote mapping from device
Total CPU Page faults: 7
Total remote mappings to CPU: 7
