==87047== NVPROF is profiling process 87047, command: ./lassen-executable/hotspot_16 128 2 2 ../../data/hotspot/temp_128 ../../data/hotspot/power_128 output-adapt.out
==87047== Profiling application: ./lassen-executable/hotspot_16 128 2 2 ../../data/hotspot/temp_128 ../../data/hotspot/power_128 output-adapt.out
==87047== Profiling result:
            Type  Time(%)      Time     Calls       Avg       Min       Max  Name
                        %        ms                  ms        ms        ms
 GPU activities:   100.00  0.287487         1  0.287487  0.287487  0.287487  calculate_temp(int, float*, float*, float*, int, int, int, int, float, float, float, float, float, float)
      API calls:    96.01  269.5844         3  89.86148  0.010720  269.5586  cudaMallocManaged
                     2.01  5.656074       388  0.014577  2.75e-04  0.585190  cuDeviceGetAttribute
                     1.65  4.638853         4  1.159713  1.151755  1.174072  cuDeviceTotalMem
                     0.17  0.469963         4  0.117490  0.113164  0.121640  cuDeviceGetName
                     0.09  0.256410         4  0.064102  1.76e-03  0.166642  cudaFree
                     0.04  0.111484         1  0.111484  0.111484  0.111484  cudaLaunchKernel
                     0.02  0.057949         1  0.057949  0.057949  0.057949  cudaMemAdvise
                     0.01  0.014193         4  3.55e-03  1.47e-03  6.70e-03  cuDeviceGetPCIBusId
                     0.00  3.70e-03         8  4.62e-04  3.54e-04  6.38e-04  cuDeviceGet
                     0.00  1.79e-03         3  5.97e-04  5.14e-04  7.61e-04  cuDeviceGetCount
                     0.00  1.55e-03         4  3.88e-04  3.44e-04  4.12e-04  cuDeviceGetUuid

==87047== Unified Memory profiling result:
Device "Tesla V100-SXM2-16GB (0)"
   Count  Avg Size  Min Size  Max Size  Total Size  Total Time  Name
       1  64.000KB  64.000KB  64.000KB  64.00000KB  3.0720e-03ms  Device To Host
       1         -         -         -           -    0.264192ms  Gpu page fault groups
Total CPU Page faults: 3
