==85514== NVPROF is profiling process 85514, command: ./lassen-executable/hotspot_12 64 2 2 ../../data/hotspot/temp_64 ../../data/hotspot/power_64 output-adapt.out
==85514== Profiling application: ./lassen-executable/hotspot_12 64 2 2 ../../data/hotspot/temp_64 ../../data/hotspot/power_64 output-adapt.out
==85514== Profiling result:
            Type  Time(%)      Time     Calls       Avg       Min       Max  Name
                        %        ms                  ms        ms        ms
 GPU activities:   100.00  0.219872         1  0.219872  0.219872  0.219872  calculate_temp(int, float*, float*, float*, int, int, int, int, float, float, float, float, float, float)
      API calls:    95.75  269.7745         3  89.92483  0.012672  269.7481  cudaMallocManaged
                     2.12  5.960860       388  0.015363  3.00e-04  0.621302  cuDeviceGetAttribute
                     1.79  5.034857         4  1.258714  1.251592  1.273423  cuDeviceTotalMem
                     0.17  0.492767         4  0.123191  0.120377  0.124932  cuDeviceGetName
                     0.09  0.267542         4  0.066885  2.08e-03  0.160902  cudaFree
                     0.04  0.114228         1  0.114228  0.114228  0.114228  cudaLaunchKernel
                     0.02  0.069753         1  0.069753  0.069753  0.069753  cudaMemAdvise
                     0.01  0.015433         4  3.86e-03  1.73e-03  8.95e-03  cuDeviceGetPCIBusId
                     0.00  4.12e-03         8  5.15e-04  4.00e-04  7.01e-04  cuDeviceGet
                     0.00  2.58e-03         4  6.43e-04  4.18e-04  1.29e-03  cuDeviceGetUuid
                     0.00  1.91e-03         3  6.36e-04  5.04e-04  8.53e-04  cuDeviceGetCount

==85514== Unified Memory profiling result:
Device "Tesla V100-SXM2-16GB (0)"
   Count  Avg Size  Min Size  Max Size  Total Size  Total Time  Name
       1  64.000KB  64.000KB  64.000KB  64.00000KB  4.3520e-03ms  Host To Device
       1  64.000KB  64.000KB  64.000KB  64.00000KB  3.0720e-03ms  Device To Host
       1         -         -         -           -    0.207712ms  Gpu page fault groups
Total CPU Page faults: 2
