==89274== NVPROF is profiling process 89274, command: ./lassen-executable/hotspot_06 512 2 2 ../../data/hotspot/temp_512 ../../data/hotspot/power_512 output-adapt.out
==89274== Profiling application: ./lassen-executable/hotspot_06 512 2 2 ../../data/hotspot/temp_512 ../../data/hotspot/power_512 output-adapt.out
==89274== Profiling result:
            Type  Time(%)      Time     Calls       Avg       Min       Max  Name
                        %        ms                  ms        ms        ms
 GPU activities:    68.47  0.090624         1  0.090624  0.090624  0.090624  calculate_temp(int, float*, float*, float*, int, int, int, int, float, float, float, float, float, float)
                    16.73  0.022144         1  0.022144  0.022144  0.022144  [CUDA memcpy HtoD]
                    14.80  0.019584         1  0.019584  0.019584  0.019584  [CUDA memcpy DtoH]
      API calls:    95.40  272.4112         1  272.4112  272.4112  272.4112  cudaMallocManaged
                     2.08  5.948941       388  0.015332  2.95e-04  0.623563  cuDeviceGetAttribute
                     1.75  5.000481         4  1.250120  1.242446  1.264861  cuDeviceTotalMem
                     0.20  0.583603         3  0.194534  0.011824  0.375424  cudaFree
                     0.19  0.545689         2  0.272844  8.01e-03  0.537676  cudaMalloc
                     0.17  0.493274         4  0.123318  0.119912  0.125326  cuDeviceGetName
                     0.14  0.390875         2  0.195437  0.192698  0.198177  cudaMemcpy
                     0.04  0.105061         1  0.105061  0.105061  0.105061  cudaLaunchKernel
                     0.02  0.049963         1  0.049963  0.049963  0.049963  cudaMemAdvise
                     0.01  0.016996         4  4.25e-03  1.76e-03  9.17e-03  cuDeviceGetPCIBusId
                     0.00  3.96e-03         8  4.95e-04  3.87e-04  6.78e-04  cuDeviceGet
                     0.00  1.85e-03         3  6.17e-04  5.33e-04  7.81e-04  cuDeviceGetCount
                     0.00  1.74e-03         4  4.36e-04  3.95e-04  4.65e-04  cuDeviceGetUuid

==89274== Unified Memory profiling result:
Total CPU Page faults: 5
