==21122== NVPROF is profiling process 21122, command: ./lassen-executable/hotspot_40 8192 2 2 ../../data/hotspot/temp_8192 ../../data/hotspot/power_8192 output-adapt.out
==21122== Profiling application: ./lassen-executable/hotspot_40 8192 2 2 ../../data/hotspot/temp_8192 ../../data/hotspot/power_8192 output-adapt.out
==21122== Profiling result:
            Type  Time(%)      Time     Calls       Avg       Min       Max  Name
                        %        ms                  ms        ms        ms
 GPU activities:    82.80  113.4317         1  113.4317  113.4317  113.4317  calculate_temp(int, float*, float*, float*, int, int, int, int, float, float, float, float, float, float)
                    17.20  23.56070         1  23.56070  23.56070  23.56070  [CUDA memcpy HtoD]
      API calls:    81.74  272.5544         2  136.2772  0.209606  272.3447  cudaMallocManaged
                     7.16  23.88503         1  23.88503  23.88503  23.88503  cudaMemcpy
                     5.05  16.83313         4  4.208282  4.82e-03  8.419320  cudaFree
                     1.71  5.708150       388  0.014711  2.64e-04  0.595783  cuDeviceGetAttribute
                     1.61  5.373037         1  5.373037  5.373037  5.373037  cudaMalloc
                     1.46  4.853792         4  1.213448  1.139379  1.277414  cuDeviceTotalMem
                     1.07  3.566819         2  1.783409  5.31e-03  3.561512  cudaMemAdvise
                     0.14  0.476606         4  0.119151  0.114983  0.122449  cuDeviceGetName
                     0.05  0.156918         1  0.156918  0.156918  0.156918  cudaLaunchKernel
                     0.00  0.013355         4  3.34e-03  1.33e-03  7.66e-03  cuDeviceGetPCIBusId
                     0.00  4.79e-03         8  5.98e-04  3.47e-04  1.49e-03  cuDeviceGet
                     0.00  1.97e-03         3  6.58e-04  5.15e-04  8.52e-04  cuDeviceGetCount
                     0.00  1.71e-03         4  4.27e-04  3.87e-04  5.22e-04  cuDeviceGetUuid

==21122== Unified Memory profiling result:
Device "Tesla V100-SXM2-16GB (0)"
   Count  Avg Size  Min Size  Max Size  Total Size  Total Time  Name
    1262  207.72KB  64.000KB  960.00KB  256.0000MB    7.360160ms  Host To Device
    1280  204.80KB  64.000KB  960.00KB  256.0000MB    7.101344ms  Device To Host
     429         -         -         -           -  104.681088ms  Gpu page fault groups
     896  585.14KB  64.000KB  2.0000MB  512.0000MB           -  Remote mapping from device
Total CPU Page faults: 1536
Total remote mappings to CPU: 896
