==124949== NVPROF is profiling process 124949, command: ./bfs_035 ../../../data/bfs/graph4096.txt
==124949== Profiling application: ./bfs_035 ../../../data/bfs/graph4096.txt
==124949== Profiling result:
            Type  Time(%)      Time     Calls       Avg       Min       Max  Name
                        %        ms                  ms        ms        ms
 GPU activities:    50.42  0.153152         8  0.019144  6.50e-03  0.052640  Kernel(Node*, int*, bool*, bool*, bool*, int*, int)
                    49.58  0.150591         8  0.018823  4.54e-03  0.031808  Kernel2(bool*, bool*, bool*, bool*, int)
      API calls:    96.07  252.1702         7  36.02431  6.88e-03  252.1190  cudaMallocManaged
                     1.97  5.170099       384  0.013463  2.36e-04  0.563591  cuDeviceGetAttribute
                     1.52  3.980881         4  0.995220  0.988868  0.999136  cuDeviceTotalMem
                     0.16  0.423855         4  0.105963  0.103081  0.107930  cuDeviceGetName
                     0.10  0.273686         8  0.034210  0.010855  0.081106  cudaDeviceSynchronize
                     0.07  0.190922        16  0.011932  9.30e-03  0.033100  cudaLaunchKernel
                     0.07  0.179006         6  0.029834  0.026932  0.039998  cudaFree
                     0.03  0.070698         7  0.010099  1.18e-03  0.061722  cudaMemAdvise
                     0.00  0.012046         4  3.01e-03  1.14e-03  7.29e-03  cuDeviceGetPCIBusId
                     0.00  3.19e-03         8  3.98e-04  3.05e-04  6.00e-04  cuDeviceGet
                     0.00  1.42e-03         3  4.73e-04  4.02e-04  6.07e-04  cuDeviceGetCount

==124949== Unified Memory profiling result:
Total CPU Page faults: 3
