==131701== NVPROF is profiling process 131701, command: ./bfs_164 ../../../data/bfs/graph65536.txt
==131701== Profiling application: ./bfs_164 ../../../data/bfs/graph65536.txt
==131701== Profiling result:
            Type  Time(%)      Time     Calls       Avg       Min       Max  Name
                        %        ms                  ms        ms        ms
 GPU activities:    83.67  2.199379        10  0.219937  2.18e-03  0.618716  Kernel(Node*, int*, bool*, bool*, bool*, int*, int)
                    16.33  0.429214        10  0.042921  1.44e-03  0.125152  Kernel2(bool*, bool*, bool*, bool*, int)
      API calls:    95.11  247.6180         7  35.37399  6.77e-03  247.5123  cudaMallocManaged
                     1.97  5.128254       384  0.013354  2.36e-04  0.536461  cuDeviceGetAttribute
                     1.53  3.986811         4  0.996702  0.990562  1.001454  cuDeviceTotalMem
                     1.00  2.603299        10  0.260329  7.47e-03  0.667477  cudaDeviceSynchronize
                     0.16  0.424273         4  0.106068  0.103199  0.107995  cuDeviceGetName
                     0.12  0.302624         6  0.050437  0.027082  0.144736  cudaFree
                     0.09  0.243653        20  0.012182  9.20e-03  0.034456  cudaLaunchKernel
                     0.01  0.035125         7  5.02e-03  1.19e-03  0.024722  cudaMemAdvise
                     0.00  0.012440         4  3.11e-03  1.10e-03  7.48e-03  cuDeviceGetPCIBusId
                     0.00  3.43e-03         8  4.29e-04  3.01e-04  7.00e-04  cuDeviceGet
                     0.00  1.48e-03         3  4.92e-04  4.12e-04  6.32e-04  cuDeviceGetCount

==131701== Unified Memory profiling result:
Device "Tesla V100-SXM2-16GB (0)"
   Count  Avg Size  Min Size  Max Size  Total Size  Total Time  Name
      27  104.30KB  64.000KB  320.00KB  2.750000MB    0.136992ms  Host To Device
       3  64.000KB  64.000KB  64.000KB  192.0000KB  9.3120e-03ms  Device To Host
      16         -         -         -           -    1.689600ms  Gpu page fault groups
       1  64.000KB  64.000KB  64.000KB  64.00000KB           -  Memory thrashes
       4  64.000KB  64.000KB  64.000KB  256.0000KB           -  Remote mapping from device
       1  64.000KB  64.000KB  64.000KB  64.00000KB           -  Remote mapping to device
Total CPU Page faults: 17
Total CPU thrashes: 1
Total remote mappings from CPU: 1
Total remote mappings to CPU: 4
