==126112== NVPROF is profiling process 126112, command: ./bfs_054 ../../../data/bfs/graph1MW_6.txt
==126112== Profiling application: ./bfs_054 ../../../data/bfs/graph1MW_6.txt
==126112== Profiling result:
            Type  Time(%)      Time     Calls       Avg       Min       Max  Name
                        %        ms                  ms        ms        ms
 GPU activities:    97.57  16.50346        12  1.375288  7.84e-03  3.410886  Kernel(Node*, int*, bool*, bool*, bool*, int*, int)
                     2.43  0.410237        12  0.034186  4.80e-03  0.071712  Kernel2(bool*, bool*, bool*, bool*, int)
      API calls:    89.86  250.0742         7  35.72489  0.011351  249.7222  cudaMallocManaged
                     6.06  16.87653        12  1.406377  0.011134  3.420054  cudaDeviceSynchronize
                     1.86  5.162747       384  0.013444  2.30e-04  0.571682  cuDeviceGetAttribute
                     1.43  3.985644         4  0.996411  0.990085  1.000264  cuDeviceTotalMem
                     0.50  1.397894         6  0.232982  0.029208  0.608831  cudaFree
                     0.15  0.427106         4  0.106776  0.102878  0.111079  cuDeviceGetName
                     0.11  0.316053        24  0.013168  9.88e-03  0.048407  cudaLaunchKernel
                     0.01  0.034094         7  4.87e-03  1.22e-03  0.023931  cudaMemAdvise
                     0.00  0.011589         4  2.90e-03  1.17e-03  6.39e-03  cuDeviceGetPCIBusId
                     0.00  3.33e-03         8  4.16e-04  3.10e-04  6.78e-04  cuDeviceGet
                     0.00  1.33e-03         3  4.42e-04  3.82e-04  5.55e-04  cuDeviceGetCount

==126112== Unified Memory profiling result:
Device "Tesla V100-SXM2-16GB (0)"
   Count  Avg Size  Min Size  Max Size  Total Size  Total Time  Name
     408  92.549KB  64.000KB  704.00KB  36.87500MB    1.764736ms  Host To Device
      26  167.38KB  64.000KB  960.00KB  4.250000MB    0.134080ms  Device To Host
      37         -         -         -           -   11.209248ms  Gpu page fault groups
       1  64.000KB  64.000KB  64.000KB  64.00000KB           -  Memory thrashes
      16  64.000KB  64.000KB  64.000KB  1.000000MB           -  Remote mapping from device
       1  64.000KB  64.000KB  64.000KB  64.00000KB           -  Remote mapping to device
Total CPU Page faults: 140
Total CPU thrashes: 1
Total remote mappings from CPU: 1
Total remote mappings to CPU: 16
