==129881== NVPROF is profiling process 129881, command: ./bfs_140 ../../../data/bfs/graph4096.txt
==129881== Profiling application: ./bfs_140 ../../../data/bfs/graph4096.txt
==129881== Profiling result:
            Type  Time(%)      Time     Calls       Avg       Min       Max  Name
                        %        ms                  ms        ms        ms
 GPU activities:    98.25  0.637950         8  0.079743  2.08e-03  0.232511  Kernel(Node*, int*, bool*, bool*, bool*, int*, int)
                     1.75  0.011360         8  1.42e-03  1.22e-03  1.66e-03  Kernel2(bool*, bool*, bool*, bool*, int)
      API calls:    95.88  246.6127         7  35.23038  7.03e-03  246.5619  cudaMallocManaged
                     2.01  5.157724       384  0.013431  2.36e-04  0.535733  cuDeviceGetAttribute
                     1.55  3.980529         4  0.995132  0.989712  1.000471  cuDeviceTotalMem
                     0.25  0.640742         8  0.080092  7.54e-03  0.227612  cudaDeviceSynchronize
                     0.16  0.424154         4  0.106038  0.103003  0.108228  cuDeviceGetName
                     0.08  0.199510        16  0.012469  9.29e-03  0.033657  cudaLaunchKernel
                     0.07  0.173734         6  0.028955  0.025282  0.039077  cudaFree
                     0.00  0.011335         4  2.83e-03  1.07e-03  6.30e-03  cuDeviceGetPCIBusId
                     0.00  9.17e-03         6  1.53e-03  1.11e-03  2.94e-03  cudaMemAdvise
                     0.00  3.18e-03         8  3.98e-04  2.95e-04  5.89e-04  cuDeviceGet
                     0.00  1.38e-03         3  4.61e-04  3.85e-04  5.80e-04  cuDeviceGetCount

==129881== Unified Memory profiling result:
Device "Tesla V100-SXM2-16GB (0)"
   Count  Avg Size  Min Size  Max Size  Total Size  Total Time  Name
       7  73.143KB  64.000KB  128.00KB  512.0000KB    0.032928ms  Host To Device
       4  64.000KB  64.000KB  64.000KB  256.0000KB    0.012448ms  Device To Host
       6         -         -         -           -    0.594560ms  Gpu page fault groups
       1  64.000KB  64.000KB  64.000KB  64.00000KB           -  Memory thrashes
       1  64.000KB  64.000KB  64.000KB  64.00000KB           -  Remote mapping to device
Total CPU Page faults: 6
Total CPU thrashes: 1
Total remote mappings from CPU: 1
