==122984== NVPROF is profiling process 122984, command: ./bfs_005 ../../../data/bfs/graph65536.txt
==122984== Profiling application: ./bfs_005 ../../../data/bfs/graph65536.txt
==122984== Profiling result:
            Type  Time(%)      Time     Calls       Avg       Min       Max  Name
                        %        ms                  ms        ms        ms
 GPU activities:    82.18  1.547927        10  0.154792  2.08e-03  0.701820  Kernel(Node*, int*, bool*, bool*, bool*, int*, int)
                    17.82  0.335552        10  0.033555  1.44e-03  0.109120  Kernel2(bool*, bool*, bool*, bool*, int)
      API calls:    95.39  248.0340         7  35.43342  6.57e-03  247.9280  cudaMallocManaged
                     1.97  5.134795       384  0.013371  2.36e-04  0.544505  cuDeviceGetAttribute
                     1.53  3.977303         4  0.994325  0.989677  0.999447  cuDeviceTotalMem
                     0.72  1.871991        10  0.187199  7.75e-03  0.800337  cudaDeviceSynchronize
                     0.16  0.424329         4  0.106082  0.102809  0.108341  cuDeviceGetName
                     0.11  0.298354         6  0.049725  0.026970  0.142014  cudaFree
                     0.09  0.243255        20  0.012162  9.13e-03  0.034180  cudaLaunchKernel
                     0.00  0.012245         4  3.06e-03  1.21e-03  7.63e-03  cuDeviceGetPCIBusId
                     0.00  9.13e-03         6  1.52e-03  1.13e-03  3.01e-03  cudaMemAdvise
                     0.00  3.70e-03         8  4.62e-04  3.08e-04  9.80e-04  cuDeviceGet
                     0.00  1.89e-03         3  6.30e-04  4.12e-04  9.21e-04  cuDeviceGetCount

==122984== Unified Memory profiling result:
Device "Tesla V100-SXM2-16GB (0)"
   Count  Avg Size  Min Size  Max Size  Total Size  Total Time  Name
      34  139.29KB  64.000KB  512.00KB  4.625000MB    0.193184ms  Host To Device
      15  128.00KB  64.000KB  384.00KB  1.875000MB    0.069280ms  Device To Host
      15         -         -         -           -    1.771840ms  Gpu page fault groups
       1  64.000KB  64.000KB  64.000KB  64.00000KB           -  Memory thrashes
       1  64.000KB  64.000KB  64.000KB  64.00000KB           -  Remote mapping to device
Total CPU Page faults: 20
Total CPU thrashes: 1
Total remote mappings from CPU: 1
