==128963== NVPROF is profiling process 128963, command: ./bfs_124 ../../../data/bfs/graph1MW_6.txt
==128963== Profiling application: ./bfs_124 ../../../data/bfs/graph1MW_6.txt
==128963== Profiling result:
            Type  Time(%)      Time     Calls       Avg       Min       Max  Name
                        %        ms                  ms        ms        ms
 GPU activities:    96.63  8.816412        12  0.734701  7.84e-03  1.637363  Kernel(Node*, int*, bool*, bool*, bool*, int*, int)
                     3.37  0.307581        12  0.025631  4.80e-03  0.054463  Kernel2(bool*, bool*, bool*, bool*, int)
      API calls:    91.96  248.2153         7  35.45932  0.011284  247.8102  cudaMallocManaged
                     3.37  9.085391        12  0.757115  0.011162  1.642875  cudaDeviceSynchronize
                     1.91  5.145980       384  0.013400  2.36e-04  0.535871  cuDeviceGetAttribute
                     1.48  3.990741         4  0.997685  0.993183  1.001830  cuDeviceTotalMem
                     0.98  2.632883         6  0.438813  0.029731  1.882958  cudaFree
                     0.16  0.425184         4  0.106296  0.103250  0.108320  cuDeviceGetName
                     0.12  0.320177        24  0.013340  9.70e-03  0.049873  cudaLaunchKernel
                     0.03  0.071179         7  0.010168  1.20e-03  0.061765  cudaMemAdvise
                     0.00  0.012363         4  3.09e-03  1.13e-03  7.22e-03  cuDeviceGetPCIBusId
                     0.00  3.16e-03         8  3.94e-04  3.14e-04  6.07e-04  cuDeviceGet
                     0.00  1.41e-03         3  4.69e-04  3.99e-04  5.86e-04  cuDeviceGetCount

==128963== Unified Memory profiling result:
Device "Tesla V100-SXM2-16GB (0)"
   Count  Avg Size  Min Size  Max Size  Total Size  Total Time  Name
     157  97.426KB  64.000KB  704.00KB  14.93750MB    0.692224ms  Host To Device
      26  167.38KB  64.000KB  960.00KB  4.250000MB    0.133184ms  Device To Host
      42         -         -         -           -    6.843712ms  Gpu page fault groups
       1  64.000KB  64.000KB  64.000KB  64.00000KB           -  Memory thrashes
     298  78.818KB  64.000KB  384.00KB  22.93750MB           -  Remote mapping from device
       1  64.000KB  64.000KB  64.000KB  64.00000KB           -  Remote mapping to device
Total CPU Page faults: 141
Total CPU thrashes: 1
Total remote mappings from CPU: 1
Total remote mappings to CPU: 298
