==124766== NVPROF is profiling process 124766, command: ./bfs_033 ../../../data/bfs/graph65536.txt
==124766== Profiling application: ./bfs_033 ../../../data/bfs/graph65536.txt
==124766== Profiling result:
            Type  Time(%)      Time     Calls       Avg       Min       Max  Name
                        %        ms                  ms        ms        ms
 GPU activities:    75.96  1.300441        10  0.130044  2.08e-03  0.501949  Kernel(Node*, int*, bool*, bool*, bool*, int*, int)
                    24.04  0.411484        10  0.041148  1.44e-03  0.148095  Kernel2(bool*, bool*, bool*, bool*, int)
      API calls:    95.38  247.5033         7  35.35761  6.56e-03  247.3978  cudaMallocManaged
                     1.99  5.161626       384  0.013441  2.36e-04  0.567350  cuDeviceGetAttribute
                     1.54  3.991653         4  0.997913  0.989929  1.001978  cuDeviceTotalMem
                     0.65  1.698658        10  0.169865  7.62e-03  0.643033  cudaDeviceSynchronize
                     0.16  0.424679         4  0.106169  0.102892  0.108496  cuDeviceGetName
                     0.14  0.375252         6  0.062542  0.027776  0.216569  cudaFree
                     0.09  0.243801        20  0.012190  9.19e-03  0.035229  cudaLaunchKernel
                     0.03  0.066113         7  9.44e-03  1.18e-03  0.056999  cudaMemAdvise
                     0.00  0.012070         4  3.02e-03  1.18e-03  7.00e-03  cuDeviceGetPCIBusId
                     0.00  3.44e-03         8  4.30e-04  3.00e-04  7.48e-04  cuDeviceGet
                     0.00  1.35e-03         3  4.49e-04  3.67e-04  5.48e-04  cuDeviceGetCount

==124766== Unified Memory profiling result:
Device "Tesla V100-SXM2-16GB (0)"
   Count  Avg Size  Min Size  Max Size  Total Size  Total Time  Name
      32  138.00KB  64.000KB  512.00KB  4.312500MB    0.181856ms  Host To Device
      15  128.00KB  64.000KB  384.00KB  1.875000MB    0.069440ms  Device To Host
      14         -         -         -           -    1.592576ms  Gpu page fault groups
       1  64.000KB  64.000KB  64.000KB  64.00000KB           -  Memory thrashes
       1  64.000KB  64.000KB  64.000KB  64.00000KB           -  Remote mapping from device
       1  64.000KB  64.000KB  64.000KB  64.00000KB           -  Remote mapping to device
Total CPU Page faults: 20
Total CPU thrashes: 1
Total remote mappings from CPU: 1
Total remote mappings to CPU: 1
