==125530== NVPROF is profiling process 125530, command: ./bfs_044 ../../../data/bfs/graph65536.txt
==125530== Profiling application: ./bfs_044 ../../../data/bfs/graph65536.txt
==125530== Profiling result:
            Type  Time(%)      Time     Calls       Avg       Min       Max  Name
                        %        ms                  ms        ms        ms
 GPU activities:    81.10  1.691190        10  0.169119  2.14e-03  0.637660  Kernel(Node*, int*, bool*, bool*, bool*, int*, int)
                    18.90  0.394237        10  0.039423  7.14e-03  0.126303  Kernel2(bool*, bool*, bool*, bool*, int)
      API calls:    95.39  254.4276         7  36.34680  6.58e-03  254.3335  cudaMallocManaged
                     1.93  5.146865       384  0.013403  2.34e-04  0.542818  cuDeviceGetAttribute
                     1.50  3.989326         4  0.997331  0.993456  1.000952  cuDeviceTotalMem
                     0.77  2.058786        10  0.205878  0.013583  0.729291  cudaDeviceSynchronize
                     0.16  0.424869         4  0.106217  0.102996  0.108122  cuDeviceGetName
                     0.14  0.379065         6  0.063177  0.028108  0.220044  cudaFree
                     0.09  0.248296        20  0.012414  9.28e-03  0.035455  cudaLaunchKernel
                     0.01  0.036034         7  5.15e-03  1.09e-03  0.025812  cudaMemAdvise
                     0.00  0.011729         4  2.93e-03  1.20e-03  6.68e-03  cuDeviceGetPCIBusId
                     0.00  3.24e-03         8  4.04e-04  3.01e-04  6.33e-04  cuDeviceGet
                     0.00  1.39e-03         3  4.63e-04  3.96e-04  5.67e-04  cuDeviceGetCount

==125530== Unified Memory profiling result:
Device "Tesla V100-SXM2-16GB (0)"
   Count  Avg Size  Min Size  Max Size  Total Size  Total Time  Name
      31  140.39KB  64.000KB  512.00KB  4.250000MB    0.178400ms  Host To Device
      15  128.00KB  64.000KB  384.00KB  1.875000MB    0.069312ms  Device To Host
      15         -         -         -           -    1.628288ms  Gpu page fault groups
       1  64.000KB  64.000KB  64.000KB  64.00000KB           -  Memory thrashes
       1  64.000KB  64.000KB  64.000KB  64.00000KB           -  Remote mapping from device
       1  64.000KB  64.000KB  64.000KB  64.00000KB           -  Remote mapping to device
Total CPU Page faults: 20
Total CPU thrashes: 1
Total remote mappings from CPU: 1
Total remote mappings to CPU: 1
