==127953== NVPROF is profiling process 127953, command: ./bfs_111 ../../../data/bfs/graph1MW_6.txt
==127953== Profiling application: ./bfs_111 ../../../data/bfs/graph1MW_6.txt
==127953== Profiling result:
            Type  Time(%)      Time     Calls       Avg       Min       Max  Name
                        %        ms                  ms        ms        ms
 GPU activities:    97.33  11.39982        12  0.949984  6.34e-03  3.792995  Kernel(Node*, int*, bool*, bool*, bool*, int*, int)
                     2.67  0.312125        12  0.026010  4.80e-03  0.055712  Kernel2(bool*, bool*, bool*, bool*, int)
      API calls:    91.36  250.3956         7  35.77079  0.011242  249.9916  cudaMallocManaged
                     4.28  11.72135        12  0.976778  0.011075  3.800240  cudaDeviceSynchronize
                     1.87  5.129999       384  0.013359  2.37e-04  0.535965  cuDeviceGetAttribute
                     1.45  3.984974         4  0.996243  0.989368  1.006190  cuDeviceTotalMem
                     0.51  1.385876         6  0.230979  0.029401  0.606442  cudaFree
                     0.25  0.692833         7  0.098976  1.20e-03  0.683763  cudaMemAdvise
                     0.16  0.424974         4  0.106243  0.103113  0.108504  cuDeviceGetName
                     0.11  0.313958        24  0.013081  9.40e-03  0.047596  cudaLaunchKernel
                     0.00  0.012159         4  3.04e-03  1.14e-03  6.99e-03  cuDeviceGetPCIBusId
                     0.00  3.31e-03         8  4.13e-04  3.06e-04  7.50e-04  cuDeviceGet
                     0.00  1.34e-03         3  4.48e-04  3.98e-04  5.19e-04  cuDeviceGetCount

==127953== Unified Memory profiling result:
Device "Tesla V100-SXM2-16GB (0)"
   Count  Avg Size  Min Size  Max Size  Total Size  Total Time  Name
     403  96.237KB  64.000KB  704.00KB  37.87500MB    1.790816ms  Host To Device
      26  167.38KB  64.000KB  960.00KB  4.250000MB    0.131488ms  Device To Host
      36         -         -         -           -   11.680512ms  Gpu page fault groups
       1  64.000KB  64.000KB  64.000KB  64.00000KB           -  Memory thrashes
       1  64.000KB  64.000KB  64.000KB  64.00000KB           -  Remote mapping to device
Total CPU Page faults: 140
Total CPU thrashes: 1
Total remote mappings from CPU: 1
