==130547== NVPROF is profiling process 130547, command: ./bfs_150 ../../../data/bfs/graph4096.txt
==130547== Profiling application: ./bfs_150 ../../../data/bfs/graph4096.txt
==130547== Profiling result:
            Type  Time(%)      Time     Calls       Avg       Min       Max  Name
                        %        ms                  ms        ms        ms
 GPU activities:    98.25  0.632061         8  0.079007  2.05e-03  0.232894  Kernel(Node*, int*, bool*, bool*, bool*, int*, int)
                     1.75  0.011264         8  1.41e-03  1.22e-03  1.63e-03  Kernel2(bool*, bool*, bool*, bool*, int)
      API calls:    95.89  247.8038         7  35.40055  6.85e-03  247.7524  cudaMallocManaged
                     2.01  5.183230       384  0.013497  2.36e-04  0.562958  cuDeviceGetAttribute
                     1.54  3.991014         4  0.997753  0.989906  1.002429  cuDeviceTotalMem
                     0.25  0.634343         8  0.079292  7.47e-03  0.228211  cudaDeviceSynchronize
                     0.16  0.424430         4  0.106107  0.102787  0.108552  cuDeviceGetName
                     0.08  0.199228        16  0.012451  9.03e-03  0.033540  cudaLaunchKernel
                     0.07  0.173462         6  0.028910  0.025926  0.037934  cudaFree
                     0.00  0.011860         4  2.97e-03  1.14e-03  6.94e-03  cuDeviceGetPCIBusId
                     0.00  9.20e-03         6  1.53e-03  1.09e-03  3.03e-03  cudaMemAdvise
                     0.00  3.11e-03         8  3.88e-04  3.07e-04  6.00e-04  cuDeviceGet
                     0.00  1.37e-03         3  4.56e-04  3.92e-04  5.62e-04  cuDeviceGetCount

==130547== Unified Memory profiling result:
Device "Tesla V100-SXM2-16GB (0)"
   Count  Avg Size  Min Size  Max Size  Total Size  Total Time  Name
       7  73.143KB  64.000KB  128.00KB  512.0000KB    0.032960ms  Host To Device
       4  64.000KB  64.000KB  64.000KB  256.0000KB    0.012544ms  Device To Host
       6         -         -         -           -    0.589376ms  Gpu page fault groups
       1  64.000KB  64.000KB  64.000KB  64.00000KB           -  Memory thrashes
       1  64.000KB  64.000KB  64.000KB  64.00000KB           -  Remote mapping to device
Total CPU Page faults: 6
Total CPU thrashes: 1
Total remote mappings from CPU: 1
