==127385== NVPROF is profiling process 127385, command: ./bfs_102 ../../../data/bfs/graph1MW_6.txt
==127385== Profiling application: ./bfs_102 ../../../data/bfs/graph1MW_6.txt
==127385== Profiling result:
            Type  Time(%)      Time     Calls       Avg       Min       Max  Name
                        %        ms                  ms        ms        ms
 GPU activities:    97.55  12.32787        12  1.027322  6.21e-03  3.822499  Kernel(Node*, int*, bool*, bool*, bool*, int*, int)
                     2.45  0.309758        12  0.025813  4.83e-03  0.054240  Kernel2(bool*, bool*, bool*, bool*, int)
      API calls:    91.24  247.7303         7  35.39004  0.011676  247.3667  cudaMallocManaged
                     4.64  12.60657        12  1.050547  0.010995  3.828871  cudaDeviceSynchronize
                     1.89  5.132786       384  0.013366  2.36e-04  0.536981  cuDeviceGetAttribute
                     1.47  3.989476         4  0.997369  0.990325  1.001333  cuDeviceTotalMem
                     0.48  1.307301         6  0.217883  0.029898  0.590382  cudaFree
                     0.16  0.424638         4  0.106159  0.103134  0.108265  cuDeviceGetName
                     0.11  0.308442        24  0.012851  9.32e-03  0.047449  cudaLaunchKernel
                     0.00  0.012045         4  3.01e-03  1.18e-03  7.35e-03  cuDeviceGetPCIBusId
                     0.00  0.011188         6  1.86e-03  1.25e-03  3.94e-03  cudaMemAdvise
                     0.00  3.22e-03         8  4.02e-04  3.06e-04  6.19e-04  cuDeviceGet
                     0.00  1.31e-03         3  4.36e-04  3.20e-04  5.82e-04  cuDeviceGetCount

==127385== Unified Memory profiling result:
Device "Tesla V100-SXM2-16GB (0)"
   Count  Avg Size  Min Size  Max Size  Total Size  Total Time  Name
     420  92.343KB  64.000KB  704.00KB  37.87500MB    1.820768ms  Host To Device
      26  167.38KB  64.000KB  960.00KB  4.250000MB    0.132320ms  Device To Host
      36         -         -         -           -   11.778432ms  Gpu page fault groups
       1  64.000KB  64.000KB  64.000KB  64.00000KB           -  Memory thrashes
       1  64.000KB  64.000KB  64.000KB  64.00000KB           -  Remote mapping to device
Total CPU Page faults: 140
Total CPU thrashes: 1
Total remote mappings from CPU: 1
