==124179== NVPROF is profiling process 124179, command: ./bfs_024 ../../../data/bfs/graph4096.txt
==124179== Profiling application: ./bfs_024 ../../../data/bfs/graph4096.txt
==124179== Profiling result:
            Type  Time(%)      Time     Calls       Avg       Min       Max  Name
                        %        ms                  ms        ms        ms
 GPU activities:    50.04  0.149855         8  0.018731  6.50e-03  0.049855  Kernel(Node*, int*, bool*, bool*, bool*, int*, int)
                    49.96  0.149632         8  0.018704  4.48e-03  0.031584  Kernel2(bool*, bool*, bool*, bool*, int)
      API calls:    95.97  245.4445         7  35.06351  6.98e-03  245.3925  cudaMallocManaged
                     2.02  5.159042       384  0.013435  2.34e-04  0.549025  cuDeviceGetAttribute
                     1.56  3.991672         4  0.997918  0.993366  1.003831  cuDeviceTotalMem
                     0.18  0.449939         4  0.112484  0.105207  0.130409  cuDeviceGetName
                     0.11  0.270100         8  0.033762  0.010832  0.077833  cudaDeviceSynchronize
                     0.07  0.190247        16  0.011890  9.35e-03  0.033429  cudaLaunchKernel
                     0.07  0.184714         6  0.030785  0.027456  0.044693  cudaFree
                     0.02  0.039445         7  5.64e-03  1.07e-03  0.027639  cudaMemAdvise
                     0.00  0.011967         4  2.99e-03  1.11e-03  6.69e-03  cuDeviceGetPCIBusId
                     0.00  3.25e-03         8  4.06e-04  3.02e-04  5.96e-04  cuDeviceGet
                     0.00  1.36e-03         3  4.53e-04  3.99e-04  5.28e-04  cuDeviceGetCount

==124179== Unified Memory profiling result:
Total CPU Page faults: 3
