==123996== NVPROF is profiling process 123996, command: ./bfs_022 ../../../data/bfs/graph65536.txt
==123996== Profiling application: ./bfs_022 ../../../data/bfs/graph65536.txt
==123996== Profiling result:
            Type  Time(%)      Time     Calls       Avg       Min       Max  Name
                        %        ms                  ms        ms        ms
 GPU activities:    77.39  1.488214        10  0.148821  2.18e-03  0.739515  Kernel(Node*, int*, bool*, bool*, bool*, int*, int)
                    22.61  0.434815        10  0.043481  1.44e-03  0.131711  Kernel2(bool*, bool*, bool*, bool*, int)
      API calls:    95.31  247.4843         7  35.35490  6.47e-03  247.3792  cudaMallocManaged
                     2.01  5.226765       384  0.013611  2.34e-04  0.638974  cuDeviceGetAttribute
                     1.55  4.013499         4  1.003374  0.995431  1.023715  cuDeviceTotalMem
                     0.73  1.908212        10  0.190821  7.98e-03  0.864811  cudaDeviceSynchronize
                     0.16  0.426901         4  0.106725  0.103330  0.109396  cuDeviceGetName
                     0.12  0.306368         6  0.051061  0.027236  0.148914  cudaFree
                     0.09  0.245994        20  0.012299  9.36e-03  0.034820  cudaLaunchKernel
                     0.01  0.031179         7  4.45e-03  1.09e-03  0.021675  cudaMemAdvise
                     0.00  0.011260         4  2.81e-03  1.14e-03  6.53e-03  cuDeviceGetPCIBusId
                     0.00  3.14e-03         8  3.92e-04  3.00e-04  5.74e-04  cuDeviceGet
                     0.00  1.47e-03         3  4.89e-04  3.97e-04  6.35e-04  cuDeviceGetCount

==123996== Unified Memory profiling result:
Device "Tesla V100-SXM2-16GB (0)"
   Count  Avg Size  Min Size  Max Size  Total Size  Total Time  Name
      32  102.00KB  64.000KB  320.00KB  3.187500MB    0.158880ms  Host To Device
       7  64.000KB  64.000KB  64.000KB  448.0000KB    0.021888ms  Device To Host
      15         -         -         -           -    1.811776ms  Gpu page fault groups
       1  64.000KB  64.000KB  64.000KB  64.00000KB           -  Memory thrashes
       1  64.000KB  64.000KB  64.000KB  64.00000KB           -  Remote mapping to device
Total CPU Page faults: 20
Total CPU thrashes: 1
Total remote mappings from CPU: 1
