==126053== NVPROF is profiling process 126053, command: ./bfs_053 ../../../data/bfs/graph4096.txt
==126053== Profiling application: ./bfs_053 ../../../data/bfs/graph4096.txt
==126053== Profiling result:
            Type  Time(%)      Time     Calls       Avg       Min       Max  Name
                        %        ms                  ms        ms        ms
 GPU activities:    96.35  0.382911         8  0.047863  2.05e-03  0.149247  Kernel(Node*, int*, bool*, bool*, bool*, int*, int)
                     3.65  0.014496         8  1.81e-03  1.25e-03  4.86e-03  Kernel2(bool*, bool*, bool*, bool*, int)
      API calls:    95.98  248.5464         7  35.50662  6.82e-03  248.4952  cudaMallocManaged
                     1.98  5.123860       384  0.013343  2.36e-04  0.535500  cuDeviceGetAttribute
                     1.54  3.998631         4  0.999657  0.989566  1.012961  cuDeviceTotalMem
                     0.16  0.424145         4  0.106036  0.102877  0.108056  cuDeviceGetName
                     0.15  0.393173         8  0.049146  7.41e-03  0.147215  cudaDeviceSynchronize
                     0.08  0.199201        16  0.012450  9.25e-03  0.033165  cudaLaunchKernel
                     0.07  0.175278         6  0.029213  0.026591  0.038479  cudaFree
                     0.03  0.069108         7  9.87e-03  1.10e-03  0.060591  cudaMemAdvise
                     0.00  0.011753         4  2.94e-03  1.15e-03  6.75e-03  cuDeviceGetPCIBusId
                     0.00  3.39e-03         8  4.23e-04  3.15e-04  6.36e-04  cuDeviceGet
                     0.00  1.28e-03         3  4.26e-04  3.34e-04  5.49e-04  cuDeviceGetCount

==126053== Unified Memory profiling result:
Device "Tesla V100-SXM2-16GB (0)"
   Count  Avg Size  Min Size  Max Size  Total Size  Total Time  Name
       4  96.000KB  64.000KB  128.00KB  384.0000KB    0.019872ms  Host To Device
       3  64.000KB  64.000KB  64.000KB  192.0000KB  9.4400e-03ms  Device To Host
       3         -         -         -           -    0.334048ms  Gpu page fault groups
       1  64.000KB  64.000KB  64.000KB  64.00000KB           -  Memory thrashes
       1  64.000KB  64.000KB  64.000KB  64.00000KB           -  Remote mapping from device
       1  64.000KB  64.000KB  64.000KB  64.00000KB           -  Remote mapping to device
Total CPU Page faults: 6
Total CPU thrashes: 1
Total remote mappings from CPU: 1
Total remote mappings to CPU: 1
