==125561== NVPROF is profiling process 125561, command: ./bfs_045 ../../../data/bfs/graph1MW_6.txt
==125561== Profiling application: ./bfs_045 ../../../data/bfs/graph1MW_6.txt
==125561== Profiling result:
            Type  Time(%)      Time     Calls       Avg       Min       Max  Name
                        %        ms                  ms        ms        ms
 GPU activities:    94.02  12.55296        12  1.046079  6.18e-03  3.715779  Kernel(Node*, int*, bool*, bool*, bool*, int*, int)
                     5.98  0.798490        12  0.066540  4.80e-03  0.542747  Kernel2(bool*, bool*, bool*, bool*, int)
      API calls:    90.99  248.7974         7  35.54249  0.011124  248.3973  cudaMallocManaged
                     4.87  13.32258        12  1.110215  0.012033  3.722614  cudaDeviceSynchronize
                     1.89  5.168528       384  0.013459  2.34e-04  0.546450  cuDeviceGetAttribute
                     1.46  3.990547         4  0.997636  0.993584  1.001025  cuDeviceTotalMem
                     0.50  1.372568         6  0.228761  0.030528  0.610807  cudaFree
                     0.16  0.426921         4  0.106730  0.103098  0.110105  cuDeviceGetName
                     0.11  0.290210        24  0.012092  8.98e-03  0.047645  cudaLaunchKernel
                     0.02  0.043149         7  6.16e-03  1.21e-03  0.033639  cudaMemAdvise
                     0.00  0.011210         4  2.80e-03  1.12e-03  6.33e-03  cuDeviceGetPCIBusId
                     0.00  3.14e-03         8  3.93e-04  2.95e-04  6.46e-04  cuDeviceGet
                     0.00  1.33e-03         3  4.42e-04  3.73e-04  5.45e-04  cuDeviceGetCount

==125561== Unified Memory profiling result:
Device "Tesla V100-SXM2-16GB (0)"
   Count  Avg Size  Min Size  Max Size  Total Size  Total Time  Name
     413  92.823KB  64.000KB  512.00KB  37.43750MB    1.782080ms  Host To Device
      20  198.40KB  64.000KB  960.00KB  3.875000MB    0.111328ms  Device To Host
      36         -         -         -           -   12.396608ms  Gpu page fault groups
       9  113.78KB  64.000KB  320.00KB  1.000000MB           -  Remote mapping to device
Total CPU Page faults: 134
Total remote mappings from CPU: 9
