==130123== NVPROF is profiling process 130123, command: ./bfs_142 ../../../data/bfs/graph65536.txt
==130123== Profiling application: ./bfs_142 ../../../data/bfs/graph65536.txt
==130123== Profiling result:
            Type  Time(%)      Time     Calls       Avg       Min       Max  Name
                        %        ms                  ms        ms        ms
 GPU activities:    81.24  1.439416        10  0.143941  2.11e-03  0.675964  Kernel(Node*, int*, bool*, bool*, bool*, int*, int)
                    18.76  0.332286        10  0.033228  1.41e-03  0.106528  Kernel2(bool*, bool*, bool*, bool*, int)
      API calls:    95.65  263.7199         7  37.67427  6.58e-03  263.6238  cudaMallocManaged
                     1.87  5.168229       384  0.013458  2.36e-04  0.540131  cuDeviceGetAttribute
                     1.44  3.982414         4  0.995603  0.988317  1.003649  cuDeviceTotalMem
                     0.64  1.755784        10  0.175578  7.60e-03  0.768567  cudaDeviceSynchronize
                     0.15  0.423866         4  0.105966  0.102949  0.108025  cuDeviceGetName
                     0.13  0.353457         6  0.058909  0.027747  0.197047  cudaFree
                     0.09  0.245355        20  0.012267  9.26e-03  0.035385  cudaLaunchKernel
                     0.01  0.036036         7  5.15e-03  1.09e-03  0.025509  cudaMemAdvise
                     0.00  0.011897         4  2.97e-03  1.21e-03  7.19e-03  cuDeviceGetPCIBusId
                     0.00  3.28e-03         8  4.10e-04  3.09e-04  6.74e-04  cuDeviceGet
                     0.00  1.32e-03         3  4.40e-04  3.78e-04  5.65e-04  cuDeviceGetCount

==130123== Unified Memory profiling result:
Device "Tesla V100-SXM2-16GB (0)"
   Count  Avg Size  Min Size  Max Size  Total Size  Total Time  Name
      32  138.00KB  64.000KB  512.00KB  4.312500MB    0.179680ms  Host To Device
      15  128.00KB  64.000KB  384.00KB  1.875000MB    0.069248ms  Device To Host
      15         -         -         -           -    1.659840ms  Gpu page fault groups
       1  64.000KB  64.000KB  64.000KB  64.00000KB           -  Memory thrashes
       1  64.000KB  64.000KB  64.000KB  64.00000KB           -  Remote mapping to device
Total CPU Page faults: 20
Total CPU thrashes: 1
Total remote mappings from CPU: 1
