==122014== NVPROF is profiling process 122014, command: ./bfs_000 ../../../data/bfs/graph1MW_6.txt
==122014== Profiling application: ./bfs_000 ../../../data/bfs/graph1MW_6.txt
==122014== Profiling result:
            Type  Time(%)      Time     Calls       Avg       Min       Max  Name
                        %        ms                  ms        ms        ms
 GPU activities:    97.55  12.51027        12  1.042522  6.11e-03  3.699907  Kernel(Node*, int*, bool*, bool*, bool*, int*, int)
                     2.45  0.314557        12  0.026213  4.80e-03  0.059327  Kernel2(bool*, bool*, bool*, bool*, int)
      API calls:    92.51  297.4135         7  42.48764  0.011747  296.9849  cudaMallocManaged
                     3.91  12.57860        12  1.048216  0.011111  3.676550  cudaDeviceSynchronize
                     1.60  5.136034       384  0.013375  2.34e-04  0.535150  cuDeviceGetAttribute
                     1.24  3.981511         4  0.995377  0.988247  1.002300  cuDeviceTotalMem
                     0.43  1.393226         6  0.232204  0.029538  0.649023  cudaFree
                     0.17  0.540408        24  0.022517  9.85e-03  0.055225  cudaLaunchKernel
                     0.14  0.437275         4  0.109318  0.103058  0.114337  cuDeviceGetName
                     0.00  0.012000         4  3.00e-03  1.08e-03  7.28e-03  cuDeviceGetPCIBusId
                     0.00  0.010638         6  1.77e-03  1.18e-03  3.84e-03  cudaMemAdvise
                     0.00  3.06e-03         8  3.83e-04  3.03e-04  5.72e-04  cuDeviceGet
                     0.00  1.32e-03         3  4.40e-04  3.91e-04  5.31e-04  cuDeviceGetCount

==122014== Unified Memory profiling result:
Device "Tesla V100-SXM2-16GB (0)"
   Count  Avg Size  Min Size  Max Size  Total Size  Total Time  Name
     399  97.202KB  64.000KB  704.00KB  37.87500MB    1.752224ms  Host To Device
      26  167.38KB  64.000KB  960.00KB  4.250000MB    0.129888ms  Device To Host
      36         -         -         -           -   13.114720ms  Gpu page fault groups
       1  64.000KB  64.000KB  64.000KB  64.00000KB           -  Memory thrashes
       1  64.000KB  64.000KB  64.000KB  64.00000KB           -  Remote mapping to device
Total CPU Page faults: 140
Total CPU thrashes: 1
Total remote mappings from CPU: 1
