==123336== NVPROF is profiling process 123336, command: ./bfs_012 ../../../data/bfs/graph65536.txt
==123336== Profiling application: ./bfs_012 ../../../data/bfs/graph65536.txt
==123336== Profiling result:
            Type  Time(%)      Time     Calls       Avg       Min       Max  Name
                        %        ms                  ms        ms        ms
 GPU activities:    81.60  1.537656        10  0.153765  2.14e-03  0.728860  Kernel(Node*, int*, bool*, bool*, bool*, int*, int)
                    18.40  0.346717        10  0.034671  1.41e-03  0.111487  Kernel2(bool*, bool*, bool*, bool*, int)
      API calls:    95.34  247.7135         7  35.38765  6.68e-03  247.6079  cudaMallocManaged
                     1.98  5.135571       384  0.013373  2.34e-04  0.538455  cuDeviceGetAttribute
                     1.55  4.026727         4  1.006681  0.991448  1.038728  cuDeviceTotalMem
                     0.72  1.867361        10  0.186736  7.68e-03  0.825459  cudaDeviceSynchronize
                     0.17  0.429939         4  0.107484  0.105791  0.108400  cuDeviceGetName
                     0.14  0.356675         6  0.059445  0.027018  0.199551  cudaFree
                     0.09  0.245601        20  0.012280  9.48e-03  0.035380  cudaLaunchKernel
                     0.01  0.031319         7  4.47e-03  1.14e-03  0.021227  cudaMemAdvise
                     0.00  0.012025         4  3.01e-03  1.14e-03  7.31e-03  cuDeviceGetPCIBusId
                     0.00  3.14e-03         8  3.92e-04  3.08e-04  5.92e-04  cuDeviceGet
                     0.00  1.38e-03         3  4.60e-04  4.14e-04  5.40e-04  cuDeviceGetCount

==123336== Unified Memory profiling result:
Device "Tesla V100-SXM2-16GB (0)"
   Count  Avg Size  Min Size  Max Size  Total Size  Total Time  Name
      33  135.76KB  64.000KB  512.00KB  4.375000MB    0.183744ms  Host To Device
      15  128.00KB  64.000KB  384.00KB  1.875000MB    0.069312ms  Device To Host
      15         -         -         -           -    1.771808ms  Gpu page fault groups
       1  64.000KB  64.000KB  64.000KB  64.00000KB           -  Memory thrashes
       1  64.000KB  64.000KB  64.000KB  64.00000KB           -  Remote mapping to device
Total CPU Page faults: 20
Total CPU thrashes: 1
Total remote mappings from CPU: 1
