==125948== NVPROF is profiling process 125948, command: ./bfs_052 ../../../data/bfs/graph4096.txt
==125948== Profiling application: ./bfs_052 ../../../data/bfs/graph4096.txt
==125948== Profiling result:
            Type  Time(%)      Time     Calls       Avg       Min       Max  Name
                        %        ms                  ms        ms        ms
 GPU activities:    50.18  0.150400         8  0.018800  6.56e-03  0.049440  Kernel(Node*, int*, bool*, bool*, bool*, int*, int)
                    49.82  0.149343         8  0.018667  4.51e-03  0.031552  Kernel2(bool*, bool*, bool*, bool*, int)
      API calls:    95.99  247.1682         7  35.30975  6.96e-03  247.1172  cudaMallocManaged
                     2.02  5.211452       384  0.013571  2.34e-04  0.624067  cuDeviceGetAttribute
                     1.55  3.992242         4  0.998060  0.989179  1.012844  cuDeviceTotalMem
                     0.17  0.426077         4  0.106519  0.103334  0.108478  cuDeviceGetName
                     0.10  0.268887         8  0.033610  0.011003  0.076880  cudaDeviceSynchronize
                     0.07  0.192647        16  0.012040  9.38e-03  0.033890  cudaLaunchKernel
                     0.07  0.176779         6  0.029463  0.026466  0.038711  cudaFree
                     0.01  0.036921         7  5.27e-03  1.11e-03  0.027303  cudaMemAdvise
                     0.00  0.010909         4  2.73e-03  1.17e-03  5.89e-03  cuDeviceGetPCIBusId
                     0.00  3.25e-03         8  4.06e-04  3.05e-04  6.08e-04  cuDeviceGet
                     0.00  1.43e-03         3  4.77e-04  3.98e-04  5.96e-04  cuDeviceGetCount

==125948== Unified Memory profiling result:
Total CPU Page faults: 3
