==130947== NVPROF is profiling process 130947, command: ./bfs_154 ../../../data/bfs/graph1MW_6.txt
==130947== Profiling application: ./bfs_154 ../../../data/bfs/graph1MW_6.txt
==130947== Profiling result:
            Type  Time(%)      Time     Calls       Avg       Min       Max  Name
                        %        ms                  ms        ms        ms
 GPU activities:    97.53  16.94733        12  1.412277  8.10e-03  3.666212  Kernel(Node*, int*, bool*, bool*, bool*, int*, int)
                     2.47  0.428317        12  0.035693  4.80e-03  0.072799  Kernel2(bool*, bool*, bool*, bool*, int)
      API calls:    89.72  250.3870         7  35.76957  0.011235  249.9789  cudaMallocManaged
                     6.21  17.34275        12  1.445229  0.011218  3.675866  cudaDeviceSynchronize
                     1.84  5.134382       384  0.013370  2.34e-04  0.540783  cuDeviceGetAttribute
                     1.43  3.988195         4  0.997048  0.989779  1.001918  cuDeviceTotalMem
                     0.52  1.441229         6  0.240204  0.029214  0.617177  cudaFree
                     0.15  0.424098         4  0.106024  0.103015  0.107881  cuDeviceGetName
                     0.11  0.309397        24  0.012891  9.20e-03  0.049447  cudaLaunchKernel
                     0.01  0.034087         7  4.87e-03  1.27e-03  0.023454  cudaMemAdvise
                     0.00  0.011176         4  2.79e-03  1.19e-03  6.17e-03  cuDeviceGetPCIBusId
                     0.00  3.36e-03         8  4.20e-04  3.07e-04  6.56e-04  cuDeviceGet
                     0.00  1.41e-03         3  4.71e-04  3.97e-04  5.82e-04  cuDeviceGetCount

==130947== Unified Memory profiling result:
Device "Tesla V100-SXM2-16GB (0)"
   Count  Avg Size  Min Size  Max Size  Total Size  Total Time  Name
     379  99.461KB  64.000KB  704.00KB  36.81250MB    1.672672ms  Host To Device
      25  171.52KB  64.000KB  960.00KB  4.187500MB    0.130400ms  Device To Host
      35         -         -         -           -   11.401216ms  Gpu page fault groups
       1  64.000KB  64.000KB  64.000KB  64.00000KB           -  Memory thrashes
      16  64.000KB  64.000KB  64.000KB  1.000000MB           -  Remote mapping from device
       1  64.000KB  64.000KB  64.000KB  64.00000KB           -  Remote mapping to device
Total CPU Page faults: 140
Total CPU thrashes: 1
Total remote mappings from CPU: 1
Total remote mappings to CPU: 16
