==124209== NVPROF is profiling process 124209, command: ./bfs_024 ../../../data/bfs/graph65536.txt
==124209== Profiling application: ./bfs_024 ../../../data/bfs/graph65536.txt
==124209== Profiling result:
            Type  Time(%)      Time     Calls       Avg       Min       Max  Name
                        %        ms                  ms        ms        ms
 GPU activities:    73.99  1.279865        10  0.127986  5.09e-03  0.702428  Kernel(Node*, int*, bool*, bool*, bool*, int*, int)
                    26.01  0.449949        10  0.044994  1.44e-03  0.183231  Kernel2(bool*, bool*, bool*, bool*, int)
      API calls:    95.43  248.3043         7  35.47204  6.39e-03  248.1992  cudaMallocManaged
                     1.99  5.182519       384  0.013496  2.34e-04  0.544932  cuDeviceGetAttribute
                     1.53  3.991806         4  0.997951  0.992724  1.003815  cuDeviceTotalMem
                     0.65  1.698591        10  0.169859  7.50e-03  0.806437  cudaDeviceSynchronize
                     0.16  0.428512         4  0.107128  0.105327  0.108688  cuDeviceGetName
                     0.12  0.309805         6  0.051634  0.027081  0.149477  cudaFree
                     0.09  0.244938        20  0.012246  9.24e-03  0.035559  cudaLaunchKernel
                     0.01  0.031725         7  4.53e-03  1.19e-03  0.021874  cudaMemAdvise
                     0.00  0.010954         4  2.74e-03  1.19e-03  6.08e-03  cuDeviceGetPCIBusId
                     0.00  3.12e-03         8  3.89e-04  2.83e-04  6.29e-04  cuDeviceGet
                     0.00  1.35e-03         3  4.49e-04  3.75e-04  5.88e-04  cuDeviceGetCount

==124209== Unified Memory profiling result:
Device "Tesla V100-SXM2-16GB (0)"
   Count  Avg Size  Min Size  Max Size  Total Size  Total Time  Name
      20  86.399KB  64.000KB  256.00KB  1.687500MB    0.088320ms  Host To Device
       7  64.000KB  64.000KB  64.000KB  448.0000KB    0.021824ms  Device To Host
      16         -         -         -           -    1.480576ms  Gpu page fault groups
       1  64.000KB  64.000KB  64.000KB  64.00000KB           -  Memory thrashes
      12  128.00KB  64.000KB  320.00KB  1.500000MB           -  Remote mapping from device
       1  64.000KB  64.000KB  64.000KB  64.00000KB           -  Remote mapping to device
Total CPU Page faults: 19
Total CPU thrashes: 1
Total remote mappings from CPU: 1
Total remote mappings to CPU: 12
