==126006== NVPROF is profiling process 126006, command: ./bfs_053 ../../../data/bfs/graph1MW_6.txt
==126006== Profiling application: ./bfs_053 ../../../data/bfs/graph1MW_6.txt
==126006== Profiling result:
            Type  Time(%)      Time     Calls       Avg       Min       Max  Name
                        %        ms                  ms        ms        ms
 GPU activities:    97.49  12.50643        12  1.042202  6.27e-03  3.873058  Kernel(Node*, int*, bool*, bool*, bool*, int*, int)
                     2.51  0.322526        12  0.026877  4.80e-03  0.056160  Kernel2(bool*, bool*, bool*, bool*, int)
      API calls:    91.06  246.5095         7  35.21564  0.011485  246.1491  cudaMallocManaged
                     4.73  12.79201        12  1.066000  0.011206  3.882725  cudaDeviceSynchronize
                     1.91  5.167075       384  0.013455  2.38e-04  0.541354  cuDeviceGetAttribute
                     1.50  4.066525         4  1.016631  0.990785  1.050102  cuDeviceTotalMem
                     0.50  1.357312         6  0.226218  0.029274  0.590691  cudaFree
                     0.16  0.424973         4  0.106243  0.103371  0.108283  cuDeviceGetName
                     0.12  0.314473        24  0.013103  9.60e-03  0.048324  cudaLaunchKernel
                     0.03  0.073959         7  0.010565  1.10e-03  0.064729  cudaMemAdvise
                     0.00  0.011014         4  2.75e-03  1.12e-03  5.84e-03  cuDeviceGetPCIBusId
                     0.00  3.15e-03         8  3.93e-04  3.04e-04  6.88e-04  cuDeviceGet
                     0.00  1.39e-03         3  4.63e-04  4.01e-04  5.86e-04  cuDeviceGetCount

==126006== Unified Memory profiling result:
Device "Tesla V100-SXM2-16GB (0)"
   Count  Avg Size  Min Size  Max Size  Total Size  Total Time  Name
     417  93.007KB  64.000KB  704.00KB  37.87500MB    1.800352ms  Host To Device
      26  167.38KB  64.000KB  960.00KB  4.250000MB    0.133088ms  Device To Host
      34         -         -         -           -   13.080416ms  Gpu page fault groups
       1  64.000KB  64.000KB  64.000KB  64.00000KB           -  Memory thrashes
       1  1.0000MB  1.0000MB  1.0000MB  1.000000MB           -  Remote mapping from device
       1  64.000KB  64.000KB  64.000KB  64.00000KB           -  Remote mapping to device
Total CPU Page faults: 141
Total CPU thrashes: 1
Total remote mappings from CPU: 1
Total remote mappings to CPU: 1
