==129277== NVPROF is profiling process 129277, command: ./bfs_131 ../../../data/bfs/graph1MW_6.txt
==129277== Profiling application: ./bfs_131 ../../../data/bfs/graph1MW_6.txt
==129277== Profiling result:
            Type  Time(%)      Time     Calls       Avg       Min       Max  Name
                        %        ms                  ms        ms        ms
 GPU activities:    64.02  22.57141        12  1.880950  0.064576  4.207008  Kernel(Node*, int*, bool*, bool*, bool*, int*, int)
                    35.98  12.68592        12  1.057159  0.090335  2.403565  Kernel2(bool*, bool*, bool*, bool*, int)
      API calls:    84.21  248.4402         7  35.49145  0.011228  248.0419  cudaMallocManaged
                    11.94  35.22625        12  2.935520  0.181542  4.965471  cudaDeviceSynchronize
                     1.74  5.133039       384  0.013367  2.34e-04  0.537541  cuDeviceGetAttribute
                     1.36  4.002905         4  1.000726  0.993874  1.012545  cuDeviceTotalMem
                     0.45  1.336167         6  0.222694  0.030220  0.598894  cudaFree
                     0.14  0.424260         4  0.106065  0.102680  0.108144  cuDeviceGetName
                     0.11  0.321463        24  0.013394  9.76e-03  0.048865  cudaLaunchKernel
                     0.05  0.140619         7  0.020088  1.17e-03  0.130528  cudaMemAdvise
                     0.00  0.011859         4  2.96e-03  1.18e-03  6.62e-03  cuDeviceGetPCIBusId
                     0.00  3.22e-03         8  4.03e-04  3.12e-04  5.96e-04  cuDeviceGet
                     0.00  1.46e-03         3  4.88e-04  3.93e-04  5.51e-04  cuDeviceGetCount

==129277== Unified Memory profiling result:
Device "Tesla V100-SXM2-16GB (0)"
   Count  Avg Size  Min Size  Max Size  Total Size  Total Time  Name
     426  91.793KB  64.000KB  448.00KB  38.18750MB    1.805088ms  Host To Device
      32  148.00KB  64.000KB  960.00KB  4.625000MB    0.148064ms  Device To Host
     415         -         -         -           -   34.715168ms  Gpu page fault groups
       1  64.000KB  64.000KB  64.000KB  64.00000KB           -  Memory thrashes
Total CPU Page faults: 146
Total CPU thrashes: 1
