==128553== NVPROF is profiling process 128553, command: ./bfs_120 ../../../data/bfs/graph4096.txt
==128553== Profiling application: ./bfs_120 ../../../data/bfs/graph4096.txt
==128553== Profiling result:
            Type  Time(%)      Time     Calls       Avg       Min       Max  Name
                        %        ms                  ms        ms        ms
 GPU activities:    98.31  0.664700         8  0.083087  2.05e-03  0.237790  Kernel(Node*, int*, bool*, bool*, bool*, int*, int)
                     1.69  0.011456         8  1.43e-03  1.25e-03  1.66e-03  Kernel2(bool*, bool*, bool*, bool*, int)
      API calls:    95.94  251.3533         7  35.90762  7.03e-03  251.3032  cudaMallocManaged
                     1.96  5.145144       384  0.013398  2.36e-04  0.535693  cuDeviceGetAttribute
                     1.53  3.998409         4  0.999602  0.993200  1.008278  cuDeviceTotalMem
                     0.25  0.666971         8  0.083371  7.26e-03  0.232783  cudaDeviceSynchronize
                     0.16  0.426408         4  0.106602  0.102859  0.109138  cuDeviceGetName
                     0.08  0.197600        16  0.012350  9.07e-03  0.032670  cudaLaunchKernel
                     0.07  0.175030         6  0.029171  0.025693  0.038866  cudaFree
                     0.00  0.011926         4  2.98e-03  1.29e-03  6.93e-03  cuDeviceGetPCIBusId
                     0.00  9.65e-03         6  1.61e-03  1.18e-03  2.97e-03  cudaMemAdvise
                     0.00  3.30e-03         8  4.13e-04  2.98e-04  6.19e-04  cuDeviceGet
                     0.00  1.39e-03         3  4.64e-04  4.04e-04  5.82e-04  cuDeviceGetCount

==128553== Unified Memory profiling result:
Device "Tesla V100-SXM2-16GB (0)"
   Count  Avg Size  Min Size  Max Size  Total Size  Total Time  Name
       7  73.143KB  64.000KB  128.00KB  512.0000KB    0.034080ms  Host To Device
       4  64.000KB  64.000KB  64.000KB  256.0000KB    0.012480ms  Device To Host
       6         -         -         -           -    0.621376ms  Gpu page fault groups
       1  64.000KB  64.000KB  64.000KB  64.00000KB           -  Memory thrashes
       1  64.000KB  64.000KB  64.000KB  64.00000KB           -  Remote mapping to device
Total CPU Page faults: 6
Total CPU thrashes: 1
Total remote mappings from CPU: 1
