==125395== NVPROF is profiling process 125395, command: ./bfs_043 ../../../data/bfs/graph4096.txt
==125395== Profiling application: ./bfs_043 ../../../data/bfs/graph4096.txt
==125395== Profiling result:
            Type  Time(%)      Time     Calls       Avg       Min       Max  Name
                        %        ms                  ms        ms        ms
 GPU activities:    96.54  0.400447         8  0.050055  2.05e-03  0.159327  Kernel(Node*, int*, bool*, bool*, bool*, int*, int)
                     3.46  0.014336         8  1.79e-03  1.22e-03  4.83e-03  Kernel2(bool*, bool*, bool*, bool*, int)
      API calls:    96.10  257.5109         7  36.78728  6.58e-03  257.4612  cudaMallocManaged
                     1.91  5.115860       384  0.013322  2.37e-04  0.535343  cuDeviceGetAttribute
                     1.50  4.023303         4  1.005825  0.993578  1.027760  cuDeviceTotalMem
                     0.16  0.423881         4  0.105970  0.102908  0.108060  cuDeviceGetName
                     0.15  0.414211         8  0.051776  7.39e-03  0.158107  cudaDeviceSynchronize
                     0.07  0.200505        16  0.012531  9.38e-03  0.034953  cudaLaunchKernel
                     0.07  0.175799         6  0.029299  0.026564  0.038596  cudaFree
                     0.03  0.067686         7  9.67e-03  1.13e-03  0.059083  cudaMemAdvise
                     0.00  0.011699         4  2.92e-03  1.20e-03  6.69e-03  cuDeviceGetPCIBusId
                     0.00  3.20e-03         8  3.99e-04  3.07e-04  6.60e-04  cuDeviceGet
                     0.00  1.45e-03         3  4.85e-04  3.88e-04  6.41e-04  cuDeviceGetCount

==125395== Unified Memory profiling result:
Device "Tesla V100-SXM2-16GB (0)"
   Count  Avg Size  Min Size  Max Size  Total Size  Total Time  Name
       4  96.000KB  64.000KB  128.00KB  384.0000KB    0.020224ms  Host To Device
       3  64.000KB  64.000KB  64.000KB  192.0000KB  9.3760e-03ms  Device To Host
       3         -         -         -           -    0.351808ms  Gpu page fault groups
       1  64.000KB  64.000KB  64.000KB  64.00000KB           -  Memory thrashes
       1  64.000KB  64.000KB  64.000KB  64.00000KB           -  Remote mapping from device
       1  64.000KB  64.000KB  64.000KB  64.00000KB           -  Remote mapping to device
Total CPU Page faults: 6
Total CPU thrashes: 1
Total remote mappings from CPU: 1
Total remote mappings to CPU: 1
