==129460== NVPROF is profiling process 129460, command: ./bfs_132 ../../../data/bfs/graph65536.txt
==129460== Profiling application: ./bfs_132 ../../../data/bfs/graph65536.txt
==129460== Profiling result:
            Type  Time(%)      Time     Calls       Avg       Min       Max  Name
                        %        ms                  ms        ms        ms
 GPU activities:    81.21  1.441015        10  0.144101  2.11e-03  0.681212  Kernel(Node*, int*, bool*, bool*, bool*, int*, int)
                    18.79  0.333439        10  0.033343  1.41e-03  0.106176  Kernel2(bool*, bool*, bool*, bool*, int)
      API calls:    95.11  246.4982         7  35.21402  6.78e-03  246.4023  cudaMallocManaged
                     2.13  5.512881       384  0.014356  2.33e-04  0.804193  cuDeviceGetAttribute
                     1.58  4.094445         4  1.023611  0.988527  1.110323  cuDeviceTotalMem
                     0.68  1.770301        10  0.177030  8.85e-03  0.777146  cudaDeviceSynchronize
                     0.21  0.551724         6  0.091954  0.043861  0.313651  cudaFree
                     0.17  0.428337         4  0.107084  0.105277  0.108910  cuDeviceGetName
                     0.11  0.274890        20  0.013744  0.010324  0.036149  cudaLaunchKernel
                     0.01  0.037952         7  5.42e-03  1.31e-03  0.026593  cudaMemAdvise
                     0.00  0.010012         4  2.50e-03  1.11e-03  5.65e-03  cuDeviceGetPCIBusId
                     0.00  3.24e-03         8  4.05e-04  3.03e-04  5.54e-04  cuDeviceGet
                     0.00  1.38e-03         3  4.61e-04  4.10e-04  5.61e-04  cuDeviceGetCount

==129460== Unified Memory profiling result:
Device "Tesla V100-SXM2-16GB (0)"
   Count  Avg Size  Min Size  Max Size  Total Size  Total Time  Name
      32  138.00KB  64.000KB  512.00KB  4.312500MB    0.175808ms  Host To Device
      15  128.00KB  64.000KB  384.00KB  1.875000MB    0.067360ms  Device To Host
      15         -         -         -           -    1.661760ms  Gpu page fault groups
       1  64.000KB  64.000KB  64.000KB  64.00000KB           -  Memory thrashes
       1  64.000KB  64.000KB  64.000KB  64.00000KB           -  Remote mapping to device
Total CPU Page faults: 20
Total CPU thrashes: 1
Total remote mappings from CPU: 1
