==124556== NVPROF is profiling process 124556, command: ./bfs_031 ../../../data/bfs/graph65536.txt
==124556== Profiling application: ./bfs_031 ../../../data/bfs/graph65536.txt
==124556== Profiling result:
            Type  Time(%)      Time     Calls       Avg       Min       Max  Name
                        %        ms                  ms        ms        ms
 GPU activities:    81.11  1.457944        10  0.145794  2.14e-03  0.681052  Kernel(Node*, int*, bool*, bool*, bool*, int*, int)
                    18.89  0.339518        10  0.033951  1.47e-03  0.109600  Kernel2(bool*, bool*, bool*, bool*, int)
      API calls:    95.08  246.5178         7  35.21683  6.57e-03  246.4201  cudaMallocManaged
                     2.27  5.885751       384  0.015327  2.35e-04  1.246629  cuDeviceGetAttribute
                     1.54  3.985217         4  0.996304  0.991386  1.002872  cuDeviceTotalMem
                     0.69  1.783478        10  0.178347  7.73e-03  0.776496  cudaDeviceSynchronize
                     0.17  0.428848         4  0.107212  0.104587  0.108839  cuDeviceGetName
                     0.14  0.360583         6  0.060097  0.028622  0.198677  cudaFree
                     0.09  0.242437        20  0.012121  9.27e-03  0.033408  cudaLaunchKernel
                     0.02  0.061110         7  8.73e-03  1.22e-03  0.051986  cudaMemAdvise
                     0.00  0.011764         4  2.94e-03  1.25e-03  6.88e-03  cuDeviceGetPCIBusId
                     0.00  3.28e-03         8  4.10e-04  3.13e-04  5.98e-04  cuDeviceGet
                     0.00  1.47e-03         3  4.88e-04  3.83e-04  5.49e-04  cuDeviceGetCount

==124556== Unified Memory profiling result:
Device "Tesla V100-SXM2-16GB (0)"
   Count  Avg Size  Min Size  Max Size  Total Size  Total Time  Name
      32  138.00KB  64.000KB  512.00KB  4.312500MB    0.181856ms  Host To Device
      15  128.00KB  64.000KB  384.00KB  1.875000MB    0.069376ms  Device To Host
      16         -         -         -           -    1.685024ms  Gpu page fault groups
       1  64.000KB  64.000KB  64.000KB  64.00000KB           -  Memory thrashes
       1  64.000KB  64.000KB  64.000KB  64.00000KB           -  Remote mapping to device
Total CPU Page faults: 20
Total CPU thrashes: 1
Total remote mappings from CPU: 1
