==130094== NVPROF is profiling process 130094, command: ./bfs_142 ../../../data/bfs/graph4096.txt
==130094== Profiling application: ./bfs_142 ../../../data/bfs/graph4096.txt
==130094== Profiling result:
            Type  Time(%)      Time     Calls       Avg       Min       Max  Name
                        %        ms                  ms        ms        ms
 GPU activities:    50.43  0.150111         8  0.018763  4.51e-03  0.031775  Kernel2(bool*, bool*, bool*, bool*, int)
                    49.57  0.147551         8  0.018443  6.53e-03  0.046880  Kernel(Node*, int*, bool*, bool*, bool*, int*, int)
      API calls:    96.58  289.1525         7  41.30749  6.76e-03  289.1010  cudaMallocManaged
                     1.71  5.128389       384  0.013355  2.36e-04  0.536347  cuDeviceGetAttribute
                     1.33  3.996270         4  0.999067  0.994138  1.003928  cuDeviceTotalMem
                     0.14  0.427358         4  0.106839  0.103259  0.108486  cuDeviceGetName
                     0.09  0.267074         8  0.033384  0.011017  0.075515  cudaDeviceSynchronize
                     0.06  0.194020        16  0.012126  9.34e-03  0.034676  cudaLaunchKernel
                     0.06  0.178170         6  0.029695  0.026904  0.039860  cudaFree
                     0.01  0.036840         7  5.26e-03  1.03e-03  0.027820  cudaMemAdvise
                     0.00  0.011578         4  2.89e-03  1.11e-03  6.94e-03  cuDeviceGetPCIBusId
                     0.00  3.22e-03         8  4.02e-04  2.99e-04  5.76e-04  cuDeviceGet
                     0.00  1.37e-03         3  4.56e-04  3.73e-04  5.67e-04  cuDeviceGetCount

==130094== Unified Memory profiling result:
Total CPU Page faults: 3
