==130500== NVPROF is profiling process 130500, command: ./bfs_150 ../../../data/bfs/graph1MW_6.txt
==130500== Profiling application: ./bfs_150 ../../../data/bfs/graph1MW_6.txt
==130500== Profiling result:
            Type  Time(%)      Time     Calls       Avg       Min       Max  Name
                        %        ms                  ms        ms        ms
 GPU activities:    97.56  12.36691        12  1.030576  6.05e-03  3.613892  Kernel(Node*, int*, bool*, bool*, bool*, int*, int)
                     2.44  0.309660        12  0.025805  4.80e-03  0.054399  Kernel2(bool*, bool*, bool*, bool*, int)
      API calls:    91.24  249.0320         7  35.57600  0.011175  248.6327  cudaMallocManaged
                     4.63  12.63954        12  1.053295  0.011070  3.621222  cudaDeviceSynchronize
                     1.88  5.144037       384  0.013395  2.34e-04  0.543416  cuDeviceGetAttribute
                     1.46  3.987283         4  0.996820  0.992481  1.000432  cuDeviceTotalMem
                     0.50  1.365641         6  0.227606  0.029356  0.621620  cudaFree
                     0.16  0.424705         4  0.106176  0.103177  0.108035  cuDeviceGetName
                     0.11  0.310862        24  0.012952  9.38e-03  0.049440  cudaLaunchKernel
                     0.00  0.011857         4  2.96e-03  1.06e-03  6.95e-03  cuDeviceGetPCIBusId
                     0.00  0.011541         6  1.92e-03  1.34e-03  4.41e-03  cudaMemAdvise
                     0.00  3.31e-03         8  4.13e-04  3.03e-04  7.34e-04  cuDeviceGet
                     0.00  1.40e-03         3  4.68e-04  3.96e-04  5.94e-04  cuDeviceGetCount

==130500== Unified Memory profiling result:
Device "Tesla V100-SXM2-16GB (0)"
   Count  Avg Size  Min Size  Max Size  Total Size  Total Time  Name
     400  96.960KB  64.000KB  704.00KB  37.87500MB    1.740448ms  Host To Device
      26  167.38KB  64.000KB  960.00KB  4.250000MB    0.134784ms  Device To Host
      35         -         -         -           -   11.816256ms  Gpu page fault groups
       1  64.000KB  64.000KB  64.000KB  64.00000KB           -  Memory thrashes
       1  64.000KB  64.000KB  64.000KB  64.00000KB           -  Remote mapping to device
Total CPU Page faults: 140
Total CPU thrashes: 1
Total remote mappings from CPU: 1
