==128407== NVPROF is profiling process 128407, command: ./bfs_115 ../../../data/bfs/graph1MW_6.txt
==128407== Profiling application: ./bfs_115 ../../../data/bfs/graph1MW_6.txt
==128407== Profiling result:
            Type  Time(%)      Time     Calls       Avg       Min       Max  Name
                        %        ms                  ms        ms        ms
 GPU activities:    97.52  12.13476        12  1.011229  5.98e-03  3.432133  Kernel(Node*, int*, bool*, bool*, bool*, int*, int)
                     2.48  0.308284        12  0.025690  4.83e-03  0.054175  Kernel2(bool*, bool*, bool*, bool*, int)
      API calls:    91.19  246.4914         7  35.21305  0.011068  246.1388  cudaMallocManaged
                     4.59  12.41088        12  1.034239  0.011351  3.438904  cudaDeviceSynchronize
                     1.93  5.211117       384  0.013570  2.36e-04  0.567427  cuDeviceGetAttribute
                     1.48  3.994768         4  0.998692  0.997675  1.000489  cuDeviceTotalMem
                     0.51  1.377430         6  0.229571  0.029659  0.597881  cudaFree
                     0.16  0.429463         4  0.107365  0.104529  0.110656  cuDeviceGetName
                     0.12  0.319713        24  0.013321  0.010027  0.050451  cudaLaunchKernel
                     0.02  0.041724         7  5.96e-03  1.21e-03  0.031913  cudaMemAdvise
                     0.00  0.011278         4  2.82e-03  1.19e-03  6.53e-03  cuDeviceGetPCIBusId
                     0.00  3.09e-03         8  3.86e-04  2.91e-04  6.35e-04  cuDeviceGet
                     0.00  1.32e-03         3  4.39e-04  3.46e-04  5.69e-04  cuDeviceGetCount

==128407== Unified Memory profiling result:
Device "Tesla V100-SXM2-16GB (0)"
   Count  Avg Size  Min Size  Max Size  Total Size  Total Time  Name
     408  95.059KB  64.000KB  704.00KB  37.87500MB    1.771584ms  Host To Device
      26  167.38KB  64.000KB  960.00KB  4.250000MB    0.132480ms  Device To Host
      37         -         -         -           -   11.579424ms  Gpu page fault groups
       1  64.000KB  64.000KB  64.000KB  64.00000KB           -  Memory thrashes
      45  176.36KB  64.000KB  1.0000MB  7.750000MB           -  Remote mapping to device
Total CPU Page faults: 140
Total CPU thrashes: 1
Total remote mappings from CPU: 45
