==123154== NVPROF is profiling process 123154, command: ./bfs_011 ../../../data/bfs/graph1MW_6.txt
==123154== Profiling application: ./bfs_011 ../../../data/bfs/graph1MW_6.txt
==123154== Profiling result:
            Type  Time(%)      Time     Calls       Avg       Min       Max  Name
                        %        ms                  ms        ms        ms
 GPU activities:    97.06  10.18690        12  0.848908  6.14e-03  3.225255  Kernel(Node*, int*, bool*, bool*, bool*, int*, int)
                     2.94  0.308670        12  0.025722  4.80e-03  0.054208  Kernel2(bool*, bool*, bool*, bool*, int)
      API calls:    91.78  249.8512         7  35.69303  0.011651  249.4986  cudaMallocManaged
                     3.84  10.46425        12  0.872021  0.010785  3.231900  cudaDeviceSynchronize
                     1.90  5.162959       384  0.013445  2.36e-04  0.535777  cuDeviceGetAttribute
                     1.46  3.985247         4  0.996311  0.992480  0.998964  cuDeviceTotalMem
                     0.52  1.405254         6  0.234209  0.029837  0.631297  cudaFree
                     0.23  0.613368         7  0.087624  1.22e-03  0.603955  cudaMemAdvise
                     0.16  0.426850         4  0.106712  0.103189  0.109986  cuDeviceGetName
                     0.11  0.309611        24  0.012900  9.12e-03  0.050249  cudaLaunchKernel
                     0.00  0.011326         4  2.83e-03  1.14e-03  6.64e-03  cuDeviceGetPCIBusId
                     0.00  3.35e-03         8  4.18e-04  3.20e-04  5.84e-04  cuDeviceGet
                     0.00  1.31e-03         3  4.36e-04  3.79e-04  5.51e-04  cuDeviceGetCount

==123154== Unified Memory profiling result:
Device "Tesla V100-SXM2-16GB (0)"
   Count  Avg Size  Min Size  Max Size  Total Size  Total Time  Name
     409  94.826KB  64.000KB  704.00KB  37.87500MB    1.838720ms  Host To Device
      26  167.38KB  64.000KB  960.00KB  4.250000MB    0.131136ms  Device To Host
      35         -         -         -           -   10.180288ms  Gpu page fault groups
       1  64.000KB  64.000KB  64.000KB  64.00000KB           -  Memory thrashes
       1  64.000KB  64.000KB  64.000KB  64.00000KB           -  Remote mapping to device
Total CPU Page faults: 140
Total CPU thrashes: 1
Total remote mappings from CPU: 1
