==127682== NVPROF is profiling process 127682, command: ./bfs_104 ../../../data/bfs/graph4096.txt
==127682== Profiling application: ./bfs_104 ../../../data/bfs/graph4096.txt
==127682== Profiling result:
            Type  Time(%)      Time     Calls       Avg       Min       Max  Name
                        %        ms                  ms        ms        ms
 GPU activities:    98.30  0.645214         8  0.080651  2.05e-03  0.232319  Kernel(Node*, int*, bool*, bool*, bool*, int*, int)
                     1.70  0.011168         8  1.40e-03  1.22e-03  1.63e-03  Kernel2(bool*, bool*, bool*, bool*, int)
      API calls:    95.91  247.6359         7  35.37656  6.65e-03  247.5850  cudaMallocManaged
                     1.98  5.106407       384  0.013297  2.34e-04  0.533705  cuDeviceGetAttribute
                     1.55  3.992384         4  0.998096  0.986892  1.015256  cuDeviceTotalMem
                     0.25  0.646918         8  0.080864  7.31e-03  0.227411  cudaDeviceSynchronize
                     0.16  0.422613         4  0.105653  0.102479  0.107581  cuDeviceGetName
                     0.08  0.202802        16  0.012675  9.73e-03  0.033989  cudaLaunchKernel
                     0.07  0.175261         6  0.029210  0.025389  0.039200  cudaFree
                     0.00  0.010623         4  2.65e-03  1.14e-03  5.92e-03  cuDeviceGetPCIBusId
                     0.00  9.16e-03         6  1.53e-03  1.11e-03  3.16e-03  cudaMemAdvise
                     0.00  3.12e-03         8  3.89e-04  3.02e-04  6.64e-04  cuDeviceGet
                     0.00  1.39e-03         3  4.63e-04  3.87e-04  6.09e-04  cuDeviceGetCount

==127682== Unified Memory profiling result:
Device "Tesla V100-SXM2-16GB (0)"
   Count  Avg Size  Min Size  Max Size  Total Size  Total Time  Name
       7  73.143KB  64.000KB  128.00KB  512.0000KB    0.032544ms  Host To Device
       4  64.000KB  64.000KB  64.000KB  256.0000KB    0.012512ms  Device To Host
       6         -         -         -           -    0.602656ms  Gpu page fault groups
       1  64.000KB  64.000KB  64.000KB  64.00000KB           -  Memory thrashes
       1  64.000KB  64.000KB  64.000KB  64.00000KB           -  Remote mapping to device
Total CPU Page faults: 6
Total CPU thrashes: 1
Total remote mappings from CPU: 1
