==128134== NVPROF is profiling process 128134, command: ./bfs_112 ../../../data/bfs/graph65536.txt
==128134== Profiling application: ./bfs_112 ../../../data/bfs/graph65536.txt
==128134== Profiling result:
            Type  Time(%)      Time     Calls       Avg       Min       Max  Name
                        %        ms                  ms        ms        ms
 GPU activities:    81.35  1.445336        10  0.144533  2.08e-03  0.683868  Kernel(Node*, int*, bool*, bool*, bool*, int*, int)
                    18.65  0.331390        10  0.033139  1.44e-03  0.107007  Kernel2(bool*, bool*, bool*, bool*, int)
      API calls:    95.38  246.7950         7  35.25643  6.85e-03  246.6992  cudaMallocManaged
                     1.99  5.158407       384  0.013433  2.36e-04  0.573566  cuDeviceGetAttribute
                     1.54  3.991453         4  0.997863  0.994034  1.002233  cuDeviceTotalMem
                     0.68  1.760119        10  0.176011  7.92e-03  0.775285  cudaDeviceSynchronize
                     0.16  0.424309         4  0.106077  0.102876  0.108349  cuDeviceGetName
                     0.13  0.337172         6  0.056195  0.027419  0.180262  cudaFree
                     0.09  0.243759        20  0.012187  9.24e-03  0.034549  cudaLaunchKernel
                     0.01  0.031204         7  4.46e-03  1.19e-03  0.021308  cudaMemAdvise
                     0.00  0.012732         4  3.18e-03  1.07e-03  7.78e-03  cuDeviceGetPCIBusId
                     0.00  2.97e-03         8  3.71e-04  2.78e-04  5.51e-04  cuDeviceGet
                     0.00  1.36e-03         3  4.54e-04  3.67e-04  6.17e-04  cuDeviceGetCount

==128134== Unified Memory profiling result:
Device "Tesla V100-SXM2-16GB (0)"
   Count  Avg Size  Min Size  Max Size  Total Size  Total Time  Name
      33  135.76KB  64.000KB  512.00KB  4.375000MB    0.186656ms  Host To Device
      15  128.00KB  64.000KB  384.00KB  1.875000MB    0.068992ms  Device To Host
      15         -         -         -           -    1.665792ms  Gpu page fault groups
       1  64.000KB  64.000KB  64.000KB  64.00000KB           -  Memory thrashes
       1  64.000KB  64.000KB  64.000KB  64.00000KB           -  Remote mapping to device
Total CPU Page faults: 20
Total CPU thrashes: 1
Total remote mappings from CPU: 1
