==130605== NVPROF is profiling process 130605, command: ./bfs_151 ../../../data/bfs/graph1MW_6.txt
==130605== Profiling application: ./bfs_151 ../../../data/bfs/graph1MW_6.txt
==130605== Profiling result:
            Type  Time(%)      Time     Calls       Avg       Min       Max  Name
                        %        ms                  ms        ms        ms
 GPU activities:    51.36  11.41412        12  0.951176  7.46e-03  3.223367  Kernel(Node*, int*, bool*, bool*, bool*, int*, int)
                    48.64  10.80833        12  0.900694  0.064319  2.087792  Kernel2(bool*, bool*, bool*, bool*, int)
      API calls:    88.02  247.2273         7  35.31818  0.011203  246.8743  cudaMallocManaged
                     7.92  22.24309        12  1.853591  0.148371  3.793324  cudaDeviceSynchronize
                     1.83  5.142545       384  0.013392  2.36e-04  0.535046  cuDeviceGetAttribute
                     1.42  3.998815         4  0.999703  0.998523  1.000841  cuDeviceTotalMem
                     0.49  1.385482         6  0.230913  0.029368  0.615194  cudaFree
                     0.15  0.425424         4  0.106356  0.102671  0.109833  cuDeviceGetName
                     0.12  0.324287        24  0.013511  0.010089  0.049467  cudaLaunchKernel
                     0.04  0.119340         7  0.017048  1.23e-03  0.109264  cudaMemAdvise
                     0.00  0.010599         4  2.65e-03  1.11e-03  5.91e-03  cuDeviceGetPCIBusId
                     0.00  3.21e-03         8  4.01e-04  3.20e-04  5.99e-04  cuDeviceGet
                     0.00  1.37e-03         3  4.57e-04  3.83e-04  5.58e-04  cuDeviceGetCount

==130605== Unified Memory profiling result:
Device "Tesla V100-SXM2-16GB (0)"
   Count  Avg Size  Min Size  Max Size  Total Size  Total Time  Name
     418  93.550KB  64.000KB  704.00KB  38.18750MB    1.817056ms  Host To Device
      31  150.71KB  64.000KB  960.00KB  4.562500MB    0.146976ms  Device To Host
     225         -         -         -           -   21.451136ms  Gpu page fault groups
       2  64.000KB  64.000KB  64.000KB  128.0000KB           -  Memory thrashes
       1  64.000KB  64.000KB  64.000KB  64.00000KB           -  Remote mapping to device
Total CPU Page faults: 145
Total CPU thrashes: 2
Total remote mappings from CPU: 1
