==127030== NVPROF is profiling process 127030, command: ./bfs_064 ../../../data/bfs/graph65536.txt
==127030== Profiling application: ./bfs_064 ../../../data/bfs/graph65536.txt
==127030== Profiling result:
            Type  Time(%)      Time     Calls       Avg       Min       Max  Name
                        %        ms                  ms        ms        ms
 GPU activities:    84.02  2.235381        10  0.223538  2.18e-03  0.627165  Kernel(Node*, int*, bool*, bool*, bool*, int*, int)
                    15.98  0.425213        10  0.042521  1.41e-03  0.124479  Kernel2(bool*, bool*, bool*, bool*, int)
      API calls:    95.17  251.7060         7  35.95800  6.54e-03  251.5995  cudaMallocManaged
                     1.94  5.124014       384  0.013343  2.34e-04  0.535287  cuDeviceGetAttribute
                     1.51  3.980685         4  0.995171  0.988143  0.998590  cuDeviceTotalMem
                     1.00  2.637255        10  0.263725  7.62e-03  0.675079  cudaDeviceSynchronize
                     0.16  0.425272         4  0.106318  0.103123  0.108771  cuDeviceGetName
                     0.11  0.301959         6  0.050326  0.027335  0.144870  cudaFree
                     0.09  0.245761        20  0.012288  9.28e-03  0.033878  cudaLaunchKernel
                     0.01  0.035611         7  5.09e-03  1.21e-03  0.025011  cudaMemAdvise
                     0.00  0.011413         4  2.85e-03  1.12e-03  6.54e-03  cuDeviceGetPCIBusId
                     0.00  3.11e-03         8  3.88e-04  2.97e-04  6.11e-04  cuDeviceGet
                     0.00  1.42e-03         3  4.74e-04  3.65e-04  6.33e-04  cuDeviceGetCount

==127030== Unified Memory profiling result:
Device "Tesla V100-SXM2-16GB (0)"
   Count  Avg Size  Min Size  Max Size  Total Size  Total Time  Name
      27  104.30KB  64.000KB  320.00KB  2.750000MB    0.135488ms  Host To Device
       3  64.000KB  64.000KB  64.000KB  192.0000KB  9.3760e-03ms  Device To Host
      16         -         -         -           -    1.698784ms  Gpu page fault groups
       1  64.000KB  64.000KB  64.000KB  64.00000KB           -  Memory thrashes
       4  64.000KB  64.000KB  64.000KB  256.0000KB           -  Remote mapping from device
       1  64.000KB  64.000KB  64.000KB  64.00000KB           -  Remote mapping to device
Total CPU Page faults: 17
Total CPU thrashes: 1
Total remote mappings from CPU: 1
Total remote mappings to CPU: 4
