==126084== NVPROF is profiling process 126084, command: ./bfs_053 ../../../data/bfs/graph65536.txt
==126084== Profiling application: ./bfs_053 ../../../data/bfs/graph65536.txt
==126084== Profiling result:
            Type  Time(%)      Time     Calls       Avg       Min       Max  Name
                        %        ms                  ms        ms        ms
 GPU activities:    79.29  1.369496        10  0.136949  2.08e-03  0.605533  Kernel(Node*, int*, bool*, bool*, bool*, int*, int)
                    20.71  0.357726        10  0.035772  1.44e-03  0.125471  Kernel2(bool*, bool*, bool*, bool*, int)
      API calls:    95.40  247.4128         7  35.34469  6.85e-03  247.3175  cudaMallocManaged
                     1.98  5.140308       384  0.013386  2.34e-04  0.536490  cuDeviceGetAttribute
                     1.54  3.993414         4  0.998353  0.997483  0.999781  cuDeviceTotalMem
                     0.66  1.710987        10  0.171098  7.81e-03  0.701411  cudaDeviceSynchronize
                     0.16  0.425540         4  0.106385  0.104669  0.107842  cuDeviceGetName
                     0.13  0.337031         6  0.056171  0.027280  0.181122  cudaFree
                     0.09  0.243463        20  0.012173  8.98e-03  0.035979  cudaLaunchKernel
                     0.03  0.065331         7  9.33e-03  1.17e-03  0.056254  cudaMemAdvise
                     0.00  0.011845         4  2.96e-03  1.15e-03  6.73e-03  cuDeviceGetPCIBusId
                     0.00  3.23e-03         8  4.03e-04  3.09e-04  6.13e-04  cuDeviceGet
                     0.00  1.32e-03         3  4.40e-04  3.24e-04  5.67e-04  cuDeviceGetCount

==126084== Unified Memory profiling result:
Device "Tesla V100-SXM2-16GB (0)"
   Count  Avg Size  Min Size  Max Size  Total Size  Total Time  Name
      32  138.00KB  64.000KB  512.00KB  4.312500MB    0.180928ms  Host To Device
      15  128.00KB  64.000KB  384.00KB  1.875000MB    0.069088ms  Device To Host
      14         -         -         -           -    1.590208ms  Gpu page fault groups
       1  64.000KB  64.000KB  64.000KB  64.00000KB           -  Memory thrashes
       1  64.000KB  64.000KB  64.000KB  64.00000KB           -  Remote mapping from device
       1  64.000KB  64.000KB  64.000KB  64.00000KB           -  Remote mapping to device
Total CPU Page faults: 20
Total CPU thrashes: 1
Total remote mappings from CPU: 1
Total remote mappings to CPU: 1
