==123440== NVPROF is profiling process 123440, command: ./bfs_013 ../../../data/bfs/graph65536.txt
==123440== Profiling application: ./bfs_013 ../../../data/bfs/graph65536.txt
==123440== Profiling result:
            Type  Time(%)      Time     Calls       Avg       Min       Max  Name
                        %        ms                  ms        ms        ms
 GPU activities:    81.02  1.574807        10  0.157480  2.08e-03  0.659836  Kernel(Node*, int*, bool*, bool*, bool*, int*, int)
                    18.98  0.368895        10  0.036889  1.41e-03  0.132256  Kernel2(bool*, bool*, bool*, bool*, int)
      API calls:    95.50  258.0641         7  36.86630  8.99e-03  257.9503  cudaMallocManaged
                     1.90  5.138532       384  0.013381  2.34e-04  0.539670  cuDeviceGetAttribute
                     1.47  3.983021         4  0.995755  0.992741  0.999348  cuDeviceTotalMem
                     0.71  1.914531        10  0.191453  7.78e-03  0.758428  cudaDeviceSynchronize
                     0.16  0.424984         4  0.106246  0.102746  0.107766  cuDeviceGetName
                     0.13  0.355583         6  0.059263  0.027599  0.198877  cudaFree
                     0.09  0.249820        20  0.012491  9.58e-03  0.035348  cudaLaunchKernel
                     0.02  0.066012         7  9.43e-03  1.18e-03  0.056613  cudaMemAdvise
                     0.00  0.012044         4  3.01e-03  1.13e-03  7.11e-03  cuDeviceGetPCIBusId
                     0.00  3.01e-03         8  3.76e-04  2.77e-04  5.65e-04  cuDeviceGet
                     0.00  1.23e-03         3  4.11e-04  3.67e-04  4.80e-04  cuDeviceGetCount

==123440== Unified Memory profiling result:
Device "Tesla V100-SXM2-16GB (0)"
   Count  Avg Size  Min Size  Max Size  Total Size  Total Time  Name
      33  135.76KB  64.000KB  512.00KB  4.375000MB    0.187136ms  Host To Device
      15  128.00KB  64.000KB  384.00KB  1.875000MB    0.068800ms  Device To Host
      14         -         -         -           -    1.775168ms  Gpu page fault groups
       1  64.000KB  64.000KB  64.000KB  64.00000KB           -  Memory thrashes
       1  512.00KB  512.00KB  512.00KB  512.0000KB           -  Remote mapping from device
       1  64.000KB  64.000KB  64.000KB  64.00000KB           -  Remote mapping to device
Total CPU Page faults: 20
Total CPU thrashes: 1
Total remote mappings from CPU: 1
Total remote mappings to CPU: 1
