==127560== NVPROF is profiling process 127560, command: ./bfs_103 ../../../data/bfs/graph65536.txt
==127560== Profiling application: ./bfs_103 ../../../data/bfs/graph65536.txt
==127560== Profiling result:
            Type  Time(%)      Time     Calls       Avg       Min       Max  Name
                        %        ms                  ms        ms        ms
 GPU activities:    82.14  1.545015        10  0.154501  2.11e-03  0.696284  Kernel(Node*, int*, bool*, bool*, bool*, int*, int)
                    17.86  0.335870        10  0.033587  1.44e-03  0.109216  Kernel2(bool*, bool*, bool*, bool*, int)
      API calls:    95.39  248.1071         7  35.44387  6.75e-03  248.0021  cudaMallocManaged
                     1.97  5.133091       384  0.013367  2.35e-04  0.539887  cuDeviceGetAttribute
                     1.54  3.993395         4  0.998348  0.993074  1.003249  cuDeviceTotalMem
                     0.72  1.865481        10  0.186548  7.73e-03  0.795062  cudaDeviceSynchronize
                     0.16  0.424349         4  0.106087  0.102867  0.108238  cuDeviceGetName
                     0.12  0.299577         6  0.049929  0.026901  0.143195  cudaFree
                     0.09  0.244219        20  0.012210  9.16e-03  0.035469  cudaLaunchKernel
                     0.00  0.011197         4  2.80e-03  1.10e-03  6.36e-03  cuDeviceGetPCIBusId
                     0.00  9.35e-03         6  1.56e-03  1.10e-03  3.21e-03  cudaMemAdvise
                     0.00  3.14e-03         8  3.92e-04  3.01e-04  5.90e-04  cuDeviceGet
                     0.00  1.37e-03         3  4.57e-04  3.69e-04  5.88e-04  cuDeviceGetCount

==127560== Unified Memory profiling result:
Device "Tesla V100-SXM2-16GB (0)"
   Count  Avg Size  Min Size  Max Size  Total Size  Total Time  Name
      34  139.29KB  64.000KB  512.00KB  4.625000MB    0.193344ms  Host To Device
      15  128.00KB  64.000KB  384.00KB  1.875000MB    0.068256ms  Device To Host
      15         -         -         -           -    1.768864ms  Gpu page fault groups
       1  64.000KB  64.000KB  64.000KB  64.00000KB           -  Memory thrashes
       1  64.000KB  64.000KB  64.000KB  64.00000KB           -  Remote mapping to device
Total CPU Page faults: 20
Total CPU thrashes: 1
Total remote mappings from CPU: 1
