==129352== NVPROF is profiling process 129352, command: ./bfs_131 ../../../data/bfs/graph65536.txt
==129352== Profiling application: ./bfs_131 ../../../data/bfs/graph65536.txt
==129352== Profiling result:
            Type  Time(%)      Time     Calls       Avg       Min       Max  Name
                        %        ms                  ms        ms        ms
 GPU activities:    80.88  1.402041        10  0.140204  2.11e-03  0.657084  Kernel(Node*, int*, bool*, bool*, bool*, int*, int)
                    19.12  0.331422        10  0.033142  1.44e-03  0.106143  Kernel2(bool*, bool*, bool*, bool*, int)
      API calls:    95.34  246.6211         7  35.23158  6.83e-03  246.5246  cudaMallocManaged
                     2.00  5.180720       384  0.013491  2.35e-04  0.536537  cuDeviceGetAttribute
                     1.56  4.048163         4  1.012040  0.992399  1.050288  cuDeviceTotalMem
                     0.66  1.717724        10  0.171772  7.78e-03  0.749696  cudaDeviceSynchronize
                     0.16  0.423747         4  0.105936  0.103102  0.108041  cuDeviceGetName
                     0.14  0.356010         6  0.059335  0.027671  0.196412  cudaFree
                     0.10  0.246456        20  0.012322  9.32e-03  0.036233  cudaLaunchKernel
                     0.02  0.060148         7  8.59e-03  1.20e-03  0.050900  cudaMemAdvise
                     0.00  0.011653         4  2.91e-03  1.08e-03  6.90e-03  cuDeviceGetPCIBusId
                     0.00  3.14e-03         8  3.92e-04  3.07e-04  6.33e-04  cuDeviceGet
                     0.00  1.42e-03         3  4.73e-04  3.95e-04  6.07e-04  cuDeviceGetCount

==129352== Unified Memory profiling result:
Device "Tesla V100-SXM2-16GB (0)"
   Count  Avg Size  Min Size  Max Size  Total Size  Total Time  Name
      32  138.00KB  64.000KB  512.00KB  4.312500MB    0.182368ms  Host To Device
      15  128.00KB  64.000KB  384.00KB  1.875000MB    0.068032ms  Device To Host
      16         -         -         -           -    1.620096ms  Gpu page fault groups
       1  64.000KB  64.000KB  64.000KB  64.00000KB           -  Memory thrashes
       1  64.000KB  64.000KB  64.000KB  64.00000KB           -  Remote mapping to device
Total CPU Page faults: 20
Total CPU thrashes: 1
Total remote mappings from CPU: 1
