==122955== NVPROF is profiling process 122955, command: ./bfs_005 ../../../data/bfs/graph4096.txt
==122955== Profiling application: ./bfs_005 ../../../data/bfs/graph4096.txt
==122955== Profiling result:
            Type  Time(%)      Time     Calls       Avg       Min       Max  Name
                        %        ms                  ms        ms        ms
 GPU activities:    98.31  0.666525         8  0.083315  2.02e-03  0.239294  Kernel(Node*, int*, bool*, bool*, bool*, int*, int)
                     1.69  0.011487         8  1.43e-03  1.28e-03  1.66e-03  Kernel2(bool*, bool*, bool*, bool*, int)
      API calls:    95.92  249.6764         7  35.66806  6.84e-03  249.6267  cudaMallocManaged
                     1.97  5.134014       384  0.013369  2.34e-04  0.540270  cuDeviceGetAttribute
                     1.53  3.991990         4  0.997997  0.996325  1.000475  cuDeviceTotalMem
                     0.26  0.670555         8  0.083819  7.37e-03  0.234213  cudaDeviceSynchronize
                     0.16  0.424218         4  0.106054  0.103488  0.108170  cuDeviceGetName
                     0.08  0.204128        16  0.012758  9.90e-03  0.034204  cudaLaunchKernel
                     0.07  0.175199         6  0.029199  0.025658  0.038923  cudaFree
                     0.00  0.011688         4  2.92e-03  1.09e-03  6.89e-03  cuDeviceGetPCIBusId
                     0.00  9.36e-03         6  1.56e-03  1.24e-03  2.70e-03  cudaMemAdvise
                     0.00  3.13e-03         8  3.91e-04  2.99e-04  6.19e-04  cuDeviceGet
                     0.00  1.35e-03         3  4.50e-04  3.71e-04  5.99e-04  cuDeviceGetCount

==122955== Unified Memory profiling result:
Device "Tesla V100-SXM2-16GB (0)"
   Count  Avg Size  Min Size  Max Size  Total Size  Total Time  Name
       7  73.143KB  64.000KB  128.00KB  512.0000KB    0.033760ms  Host To Device
       4  64.000KB  64.000KB  64.000KB  256.0000KB    0.012576ms  Device To Host
       6         -         -         -           -    0.623584ms  Gpu page fault groups
       1  64.000KB  64.000KB  64.000KB  64.00000KB           -  Memory thrashes
       1  64.000KB  64.000KB  64.000KB  64.00000KB           -  Remote mapping to device
Total CPU Page faults: 6
Total CPU thrashes: 1
Total remote mappings from CPU: 1
