==122538== NVPROF is profiling process 122538, command: ./bfs_001 ../../../data/bfs/graph4096.txt
==122538== Profiling application: ./bfs_001 ../../../data/bfs/graph4096.txt
==122538== Profiling result:
            Type  Time(%)      Time     Calls       Avg       Min       Max  Name
                        %        ms                  ms        ms        ms
 GPU activities:    98.31  0.663707         8  0.082963  2.02e-03  0.238878  Kernel(Node*, int*, bool*, bool*, bool*, int*, int)
                     1.69  0.011424         8  1.43e-03  1.25e-03  1.73e-03  Kernel2(bool*, bool*, bool*, bool*, int)
      API calls:    95.91  248.9500         7  35.56428  6.96e-03  248.8982  cudaMallocManaged
                     1.98  5.140212       384  0.013385  2.36e-04  0.538707  cuDeviceGetAttribute
                     1.53  3.979201         4  0.994800  0.987492  1.002853  cuDeviceTotalMem
                     0.26  0.666776         8  0.083347  7.46e-03  0.232919  cudaDeviceSynchronize
                     0.16  0.426914         4  0.106728  0.103045  0.110778  cuDeviceGetName
                     0.08  0.204693        16  0.012793  9.58e-03  0.034295  cudaLaunchKernel
                     0.07  0.173643         6  0.028940  0.025523  0.038448  cudaFree
                     0.00  0.011686         4  2.92e-03  1.16e-03  6.76e-03  cuDeviceGetPCIBusId
                     0.00  9.51e-03         6  1.58e-03  1.21e-03  3.00e-03  cudaMemAdvise
                     0.00  3.20e-03         8  4.00e-04  2.97e-04  6.84e-04  cuDeviceGet
                     0.00  1.45e-03         3  4.83e-04  4.01e-04  6.48e-04  cuDeviceGetCount

==122538== Unified Memory profiling result:
Device "Tesla V100-SXM2-16GB (0)"
   Count  Avg Size  Min Size  Max Size  Total Size  Total Time  Name
       7  73.143KB  64.000KB  128.00KB  512.0000KB    0.032800ms  Host To Device
       4  64.000KB  64.000KB  64.000KB  256.0000KB    0.012544ms  Device To Host
       6         -         -         -           -    0.620736ms  Gpu page fault groups
       1  64.000KB  64.000KB  64.000KB  64.00000KB           -  Memory thrashes
       1  64.000KB  64.000KB  64.000KB  64.00000KB           -  Remote mapping to device
Total CPU Page faults: 6
Total CPU thrashes: 1
Total remote mappings from CPU: 1
