==123514== NVPROF is profiling process 123514, command: ./bfs_014 ../../../data/bfs/graph4096.txt
==123514== Profiling application: ./bfs_014 ../../../data/bfs/graph4096.txt
==123514== Profiling result:
            Type  Time(%)      Time     Calls       Avg       Min       Max  Name
                        %        ms                  ms        ms        ms
 GPU activities:    50.41  0.150719         8  0.018839  6.50e-03  0.050399  Kernel(Node*, int*, bool*, bool*, bool*, int*, int)
                    49.59  0.148288         8  0.018536  4.48e-03  0.031232  Kernel2(bool*, bool*, bool*, bool*, int)
      API calls:    96.11  252.8604         7  36.12291  7.01e-03  252.8102  cudaMallocManaged
                     1.95  5.137619       384  0.013379  2.32e-04  0.535957  cuDeviceGetAttribute
                     1.51  3.975212         4  0.993803  0.987417  0.998335  cuDeviceTotalMem
                     0.16  0.424319         4  0.106079  0.102834  0.108230  cuDeviceGetName
                     0.10  0.267424         8  0.033428  0.011085  0.077112  cudaDeviceSynchronize
                     0.07  0.195564        16  0.012222  9.33e-03  0.033708  cudaLaunchKernel
                     0.07  0.177361         6  0.029560  0.026796  0.038943  cudaFree
                     0.01  0.036989         7  5.28e-03  1.13e-03  0.027202  cudaMemAdvise
                     0.00  0.011384         4  2.85e-03  1.13e-03  6.76e-03  cuDeviceGetPCIBusId
                     0.00  3.16e-03         8  3.94e-04  3.03e-04  6.15e-04  cuDeviceGet
                     0.00  1.40e-03         3  4.65e-04  3.89e-04  5.98e-04  cuDeviceGetCount

==123514== Unified Memory profiling result:
Total CPU Page faults: 3
