==129631== NVPROF is profiling process 129631, command: ./bfs_134 ../../../data/bfs/graph1MW_6.txt
==129631== Profiling application: ./bfs_134 ../../../data/bfs/graph1MW_6.txt
==129631== Profiling result:
            Type  Time(%)      Time     Calls       Avg       Min       Max  Name
                        %        ms                  ms        ms        ms
 GPU activities:    93.30  12.64365        12  1.053637  0.047488  3.502693  Kernel(Node*, int*, bool*, bool*, bool*, int*, int)
                     6.70  0.908027        12  0.075668  9.34e-03  0.463772  Kernel2(bool*, bool*, bool*, bool*, int)
      API calls:    90.91  247.9228         7  35.41754  0.011351  247.5641  cudaMallocManaged
                     4.95  13.50943        12  1.125785  0.052422  3.514608  cudaDeviceSynchronize
                     1.90  5.174909       384  0.013476  2.34e-04  0.561987  cuDeviceGetAttribute
                     1.46  3.986857         4  0.996714  0.989747  1.000077  cuDeviceTotalMem
                     0.48  1.313983         6  0.218997  0.030097  0.602444  cudaFree
                     0.16  0.426469         4  0.106617  0.102754  0.109767  cuDeviceGetName
                     0.11  0.313230        24  0.013051  9.71e-03  0.049186  cudaLaunchKernel
                     0.02  0.041139         7  5.88e-03  1.28e-03  0.029587  cudaMemAdvise
                     0.00  0.012220         4  3.06e-03  1.21e-03  6.97e-03  cuDeviceGetPCIBusId
                     0.00  3.12e-03         8  3.90e-04  2.55e-04  6.70e-04  cuDeviceGet
                     0.00  1.51e-03         3  5.04e-04  4.20e-04  6.66e-04  cuDeviceGetCount

==129631== Unified Memory profiling result:
Device "Tesla V100-SXM2-16GB (0)"
   Count  Avg Size  Min Size  Max Size  Total Size  Total Time  Name
     426  88.487KB  64.000KB  448.00KB  36.81250MB    1.819776ms  Host To Device
      25  171.52KB  64.000KB  960.00KB  4.187500MB    0.135424ms  Device To Host
      42         -         -         -           -   12.717856ms  Gpu page fault groups
       1  64.000KB  64.000KB  64.000KB  64.00000KB           -  Memory thrashes
      12  85.333KB  64.000KB  128.00KB  1.000000MB           -  Remote mapping from device
       1  64.000KB  64.000KB  64.000KB  64.00000KB           -  Remote mapping to device
Total CPU Page faults: 140
Total CPU thrashes: 1
Total remote mappings from CPU: 1
Total remote mappings to CPU: 12
