==123201== NVPROF is profiling process 123201, command: ./bfs_011 ../../../data/bfs/graph4096.txt
==123201== Profiling application: ./bfs_011 ../../../data/bfs/graph4096.txt
==123201== Profiling result:
            Type  Time(%)      Time     Calls       Avg       Min       Max  Name
                        %        ms                  ms        ms        ms
 GPU activities:    97.55  0.451452         8  0.056431  2.02e-03  0.231231  Kernel(Node*, int*, bool*, bool*, bool*, int*, int)
                     2.45  0.011328         8  1.42e-03  1.25e-03  1.70e-03  Kernel2(bool*, bool*, bool*, bool*, int)
      API calls:    95.96  248.4247         7  35.48924  6.87e-03  248.3741  cudaMallocManaged
                     1.98  5.129454       384  0.013357  2.34e-04  0.542168  cuDeviceGetAttribute
                     1.54  3.975654         4  0.993913  0.988224  0.998714  cuDeviceTotalMem
                     0.18  0.457485         8  0.057185  7.32e-03  0.225015  cudaDeviceSynchronize
                     0.16  0.424758         4  0.106189  0.102910  0.107847  cuDeviceGetName
                     0.08  0.204015        16  0.012750  9.72e-03  0.034326  cudaLaunchKernel
                     0.07  0.178263         6  0.029710  0.026241  0.040832  cudaFree
                     0.03  0.065137         7  9.31e-03  1.19e-03  0.056157  cudaMemAdvise
                     0.00  0.011089         4  2.77e-03  1.09e-03  6.51e-03  cuDeviceGetPCIBusId
                     0.00  3.15e-03         8  3.94e-04  3.06e-04  5.86e-04  cuDeviceGet
                     0.00  1.41e-03         3  4.69e-04  3.77e-04  5.94e-04  cuDeviceGetCount

==123201== Unified Memory profiling result:
Device "Tesla V100-SXM2-16GB (0)"
   Count  Avg Size  Min Size  Max Size  Total Size  Total Time  Name
       4  96.000KB  64.000KB  128.00KB  384.0000KB    0.020512ms  Host To Device
       3  64.000KB  64.000KB  64.000KB  192.0000KB  9.4720e-03ms  Device To Host
       4         -         -         -           -    0.403584ms  Gpu page fault groups
       1  64.000KB  64.000KB  64.000KB  64.00000KB           -  Memory thrashes
       1  64.000KB  64.000KB  64.000KB  64.00000KB           -  Remote mapping to device
Total CPU Page faults: 6
Total CPU thrashes: 1
Total remote mappings from CPU: 1
