==126831== NVPROF is profiling process 126831, command: ./bfs_064 ../../../data/bfs/graph4096.txt
==126831== Profiling application: ./bfs_064 ../../../data/bfs/graph4096.txt
==126831== Profiling result:
            Type  Time(%)      Time     Calls       Avg       Min       Max  Name
                        %        ms                  ms        ms        ms
 GPU activities:    50.76  0.154367         8  0.019295  6.53e-03  0.052640  Kernel(Node*, int*, bool*, bool*, bool*, int*, int)
                    49.24  0.149759         8  0.018719  4.48e-03  0.031936  Kernel2(bool*, bool*, bool*, bool*, int)
      API calls:    94.56  250.0608         7  35.72297  6.98e-03  250.0101  cudaMallocManaged
                     3.20  8.472239       384  0.022063  2.36e-04  1.228146  cuDeviceGetAttribute
                     1.73  4.584352         4  1.146088  1.000391  1.302636  cuDeviceTotalMem
                     0.23  0.619497         4  0.154874  0.105965  0.210533  cuDeviceGetName
                     0.10  0.272531         8  0.034066  0.010988  0.080813  cudaDeviceSynchronize
                     0.07  0.192840        16  0.012052  9.51e-03  0.034629  cudaLaunchKernel
                     0.07  0.178456         6  0.029742  0.027325  0.038653  cudaFree
                     0.02  0.043489         7  6.21e-03  1.09e-03  0.033272  cudaMemAdvise
                     0.00  0.013011         4  3.25e-03  1.22e-03  7.75e-03  cuDeviceGetPCIBusId
                     0.00  3.28e-03         8  4.09e-04  3.01e-04  5.91e-04  cuDeviceGet
                     0.00  1.46e-03         3  4.86e-04  3.96e-04  6.11e-04  cuDeviceGetCount

==126831== Unified Memory profiling result:
Total CPU Page faults: 3
