==131130== NVPROF is profiling process 131130, command: ./bfs_155 ../../../data/bfs/graph65536.txt
==131130== Profiling application: ./bfs_155 ../../../data/bfs/graph65536.txt
==131130== Profiling result:
            Type  Time(%)      Time     Calls       Avg       Min       Max  Name
                        %        ms                  ms        ms        ms
 GPU activities:    81.35  1.507958        10  0.150795  2.08e-03  0.697307  Kernel(Node*, int*, bool*, bool*, bool*, int*, int)
                    18.65  0.345792        10  0.034579  1.44e-03  0.109408  Kernel2(bool*, bool*, bool*, bool*, int)
      API calls:    95.36  248.0656         7  35.43794  6.84e-03  247.9594  cudaMallocManaged
                     1.98  5.154329       384  0.013422  2.34e-04  0.537705  cuDeviceGetAttribute
                     1.53  3.981625         4  0.995406  0.988745  1.003282  cuDeviceTotalMem
                     0.71  1.838533        10  0.183853  7.66e-03  0.796826  cudaDeviceSynchronize
                     0.16  0.423446         4  0.105861  0.102996  0.107800  cuDeviceGetName
                     0.14  0.367648         6  0.061274  0.027228  0.211522  cudaFree
                     0.09  0.244861        20  0.012243  9.38e-03  0.035421  cudaLaunchKernel
                     0.01  0.034523         7  4.93e-03  1.16e-03  0.025321  cudaMemAdvise
                     0.00  0.012306         4  3.08e-03  1.19e-03  7.42e-03  cuDeviceGetPCIBusId
                     0.00  3.21e-03         8  4.01e-04  3.06e-04  6.12e-04  cuDeviceGet
                     0.00  1.35e-03         3  4.51e-04  3.67e-04  5.95e-04  cuDeviceGetCount

==131130== Unified Memory profiling result:
Device "Tesla V100-SXM2-16GB (0)"
   Count  Avg Size  Min Size  Max Size  Total Size  Total Time  Name
      32  138.00KB  64.000KB  512.00KB  4.312500MB    0.182880ms  Host To Device
      15  128.00KB  64.000KB  384.00KB  1.875000MB    0.068992ms  Device To Host
      15         -         -         -           -    1.740192ms  Gpu page fault groups
       1  64.000KB  64.000KB  64.000KB  64.00000KB           -  Memory thrashes
       2  64.000KB  64.000KB  64.000KB  128.0000KB           -  Remote mapping to device
Total CPU Page faults: 20
Total CPU thrashes: 1
Total remote mappings from CPU: 2
