==123537== NVPROF is profiling process 123537, command: ./bfs_014 ../../../data/bfs/graph65536.txt
==123537== Profiling application: ./bfs_014 ../../../data/bfs/graph65536.txt
==123537== Profiling result:
            Type  Time(%)      Time     Calls       Avg       Min       Max  Name
                        %        ms                  ms        ms        ms
 GPU activities:    81.23  1.533686        10  0.153368  5.12e-03  0.670716  Kernel(Node*, int*, bool*, bool*, bool*, int*, int)
                    18.77  0.354398        10  0.035439  1.41e-03  0.126112  Kernel2(bool*, bool*, bool*, bool*, int)
      API calls:    95.32  246.0610         7  35.15157  6.78e-03  245.9666  cudaMallocManaged
                     1.99  5.137397       384  0.013378  2.34e-04  0.541794  cuDeviceGetAttribute
                     1.54  3.977482         4  0.994370  0.988487  1.001028  cuDeviceTotalMem
                     0.72  1.858364        10  0.185836  7.82e-03  0.764807  cudaDeviceSynchronize
                     0.16  0.424693         4  0.106173  0.103242  0.108103  cuDeviceGetName
                     0.15  0.386739         6  0.064456  0.027265  0.228843  cudaFree
                     0.10  0.249928        20  0.012496  9.46e-03  0.035764  cudaLaunchKernel
                     0.01  0.031442         7  4.49e-03  1.13e-03  0.021343  cudaMemAdvise
                     0.00  0.010641         4  2.66e-03  1.14e-03  5.84e-03  cuDeviceGetPCIBusId
                     0.00  3.27e-03         8  4.08e-04  3.04e-04  6.50e-04  cuDeviceGet
                     0.00  1.40e-03         3  4.65e-04  3.94e-04  5.91e-04  cuDeviceGetCount

==123537== Unified Memory profiling result:
Device "Tesla V100-SXM2-16GB (0)"
   Count  Avg Size  Min Size  Max Size  Total Size  Total Time  Name
      34  116.71KB  64.000KB  320.00KB  3.875000MB    0.176384ms  Host To Device
      15  128.00KB  64.000KB  384.00KB  1.875000MB    0.068608ms  Device To Host
      16         -         -         -           -    1.721056ms  Gpu page fault groups
       1  64.000KB  64.000KB  64.000KB  64.00000KB           -  Memory thrashes
       6  85.333KB  64.000KB  128.00KB  512.0000KB           -  Remote mapping from device
       1  64.000KB  64.000KB  64.000KB  64.00000KB           -  Remote mapping to device
Total CPU Page faults: 20
Total CPU thrashes: 1
Total remote mappings from CPU: 1
Total remote mappings to CPU: 6
