==131805== NVPROF is profiling process 131805, command: ./bfs_165 ../../../data/bfs/graph65536.txt
==131805== Profiling application: ./bfs_165 ../../../data/bfs/graph65536.txt
==131805== Profiling result:
            Type  Time(%)      Time     Calls       Avg       Min       Max  Name
                        %        ms                  ms        ms        ms
 GPU activities:    78.36  1.475479        10  0.147547  2.11e-03  0.757147  Kernel(Node*, int*, bool*, bool*, bool*, int*, int)
                    21.64  0.407549        10  0.040754  1.44e-03  0.112959  Kernel2(bool*, bool*, bool*, bool*, int)
      API calls:    95.65  263.3740         7  37.62485  6.77e-03  263.2792  cudaMallocManaged
                     1.86  5.134701       384  0.013371  2.36e-04  0.536564  cuDeviceGetAttribute
                     1.44  3.974049         4  0.993512  0.987507  0.998003  cuDeviceTotalMem
                     0.68  1.868226        10  0.186822  7.71e-03  0.843089  cudaDeviceSynchronize
                     0.15  0.423485         4  0.105871  0.103140  0.107780  cuDeviceGetName
                     0.11  0.289245         6  0.048207  0.027368  0.132135  cudaFree
                     0.09  0.245237        20  0.012261  9.38e-03  0.035394  cudaLaunchKernel
                     0.01  0.034692         7  4.96e-03  1.12e-03  0.025716  cudaMemAdvise
                     0.00  0.011796         4  2.95e-03  1.12e-03  6.88e-03  cuDeviceGetPCIBusId
                     0.00  3.23e-03         8  4.03e-04  3.03e-04  6.21e-04  cuDeviceGet
                     0.00  1.44e-03         3  4.79e-04  4.10e-04  6.17e-04  cuDeviceGetCount

==131805== Unified Memory profiling result:
Device "Tesla V100-SXM2-16GB (0)"
   Count  Avg Size  Min Size  Max Size  Total Size  Total Time  Name
      31  99.097KB  64.000KB  320.00KB  3.000000MB    0.153856ms  Host To Device
       3  64.000KB  64.000KB  64.000KB  192.0000KB  9.2480e-03ms  Device To Host
      15         -         -         -           -    1.772480ms  Gpu page fault groups
       1  64.000KB  64.000KB  64.000KB  64.00000KB           -  Memory thrashes
       4  80.000KB  64.000KB  128.00KB  320.0000KB           -  Remote mapping to device
Total CPU Page faults: 17
Total CPU thrashes: 1
Total remote mappings from CPU: 4
