==123888== NVPROF is profiling process 123888, command: ./bfs_021 ../../../data/bfs/graph65536.txt
==123888== Profiling application: ./bfs_021 ../../../data/bfs/graph65536.txt
==123888== Profiling result:
            Type  Time(%)      Time     Calls       Avg       Min       Max  Name
                        %        ms                  ms        ms        ms
 GPU activities:    72.96  1.164503        10  0.116450  2.11e-03  0.681115  Kernel(Node*, int*, bool*, bool*, bool*, int*, int)
                    27.04  0.431583        10  0.043158  1.41e-03  0.112160  Kernel2(bool*, bool*, bool*, bool*, int)
      API calls:    95.41  247.2734         7  35.32478  7.05e-03  247.1656  cudaMallocManaged
                     1.99  5.153717       384  0.013421  2.36e-04  0.561784  cuDeviceGetAttribute
                     1.54  3.989804         4  0.997451  0.988619  1.007001  cuDeviceTotalMem
                     0.61  1.579938        10  0.157993  7.68e-03  0.784093  cudaDeviceSynchronize
                     0.16  0.423839         4  0.105959  0.102878  0.108327  cuDeviceGetName
                     0.12  0.309790         6  0.051631  0.027474  0.141332  cudaFree
                     0.10  0.246913        20  0.012345  9.39e-03  0.036198  cudaLaunchKernel
                     0.06  0.164903         7  0.023557  1.16e-03  0.156240  cudaMemAdvise
                     0.00  0.011426         4  2.86e-03  1.14e-03  6.55e-03  cuDeviceGetPCIBusId
                     0.00  3.24e-03         8  4.04e-04  2.99e-04  6.76e-04  cuDeviceGet
                     0.00  1.41e-03         3  4.68e-04  3.89e-04  6.15e-04  cuDeviceGetCount

==123888== Unified Memory profiling result:
Device "Tesla V100-SXM2-16GB (0)"
   Count  Avg Size  Min Size  Max Size  Total Size  Total Time  Name
      32  102.00KB  64.000KB  320.00KB  3.187500MB    0.159808ms  Host To Device
       7  64.000KB  64.000KB  64.000KB  448.0000KB    0.021600ms  Device To Host
      15         -         -         -           -    1.485056ms  Gpu page fault groups
       1  64.000KB  64.000KB  64.000KB  64.00000KB           -  Memory thrashes
       1  64.000KB  64.000KB  64.000KB  64.00000KB           -  Remote mapping to device
Total CPU Page faults: 20
Total CPU thrashes: 1
Total remote mappings from CPU: 1
