==125088== NVPROF is profiling process 125088, command: ./bfs_040 ../../../data/bfs/graph4096.txt
==125088== Profiling application: ./bfs_040 ../../../data/bfs/graph4096.txt
==125088== Profiling result:
            Type  Time(%)      Time     Calls       Avg       Min       Max  Name
                        %        ms                  ms        ms        ms
 GPU activities:    98.27  0.650686         8  0.081335  2.08e-03  0.231103  Kernel(Node*, int*, bool*, bool*, bool*, int*, int)
                     1.73  0.011455         8  1.43e-03  1.25e-03  1.70e-03  Kernel2(bool*, bool*, bool*, bool*, int)
      API calls:    95.87  246.6264         7  35.23235  6.91e-03  246.5762  cudaMallocManaged
                     1.99  5.125686       384  0.013348  2.35e-04  0.542195  cuDeviceGetAttribute
                     1.56  4.008314         4  1.002078  0.989058  1.014018  cuDeviceTotalMem
                     0.25  0.651535         8  0.081441  7.35e-03  0.225749  cudaDeviceSynchronize
                     0.17  0.428983         4  0.107245  0.103025  0.112701  cuDeviceGetName
                     0.08  0.199128        16  0.012445  9.11e-03  0.033270  cudaLaunchKernel
                     0.07  0.175579         6  0.029263  0.025489  0.039220  cudaFree
                     0.00  0.012393         4  3.10e-03  1.19e-03  7.35e-03  cuDeviceGetPCIBusId
                     0.00  9.70e-03         6  1.62e-03  1.14e-03  3.31e-03  cudaMemAdvise
                     0.00  3.27e-03         8  4.08e-04  3.01e-04  5.90e-04  cuDeviceGet
                     0.00  1.37e-03         3  4.56e-04  3.83e-04  5.81e-04  cuDeviceGetCount

==125088== Unified Memory profiling result:
Device "Tesla V100-SXM2-16GB (0)"
   Count  Avg Size  Min Size  Max Size  Total Size  Total Time  Name
       7  73.143KB  64.000KB  128.00KB  512.0000KB    0.032192ms  Host To Device
       4  64.000KB  64.000KB  64.000KB  256.0000KB    0.012416ms  Device To Host
       6         -         -         -           -    0.607936ms  Gpu page fault groups
       1  64.000KB  64.000KB  64.000KB  64.00000KB           -  Memory thrashes
       1  64.000KB  64.000KB  64.000KB  64.00000KB           -  Remote mapping to device
Total CPU Page faults: 6
Total CPU thrashes: 1
Total remote mappings from CPU: 1
