==125040== NVPROF is profiling process 125040, command: ./bfs_040 ../../../data/bfs/graph1MW_6.txt
==125040== Profiling application: ./bfs_040 ../../../data/bfs/graph1MW_6.txt
==125040== Profiling result:
            Type  Time(%)      Time     Calls       Avg       Min       Max  Name
                        %        ms                  ms        ms        ms
 GPU activities:    97.62  12.79424        12  1.066186  6.08e-03  3.797219  Kernel(Node*, int*, bool*, bool*, bool*, int*, int)
                     2.38  0.312158        12  0.026013  4.83e-03  0.055807  Kernel2(bool*, bool*, bool*, bool*, int)
      API calls:    91.08  248.3285         7  35.47550  0.012004  247.9222  cudaMallocManaged
                     4.80  13.07488        12  1.089573  0.011081  3.804414  cudaDeviceSynchronize
                     1.88  5.132492       384  0.013365  2.35e-04  0.539640  cuDeviceGetAttribute
                     1.47  4.002701         4  1.000675  0.989396  1.020539  cuDeviceTotalMem
                     0.50  1.361217         6  0.226869  0.029649  0.604300  cudaFree
                     0.16  0.423261         4  0.105815  0.102752  0.107646  cuDeviceGetName
                     0.11  0.311185        24  0.012966  9.22e-03  0.048164  cudaLaunchKernel
                     0.00  0.011017         4  2.75e-03  1.12e-03  6.13e-03  cuDeviceGetPCIBusId
                     0.00  0.010803         6  1.80e-03  1.11e-03  3.99e-03  cudaMemAdvise
                     0.00  3.46e-03         8  4.32e-04  3.10e-04  7.63e-04  cuDeviceGet
                     0.00  1.42e-03         3  4.73e-04  3.75e-04  6.33e-04  cuDeviceGetCount

==125040== Unified Memory profiling result:
Device "Tesla V100-SXM2-16GB (0)"
   Count  Avg Size  Min Size  Max Size  Total Size  Total Time  Name
     414  93.681KB  64.000KB  704.00KB  37.87500MB    1.807168ms  Host To Device
      26  167.38KB  64.000KB  960.00KB  4.250000MB    0.132896ms  Device To Host
      36         -         -         -           -   13.029024ms  Gpu page fault groups
       1  64.000KB  64.000KB  64.000KB  64.00000KB           -  Memory thrashes
       1  64.000KB  64.000KB  64.000KB  64.00000KB           -  Remote mapping to device
Total CPU Page faults: 140
Total CPU thrashes: 1
Total remote mappings from CPU: 1
