==127356== NVPROF is profiling process 127356, command: ./bfs_101 ../../../data/bfs/graph65536.txt
==127356== Profiling application: ./bfs_101 ../../../data/bfs/graph65536.txt
==127356== Profiling result:
            Type  Time(%)      Time     Calls       Avg       Min       Max  Name
                        %        ms                  ms        ms        ms
 GPU activities:    81.65  1.534391        10  0.153439  2.11e-03  0.684220  Kernel(Node*, int*, bool*, bool*, bool*, int*, int)
                    18.35  0.344862        10  0.034486  1.44e-03  0.110271  Kernel2(bool*, bool*, bool*, bool*, int)
      API calls:    95.39  247.7846         7  35.39780  6.82e-03  247.6781  cudaMallocManaged
                     1.97  5.123646       384  0.013342  2.35e-04  0.537121  cuDeviceGetAttribute
                     1.54  3.992772         4  0.998193  0.992149  1.002887  cuDeviceTotalMem
                     0.72  1.865117        10  0.186511  7.69e-03  0.783396  cudaDeviceSynchronize
                     0.16  0.427619         4  0.106904  0.103021  0.109336  cuDeviceGetName
                     0.11  0.298381         6  0.049730  0.027288  0.142439  cudaFree
                     0.09  0.239862        20  0.011993  9.04e-03  0.034265  cudaLaunchKernel
                     0.00  0.011823         4  2.96e-03  1.13e-03  6.73e-03  cuDeviceGetPCIBusId
                     0.00  9.71e-03         6  1.62e-03  1.18e-03  3.11e-03  cudaMemAdvise
                     0.00  3.36e-03         8  4.19e-04  3.03e-04  8.20e-04  cuDeviceGet
                     0.00  1.44e-03         3  4.81e-04  4.10e-04  5.98e-04  cuDeviceGetCount

==127356== Unified Memory profiling result:
Device "Tesla V100-SXM2-16GB (0)"
   Count  Avg Size  Min Size  Max Size  Total Size  Total Time  Name
      34  139.29KB  64.000KB  512.00KB  4.625000MB    0.193312ms  Host To Device
      15  128.00KB  64.000KB  384.00KB  1.875000MB    0.068928ms  Device To Host
      15         -         -         -           -    1.766880ms  Gpu page fault groups
       1  64.000KB  64.000KB  64.000KB  64.00000KB           -  Memory thrashes
       1  64.000KB  64.000KB  64.000KB  64.00000KB           -  Remote mapping to device
Total CPU Page faults: 20
Total CPU thrashes: 1
Total remote mappings from CPU: 1
