==129708== NVPROF is profiling process 129708, command: ./bfs_134 ../../../data/bfs/graph65536.txt
==129708== Profiling application: ./bfs_134 ../../../data/bfs/graph65536.txt
==129708== Profiling result:
            Type  Time(%)      Time     Calls       Avg       Min       Max  Name
                        %        ms                  ms        ms        ms
 GPU activities:    80.18  1.455575        10  0.145557  7.68e-03  0.652796  Kernel(Node*, int*, bool*, bool*, bool*, int*, int)
                    19.82  0.359871        10  0.035987  1.44e-03  0.111872  Kernel2(bool*, bool*, bool*, bool*, int)
      API calls:    95.49  253.9084         7  36.27263  6.83e-03  253.8132  cudaMallocManaged
                     1.93  5.128660       384  0.013355  2.36e-04  0.536230  cuDeviceGetAttribute
                     1.50  3.990468         4  0.997617  0.993425  1.002747  cuDeviceTotalMem
                     0.67  1.779629        10  0.177962  7.81e-03  0.748412  cudaDeviceSynchronize
                     0.16  0.425173         4  0.106293  0.102777  0.107888  cuDeviceGetName
                     0.14  0.376830         6  0.062805  0.027177  0.221550  cudaFree
                     0.09  0.248708        20  0.012435  9.41e-03  0.035270  cudaLaunchKernel
                     0.01  0.036444         7  5.21e-03  1.32e-03  0.025700  cudaMemAdvise
                     0.00  0.010863         4  2.72e-03  1.11e-03  6.32e-03  cuDeviceGetPCIBusId
                     0.00  3.08e-03         8  3.84e-04  2.96e-04  5.85e-04  cuDeviceGet
                     0.00  1.47e-03         3  4.89e-04  3.79e-04  6.60e-04  cuDeviceGetCount

==129708== Unified Memory profiling result:
Device "Tesla V100-SXM2-16GB (0)"
   Count  Avg Size  Min Size  Max Size  Total Size  Total Time  Name
      33  131.88KB  64.000KB  512.00KB  4.250000MB    0.184448ms  Host To Device
      15  128.00KB  64.000KB  384.00KB  1.875000MB    0.070560ms  Device To Host
      15         -         -         -           -    1.614784ms  Gpu page fault groups
       1  64.000KB  64.000KB  64.000KB  64.00000KB           -  Memory thrashes
       1  64.000KB  64.000KB  64.000KB  64.00000KB           -  Remote mapping from device
       1  64.000KB  64.000KB  64.000KB  64.00000KB           -  Remote mapping to device
Total CPU Page faults: 20
Total CPU thrashes: 1
Total remote mappings from CPU: 1
Total remote mappings to CPU: 1
