==128871== NVPROF is profiling process 128871, command: ./bfs_123 ../../../data/bfs/graph4096.txt
==128871== Profiling application: ./bfs_123 ../../../data/bfs/graph4096.txt
==128871== Profiling result:
            Type  Time(%)      Time     Calls       Avg       Min       Max  Name
                        %        ms                  ms        ms        ms
 GPU activities:    84.81  0.251966         8  0.031495  2.40e-03  0.154655  Kernel(Node*, int*, bool*, bool*, bool*, int*, int)
                    15.19  0.045120         8  5.64e-03  1.25e-03  0.010016  Kernel2(bool*, bool*, bool*, bool*, int)
      API calls:    96.02  249.2457         7  35.60653  6.76e-03  249.1935  cudaMallocManaged
                     1.97  5.123977       384  0.013343  2.34e-04  0.538962  cuDeviceGetAttribute
                     1.55  4.015179         4  1.003794  0.994130  1.018451  cuDeviceTotalMem
                     0.16  0.424467         4  0.106116  0.102825  0.108011  cuDeviceGetName
                     0.11  0.278769         8  0.034846  8.74e-03  0.152955  cudaDeviceSynchronize
                     0.08  0.201569        16  0.012598  9.63e-03  0.034460  cudaLaunchKernel
                     0.07  0.190649         6  0.031774  0.027042  0.051295  cudaFree
                     0.03  0.069269         7  9.90e-03  1.08e-03  0.060890  cudaMemAdvise
                     0.00  0.011306         4  2.83e-03  1.13e-03  6.59e-03  cuDeviceGetPCIBusId
                     0.00  3.15e-03         8  3.93e-04  2.99e-04  5.88e-04  cuDeviceGet
                     0.00  1.35e-03         3  4.49e-04  3.96e-04  5.39e-04  cuDeviceGetCount

==128871== Unified Memory profiling result:
Device "Tesla V100-SXM2-16GB (0)"
   Count  Avg Size  Min Size  Max Size  Total Size  Total Time  Name
       5  64.000KB  64.000KB  64.000KB  320.0000KB    0.021152ms  Host To Device
       2  64.000KB  64.000KB  64.000KB  128.0000KB  6.3680e-03ms  Device To Host
       1         -         -         -           -    0.148064ms  Gpu page fault groups
       1  64.000KB  64.000KB  64.000KB  64.00000KB           -  Memory thrashes
       3  106.67KB  64.000KB  192.00KB  320.0000KB           -  Remote mapping from device
       1  64.000KB  64.000KB  64.000KB  64.00000KB           -  Remote mapping to device
Total CPU Page faults: 6
Total CPU thrashes: 1
Total remote mappings from CPU: 1
Total remote mappings to CPU: 3
