==127529== NVPROF is profiling process 127529, command: ./bfs_103 ../../../data/bfs/graph4096.txt
==127529== Profiling application: ./bfs_103 ../../../data/bfs/graph4096.txt
==127529== Profiling result:
            Type  Time(%)      Time     Calls       Avg       Min       Max  Name
                        %        ms                  ms        ms        ms
 GPU activities:    98.20  0.626526         8  0.078315  2.02e-03  0.239455  Kernel(Node*, int*, bool*, bool*, bool*, int*, int)
                     1.80  0.011456         8  1.43e-03  1.25e-03  1.76e-03  Kernel2(bool*, bool*, bool*, bool*, int)
      API calls:    95.89  247.1441         7  35.30631  7.02e-03  247.0932  cudaMallocManaged
                     1.99  5.138961       384  0.013382  2.34e-04  0.540451  cuDeviceGetAttribute
                     1.55  3.983066         4  0.995766  0.991380  0.997601  cuDeviceTotalMem
                     0.24  0.627848         8  0.078481  7.38e-03  0.234036  cudaDeviceSynchronize
                     0.16  0.425230         4  0.106307  0.102807  0.108621  cuDeviceGetName
                     0.08  0.204027        16  0.012751  9.73e-03  0.034717  cudaLaunchKernel
                     0.07  0.176173         6  0.029362  0.025419  0.039464  cudaFree
                     0.00  0.011200         4  2.80e-03  1.11e-03  6.62e-03  cuDeviceGetPCIBusId
                     0.00  9.29e-03         6  1.55e-03  1.13e-03  2.98e-03  cudaMemAdvise
                     0.00  3.16e-03         8  3.94e-04  3.04e-04  6.02e-04  cuDeviceGet
                     0.00  1.33e-03         3  4.42e-04  3.73e-04  5.70e-04  cuDeviceGetCount

==127529== Unified Memory profiling result:
Device "Tesla V100-SXM2-16GB (0)"
   Count  Avg Size  Min Size  Max Size  Total Size  Total Time  Name
       7  73.143KB  64.000KB  128.00KB  512.0000KB    0.033376ms  Host To Device
       4  64.000KB  64.000KB  64.000KB  256.0000KB    0.012384ms  Device To Host
       6         -         -         -           -    0.583456ms  Gpu page fault groups
       1  64.000KB  64.000KB  64.000KB  64.00000KB           -  Memory thrashes
       1  64.000KB  64.000KB  64.000KB  64.00000KB           -  Remote mapping to device
Total CPU Page faults: 6
Total CPU thrashes: 1
Total remote mappings from CPU: 1
