==126190== NVPROF is profiling process 126190, command: ./bfs_054 ../../../data/bfs/graph65536.txt
==126190== Profiling application: ./bfs_054 ../../../data/bfs/graph65536.txt
==126190== Profiling result:
            Type  Time(%)      Time     Calls       Avg       Min       Max  Name
                        %        ms                  ms        ms        ms
 GPU activities:    82.67  1.854869        10  0.185486  5.47e-03  0.647228  Kernel(Node*, int*, bool*, bool*, bool*, int*, int)
                    17.33  0.388957        10  0.038895  1.44e-03  0.128479  Kernel2(bool*, bool*, bool*, bool*, int)
      API calls:    97.05  410.7172         7  58.67388  6.48e-03  410.6116  cudaMallocManaged
                     1.22  5.177621       384  0.013483  2.34e-04  0.561271  cuDeviceGetAttribute
                     0.94  3.994075         4  0.998518  0.993753  1.003718  cuDeviceTotalMem
                     0.52  2.212981        10  0.221298  7.56e-03  0.748101  cudaDeviceSynchronize
                     0.10  0.423553         4  0.105888  0.102791  0.107919  cuDeviceGetName
                     0.09  0.375183         6  0.062530  0.027131  0.217560  cudaFree
                     0.06  0.245781        20  0.012289  9.25e-03  0.034608  cudaLaunchKernel
                     0.01  0.034779         7  4.97e-03  1.14e-03  0.024286  cudaMemAdvise
                     0.00  0.011553         4  2.89e-03  1.17e-03  6.65e-03  cuDeviceGetPCIBusId
                     0.00  3.27e-03         8  4.08e-04  3.13e-04  7.09e-04  cuDeviceGet
                     0.00  1.35e-03         3  4.50e-04  3.81e-04  5.88e-04  cuDeviceGetCount

==126190== Unified Memory profiling result:
Device "Tesla V100-SXM2-16GB (0)"
   Count  Avg Size  Min Size  Max Size  Total Size  Total Time  Name
      31  140.39KB  64.000KB  512.00KB  4.250000MB    0.175808ms  Host To Device
      15  128.00KB  64.000KB  384.00KB  1.875000MB    0.068928ms  Device To Host
      15         -         -         -           -    1.703168ms  Gpu page fault groups
       1  64.000KB  64.000KB  64.000KB  64.00000KB           -  Memory thrashes
       1  64.000KB  64.000KB  64.000KB  64.00000KB           -  Remote mapping from device
       1  64.000KB  64.000KB  64.000KB  64.00000KB           -  Remote mapping to device
Total CPU Page faults: 20
Total CPU thrashes: 1
Total remote mappings from CPU: 1
Total remote mappings to CPU: 1
