==129939== NVPROF is profiling process 129939, command: ./bfs_141 ../../../data/bfs/graph1MW_6.txt
==129939== Profiling application: ./bfs_141 ../../../data/bfs/graph1MW_6.txt
==129939== Profiling result:
            Type  Time(%)      Time     Calls       Avg       Min       Max  Name
                        %        ms                  ms        ms        ms
 GPU activities:    94.07  13.10646        12  1.092204  7.14e-03  3.337606  Kernel(Node*, int*, bool*, bool*, bool*, int*, int)
                     5.93  0.825852        12  0.068821  6.53e-03  0.288894  Kernel2(bool*, bool*, bool*, bool*, int)
      API calls:    90.70  246.5044         7  35.21492  0.011180  246.1525  cudaMallocManaged
                     5.11  13.89942        12  1.158284  0.106806  3.344905  cudaDeviceSynchronize
                     1.88  5.116849       384  0.013325  2.36e-04  0.535449  cuDeviceGetAttribute
                     1.47  3.996808         4  0.999202  0.993109  1.004545  cuDeviceTotalMem
                     0.50  1.367167         6  0.227861  0.035815  0.601509  cudaFree
                     0.16  0.425230         4  0.106307  0.103045  0.108428  cuDeviceGetName
                     0.12  0.327372        24  0.013640  0.010090  0.050222  cudaLaunchKernel
                     0.05  0.138347         7  0.019763  1.14e-03  0.129040  cudaMemAdvise
                     0.00  9.81e-03         4  2.45e-03  1.13e-03  5.09e-03  cuDeviceGetPCIBusId
                     0.00  3.13e-03         8  3.91e-04  2.89e-04  6.64e-04  cuDeviceGet
                     0.00  1.24e-03         3  4.12e-04  3.23e-04  5.28e-04  cuDeviceGetCount

==129939== Unified Memory profiling result:
Device "Tesla V100-SXM2-16GB (0)"
   Count  Avg Size  Min Size  Max Size  Total Size  Total Time  Name
     423  92.293KB  64.000KB  512.00KB  38.12500MB    1.846272ms  Host To Device
      34  143.06KB  64.000KB  960.00KB  4.750000MB    0.156832ms  Device To Host
      57         -         -         -           -   13.656576ms  Gpu page fault groups
      19  64.000KB  64.000KB  64.000KB  1.187500MB           -  Memory thrashes
Total CPU Page faults: 158
Total CPU throttles: 1
