==175498== NVPROF is profiling process 175498, command: ./lassen-executable/cfd_451 ../../data/cfd/fvcorr.domn.097K
==175498== Profiling application: ./lassen-executable/cfd_451 ../../data/cfd/fvcorr.domn.097K
==175498== Profiling result:
            Type  Time(%)      Time     Calls       Avg       Min       Max  Name
                        %        ms                  ms        ms        ms
 GPU activities:    72.21  238.0267      6000  0.039671  0.037567  2.126607  cuda_compute_flux(int, int*, float*, float*, float*)
                    18.05  59.51035      6000  9.92e-03  9.02e-03  0.011936  cuda_time_step(int, int, float*, float*, float*, float*)
                     5.69  18.76317      2000  9.38e-03  8.83e-03  0.014336  [CUDA memcpy DtoD]
                     4.04  13.30828      2000  6.65e-03  6.24e-03  0.013151  cuda_compute_step_factor(int, float*, float*, float*)
                     0.01  0.022720         3  7.57e-03  5.31e-03  0.010016  cuda_initialize_variables(int, float*)
                     0.00  6.82e-03         5  1.36e-03  1.28e-03  1.60e-03  [CUDA memcpy HtoD]
                     0.00  1.54e-03         1  1.54e-03  1.54e-03  1.54e-03  [CUDA memset]
      API calls:    49.03  329.1788         5  65.83576  0.012529  329.1269  cudaMemcpyToSymbol
                    28.73  192.9037     14003  0.013775  8.08e-03  0.099722  cudaLaunchKernel
                    13.18  88.48209      2000  0.044241  0.016454  0.053571  cudaMemcpy
                     3.03  20.36392         3  6.787973  9.46e-03  20.31328  cudaMallocManaged
                     2.72  18.27016         2  9.135077  0.013903  18.25625  cudaThreadSynchronize
                     1.07  7.183766     28003  2.56e-04  2.13e-04  0.087119  cudaGetLastError
                     0.76  5.130696       384  0.013361  2.33e-04  0.542915  cuDeviceGetAttribute
                     0.64  4.304917         4  1.076229  0.994733  1.315923  cuDeviceTotalMem
                     0.29  1.940478         4  0.485119  0.428361  0.633171  cudaMalloc
                     0.28  1.901739         7  0.271677  0.058040  0.395878  cudaFree
                     0.18  1.225505         1  1.225505  1.225505  1.225505  cudaGetDeviceProperties
                     0.06  0.424988         4  0.106247  0.102829  0.107979  cuDeviceGetName
                     0.00  0.023503         1  0.023503  0.023503  0.023503  cudaMemset
                     0.00  0.021455         2  0.010727  9.57e-03  0.011880  cudaMemAdvise
                     0.00  0.011683         1  0.011683  0.011683  0.011683  cudaSetDevice
                     0.00  0.010504         4  2.63e-03  1.30e-03  5.96e-03  cuDeviceGetPCIBusId
                     0.00  3.54e-03         8  4.42e-04  2.98e-04  6.41e-04  cuDeviceGet
                     0.00  1.66e-03         1  1.66e-03  1.66e-03  1.66e-03  cudaGetDevice
                     0.00  1.57e-03         3  5.24e-04  4.10e-04  6.76e-04  cuDeviceGetCount

==175498== Unified Memory profiling result:
Device "Tesla V100-SXM2-16GB (0)"
   Count  Avg Size  Min Size  Max Size  Total Size  Total Time  Name
      35  140.80KB  64.000KB  768.00KB  4.812500MB    0.163680ms  Host To Device
      11         -         -         -           -    2.076480ms  Gpu page fault groups
      13  147.69KB  64.000KB  384.00KB  1.875000MB           -  Remote mapping from device
Total CPU Page faults: 38
Total remote mappings to CPU: 13
