==157014== NVPROF is profiling process 157014, command: ./lassen-executable/cfd_231 ../../data/cfd/missile.domn.0.2M
==157014== Profiling application: ./lassen-executable/cfd_231 ../../data/cfd/missile.domn.0.2M
==157014== Profiling result:
            Type  Time(%)      Time     Calls       Avg       Min       Max  Name
                        %        ms                  ms        ms        ms
 GPU activities:    67.45  415.5433      6000  0.069257  0.059711  2.978278  cuda_compute_flux(int, int*, float*, float*, float*)
                    21.84  134.5362      6000  0.022422  0.020960  0.025504  cuda_time_step(int, int, float*, float*, float*, float*)
                     5.93  36.53154      2000  0.018265  0.017600  0.020608  [CUDA memcpy DtoD]
                     4.77  29.38077      2000  0.014690  0.012928  0.637466  cuda_compute_step_factor(int, float*, float*, float*)
                     0.01  0.036064         3  0.012021  8.96e-03  0.013824  cuda_initialize_variables(int, float*)
                     0.00  6.82e-03         5  1.36e-03  1.28e-03  1.63e-03  [CUDA memcpy HtoD]
                     0.00  1.54e-03         1  1.54e-03  1.54e-03  1.54e-03  [CUDA memset]
      API calls:    39.66  381.8399     14003  0.027268  8.06e-03  0.148743  cudaLaunchKernel
                    34.75  334.5943         5  66.91885  0.012221  334.5433  cudaMemcpyToSymbol
                    17.54  168.8433      2000  0.084421  0.016647  0.096483  cudaMemcpy
                     3.58  34.48149         2  17.24074  0.014921  34.46656  cudaThreadSynchronize
                     2.12  20.39915         3  6.799715  0.039462  20.31803  cudaMallocManaged
                     0.76  7.312075     28003  2.61e-04  2.09e-04  0.082192  cudaGetLastError
                     0.54  5.153751       384  0.013421  2.34e-04  0.553580  cuDeviceGetAttribute
                     0.42  4.053380         4  1.013345  0.987294  1.074388  cuDeviceTotalMem
                     0.23  2.224508         7  0.317786  0.189383  0.408024  cudaFree
                     0.22  2.150289         4  0.537572  0.436892  0.713332  cudaMalloc
                     0.13  1.225744         1  1.225744  1.225744  1.225744  cudaGetDeviceProperties
                     0.05  0.459054         4  0.114763  0.103546  0.138029  cuDeviceGetName
                     0.00  0.022712         1  0.022712  0.022712  0.022712  cudaMemset
                     0.00  0.017871         2  8.93e-03  6.61e-03  0.011260  cudaMemAdvise
                     0.00  0.011468         4  2.87e-03  1.28e-03  6.29e-03  cuDeviceGetPCIBusId
                     0.00  9.80e-03         1  9.80e-03  9.80e-03  9.80e-03  cudaSetDevice
                     0.00  4.19e-03         8  5.23e-04  3.13e-04  8.77e-04  cuDeviceGet
                     0.00  1.82e-03         3  6.07e-04  5.45e-04  6.58e-04  cuDeviceGetCount
                     0.00  1.57e-03         1  1.57e-03  1.57e-03  1.57e-03  cudaGetDevice

==157014== Unified Memory profiling result:
Device "Tesla V100-SXM2-16GB (0)"
   Count  Avg Size  Min Size  Max Size  Total Size  Total Time  Name
      60  198.40KB  64.000KB  832.00KB  11.62500MB    0.324000ms  Host To Device
      18         -         -         -           -    3.511008ms  Gpu page fault groups
       2  1.7813MB  1.5625MB  2.0000MB  3.562500MB           -  Remote mapping to device
Total CPU Page faults: 82
Total remote mappings from CPU: 2
