==169764== NVPROF is profiling process 169764, command: ./lassen-executable/cfd_401 ../../data/cfd/missile.domn.0.2M
==169764== Profiling application: ./lassen-executable/cfd_401 ../../data/cfd/missile.domn.0.2M
==169764== Profiling result:
            Type  Time(%)      Time     Calls       Avg       Min       Max  Name
                        %        ms                  ms        ms        ms
 GPU activities:    66.71  408.5830      6000  0.068097  0.059072  2.843335  cuda_compute_flux(int, int*, float*, float*, float*)
                    22.66  138.7748      6000  0.023129  0.021152  0.025184  cuda_time_step(int, int, float*, float*, float*, float*)
                     5.93  36.31600      2000  0.018158  0.017472  0.020640  [CUDA memcpy DtoD]
                     4.65  28.48007      2000  0.014240  0.012672  0.023936  cuda_compute_step_factor(int, float*, float*, float*)
                     0.04  0.255646         6  0.042607  1.31e-03  0.248734  [CUDA memcpy HtoD]
                     0.01  0.035264         3  0.011754  8.54e-03  0.013696  cuda_initialize_variables(int, float*)
                     0.00  1.54e-03         1  1.54e-03  1.54e-03  1.54e-03  [CUDA memset]
      API calls:    39.51  379.3960     14003  0.027093  8.06e-03  0.097615  cudaLaunchKernel
                    34.35  329.8586         5  65.97172  0.011952  329.8083  cudaMemcpyToSymbol
                    17.54  168.4384      2001  0.084177  0.016688  0.377781  cudaMemcpy
                     3.58  34.36217         2  17.18109  0.011601  34.35057  cudaThreadSynchronize
                     2.12  20.32308         2  10.16154  0.042244  20.28083  cudaMallocManaged
                     0.90  8.673864       384  0.022588  2.32e-04  1.219367  cuDeviceGetAttribute
                     0.77  7.432134     28003  2.65e-04  2.13e-04  0.082154  cudaGetLastError
                     0.51  4.940045         4  1.235011  0.993232  1.404657  cuDeviceTotalMem
                     0.28  2.690547         5  0.538109  0.435853  0.709942  cudaMalloc
                     0.23  2.205206         7  0.315029  0.177945  0.402647  cudaFree
                     0.13  1.221759         1  1.221759  1.221759  1.221759  cudaGetDeviceProperties
                     0.07  0.626337         4  0.156584  0.107515  0.196319  cuDeviceGetName
                     0.00  0.020800         1  0.020800  0.020800  0.020800  cudaMemset
                     0.00  0.012084         1  0.012084  0.012084  0.012084  cudaMemAdvise
                     0.00  0.011171         1  0.011171  0.011171  0.011171  cudaSetDevice
                     0.00  0.010580         4  2.64e-03  1.29e-03  5.75e-03  cuDeviceGetPCIBusId
                     0.00  4.18e-03         8  5.22e-04  3.03e-04  8.01e-04  cuDeviceGet
                     0.00  1.78e-03         3  5.94e-04  4.37e-04  7.09e-04  cuDeviceGetCount
                     0.00  1.71e-03         1  1.71e-03  1.71e-03  1.71e-03  cudaGetDevice

==169764== Unified Memory profiling result:
Device "Tesla V100-SXM2-16GB (0)"
   Count  Avg Size  Min Size  Max Size  Total Size  Total Time  Name
      61  195.15KB  64.000KB  832.00KB  11.62500MB    0.322688ms  Host To Device
      13         -         -         -           -    2.768096ms  Gpu page fault groups
       5  192.00KB  64.000KB  448.00KB  960.0000KB           -  Remote mapping from device
Total CPU Page faults: 70
Total remote mappings to CPU: 5
