==10039== NVPROF is profiling process 10039, command: ./lassen-executable/cfd_626 ../../data/cfd/fvcorr.domn.097K
==10039== Profiling application: ./lassen-executable/cfd_626 ../../data/cfd/fvcorr.domn.097K
==10039== Profiling result:
            Type  Time(%)      Time     Calls       Avg       Min       Max  Name
                        %        ms                  ms        ms        ms
 GPU activities:    68.42  194.3074      6000  0.032384  0.030560  1.980623  cuda_compute_flux(int, int*, float*, float*, float*)
                    20.82  59.14281      6000  9.86e-03  9.18e-03  0.011072  cuda_time_step(int, int, float*, float*, float*, float*)
                     6.33  17.98299      2000  8.99e-03  8.86e-03  0.014240  [CUDA memcpy DtoD]
                     4.42  12.54535      2000  6.27e-03  5.82e-03  0.565531  cuda_compute_step_factor(int, float*, float*, float*)
                     0.01  0.022880         3  7.63e-03  5.31e-03  9.82e-03  cuda_initialize_variables(int, float*)
                     0.00  6.78e-03         5  1.36e-03  1.28e-03  1.60e-03  [CUDA memcpy HtoD]
                     0.00  1.54e-03         1  1.54e-03  1.54e-03  1.54e-03  [CUDA memset]
      API calls:    52.54  328.9243         5  65.78486  0.012283  328.8734  cudaMemcpyToSymbol
                    26.28  164.5335     14003  0.011749  8.02e-03  0.088970  cudaLaunchKernel
                    11.96  74.89573      2000  0.037447  0.016487  0.046517  cudaMemcpy
                     3.25  20.35324         3  6.784412  0.010343  20.30414  cudaMallocManaged
                     2.50  15.63756         2  7.818781  0.014382  15.62318  cudaThreadSynchronize
                     1.14  7.133721     28003  2.54e-04  2.09e-04  0.097218  cudaGetLastError
                     0.82  5.105797       384  0.013296  2.33e-04  0.536165  cuDeviceGetAttribute
                     0.63  3.975270         4  0.993817  0.985906  0.999979  cuDeviceTotalMem
                     0.31  1.913686         4  0.478421  0.423854  0.614816  cudaMalloc
                     0.30  1.856307         7  0.265186  0.087914  0.360846  cudaFree
                     0.20  1.224484         1  1.224484  1.224484  1.224484  cudaGetDeviceProperties
                     0.07  0.423290         4  0.105822  0.102815  0.107733  cuDeviceGetName
                     0.00  0.024766         3  8.26e-03  4.15e-03  0.012624  cudaMemAdvise
                     0.00  0.023422         1  0.023422  0.023422  0.023422  cudaMemset
                     0.00  0.011123         1  0.011123  0.011123  0.011123  cudaSetDevice
                     0.00  0.010555         4  2.64e-03  1.27e-03  6.19e-03  cuDeviceGetPCIBusId
                     0.00  3.61e-03         8  4.50e-04  2.99e-04  1.02e-03  cuDeviceGet
                     0.00  1.55e-03         3  5.16e-04  4.40e-04  6.66e-04  cuDeviceGetCount
                     0.00  1.50e-03         1  1.50e-03  1.50e-03  1.50e-03  cudaGetDevice

==10039== Unified Memory profiling result:
Device "Tesla V100-SXM2-16GB (0)"
   Count  Avg Size  Min Size  Max Size  Total Size  Total Time  Name
      40  163.20KB  64.000KB  896.00KB  6.375000MB    0.201024ms  Host To Device
      12         -         -         -           -    2.486400ms  Gpu page fault groups
      19  259.37KB  64.000KB  960.00KB  4.812500MB           -  Remote mapping to device
Total CPU Page faults: 61
Total remote mappings from CPU: 19
