==159690== NVPROF is profiling process 159690, command: ./lassen-executable/cfd_254 ../../data/cfd/fvcorr.domn.097K
==159690== Profiling application: ./lassen-executable/cfd_254 ../../data/cfd/fvcorr.domn.097K
==159690== Profiling result:
            Type  Time(%)      Time     Calls       Avg       Min       Max  Name
                        %        ms                  ms        ms        ms
 GPU activities:    72.34  238.7636      6000  0.039793  0.037760  1.799665  cuda_compute_flux(int, int*, float*, float*, float*)
                    17.91  59.13327      6000  9.86e-03  8.90e-03  0.015072  cuda_time_step(int, int, float*, float*, float*, float*)
                     5.70  18.81502      2000  9.41e-03  8.83e-03  0.013600  [CUDA memcpy DtoD]
                     4.04  13.33659      2000  6.67e-03  5.82e-03  0.515963  cuda_compute_step_factor(int, float*, float*, float*)
                     0.01  0.022592         3  7.53e-03  5.31e-03  9.73e-03  cuda_initialize_variables(int, float*)
                     0.00  6.88e-03         5  1.38e-03  1.31e-03  1.63e-03  [CUDA memcpy HtoD]
                     0.00  1.50e-03         1  1.50e-03  1.50e-03  1.50e-03  [CUDA memset]
      API calls:    49.06  330.4774         5  66.09549  0.012358  330.4262  cudaMemcpyToSymbol
                    28.69  193.2693     14003  0.013801  7.99e-03  0.098220  cudaLaunchKernel
                    13.27  89.39035      2000  0.044695  0.016709  0.053489  cudaMemcpy
                     3.02  20.34010         3  6.780034  9.76e-03  20.29075  cudaMallocManaged
                     2.71  18.27580         2  9.137901  0.014372  18.26143  cudaThreadSynchronize
                     1.08  7.244595     28003  2.58e-04  2.08e-04  0.097052  cudaGetLastError
                     0.76  5.110543       384  0.013308  2.32e-04  0.536168  cuDeviceGetAttribute
                     0.59  3.978509         4  0.994627  0.986937  1.001529  cuDeviceTotalMem
                     0.29  1.931898         4  0.482974  0.425355  0.626971  cudaMalloc
                     0.29  1.931200         7  0.275885  0.075762  0.404780  cudaFree
                     0.18  1.219736         1  1.219736  1.219736  1.219736  cudaGetDeviceProperties
                     0.06  0.425388         4  0.106347  0.102646  0.108885  cuDeviceGetName
                     0.00  0.027163         3  9.05e-03  5.34e-03  0.011705  cudaMemAdvise
                     0.00  0.023457         1  0.023457  0.023457  0.023457  cudaMemset
                     0.00  0.011517         4  2.88e-03  1.28e-03  6.89e-03  cuDeviceGetPCIBusId
                     0.00  0.011038         1  0.011038  0.011038  0.011038  cudaSetDevice
                     0.00  3.24e-03         8  4.05e-04  2.95e-04  5.42e-04  cuDeviceGet
                     0.00  1.75e-03         1  1.75e-03  1.75e-03  1.75e-03  cudaGetDevice
                     0.00  1.60e-03         3  5.34e-04  4.51e-04  6.89e-04  cuDeviceGetCount

==159690== Unified Memory profiling result:
Device "Tesla V100-SXM2-16GB (0)"
   Count  Avg Size  Min Size  Max Size  Total Size  Total Time  Name
      41  121.76KB  64.000KB  960.00KB  4.875000MB    0.183520ms  Host To Device
      12         -         -         -           -    2.235584ms  Gpu page fault groups
      54  113.78KB  64.000KB  320.00KB  6.000000MB           -  Remote mapping from device
Total CPU Page faults: 40
Total remote mappings to CPU: 54
