==1134== NVPROF is profiling process 1134, command: ./lassen-executable/cfd_522 ../../data/cfd/missile.domn.0.2M
==1134== Profiling application: ./lassen-executable/cfd_522 ../../data/cfd/missile.domn.0.2M
==1134== Profiling result:
            Type  Time(%)      Time     Calls       Avg       Min       Max  Name
                        %        ms                  ms        ms        ms
 GPU activities:    65.19  402.2436      6000  0.067040  0.057856  3.495137  cuda_compute_flux(int, int*, float*, float*, float*)
                    22.27  137.4255      6000  0.022904  0.021248  0.025312  cuda_time_step(int, int, float*, float*, float*, float*)
                     6.61  40.81278      2000  0.020406  0.019328  0.669658  cuda_compute_step_factor(int, float*, float*, float*)
                     5.92  36.50734      2000  0.018253  0.017536  0.020512  [CUDA memcpy DtoD]
                     0.01  0.036096         3  0.012032  9.28e-03  0.013696  cuda_initialize_variables(int, float*)
                     0.00  7.01e-03         5  1.40e-03  1.31e-03  1.76e-03  [CUDA memcpy HtoD]
                     0.00  1.54e-03         1  1.54e-03  1.54e-03  1.54e-03  [CUDA memset]
      API calls:    40.35  386.9841     14003  0.027635  8.03e-03  0.098599  cudaLaunchKernel
                    34.26  328.6006         5  65.72013  0.011782  328.5516  cudaMemcpyToSymbol
                    17.30  165.8891      2000  0.082944  0.016774  0.100210  cudaMemcpy
                     3.61  34.58873         2  17.29436  0.015033  34.57370  cudaThreadSynchronize
                     2.13  20.40503         3  6.801677  0.039539  20.32273  cudaMallocManaged
                     0.77  7.379946     28003  2.63e-04  2.09e-04  0.082141  cudaGetLastError
                     0.54  5.133849       384  0.013369  2.34e-04  0.536239  cuDeviceGetAttribute
                     0.41  3.973926         4  0.993481  0.986880  0.997420  cuDeviceTotalMem
                     0.23  2.182162         4  0.545540  0.437013  0.739362  cudaMalloc
                     0.23  2.177771         7  0.311110  0.215002  0.430279  cudaFree
                     0.13  1.220289         1  1.220289  1.220289  1.220289  cudaGetDeviceProperties
                     0.04  0.426185         4  0.106546  0.102686  0.109516  cuDeviceGetName
                     0.00  0.023993         1  0.023993  0.023993  0.023993  cudaMemset
                     0.00  0.022183         3  7.39e-03  3.90e-03  0.013383  cudaMemAdvise
                     0.00  0.010481         4  2.62e-03  1.28e-03  5.71e-03  cuDeviceGetPCIBusId
                     0.00  0.010465         1  0.010465  0.010465  0.010465  cudaSetDevice
                     0.00  3.31e-03         8  4.13e-04  3.07e-04  5.67e-04  cuDeviceGet
                     0.00  1.56e-03         3  5.21e-04  4.06e-04  7.05e-04  cuDeviceGetCount
                     0.00  1.55e-03         1  1.55e-03  1.55e-03  1.55e-03  cudaGetDevice

==1134== Unified Memory profiling result:
Device "Tesla V100-SXM2-16GB (0)"
   Count  Avg Size  Min Size  Max Size  Total Size  Total Time  Name
      67  217.79KB  64.000KB  960.00KB  14.25000MB    0.380992ms  Host To Device
      21         -         -         -           -    4.262112ms  Gpu page fault groups
       6  160.00KB  64.000KB  256.00KB  960.0000KB           -  Remote mapping from device
Total CPU Page faults: 229
Total remote mappings to CPU: 6
