==151690== NVPROF is profiling process 151690, command: ./lassen-executable/cfd_155 ../../data/cfd/fvcorr.domn.097K
==151690== Profiling application: ./lassen-executable/cfd_155 ../../data/cfd/fvcorr.domn.097K
==151690== Profiling result:
            Type  Time(%)      Time     Calls       Avg       Min       Max  Name
                        %        ms                  ms        ms        ms
 GPU activities:    88.23  615.6910      6000  0.102615  0.100831  1.720050  cuda_compute_flux(int, int*, float*, float*, float*)
                     7.18  50.08958      6000  8.35e-03  7.55e-03  9.54e-03  cuda_time_step(int, int, float*, float*, float*, float*)
                     2.62  18.30721      2000  9.15e-03  8.70e-03  0.014304  [CUDA memcpy DtoD]
                     1.96  13.67917      2000  6.84e-03  6.27e-03  0.528411  cuda_compute_step_factor(int, float*, float*, float*)
                     0.00  0.022176         3  7.39e-03  5.34e-03  9.89e-03  cuda_initialize_variables(int, float*)
                     0.00  6.94e-03         5  1.39e-03  1.31e-03  1.63e-03  [CUDA memcpy HtoD]
                     0.00  1.54e-03         1  1.54e-03  1.54e-03  1.54e-03  [CUDA memset]
      API calls:    40.67  423.8734     14003  0.030270  8.06e-03  0.215234  cudaLaunchKernel
                    31.80  331.3824         5  66.27649  0.011894  331.3332  cudaMemcpyToSymbol
                    19.68  205.0475      2000  0.102523  0.016413  0.119102  cudaMemcpy
                     3.76  39.21020         2  19.60510  0.013551  39.19665  cudaThreadSynchronize
                     1.95  20.37032         3  6.790107  9.57e-03  20.32146  cudaMallocManaged
                     0.71  7.405717     28003  2.64e-04  2.11e-04  0.121719  cudaGetLastError
                     0.49  5.133610       384  0.013368  2.32e-04  0.541318  cuDeviceGetAttribute
                     0.38  3.979687         4  0.994921  0.987774  1.002563  cuDeviceTotalMem
                     0.20  2.115940         7  0.302277  0.078172  0.442571  cudaFree
                     0.18  1.912778         4  0.478194  0.424127  0.620048  cudaMalloc
                     0.12  1.219920         1  1.219920  1.219920  1.219920  cudaGetDeviceProperties
                     0.04  0.425039         4  0.106259  0.103386  0.107974  cuDeviceGetName
                     0.00  0.023264         1  0.023264  0.023264  0.023264  cudaMemset
                     0.00  0.018668         2  9.33e-03  4.39e-03  0.014275  cudaMemAdvise
                     0.00  0.011040         1  0.011040  0.011040  0.011040  cudaSetDevice
                     0.00  0.010767         4  2.69e-03  1.37e-03  5.84e-03  cuDeviceGetPCIBusId
                     0.00  3.47e-03         8  4.34e-04  2.99e-04  6.19e-04  cuDeviceGet
                     0.00  1.56e-03         3  5.18e-04  4.18e-04  6.51e-04  cuDeviceGetCount
                     0.00  1.48e-03         1  1.48e-03  1.48e-03  1.48e-03  cudaGetDevice

==151690== Unified Memory profiling result:
Device "Tesla V100-SXM2-16GB (0)"
   Count  Avg Size  Min Size  Max Size  Total Size  Total Time  Name
       2  160.00KB  128.00KB  192.00KB  320.0000KB  9.7920e-03ms  Host To Device
      15         -         -         -           -    2.188224ms  Gpu page fault groups
      48  129.33KB  64.000KB  320.00KB  6.062500MB           -  Remote mapping from device
Total CPU Page faults: 7
Total remote mappings to CPU: 48
