==2589== NVPROF is profiling process 2589, command: ./lassen-executable/cfd_534 ../../data/cfd/fvcorr.domn.097K
==2589== Profiling application: ./lassen-executable/cfd_534 ../../data/cfd/fvcorr.domn.097K
==2589== Profiling result:
            Type  Time(%)      Time     Calls       Avg       Min       Max  Name
                        %        ms                  ms        ms        ms
 GPU activities:    67.47  201.7362      6000  0.033622  0.031552  1.273525  cuda_compute_flux(int, int*, float*, float*, float*)
                    19.36  57.88822      6000  9.65e-03  8.99e-03  0.011136  cuda_time_step(int, int, float*, float*, float*, float*)
                     7.13  21.31627      2000  0.010658  0.010399  0.397117  cuda_compute_step_factor(int, float*, float*, float*)
                     6.02  18.00922      2000  9.00e-03  8.90e-03  0.013983  [CUDA memcpy DtoD]
                     0.01  0.022015         3  7.34e-03  5.31e-03  9.54e-03  cuda_initialize_variables(int, float*)
                     0.00  6.78e-03         5  1.36e-03  1.28e-03  1.60e-03  [CUDA memcpy HtoD]
                     0.00  1.54e-03         1  1.54e-03  1.54e-03  1.54e-03  [CUDA memset]
      API calls:    51.32  328.9085         5  65.78169  0.012494  328.8573  cudaMemcpyToSymbol
                    27.52  176.3860     14003  0.012596  7.98e-03  0.090158  cudaLaunchKernel
                    11.98  76.77964      2000  0.038389  0.016535  0.045881  cudaMemcpy
                     3.18  20.36700         3  6.788999  9.46e-03  20.31687  cudaMallocManaged
                     2.58  16.54260         2  8.271298  0.014388  16.52821  cudaThreadSynchronize
                     1.12  7.186000     28003  2.56e-04  2.07e-04  0.092796  cudaGetLastError
                     0.80  5.120735       384  0.013335  2.32e-04  0.537673  cuDeviceGetAttribute
                     0.62  3.971790         4  0.992947  0.988401  0.995864  cuDeviceTotalMem
                     0.31  1.962095         7  0.280299  0.061572  0.407153  cudaFree
                     0.30  1.929262         4  0.482315  0.425188  0.618830  cudaMalloc
                     0.19  1.220664         1  1.220664  1.220664  1.220664  cudaGetDeviceProperties
                     0.07  0.422387         4  0.105596  0.102813  0.107562  cuDeviceGetName
                     0.00  0.027321         3  9.11e-03  4.95e-03  0.013431  cudaMemAdvise
                     0.00  0.024100         1  0.024100  0.024100  0.024100  cudaMemset
                     0.00  0.011276         1  0.011276  0.011276  0.011276  cudaSetDevice
                     0.00  9.98e-03         4  2.49e-03  1.30e-03  5.29e-03  cuDeviceGetPCIBusId
                     0.00  3.06e-03         8  3.82e-04  3.01e-04  5.37e-04  cuDeviceGet
                     0.00  1.54e-03         3  5.14e-04  4.16e-04  6.68e-04  cuDeviceGetCount
                     0.00  1.50e-03         1  1.50e-03  1.50e-03  1.50e-03  cudaGetDevice

==2589== Unified Memory profiling result:
Device "Tesla V100-SXM2-16GB (0)"
   Count  Avg Size  Min Size  Max Size  Total Size  Total Time  Name
      36  128.00KB  64.000KB  960.00KB  4.500000MB    0.161344ms  Host To Device
       5         -         -         -           -    1.767712ms  Gpu page fault groups
      47  104.85KB  64.000KB  256.00KB  4.812500MB           -  Remote mapping from device
       2  800.00KB  64.000KB  1.5000MB  1.562500MB           -  Remote mapping to device
Total CPU Page faults: 36
Total remote mappings from CPU: 2
Total remote mappings to CPU: 47
