==156363== NVPROF is profiling process 156363, command: ./lassen-executable/cfd_225 ../../data/cfd/fvcorr.domn.193K
==156363== Profiling application: ./lassen-executable/cfd_225 ../../data/cfd/fvcorr.domn.193K
==156363== Profiling result:
            Type  Time(%)      Time     Calls       Avg       Min       Max  Name
                        %        ms                  ms        ms        ms
 GPU activities:    84.22  899.4939      6000  0.149915  0.147711  2.556649  cuda_compute_flux(int, int*, float*, float*, float*)
                    11.29  120.6217      6000  0.020103  0.018432  0.023072  cuda_time_step(int, int, float*, float*, float*, float*)
                     2.28  24.40046      2000  0.012200  0.011456  0.015232  [CUDA memcpy DtoD]
                     2.19  23.43695      2000  0.011718  0.010368  0.594107  cuda_compute_step_factor(int, float*, float*, float*)
                     0.00  0.028032         3  9.34e-03  7.01e-03  0.013472  cuda_initialize_variables(int, float*)
                     0.00  6.85e-03         5  1.37e-03  1.31e-03  1.60e-03  [CUDA memcpy HtoD]
                     0.00  1.54e-03         1  1.54e-03  1.54e-03  1.54e-03  [CUDA memset]
      API calls:    48.95  692.8630     14003  0.049479  7.97e-03  0.150212  cudaLaunchKernel
                    23.56  333.4130         5  66.68259  0.012167  333.3622  cudaMemcpyToSymbol
                    19.65  278.0900      2000  0.139045  0.010471  0.159901  cudaMemcpy
                     4.79  67.76835         2  33.88418  0.016216  67.75214  cudaThreadSynchronize
                     1.44  20.40046         3  6.800154  0.037266  20.32369  cudaMallocManaged
                     0.53  7.459905     28003  2.66e-04  2.09e-04  0.139661  cudaGetLastError
                     0.36  5.145612       384  0.013400  2.34e-04  0.536683  cuDeviceGetAttribute
                     0.28  3.978807         4  0.994701  0.987147  0.999912  cuDeviceTotalMem
                     0.17  2.470316         7  0.352902  0.197948  0.736282  cudaFree
                     0.15  2.057912         4  0.514478  0.429078  0.678800  cudaMalloc
                     0.09  1.222279         1  1.222279  1.222279  1.222279  cudaGetDeviceProperties
                     0.03  0.424994         4  0.106248  0.103322  0.108044  cuDeviceGetName
                     0.00  0.023850         3  7.95e-03  4.12e-03  0.012620  cudaMemAdvise
                     0.00  0.023282         1  0.023282  0.023282  0.023282  cudaMemset
                     0.00  0.012074         1  0.012074  0.012074  0.012074  cudaSetDevice
                     0.00  0.011102         4  2.77e-03  1.24e-03  6.46e-03  cuDeviceGetPCIBusId
                     0.00  3.30e-03         8  4.12e-04  2.98e-04  5.84e-04  cuDeviceGet
                     0.00  1.71e-03         1  1.71e-03  1.71e-03  1.71e-03  cudaGetDevice
                     0.00  1.51e-03         3  5.04e-04  4.02e-04  6.28e-04  cuDeviceGetCount

==156363== Unified Memory profiling result:
Device "Tesla V100-SXM2-16GB (0)"
   Count  Avg Size  Min Size  Max Size  Total Size  Total Time  Name
      21  182.86KB  64.000KB  384.00KB  3.750000MB    0.109056ms  Host To Device
      23         -         -         -           -    3.046080ms  Gpu page fault groups
      76  119.58KB  64.000KB  384.00KB  8.875000MB           -  Remote mapping from device
Total CPU Page faults: 65
Total remote mappings to CPU: 76
