==165299== NVPROF is profiling process 165299, command: ./lassen-executable/cfd_332 ../../data/cfd/missile.domn.0.2M
==165299== Profiling application: ./lassen-executable/cfd_332 ../../data/cfd/missile.domn.0.2M
==165299== Profiling result:
            Type  Time(%)      Time     Calls       Avg       Min       Max  Name
                        %        ms                  ms        ms        ms
 GPU activities:    67.51  421.3076      6000  0.070217  0.060288  2.835559  cuda_compute_flux(int, int*, float*, float*, float*)
                    22.01  137.3498      6000  0.022891  0.020959  0.025855  cuda_time_step(int, int, float*, float*, float*, float*)
                     5.83  36.36537      2000  0.018182  0.017568  0.020320  [CUDA memcpy DtoD]
                     4.64  28.98517      2000  0.014492  0.013120  0.242174  cuda_compute_step_factor(int, float*, float*, float*)
                     0.01  0.035840         3  0.011946  8.86e-03  0.013664  cuda_initialize_variables(int, float*)
                     0.00  6.88e-03         5  1.38e-03  1.31e-03  1.63e-03  [CUDA memcpy HtoD]
                     0.00  1.54e-03         1  1.54e-03  1.54e-03  1.54e-03  [CUDA memset]
      API calls:    40.08  387.5445     14003  0.027675  7.97e-03  0.105363  cudaLaunchKernel
                    34.05  329.2307         5  65.84613  0.012203  329.1801  cudaMemcpyToSymbol
                    17.80  172.0963      2000  0.086048  0.016769  0.096389  cudaMemcpy
                     3.62  35.02611         2  17.51306  0.016005  35.01011  cudaThreadSynchronize
                     2.11  20.39495         3  6.798316  0.037630  20.31731  cudaMallocManaged
                     0.77  7.408448     28003  2.64e-04  2.08e-04  0.086297  cudaGetLastError
                     0.53  5.111946       384  0.013312  2.36e-04  0.534776  cuDeviceGetAttribute
                     0.41  3.977660         4  0.994415  0.987230  0.998537  cuDeviceTotalMem
                     0.24  2.317515         7  0.331073  0.235011  0.442257  cudaFree
                     0.22  2.140404         4  0.535101  0.435312  0.705785  cudaMalloc
                     0.13  1.232576         1  1.232576  1.232576  1.232576  cudaGetDeviceProperties
                     0.04  0.425386         4  0.106346  0.103598  0.108132  cuDeviceGetName
                     0.00  0.022863         1  0.022863  0.022863  0.022863  cudaMemset
                     0.00  0.022079         3  7.36e-03  4.50e-03  0.012962  cudaMemAdvise
                     0.00  0.011322         4  2.83e-03  1.26e-03  6.45e-03  cuDeviceGetPCIBusId
                     0.00  0.010543         1  0.010543  0.010543  0.010543  cudaSetDevice
                     0.00  4.21e-03         8  5.25e-04  3.11e-04  8.36e-04  cuDeviceGet
                     0.00  1.69e-03         3  5.63e-04  4.73e-04  6.80e-04  cuDeviceGetCount
                     0.00  1.63e-03         1  1.63e-03  1.63e-03  1.63e-03  cudaGetDevice

==165299== Unified Memory profiling result:
Device "Tesla V100-SXM2-16GB (0)"
   Count  Avg Size  Min Size  Max Size  Total Size  Total Time  Name
      57  192.00KB  64.000KB  832.00KB  10.68750MB    0.301920ms  Host To Device
      13         -         -         -           -    2.981088ms  Gpu page fault groups
       3  1.5000MB  960.00KB  2.0000MB  4.500000MB           -  Remote mapping to device
Total CPU Page faults: 174
Total remote mappings from CPU: 3
