==1793== NVPROF is profiling process 1793, command: ./lassen-executable/cfd_526 ../../data/cfd/fvcorr.domn.193K
==1793== Profiling application: ./lassen-executable/cfd_526 ../../data/cfd/fvcorr.domn.193K
==1793== Profiling result:
            Type  Time(%)      Time     Calls       Avg       Min       Max  Name
                        %        ms                  ms        ms        ms
 GPU activities:    63.95  314.4793      6000  0.052413  0.050048  3.383235  cuda_compute_flux(int, int*, float*, float*, float*)
                    24.32  119.5683      6000  0.019928  0.018528  0.021792  cuda_time_step(int, int, float*, float*, float*, float*)
                     6.93  34.10050      2000  0.017050  0.016543  0.513531  cuda_compute_step_factor(int, float*, float*, float*)
                     4.79  23.55151      2000  0.011775  0.011232  0.014656  [CUDA memcpy DtoD]
                     0.01  0.027168         3  9.06e-03  6.78e-03  0.012768  cuda_initialize_variables(int, float*)
                     0.00  6.78e-03         5  1.36e-03  1.28e-03  1.60e-03  [CUDA memcpy HtoD]
                     0.00  1.54e-03         1  1.54e-03  1.54e-03  1.54e-03  [CUDA memset]
      API calls:    40.24  335.3663     14003  0.023949  8.02e-03  0.095652  cudaLaunchKernel
                    39.45  328.7806         5  65.75612  0.012325  328.7294  cudaMemcpyToSymbol
                    11.48  95.71764      2000  0.047858  0.010404  0.056909  cudaMemcpy
                     3.69  30.79481         2  15.39741  0.015792  30.77902  cudaThreadSynchronize
                     2.45  20.40734         3  6.802446  0.039623  20.32476  cudaMallocManaged
                     0.88  7.353925     28003  2.62e-04  2.09e-04  0.090618  cudaGetLastError
                     0.62  5.143426       384  0.013394  2.32e-04  0.538254  cuDeviceGetAttribute
                     0.48  3.991544         4  0.997886  0.988548  1.015830  cuDeviceTotalMem
                     0.26  2.151974         7  0.307424  0.205063  0.429287  cudaFree
                     0.25  2.048635         4  0.512158  0.430289  0.663641  cudaMalloc
                     0.15  1.234878         1  1.234878  1.234878  1.234878  cudaGetDeviceProperties
                     0.05  0.430062         4  0.107515  0.103419  0.111497  cuDeviceGetName
                     0.00  0.023425         1  0.023425  0.023425  0.023425  cudaMemset
                     0.00  0.023029         3  7.68e-03  4.88e-03  0.013273  cudaMemAdvise
                     0.00  0.010419         1  0.010419  0.010419  0.010419  cudaSetDevice
                     0.00  9.84e-03         4  2.46e-03  1.28e-03  5.15e-03  cuDeviceGetPCIBusId
                     0.00  3.42e-03         8  4.27e-04  3.01e-04  6.34e-04  cuDeviceGet
                     0.00  2.25e-03         3  7.51e-04  4.78e-04  1.14e-03  cuDeviceGetCount
                     0.00  1.63e-03         1  1.63e-03  1.63e-03  1.63e-03  cudaGetDevice

==1793== Unified Memory profiling result:
Device "Tesla V100-SXM2-16GB (0)"
   Count  Avg Size  Min Size  Max Size  Total Size  Total Time  Name
      56  217.14KB  64.000KB  960.00KB  11.87500MB    0.320544ms  Host To Device
      15         -         -         -           -    3.796960ms  Gpu page fault groups
       4  192.00KB  128.00KB  320.00KB  768.0000KB           -  Remote mapping from device
      27  336.59KB  64.000KB  1.0000MB  8.875000MB           -  Remote mapping to device
Total CPU Page faults: 107
Total remote mappings from CPU: 27
Total remote mappings to CPU: 4
