==13383== NVPROF is profiling process 13383, command: ./lassen-executable/cfd_655 ../../data/cfd/missile.domn.0.2M
==13383== Profiling application: ./lassen-executable/cfd_655 ../../data/cfd/missile.domn.0.2M
==13383== Profiling result:
            Type  Time(%)      Time     Calls       Avg       Min       Max  Name
                        %        ms                  ms        ms        ms
 GPU activities:    87.18  1.42e+03      6000  0.236164  0.232830  3.499105  cuda_compute_flux(int, int*, float*, float*, float*)
                     8.64  140.4435      6000  0.023407  0.021759  0.026208  cuda_time_step(int, int, float*, float*, float*, float*)
                     2.31  37.55403      2000  0.018777  0.017535  0.020608  [CUDA memcpy DtoD]
                     1.86  30.26028      2000  0.015130  0.013024  0.684282  cuda_compute_step_factor(int, float*, float*, float*)
                     0.00  0.035584         3  0.011861  8.74e-03  0.013760  cuda_initialize_variables(int, float*)
                     0.00  6.82e-03         5  1.36e-03  1.28e-03  1.63e-03  [CUDA memcpy HtoD]
                     0.00  1.57e-03         1  1.57e-03  1.57e-03  1.57e-03  [CUDA memset]
      API calls:    51.71  1.02e+03     14003  0.072753  8.04e-03  0.237079  cudaLaunchKernel
                    24.66  485.8134      2000  0.242906  0.016569  0.263699  cudaMemcpy
                    16.76  330.2586         5  66.05172  0.012629  330.2065  cudaMemcpyToSymbol
                     4.66  91.85550         2  45.92775  0.015624  91.83987  cudaThreadSynchronize
                     1.04  20.40456         3  6.801518  0.039742  20.32293  cudaMallocManaged
                     0.37  7.273108     28003  2.59e-04  2.09e-04  0.082479  cudaGetLastError
                     0.26  5.121758       384  0.013337  2.32e-04  0.536440  cuDeviceGetAttribute
                     0.20  3.973323         4  0.993330  0.986779  0.996386  cuDeviceTotalMem
                     0.15  2.877870         7  0.411124  0.300248  0.855105  cudaFree
                     0.11  2.211163         4  0.552790  0.440650  0.753115  cudaMalloc
                     0.06  1.221156         1  1.221156  1.221156  1.221156  cudaGetDeviceProperties
                     0.02  0.425908         4  0.106477  0.103159  0.110179  cuDeviceGetName
                     0.00  0.023256         1  0.023256  0.023256  0.023256  cudaMemset
                     0.00  0.022812         3  7.60e-03  4.34e-03  0.012343  cudaMemAdvise
                     0.00  0.011077         4  2.77e-03  1.34e-03  6.23e-03  cuDeviceGetPCIBusId
                     0.00  0.010101         1  0.010101  0.010101  0.010101  cudaSetDevice
                     0.00  3.06e-03         8  3.82e-04  3.01e-04  5.72e-04  cuDeviceGet
                     0.00  1.56e-03         1  1.56e-03  1.56e-03  1.56e-03  cudaGetDevice
                     0.00  1.46e-03         3  4.85e-04  3.75e-04  6.59e-04  cuDeviceGetCount

==13383== Unified Memory profiling result:
Device "Tesla V100-SXM2-16GB (0)"
   Count  Avg Size  Min Size  Max Size  Total Size  Total Time  Name
       7  137.14KB  64.000KB  320.00KB  960.0000KB    0.031648ms  Host To Device
      26         -         -         -           -    4.040128ms  Gpu page fault groups
     142  102.76KB  64.000KB  384.00KB  14.25000MB           -  Remote mapping from device
       3  320.00KB  128.00KB  448.00KB  960.0000KB           -  Remote mapping to device
Total CPU Page faults: 13
Total remote mappings from CPU: 3
Total remote mappings to CPU: 142
