==9971== NVPROF is profiling process 9971, command: ./lassen-executable/cfd_625 ../../data/cfd/missile.domn.0.2M
==9971== Profiling application: ./lassen-executable/cfd_625 ../../data/cfd/missile.domn.0.2M
==9971== Profiling result:
            Type  Time(%)      Time     Calls       Avg       Min       Max  Name
                        %        ms                  ms        ms        ms
 GPU activities:    83.87  1.09e+03      6000  0.181161  0.176702  3.270787  cuda_compute_flux(int, int*, float*, float*, float*)
                    10.90  141.3052      6000  0.023550  0.021952  0.026208  cuda_time_step(int, int, float*, float*, float*, float*)
                     2.90  37.52451      2000  0.018762  0.017568  0.020512  [CUDA memcpy DtoD]
                     2.33  30.16785      2000  0.015083  0.013024  0.676122  cuda_compute_step_factor(int, float*, float*, float*)
                     0.00  0.035806         3  0.011935  8.93e-03  0.013599  cuda_initialize_variables(int, float*)
                     0.00  6.85e-03         5  1.37e-03  1.28e-03  1.63e-03  [CUDA memcpy HtoD]
                     0.00  1.54e-03         1  1.54e-03  1.54e-03  1.54e-03  [CUDA memset]
      API calls:    49.48  811.0067     14003  0.057916  8.05e-03  0.185252  cudaLaunchKernel
                    23.34  382.5870      2000  0.191293  0.016501  0.208772  cudaMemcpy
                    20.07  328.9017         5  65.78034  0.012355  328.8509  cudaMemcpyToSymbol
                     4.46  73.17973         2  36.58987  0.014898  73.16484  cudaThreadSynchronize
                     1.24  20.35899         3  6.786329  0.037441  20.28106  cudaMallocManaged
                     0.45  7.398564     28003  2.64e-04  2.09e-04  0.090392  cudaGetLastError
                     0.31  5.127420       384  0.013352  2.34e-04  0.537279  cuDeviceGetAttribute
                     0.24  3.971549         4  0.992887  0.985958  0.998702  cuDeviceTotalMem
                     0.16  2.668330         7  0.381190  0.224250  0.849907  cudaFree
                     0.13  2.178724         4  0.544681  0.434736  0.736382  cudaMalloc
                     0.07  1.226935         1  1.226935  1.226935  1.226935  cudaGetDeviceProperties
                     0.03  0.425501         4  0.106375  0.103126  0.107938  cuDeviceGetName
                     0.00  0.023038         3  7.68e-03  4.89e-03  0.012337  cudaMemAdvise
                     0.00  0.022558         1  0.022558  0.022558  0.022558  cudaMemset
                     0.00  0.010210         4  2.55e-03  1.39e-03  5.33e-03  cuDeviceGetPCIBusId
                     0.00  9.75e-03         1  9.75e-03  9.75e-03  9.75e-03  cudaSetDevice
                     0.00  3.89e-03         8  4.85e-04  3.06e-04  1.20e-03  cuDeviceGet
                     0.00  1.59e-03         3  5.29e-04  4.63e-04  6.60e-04  cuDeviceGetCount
                     0.00  1.53e-03         1  1.53e-03  1.53e-03  1.53e-03  cudaGetDevice

==9971== Unified Memory profiling result:
Device "Tesla V100-SXM2-16GB (0)"
   Count  Avg Size  Min Size  Max Size  Total Size  Total Time  Name
      23  200.35KB  64.000KB  832.00KB  4.500000MB    0.126304ms  Host To Device
      25         -         -         -           -    3.844768ms  Gpu page fault groups
      98  111.67KB  64.000KB  256.00KB  10.68750MB           -  Remote mapping from device
       3  320.00KB  128.00KB  448.00KB  960.0000KB           -  Remote mapping to device
Total CPU Page faults: 68
Total remote mappings from CPU: 3
Total remote mappings to CPU: 98
