==169184== NVPROF is profiling process 169184, command: ./lassen-executable/cfd_365 ../../data/cfd/fvcorr.domn.097K
==169184== Profiling application: ./lassen-executable/cfd_365 ../../data/cfd/fvcorr.domn.097K
==169184== Profiling result:
            Type  Time(%)      Time     Calls       Avg       Min       Max  Name
                        %        ms                  ms        ms        ms
 GPU activities:    83.61  483.1908      6000  0.080531  0.078047  1.712722  cuda_compute_flux(int, int*, float*, float*, float*)
                     9.61  55.56055      6000  9.26e-03  8.61e-03  0.011552  cuda_time_step(int, int, float*, float*, float*, float*)
                     3.64  21.06075      2000  0.010530  9.89e-03  0.265021  cuda_compute_step_factor(int, float*, float*, float*)
                     3.12  18.04998      2000  9.02e-03  8.77e-03  0.014144  [CUDA memcpy DtoD]
                     0.00  0.022592         3  7.53e-03  5.34e-03  9.82e-03  cuda_initialize_variables(int, float*)
                     0.00  6.88e-03         5  1.38e-03  1.31e-03  1.63e-03  [CUDA memcpy HtoD]
                     0.00  1.54e-03         1  1.54e-03  1.54e-03  1.54e-03  [CUDA memset]
      API calls:    38.10  351.2228     14003  0.025081  8.02e-03  0.089245  cudaLaunchKernel
                    35.74  329.4331         5  65.88663  0.012579  329.3815  cudaMemcpyToSymbol
                    17.94  165.3785      2000  0.082689  0.016468  0.091988  cudaMemcpy
                     3.51  32.36586         2  16.18293  0.013460  32.35240  cudaThreadSynchronize
                     2.21  20.38279         3  6.794265  9.14e-03  20.33320  cudaMallocManaged
                     0.78  7.228000     28003  2.58e-04  2.09e-04  0.095247  cudaGetLastError
                     0.64  5.895059       384  0.015351  2.32e-04  1.325698  cuDeviceGetAttribute
                     0.43  3.970613         4  0.992653  0.986344  0.995074  cuDeviceTotalMem
                     0.24  2.189636         7  0.312805  0.060853  0.453479  cudaFree
                     0.21  1.956941         4  0.489235  0.426901  0.646247  cudaMalloc
                     0.13  1.219810         1  1.219810  1.219810  1.219810  cudaGetDeviceProperties
                     0.05  0.422872         4  0.105718  0.103014  0.107934  cuDeviceGetName
                     0.00  0.025689         3  8.56e-03  4.34e-03  0.012903  cudaMemAdvise
                     0.00  0.023839         1  0.023839  0.023839  0.023839  cudaMemset
                     0.00  0.012447         1  0.012447  0.012447  0.012447  cudaSetDevice
                     0.00  0.011084         4  2.77e-03  1.33e-03  6.30e-03  cuDeviceGetPCIBusId
                     0.00  3.01e-03         8  3.76e-04  2.83e-04  5.08e-04  cuDeviceGet
                     0.00  1.57e-03         3  5.24e-04  4.09e-04  6.78e-04  cuDeviceGetCount
                     0.00  1.50e-03         1  1.50e-03  1.50e-03  1.50e-03  cudaGetDevice

==169184== Unified Memory profiling result:
Device "Tesla V100-SXM2-16GB (0)"
   Count  Avg Size  Min Size  Max Size  Total Size  Total Time  Name
       8  192.00KB  64.000KB  448.00KB  1.500000MB    0.043424ms  Host To Device
      15         -         -         -           -    1.913120ms  Gpu page fault groups
      35  131.66KB  64.000KB  320.00KB  4.500000MB           -  Remote mapping from device
       6  320.00KB  64.000KB  512.00KB  1.875000MB           -  Remote mapping to device
Total CPU Page faults: 15
Total remote mappings from CPU: 6
Total remote mappings to CPU: 35
