==167392== NVPROF is profiling process 167392, command: ./lassen-executable/cfd_351 ../../data/cfd/fvcorr.domn.097K
==167392== Profiling application: ./lassen-executable/cfd_351 ../../data/cfd/fvcorr.domn.097K
==167392== Profiling result:
            Type  Time(%)      Time     Calls       Avg       Min       Max  Name
                        %        ms                  ms        ms        ms
 GPU activities:    70.87  237.4028      6000  0.039567  0.037535  1.890384  cuda_compute_flux(int, int*, float*, float*, float*)
                    17.30  57.94249      6000  9.66e-03  8.77e-03  0.011360  cuda_time_step(int, int, float*, float*, float*, float*)
                     6.27  20.98805      2000  0.010494  9.92e-03  0.273662  cuda_compute_step_factor(int, float*, float*, float*)
                     5.56  18.61031      2000  9.31e-03  8.77e-03  0.014016  [CUDA memcpy DtoD]
                     0.01  0.022240         3  7.41e-03  5.38e-03  9.31e-03  cuda_initialize_variables(int, float*)
                     0.00  6.88e-03         5  1.37e-03  1.31e-03  1.63e-03  [CUDA memcpy HtoD]
                     0.00  1.54e-03         1  1.54e-03  1.54e-03  1.54e-03  [CUDA memset]
      API calls:    48.63  328.9298         5  65.78596  0.012491  328.8785  cudaMemcpyToSymbol
                    29.28  198.0976     14003  0.014146  8.00e-03  0.103489  cudaLaunchKernel
                    13.03  88.13506      2000  0.044067  0.016521  0.057025  cudaMemcpy
                     3.01  20.35949         3  6.786496  0.010195  20.30795  cudaMallocManaged
                     2.74  18.53950         2  9.269748  0.014525  18.52497  cudaThreadSynchronize
                     1.07  7.215383     28003  2.57e-04  2.11e-04  0.101560  cudaGetLastError
                     0.84  5.676140       384  0.014781  2.32e-04  1.073112  cuDeviceGetAttribute
                     0.59  3.970994         4  0.992748  0.988644  0.995366  cuDeviceTotalMem
                     0.28  1.923897         4  0.480974  0.428275  0.619530  cudaMalloc
                     0.28  1.882722         7  0.268960  0.056702  0.366864  cudaFree
                     0.18  1.226986         1  1.226986  1.226986  1.226986  cudaGetDeviceProperties
                     0.06  0.424750         4  0.106187  0.103296  0.108024  cuDeviceGetName
                     0.00  0.023521         1  0.023521  0.023521  0.023521  cudaMemset
                     0.00  0.022077         2  0.011038  8.87e-03  0.013212  cudaMemAdvise
                     0.00  0.011839         4  2.96e-03  1.36e-03  6.92e-03  cuDeviceGetPCIBusId
                     0.00  0.010791         1  0.010791  0.010791  0.010791  cudaSetDevice
                     0.00  3.84e-03         8  4.80e-04  2.99e-04  1.21e-03  cuDeviceGet
                     0.00  1.57e-03         1  1.57e-03  1.57e-03  1.57e-03  cudaGetDevice
                     0.00  1.54e-03         3  5.11e-04  4.14e-04  7.05e-04  cuDeviceGetCount

==167392== Unified Memory profiling result:
Device "Tesla V100-SXM2-16GB (0)"
   Count  Avg Size  Min Size  Max Size  Total Size  Total Time  Name
      28  164.57KB  64.000KB  768.00KB  4.500000MB    0.141952ms  Host To Device
      13         -         -         -           -    2.102944ms  Gpu page fault groups
      11  145.45KB  64.000KB  320.00KB  1.562500MB           -  Remote mapping from device
       1  320.00KB  320.00KB  320.00KB  320.0000KB           -  Remote mapping to device
Total CPU Page faults: 36
Total remote mappings from CPU: 1
Total remote mappings to CPU: 11
