==139796== NVPROF is profiling process 139796, command: ./lassen-executable/cfd_030 ../../data/cfd/fvcorr.domn.193K
==139796== Profiling application: ./lassen-executable/cfd_030 ../../data/cfd/fvcorr.domn.193K
==139796== Profiling result:
            Type  Time(%)      Time     Calls       Avg       Min       Max  Name
                        %        ms                  ms        ms        ms
 GPU activities:    65.21  317.7189      6000  0.052953  0.050464  0.579675  cuda_compute_flux(int, int*, float*, float*, float*)
                    25.24  122.9755      6000  0.020495  0.018624  0.022144  cuda_time_step(int, int, float*, float*, float*, float*)
                     4.82  23.47179      2000  0.011735  0.011264  0.014912  [CUDA memcpy DtoD]
                     4.58  22.31801      2000  0.011159  0.010496  0.012576  cuda_compute_step_factor(int, float*, float*, float*)
                     0.15  0.745433         7  0.106490  1.31e-03  0.719577  [CUDA memcpy HtoD]
                     0.01  0.028384         3  9.46e-03  7.26e-03  0.013504  cuda_initialize_variables(int, float*)
                     0.00  1.54e-03         1  1.54e-03  1.54e-03  1.54e-03  [CUDA memset]
      API calls:    39.74  330.0174     14003  0.023567  8.07e-03  0.166496  cudaLaunchKernel
                    39.73  329.9827         5  65.99655  0.012287  329.9316  cudaMemcpyToSymbol
                    11.65  96.73902      2002  0.048321  0.010316  0.817489  cudaMemcpy
                     3.69  30.65690         2  15.32845  0.011380  30.64552  cudaThreadSynchronize
                     2.44  20.25999         1  20.25999  20.25999  20.25999  cudaMallocManaged
                     0.86  7.155232     28003  2.55e-04  2.16e-04  5.14e-03  cudaGetLastError
                     0.63  5.256380       384  0.013688  2.32e-04  0.651413  cuDeviceGetAttribute
                     0.48  3.968624         4  0.992156  0.986064  0.995819  cuDeviceTotalMem
                     0.33  2.714549         6  0.452424  8.06e-03  0.659876  cudaMalloc
                     0.24  2.013449         7  0.287635  0.020400  0.386982  cudaFree
                     0.15  1.219381         1  1.219381  1.219381  1.219381  cudaGetDeviceProperties
                     0.05  0.423467         4  0.105866  0.102846  0.107708  cuDeviceGetName
                     0.00  0.020804         1  0.020804  0.020804  0.020804  cudaMemset
                     0.00  0.011199         1  0.011199  0.011199  0.011199  cudaSetDevice
                     0.00  0.010828         4  2.71e-03  1.31e-03  5.89e-03  cuDeviceGetPCIBusId
                     0.00  0.010603         1  0.010603  0.010603  0.010603  cudaMemAdvise
                     0.00  3.27e-03         8  4.08e-04  3.00e-04  5.47e-04  cuDeviceGet
                     0.00  1.77e-03         1  1.77e-03  1.77e-03  1.77e-03  cudaGetDevice
                     0.00  1.65e-03         3  5.51e-04  4.94e-04  6.53e-04  cuDeviceGetCount

==139796== Unified Memory profiling result:
Device "Tesla V100-SXM2-16GB (0)"
   Count  Avg Size  Min Size  Max Size  Total Size  Total Time  Name
       2         -         -         -           -    0.514112ms  Gpu page fault groups
       2  1.5000MB  1.0000MB  2.0000MB  3.000000MB           -  Remote mapping to device
Total CPU Page faults: 2
Total remote mappings from CPU: 2
