==148994== NVPROF is profiling process 148994, command: ./lassen-executable/cfd_132 ../../data/cfd/missile.domn.0.2M
==148994== Profiling application: ./lassen-executable/cfd_132 ../../data/cfd/missile.domn.0.2M
==148994== Profiling result:
            Type  Time(%)      Time     Calls       Avg       Min       Max  Name
                        %        ms                  ms        ms        ms
 GPU activities:    67.35  413.5474      6000  0.068924  0.059072  2.918855  cuda_compute_flux(int, int*, float*, float*, float*)
                    21.89  134.4271      6000  0.022404  0.021152  0.024767  cuda_time_step(int, int, float*, float*, float*, float*)
                     5.94  36.48657      2000  0.018243  0.017600  0.020544  [CUDA memcpy DtoD]
                     4.80  29.48924      2000  0.014744  0.013152  0.735897  cuda_compute_step_factor(int, float*, float*, float*)
                     0.01  0.036000         3  0.012000  9.15e-03  0.013664  cuda_initialize_variables(int, float*)
                     0.00  6.78e-03         5  1.36e-03  1.28e-03  1.60e-03  [CUDA memcpy HtoD]
                     0.00  1.54e-03         1  1.54e-03  1.54e-03  1.54e-03  [CUDA memset]
      API calls:    39.79  380.3712     14003  0.027163  8.06e-03  0.146660  cudaLaunchKernel
                    34.50  329.7471         5  65.94942  0.012525  329.6944  cudaMemcpyToSymbol
                    17.61  168.3708      2000  0.084185  0.016614  0.097675  cudaMemcpy
                     3.59  34.36380         2  17.18190  0.016167  34.34763  cudaThreadSynchronize
                     2.13  20.35905         3  6.786349  0.037459  20.28086  cudaMallocManaged
                     0.77  7.364953     28003  2.63e-04  2.11e-04  0.105921  cudaGetLastError
                     0.54  5.120376       384  0.013334  2.32e-04  0.536364  cuDeviceGetAttribute
                     0.42  3.979716         4  0.994929  0.986907  1.001926  cuDeviceTotalMem
                     0.24  2.308932         7  0.329847  0.199017  0.435019  cudaFree
                     0.23  2.188855         4  0.547213  0.441241  0.741577  cudaMalloc
                     0.13  1.222125         1  1.222125  1.222125  1.222125  cudaGetDeviceProperties
                     0.04  0.424621         4  0.106155  0.103423  0.107981  cuDeviceGetName
                     0.00  0.023165         1  0.023165  0.023165  0.023165  cudaMemset
                     0.00  0.014077         2  7.04e-03  4.32e-03  9.76e-03  cudaMemAdvise
                     0.00  0.010193         1  0.010193  0.010193  0.010193  cudaSetDevice
                     0.00  9.73e-03         4  2.43e-03  1.27e-03  5.08e-03  cuDeviceGetPCIBusId
                     0.00  3.85e-03         8  4.81e-04  3.03e-04  1.17e-03  cuDeviceGet
                     0.00  1.61e-03         1  1.61e-03  1.61e-03  1.61e-03  cudaGetDevice
                     0.00  1.47e-03         3  4.88e-04  3.81e-04  6.59e-04  cuDeviceGetCount

==148994== Unified Memory profiling result:
Device "Tesla V100-SXM2-16GB (0)"
   Count  Avg Size  Min Size  Max Size  Total Size  Total Time  Name
      64  187.00KB  64.000KB  832.00KB  11.68750MB    0.336736ms  Host To Device
      19         -         -         -           -    3.554560ms  Gpu page fault groups
       2  1.7813MB  1.5625MB  2.0000MB  3.562500MB           -  Remote mapping to device
Total CPU Page faults: 178
Total remote mappings from CPU: 2
