==14687== NVPROF is profiling process 14687, command: ./lassen-executable/cfd_666 ../../data/cfd/fvcorr.domn.097K
==14687== Profiling application: ./lassen-executable/cfd_666 ../../data/cfd/fvcorr.domn.097K
==14687== Profiling result:
            Type  Time(%)      Time     Calls       Avg       Min       Max  Name
                        %        ms                  ms        ms        ms
 GPU activities:    68.66  194.1614      6000  0.032360  0.030399  2.719209  cuda_compute_flux(int, int*, float*, float*, float*)
                    20.48  57.92853      6000  9.65e-03  9.02e-03  0.011168  cuda_time_step(int, int, float*, float*, float*, float*)
                     6.38  18.03373      2000  9.02e-03  8.90e-03  0.014112  [CUDA memcpy DtoD]
                     4.47  12.64895      2000  6.32e-03  5.76e-03  0.745434  cuda_compute_step_factor(int, float*, float*, float*)
                     0.01  0.022528         3  7.51e-03  5.31e-03  9.92e-03  cuda_initialize_variables(int, float*)
                     0.00  6.91e-03         5  1.38e-03  1.31e-03  1.63e-03  [CUDA memcpy HtoD]
                     0.00  1.57e-03         1  1.57e-03  1.57e-03  1.57e-03  [CUDA memset]
      API calls:    52.97  333.5228         5  66.70456  0.012474  333.4712  cudaMemcpyToSymbol
                    26.03  163.8835     14003  0.011703  8.01e-03  0.092579  cudaLaunchKernel
                    11.85  74.58895      2000  0.037294  0.016484  0.047207  cudaMemcpy
                     3.24  20.37745         3  6.792484  9.54e-03  20.32647  cudaMallocManaged
                     2.47  15.53798         2  7.768988  0.014523  15.52345  cudaThreadSynchronize
                     1.13  7.113129     28003  2.54e-04  2.08e-04  0.086635  cudaGetLastError
                     0.81  5.111698       384  0.013311  2.34e-04  0.533276  cuDeviceGetAttribute
                     0.64  4.020106         4  1.005026  0.987029  1.039860  cuDeviceTotalMem
                     0.31  1.933542         4  0.483385  0.427115  0.630311  cudaMalloc
                     0.29  1.857051         7  0.265293  0.053278  0.352605  cudaFree
                     0.19  1.220822         1  1.220822  1.220822  1.220822  cudaGetDeviceProperties
                     0.07  0.427678         4  0.106919  0.105501  0.107899  cuDeviceGetName
                     0.00  0.023909         1  0.023909  0.023909  0.023909  cudaMemset
                     0.00  0.023032         3  7.68e-03  4.13e-03  0.012222  cudaMemAdvise
                     0.00  0.010632         1  0.010632  0.010632  0.010632  cudaSetDevice
                     0.00  0.010361         4  2.59e-03  1.21e-03  5.74e-03  cuDeviceGetPCIBusId
                     0.00  3.38e-03         8  4.22e-04  2.99e-04  6.87e-04  cuDeviceGet
                     0.00  1.65e-03         1  1.65e-03  1.65e-03  1.65e-03  cudaGetDevice
                     0.00  1.53e-03         3  5.08e-04  4.22e-04  6.35e-04  cuDeviceGetCount

==14687== Unified Memory profiling result:
Device "Tesla V100-SXM2-16GB (0)"
   Count  Avg Size  Min Size  Max Size  Total Size  Total Time  Name
      42  155.43KB  64.000KB  832.00KB  6.375000MB    0.205728ms  Host To Device
      10         -         -         -           -    3.407232ms  Gpu page fault groups
      24  272.00KB  64.000KB  960.00KB  6.375000MB           -  Remote mapping to device
Total CPU Page faults: 47
Total remote mappings from CPU: 24
