==149246== NVPROF is profiling process 149246, command: ./lassen-executable/cfd_134 ../../data/cfd/fvcorr.domn.193K
==149246== Profiling application: ./lassen-executable/cfd_134 ../../data/cfd/fvcorr.domn.193K
==149246== Profiling result:
            Type  Time(%)      Time     Calls       Avg       Min       Max  Name
                        %        ms                  ms        ms        ms
 GPU activities:    66.03  326.2993      6000  0.054383  0.051104  1.816977  cuda_compute_flux(int, int*, float*, float*, float*)
                    24.64  121.7529      6000  0.020292  0.019007  0.021983  cuda_time_step(int, int, float*, float*, float*, float*)
                     4.78  23.62943      2000  0.011814  0.011327  0.014976  [CUDA memcpy DtoD]
                     4.54  22.43231      2000  0.011216  0.010367  0.669370  cuda_compute_step_factor(int, float*, float*, float*)
                     0.01  0.027264         3  9.09e-03  6.98e-03  0.012672  cuda_initialize_variables(int, float*)
                     0.00  6.85e-03         5  1.37e-03  1.28e-03  1.63e-03  [CUDA memcpy HtoD]
                     0.00  1.54e-03         1  1.54e-03  1.54e-03  1.54e-03  [CUDA memset]
      API calls:    39.99  333.6851     14003  0.023829  8.12e-03  0.083663  cudaLaunchKernel
                    39.30  327.9814         5  65.59627  0.012271  327.9299  cudaMemcpyToSymbol
                    11.82  98.65211      2000  0.049326  0.010456  0.059210  cudaMemcpy
                     3.71  30.99099         2  15.49549  0.017280  30.97371  cudaThreadSynchronize
                     2.45  20.40851         3  6.802838  0.039805  20.32567  cudaMallocManaged
                     0.87  7.296661     28003  2.60e-04  2.09e-04  0.089403  cudaGetLastError
                     0.66  5.509617       384  0.014347  2.32e-04  0.932390  cuDeviceGetAttribute
                     0.48  3.973690         4  0.993422  0.987069  0.997660  cuDeviceTotalMem
                     0.26  2.154574         7  0.307796  0.181523  0.420814  cudaFree
                     0.25  2.095346         4  0.523836  0.430346  0.709127  cudaMalloc
                     0.15  1.223093         1  1.223093  1.223093  1.223093  cudaGetDeviceProperties
                     0.05  0.424629         4  0.106157  0.103597  0.107837  cuDeviceGetName
                     0.00  0.023540         1  0.023540  0.023540  0.023540  cudaMemset
                     0.00  0.015341         2  7.67e-03  5.15e-03  0.010195  cudaMemAdvise
                     0.00  0.011044         4  2.76e-03  1.28e-03  6.45e-03  cuDeviceGetPCIBusId
                     0.00  0.010301         1  0.010301  0.010301  0.010301  cudaSetDevice
                     0.00  3.22e-03         8  4.03e-04  2.99e-04  5.50e-04  cuDeviceGet
                     0.00  1.62e-03         3  5.40e-04  4.81e-04  6.23e-04  cuDeviceGetCount
                     0.00  1.60e-03         1  1.60e-03  1.60e-03  1.60e-03  cudaGetDevice

==149246== Unified Memory profiling result:
Device "Tesla V100-SXM2-16GB (0)"
   Count  Avg Size  Min Size  Max Size  Total Size  Total Time  Name
      79  128.00KB  64.000KB  960.00KB  9.875000MB    0.350752ms  Host To Device
       7         -         -         -           -    3.435520ms  Gpu page fault groups
      67  135.64KB  64.000KB  448.00KB  8.875000MB           -  Remote mapping from device
       2  1.5000MB  1.0000MB  2.0000MB  3.000000MB           -  Remote mapping to device
Total CPU Page faults: 65
Total remote mappings from CPU: 2
Total remote mappings to CPU: 67
