==8276== NVPROF is profiling process 8276, command: ./lassen-executable/cfd_613 ../../data/cfd/fvcorr.domn.097K
==8276== Profiling application: ./lassen-executable/cfd_613 ../../data/cfd/fvcorr.domn.097K
==8276== Profiling result:
            Type  Time(%)      Time     Calls       Avg       Min       Max  Name
                        %        ms                  ms        ms        ms
 GPU activities:    78.17  316.5012      6000  0.052750  0.050207  0.723482  cuda_compute_flux(int, int*, float*, float*, float*)
                    14.32  57.98941      6000  9.66e-03  8.86e-03  0.011008  cuda_time_step(int, int, float*, float*, float*, float*)
                     4.43  17.92231      2000  8.96e-03  8.86e-03  0.014272  [CUDA memcpy DtoD]
                     3.08  12.46953      2000  6.23e-03  5.82e-03  0.489532  cuda_compute_step_factor(int, float*, float*, float*)
                     0.01  0.022592         3  7.53e-03  5.57e-03  9.66e-03  cuda_initialize_variables(int, float*)
                     0.00  6.85e-03         5  1.37e-03  1.28e-03  1.63e-03  [CUDA memcpy HtoD]
                     0.00  1.50e-03         1  1.50e-03  1.50e-03  1.50e-03  [CUDA memset]
      API calls:    46.93  368.8910         5  73.77820  0.012456  368.8395  cudaMemcpyToSymbol
                    30.41  239.0469     14003  0.017071  8.09e-03  0.127264  cudaLaunchKernel
                    14.38  112.9985      2000  0.056499  0.016568  0.065456  cudaMemcpy
                     2.87  22.59671         2  11.29835  0.014372  22.58234  cudaThreadSynchronize
                     2.59  20.36259         3  6.787530  9.97e-03  20.31137  cudaMallocManaged
                     0.92  7.234669     28003  2.58e-04  2.11e-04  0.105290  cudaGetLastError
                     0.65  5.130139       384  0.013359  2.34e-04  0.537168  cuDeviceGetAttribute
                     0.51  3.974662         4  0.993665  0.987056  1.000106  cuDeviceTotalMem
                     0.26  2.068414         7  0.295487  0.059284  0.427664  cudaFree
                     0.25  1.969183         4  0.492295  0.427125  0.639005  cudaMalloc
                     0.16  1.226416         1  1.226416  1.226416  1.226416  cudaGetDeviceProperties
                     0.05  0.425743         4  0.106435  0.103403  0.108427  cuDeviceGetName
                     0.00  0.022461         1  0.022461  0.022461  0.022461  cudaMemset
                     0.00  0.018812         2  9.41e-03  6.19e-03  0.012617  cudaMemAdvise
                     0.00  0.011422         1  0.011422  0.011422  0.011422  cudaSetDevice
                     0.00  0.011107         4  2.78e-03  1.26e-03  6.49e-03  cuDeviceGetPCIBusId
                     0.00  3.27e-03         8  4.09e-04  3.06e-04  5.27e-04  cuDeviceGet
                     0.00  1.63e-03         3  5.44e-04  4.33e-04  6.97e-04  cuDeviceGetCount
                     0.00  1.51e-03         1  1.51e-03  1.51e-03  1.51e-03  cudaGetDevice

==8276== Unified Memory profiling result:
Device "Tesla V100-SXM2-16GB (0)"
   Count  Avg Size  Min Size  Max Size  Total Size  Total Time  Name
      15  136.53KB  64.000KB  384.00KB  2.000000MB    0.069600ms  Host To Device
       7         -         -         -           -    1.141984ms  Gpu page fault groups
       5  998.40KB  128.00KB  2.0000MB  4.875000MB           -  Remote mapping to device
Total CPU Page faults: 18
Total remote mappings from CPU: 5
