==152971== NVPROF is profiling process 152971, command: ./lassen-executable/cfd_165 ../../data/cfd/fvcorr.domn.193K
==152971== Profiling application: ./lassen-executable/cfd_165 ../../data/cfd/fvcorr.domn.193K
==152971== Profiling result:
            Type  Time(%)      Time     Calls       Avg       Min       Max  Name
                        %        ms                  ms        ms        ms
 GPU activities:    84.21  900.5558      6000  0.150092  0.147871  3.368355  cuda_compute_flux(int, int*, float*, float*, float*)
                    11.32  121.0463      6000  0.020174  0.018528  0.022944  cuda_time_step(int, int, float*, float*, float*, float*)
                     2.29  24.48645      2000  0.012243  0.011455  0.014560  [CUDA memcpy DtoD]
                     2.18  23.33777      2000  0.011668  0.010336  0.820856  cuda_compute_step_factor(int, float*, float*, float*)
                     0.00  0.027744         3  9.25e-03  6.88e-03  0.013152  cuda_initialize_variables(int, float*)
                     0.00  6.88e-03         5  1.38e-03  1.31e-03  1.63e-03  [CUDA memcpy HtoD]
                     0.00  1.54e-03         1  1.54e-03  1.54e-03  1.54e-03  [CUDA memset]
      API calls:    48.72  693.2801     14003  0.049509  8.09e-03  0.157412  cudaLaunchKernel
                    23.93  340.4818         5  68.09637  0.012039  340.4316  cudaMemcpyToSymbol
                    19.55  278.1392      2000  0.139069  0.010638  0.155030  cudaMemcpy
                     4.76  67.75874         2  33.87937  0.015753  67.74299  cudaThreadSynchronize
                     1.43  20.36125         3  6.787081  0.039557  20.27912  cudaMallocManaged
                     0.52  7.381149     28003  2.63e-04  2.11e-04  0.093418  cudaGetLastError
                     0.37  5.197989       384  0.013536  2.31e-04  0.615796  cuDeviceGetAttribute
                     0.28  3.974866         4  0.993716  0.986808  0.998902  cuDeviceTotalMem
                     0.18  2.517922         7  0.359703  0.209416  0.739141  cudaFree
                     0.15  2.097369         4  0.524342  0.430996  0.701590  cudaMalloc
                     0.09  1.219533         1  1.219533  1.219533  1.219533  cudaGetDeviceProperties
                     0.03  0.426370         4  0.106592  0.103296  0.108067  cuDeviceGetName
                     0.00  0.022269         1  0.022269  0.022269  0.022269  cudaMemset
                     0.00  0.014766         2  7.38e-03  5.76e-03  9.00e-03  cudaMemAdvise
                     0.00  0.010862         1  0.010862  0.010862  0.010862  cudaSetDevice
                     0.00  0.010410         4  2.60e-03  1.25e-03  5.82e-03  cuDeviceGetPCIBusId
                     0.00  3.66e-03         8  4.57e-04  2.97e-04  9.79e-04  cuDeviceGet
                     0.00  1.66e-03         1  1.66e-03  1.66e-03  1.66e-03  cudaGetDevice
                     0.00  1.65e-03         3  5.50e-04  4.36e-04  6.87e-04  cuDeviceGetCount

==152971== Unified Memory profiling result:
Device "Tesla V100-SXM2-16GB (0)"
   Count  Avg Size  Min Size  Max Size  Total Size  Total Time  Name
      24  170.67KB  64.000KB  960.00KB  4.000000MB    0.122208ms  Host To Device
      26         -         -         -           -    4.107168ms  Gpu page fault groups
      91  99.867KB  64.000KB  256.00KB  8.875000MB           -  Remote mapping from device
      12  256.00KB  64.000KB  1.0000MB  3.000000MB           -  Remote mapping to device
Total CPU Page faults: 31
Total remote mappings from CPU: 12
Total remote mappings to CPU: 91
