==10894== NVPROF is profiling process 10894, command: ./lassen-executable/cfd_634 ../../data/cfd/fvcorr.domn.193K
==10894== Profiling application: ./lassen-executable/cfd_634 ../../data/cfd/fvcorr.domn.193K
==10894== Profiling result:
            Type  Time(%)      Time     Calls       Avg       Min       Max  Name
                        %        ms                  ms        ms        ms
 GPU activities:    65.60  320.9500      6000  0.053491  0.050496  1.764400  cuda_compute_flux(int, int*, float*, float*, float*)
                    25.02  122.3913      6000  0.020398  0.018752  0.022400  cuda_time_step(int, int, float*, float*, float*, float*)
                     4.83  23.61621      2000  0.011808  0.011327  0.015135  [CUDA memcpy DtoD]
                     4.55  22.25715      2000  0.011128  0.010336  0.523836  cuda_compute_step_factor(int, float*, float*, float*)
                     0.01  0.027199         3  9.07e-03  6.88e-03  0.012735  cuda_initialize_variables(int, float*)
                     0.00  6.82e-03         5  1.36e-03  1.28e-03  1.60e-03  [CUDA memcpy HtoD]
                     0.00  1.54e-03         1  1.54e-03  1.54e-03  1.54e-03  [CUDA memset]
      API calls:    39.89  331.8926     14003  0.023701  8.01e-03  0.093841  cudaLaunchKernel
                    39.52  328.7851         5  65.75701  0.012033  328.7300  cudaMemcpyToSymbol
                    11.65  96.89162      2000  0.048445  0.010448  0.056499  cudaMemcpy
                     3.69  30.66143         2  15.33071  0.017197  30.64423  cudaThreadSynchronize
                     2.45  20.40598         3  6.801993  0.039836  20.32428  cudaMallocManaged
                     0.87  7.242019     28003  2.58e-04  2.07e-04  0.088843  cudaGetLastError
                     0.61  5.110375       384  0.013308  2.34e-04  0.535534  cuDeviceGetAttribute
                     0.58  4.816652         4  1.204163  0.986573  1.838834  cuDeviceTotalMem
                     0.29  2.442964         7  0.348994  0.262941  0.445893  cudaFree
                     0.25  2.071438         4  0.517859  0.428833  0.695448  cudaMalloc
                     0.15  1.218440         1  1.218440  1.218440  1.218440  cudaGetDeviceProperties
                     0.05  0.425145         4  0.106286  0.102900  0.108444  cuDeviceGetName
                     0.00  0.023456         1  0.023456  0.023456  0.023456  cudaMemset
                     0.00  0.023058         3  7.69e-03  4.39e-03  0.012248  cudaMemAdvise
                     0.00  0.011592         4  2.90e-03  1.30e-03  6.72e-03  cuDeviceGetPCIBusId
                     0.00  0.010582         1  0.010582  0.010582  0.010582  cudaSetDevice
                     0.00  3.27e-03         8  4.08e-04  3.08e-04  5.45e-04  cuDeviceGet
                     0.00  1.57e-03         1  1.57e-03  1.57e-03  1.57e-03  cudaGetDevice
                     0.00  1.55e-03         3  5.16e-04  3.93e-04  6.95e-04  cuDeviceGetCount

==10894== Unified Memory profiling result:
Device "Tesla V100-SXM2-16GB (0)"
   Count  Avg Size  Min Size  Max Size  Total Size  Total Time  Name
      78  126.36KB  64.000KB  960.00KB  9.625000MB    0.360096ms  Host To Device
       5         -         -         -           -    3.048288ms  Gpu page fault groups
      67  135.64KB  64.000KB  448.00KB  8.875000MB           -  Remote mapping from device
       4  960.00KB  256.00KB  2.0000MB  3.750000MB           -  Remote mapping to device
Total CPU Page faults: 65
Total remote mappings from CPU: 4
Total remote mappings to CPU: 67
