==162166== NVPROF is profiling process 162166, command: ./lassen-executable/cfd_304 ../../data/cfd/missile.domn.0.2M
==162166== Profiling application: ./lassen-executable/cfd_304 ../../data/cfd/missile.domn.0.2M
==162166== Profiling result:
            Type  Time(%)      Time     Calls       Avg       Min       Max  Name
                        %        ms                  ms        ms        ms
 GPU activities:    66.52  404.4444      6000  0.067407  0.058239  3.032774  cuda_compute_flux(int, int*, float*, float*, float*)
                    22.66  137.7893      6000  0.022964  0.021280  0.025376  cuda_time_step(int, int, float*, float*, float*, float*)
                     6.01  36.50962      2000  0.018254  0.017567  0.020159  [CUDA memcpy DtoD]
                     4.76  28.94448      2000  0.014472  0.012992  0.249950  cuda_compute_step_factor(int, float*, float*, float*)
                     0.04  0.258302         6  0.043050  1.31e-03  0.251422  [CUDA memcpy HtoD]
                     0.01  0.035935         3  0.011978  8.74e-03  0.014015  cuda_initialize_variables(int, float*)
                     0.00  1.54e-03         1  1.54e-03  1.54e-03  1.54e-03  [CUDA memset]
      API calls:    39.61  377.2654     14003  0.026941  8.05e-03  0.110423  cudaLaunchKernel
                    34.74  330.8948         5  66.17896  0.012748  330.8427  cudaMemcpyToSymbol
                    17.53  166.9781      2001  0.083447  0.016603  0.388720  cudaMemcpy
                     3.57  34.01248         2  17.00624  0.011830  34.00065  cudaThreadSynchronize
                     2.14  20.37842         2  10.18921  0.043506  20.33491  cudaMallocManaged
                     0.76  7.214434     28003  2.57e-04  2.11e-04  0.085781  cudaGetLastError
                     0.54  5.125852       384  0.013348  2.32e-04  0.536492  cuDeviceGetAttribute
                     0.42  3.979424         4  0.994856  0.988731  1.000403  cuDeviceTotalMem
                     0.28  2.695187         5  0.539037  0.435226  0.689390  cudaMalloc
                     0.24  2.267039         7  0.323862  0.233473  0.415106  cudaFree
                     0.13  1.226685         1  1.226685  1.226685  1.226685  cudaGetDeviceProperties
                     0.04  0.424408         4  0.106102  0.103183  0.108549  cuDeviceGetName
                     0.00  0.020482         1  0.020482  0.020482  0.020482  cudaMemset
                     0.00  0.019782         2  9.89e-03  5.40e-03  0.014380  cudaMemAdvise
                     0.00  0.011076         1  0.011076  0.011076  0.011076  cudaSetDevice
                     0.00  0.010814         4  2.70e-03  1.28e-03  5.93e-03  cuDeviceGetPCIBusId
                     0.00  3.09e-03         8  3.86e-04  3.09e-04  5.49e-04  cuDeviceGet
                     0.00  1.60e-03         1  1.60e-03  1.60e-03  1.60e-03  cudaGetDevice
                     0.00  1.57e-03         3  5.23e-04  4.12e-04  7.33e-04  cuDeviceGetCount

==162166== Unified Memory profiling result:
Device "Tesla V100-SXM2-16GB (0)"
   Count  Avg Size  Min Size  Max Size  Total Size  Total Time  Name
      83  131.85KB  64.000KB  960.00KB  10.68750MB    0.366336ms  Host To Device
       2         -         -         -           -    3.193056ms  Gpu page fault groups
      75  145.92KB  64.000KB  512.00KB  10.68750MB           -  Remote mapping from device
       1  960.00KB  960.00KB  960.00KB  960.0000KB           -  Remote mapping to device
Total CPU Page faults: 66
Total remote mappings from CPU: 1
Total remote mappings to CPU: 75
