==170574== NVPROF is profiling process 170574, command: ./lassen-executable/cfd_406 ../../data/cfd/fvcorr.domn.097K
==170574== Profiling application: ./lassen-executable/cfd_406 ../../data/cfd/fvcorr.domn.097K
==170574== Profiling result:
            Type  Time(%)      Time     Calls       Avg       Min       Max  Name
                        %        ms                  ms        ms        ms
 GPU activities:    67.77  192.4045      6000  0.032067  0.029920  1.852144  cuda_compute_flux(int, int*, float*, float*, float*)
                    21.71  61.62963      6000  0.010271  9.12e-03  0.012288  cuda_time_step(int, int, float*, float*, float*, float*)
                     6.30  17.88645      2000  8.94e-03  8.83e-03  0.014528  [CUDA memcpy DtoD]
                     4.19  11.89462      2000  5.95e-03  5.76e-03  0.013344  cuda_compute_step_factor(int, float*, float*, float*)
                     0.02  0.069247         6  0.011541  1.31e-03  0.062399  [CUDA memcpy HtoD]
                     0.01  0.015872         3  5.29e-03  4.77e-03  5.57e-03  cuda_initialize_variables(int, float*)
                     0.00  1.54e-03         1  1.54e-03  1.54e-03  1.54e-03  [CUDA memset]
      API calls:    52.69  330.8376         5  66.16752  0.012715  330.7856  cudaMemcpyToSymbol
                    26.22  164.6349     14003  0.011757  7.99e-03  0.100974  cudaLaunchKernel
                    11.89  74.67576      2001  0.037319  0.016458  0.197076  cudaMemcpy
                     3.24  20.36258         2  10.18129  0.043383  20.31919  cudaMallocManaged
                     2.49  15.65062         2  7.825308  0.012374  15.63824  cudaThreadSynchronize
                     1.12  7.061078     28003  2.52e-04  2.10e-04  0.087218  cudaGetLastError
                     0.82  5.127557       384  0.013353  2.31e-04  0.541016  cuDeviceGetAttribute
                     0.63  3.973841         4  0.993460  0.986512  0.998764  cuDeviceTotalMem
                     0.32  2.013712         5  0.402742  8.10e-03  0.639285  cudaMalloc
                     0.28  1.788280         7  0.255468  0.016790  0.399391  cudaFree
                     0.20  1.228181         1  1.228181  1.228181  1.228181  cudaGetDeviceProperties
                     0.07  0.425775         4  0.106443  0.103425  0.108454  cuDeviceGetName
                     0.00  0.019821         1  0.019821  0.019821  0.019821  cudaMemset
                     0.00  0.016491         2  8.25e-03  4.48e-03  0.012015  cudaMemAdvise
                     0.00  0.011807         4  2.95e-03  1.35e-03  7.22e-03  cuDeviceGetPCIBusId
                     0.00  0.010923         1  0.010923  0.010923  0.010923  cudaSetDevice
                     0.00  3.12e-03         8  3.90e-04  2.99e-04  6.04e-04  cuDeviceGet
                     0.00  1.60e-03         3  5.34e-04  4.37e-04  7.18e-04  cuDeviceGetCount
                     0.00  1.45e-03         1  1.45e-03  1.45e-03  1.45e-03  cudaGetDevice

==170574== Unified Memory profiling result:
Device "Tesla V100-SXM2-16GB (0)"
   Count  Avg Size  Min Size  Max Size  Total Size  Total Time  Name
      35  142.63KB  64.000KB  768.00KB  4.875000MB    0.164448ms  Host To Device
       7         -         -         -           -    1.808992ms  Gpu page fault groups
       4  96.000KB  64.000KB  128.00KB  384.0000KB           -  Remote mapping from device
      18  256.00KB  64.000KB  960.00KB  4.500000MB           -  Remote mapping to device
Total CPU Page faults: 37
Total remote mappings from CPU: 18
Total remote mappings to CPU: 4
