==144189== NVPROF is profiling process 144189, command: ./lassen-executable/cfd_064 ../../data/cfd/missile.domn.0.2M
==144189== Profiling application: ./lassen-executable/cfd_064 ../../data/cfd/missile.domn.0.2M
==144189== Profiling result:
            Type  Time(%)      Time     Calls       Avg       Min       Max  Name
                        %        ms                  ms        ms        ms
 GPU activities:    66.80  407.4775      6000  0.067912  0.058656  3.724256  cuda_compute_flux(int, int*, float*, float*, float*)
                    22.47  137.0292      6000  0.022838  0.021120  0.025152  cuda_time_step(int, int, float*, float*, float*, float*)
                     5.99  36.52353      2000  0.018261  0.017632  0.020416  [CUDA memcpy DtoD]
                     4.73  28.86647      2000  0.014433  0.013120  0.016448  cuda_compute_step_factor(int, float*, float*, float*)
                     0.01  0.035360         3  0.011786  8.45e-03  0.013952  cuda_initialize_variables(int, float*)
                     0.00  0.027840         6  4.64e-03  1.28e-03  0.020992  [CUDA memcpy HtoD]
                     0.00  1.54e-03         1  1.54e-03  1.54e-03  1.54e-03  [CUDA memset]
      API calls:    39.74  378.9381     14003  0.027061  8.08e-03  0.103720  cudaLaunchKernel
                    34.63  330.1929         5  66.03859  0.012640  330.1408  cudaMemcpyToSymbol
                    17.56  167.4358      2001  0.083676  0.016434  0.126793  cudaMemcpy
                     3.58  34.10383         2  17.05191  0.012030  34.09180  cudaThreadSynchronize
                     2.14  20.37279         2  10.18639  0.040978  20.33181  cudaMallocManaged
                     0.76  7.270739     28003  2.59e-04  2.08e-04  0.096730  cudaGetLastError
                     0.54  5.124360       384  0.013344  2.37e-04  0.539571  cuDeviceGetAttribute
                     0.42  3.974962         4  0.993740  0.987212  0.998901  cuDeviceTotalMem
                     0.24  2.244024         5  0.448804  8.56e-03  0.696905  cudaMalloc
                     0.22  2.080417         7  0.297202  0.026354  0.421281  cudaFree
                     0.13  1.222209         1  1.222209  1.222209  1.222209  cudaGetDeviceProperties
                     0.04  0.423250         4  0.105812  0.102937  0.107821  cuDeviceGetName
                     0.00  0.021062         1  0.021062  0.021062  0.021062  cudaMemset
                     0.00  0.014136         2  7.07e-03  4.45e-03  9.69e-03  cudaMemAdvise
                     0.00  0.010351         4  2.59e-03  1.30e-03  5.72e-03  cuDeviceGetPCIBusId
                     0.00  9.99e-03         1  9.99e-03  9.99e-03  9.99e-03  cudaSetDevice
                     0.00  3.04e-03         8  3.80e-04  2.95e-04  5.49e-04  cuDeviceGet
                     0.00  1.64e-03         3  5.45e-04  4.41e-04  6.85e-04  cuDeviceGetCount
                     0.00  1.61e-03         1  1.61e-03  1.61e-03  1.61e-03  cudaGetDevice

==144189== Unified Memory profiling result:
Device "Tesla V100-SXM2-16GB (0)"
   Count  Avg Size  Min Size  Max Size  Total Size  Total Time  Name
     105  138.97KB  64.000KB  960.00KB  14.25000MB    0.478624ms  Host To Device
       8         -         -         -           -    3.916640ms  Gpu page fault groups
      75  145.92KB  64.000KB  512.00KB  10.68750MB           -  Remote mapping from device
      10  364.80KB  128.00KB  1.0000MB  3.562500MB           -  Remote mapping to device
Total CPU Page faults: 85
Total remote mappings from CPU: 10
Total remote mappings to CPU: 75
