==2350== NVPROF is profiling process 2350, command: ./lassen-executable/cfd_532 ../../data/cfd/missile.domn.0.2M
==2350== Profiling application: ./lassen-executable/cfd_532 ../../data/cfd/missile.domn.0.2M
==2350== Profiling result:
            Type  Time(%)      Time     Calls       Avg       Min       Max  Name
                        %        ms                  ms        ms        ms
 GPU activities:    65.81  416.7907      6000  0.069465  0.060543  2.861191  cuda_compute_flux(int, int*, float*, float*, float*)
                    22.01  139.4059      6000  0.023234  0.021312  0.025440  cuda_time_step(int, int, float*, float*, float*, float*)
                     6.44  40.79925      2000  0.020399  0.019295  0.778713  cuda_compute_step_factor(int, float*, float*, float*)
                     5.73  36.29131      2000  0.018145  0.017504  0.020160  [CUDA memcpy DtoD]
                     0.01  0.035904         3  0.011968  8.77e-03  0.014016  cuda_initialize_variables(int, float*)
                     0.00  6.82e-03         5  1.36e-03  1.28e-03  1.63e-03  [CUDA memcpy HtoD]
                     0.00  1.57e-03         1  1.57e-03  1.57e-03  1.57e-03  [CUDA memset]
      API calls:    40.65  396.7886     14003  0.028335  7.98e-03  0.120410  cudaLaunchKernel
                    33.81  330.0062         5  66.00124  0.012234  329.9550  cudaMemcpyToSymbol
                    17.49  170.7253      2000  0.085362  0.016363  0.095953  cudaMemcpy
                     3.63  35.45602         2  17.72801  0.014940  35.44108  cudaThreadSynchronize
                     2.09  20.40550         3  6.801832  0.039826  20.32346  cudaMallocManaged
                     0.75  7.328337     28003  2.61e-04  2.09e-04  0.107799  cudaGetLastError
                     0.53  5.125122       384  0.013346  2.35e-04  0.536826  cuDeviceGetAttribute
                     0.41  3.980717         4  0.995179  0.992651  0.997272  cuDeviceTotalMem
                     0.24  2.328740         7  0.332677  0.227200  0.438493  cudaFree
                     0.22  2.149604         4  0.537401  0.437549  0.696017  cudaMalloc
                     0.13  1.220158         1  1.220158  1.220158  1.220158  cudaGetDeviceProperties
                     0.04  0.429223         4  0.107305  0.102907  0.113039  cuDeviceGetName
                     0.00  0.022759         3  7.59e-03  4.61e-03  0.013309  cudaMemAdvise
                     0.00  0.022057         1  0.022057  0.022057  0.022057  cudaMemset
                     0.00  0.011597         4  2.90e-03  1.34e-03  6.65e-03  cuDeviceGetPCIBusId
                     0.00  0.011131         1  0.011131  0.011131  0.011131  cudaSetDevice
                     0.00  3.23e-03         8  4.03e-04  3.03e-04  5.61e-04  cuDeviceGet
                     0.00  1.56e-03         1  1.56e-03  1.56e-03  1.56e-03  cudaGetDevice
                     0.00  1.45e-03         3  4.83e-04  3.79e-04  6.33e-04  cuDeviceGetCount

==2350== Unified Memory profiling result:
Device "Tesla V100-SXM2-16GB (0)"
   Count  Avg Size  Min Size  Max Size  Total Size  Total Time  Name
      61  179.41KB  64.000KB  832.00KB  10.68750MB    0.314496ms  Host To Device
      19         -         -         -           -    3.541568ms  Gpu page fault groups
      10  96.000KB  64.000KB  128.00KB  960.0000KB           -  Remote mapping from device
       2  1.7813MB  1.5625MB  2.0000MB  3.562500MB           -  Remote mapping to device
Total CPU Page faults: 174
Total remote mappings from CPU: 2
Total remote mappings to CPU: 10
