==141976== NVPROF is profiling process 141976, command: ./lassen-executable/cfd_046 ../../data/cfd/fvcorr.domn.097K
==141976== Profiling application: ./lassen-executable/cfd_046 ../../data/cfd/fvcorr.domn.097K
==141976== Profiling result:
            Type  Time(%)      Time     Calls       Avg       Min       Max  Name
                        %        ms                  ms        ms        ms
 GPU activities:    68.01  192.8827      6000  0.032147  0.029823  1.931728  cuda_compute_flux(int, int*, float*, float*, float*)
                    21.48  60.91011      6000  0.010151  9.02e-03  0.011936  cuda_time_step(int, int, float*, float*, float*, float*)
                     6.32  17.92765      2000  8.96e-03  8.86e-03  0.014303  [CUDA memcpy DtoD]
                     4.18  11.85574      2000  5.93e-03  5.76e-03  7.33e-03  cuda_compute_step_factor(int, float*, float*, float*)
                     0.01  0.018304         6  3.05e-03  1.28e-03  0.011488  [CUDA memcpy HtoD]
                     0.01  0.015871         3  5.29e-03  4.77e-03  5.63e-03  cuda_initialize_variables(int, float*)
                     0.00  1.54e-03         1  1.54e-03  1.54e-03  1.54e-03  [CUDA memset]
      API calls:    52.76  331.4507         5  66.29015  0.012430  331.3999  cudaMemcpyToSymbol
                    26.13  164.1692     14003  0.011723  8.02e-03  0.103445  cudaLaunchKernel
                    11.93  74.97123      2001  0.037466  0.016584  0.067841  cudaMemcpy
                     3.24  20.36418         2  10.18209  0.042515  20.32166  cudaMallocManaged
                     2.49  15.65952         2  7.829758  0.011796  15.64772  cudaThreadSynchronize
                     1.12  7.033811     28003  2.51e-04  2.09e-04  0.095910  cudaGetLastError
                     0.82  5.124410       384  0.013344  2.32e-04  0.537498  cuDeviceGetAttribute
                     0.64  4.011782         4  1.002945  0.987976  1.025573  cuDeviceTotalMem
                     0.31  1.925712         5  0.385142  7.96e-03  0.604392  cudaMalloc
                     0.28  1.783051         7  0.254721  0.020351  0.356704  cudaFree
                     0.20  1.228560         1  1.228560  1.228560  1.228560  cudaGetDeviceProperties
                     0.07  0.426308         4  0.106577  0.103256  0.108212  cuDeviceGetName
                     0.00  0.019445         1  0.019445  0.019445  0.019445  cudaMemset
                     0.00  0.016628         2  8.31e-03  4.39e-03  0.012236  cudaMemAdvise
                     0.00  0.011789         1  0.011789  0.011789  0.011789  cudaSetDevice
                     0.00  0.010912         4  2.73e-03  1.29e-03  6.11e-03  cuDeviceGetPCIBusId
                     0.00  4.11e-03         8  5.14e-04  2.92e-04  8.08e-04  cuDeviceGet
                     0.00  1.62e-03         3  5.41e-04  4.30e-04  6.90e-04  cuDeviceGetCount
                     0.00  1.53e-03         1  1.53e-03  1.53e-03  1.53e-03  cudaGetDevice

==141976== Unified Memory profiling result:
Device "Tesla V100-SXM2-16GB (0)"
   Count  Avg Size  Min Size  Max Size  Total Size  Total Time  Name
      36  170.67KB  64.000KB  768.00KB  6.000000MB    0.189984ms  Host To Device
       9         -         -         -           -    1.981408ms  Gpu page fault groups
      13  118.15KB  64.000KB  320.00KB  1.500000MB           -  Remote mapping from device
      17  271.06KB  64.000KB  960.00KB  4.500000MB           -  Remote mapping to device
Total CPU Page faults: 43
Total remote mappings from CPU: 17
Total remote mappings to CPU: 13
