==5439== NVPROF is profiling process 5439, command: ./lassen-executable/cfd_556 ../../data/cfd/missile.domn.0.2M
==5439== Profiling application: ./lassen-executable/cfd_556 ../../data/cfd/missile.domn.0.2M
==5439== Profiling result:
            Type  Time(%)      Time     Calls       Avg       Min       Max  Name
                        %        ms                  ms        ms        ms
 GPU activities:    68.75  481.4598      6000  0.080243  0.072192  4.961300  cuda_compute_flux(int, int*, float*, float*, float*)
                    19.99  140.0002      6000  0.023333  0.021439  0.026304  cuda_time_step(int, int, float*, float*, float*, float*)
                     5.91  41.41935      2000  0.020709  0.019424  0.827481  cuda_compute_step_factor(int, float*, float*, float*)
                     5.34  37.43228      2000  0.018716  0.017567  0.021504  [CUDA memcpy DtoD]
                     0.01  0.035584         3  0.011861  8.74e-03  0.013568  cuda_initialize_variables(int, float*)
                     0.00  6.78e-03         5  1.36e-03  1.28e-03  1.63e-03  [CUDA memcpy HtoD]
                     0.00  1.54e-03         1  1.54e-03  1.54e-03  1.54e-03  [CUDA memset]
      API calls:    41.96  439.5546     14003  0.031390  8.02e-03  0.113142  cudaLaunchKernel
                    31.48  329.7835         5  65.95670  0.012353  329.7322  cudaMemcpyToSymbol
                    18.32  191.8741      2000  0.095937  0.016523  0.109368  cudaMemcpy
                     3.74  39.19646         2  19.59823  0.015748  39.18071  cudaThreadSynchronize
                     1.94  20.36773         3  6.789243  0.040180  20.28526  cudaMallocManaged
                     0.72  7.541335       384  0.019638  2.36e-04  1.124586  cuDeviceGetAttribute
                     0.70  7.373207     28003  2.63e-04  2.09e-04  0.094306  cudaGetLastError
                     0.51  5.328953         4  1.332238  0.997470  1.651987  cuDeviceTotalMem
                     0.23  2.364285         7  0.337755  0.228548  0.487585  cudaFree
                     0.21  2.182832         4  0.545708  0.436433  0.745827  cudaMalloc
                     0.12  1.218957         1  1.218957  1.218957  1.218957  cudaGetDeviceProperties
                     0.07  0.686233         4  0.171558  0.108553  0.206649  cuDeviceGetName
                     0.00  0.022583         3  7.53e-03  4.47e-03  0.013286  cudaMemAdvise
                     0.00  0.022527         1  0.022527  0.022527  0.022527  cudaMemset
                     0.00  0.011507         4  2.88e-03  1.25e-03  6.69e-03  cuDeviceGetPCIBusId
                     0.00  0.010642         1  0.010642  0.010642  0.010642  cudaSetDevice
                     0.00  3.69e-03         8  4.61e-04  3.01e-04  1.03e-03  cuDeviceGet
                     0.00  1.56e-03         1  1.56e-03  1.56e-03  1.56e-03  cudaGetDevice
                     0.00  1.55e-03         3  5.17e-04  4.20e-04  6.88e-04  cuDeviceGetCount

==5439== Unified Memory profiling result:
Device "Tesla V100-SXM2-16GB (0)"
   Count  Avg Size  Min Size  Max Size  Total Size  Total Time  Name
      55  198.98KB  64.000KB  832.00KB  10.68750MB    0.303712ms  Host To Device
      25         -         -         -           -    5.700384ms  Gpu page fault groups
      30  153.60KB  64.000KB  384.00KB  4.500000MB           -  Remote mapping from device
      32  342.00KB  64.000KB  1.0000MB  10.68750MB           -  Remote mapping to device
Total CPU Page faults: 68
Total remote mappings from CPU: 32
Total remote mappings to CPU: 30
