==166741== NVPROF is profiling process 166741, command: ./lassen-executable/cfd_344 ../../data/cfd/fvcorr.domn.097K
==166741== Profiling application: ./lassen-executable/cfd_344 ../../data/cfd/fvcorr.domn.097K
==166741== Profiling result:
            Type  Time(%)      Time     Calls       Avg       Min       Max  Name
                        %        ms                  ms        ms        ms
 GPU activities:    67.35  195.1807      6000  0.032530  0.030559  1.657554  cuda_compute_flux(int, int*, float*, float*, float*)
                    20.72  60.05143      6000  0.010008  8.80e-03  0.011776  cuda_time_step(int, int, float*, float*, float*, float*)
                     6.22  18.02299      2000  9.01e-03  8.90e-03  0.014048  [CUDA memcpy DtoD]
                     5.70  16.51100      2000  8.26e-03  8.09e-03  0.211262  cuda_compute_step_factor(int, float*, float*, float*)
                     0.01  0.022848         3  7.62e-03  5.28e-03  9.86e-03  cuda_initialize_variables(int, float*)
                     0.00  6.85e-03         5  1.37e-03  1.28e-03  1.60e-03  [CUDA memcpy HtoD]
                     0.00  1.54e-03         1  1.54e-03  1.54e-03  1.54e-03  [CUDA memset]
      API calls:    52.18  330.5330         5  66.10660  0.012154  330.4825  cudaMemcpyToSymbol
                    26.74  169.4156     14003  0.012098  7.95e-03  0.106075  cudaLaunchKernel
                    11.89  75.33945      2000  0.037669  0.016583  0.046523  cudaMemcpy
                     3.22  20.38009         3  6.793362  9.44e-03  20.32805  cudaMallocManaged
                     2.53  16.02743         2  8.013716  0.015298  16.01214  cudaThreadSynchronize
                     1.13  7.138824     28003  2.54e-04  2.09e-04  0.090732  cudaGetLastError
                     0.81  5.129744       384  0.013358  2.31e-04  0.535294  cuDeviceGetAttribute
                     0.63  3.969912         4  0.992478  0.986585  0.995299  cuDeviceTotalMem
                     0.31  1.948402         4  0.487100  0.426404  0.627324  cudaMalloc
                     0.30  1.885122         7  0.269303  0.058517  0.399673  cudaFree
                     0.19  1.221377         1  1.221377  1.221377  1.221377  cudaGetDeviceProperties
                     0.07  0.424186         4  0.106046  0.103138  0.108278  cuDeviceGetName
                     0.00  0.025821         3  8.61e-03  4.14e-03  0.013025  cudaMemAdvise
                     0.00  0.024257         1  0.024257  0.024257  0.024257  cudaMemset
                     0.00  0.011212         4  2.80e-03  1.30e-03  6.53e-03  cuDeviceGetPCIBusId
                     0.00  0.011193         1  0.011193  0.011193  0.011193  cudaSetDevice
                     0.00  3.08e-03         8  3.84e-04  2.98e-04  5.19e-04  cuDeviceGet
                     0.00  1.53e-03         3  5.09e-04  4.06e-04  6.74e-04  cuDeviceGetCount
                     0.00  1.48e-03         1  1.48e-03  1.48e-03  1.48e-03  cudaGetDevice

==166741== Unified Memory profiling result:
Device "Tesla V100-SXM2-16GB (0)"
   Count  Avg Size  Min Size  Max Size  Total Size  Total Time  Name
      46  133.56KB  64.000KB  960.00KB  6.000000MB    0.210656ms  Host To Device
       2         -         -         -           -    1.818688ms  Gpu page fault groups
      58  105.93KB  64.000KB  320.00KB  6.000000MB           -  Remote mapping from device
       2  192.00KB  64.000KB  320.00KB  384.0000KB           -  Remote mapping to device
Total CPU Page faults: 45
Total remote mappings from CPU: 2
Total remote mappings to CPU: 58
