==176215== NVPROF is profiling process 176215, command: ./lassen-executable/cfd_455 ../../data/cfd/fvcorr.domn.193K
==176215== Profiling application: ./lassen-executable/cfd_455 ../../data/cfd/fvcorr.domn.193K
==176215== Profiling result:
            Type  Time(%)      Time     Calls       Avg       Min       Max  Name
                        %        ms                  ms        ms        ms
 GPU activities:    87.67  1.18e+03      6000  0.196023  0.193918  2.783944  cuda_compute_flux(int, int*, float*, float*, float*)
                     8.78  117.7460      6000  0.019624  0.017920  0.022111  cuda_time_step(int, int, float*, float*, float*, float*)
                     1.86  24.90268      2000  0.012451  0.011392  0.014688  [CUDA memcpy DtoD]
                     1.70  22.76021      2000  0.011380  0.010272  0.020895  cuda_compute_step_factor(int, float*, float*, float*)
                     0.00  0.027072         3  9.02e-03  6.82e-03  0.012928  cuda_initialize_variables(int, float*)
                     0.00  6.91e-03         5  1.38e-03  1.31e-03  1.63e-03  [CUDA memcpy HtoD]
                     0.00  1.60e-03         1  1.60e-03  1.60e-03  1.60e-03  [CUDA memset]
      API calls:    51.20  862.4933     14003  0.061593  8.05e-03  0.200139  cudaLaunchKernel
                    21.62  364.1112      2000  0.182055  0.010337  0.202200  cudaMemcpy
                    19.50  328.4814         5  65.69627  0.012615  328.4295  cudaMemcpyToSymbol
                     5.06  85.28510         2  42.64255  0.016396  85.26870  cudaThreadSynchronize
                     1.21  20.34009         3  6.780028  0.039446  20.25871  cudaMallocManaged
                     0.44  7.352864     28003  2.62e-04  2.09e-04  0.084746  cudaGetLastError
                     0.35  5.949879       384  0.015494  2.34e-04  1.375412  cuDeviceGetAttribute
                     0.24  3.971281         4  0.992820  0.986171  0.996515  cuDeviceTotalMem
                     0.16  2.648715         7  0.378387  0.297238  0.736990  cudaFree
                     0.12  2.057320         4  0.514330  0.432796  0.682435  cudaMalloc
                     0.07  1.227597         1  1.227597  1.227597  1.227597  cudaGetDeviceProperties
                     0.03  0.423544         4  0.105886  0.102630  0.107829  cuDeviceGetName
                     0.00  0.023821         1  0.023821  0.023821  0.023821  cudaMemset
                     0.00  0.021790         3  7.26e-03  4.21e-03  0.011679  cudaMemAdvise
                     0.00  9.92e-03         1  9.92e-03  9.92e-03  9.92e-03  cudaSetDevice
                     0.00  9.41e-03         4  2.35e-03  1.25e-03  5.08e-03  cuDeviceGetPCIBusId
                     0.00  3.15e-03         8  3.93e-04  2.99e-04  5.47e-04  cuDeviceGet
                     0.00  1.49e-03         1  1.49e-03  1.49e-03  1.49e-03  cudaGetDevice
                     0.00  1.49e-03         3  4.96e-04  3.93e-04  6.33e-04  cuDeviceGetCount

==176215== Unified Memory profiling result:
Device "Tesla V100-SXM2-16GB (0)"
   Count  Avg Size  Min Size  Max Size  Total Size  Total Time  Name
       9  85.333KB  64.000KB  192.00KB  768.0000KB    0.033760ms  Host To Device
      20         -         -         -           -    2.708448ms  Gpu page fault groups
     138  93.681KB  64.000KB  256.00KB  12.62500MB           -  Remote mapping from device
Total CPU Page faults: 12
Total remote mappings to CPU: 138
