==10816== NVPROF is profiling process 10816, command: ./lassen-executable/cfd_634 ../../data/cfd/fvcorr.domn.097K
==10816== Profiling application: ./lassen-executable/cfd_634 ../../data/cfd/fvcorr.domn.097K
==10816== Profiling result:
            Type  Time(%)      Time     Calls       Avg       Min       Max  Name
                        %        ms                  ms        ms        ms
 GPU activities:    69.10  203.7605      6000  0.033960  0.032031  1.248982  cuda_compute_flux(int, int*, float*, float*, float*)
                    20.27  59.77081      6000  9.96e-03  9.02e-03  0.011392  cuda_time_step(int, int, float*, float*, float*, float*)
                     6.12  18.04685      2000  9.02e-03  8.90e-03  0.014112  [CUDA memcpy DtoD]
                     4.50  13.26162      2000  6.63e-03  6.30e-03  0.505820  cuda_compute_step_factor(int, float*, float*, float*)
                     0.01  0.022592         3  7.53e-03  5.34e-03  9.79e-03  cuda_initialize_variables(int, float*)
                     0.00  6.91e-03         5  1.38e-03  1.31e-03  1.63e-03  [CUDA memcpy HtoD]
                     0.00  1.54e-03         1  1.54e-03  1.54e-03  1.54e-03  [CUDA memset]
      API calls:    51.79  330.7968         5  66.15935  0.011961  330.7468  cudaMemcpyToSymbol
                    26.83  171.3875     14003  0.012239  7.99e-03  0.097589  cudaLaunchKernel
                    12.20  77.93815      2000  0.038969  0.016534  0.046861  cudaMemcpy
                     3.19  20.36085         3  6.786951  9.56e-03  20.30882  cudaMallocManaged
                     2.55  16.31299         2  8.156494  0.015087  16.29790  cudaThreadSynchronize
                     1.12  7.155623     28003  2.55e-04  2.09e-04  0.097571  cudaGetLastError
                     0.80  5.128795       384  0.013356  2.34e-04  0.539729  cuDeviceGetAttribute
                     0.62  3.969504         4  0.992376  0.986884  0.995216  cuDeviceTotalMem
                     0.31  1.999715         7  0.285673  0.060833  0.422615  cudaFree
                     0.31  1.949766         4  0.487441  0.430829  0.629650  cudaMalloc
                     0.19  1.223373         1  1.223373  1.223373  1.223373  cudaGetDeviceProperties
                     0.07  0.425095         4  0.106273  0.104104  0.108044  cuDeviceGetName
                     0.00  0.026358         3  8.79e-03  4.46e-03  0.012374  cudaMemAdvise
                     0.00  0.024663         1  0.024663  0.024663  0.024663  cudaMemset
                     0.00  0.010892         1  0.010892  0.010892  0.010892  cudaSetDevice
                     0.00  0.010774         4  2.69e-03  1.24e-03  6.07e-03  cuDeviceGetPCIBusId
                     0.00  3.15e-03         8  3.94e-04  2.96e-04  6.37e-04  cuDeviceGet
                     0.00  1.57e-03         3  5.21e-04  4.20e-04  6.78e-04  cuDeviceGetCount
                     0.00  1.55e-03         1  1.55e-03  1.55e-03  1.55e-03  cudaGetDevice

==10816== Unified Memory profiling result:
Device "Tesla V100-SXM2-16GB (0)"
   Count  Avg Size  Min Size  Max Size  Total Size  Total Time  Name
      40  123.20KB  64.000KB  896.00KB  4.812500MB    0.179616ms  Host To Device
       5         -         -         -           -    1.852096ms  Gpu page fault groups
      45  102.40KB  64.000KB  256.00KB  4.500000MB           -  Remote mapping from device
       4  480.00KB  64.000KB  1.5000MB  1.875000MB           -  Remote mapping to device
Total CPU Page faults: 38
Total remote mappings from CPU: 4
Total remote mappings to CPU: 45
