==155194== NVPROF is profiling process 155194, command: ./lassen-executable/cfd_215 ../../data/cfd/fvcorr.domn.097K
==155194== Profiling application: ./lassen-executable/cfd_215 ../../data/cfd/fvcorr.domn.097K
==155194== Profiling result:
            Type  Time(%)      Time     Calls       Avg       Min       Max  Name
                        %        ms                  ms        ms        ms
 GPU activities:    84.59  482.5473      6000  0.080424  0.078336  1.794033  cuda_compute_flux(int, int*, float*, float*, float*)
                     9.81  55.96225      6000  9.33e-03  8.51e-03  0.010912  cuda_time_step(int, int, float*, float*, float*, float*)
                     3.27  18.67482      2000  9.34e-03  8.80e-03  0.014144  [CUDA memcpy DtoD]
                     2.33  13.27049      2000  6.64e-03  5.92e-03  0.439676  cuda_compute_step_factor(int, float*, float*, float*)
                     0.00  0.022752         3  7.58e-03  5.57e-03  9.63e-03  cuda_initialize_variables(int, float*)
                     0.00  6.85e-03         5  1.37e-03  1.28e-03  1.63e-03  [CUDA memcpy HtoD]
                     0.00  1.57e-03         1  1.57e-03  1.57e-03  1.57e-03  [CUDA memset]
      API calls:    37.58  344.4025     14003  0.024594  8.11e-03  0.150641  cudaLaunchKernel
                    36.27  332.3884         5  66.47768  0.012251  332.3365  cudaMemcpyToSymbol
                    18.01  165.0609      2000  0.082530  0.016561  0.091640  cudaMemcpy
                     3.49  31.97732         2  15.98866  0.013513  31.96380  cudaThreadSynchronize
                     2.22  20.37886         3  6.792954  9.35e-03  20.32822  cudaMallocManaged
                     0.79  7.261254     28003  2.59e-04  2.12e-04  0.111181  cudaGetLastError
                     0.56  5.151683       384  0.013415  2.30e-04  0.536723  cuDeviceGetAttribute
                     0.44  3.988184         4  0.997046  0.991265  1.001024  cuDeviceTotalMem
                     0.22  2.040019         7  0.291431  0.070003  0.456827  cudaFree
                     0.21  1.954898         4  0.488724  0.428758  0.642913  cudaMalloc
                     0.13  1.225083         1  1.225083  1.225083  1.225083  cudaGetDeviceProperties
                     0.05  0.427918         4  0.106979  0.105206  0.108446  cuDeviceGetName
                     0.00  0.024134         1  0.024134  0.024134  0.024134  cudaMemset
                     0.00  0.017545         2  8.77e-03  6.66e-03  0.010884  cudaMemAdvise
                     0.00  0.012593         1  0.012593  0.012593  0.012593  cudaSetDevice
                     0.00  0.012581         4  3.15e-03  1.48e-03  7.05e-03  cuDeviceGetPCIBusId
                     0.00  3.66e-03         8  4.57e-04  2.85e-04  7.83e-04  cuDeviceGet
                     0.00  1.91e-03         1  1.91e-03  1.91e-03  1.91e-03  cudaGetDevice
                     0.00  1.74e-03         3  5.81e-04  4.41e-04  7.70e-04  cuDeviceGetCount

==155194== Unified Memory profiling result:
Device "Tesla V100-SXM2-16GB (0)"
   Count  Avg Size  Min Size  Max Size  Total Size  Total Time  Name
      12  170.67KB  64.000KB  576.00KB  2.000000MB    0.063936ms  Host To Device
      14         -         -         -           -    2.172576ms  Gpu page fault groups
      35  131.66KB  64.000KB  384.00KB  4.500000MB           -  Remote mapping from device
Total CPU Page faults: 20
Total remote mappings to CPU: 35
