==12016== NVPROF is profiling process 12016, command: ./lassen-executable/cfd_644 ../../data/cfd/fvcorr.domn.193K
==12016== Profiling application: ./lassen-executable/cfd_644 ../../data/cfd/fvcorr.domn.193K
==12016== Profiling result:
            Type  Time(%)      Time     Calls       Avg       Min       Max  Name
                        %        ms                  ms        ms        ms
 GPU activities:    64.92  313.5069      6000  0.052251  0.049823  3.186436  cuda_compute_flux(int, int*, float*, float*, float*)
                    25.46  122.9768      6000  0.020496  0.018527  0.022368  cuda_time_step(int, int, float*, float*, float*, float*)
                     4.98  24.03938      2000  0.012019  0.011424  0.015328  [CUDA memcpy DtoD]
                     4.64  22.38656      2000  0.011193  0.010400  0.678586  cuda_compute_step_factor(int, float*, float*, float*)
                     0.01  0.027712         3  9.24e-03  6.85e-03  0.013248  cuda_initialize_variables(int, float*)
                     0.00  6.88e-03         5  1.38e-03  1.31e-03  1.63e-03  [CUDA memcpy HtoD]
                     0.00  1.60e-03         1  1.60e-03  1.60e-03  1.60e-03  [CUDA memset]
      API calls:    39.86  328.2866         5  65.65733  0.012793  328.2139  cudaMemcpyToSymbol
                    39.69  326.9439     14003  0.023348  8.05e-03  0.089488  cudaLaunchKernel
                    11.60  95.51496      2000  0.047757  0.010289  0.056366  cudaMemcpy
                     3.67  30.20855         2  15.10428  0.016903  30.19165  cudaThreadSynchronize
                     2.47  20.32677         3  6.775588  0.037205  20.24948  cudaMallocManaged
                     0.90  7.377924     28003  2.63e-04  2.09e-04  0.080305  cudaGetLastError
                     0.64  5.234880       384  0.013632  2.34e-04  0.645618  cuDeviceGetAttribute
                     0.48  3.973147         4  0.993286  0.986587  0.997567  cuDeviceTotalMem
                     0.25  2.074376         4  0.518594  0.431941  0.695450  cudaMalloc
                     0.25  2.036476         7  0.290925  0.170758  0.407126  cudaFree
                     0.15  1.222223         1  1.222223  1.222223  1.222223  cudaGetDeviceProperties
                     0.05  0.427056         4  0.106764  0.102792  0.108366  cuDeviceGetName
                     0.00  0.023876         1  0.023876  0.023876  0.023876  cudaMemset
                     0.00  0.020414         3  6.80e-03  4.21e-03  0.011595  cudaMemAdvise
                     0.00  0.011490         4  2.87e-03  1.30e-03  6.82e-03  cuDeviceGetPCIBusId
                     0.00  0.010482         1  0.010482  0.010482  0.010482  cudaSetDevice
                     0.00  3.95e-03         8  4.94e-04  2.66e-04  1.28e-03  cuDeviceGet
                     0.00  1.59e-03         1  1.59e-03  1.59e-03  1.59e-03  cudaGetDevice
                     0.00  1.51e-03         3  5.04e-04  4.29e-04  6.44e-04  cuDeviceGetCount

==12016== Unified Memory profiling result:
Device "Tesla V100-SXM2-16GB (0)"
   Count  Avg Size  Min Size  Max Size  Total Size  Total Time  Name
      99  130.59KB  64.000KB  576.00KB  12.62500MB    0.458336ms  Host To Device
       4         -         -         -           -    3.780928ms  Gpu page fault groups
      90  135.11KB  64.000KB  448.00KB  11.87500MB           -  Remote mapping from device
       3  256.00KB  128.00KB  384.00KB  768.0000KB           -  Remote mapping to device
Total CPU Page faults: 84
Total remote mappings from CPU: 3
Total remote mappings to CPU: 90
