==161257== NVPROF is profiling process 161257, command: ./lassen-executable/cfd_266 ../../data/cfd/fvcorr.domn.097K
==161257== Profiling application: ./lassen-executable/cfd_266 ../../data/cfd/fvcorr.domn.097K
==161257== Profiling result:
            Type  Time(%)      Time     Calls       Avg       Min       Max  Name
                        %        ms                  ms        ms        ms
 GPU activities:    68.57  193.0153      6000  0.032169  0.030112  2.160014  cuda_compute_flux(int, int*, float*, float*, float*)
                    20.55  57.84457      6000  9.64e-03  8.99e-03  0.011200  cuda_time_step(int, int, float*, float*, float*, float*)
                     6.41  18.03887      2000  9.02e-03  8.90e-03  0.014240  [CUDA memcpy DtoD]
                     4.45  12.53771      2000  6.27e-03  5.86e-03  0.505627  cuda_compute_step_factor(int, float*, float*, float*)
                     0.01  0.022240         3  7.41e-03  5.31e-03  9.89e-03  cuda_initialize_variables(int, float*)
                     0.00  6.82e-03         5  1.36e-03  1.28e-03  1.63e-03  [CUDA memcpy HtoD]
                     0.00  1.54e-03         1  1.54e-03  1.54e-03  1.54e-03  [CUDA memset]
      API calls:    52.72  328.9447         5  65.78894  0.012658  328.8921  cudaMemcpyToSymbol
                    26.12  162.9646     14003  0.011637  7.99e-03  0.095347  cudaLaunchKernel
                    11.90  74.22539      2000  0.037112  0.016543  0.045462  cudaMemcpy
                     3.26  20.36836         3  6.789454  9.61e-03  20.32078  cudaMallocManaged
                     2.48  15.48916         2  7.744578  0.013165  15.47599  cudaThreadSynchronize
                     1.15  7.150058     28003  2.55e-04  2.08e-04  0.104073  cudaGetLastError
                     0.82  5.110637       384  0.013308  2.34e-04  0.538576  cuDeviceGetAttribute
                     0.66  4.124498         4  1.031124  0.987091  1.136998  cuDeviceTotalMem
                     0.31  1.918278         7  0.274039  0.102179  0.357987  cudaFree
                     0.30  1.896179         4  0.474044  0.423884  0.602732  cudaMalloc
                     0.20  1.217961         1  1.217961  1.217961  1.217961  cudaGetDeviceProperties
                     0.07  0.429415         4  0.107353  0.103158  0.111465  cuDeviceGetName
                     0.00  0.024369         3  8.12e-03  4.10e-03  0.011269  cudaMemAdvise
                     0.00  0.023855         1  0.023855  0.023855  0.023855  cudaMemset
                     0.00  0.011453         4  2.86e-03  1.35e-03  6.66e-03  cuDeviceGetPCIBusId
                     0.00  0.010800         1  0.010800  0.010800  0.010800  cudaSetDevice
                     0.00  4.14e-03         8  5.17e-04  3.06e-04  8.09e-04  cuDeviceGet
                     0.00  1.69e-03         3  5.63e-04  4.98e-04  6.95e-04  cuDeviceGetCount
                     0.00  1.48e-03         1  1.48e-03  1.48e-03  1.48e-03  cudaGetDevice

==161257== Unified Memory profiling result:
Device "Tesla V100-SXM2-16GB (0)"
   Count  Avg Size  Min Size  Max Size  Total Size  Total Time  Name
      41  159.22KB  64.000KB  896.00KB  6.375000MB    0.206144ms  Host To Device
      12         -         -         -           -    2.610080ms  Gpu page fault groups
      25  245.76KB  64.000KB  960.00KB  6.000000MB           -  Remote mapping to device
Total CPU Page faults: 49
Total remote mappings from CPU: 25
