==173700== NVPROF is profiling process 173700, command: ./lassen-executable/cfd_434 ../../data/cfd/fvcorr.domn.193K
==173700== Profiling application: ./lassen-executable/cfd_434 ../../data/cfd/fvcorr.domn.193K
==173700== Profiling result:
            Type  Time(%)      Time     Calls       Avg       Min       Max  Name
                        %        ms                  ms        ms        ms
 GPU activities:    65.98  325.8396      6000  0.054306  0.051712  2.012270  cuda_compute_flux(int, int*, float*, float*, float*)
                    24.84  122.6756      6000  0.020445  0.018880  0.022592  cuda_time_step(int, int, float*, float*, float*, float*)
                     4.79  23.63521      2000  0.011817  0.011328  0.015136  [CUDA memcpy DtoD]
                     4.39  21.69530      2000  0.010847  0.010272  0.020128  cuda_compute_step_factor(int, float*, float*, float*)
                     0.01  0.027232         3  9.08e-03  6.82e-03  0.012832  cuda_initialize_variables(int, float*)
                     0.00  6.88e-03         5  1.38e-03  1.31e-03  1.60e-03  [CUDA memcpy HtoD]
                     0.00  1.54e-03         1  1.54e-03  1.54e-03  1.54e-03  [CUDA memset]
      API calls:    39.92  333.8831     14003  0.023843  8.01e-03  0.112613  cudaLaunchKernel
                    39.32  328.9157         5  65.78315  0.012589  328.8644  cudaMemcpyToSymbol
                    11.91  99.65156      2000  0.049825  0.010461  0.059190  cudaMemcpy
                     3.71  31.00888         2  15.50444  0.017462  30.99142  cudaThreadSynchronize
                     2.43  20.34129         3  6.780429  0.038988  20.26106  cudaMallocManaged
                     0.87  7.294340     28003  2.60e-04  2.09e-04  0.092785  cudaGetLastError
                     0.61  5.107499       384  0.013300  2.33e-04  0.535071  cuDeviceGetAttribute
                     0.51  4.267051         4  1.066762  0.993506  1.252771  cuDeviceTotalMem
                     0.26  2.164136         7  0.309162  0.176822  0.419664  cudaFree
                     0.25  2.094488         4  0.523622  0.431717  0.689306  cudaMalloc
                     0.15  1.224348         1  1.224348  1.224348  1.224348  cudaGetDeviceProperties
                     0.05  0.423399         4  0.105849  0.102639  0.108153  cuDeviceGetName
                     0.00  0.022563         3  7.52e-03  4.25e-03  0.012224  cudaMemAdvise
                     0.00  0.022556         1  0.022556  0.022556  0.022556  cudaMemset
                     0.00  0.011522         4  2.88e-03  1.28e-03  6.60e-03  cuDeviceGetPCIBusId
                     0.00  0.010194         1  0.010194  0.010194  0.010194  cudaSetDevice
                     0.00  3.24e-03         8  4.04e-04  2.98e-04  5.97e-04  cuDeviceGet
                     0.00  1.57e-03         3  5.22e-04  4.47e-04  6.70e-04  cuDeviceGetCount
                     0.00  1.54e-03         1  1.54e-03  1.54e-03  1.54e-03  cudaGetDevice

==173700== Unified Memory profiling result:
Device "Tesla V100-SXM2-16GB (0)"
   Count  Avg Size  Min Size  Max Size  Total Size  Total Time  Name
      82  120.19KB  64.000KB  576.00KB  9.625000MB    0.390592ms  Host To Device
       3         -         -         -           -    2.677920ms  Gpu page fault groups
      72  136.89KB  64.000KB  448.00KB  9.625000MB           -  Remote mapping from device
       2  1.5000MB  1.0000MB  2.0000MB  3.000000MB           -  Remote mapping to device
Total CPU Page faults: 65
Total remote mappings from CPU: 2
Total remote mappings to CPU: 72
