==141217== NVPROF is profiling process 141217, command: ./lassen-executable/cfd_042 ../../data/cfd/fvcorr.domn.097K
==141217== Profiling application: ./lassen-executable/cfd_042 ../../data/cfd/fvcorr.domn.097K
==141217== Profiling result:
            Type  Time(%)      Time     Calls       Avg       Min       Max  Name
                        %        ms                  ms        ms        ms
 GPU activities:    68.73  192.1633      6000  0.032027  0.030016  1.792785  cuda_compute_flux(int, int*, float*, float*, float*)
                    20.62  57.63738      6000  9.61e-03  8.96e-03  0.011168  cuda_time_step(int, int, float*, float*, float*, float*)
                     6.41  17.90768      2000  8.95e-03  8.86e-03  0.014336  [CUDA memcpy DtoD]
                     4.24  11.84391      2000  5.92e-03  5.76e-03  7.23e-03  cuda_compute_step_factor(int, float*, float*, float*)
                     0.01  0.017920         6  2.99e-03  1.28e-03  0.011104  [CUDA memcpy HtoD]
                     0.01  0.015776         3  5.26e-03  4.77e-03  5.54e-03  cuda_initialize_variables(int, float*)
                     0.00  1.54e-03         1  1.54e-03  1.54e-03  1.54e-03  [CUDA memset]
      API calls:    52.64  329.6032         5  65.92064  0.012620  329.5513  cudaMemcpyToSymbol
                    25.79  161.4749     14003  0.011531  7.98e-03  0.110065  cudaLaunchKernel
                    11.69  73.17530      2001  0.036569  0.016394  0.072030  cudaMemcpy
                     3.25  20.35071         2  10.17536  0.042649  20.30806  cudaMallocManaged
                     2.46  15.41444         2  7.707220  0.011936  15.40250  cudaThreadSynchronize
                     1.13  7.095523     28003  2.53e-04  2.07e-04  0.078048  cudaGetLastError
                     0.94  5.911764       384  0.015395  2.30e-04  0.787661  cuDeviceGetAttribute
                     0.89  5.597774         5  1.119554  8.14e-03  4.278490  cudaMalloc
                     0.63  3.971522         4  0.992880  0.986518  0.996379  cuDeviceTotalMem
                     0.29  1.824392         7  0.260627  0.023333  0.401932  cudaFree
                     0.20  1.224875         1  1.224875  1.224875  1.224875  cudaGetDeviceProperties
                     0.07  0.425208         4  0.106302  0.102974  0.108296  cuDeviceGetName
                     0.00  0.019866         1  0.019866  0.019866  0.019866  cudaMemset
                     0.00  0.017788         2  8.89e-03  4.53e-03  0.013259  cudaMemAdvise
                     0.00  0.011208         1  0.011208  0.011208  0.011208  cudaSetDevice
                     0.00  0.010992         4  2.75e-03  1.30e-03  6.73e-03  cuDeviceGetPCIBusId
                     0.00  4.03e-03         8  5.03e-04  2.97e-04  1.35e-03  cuDeviceGet
                     0.00  1.64e-03         3  5.45e-04  4.57e-04  6.80e-04  cuDeviceGetCount
                     0.00  1.55e-03         1  1.55e-03  1.55e-03  1.55e-03  cudaGetDevice

==141217== Unified Memory profiling result:
Device "Tesla V100-SXM2-16GB (0)"
   Count  Avg Size  Min Size  Max Size  Total Size  Total Time  Name
      38  161.68KB  64.000KB  896.00KB  6.000000MB    0.191232ms  Host To Device
       8         -         -         -           -    1.827552ms  Gpu page fault groups
      13  118.15KB  64.000KB  320.00KB  1.500000MB           -  Remote mapping from device
Total CPU Page faults: 82
Total remote mappings to CPU: 13
