==11860== NVPROF is profiling process 11860, command: ./lassen-executable/cfd_643 ../../data/cfd/fvcorr.domn.193K
==11860== Profiling application: ./lassen-executable/cfd_643 ../../data/cfd/fvcorr.domn.193K
==11860== Profiling result:
            Type  Time(%)      Time     Calls       Avg       Min       Max  Name
                        %        ms                  ms        ms        ms
 GPU activities:    72.37  440.8709      6000  0.073478  0.069535  0.756602  cuda_compute_flux(int, int*, float*, float*, float*)
                    20.00  121.8518      6000  0.020308  0.018592  0.022559  cuda_time_step(int, int, float*, float*, float*, float*)
                     3.94  23.99451      2000  0.011997  0.011327  0.015296  [CUDA memcpy DtoD]
                     3.68  22.44899      2000  0.011224  0.010240  0.655866  cuda_compute_step_factor(int, float*, float*, float*)
                     0.00  0.028672         3  9.56e-03  7.68e-03  0.013216  cuda_initialize_variables(int, float*)
                     0.00  6.88e-03         5  1.38e-03  1.31e-03  1.63e-03  [CUDA memcpy HtoD]
                     0.00  1.66e-03         1  1.66e-03  1.66e-03  1.66e-03  [CUDA memset]
      API calls:    42.80  407.7356     14003  0.029117  8.04e-03  0.099765  cudaLaunchKernel
                    34.63  329.9398         5  65.98797  0.012646  329.8875  cudaMemcpyToSymbol
                    14.12  134.5433      2000  0.067271  0.010474  0.078961  cudaMemcpy
                     3.95  37.66334         2  18.83167  0.017577  37.64576  cudaThreadSynchronize
                     2.13  20.33289         3  6.777629  0.039749  20.25095  cudaMallocManaged
                     0.76  7.231845     28003  2.58e-04  2.08e-04  0.089660  cudaGetLastError
                     0.54  5.117777       384  0.013327  2.31e-04  0.541241  cuDeviceGetAttribute
                     0.42  3.990714         4  0.997678  0.987876  1.009298  cuDeviceTotalMem
                     0.25  2.388888         7  0.341269  0.195147  0.658741  cudaFree
                     0.22  2.084104         4  0.521026  0.436095  0.674908  cudaMalloc
                     0.13  1.217792         1  1.217792  1.217792  1.217792  cudaGetDeviceProperties
                     0.04  0.425087         4  0.106271  0.102968  0.108594  cuDeviceGetName
                     0.00  0.023972         1  0.023972  0.023972  0.023972  cudaMemset
                     0.00  0.023234         3  7.74e-03  4.79e-03  0.012281  cudaMemAdvise
                     0.00  0.010953         4  2.74e-03  1.35e-03  5.77e-03  cuDeviceGetPCIBusId
                     0.00  0.010720         1  0.010720  0.010720  0.010720  cudaSetDevice
                     0.00  4.15e-03         8  5.18e-04  2.99e-04  8.48e-04  cuDeviceGet
                     0.00  1.64e-03         3  5.45e-04  4.57e-04  7.03e-04  cuDeviceGetCount
                     0.00  1.56e-03         1  1.56e-03  1.56e-03  1.56e-03  cudaGetDevice

==11860== Unified Memory profiling result:
Device "Tesla V100-SXM2-16GB (0)"
   Count  Avg Size  Min Size  Max Size  Total Size  Total Time  Name
      27  142.22KB  64.000KB  960.00KB  3.750000MB    0.139776ms  Host To Device
       6         -         -         -           -    1.631104ms  Gpu page fault groups
      23  133.56KB  64.000KB  448.00KB  3.000000MB           -  Remote mapping from device
       8  1.2031MB  128.00KB  2.0000MB  9.625000MB           -  Remote mapping to device
Total CPU Page faults: 31
Total remote mappings from CPU: 8
Total remote mappings to CPU: 23
