==161895== NVPROF is profiling process 161895, command: ./lassen-executable/cfd_303 ../../data/cfd/fvcorr.domn.097K
==161895== Profiling application: ./lassen-executable/cfd_303 ../../data/cfd/fvcorr.domn.097K
==161895== Profiling result:
            Type  Time(%)      Time     Calls       Avg       Min       Max  Name
                        %        ms                  ms        ms        ms
 GPU activities:    76.44  288.6046      6000  0.048100  0.046207  0.354525  cuda_compute_flux(int, int*, float*, float*, float*)
                    15.44  58.27729      6000  9.71e-03  9.06e-03  0.010976  cuda_time_step(int, int, float*, float*, float*, float*)
                     4.74  17.91301      2000  8.96e-03  8.86e-03  0.014272  [CUDA memcpy DtoD]
                     3.35  12.66446      2000  6.33e-03  6.14e-03  0.236254  cuda_compute_step_factor(int, float*, float*, float*)
                     0.02  0.072447         6  0.012074  1.28e-03  0.065631  [CUDA memcpy HtoD]
                     0.00  0.015808         3  5.27e-03  4.80e-03  5.54e-03  cuda_initialize_variables(int, float*)
                     0.00  1.54e-03         1  1.54e-03  1.54e-03  1.54e-03  [CUDA memset]
      API calls:    45.81  329.7643         5  65.95286  0.012671  329.7119  cudaMemcpyToSymbol
                    30.91  222.4970     14003  0.015889  7.95e-03  0.107589  cudaLaunchKernel
                    14.49  104.2972      2001  0.052122  0.016499  0.194092  cudaMemcpy
                     2.92  21.02410         2  10.51205  0.012070  21.01203  cudaThreadSynchronize
                     2.82  20.29754         2  10.14877  0.043574  20.25396  cudaMallocManaged
                     0.99  7.091925     28003  2.53e-04  2.08e-04  0.105840  cudaGetLastError
                     0.73  5.250939       384  0.013674  2.33e-04  0.643794  cuDeviceGetAttribute
                     0.55  3.975978         4  0.993994  0.987325  0.999073  cuDeviceTotalMem
                     0.28  2.036145         5  0.407229  8.25e-03  0.656886  cudaMalloc
                     0.27  1.936854         7  0.276693  0.017027  0.412707  cudaFree
                     0.17  1.222538         1  1.222538  1.222538  1.222538  cudaGetDeviceProperties
                     0.06  0.422920         4  0.105730  0.102784  0.107550  cuDeviceGetName
                     0.00  0.020067         1  0.020067  0.020067  0.020067  cudaMemset
                     0.00  0.017832         2  8.92e-03  4.77e-03  0.013062  cudaMemAdvise
                     0.00  0.010943         1  0.010943  0.010943  0.010943  cudaSetDevice
                     0.00  9.64e-03         4  2.41e-03  1.28e-03  4.83e-03  cuDeviceGetPCIBusId
                     0.00  3.29e-03         8  4.11e-04  3.01e-04  6.72e-04  cuDeviceGet
                     0.00  1.54e-03         3  5.14e-04  4.40e-04  6.59e-04  cuDeviceGetCount
                     0.00  1.44e-03         1  1.44e-03  1.44e-03  1.44e-03  cudaGetDevice

==161895== Unified Memory profiling result:
Device "Tesla V100-SXM2-16GB (0)"
   Count  Avg Size  Min Size  Max Size  Total Size  Total Time  Name
       3         -         -         -           -    0.528928ms  Gpu page fault groups
       4  1.2188MB  384.00KB  2.0000MB  4.875000MB           -  Remote mapping to device
Total CPU Page faults: 4
Total remote mappings from CPU: 4
