==148334== NVPROF is profiling process 148334, command: ./lassen-executable/cfd_125 ../../data/cfd/missile.domn.0.2M
==148334== Profiling application: ./lassen-executable/cfd_125 ../../data/cfd/missile.domn.0.2M
==148334== Profiling result:
            Type  Time(%)      Time     Calls       Avg       Min       Max  Name
                        %        ms                  ms        ms        ms
 GPU activities:    83.79  1.09e+03      6000  0.181395  0.178046  3.424610  cuda_compute_flux(int, int*, float*, float*, float*)
                    10.97  142.4548      6000  0.023742  0.021823  0.026815  cuda_time_step(int, int, float*, float*, float*, float*)
                     2.90  37.73258      2000  0.018866  0.017439  0.021152  [CUDA memcpy DtoD]
                     2.34  30.39442      2000  0.015197  0.013760  0.750618  cuda_compute_step_factor(int, float*, float*, float*)
                     0.00  0.036864         3  0.012288  9.22e-03  0.014144  cuda_initialize_variables(int, float*)
                     0.00  6.82e-03         5  1.36e-03  1.28e-03  1.63e-03  [CUDA memcpy HtoD]
                     0.00  1.63e-03         1  1.63e-03  1.63e-03  1.63e-03  [CUDA memset]
      API calls:    49.41  813.1288     14003  0.058068  8.10e-03  0.258516  cudaLaunchKernel
                    23.28  383.1772      2000  0.191588  0.016484  0.209115  cudaMemcpy
                    20.22  332.7223         5  66.54446  0.012198  332.6712  cudaMemcpyToSymbol
                     4.45  73.21481         2  36.60741  0.014622  73.20019  cudaThreadSynchronize
                     1.24  20.41272         3  6.804239  0.040692  20.32540  cudaMallocManaged
                     0.45  7.344423     28003  2.62e-04  2.11e-04  0.090986  cudaGetLastError
                     0.31  5.134950       384  0.013372  2.32e-04  0.535090  cuDeviceGetAttribute
                     0.24  3.989360         4  0.997340  0.986857  1.012084  cuDeviceTotalMem
                     0.16  2.683646         7  0.383378  0.216658  0.863175  cudaFree
                     0.13  2.214672         4  0.553668  0.440739  0.721937  cudaMalloc
                     0.07  1.226627         1  1.226627  1.226627  1.226627  cudaGetDeviceProperties
                     0.03  0.425470         4  0.106367  0.102980  0.108136  cuDeviceGetName
                     0.00  0.022275         1  0.022275  0.022275  0.022275  cudaMemset
                     0.00  0.014543         2  7.27e-03  6.53e-03  8.02e-03  cudaMemAdvise
                     0.00  0.010796         4  2.70e-03  1.26e-03  5.79e-03  cuDeviceGetPCIBusId
                     0.00  0.010758         1  0.010758  0.010758  0.010758  cudaSetDevice
                     0.00  3.38e-03         8  4.22e-04  2.97e-04  6.60e-04  cuDeviceGet
                     0.00  1.74e-03         1  1.74e-03  1.74e-03  1.74e-03  cudaGetDevice
                     0.00  1.63e-03         3  5.43e-04  4.26e-04  6.82e-04  cuDeviceGetCount

==148334== Unified Memory profiling result:
Device "Tesla V100-SXM2-16GB (0)"
   Count  Avg Size  Min Size  Max Size  Total Size  Total Time  Name
      27  173.04KB  64.000KB  896.00KB  4.562500MB    0.146752ms  Host To Device
      27         -         -         -           -    4.083168ms  Gpu page fault groups
     105  104.23KB  64.000KB  256.00KB  10.68750MB           -  Remote mapping from device
Total CPU Page faults: 68
Total remote mappings to CPU: 105
