==154907== NVPROF is profiling process 154907, command: ./lassen-executable/cfd_213 ../../data/cfd/fvcorr.domn.193K
==154907== Profiling application: ./lassen-executable/cfd_213 ../../data/cfd/fvcorr.domn.193K
==154907== Profiling result:
            Type  Time(%)      Time     Calls       Avg       Min       Max  Name
                        %        ms                  ms        ms        ms
 GPU activities:    72.55  438.7354      6000  0.073122  0.070496  1.121398  cuda_compute_flux(int, int*, float*, float*, float*)
                    19.84  119.9732      6000  0.019995  0.018304  0.021983  cuda_time_step(int, int, float*, float*, float*, float*)
                     3.91  23.66439      2000  0.011832  0.011296  0.014815  [CUDA memcpy DtoD]
                     3.69  22.28535      2000  0.011142  0.010432  0.484700  cuda_compute_step_factor(int, float*, float*, float*)
                     0.00  0.027263         3  9.09e-03  6.88e-03  0.012960  cuda_initialize_variables(int, float*)
                     0.00  6.88e-03         5  1.37e-03  1.31e-03  1.63e-03  [CUDA memcpy HtoD]
                     0.00  1.54e-03         1  1.54e-03  1.54e-03  1.54e-03  [CUDA memset]
      API calls:    42.56  402.7006     14003  0.028758  8.03e-03  0.099349  cudaLaunchKernel
                    34.77  329.0058         5  65.80115  0.011999  328.9544  cudaMemcpyToSymbol
                    14.07  133.1633      2000  0.066581  0.010357  0.082841  cudaMemcpy
                     4.04  38.22456         2  19.11228  0.017206  38.20735  cudaThreadSynchronize
                     2.15  20.38277         3  6.794257  0.039621  20.30069  cudaMallocManaged
                     0.78  7.367397     28003  2.63e-04  2.08e-04  0.089936  cudaGetLastError
                     0.54  5.117947       384  0.013327  2.34e-04  0.542922  cuDeviceGetAttribute
                     0.42  3.984951         4  0.996237  0.994313  1.001268  cuDeviceTotalMem
                     0.25  2.362200         7  0.337457  0.192476  0.653866  cudaFree
                     0.22  2.086987         4  0.521746  0.430535  0.698846  cudaMalloc
                     0.13  1.220012         1  1.220012  1.220012  1.220012  cudaGetDeviceProperties
                     0.05  0.426646         4  0.106661  0.102763  0.108126  cuDeviceGetName
                     0.00  0.022931         1  0.022931  0.022931  0.022931  cudaMemset
                     0.00  0.018037         2  9.02e-03  6.71e-03  0.011328  cudaMemAdvise
                     0.00  0.011071         4  2.77e-03  1.32e-03  6.42e-03  cuDeviceGetPCIBusId
                     0.00  0.010083         1  0.010083  0.010083  0.010083  cudaSetDevice
                     0.00  3.69e-03         8  4.61e-04  2.99e-04  9.61e-04  cuDeviceGet
                     0.00  1.67e-03         1  1.67e-03  1.67e-03  1.67e-03  cudaGetDevice
                     0.00  1.63e-03         3  5.42e-04  4.14e-04  6.89e-04  cuDeviceGetCount

==154907== Unified Memory profiling result:
Device "Tesla V100-SXM2-16GB (0)"
   Count  Avg Size  Min Size  Max Size  Total Size  Total Time  Name
      16  240.00KB  64.000KB  960.00KB  3.750000MB    0.097184ms  Host To Device
       9         -         -         -           -    1.517536ms  Gpu page fault groups
       5  1.7750MB  896.00KB  2.0000MB  8.875000MB           -  Remote mapping to device
Total CPU Page faults: 38
Total remote mappings from CPU: 5
