==140735== NVPROF is profiling process 140735, command: ./lassen-executable/cfd_036 ../../data/cfd/fvcorr.domn.097K
==140735== Profiling application: ./lassen-executable/cfd_036 ../../data/cfd/fvcorr.domn.097K
==140735== Profiling result:
            Type  Time(%)      Time     Calls       Avg       Min       Max  Name
                        %        ms                  ms        ms        ms
 GPU activities:    69.43  201.8150      6000  0.033635  0.031488  1.814481  cuda_compute_flux(int, int*, float*, float*, float*)
                    20.30  58.99185      6000  9.83e-03  8.86e-03  0.011104  cuda_time_step(int, int, float*, float*, float*, float*)
                     6.20  18.03028      2000  9.02e-03  8.93e-03  0.014528  [CUDA memcpy DtoD]
                     4.06  11.79744      2000  5.90e-03  5.73e-03  7.33e-03  cuda_compute_step_factor(int, float*, float*, float*)
                     0.01  0.018240         6  3.04e-03  1.31e-03  0.011360  [CUDA memcpy HtoD]
                     0.01  0.015520         3  5.17e-03  4.77e-03  5.47e-03  cuda_initialize_variables(int, float*)
                     0.00  1.60e-03         1  1.60e-03  1.60e-03  1.60e-03  [CUDA memset]
      API calls:    52.13  330.7168         5  66.14337  0.011994  330.6670  cudaMemcpyToSymbol
                    26.58  168.6335     14003  0.012042  7.98e-03  0.126386  cudaLaunchKernel
                    12.12  76.86155      2001  0.038411  0.016415  0.075403  cudaMemcpy
                     3.21  20.37049         2  10.18524  0.042360  20.32813  cudaMallocManaged
                     2.53  16.03670         2  8.018351  0.012108  16.02459  cudaThreadSynchronize
                     1.11  7.011668     28003  2.50e-04  2.09e-04  0.085410  cudaGetLastError
                     0.81  5.142947       384  0.013393  2.32e-04  0.540727  cuDeviceGetAttribute
                     0.63  3.972678         4  0.993169  0.986907  0.997458  cuDeviceTotalMem
                     0.32  2.002313         5  0.400462  8.25e-03  0.651942  cudaMalloc
                     0.30  1.888249         7  0.269749  0.024313  0.412346  cudaFree
                     0.19  1.226347         1  1.226347  1.226347  1.226347  cudaGetDeviceProperties
                     0.07  0.425230         4  0.106307  0.103124  0.107870  cuDeviceGetName
                     0.00  0.019993         1  0.019993  0.019993  0.019993  cudaMemset
                     0.00  0.018267         2  9.13e-03  5.34e-03  0.012929  cudaMemAdvise
                     0.00  0.011291         1  0.011291  0.011291  0.011291  cudaSetDevice
                     0.00  9.86e-03         4  2.47e-03  1.37e-03  5.05e-03  cuDeviceGetPCIBusId
                     0.00  3.29e-03         8  4.10e-04  2.99e-04  5.82e-04  cuDeviceGet
                     0.00  1.60e-03         3  5.33e-04  3.90e-04  7.17e-04  cuDeviceGetCount
                     0.00  1.49e-03         1  1.49e-03  1.49e-03  1.49e-03  cudaGetDevice

==140735== Unified Memory profiling result:
Device "Tesla V100-SXM2-16GB (0)"
   Count  Avg Size  Min Size  Max Size  Total Size  Total Time  Name
      28  164.57KB  64.000KB  896.00KB  4.500000MB    0.142976ms  Host To Device
       8         -         -         -           -    1.771744ms  Gpu page fault groups
      19  323.37KB  64.000KB  1.5000MB  6.000000MB           -  Remote mapping to device
Total CPU Page faults: 34
Total remote mappings from CPU: 19
