==12652== NVPROF is profiling process 12652, command: ./lassen-executable/cfd_651 ../../data/cfd/fvcorr.domn.193K
==12652== Profiling application: ./lassen-executable/cfd_651 ../../data/cfd/fvcorr.domn.193K
==12652== Profiling result:
            Type  Time(%)      Time     Calls       Avg       Min       Max  Name
                        %        ms                  ms        ms        ms
 GPU activities:    69.38  381.2594      6000  0.063543  0.060768  2.943558  cuda_compute_flux(int, int*, float*, float*, float*)
                    21.96  120.6795      6000  0.020113  0.018399  0.022688  cuda_time_step(int, int, float*, float*, float*, float*)
                     4.40  24.18390      2000  0.012091  0.011359  0.014591  [CUDA memcpy DtoD]
                     4.25  23.33123      2000  0.011665  0.010560  0.666235  cuda_compute_step_factor(int, float*, float*, float*)
                     0.00  0.027327         3  9.11e-03  6.88e-03  0.013024  cuda_initialize_variables(int, float*)
                     0.00  6.88e-03         5  1.38e-03  1.31e-03  1.63e-03  [CUDA memcpy HtoD]
                     0.00  1.54e-03         1  1.54e-03  1.54e-03  1.54e-03  [CUDA memset]
      API calls:    41.33  368.1415     14003  0.026290  8.11e-03  0.104554  cudaLaunchKernel
                    36.86  328.3544         5  65.67088  0.011942  328.3046  cudaMemcpyToSymbol
                    13.12  116.9162      2000  0.058458  0.010424  0.067494  cudaMemcpy
                     3.88  34.55724         2  17.27862  0.016468  34.54077  cudaThreadSynchronize
                     2.29  20.40245         3  6.800816  0.039426  20.32108  cudaMallocManaged
                     0.82  7.345117     28003  2.62e-04  2.11e-04  0.088341  cudaGetLastError
                     0.57  5.116747       384  0.013324  2.34e-04  0.541110  cuDeviceGetAttribute
                     0.45  3.968975         4  0.992243  0.986909  0.995511  cuDeviceTotalMem
                     0.25  2.200346         7  0.314335  0.218266  0.394620  cudaFree
                     0.24  2.099207         4  0.524801  0.430546  0.713080  cudaMalloc
                     0.14  1.238108         1  1.238108  1.238108  1.238108  cudaGetDeviceProperties
                     0.05  0.423288         4  0.105822  0.103245  0.107708  cuDeviceGetName
                     0.00  0.023767         1  0.023767  0.023767  0.023767  cudaMemset
                     0.00  0.018279         2  9.14e-03  5.93e-03  0.012347  cudaMemAdvise
                     0.00  0.011309         4  2.83e-03  1.26e-03  6.34e-03  cuDeviceGetPCIBusId
                     0.00  0.010140         1  0.010140  0.010140  0.010140  cudaSetDevice
                     0.00  3.14e-03         8  3.92e-04  3.06e-04  5.67e-04  cuDeviceGet
                     0.00  1.58e-03         1  1.58e-03  1.58e-03  1.58e-03  cudaGetDevice
                     0.00  1.58e-03         3  5.26e-04  3.94e-04  6.87e-04  cuDeviceGetCount

==12652== Unified Memory profiling result:
Device "Tesla V100-SXM2-16GB (0)"
   Count  Avg Size  Min Size  Max Size  Total Size  Total Time  Name
      48  205.33KB  64.000KB  960.00KB  9.625000MB    0.270432ms  Host To Device
      21         -         -         -           -    3.536928ms  Gpu page fault groups
      26  118.15KB  64.000KB  192.00KB  3.000000MB           -  Remote mapping from device
       3  256.00KB  128.00KB  384.00KB  768.0000KB           -  Remote mapping to device
Total CPU Page faults: 65
Total remote mappings from CPU: 3
Total remote mappings to CPU: 26
