==157942== NVPROF is profiling process 157942, command: ./lassen-executable/cfd_240 ../../data/cfd/fvcorr.domn.193K
==157942== Profiling application: ./lassen-executable/cfd_240 ../../data/cfd/fvcorr.domn.193K
==157942== Profiling result:
            Type  Time(%)      Time     Calls       Avg       Min       Max  Name
                        %        ms                  ms        ms        ms
 GPU activities:    64.64  309.8456      6000  0.051640  0.049536  0.566203  cuda_compute_flux(int, int*, float*, float*, float*)
                    25.52  122.3197      6000  0.020386  0.018592  0.022496  cuda_time_step(int, int, float*, float*, float*, float*)
                     4.95  23.73026      2000  0.011865  0.011328  0.015104  [CUDA memcpy DtoD]
                     4.73  22.65360      2000  0.011326  0.010432  0.475292  cuda_compute_step_factor(int, float*, float*, float*)
                     0.16  0.746778         6  0.124463  1.31e-03  0.739834  [CUDA memcpy HtoD]
                     0.01  0.028256         3  9.42e-03  7.30e-03  0.013440  cuda_initialize_variables(int, float*)
                     0.00  1.54e-03         1  1.54e-03  1.54e-03  1.54e-03  [CUDA memset]
      API calls:    40.25  331.9154         5  66.38308  0.011884  331.8648  cudaMemcpyToSymbol
                    39.25  323.6861     14003  0.023115  8.13e-03  0.144763  cudaLaunchKernel
                    11.61  95.74413      2001  0.047848  0.010438  0.870772  cudaMemcpy
                     3.66  30.14794         2  15.07397  0.011756  30.13618  cudaThreadSynchronize
                     2.46  20.29121         2  10.14561  0.041932  20.24928  cudaMallocManaged
                     0.87  7.141294     28003  2.55e-04  2.11e-04  0.084459  cudaGetLastError
                     0.62  5.133307       384  0.013367  2.32e-04  0.536166  cuDeviceGetAttribute
                     0.49  4.041069         4  1.010267  0.989243  1.045044  cuDeviceTotalMem
                     0.34  2.821769         5  0.564353  0.429001  0.802695  cudaMalloc
                     0.25  2.048704         7  0.292672  0.184641  0.405063  cudaFree
                     0.15  1.235235         1  1.235235  1.235235  1.235235  cudaGetDeviceProperties
                     0.06  0.457116         4  0.114279  0.103573  0.137106  cuDeviceGetName
                     0.00  0.021857         1  0.021857  0.021857  0.021857  cudaMemset
                     0.00  0.016679         2  8.34e-03  5.68e-03  0.010998  cudaMemAdvise
                     0.00  0.011126         4  2.78e-03  1.21e-03  6.40e-03  cuDeviceGetPCIBusId
                     0.00  0.010410         1  0.010410  0.010410  0.010410  cudaSetDevice
                     0.00  4.14e-03         8  5.18e-04  2.99e-04  7.64e-04  cuDeviceGet
                     0.00  1.70e-03         1  1.70e-03  1.70e-03  1.70e-03  cudaGetDevice
                     0.00  1.69e-03         3  5.62e-04  4.04e-04  6.53e-04  cuDeviceGetCount

==157942== Unified Memory profiling result:
Device "Tesla V100-SXM2-16GB (0)"
   Count  Avg Size  Min Size  Max Size  Total Size  Total Time  Name
      24  160.00KB  64.000KB  512.00KB  3.750000MB    0.118880ms  Host To Device
       3         -         -         -           -    0.969728ms  Gpu page fault groups
      23  133.56KB  64.000KB  448.00KB  3.000000MB           -  Remote mapping from device
Total CPU Page faults: 33
Total remote mappings to CPU: 23
