==152783== NVPROF is profiling process 152783, command: ./lassen-executable/cfd_164 ../../data/cfd/fvcorr.domn.097K
==152783== Profiling application: ./lassen-executable/cfd_164 ../../data/cfd/fvcorr.domn.097K
==152783== Profiling result:
            Type  Time(%)      Time     Calls       Avg       Min       Max  Name
                        %        ms                  ms        ms        ms
 GPU activities:    68.54  193.3629      6000  0.032227  0.030304  1.299605  cuda_compute_flux(int, int*, float*, float*, float*)
                    20.66  58.27932      6000  9.71e-03  9.06e-03  0.011488  cuda_time_step(int, int, float*, float*, float*, float*)
                     6.38  17.98766      2000  8.99e-03  8.90e-03  0.014176  [CUDA memcpy DtoD]
                     4.41  12.44665      2000  6.22e-03  5.79e-03  0.537372  cuda_compute_step_factor(int, float*, float*, float*)
                     0.01  0.022144         3  7.38e-03  5.31e-03  9.57e-03  cuda_initialize_variables(int, float*)
                     0.00  7.01e-03         5  1.40e-03  1.31e-03  1.73e-03  [CUDA memcpy HtoD]
                     0.00  1.54e-03         1  1.54e-03  1.54e-03  1.54e-03  [CUDA memset]
      API calls:    52.81  329.0932         5  65.81864  0.012447  329.0421  cudaMemcpyToSymbol
                    26.07  162.4492     14003  0.011601  8.11e-03  0.119272  cudaLaunchKernel
                    11.88  74.00970      2000  0.037004  0.016607  0.046139  cudaMemcpy
                     3.27  20.36196         3  6.787319  9.40e-03  20.31330  cudaMallocManaged
                     2.49  15.49228         2  7.746142  0.013452  15.47883  cudaThreadSynchronize
                     1.15  7.169593     28003  2.56e-04  2.11e-04  0.092385  cudaGetLastError
                     0.82  5.119770       384  0.013332  2.32e-04  0.537922  cuDeviceGetAttribute
                     0.64  3.969934         4  0.992483  0.986577  0.994696  cuDeviceTotalMem
                     0.31  1.915192         4  0.478798  0.425631  0.613925  cudaMalloc
                     0.30  1.892065         7  0.270295  0.091193  0.364834  cudaFree
                     0.20  1.218428         1  1.218428  1.218428  1.218428  cudaGetDeviceProperties
                     0.07  0.426038         4  0.106509  0.102951  0.109427  cuDeviceGetName
                     0.00  0.023644         1  0.023644  0.023644  0.023644  cudaMemset
                     0.00  0.017277         2  8.64e-03  4.46e-03  0.012814  cudaMemAdvise
                     0.00  0.010723         1  0.010723  0.010723  0.010723  cudaSetDevice
                     0.00  0.010698         4  2.67e-03  1.29e-03  5.87e-03  cuDeviceGetPCIBusId
                     0.00  3.28e-03         8  4.10e-04  3.01e-04  5.57e-04  cuDeviceGet
                     0.00  1.71e-03         1  1.71e-03  1.71e-03  1.71e-03  cudaGetDevice
                     0.00  1.43e-03         3  4.76e-04  3.75e-04  6.35e-04  cuDeviceGetCount

==152783== Unified Memory profiling result:
Device "Tesla V100-SXM2-16GB (0)"
   Count  Avg Size  Min Size  Max Size  Total Size  Total Time  Name
      50  130.56KB  64.000KB  960.00KB  6.375000MB    0.230368ms  Host To Device
       9         -         -         -           -    2.398496ms  Gpu page fault groups
      45  102.40KB  64.000KB  256.00KB  4.500000MB           -  Remote mapping from device
       6  266.67KB  64.000KB  576.00KB  1.562500MB           -  Remote mapping to device
Total CPU Page faults: 47
Total remote mappings from CPU: 6
Total remote mappings to CPU: 45
