==175448== NVPROF is profiling process 175448, command: ./lassen-executable/cfd_450 ../../data/cfd/missile.domn.0.2M
==175448== Profiling application: ./lassen-executable/cfd_450 ../../data/cfd/missile.domn.0.2M
==175448== Profiling result:
            Type  Time(%)      Time     Calls       Avg       Min       Max  Name
                        %        ms                  ms        ms        ms
 GPU activities:    69.83  478.0024      6000  0.079667  0.072447  1.373588  cuda_compute_flux(int, int*, float*, float*, float*)
                    20.35  139.2724      6000  0.023212  0.021792  0.025824  cuda_time_step(int, int, float*, float*, float*, float*)
                     5.43  37.18322      2000  0.018591  0.017600  0.020736  [CUDA memcpy DtoD]
                     4.25  29.11101      2000  0.014555  0.012864  0.023136  cuda_compute_step_factor(int, float*, float*, float*)
                     0.13  0.880472         6  0.146745  1.31e-03  0.873592  [CUDA memcpy HtoD]
                     0.01  0.036351         3  0.012117  8.70e-03  0.014048  cuda_initialize_variables(int, float*)
                     0.00  1.54e-03         1  1.54e-03  1.54e-03  1.54e-03  [CUDA memset]
      API calls:    41.40  424.7583     14003  0.030333  8.08e-03  0.093437  cudaLaunchKernel
                    32.02  328.5327         5  65.70654  0.011726  328.4825  cudaMemcpyToSymbol
                    18.58  190.6541      2001  0.095279  0.016557  1.001141  cudaMemcpy
                     3.75  38.46269         2  19.23134  0.012225  38.45046  cudaThreadSynchronize
                     1.98  20.35598         2  10.17799  0.039498  20.31649  cudaMallocManaged
                     0.71  7.274037     28003  2.59e-04  2.13e-04  0.080967  cudaGetLastError
                     0.50  5.135822       384  0.013374  2.32e-04  0.541871  cuDeviceGetAttribute
                     0.39  3.974066         4  0.993516  0.987400  0.995930  cuDeviceTotalMem
                     0.29  2.934463         5  0.586892  0.431032  0.818750  cudaMalloc
                     0.21  2.205098         7  0.315014  0.200808  0.395478  cudaFree
                     0.12  1.218877         1  1.218877  1.218877  1.218877  cudaGetDeviceProperties
                     0.04  0.427256         4  0.106814  0.103186  0.111155  cuDeviceGetName
                     0.00  0.020643         1  0.020643  0.020643  0.020643  cudaMemset
                     0.00  0.018040         2  9.02e-03  5.98e-03  0.012064  cudaMemAdvise
                     0.00  0.011083         4  2.77e-03  1.28e-03  6.35e-03  cuDeviceGetPCIBusId
                     0.00  0.010529         1  0.010529  0.010529  0.010529  cudaSetDevice
                     0.00  3.26e-03         8  4.07e-04  3.05e-04  5.80e-04  cuDeviceGet
                     0.00  1.61e-03         1  1.61e-03  1.61e-03  1.61e-03  cudaGetDevice
                     0.00  1.48e-03         3  4.92e-04  3.97e-04  6.39e-04  cuDeviceGetCount

==175448== Unified Memory profiling result:
Device "Tesla V100-SXM2-16GB (0)"
   Count  Avg Size  Min Size  Max Size  Total Size  Total Time  Name
       8  120.00KB  64.000KB  384.00KB  960.0000KB    0.033440ms  Host To Device
      15         -         -         -           -    1.325920ms  Gpu page fault groups
      34  135.53KB  64.000KB  448.00KB  4.500000MB           -  Remote mapping from device
Total CPU Page faults: 7
Total remote mappings to CPU: 34
