==7337== NVPROF is profiling process 7337, command: ./lassen-executable/cfd_604 ../../data/cfd/fvcorr.domn.193K
==7337== Profiling application: ./lassen-executable/cfd_604 ../../data/cfd/fvcorr.domn.193K
==7337== Profiling result:
            Type  Time(%)      Time     Calls       Avg       Min       Max  Name
                        %        ms                  ms        ms        ms
 GPU activities:    65.53  322.4697      6000  0.053744  0.049984  2.639754  cuda_compute_flux(int, int*, float*, float*, float*)
                    24.93  122.6962      6000  0.020449  0.018816  0.022176  cuda_time_step(int, int, float*, float*, float*, float*)
                     4.87  23.97076      2000  0.011985  0.011360  0.015071  [CUDA memcpy DtoD]
                     4.62  22.72054      2000  0.011360  0.010336  0.653243  cuda_compute_step_factor(int, float*, float*, float*)
                     0.04  0.210654         6  0.035109  1.31e-03  0.203774  [CUDA memcpy HtoD]
                     0.01  0.029216         3  9.74e-03  7.62e-03  0.013408  cuda_initialize_variables(int, float*)
                     0.00  1.63e-03         1  1.63e-03  1.63e-03  1.63e-03  [CUDA memset]
      API calls:    40.03  334.7275     14003  0.023903  8.00e-03  0.136548  cudaLaunchKernel
                    39.39  329.4082         5  65.88164  0.012724  329.3563  cudaMemcpyToSymbol
                    11.77  98.45697      2001  0.049203  0.010326  0.322051  cudaMemcpy
                     3.61  30.17609         2  15.08804  0.012583  30.16350  cudaThreadSynchronize
                     2.43  20.29421         2  10.14711  0.041805  20.25241  cudaMallocManaged
                     0.86  7.152184     28003  2.55e-04  2.10e-04  0.074379  cudaGetLastError
                     0.65  5.423269       384  0.014123  2.36e-04  0.798842  cuDeviceGetAttribute
                     0.48  3.974739         4  0.993684  0.986690  0.998971  cuDeviceTotalMem
                     0.33  2.722309         5  0.544461  0.435874  0.742424  cudaMalloc
                     0.26  2.186485         7  0.312355  0.217890  0.393872  cudaFree
                     0.15  1.245171         1  1.245171  1.245171  1.245171  cudaGetDeviceProperties
                     0.05  0.427198         4  0.106799  0.103519  0.108335  cuDeviceGetName
                     0.00  0.020849         1  0.020849  0.020849  0.020849  cudaMemset
                     0.00  0.016466         2  8.23e-03  4.72e-03  0.011748  cudaMemAdvise
                     0.00  0.011578         4  2.89e-03  1.26e-03  6.95e-03  cuDeviceGetPCIBusId
                     0.00  0.010915         1  0.010915  0.010915  0.010915  cudaSetDevice
                     0.00  3.31e-03         8  4.13e-04  2.76e-04  5.96e-04  cuDeviceGet
                     0.00  1.62e-03         1  1.62e-03  1.62e-03  1.62e-03  cudaGetDevice
                     0.00  1.60e-03         3  5.32e-04  4.08e-04  6.62e-04  cuDeviceGetCount

==7337== Unified Memory profiling result:
Device "Tesla V100-SXM2-16GB (0)"
   Count  Avg Size  Min Size  Max Size  Total Size  Total Time  Name
      81  121.68KB  64.000KB  576.00KB  9.625000MB    0.373344ms  Host To Device
       4         -         -         -           -    3.202464ms  Gpu page fault groups
      67  135.64KB  64.000KB  448.00KB  8.875000MB           -  Remote mapping from device
       3  256.00KB  128.00KB  384.00KB  768.0000KB           -  Remote mapping to device
Total CPU Page faults: 63
Total remote mappings from CPU: 3
Total remote mappings to CPU: 67
