==152164== NVPROF is profiling process 152164, command: ./lassen-executable/cfd_160 ../../data/cfd/fvcorr.domn.193K
==152164== Profiling application: ./lassen-executable/cfd_160 ../../data/cfd/fvcorr.domn.193K
==152164== Profiling result:
            Type  Time(%)      Time     Calls       Avg       Min       Max  Name
                        %        ms                  ms        ms        ms
 GPU activities:    65.68  323.4457      6000  0.053907  0.050304  1.138742  cuda_compute_flux(int, int*, float*, float*, float*)
                    24.50  120.6626      6000  0.020110  0.018591  0.022432  cuda_time_step(int, int, float*, float*, float*, float*)
                     4.91  24.15679      2000  0.012078  0.011263  0.014879  [CUDA memcpy DtoD]
                     4.75  23.37618      2000  0.011688  0.010592  0.545212  cuda_compute_step_factor(int, float*, float*, float*)
                     0.15  0.752601         6  0.125433  1.28e-03  0.745817  [CUDA memcpy HtoD]
                     0.01  0.030527         3  0.010175  7.90e-03  0.014015  cuda_initialize_variables(int, float*)
                     0.00  1.66e-03         1  1.66e-03  1.66e-03  1.66e-03  [CUDA memset]
      API calls:    39.89  333.1959     14003  0.023794  8.13e-03  0.096131  cudaLaunchKernel
                    39.38  328.9841         5  65.79682  0.012294  328.9325  cudaMemcpyToSymbol
                    11.80  98.59141      2001  0.049271  0.010431  0.872216  cudaMemcpy
                     3.63  30.28952         2  15.14476  0.012025  30.27749  cudaThreadSynchronize
                     2.44  20.36733         2  10.18367  0.042868  20.32446  cudaMallocManaged
                     0.88  7.364302     28003  2.62e-04  2.11e-04  0.083203  cudaGetLastError
                     0.71  5.901618       384  0.015368  2.33e-04  1.310783  cuDeviceGetAttribute
                     0.48  3.970422         4  0.992605  0.987148  0.994981  cuDeviceTotalMem
                     0.35  2.882884         5  0.576576  0.440786  0.826847  cudaMalloc
                     0.25  2.055335         7  0.293619  0.170235  0.410663  cudaFree
                     0.15  1.224350         1  1.224350  1.224350  1.224350  cudaGetDeviceProperties
                     0.05  0.431434         4  0.107858  0.104469  0.110143  cuDeviceGetName
                     0.00  0.020991         1  0.020991  0.020991  0.020991  cudaMemset
                     0.00  0.011468         1  0.011468  0.011468  0.011468  cudaSetDevice
                     0.00  0.011460         4  2.87e-03  1.33e-03  6.55e-03  cuDeviceGetPCIBusId
                     0.00  9.09e-03         1  9.09e-03  9.09e-03  9.09e-03  cudaMemAdvise
                     0.00  3.09e-03         8  3.85e-04  2.78e-04  5.57e-04  cuDeviceGet
                     0.00  1.62e-03         1  1.62e-03  1.62e-03  1.62e-03  cudaGetDevice
                     0.00  1.55e-03         3  5.15e-04  4.14e-04  6.76e-04  cuDeviceGetCount

==152164== Unified Memory profiling result:
Device "Tesla V100-SXM2-16GB (0)"
   Count  Avg Size  Min Size  Max Size  Total Size  Total Time  Name
      18  227.56KB  64.000KB  960.00KB  4.000000MB    0.112704ms  Host To Device
       9         -         -         -           -    1.592320ms  Gpu page fault groups
       6  512.00KB  256.00KB  1.0000MB  3.000000MB           -  Remote mapping to device
Total CPU Page faults: 26
Total remote mappings from CPU: 6
