==9803== NVPROF is profiling process 9803, command: ./lassen-executable/cfd_625 ../../data/cfd/fvcorr.domn.193K
==9803== Profiling application: ./lassen-executable/cfd_625 ../../data/cfd/fvcorr.domn.193K
==9803== Profiling result:
            Type  Time(%)      Time     Calls       Avg       Min       Max  Name
                        %        ms                  ms        ms        ms
 GPU activities:    84.35  898.9671      6000  0.149827  0.147870  2.334155  cuda_compute_flux(int, int*, float*, float*, float*)
                    11.15  118.8883      6000  0.019814  0.018304  0.022879  cuda_time_step(int, int, float*, float*, float*, float*)
                     2.27  24.19836      2000  0.012099  0.011391  0.015071  [CUDA memcpy DtoD]
                     2.22  23.69788      2000  0.011848  0.010432  0.506972  cuda_compute_step_factor(int, float*, float*, float*)
                     0.00  0.027359         3  9.12e-03  7.01e-03  0.012928  cuda_initialize_variables(int, float*)
                     0.00  6.85e-03         5  1.37e-03  1.28e-03  1.63e-03  [CUDA memcpy HtoD]
                     0.00  1.54e-03         1  1.54e-03  1.54e-03  1.54e-03  [CUDA memset]
      API calls:    49.02  690.7533     14003  0.049328  8.05e-03  0.155647  cudaLaunchKernel
                    23.35  328.9330         5  65.78661  0.012134  328.8820  cudaMemcpyToSymbol
                    19.71  277.7648      2000  0.138882  0.010513  0.161072  cudaMemcpy
                     4.80  67.63762         2  33.81881  0.016312  67.62131  cudaThreadSynchronize
                     1.44  20.35778         3  6.785927  0.037417  20.28045  cudaMallocManaged
                     0.52  7.345104     28003  2.62e-04  2.08e-04  0.085257  cudaGetLastError
                     0.42  5.978124       384  0.015568  2.34e-04  1.278273  cuDeviceGetAttribute
                     0.28  3.979777         4  0.994944  0.987624  0.999450  cuDeviceTotalMem
                     0.17  2.456427         7  0.350918  0.199651  0.722004  cudaFree
                     0.15  2.086960         4  0.521740  0.426970  0.703143  cudaMalloc
                     0.09  1.216054         1  1.216054  1.216054  1.216054  cudaGetDeviceProperties
                     0.03  0.423906         4  0.105976  0.102655  0.109284  cuDeviceGetName
                     0.00  0.023410         1  0.023410  0.023410  0.023410  cudaMemset
                     0.00  0.022260         3  7.42e-03  4.71e-03  0.011532  cudaMemAdvise
                     0.00  0.010813         4  2.70e-03  1.29e-03  6.18e-03  cuDeviceGetPCIBusId
                     0.00  9.60e-03         1  9.60e-03  9.60e-03  9.60e-03  cudaSetDevice
                     0.00  3.81e-03         8  4.76e-04  2.65e-04  1.05e-03  cuDeviceGet
                     0.00  1.66e-03         1  1.66e-03  1.66e-03  1.66e-03  cudaGetDevice
                     0.00  1.61e-03         3  5.37e-04  4.41e-04  6.84e-04  cuDeviceGetCount

==9803== Unified Memory profiling result:
Device "Tesla V100-SXM2-16GB (0)"
   Count  Avg Size  Min Size  Max Size  Total Size  Total Time  Name
      17  225.88KB  64.000KB  960.00KB  3.750000MB    0.100352ms  Host To Device
      22         -         -         -           -    2.778240ms  Gpu page fault groups
      90  100.98KB  64.000KB  384.00KB  8.875000MB           -  Remote mapping from device
       2  384.00KB  256.00KB  512.00KB  768.0000KB           -  Remote mapping to device
Total CPU Page faults: 58
Total remote mappings from CPU: 2
Total remote mappings to CPU: 90
