==1953== NVPROF is profiling process 1953, command: ./lassen-executable/cfd_530 ../../data/cfd/fvcorr.domn.097K
==1953== Profiling application: ./lassen-executable/cfd_530 ../../data/cfd/fvcorr.domn.097K
==1953== Profiling result:
            Type  Time(%)      Time     Calls       Avg       Min       Max  Name
                        %        ms                  ms        ms        ms
 GPU activities:    67.11  196.7435      6000  0.032790  0.030848  0.191679  cuda_compute_flux(int, int*, float*, float*, float*)
                    19.78  57.99099      6000  9.67e-03  8.93e-03  0.011328  cuda_time_step(int, int, float*, float*, float*, float*)
                     6.87  20.12975      2000  0.010064  9.73e-03  0.441724  cuda_compute_step_factor(int, float*, float*, float*)
                     6.11  17.90283      2000  8.95e-03  8.83e-03  0.013760  [CUDA memcpy DtoD]
                     0.12  0.366429         6  0.061071  1.28e-03  0.359581  [CUDA memcpy HtoD]
                     0.01  0.022816         3  7.61e-03  5.60e-03  9.70e-03  cuda_initialize_variables(int, float*)
                     0.00  1.54e-03         1  1.54e-03  1.54e-03  1.54e-03  [CUDA memset]
      API calls:    52.18  334.9292         5  66.98584  0.012441  334.8778  cudaMemcpyToSymbol
                    26.79  171.9704     14003  0.012280  8.05e-03  0.105917  cudaLaunchKernel
                    11.73  75.31882      2001  0.037640  0.016648  0.491940  cudaMemcpy
                     3.16  20.29034         2  10.14517  0.010148  20.28019  cudaMallocManaged
                     2.53  16.23158         2  8.115788  0.012183  16.21939  cudaThreadSynchronize
                     1.10  7.079340     28003  2.52e-04  2.11e-04  0.085562  cudaGetLastError
                     0.80  5.128172       384  0.013354  2.32e-04  0.536408  cuDeviceGetAttribute
                     0.62  3.975056         4  0.993764  0.987050  0.997922  cuDeviceTotalMem
                     0.40  2.557170         5  0.511434  0.425953  0.716571  cudaMalloc
                     0.31  2.007620         7  0.286802  0.064347  0.394962  cudaFree
                     0.19  1.223027         1  1.223027  1.223027  1.223027  cudaGetDeviceProperties
                     0.17  1.072398         4  0.268099  0.103619  0.755357  cuDeviceGetName
                     0.00  0.022159         2  0.011079  9.00e-03  0.013158  cudaMemAdvise
                     0.00  0.020847         1  0.020847  0.020847  0.020847  cudaMemset
                     0.00  0.011982         4  3.00e-03  1.37e-03  7.21e-03  cuDeviceGetPCIBusId
                     0.00  0.011974         1  0.011974  0.011974  0.011974  cudaSetDevice
                     0.00  3.15e-03         8  3.93e-04  2.99e-04  5.39e-04  cuDeviceGet
                     0.00  1.54e-03         3  5.15e-04  3.92e-04  6.82e-04  cuDeviceGetCount
                     0.00  1.53e-03         1  1.53e-03  1.53e-03  1.53e-03  cudaGetDevice

==1953== Unified Memory profiling result:
Device "Tesla V100-SXM2-16GB (0)"
   Count  Avg Size  Min Size  Max Size  Total Size  Total Time  Name
       4         -         -         -           -    0.583744ms  Gpu page fault groups
       2  160.00KB  128.00KB  192.00KB  320.0000KB           -  Remote mapping from device
       2  800.00KB  64.000KB  1.5000MB  1.562500MB           -  Remote mapping to device
Total CPU Page faults: 3
Total remote mappings from CPU: 2
Total remote mappings to CPU: 2
