==139142== NVPROF is profiling process 139142, command: ./lassen-executable/cfd_023 ../../data/cfd/fvcorr.domn.193K
==139142== Profiling application: ./lassen-executable/cfd_023 ../../data/cfd/fvcorr.domn.193K
==139142== Profiling result:
            Type  Time(%)      Time     Calls       Avg       Min       Max  Name
                        %        ms                  ms        ms        ms
 GPU activities:    71.44  422.8394      6000  0.070473  0.067839  1.098519  cuda_compute_flux(int, int*, float*, float*, float*)
                    20.87  123.5203      6000  0.020586  0.019456  0.022336  cuda_time_step(int, int, float*, float*, float*, float*)
                     3.99  23.58992      2000  0.011794  0.011136  0.014720  [CUDA memcpy DtoD]
                     3.70  21.88928      2000  0.010944  0.010431  0.012255  cuda_compute_step_factor(int, float*, float*, float*)
                     0.00  0.027967         3  9.32e-03  7.04e-03  0.012959  cuda_initialize_variables(int, float*)
                     0.00  0.024928         6  4.15e-03  1.28e-03  0.018144  [CUDA memcpy HtoD]
                     0.00  1.63e-03         1  1.63e-03  1.63e-03  1.63e-03  [CUDA memset]
      API calls:    42.13  394.7480     14003  0.028190  7.97e-03  0.164174  cudaLaunchKernel
                    35.37  331.4167         5  66.28334  0.012760  331.3646  cudaMemcpyToSymbol
                    13.93  130.5090      2001  0.065221  0.010404  0.117326  cudaMemcpy
                     3.97  37.21444         2  18.60722  0.011757  37.20268  cudaThreadSynchronize
                     2.17  20.34346         2  10.17173  0.043640  20.29982  cudaMallocManaged
                     0.77  7.205054     28003  2.57e-04  2.10e-04  0.101667  cudaGetLastError
                     0.55  5.124704       384  0.013345  2.30e-04  0.541022  cuDeviceGetAttribute
                     0.45  4.250697         4  1.062674  0.986593  1.275166  cuDeviceTotalMem
                     0.24  2.254000         7  0.322000  0.025188  0.663813  cudaFree
                     0.23  2.113211         5  0.422642  8.64e-03  0.668281  cudaMalloc
                     0.13  1.230286         1  1.230286  1.230286  1.230286  cudaGetDeviceProperties
                     0.05  0.428930         4  0.107232  0.103124  0.109905  cuDeviceGetName
                     0.00  0.020303         1  0.020303  0.020303  0.020303  cudaMemset
                     0.00  0.015681         2  7.84e-03  6.63e-03  9.06e-03  cudaMemAdvise
                     0.00  0.010517         4  2.63e-03  1.37e-03  5.55e-03  cuDeviceGetPCIBusId
                     0.00  0.010484         1  0.010484  0.010484  0.010484  cudaSetDevice
                     0.00  3.19e-03         8  3.98e-04  2.96e-04  5.62e-04  cuDeviceGet
                     0.00  1.68e-03         1  1.68e-03  1.68e-03  1.68e-03  cudaGetDevice
                     0.00  1.50e-03         3  5.01e-04  3.94e-04  6.80e-04  cuDeviceGetCount

==139142== Unified Memory profiling result:
Device "Tesla V100-SXM2-16GB (0)"
   Count  Avg Size  Min Size  Max Size  Total Size  Total Time  Name
      12  256.00KB  64.000KB  960.00KB  3.000000MB    0.074624ms  Host To Device
       6         -         -         -           -    1.030624ms  Gpu page fault groups
       5  1.7750MB  896.00KB  2.0000MB  8.875000MB           -  Remote mapping to device
Total CPU Page faults: 53
Total remote mappings from CPU: 5
