==9205== NVPROF is profiling process 9205, command: ./lassen-executable/cfd_621 ../../data/cfd/missile.domn.0.2M
==9205== Profiling application: ./lassen-executable/cfd_621 ../../data/cfd/missile.domn.0.2M
==9205== Profiling result:
            Type  Time(%)      Time     Calls       Avg       Min       Max  Name
                        %        ms                  ms        ms        ms
 GPU activities:    66.50  400.7624      6000  0.066793  0.057728  3.428865  cuda_compute_flux(int, int*, float*, float*, float*)
                    22.57  135.9960      6000  0.022666  0.021312  0.025503  cuda_time_step(int, int, float*, float*, float*, float*)
                     6.05  36.47165      2000  0.018235  0.017504  0.020352  [CUDA memcpy DtoD]
                     4.88  29.40904      2000  0.014704  0.012992  0.689626  cuda_compute_step_factor(int, float*, float*, float*)
                     0.01  0.036032         3  0.012010  8.99e-03  0.013824  cuda_initialize_variables(int, float*)
                     0.00  6.88e-03         5  1.38e-03  1.31e-03  1.63e-03  [CUDA memcpy HtoD]
                     0.00  1.54e-03         1  1.54e-03  1.54e-03  1.54e-03  [CUDA memset]
      API calls:    37.81  373.5514     14003  0.026676  8.11e-03  0.149741  cudaLaunchKernel
                    37.76  373.0927         5  74.61855  0.012253  373.0412  cudaMemcpyToSymbol
                    16.68  164.8074      2000  0.082403  0.016507  0.092486  cudaMemcpy
                     3.41  33.69401         2  16.84701  0.015329  33.67868  cudaThreadSynchronize
                     2.06  20.33403         3  6.778010  0.039195  20.25328  cudaMallocManaged
                     0.74  7.356568     28003  2.62e-04  2.11e-04  0.085346  cudaGetLastError
                     0.52  5.124058       384  0.013343  2.32e-04  0.535756  cuDeviceGetAttribute
                     0.40  3.976309         4  0.994077  0.987254  0.998443  cuDeviceTotalMem
                     0.22  2.192338         4  0.548084  0.435450  0.736313  cudaMalloc
                     0.22  2.152983         7  0.307569  0.210585  0.409391  cudaFree
                     0.12  1.221288         1  1.221288  1.221288  1.221288  cudaGetDeviceProperties
                     0.04  0.426888         4  0.106722  0.104159  0.108302  cuDeviceGetName
                     0.00  0.022648         1  0.022648  0.022648  0.022648  cudaMemset
                     0.00  0.016501         2  8.25e-03  4.69e-03  0.011816  cudaMemAdvise
                     0.00  0.010812         4  2.70e-03  1.32e-03  5.82e-03  cuDeviceGetPCIBusId
                     0.00  0.010467         1  0.010467  0.010467  0.010467  cudaSetDevice
                     0.00  3.17e-03         8  3.96e-04  3.02e-04  5.76e-04  cuDeviceGet
                     0.00  1.73e-03         1  1.73e-03  1.73e-03  1.73e-03  cudaGetDevice
                     0.00  1.62e-03         3  5.39e-04  4.55e-04  6.48e-04  cuDeviceGetCount

==9205== Unified Memory profiling result:
Device "Tesla V100-SXM2-16GB (0)"
   Count  Avg Size  Min Size  Max Size  Total Size  Total Time  Name
      81  192.00KB  64.000KB  832.00KB  15.18750MB    0.434400ms  Host To Device
      17         -         -         -           -    4.015296ms  Gpu page fault groups
       3  320.00KB  128.00KB  448.00KB  960.0000KB           -  Remote mapping to device
Total CPU Page faults: 127
Total remote mappings from CPU: 3
