==14447== NVPROF is profiling process 14447, command: ./lassen-executable/cfd_665 ../../data/cfd/fvcorr.domn.193K
==14447== Profiling application: ./lassen-executable/cfd_665 ../../data/cfd/fvcorr.domn.193K
==14447== Profiling result:
            Type  Time(%)      Time     Calls       Avg       Min       Max  Name
                        %        ms                  ms        ms        ms
 GPU activities:    84.40  900.2020      6000  0.150033  0.147711  3.056165  cuda_compute_flux(int, int*, float*, float*, float*)
                    11.07  118.0805      6000  0.019680  0.018112  0.022656  cuda_time_step(int, int, float*, float*, float*, float*)
                     2.32  24.71809      2000  0.012359  0.011392  0.014784  [CUDA memcpy DtoD]
                     2.21  23.59619      2000  0.011798  0.010528  0.671226  cuda_compute_step_factor(int, float*, float*, float*)
                     0.00  0.027136         3  9.04e-03  7.01e-03  0.012768  cuda_initialize_variables(int, float*)
                     0.00  6.85e-03         5  1.37e-03  1.28e-03  1.63e-03  [CUDA memcpy HtoD]
                     0.00  1.54e-03         1  1.54e-03  1.54e-03  1.54e-03  [CUDA memset]
      API calls:    49.01  691.5698     14003  0.049387  8.00e-03  0.153839  cudaLaunchKernel
                    23.41  330.3437         5  66.06874  0.012576  330.2914  cudaMemcpyToSymbol
                    19.72  278.2330      2000  0.139116  0.010429  0.153065  cudaMemcpy
                     4.80  67.66462         2  33.83231  0.016150  67.64847  cudaThreadSynchronize
                     1.45  20.41803         3  6.806011  0.040002  20.33511  cudaMallocManaged
                     0.53  7.422670     28003  2.65e-04  2.09e-04  0.111317  cudaGetLastError
                     0.36  5.127643       384  0.013353  2.36e-04  0.535092  cuDeviceGetAttribute
                     0.28  3.972386         4  0.993096  0.987599  0.996334  cuDeviceTotalMem
                     0.18  2.555102         7  0.365014  0.231833  0.745430  cudaFree
                     0.15  2.059458         4  0.514864  0.431734  0.668022  cudaMalloc
                     0.09  1.233575         1  1.233575  1.233575  1.233575  cudaGetDeviceProperties
                     0.03  0.424866         4  0.106216  0.103333  0.108450  cuDeviceGetName
                     0.00  0.023421         1  0.023421  0.023421  0.023421  cudaMemset
                     0.00  0.023092         3  7.70e-03  4.19e-03  0.013204  cudaMemAdvise
                     0.00  0.011015         1  0.011015  0.011015  0.011015  cudaSetDevice
                     0.00  0.010766         4  2.69e-03  1.29e-03  6.02e-03  cuDeviceGetPCIBusId
                     0.00  3.10e-03         8  3.87e-04  2.91e-04  5.64e-04  cuDeviceGet
                     0.00  1.51e-03         3  5.02e-04  4.05e-04  6.70e-04  cuDeviceGetCount
                     0.00  1.45e-03         1  1.45e-03  1.45e-03  1.45e-03  cudaGetDevice

==14447== Unified Memory profiling result:
Device "Tesla V100-SXM2-16GB (0)"
   Count  Avg Size  Min Size  Max Size  Total Size  Total Time  Name
      19  202.10KB  64.000KB  960.00KB  3.750000MB    0.107168ms  Host To Device
      24         -         -         -           -    3.650624ms  Gpu page fault groups
      87  104.46KB  64.000KB  320.00KB  8.875000MB           -  Remote mapping from device
      12  320.00KB  64.000KB  1.0000MB  3.750000MB           -  Remote mapping to device
Total CPU Page faults: 31
Total remote mappings from CPU: 12
Total remote mappings to CPU: 87
