==8373== NVPROF is profiling process 8373, command: ./lassen-executable/cfd_613 ../../data/cfd/missile.domn.0.2M
==8373== Profiling application: ./lassen-executable/cfd_613 ../../data/cfd/missile.domn.0.2M
==8373== Profiling result:
            Type  Time(%)      Time     Calls       Avg       Min       Max  Name
                        %        ms                  ms        ms        ms
 GPU activities:    71.97  521.3475      6000  0.086891  0.078079  1.323860  cuda_compute_flux(int, int*, float*, float*, float*)
                    18.97  137.4059      6000  0.022900  0.021504  0.025439  cuda_time_step(int, int, float*, float*, float*, float*)
                     4.99  36.16139      2000  0.018080  0.017472  0.020416  [CUDA memcpy DtoD]
                     4.07  29.45304      2000  0.014726  0.012896  0.673274  cuda_compute_step_factor(int, float*, float*, float*)
                     0.00  0.035616         3  0.011872  9.12e-03  0.013344  cuda_initialize_variables(int, float*)
                     0.00  6.88e-03         5  1.38e-03  1.31e-03  1.63e-03  [CUDA memcpy HtoD]
                     0.00  1.54e-03         1  1.54e-03  1.54e-03  1.54e-03  [CUDA memset]
      API calls:    42.22  449.7539     14003  0.032118  8.08e-03  0.177005  cudaLaunchKernel
                    30.85  328.6154         5  65.72308  0.012202  328.5643  cudaMemcpyToSymbol
                    19.04  202.7849      2000  0.101392  0.016625  0.114122  cudaMemcpy
                     3.83  40.75635         2  20.37818  0.015779  40.74058  cudaThreadSynchronize
                     1.92  20.41235         3  6.804115  0.037693  20.33347  cudaMallocManaged
                     0.69  7.332557     28003  2.61e-04  2.10e-04  0.084515  cudaGetLastError
                     0.48  5.122954       384  0.013341  2.29e-04  0.539106  cuDeviceGetAttribute
                     0.37  3.974090         4  0.993522  0.986333  0.999568  cuDeviceTotalMem
                     0.24  2.524961         7  0.360708  0.198675  0.753908  cudaFree
                     0.21  2.197576         4  0.549394  0.437538  0.743721  cudaMalloc
                     0.12  1.234667         1  1.234667  1.234667  1.234667  cudaGetDeviceProperties
                     0.04  0.422649         4  0.105662  0.102244  0.107661  cuDeviceGetName
                     0.00  0.023485         1  0.023485  0.023485  0.023485  cudaMemset
                     0.00  0.019222         2  9.61e-03  6.27e-03  0.012949  cudaMemAdvise
                     0.00  0.010613         1  0.010613  0.010613  0.010613  cudaSetDevice
                     0.00  9.96e-03         4  2.49e-03  1.28e-03  5.37e-03  cuDeviceGetPCIBusId
                     0.00  3.19e-03         8  3.98e-04  3.05e-04  6.75e-04  cuDeviceGet
                     0.00  1.55e-03         1  1.55e-03  1.55e-03  1.55e-03  cudaGetDevice
                     0.00  1.52e-03         3  5.06e-04  4.30e-04  6.54e-04  cuDeviceGetCount

==8373== Unified Memory profiling result:
Device "Tesla V100-SXM2-16GB (0)"
   Count  Avg Size  Min Size  Max Size  Total Size  Total Time  Name
      22  209.45KB  64.000KB  832.00KB  4.500000MB    0.123776ms  Host To Device
      11         -         -         -           -    1.890432ms  Gpu page fault groups
       9  1.2917MB  256.00KB  2.0000MB  11.62500MB           -  Remote mapping to device
Total CPU Page faults: 31
Total remote mappings from CPU: 9
