==11642== NVPROF is profiling process 11642, command: ./lassen-executable/cfd_642 ../../data/cfd/fvcorr.domn.097K
==11642== Profiling application: ./lassen-executable/cfd_642 ../../data/cfd/fvcorr.domn.097K
==11642== Profiling result:
            Type  Time(%)      Time     Calls       Avg       Min       Max  Name
                        %        ms                  ms        ms        ms
 GPU activities:    68.64  193.2788      6000  0.032213  0.030272  1.327285  cuda_compute_flux(int, int*, float*, float*, float*)
                    20.51  57.76487      6000  9.63e-03  8.96e-03  0.011488  cuda_time_step(int, int, float*, float*, float*, float*)
                     6.40  18.03157      2000  9.02e-03  8.90e-03  0.013856  [CUDA memcpy DtoD]
                     4.44  12.49733      2000  6.25e-03  5.79e-03  0.497243  cuda_compute_step_factor(int, float*, float*, float*)
                     0.01  0.022720         3  7.57e-03  5.31e-03  9.98e-03  cuda_initialize_variables(int, float*)
                     0.00  6.88e-03         5  1.38e-03  1.28e-03  1.66e-03  [CUDA memcpy HtoD]
                     0.00  1.54e-03         1  1.54e-03  1.54e-03  1.54e-03  [CUDA memset]
      API calls:    51.84  328.5637         5  65.71274  0.012318  328.5126  cudaMemcpyToSymbol
                    25.74  163.1674     14003  0.011652  7.98e-03  0.087429  cudaLaunchKernel
                    11.73  74.35260      2000  0.037176  0.016509  0.044515  cudaMemcpy
                     3.21  20.37275         3  6.790916  9.26e-03  20.32260  cudaMallocManaged
                     2.45  15.54901         2  7.774505  0.013881  15.53513  cudaThreadSynchronize
                     1.68  10.67861       384  0.027808  2.30e-04  1.386456  cuDeviceGetAttribute
                     1.12  7.116620     28003  2.54e-04  2.08e-04  0.080897  cudaGetLastError
                     1.00  6.360073         4  1.590018  1.324729  2.110087  cuDeviceTotalMem
                     0.46  2.928688         1  2.928688  2.928688  2.928688  cudaGetDeviceProperties
                     0.31  1.953236         4  0.488309  0.431894  0.641333  cudaMalloc
                     0.29  1.869317         7  0.267045  0.056437  0.383743  cudaFree
                     0.13  0.829502         4  0.207375  0.182574  0.228047  cuDeviceGetName
                     0.00  0.024376         3  8.13e-03  4.63e-03  0.011935  cudaMemAdvise
                     0.00  0.023759         1  0.023759  0.023759  0.023759  cudaMemset
                     0.00  0.011421         1  0.011421  0.011421  0.011421  cudaSetDevice
                     0.00  0.010824         4  2.71e-03  1.33e-03  6.27e-03  cuDeviceGetPCIBusId
                     0.00  3.12e-03         8  3.89e-04  3.04e-04  6.01e-04  cuDeviceGet
                     0.00  1.52e-03         1  1.52e-03  1.52e-03  1.52e-03  cudaGetDevice
                     0.00  1.52e-03         3  5.06e-04  3.81e-04  6.56e-04  cuDeviceGetCount

==11642== Unified Memory profiling result:
Device "Tesla V100-SXM2-16GB (0)"
   Count  Avg Size  Min Size  Max Size  Total Size  Total Time  Name
      45  145.07KB  64.000KB  832.00KB  6.375000MB    0.218208ms  Host To Device
      10         -         -         -           -    2.125440ms  Gpu page fault groups
      14  114.29KB  64.000KB  320.00KB  1.562500MB           -  Remote mapping from device
       3  128.00KB  64.000KB  256.00KB  384.0000KB           -  Remote mapping to device
Total CPU Page faults: 86
Total remote mappings from CPU: 3
Total remote mappings to CPU: 14
