==153028== NVPROF is profiling process 153028, command: ./lassen-executable/cfd_165 ../../data/cfd/missile.domn.0.2M
==153028== Profiling application: ./lassen-executable/cfd_165 ../../data/cfd/missile.domn.0.2M
==153028== Profiling result:
            Type  Time(%)      Time     Calls       Avg       Min       Max  Name
                        %        ms                  ms        ms        ms
 GPU activities:    83.77  1.09e+03      6000  0.181324  0.177534  3.611232  cuda_compute_flux(int, int*, float*, float*, float*)
                    11.02  143.1804      6000  0.023863  0.021664  0.027360  cuda_time_step(int, int, float*, float*, float*, float*)
                     2.89  37.58094      2000  0.018790  0.017568  0.020672  [CUDA memcpy DtoD]
                     2.31  30.04499      2000  0.015022  0.013152  0.583994  cuda_compute_step_factor(int, float*, float*, float*)
                     0.00  0.036256         3  0.012085  9.06e-03  0.014144  cuda_initialize_variables(int, float*)
                     0.00  6.88e-03         5  1.38e-03  1.31e-03  1.63e-03  [CUDA memcpy HtoD]
                     0.00  1.54e-03         1  1.54e-03  1.54e-03  1.54e-03  [CUDA memset]
      API calls:    49.47  812.7421     14003  0.058040  8.09e-03  0.258257  cudaLaunchKernel
                    23.33  383.2719      2000  0.191635  0.016534  0.209672  cudaMemcpy
                    20.09  329.9687         5  65.99375  0.012585  329.9176  cudaMemcpyToSymbol
                     4.47  73.37012         2  36.68506  0.014995  73.35512  cudaThreadSynchronize
                     1.24  20.38474         3  6.794914  0.039285  20.30291  cudaMallocManaged
                     0.45  7.315816     28003  2.61e-04  2.13e-04  0.083729  cudaGetLastError
                     0.31  5.127688       384  0.013353  2.30e-04  0.545004  cuDeviceGetAttribute
                     0.24  4.003926         4  1.000981  0.986370  1.027732  cuDeviceTotalMem
                     0.16  2.685270         7  0.383610  0.219338  0.857267  cudaFree
                     0.13  2.165633         4  0.541408  0.435536  0.714955  cudaMalloc
                     0.08  1.241265         1  1.241265  1.241265  1.241265  cudaGetDeviceProperties
                     0.03  0.428152         4  0.107038  0.102563  0.112409  cuDeviceGetName
                     0.00  0.022327         1  0.022327  0.022327  0.022327  cudaMemset
                     0.00  0.014960         2  7.48e-03  6.09e-03  8.87e-03  cudaMemAdvise
                     0.00  0.011821         4  2.96e-03  1.26e-03  6.87e-03  cuDeviceGetPCIBusId
                     0.00  0.010248         1  0.010248  0.010248  0.010248  cudaSetDevice
                     0.00  3.19e-03         8  3.98e-04  3.01e-04  5.20e-04  cuDeviceGet
                     0.00  1.79e-03         1  1.79e-03  1.79e-03  1.79e-03  cudaGetDevice
                     0.00  1.62e-03         3  5.39e-04  4.43e-04  6.49e-04  cuDeviceGetCount

==153028== Unified Memory profiling result:
Device "Tesla V100-SXM2-16GB (0)"
   Count  Avg Size  Min Size  Max Size  Total Size  Total Time  Name
      24  194.67KB  64.000KB  832.00KB  4.562500MB    0.128416ms  Host To Device
      24         -         -         -           -    4.100640ms  Gpu page fault groups
      93  117.68KB  64.000KB  320.00KB  10.68750MB           -  Remote mapping from device
      10  364.80KB  64.000KB  960.00KB  3.562500MB           -  Remote mapping to device
Total CPU Page faults: 31
Total remote mappings from CPU: 10
Total remote mappings to CPU: 93
