==171786== NVPROF is profiling process 171786, command: ./lassen-executable/cfd_416 ../../data/cfd/missile.domn.0.2M
==171786== Profiling application: ./lassen-executable/cfd_416 ../../data/cfd/missile.domn.0.2M
==171786== Profiling result:
            Type  Time(%)      Time     Calls       Avg       Min       Max  Name
                        %        ms                  ms        ms        ms
 GPU activities:    66.71  405.2528      6000  0.067542  0.058367  4.071805  cuda_compute_flux(int, int*, float*, float*, float*)
                    22.58  137.1509      6000  0.022858  0.021088  0.025216  cuda_time_step(int, int, float*, float*, float*, float*)
                     6.01  36.48365      2000  0.018241  0.017568  0.020480  [CUDA memcpy DtoD]
                     4.71  28.59463      2000  0.014297  0.012928  0.023935  cuda_compute_step_factor(int, float*, float*, float*)
                     0.01  0.035008         3  0.011669  8.61e-03  0.013536  cuda_initialize_variables(int, float*)
                     0.00  6.91e-03         5  1.38e-03  1.31e-03  1.63e-03  [CUDA memcpy HtoD]
                     0.00  1.50e-03         1  1.50e-03  1.50e-03  1.50e-03  [CUDA memset]
      API calls:    39.68  376.2771     14003  0.026871  8.13e-03  0.139598  cudaLaunchKernel
                    34.64  328.4142         5  65.68284  0.012017  328.3641  cudaMemcpyToSymbol
                    17.53  166.2352      2000  0.083117  0.016441  0.092791  cudaMemcpy
                     3.58  33.92585         2  16.96292  0.015795  33.91005  cudaThreadSynchronize
                     2.15  20.41818         3  6.806061  0.039901  20.33569  cudaMallocManaged
                     0.77  7.267869     28003  2.59e-04  2.09e-04  0.082682  cudaGetLastError
                     0.57  5.377118       384  0.014002  2.36e-04  0.806463  cuDeviceGetAttribute
                     0.42  4.001328         4  1.000332  0.991098  1.018828  cuDeviceTotalMem
                     0.25  2.365997         4  0.591499  0.441374  0.914812  cudaMalloc
                     0.23  2.182759         7  0.311822  0.178203  0.474405  cudaFree
                     0.13  1.220076         1  1.220076  1.220076  1.220076  cudaGetDeviceProperties
                     0.04  0.423069         4  0.105767  0.103238  0.107663  cuDeviceGetName
                     0.00  0.023327         1  0.023327  0.023327  0.023327  cudaMemset
                     0.00  0.016975         2  8.49e-03  4.42e-03  0.012553  cudaMemAdvise
                     0.00  0.010127         1  0.010127  0.010127  0.010127  cudaSetDevice
                     0.00  9.97e-03         4  2.49e-03  1.24e-03  5.33e-03  cuDeviceGetPCIBusId
                     0.00  3.13e-03         8  3.90e-04  3.06e-04  5.96e-04  cuDeviceGet
                     0.00  1.61e-03         1  1.61e-03  1.61e-03  1.61e-03  cudaGetDevice
                     0.00  1.56e-03         3  5.19e-04  4.39e-04  6.76e-04  cuDeviceGetCount

==171786== Unified Memory profiling result:
Device "Tesla V100-SXM2-16GB (0)"
   Count  Avg Size  Min Size  Max Size  Total Size  Total Time  Name
      84  185.14KB  64.000KB  832.00KB  15.18750MB    0.439072ms  Host To Device
      13         -         -         -           -    4.264160ms  Gpu page fault groups
       5  192.00KB  64.000KB  448.00KB  960.0000KB           -  Remote mapping from device
      33  331.64KB  64.000KB  1.0000MB  10.68750MB           -  Remote mapping to device
Total CPU Page faults: 90
Total remote mappings from CPU: 33
Total remote mappings to CPU: 5
