==166788== NVPROF is profiling process 166788, command: ./lassen-executable/cfd_344 ../../data/cfd/fvcorr.domn.193K
==166788== Profiling application: ./lassen-executable/cfd_344 ../../data/cfd/fvcorr.domn.193K
==166788== Profiling result:
            Type  Time(%)      Time     Calls       Avg       Min       Max  Name
                        %        ms                  ms        ms        ms
 GPU activities:    65.08  311.9465      6000  0.051991  0.049535  3.138725  cuda_compute_flux(int, int*, float*, float*, float*)
                    25.40  121.7761      6000  0.020296  0.018528  0.022752  cuda_time_step(int, int, float*, float*, float*, float*)
                     4.92  23.56851      2000  0.011784  0.011264  0.014752  [CUDA memcpy DtoD]
                     4.59  22.01268      2000  0.011006  0.010528  0.258749  cuda_compute_step_factor(int, float*, float*, float*)
                     0.01  0.027328         3  9.11e-03  6.98e-03  0.012736  cuda_initialize_variables(int, float*)
                     0.00  6.82e-03         5  1.36e-03  1.28e-03  1.60e-03  [CUDA memcpy HtoD]
                     0.00  1.57e-03         1  1.57e-03  1.57e-03  1.57e-03  [CUDA memset]
      API calls:    40.22  331.4345         5  66.28690  0.012919  331.3814  cudaMemcpyToSymbol
                    39.43  324.8757     14003  0.023200  8.02e-03  0.098069  cudaLaunchKernel
                    11.51  94.80825      2000  0.047404  0.010417  0.056609  cudaMemcpy
                     3.64  30.01334         2  15.00667  0.017472  29.99587  cudaThreadSynchronize
                     2.48  20.40499         3  6.801663  0.039916  20.32298  cudaMallocManaged
                     0.88  7.216901     28003  2.57e-04  2.10e-04  0.089474  cudaGetLastError
                     0.64  5.281312       384  0.013753  2.33e-04  0.680742  cuDeviceGetAttribute
                     0.49  4.025519         4  1.006379  0.987455  1.047883  cuDeviceTotalMem
                     0.26  2.135151         4  0.533787  0.431285  0.738728  cudaMalloc
                     0.25  2.057003         7  0.293857  0.177228  0.383168  cudaFree
                     0.15  1.222789         1  1.222789  1.222789  1.222789  cudaGetDeviceProperties
                     0.06  0.456846         4  0.114211  0.103511  0.137310  cuDeviceGetName
                     0.00  0.023204         1  0.023204  0.023204  0.023204  cudaMemset
                     0.00  0.022675         3  7.56e-03  4.14e-03  0.013330  cudaMemAdvise
                     0.00  0.012353         4  3.09e-03  1.31e-03  7.44e-03  cuDeviceGetPCIBusId
                     0.00  0.010519         1  0.010519  0.010519  0.010519  cudaSetDevice
                     0.00  4.10e-03         8  5.12e-04  3.08e-04  8.17e-04  cuDeviceGet
                     0.00  1.73e-03         3  5.75e-04  4.30e-04  6.66e-04  cuDeviceGetCount
                     0.00  1.44e-03         1  1.44e-03  1.44e-03  1.44e-03  cudaGetDevice

==166788== Unified Memory profiling result:
Device "Tesla V100-SXM2-16GB (0)"
   Count  Avg Size  Min Size  Max Size  Total Size  Total Time  Name
      90  135.11KB  64.000KB  576.00KB  11.87500MB    0.409920ms  Host To Device
       2         -         -         -           -    3.318080ms  Gpu page fault groups
      90  135.11KB  64.000KB  448.00KB  11.87500MB           -  Remote mapping from device
       1  768.00KB  768.00KB  768.00KB  768.0000KB           -  Remote mapping to device
Total CPU Page faults: 80
Total remote mappings from CPU: 1
Total remote mappings to CPU: 90
