==172351== NVPROF is profiling process 172351, command: ./lassen-executable/cfd_423 ../../data/cfd/fvcorr.domn.097K
==172351== Profiling application: ./lassen-executable/cfd_423 ../../data/cfd/fvcorr.domn.097K
==172351== Profiling result:
            Type  Time(%)      Time     Calls       Avg       Min       Max  Name
                        %        ms                  ms        ms        ms
 GPU activities:    77.90  312.1464      6000  0.052024  0.049856  0.819033  cuda_compute_flux(int, int*, float*, float*, float*)
                    14.58  58.43107      6000  9.74e-03  8.99e-03  0.011200  cuda_time_step(int, int, float*, float*, float*, float*)
                     4.47  17.89816      2000  8.95e-03  8.83e-03  0.013728  [CUDA memcpy DtoD]
                     3.05  12.21333      2000  6.11e-03  5.82e-03  0.210014  cuda_compute_step_factor(int, float*, float*, float*)
                     0.01  0.022656         3  7.55e-03  5.63e-03  9.73e-03  cuda_initialize_variables(int, float*)
                     0.00  6.94e-03         5  1.39e-03  1.31e-03  1.63e-03  [CUDA memcpy HtoD]
                     0.00  1.54e-03         1  1.54e-03  1.54e-03  1.54e-03  [CUDA memset]
      API calls:    44.32  329.0039         5  65.80078  0.011775  328.9539  cudaMemcpyToSymbol
                    31.91  236.8663     14003  0.016915  7.99e-03  0.121219  cudaLaunchKernel
                    15.06  111.7687      2000  0.055884  0.016339  0.063583  cudaMemcpy
                     3.01  22.33350         2  11.16675  0.014104  22.31939  cudaThreadSynchronize
                     2.74  20.30365         3  6.767882  9.69e-03  20.25355  cudaMallocManaged
                     0.97  7.164956     28003  2.55e-04  2.09e-04  0.089392  cudaGetLastError
                     0.69  5.111632       384  0.013311  2.32e-04  0.537176  cuDeviceGetAttribute
                     0.54  4.003963         4  1.000990  0.986074  1.026269  cuDeviceTotalMem
                     0.27  2.032837         7  0.290405  0.075151  0.413487  cudaFree
                     0.27  1.982913         4  0.495728  0.430810  0.658811  cudaMalloc
                     0.16  1.217125         1  1.217125  1.217125  1.217125  cudaGetDeviceProperties
                     0.06  0.423560         4  0.105890  0.103066  0.108145  cuDeviceGetName
                     0.00  0.025823         3  8.61e-03  6.04e-03  0.011763  cudaMemAdvise
                     0.00  0.023982         1  0.023982  0.023982  0.023982  cudaMemset
                     0.00  0.012085         1  0.012085  0.012085  0.012085  cudaSetDevice
                     0.00  0.010496         4  2.62e-03  1.30e-03  5.60e-03  cuDeviceGetPCIBusId
                     0.00  3.15e-03         8  3.93e-04  2.91e-04  5.99e-04  cuDeviceGet
                     0.00  1.47e-03         1  1.47e-03  1.47e-03  1.47e-03  cudaGetDevice
                     0.00  1.47e-03         3  4.88e-04  4.09e-04  6.17e-04  cuDeviceGetCount

==172351== Unified Memory profiling result:
Device "Tesla V100-SXM2-16GB (0)"
   Count  Avg Size  Min Size  Max Size  Total Size  Total Time  Name
      14  137.14KB  64.000KB  384.00KB  1.875000MB    0.065472ms  Host To Device
       6         -         -         -           -    0.963872ms  Gpu page fault groups
       3  106.67KB  64.000KB  192.00KB  320.0000KB           -  Remote mapping from device
       3  1.5000MB  512.00KB  2.0000MB  4.500000MB           -  Remote mapping to device
Total CPU Page faults: 31
Total remote mappings from CPU: 3
Total remote mappings to CPU: 3
