==162608== NVPROF is profiling process 162608, command: ./lassen-executable/cfd_310 ../../data/cfd/fvcorr.domn.097K
==162608== Profiling application: ./lassen-executable/cfd_310 ../../data/cfd/fvcorr.domn.097K
==162608== Profiling result:
            Type  Time(%)      Time     Calls       Avg       Min       Max  Name
                        %        ms                  ms        ms        ms
 GPU activities:    67.75  192.5212      6000  0.032086  0.030335  0.662139  cuda_compute_flux(int, int*, float*, float*, float*)
                    20.46  58.12503      6000  9.69e-03  8.96e-03  0.011424  cuda_time_step(int, int, float*, float*, float*, float*)
                     6.31  17.93176      2000  8.97e-03  8.86e-03  0.014272  [CUDA memcpy DtoD]
                     5.35  15.19879      2000  7.60e-03  7.36e-03  0.242046  cuda_compute_step_factor(int, float*, float*, float*)
                     0.13  0.359293         6  0.059882  1.31e-03  0.352445  [CUDA memcpy HtoD]
                     0.01  0.022463         3  7.49e-03  5.60e-03  9.57e-03  cuda_initialize_variables(int, float*)
                     0.00  1.54e-03         1  1.54e-03  1.54e-03  1.54e-03  [CUDA memset]
      API calls:    52.47  328.5755         5  65.71509  0.012099  328.5249  cudaMemcpyToSymbol
                    26.42  165.4305     14003  0.011813  8.07e-03  0.080735  cudaLaunchKernel
                    11.79  73.81524      2001  0.036889  0.016581  0.485673  cudaMemcpy
                     3.24  20.29183         2  10.14591  9.13e-03  20.28270  cudaMallocManaged
                     2.51  15.74028         2  7.870140  0.011685  15.72860  cudaThreadSynchronize
                     1.15  7.189702     28003  2.56e-04  2.14e-04  0.077719  cudaGetLastError
                     0.82  5.110719       384  0.013309  2.35e-04  0.535897  cuDeviceGetAttribute
                     0.64  3.979431         4  0.994857  0.988097  0.998948  cuDeviceTotalMem
                     0.40  2.503592         5  0.500718  0.422935  0.690144  cudaMalloc
                     0.30  1.904351         7  0.272050  0.055040  0.381120  cudaFree
                     0.19  1.218598         1  1.218598  1.218598  1.218598  cudaGetDeviceProperties
                     0.07  0.431983         4  0.107995  0.103640  0.115073  cuDeviceGetName
                     0.00  0.020696         1  0.020696  0.020696  0.020696  cudaMemset
                     0.00  0.013177         1  0.013177  0.013177  0.013177  cudaMemAdvise
                     0.00  0.011653         4  2.91e-03  1.30e-03  6.85e-03  cuDeviceGetPCIBusId
                     0.00  0.011415         1  0.011415  0.011415  0.011415  cudaSetDevice
                     0.00  3.31e-03         8  4.13e-04  3.17e-04  5.56e-04  cuDeviceGet
                     0.00  1.56e-03         3  5.18e-04  4.24e-04  6.49e-04  cuDeviceGetCount
                     0.00  1.54e-03         1  1.54e-03  1.54e-03  1.54e-03  cudaGetDevice

==162608== Unified Memory profiling result:
Device "Tesla V100-SXM2-16GB (0)"
   Count  Avg Size  Min Size  Max Size  Total Size  Total Time  Name
       9  184.89KB  64.000KB  576.00KB  1.625000MB    0.047008ms  Host To Device
       6         -         -         -           -    0.854912ms  Gpu page fault groups
       1  384.00KB  384.00KB  384.00KB  384.0000KB           -  Remote mapping to device
Total CPU Page faults: 12
Total remote mappings from CPU: 1
