==166030== NVPROF is profiling process 166030, command: ./lassen-executable/cfd_336 ../../data/cfd/missile.domn.0.2M
==166030== Profiling application: ./lassen-executable/cfd_336 ../../data/cfd/missile.domn.0.2M
==166030== Profiling result:
            Type  Time(%)      Time     Calls       Avg       Min       Max  Name
                        %        ms                  ms        ms        ms
 GPU activities:    67.45  415.6884      6000  0.069281  0.059327  3.226659  cuda_compute_flux(int, int*, float*, float*, float*)
                    21.85  134.6539      6000  0.022442  0.021184  0.025120  cuda_time_step(int, int, float*, float*, float*, float*)
                     5.93  36.53235      2000  0.018266  0.017599  0.020832  [CUDA memcpy DtoD]
                     4.76  29.33242      2000  0.014666  0.013120  0.223486  cuda_compute_step_factor(int, float*, float*, float*)
                     0.01  0.035712         3  0.011904  8.83e-03  0.013504  cuda_initialize_variables(int, float*)
                     0.00  6.82e-03         5  1.36e-03  1.28e-03  1.60e-03  [CUDA memcpy HtoD]
                     0.00  1.54e-03         1  1.54e-03  1.54e-03  1.54e-03  [CUDA memset]
      API calls:    39.88  382.4291     14003  0.027310  8.02e-03  0.101259  cudaLaunchKernel
                    34.32  329.0995         5  65.81989  0.012189  329.0485  cudaMemcpyToSymbol
                    17.64  169.1463      2000  0.084573  0.016577  0.095970  cudaMemcpy
                     3.60  34.53572         2  17.26786  0.016263  34.51946  cudaThreadSynchronize
                     2.13  20.40396         3  6.801321  0.039741  20.32313  cudaMallocManaged
                     0.77  7.350525     28003  2.62e-04  2.09e-04  0.093224  cudaGetLastError
                     0.54  5.133256       384  0.013367  2.35e-04  0.544176  cuDeviceGetAttribute
                     0.47  4.498519         4  1.124629  0.986083  1.522226  cuDeviceTotalMem
                     0.25  2.351719         7  0.335959  0.247686  0.468675  cudaFree
                     0.23  2.198861         4  0.549715  0.435696  0.739315  cudaMalloc
                     0.13  1.220168         1  1.220168  1.220168  1.220168  cudaGetDeviceProperties
                     0.04  0.425882         4  0.106470  0.103005  0.109205  cuDeviceGetName
                     0.00  0.023323         3  7.77e-03  4.79e-03  0.013175  cudaMemAdvise
                     0.00  0.022640         1  0.022640  0.022640  0.022640  cudaMemset
                     0.00  0.011332         4  2.83e-03  1.36e-03  6.48e-03  cuDeviceGetPCIBusId
                     0.00  9.85e-03         1  9.85e-03  9.85e-03  9.85e-03  cudaSetDevice
                     0.00  3.32e-03         8  4.14e-04  3.05e-04  6.31e-04  cuDeviceGet
                     0.00  1.54e-03         3  5.14e-04  3.97e-04  6.78e-04  cuDeviceGetCount
                     0.00  1.47e-03         1  1.47e-03  1.47e-03  1.47e-03  cudaGetDevice

==166030== Unified Memory profiling result:
Device "Tesla V100-SXM2-16GB (0)"
   Count  Avg Size  Min Size  Max Size  Total Size  Total Time  Name
      53  206.49KB  64.000KB  960.00KB  10.68750MB    0.296576ms  Host To Device
      15         -         -         -           -    3.356064ms  Gpu page fault groups
      36  432.00KB  64.000KB  2.0000MB  15.18750MB           -  Remote mapping to device
Total CPU Page faults: 68
Total remote mappings from CPU: 36
