==12313== NVPROF is profiling process 12313, command: ./lassen-executable/cfd_646 ../../data/cfd/fvcorr.domn.097K
==12313== Profiling application: ./lassen-executable/cfd_646 ../../data/cfd/fvcorr.domn.097K
==12313== Profiling result:
            Type  Time(%)      Time     Calls       Avg       Min       Max  Name
                        %        ms                  ms        ms        ms
 GPU activities:    68.49  192.1960      6000  0.032032  0.029824  1.522931  cuda_compute_flux(int, int*, float*, float*, float*)
                    20.62  57.87813      6000  9.65e-03  9.06e-03  0.011776  cuda_time_step(int, int, float*, float*, float*, float*)
                     6.42  18.02392      2000  9.01e-03  8.90e-03  0.013632  [CUDA memcpy DtoD]
                     4.46  12.50548      2000  6.25e-03  5.79e-03  0.461084  cuda_compute_step_factor(int, float*, float*, float*)
                     0.01  0.022912         3  7.64e-03  5.50e-03  0.010016  cuda_initialize_variables(int, float*)
                     0.00  6.82e-03         5  1.36e-03  1.28e-03  1.63e-03  [CUDA memcpy HtoD]
                     0.00  1.54e-03         1  1.54e-03  1.54e-03  1.54e-03  [CUDA memset]
      API calls:    52.88  329.5292         5  65.90583  0.012784  329.4768  cudaMemcpyToSymbol
                    26.05  162.3236     14003  0.011592  8.01e-03  0.094240  cudaLaunchKernel
                    11.82  73.66251      2000  0.036831  0.016517  0.044535  cudaMemcpy
                     3.27  20.36763         3  6.789209  9.75e-03  20.31894  cudaMallocManaged
                     2.48  15.44581         2  7.722907  0.013937  15.43188  cudaThreadSynchronize
                     1.14  7.119299     28003  2.54e-04  2.07e-04  0.093841  cudaGetLastError
                     0.82  5.123323       384  0.013341  2.34e-04  0.534545  cuDeviceGetAttribute
                     0.64  3.975196         4  0.993799  0.987151  0.999614  cuDeviceTotalMem
                     0.31  1.936975         7  0.276710  0.058257  0.397862  cudaFree
                     0.31  1.911684         4  0.477921  0.426963  0.611435  cudaMalloc
                     0.20  1.220676         1  1.220676  1.220676  1.220676  cudaGetDeviceProperties
                     0.07  0.425209         4  0.106302  0.102935  0.108046  cuDeviceGetName
                     0.00  0.024273         3  8.09e-03  4.12e-03  0.012318  cudaMemAdvise
                     0.00  0.023552         1  0.023552  0.023552  0.023552  cudaMemset
                     0.00  0.011271         1  0.011271  0.011271  0.011271  cudaSetDevice
                     0.00  0.010831         4  2.71e-03  1.28e-03  6.26e-03  cuDeviceGetPCIBusId
                     0.00  3.16e-03         8  3.95e-04  2.95e-04  5.45e-04  cuDeviceGet
                     0.00  1.54e-03         1  1.54e-03  1.54e-03  1.54e-03  cudaGetDevice
                     0.00  1.48e-03         3  4.92e-04  4.00e-04  6.29e-04  cuDeviceGetCount

==12313== Unified Memory profiling result:
Device "Tesla V100-SXM2-16GB (0)"
   Count  Avg Size  Min Size  Max Size  Total Size  Total Time  Name
      39  167.38KB  64.000KB  768.00KB  6.375000MB    0.200352ms  Host To Device
      11         -         -         -           -    2.393216ms  Gpu page fault groups
      14  114.29KB  64.000KB  320.00KB  1.562500MB           -  Remote mapping from device
      18  277.33KB  64.000KB  960.00KB  4.875000MB           -  Remote mapping to device
Total CPU Page faults: 47
Total remote mappings from CPU: 18
Total remote mappings to CPU: 14
