==147718== NVPROF is profiling process 147718, command: ./lassen-executable/cfd_123 ../../data/cfd/fvcorr.domn.097K
==147718== Profiling application: ./lassen-executable/cfd_123 ../../data/cfd/fvcorr.domn.097K
==147718== Profiling result:
            Type  Time(%)      Time     Calls       Avg       Min       Max  Name
                        %        ms                  ms        ms        ms
 GPU activities:    78.42  321.2463      6000  0.053541  0.051232  0.664794  cuda_compute_flux(int, int*, float*, float*, float*)
                    14.14  57.93712      6000  9.66e-03  8.99e-03  0.010976  cuda_time_step(int, int, float*, float*, float*, float*)
                     4.40  18.00631      2000  9.00e-03  8.90e-03  0.014880  [CUDA memcpy DtoD]
                     3.03  12.42700      2000  6.21e-03  5.86e-03  0.452124  cuda_compute_step_factor(int, float*, float*, float*)
                     0.01  0.022688         3  7.56e-03  5.57e-03  9.89e-03  cuda_initialize_variables(int, float*)
                     0.00  6.82e-03         5  1.36e-03  1.28e-03  1.63e-03  [CUDA memcpy HtoD]
                     0.00  1.54e-03         1  1.54e-03  1.54e-03  1.54e-03  [CUDA memset]
      API calls:    44.28  334.7628         5  66.95255  0.012663  334.7098  cudaMemcpyToSymbol
                    31.94  241.4873     14003  0.017245  8.84e-03  0.146614  cudaLaunchKernel
                    15.12  114.3280      2000  0.057163  0.017957  0.066717  cudaMemcpy
                     3.02  22.83440         2  11.41720  0.016772  22.81763  cudaThreadSynchronize
                     2.70  20.39781         3  6.799269  0.010935  20.34718  cudaMallocManaged
                     0.96  7.274544     28003  2.59e-04  2.12e-04  0.110376  cudaGetLastError
                     0.68  5.132886       384  0.013366  2.31e-04  0.541086  cuDeviceGetAttribute
                     0.53  3.990048         4  0.997512  0.990718  1.004391  cuDeviceTotalMem
                     0.28  2.093296         7  0.299042  0.140267  0.412529  cudaFree
                     0.27  2.015719         4  0.503929  0.433006  0.681979  cudaMalloc
                     0.16  1.223735         1  1.223735  1.223735  1.223735  cudaGetDeviceProperties
                     0.06  0.425899         4  0.106474  0.103057  0.108401  cuDeviceGetName
                     0.00  0.027332         1  0.027332  0.027332  0.027332  cudaMemset
                     0.00  0.023415         2  0.011707  8.42e-03  0.014994  cudaMemAdvise
                     0.00  0.014259         1  0.014259  0.014259  0.014259  cudaSetDevice
                     0.00  0.013516         4  3.38e-03  1.35e-03  8.44e-03  cuDeviceGetPCIBusId
                     0.00  3.62e-03         8  4.52e-04  2.89e-04  8.12e-04  cuDeviceGet
                     0.00  1.77e-03         1  1.77e-03  1.77e-03  1.77e-03  cudaGetDevice
                     0.00  1.68e-03         3  5.60e-04  4.57e-04  7.62e-04  cuDeviceGetCount

==147718== Unified Memory profiling result:
Device "Tesla V100-SXM2-16GB (0)"
   Count  Avg Size  Min Size  Max Size  Total Size  Total Time  Name
      11  174.55KB  64.000KB  384.00KB  1.875000MB    0.057184ms  Host To Device
       6         -         -         -           -    1.050816ms  Gpu page fault groups
       3  1.5000MB  512.00KB  2.0000MB  4.500000MB           -  Remote mapping to device
Total CPU Page faults: 31
Total remote mappings from CPU: 3
