==6911== NVPROF is profiling process 6911, command: ./lassen-executable/cfd_601 ../../data/cfd/missile.domn.0.2M
==6911== Profiling application: ./lassen-executable/cfd_601 ../../data/cfd/missile.domn.0.2M
==6911== Profiling result:
            Type  Time(%)      Time     Calls       Avg       Min       Max  Name
                        %        ms                  ms        ms        ms
 GPU activities:    66.78  403.0206      6000  0.067170  0.058015  2.771656  cuda_compute_flux(int, int*, float*, float*, float*)
                    22.25  134.2961      6000  0.022382  0.021088  0.024448  cuda_time_step(int, int, float*, float*, float*, float*)
                     6.05  36.49126      2000  0.018245  0.017568  0.020960  [CUDA memcpy DtoD]
                     4.87  29.36671      2000  0.014683  0.012864  0.680154  cuda_compute_step_factor(int, float*, float*, float*)
                     0.04  0.255230         6  0.042538  1.31e-03  0.248350  [CUDA memcpy HtoD]
                     0.01  0.035872         3  0.011957  8.61e-03  0.013984  cuda_initialize_variables(int, float*)
                     0.00  1.54e-03         1  1.54e-03  1.54e-03  1.54e-03  [CUDA memset]
      API calls:    39.53  373.7825     14003  0.026693  8.08e-03  0.097064  cudaLaunchKernel
                    34.78  328.8709         5  65.77419  0.011824  328.8210  cudaMemcpyToSymbol
                    17.51  165.5836      2001  0.082750  0.016501  0.371744  cudaMemcpy
                     3.57  33.79495         2  16.89747  0.011747  33.78320  cudaThreadSynchronize
                     2.15  20.36546         2  10.18273  0.042556  20.32291  cudaMallocManaged
                     0.77  7.327032     28003  2.61e-04  2.13e-04  0.088844  cudaGetLastError
                     0.54  5.102377       384  0.013287  2.36e-04  0.534623  cuDeviceGetAttribute
                     0.42  3.969601         4  0.992400  0.986204  0.996110  cuDeviceTotalMem
                     0.29  2.733378         5  0.546675  0.429117  0.709606  cudaMalloc
                     0.24  2.249042         7  0.321291  0.223443  0.397341  cudaFree
                     0.13  1.227275         1  1.227275  1.227275  1.227275  cudaGetDeviceProperties
                     0.05  0.425622         4  0.106405  0.102530  0.109477  cuDeviceGetName
                     0.00  0.020364         1  0.020364  0.020364  0.020364  cudaMemset
                     0.00  0.011566         1  0.011566  0.011566  0.011566  cudaMemAdvise
                     0.00  0.010953         4  2.74e-03  1.33e-03  6.16e-03  cuDeviceGetPCIBusId
                     0.00  0.010577         1  0.010577  0.010577  0.010577  cudaSetDevice
                     0.00  3.35e-03         8  4.18e-04  3.04e-04  5.82e-04  cuDeviceGet
                     0.00  1.55e-03         3  5.15e-04  4.64e-04  6.04e-04  cuDeviceGetCount
                     0.00  1.52e-03         1  1.52e-03  1.52e-03  1.52e-03  cudaGetDevice

==6911== Unified Memory profiling result:
Device "Tesla V100-SXM2-16GB (0)"
   Count  Avg Size  Min Size  Max Size  Total Size  Total Time  Name
      59  201.76KB  64.000KB  832.00KB  11.62500MB    0.317312ms  Host To Device
      17         -         -         -           -    3.356288ms  Gpu page fault groups
       3  320.00KB  128.00KB  448.00KB  960.0000KB           -  Remote mapping to device
Total CPU Page faults: 70
Total remote mappings from CPU: 3
