==7683== NVPROF is profiling process 7683, command: ./lassen-executable/cfd_606 ../../data/cfd/fvcorr.domn.193K
==7683== Profiling application: ./lassen-executable/cfd_606 ../../data/cfd/fvcorr.domn.193K
==7683== Profiling result:
            Type  Time(%)      Time     Calls       Avg       Min       Max  Name
                        %        ms                  ms        ms        ms
 GPU activities:    65.42  318.1272      6000  0.053021  0.050592  3.654336  cuda_compute_flux(int, int*, float*, float*, float*)
                    25.09  121.9843      6000  0.020330  0.018752  0.022144  cuda_time_step(int, int, float*, float*, float*, float*)
                     4.84  23.53602      2000  0.011768  0.011168  0.014912  [CUDA memcpy DtoD]
                     4.60  22.37212      2000  0.011186  0.010368  0.704506  cuda_compute_step_factor(int, float*, float*, float*)
                     0.04  0.208510         6  0.034751  1.31e-03  0.201598  [CUDA memcpy HtoD]
                     0.01  0.027872         3  9.29e-03  6.91e-03  0.012800  cuda_initialize_variables(int, float*)
                     0.00  1.50e-03         1  1.50e-03  1.50e-03  1.50e-03  [CUDA memset]
      API calls:    39.78  329.8062         5  65.96124  0.012234  329.7558  cudaMemcpyToSymbol
                    39.76  329.6543     14003  0.023541  8.02e-03  0.127338  cudaLaunchKernel
                    11.59  96.10585      2001  0.048028  0.010439  0.320634  cudaMemcpy
                     3.66  30.36440         2  15.18220  0.011529  30.35287  cudaThreadSynchronize
                     2.45  20.31965         2  10.15983  0.040410  20.27924  cudaMallocManaged
                     0.87  7.194628     28003  2.56e-04  2.09e-04  0.077040  cudaGetLastError
                     0.62  5.135094       384  0.013372  2.34e-04  0.537300  cuDeviceGetAttribute
                     0.48  3.973441         4  0.993360  0.987224  0.998740  cuDeviceTotalMem
                     0.31  2.570528         5  0.514105  0.428423  0.690208  cudaMalloc
                     0.27  2.220349         7  0.317192  0.201614  0.407842  cudaFree
                     0.15  1.249965         1  1.249965  1.249965  1.249965  cudaGetDeviceProperties
                     0.05  0.427197         4  0.106799  0.103719  0.108778  cuDeviceGetName
                     0.00  0.020189         1  0.020189  0.020189  0.020189  cudaMemset
                     0.00  0.016290         2  8.15e-03  4.25e-03  0.012042  cudaMemAdvise
                     0.00  0.010996         4  2.75e-03  1.26e-03  6.47e-03  cuDeviceGetPCIBusId
                     0.00  0.010289         1  0.010289  0.010289  0.010289  cudaSetDevice
                     0.00  3.93e-03         8  4.91e-04  3.06e-04  1.08e-03  cuDeviceGet
                     0.00  1.55e-03         3  5.17e-04  4.30e-04  6.42e-04  cuDeviceGetCount
                     0.00  1.54e-03         1  1.54e-03  1.54e-03  1.54e-03  cudaGetDevice

==7683== Unified Memory profiling result:
Device "Tesla V100-SXM2-16GB (0)"
   Count  Avg Size  Min Size  Max Size  Total Size  Total Time  Name
      53  185.96KB  64.000KB  960.00KB  9.625000MB    0.276352ms  Host To Device
      14         -         -         -           -    4.489408ms  Gpu page fault groups
      34  289.88KB  64.000KB  1.0000MB  9.625000MB           -  Remote mapping to device
Total CPU Page faults: 63
Total remote mappings from CPU: 34
