==166128== NVPROF is profiling process 166128, command: ./lassen-executable/cfd_340 ../../data/cfd/fvcorr.domn.193K
==166128== Profiling application: ./lassen-executable/cfd_340 ../../data/cfd/fvcorr.domn.193K
==166128== Profiling result:
            Type  Time(%)      Time     Calls       Avg       Min       Max  Name
                        %        ms                  ms        ms        ms
 GPU activities:    64.75  309.2711      6000  0.051545  0.049567  0.721529  cuda_compute_flux(int, int*, float*, float*, float*)
                    25.41  121.3849      6000  0.020230  0.018752  0.022496  cuda_time_step(int, int, float*, float*, float*, float*)
                     4.94  23.59954      2000  0.011799  0.011359  0.014783  [CUDA memcpy DtoD]
                     4.73  22.61494      2000  0.011307  0.010432  0.245854  cuda_compute_step_factor(int, float*, float*, float*)
                     0.16  0.755194         6  0.125865  1.28e-03  0.748346  [CUDA memcpy HtoD]
                     0.01  0.028991         3  9.66e-03  7.55e-03  0.013791  cuda_initialize_variables(int, float*)
                     0.00  1.54e-03         1  1.54e-03  1.54e-03  1.54e-03  [CUDA memset]
      API calls:    40.11  329.4965         5  65.89930  0.012378  329.4454  cudaMemcpyToSymbol
                    39.35  323.3161     14003  0.023089  8.04e-03  0.134256  cudaLaunchKernel
                    11.52  94.64181      2001  0.047297  0.010330  0.873965  cudaMemcpy
                     3.65  30.01102         2  15.00551  0.011958  29.99907  cudaThreadSynchronize
                     2.48  20.37457         2  10.18728  0.040549  20.33402  cudaMallocManaged
                     0.87  7.142993     28003  2.55e-04  2.11e-04  0.081446  cudaGetLastError
                     0.72  5.918140       384  0.015411  2.32e-04  0.899157  cuDeviceGetAttribute
                     0.48  3.972221         4  0.993055  0.986923  0.997795  cuDeviceTotalMem
                     0.34  2.830005         5  0.566001  0.427499  0.823315  cudaMalloc
                     0.26  2.157869         7  0.308267  0.213963  0.413186  cudaFree
                     0.15  1.219478         1  1.219478  1.219478  1.219478  cudaGetDeviceProperties
                     0.05  0.425602         4  0.106400  0.103061  0.110043  cuDeviceGetName
                     0.00  0.020958         1  0.020958  0.020958  0.020958  cudaMemset
                     0.00  0.019581         2  9.79e-03  5.58e-03  0.014005  cudaMemAdvise
                     0.00  0.010406         1  0.010406  0.010406  0.010406  cudaSetDevice
                     0.00  9.74e-03         4  2.43e-03  1.33e-03  5.08e-03  cuDeviceGetPCIBusId
                     0.00  3.14e-03         8  3.92e-04  2.99e-04  5.72e-04  cuDeviceGet
                     0.00  1.53e-03         1  1.53e-03  1.53e-03  1.53e-03  cudaGetDevice
                     0.00  1.49e-03         3  4.97e-04  4.04e-04  6.54e-04  cuDeviceGetCount

==166128== Unified Memory profiling result:
Device "Tesla V100-SXM2-16GB (0)"
   Count  Avg Size  Min Size  Max Size  Total Size  Total Time  Name
      19  161.68KB  64.000KB  960.00KB  3.000000MB    0.091712ms  Host To Device
       2         -         -         -           -    0.891808ms  Gpu page fault groups
      23  133.56KB  64.000KB  448.00KB  3.000000MB           -  Remote mapping from device
       1  768.00KB  768.00KB  768.00KB  768.0000KB           -  Remote mapping to device
Total CPU Page faults: 22
Total remote mappings from CPU: 1
Total remote mappings to CPU: 23
