==146054== NVPROF is profiling process 146054, command: ./lassen-executable/cfd_111 ../../data/cfd/fvcorr.domn.193K
==146054== Profiling application: ./lassen-executable/cfd_111 ../../data/cfd/fvcorr.domn.193K
==146054== Profiling result:
            Type  Time(%)      Time     Calls       Avg       Min       Max  Name
                        %        ms                  ms        ms        ms
 GPU activities:    64.67  308.1647      6000  0.051360  0.049023  2.995558  cuda_compute_flux(int, int*, float*, float*, float*)
                    25.66  122.2809      6000  0.020380  0.018720  0.022048  cuda_time_step(int, int, float*, float*, float*, float*)
                     4.96  23.61593      2000  0.011807  0.011296  0.015008  [CUDA memcpy DtoD]
                     4.70  22.38957      2000  0.011194  0.010399  0.660314  cuda_compute_step_factor(int, float*, float*, float*)
                     0.01  0.027712         3  9.24e-03  7.01e-03  0.013216  cuda_initialize_variables(int, float*)
                     0.00  6.78e-03         5  1.36e-03  1.28e-03  1.63e-03  [CUDA memcpy HtoD]
                     0.00  1.54e-03         1  1.54e-03  1.54e-03  1.54e-03  [CUDA memset]
      API calls:    40.18  329.8080         5  65.96159  0.012445  329.7560  cudaMemcpyToSymbol
                    39.31  322.6178     14003  0.023039  8.09e-03  0.107381  cudaLaunchKernel
                    11.40  93.54359      2000  0.046771  0.010347  0.056331  cudaMemcpy
                     3.64  29.85430         2  14.92715  0.015501  29.83880  cudaThreadSynchronize
                     2.49  20.40505         3  6.801684  0.039517  20.32258  cudaMallocManaged
                     0.88  7.242908     28003  2.58e-04  2.09e-04  0.090461  cudaGetLastError
                     0.67  5.511043       384  0.014351  2.34e-04  0.914630  cuDeviceGetAttribute
                     0.49  4.004067         4  1.001016  0.992807  1.008758  cuDeviceTotalMem
                     0.49  3.999787         7  0.571398  0.174859  0.919215  cudaFree
                     0.25  2.062961         4  0.515740  0.431193  0.687548  cudaMalloc
                     0.15  1.230678         1  1.230678  1.230678  1.230678  cudaGetDeviceProperties
                     0.05  0.422565         4  0.105641  0.102984  0.107425  cuDeviceGetName
                     0.00  0.022955         1  0.022955  0.022955  0.022955  cudaMemset
                     0.00  0.011308         1  0.011308  0.011308  0.011308  cudaSetDevice
                     0.00  9.77e-03         4  2.44e-03  1.34e-03  5.15e-03  cuDeviceGetPCIBusId
                     0.00  3.08e-03         8  3.85e-04  3.01e-04  5.28e-04  cuDeviceGet
                     0.00  1.59e-03         1  1.59e-03  1.59e-03  1.59e-03  cudaGetDevice
                     0.00  1.56e-03         3  5.21e-04  4.39e-04  6.41e-04  cuDeviceGetCount

==146054== Unified Memory profiling result:
Device "Tesla V100-SXM2-16GB (0)"
   Count  Avg Size  Min Size  Max Size  Total Size  Total Time  Name
      73  180.60KB  64.000KB  960.00KB  12.87500MB    0.380800ms  Host To Device
      15         -         -         -           -    3.553312ms  Gpu page fault groups
Total CPU Page faults: 84
