==147401== NVPROF is profiling process 147401, command: ./lassen-executable/cfd_122 ../../data/cfd/fvcorr.domn.097K
==147401== Profiling application: ./lassen-executable/cfd_122 ../../data/cfd/fvcorr.domn.097K
==147401== Profiling result:
            Type  Time(%)      Time     Calls       Avg       Min       Max  Name
                        %        ms                  ms        ms        ms
 GPU activities:    68.65  193.4180      6000  0.032236  0.030240  1.627602  cuda_compute_flux(int, int*, float*, float*, float*)
                    20.53  57.84509      6000  9.64e-03  8.96e-03  0.011776  cuda_time_step(int, int, float*, float*, float*, float*)
                     6.40  18.02880      2000  9.01e-03  8.90e-03  0.014304  [CUDA memcpy DtoD]
                     4.41  12.43782      2000  6.22e-03  5.82e-03  0.494012  cuda_compute_step_factor(int, float*, float*, float*)
                     0.01  0.022368         3  7.46e-03  5.41e-03  9.70e-03  cuda_initialize_variables(int, float*)
                     0.00  6.85e-03         5  1.37e-03  1.28e-03  1.63e-03  [CUDA memcpy HtoD]
                     0.00  1.54e-03         1  1.54e-03  1.54e-03  1.54e-03  [CUDA memset]
      API calls:    52.85  329.8911         5  65.97821  0.011939  329.8412  cudaMemcpyToSymbol
                    26.06  162.6294     14003  0.011613  8.09e-03  0.116578  cudaLaunchKernel
                    11.84  73.92622      2000  0.036963  0.016509  0.044830  cudaMemcpy
                     3.26  20.37527         3  6.791756  9.37e-03  20.32407  cudaMallocManaged
                     2.49  15.52908         2  7.764539  0.013814  15.51526  cudaThreadSynchronize
                     1.15  7.193341     28003  2.56e-04  2.13e-04  0.101907  cudaGetLastError
                     0.82  5.141061       384  0.013388  2.36e-04  0.536536  cuDeviceGetAttribute
                     0.64  3.986790         4  0.996697  0.987501  1.005785  cuDeviceTotalMem
                     0.31  1.929035         4  0.482258  0.431959  0.617716  cudaMalloc
                     0.29  1.824809         7  0.260687  0.092773  0.354913  cudaFree
                     0.20  1.224865         1  1.224865  1.224865  1.224865  cudaGetDeviceProperties
                     0.07  0.427293         4  0.106823  0.103989  0.108682  cuDeviceGetName
                     0.00  0.023969         1  0.023969  0.023969  0.023969  cudaMemset
                     0.00  0.016036         2  8.02e-03  4.15e-03  0.011882  cudaMemAdvise
                     0.00  0.011228         1  0.011228  0.011228  0.011228  cudaSetDevice
                     0.00  0.010469         4  2.62e-03  1.34e-03  5.84e-03  cuDeviceGetPCIBusId
                     0.00  3.26e-03         8  4.07e-04  3.08e-04  5.42e-04  cuDeviceGet
                     0.00  1.69e-03         1  1.69e-03  1.69e-03  1.69e-03  cudaGetDevice
                     0.00  1.47e-03         3  4.88e-04  3.71e-04  6.52e-04  cuDeviceGetCount

==147401== Unified Memory profiling result:
Device "Tesla V100-SXM2-16GB (0)"
   Count  Avg Size  Min Size  Max Size  Total Size  Total Time  Name
      40  163.20KB  64.000KB  768.00KB  6.375000MB    0.203488ms  Host To Device
      10         -         -         -           -    2.070912ms  Gpu page fault groups
Total CPU Page faults: 100
