==169037== NVPROF is profiling process 169037, command: ./lassen-executable/cfd_364 ../../data/cfd/fvcorr.domn.097K
==169037== Profiling application: ./lassen-executable/cfd_364 ../../data/cfd/fvcorr.domn.097K
==169037== Profiling result:
            Type  Time(%)      Time     Calls       Avg       Min       Max  Name
                        %        ms                  ms        ms        ms
 GPU activities:    67.14  193.0403      6000  0.032173  0.030207  1.321941  cuda_compute_flux(int, int*, float*, float*, float*)
                    20.22  58.14160      6000  9.69e-03  8.99e-03  0.011584  cuda_time_step(int, int, float*, float*, float*, float*)
                     6.38  18.33941      2000  9.17e-03  8.96e-03  0.255870  cuda_compute_step_factor(int, float*, float*, float*)
                     6.24  17.94601      2000  8.97e-03  8.86e-03  0.013664  [CUDA memcpy DtoD]
                     0.01  0.022720         3  7.57e-03  5.31e-03  0.010016  cuda_initialize_variables(int, float*)
                     0.00  6.88e-03         5  1.38e-03  1.31e-03  1.63e-03  [CUDA memcpy HtoD]
                     0.00  1.54e-03         1  1.54e-03  1.54e-03  1.54e-03  [CUDA memset]
      API calls:    52.39  330.5177         5  66.10353  0.012486  330.4660  cudaMemcpyToSymbol
                    26.68  168.3396     14003  0.012021  7.97e-03  0.098228  cudaLaunchKernel
                    11.70  73.80773      2000  0.036903  0.016544  0.045500  cudaMemcpy
                     3.22  20.33848         3  6.779492  9.64e-03  20.28786  cudaMallocManaged
                     2.51  15.85647         2  7.928236  0.014283  15.84219  cudaThreadSynchronize
                     1.15  7.237970     28003  2.58e-04  2.09e-04  0.102483  cudaGetLastError
                     0.81  5.134568       384  0.013371  2.34e-04  0.538479  cuDeviceGetAttribute
                     0.63  3.993075         4  0.998268  0.994534  1.002717  cuDeviceTotalMem
                     0.32  1.994964         7  0.284994  0.057816  0.384253  cudaFree
                     0.31  1.934287         4  0.483571  0.427165  0.619742  cudaMalloc
                     0.20  1.238852         1  1.238852  1.238852  1.238852  cudaGetDeviceProperties
                     0.07  0.426558         4  0.106639  0.103710  0.108251  cuDeviceGetName
                     0.00  0.026363         3  8.79e-03  4.63e-03  0.013023  cudaMemAdvise
                     0.00  0.024366         1  0.024366  0.024366  0.024366  cudaMemset
                     0.00  0.011715         1  0.011715  0.011715  0.011715  cudaSetDevice
                     0.00  0.010560         4  2.64e-03  1.31e-03  5.90e-03  cuDeviceGetPCIBusId
                     0.00  4.16e-03         8  5.20e-04  2.95e-04  8.12e-04  cuDeviceGet
                     0.00  1.59e-03         3  5.31e-04  4.08e-04  6.71e-04  cuDeviceGetCount
                     0.00  1.57e-03         1  1.57e-03  1.57e-03  1.57e-03  cudaGetDevice

==169037== Unified Memory profiling result:
Device "Tesla V100-SXM2-16GB (0)"
   Count  Avg Size  Min Size  Max Size  Total Size  Total Time  Name
      42  146.29KB  64.000KB  960.00KB  6.000000MB    0.204192ms  Host To Device
       8         -         -         -           -    2.238784ms  Gpu page fault groups
      45  102.40KB  64.000KB  256.00KB  4.500000MB           -  Remote mapping from device
       7  274.29KB  64.000KB  512.00KB  1.875000MB           -  Remote mapping to device
Total CPU Page faults: 45
Total remote mappings from CPU: 7
Total remote mappings to CPU: 45
