==135913== NVPROF is profiling process 135913, command: ./lassen-executable/cfd_000 ../../data/cfd/fvcorr.domn.097K
==135913== Profiling application: ./lassen-executable/cfd_000 ../../data/cfd/fvcorr.domn.097K
==135913== Profiling result:
            Type  Time(%)      Time     Calls       Avg       Min       Max  Name
                        %        ms                  ms        ms        ms
 GPU activities:    68.93  206.4477      6000  0.034407  0.031936  0.039584  cuda_compute_flux(int, int*, float*, float*, float*)
                    19.82  59.36514      6000  9.89e-03  9.12e-03  0.011456  cuda_time_step(int, int, float*, float*, float*, float*)
                     6.37  19.06295      2000  9.53e-03  9.15e-03  0.014912  [CUDA memcpy DtoD]
                     4.73  14.17251      2000  7.09e-03  6.72e-03  8.29e-03  cuda_compute_step_factor(int, float*, float*, float*)
                     0.14  0.407868         8  0.050983  1.38e-03  0.326429  [CUDA memcpy HtoD]
                     0.01  0.024287         3  8.09e-03  6.24e-03  0.010112  cuda_initialize_variables(int, float*)
                     0.00  1.82e-03         1  1.82e-03  1.82e-03  1.82e-03  [CUDA memset]
      API calls:    54.16  348.7203         5  69.74406  0.012570  348.6676  cudaMemcpyToSymbol
                    27.21  175.1915     14003  0.012510  8.08e-03  0.121801  cudaLaunchKernel
                    12.32  79.30527      2003  0.039593  0.016609  0.421221  cudaMemcpy
                     2.53  16.26632         2  8.133159  0.012454  16.25386  cudaThreadSynchronize
                     1.09  7.008810     28003  2.50e-04  2.11e-04  3.00e-03  cudaGetLastError
                     0.80  5.151505       384  0.013415  2.32e-04  0.543674  cuDeviceGetAttribute
                     0.62  3.982785         4  0.995696  0.987365  1.000911  cuDeviceTotalMem
                     0.57  3.651040         7  0.521577  0.018352  2.122382  cudaFree
                     0.46  2.940899         7  0.420128  9.29e-03  0.665961  cudaMalloc
                     0.19  1.224361         1  1.224361  1.224361  1.224361  cudaGetDeviceProperties
                     0.07  0.429126         4  0.107281  0.103296  0.112778  cuDeviceGetName
                     0.00  0.019974         1  0.019974  0.019974  0.019974  cudaMemset
                     0.00  0.010796         1  0.010796  0.010796  0.010796  cudaSetDevice
                     0.00  0.010578         4  2.64e-03  1.34e-03  5.40e-03  cuDeviceGetPCIBusId
                     0.00  3.21e-03         8  4.01e-04  2.97e-04  6.35e-04  cuDeviceGet
                     0.00  1.65e-03         3  5.48e-04  4.55e-04  6.93e-04  cuDeviceGetCount
                     0.00  1.64e-03         1  1.64e-03  1.64e-03  1.64e-03  cudaGetDevice
