==163510== NVPROF is profiling process 163510, command: ./lassen-executable/cfd_315 ../../data/cfd/missile.domn.0.2M
==163510== Profiling application: ./lassen-executable/cfd_315 ../../data/cfd/missile.domn.0.2M
==163510== Profiling result:
            Type  Time(%)      Time     Calls       Avg       Min       Max  Name
                        %        ms                  ms        ms        ms
 GPU activities:    83.69  1.09e+03      6000  0.181254  0.177663  3.297508  cuda_compute_flux(int, int*, float*, float*, float*)
                    11.10  144.2301      6000  0.024038  0.021695  0.026944  cuda_time_step(int, int, float*, float*, float*, float*)
                     2.88  37.46127      2000  0.018730  0.017376  0.020864  [CUDA memcpy DtoD]
                     2.32  30.16311      2000  0.015081  0.013312  0.227774  cuda_compute_step_factor(int, float*, float*, float*)
                     0.00  0.035840         3  0.011946  8.93e-03  0.013696  cuda_initialize_variables(int, float*)
                     0.00  6.88e-03         5  1.38e-03  1.31e-03  1.63e-03  [CUDA memcpy HtoD]
                     0.00  1.54e-03         1  1.54e-03  1.54e-03  1.54e-03  [CUDA memset]
      API calls:    49.43  812.6281     14003  0.058032  8.10e-03  0.256144  cudaLaunchKernel
                    23.32  383.2901      2000  0.191645  0.016623  0.213916  cudaMemcpy
                    20.14  331.0961         5  66.21922  0.011865  331.0459  cudaMemcpyToSymbol
                     4.47  73.41619         2  36.70809  0.014785  73.40140  cudaThreadSynchronize
                     1.24  20.36028         3  6.786759  0.039327  20.27840  cudaMallocManaged
                     0.45  7.402630     28003  2.64e-04  2.11e-04  0.085180  cudaGetLastError
                     0.31  5.128404       384  0.013355  2.32e-04  0.541915  cuDeviceGetAttribute
                     0.24  3.983445         4  0.995861  0.986813  1.005084  cuDeviceTotalMem
                     0.16  2.650784         7  0.378683  0.213250  0.851465  cudaFree
                     0.13  2.186618         4  0.546654  0.436112  0.729094  cudaMalloc
                     0.07  1.231833         1  1.231833  1.231833  1.231833  cudaGetDeviceProperties
                     0.03  0.426635         4  0.106658  0.102766  0.109133  cuDeviceGetName
                     0.00  0.022006         1  0.022006  0.022006  0.022006  cudaMemset
                     0.00  0.017331         2  8.66e-03  4.64e-03  0.012689  cudaMemAdvise
                     0.00  0.011434         4  2.86e-03  1.28e-03  6.92e-03  cuDeviceGetPCIBusId
                     0.00  0.011158         1  0.011158  0.011158  0.011158  cudaSetDevice
                     0.00  3.92e-03         8  4.90e-04  3.07e-04  1.20e-03  cuDeviceGet
                     0.00  1.81e-03         1  1.81e-03  1.81e-03  1.81e-03  cudaGetDevice
                     0.00  1.59e-03         3  5.30e-04  4.24e-04  6.78e-04  cuDeviceGetCount

==163510== Unified Memory profiling result:
Device "Tesla V100-SXM2-16GB (0)"
   Count  Avg Size  Min Size  Max Size  Total Size  Total Time  Name
      18  202.67KB  64.000KB  512.00KB  3.562500MB    0.098432ms  Host To Device
      22         -         -         -           -    3.412512ms  Gpu page fault groups
     108  101.33KB  64.000KB  384.00KB  10.68750MB           -  Remote mapping from device
       1  960.00KB  960.00KB  960.00KB  960.0000KB           -  Remote mapping to device
Total CPU Page faults: 27
Total remote mappings from CPU: 1
Total remote mappings to CPU: 108
