==178492== NVPROF is profiling process 178492, command: ./lassen-executable/cfd_505 ../../data/cfd/fvcorr.domn.193K
==178492== Profiling application: ./lassen-executable/cfd_505 ../../data/cfd/fvcorr.domn.193K
==178492== Profiling result:
            Type  Time(%)      Time     Calls       Avg       Min       Max  Name
                        %        ms                  ms        ms        ms
 GPU activities:    83.27  898.7819      6000  0.149796  0.147742  1.826896  cuda_compute_flux(int, int*, float*, float*, float*)
                    11.23  121.1583      6000  0.020193  0.018304  0.023104  cuda_time_step(int, int, float*, float*, float*, float*)
                     3.22  34.80056      2000  0.017400  0.016544  0.544987  cuda_compute_step_factor(int, float*, float*, float*)
                     2.26  24.34874      2000  0.012174  0.011328  0.014784  [CUDA memcpy DtoD]
                     0.02  0.216382         6  0.036063  1.31e-03  0.209502  [CUDA memcpy HtoD]
                     0.00  0.027679         3  9.23e-03  6.91e-03  0.012864  cuda_initialize_variables(int, float*)
                     0.00  1.54e-03         1  1.54e-03  1.54e-03  1.54e-03  [CUDA memset]
      API calls:    49.47  703.1468     14003  0.050214  8.01e-03  0.239235  cudaLaunchKernel
                    23.07  327.9561         5  65.59123  0.011933  327.9070  cudaMemcpyToSymbol
                    19.55  277.8276      2001  0.138844  0.010439  0.327674  cudaMemcpy
                     4.82  68.52365         2  34.26182  0.011478  68.51217  cudaThreadSynchronize
                     1.43  20.32217         2  10.16109  0.042722  20.27945  cudaMallocManaged
                     0.53  7.568526     28003  2.70e-04  2.09e-04  0.081123  cudaGetLastError
                     0.36  5.123067       384  0.013341  2.34e-04  0.538493  cuDeviceGetAttribute
                     0.28  4.003480         4  1.000870  0.986591  1.025850  cuDeviceTotalMem
                     0.18  2.619979         7  0.374282  0.215595  0.753069  cudaFree
                     0.18  2.583228         5  0.516645  0.430006  0.667899  cudaMalloc
                     0.09  1.225580         1  1.225580  1.225580  1.225580  cudaGetDeviceProperties
                     0.03  0.427811         4  0.106952  0.103279  0.109108  cuDeviceGetName
                     0.00  0.020844         1  0.020844  0.020844  0.020844  cudaMemset
                     0.00  0.018130         2  9.07e-03  4.49e-03  0.013642  cudaMemAdvise
                     0.00  0.011086         1  0.011086  0.011086  0.011086  cudaSetDevice
                     0.00  0.010449         4  2.61e-03  1.30e-03  5.95e-03  cuDeviceGetPCIBusId
                     0.00  3.80e-03         8  4.74e-04  2.95e-04  1.10e-03  cuDeviceGet
                     0.00  1.62e-03         1  1.62e-03  1.62e-03  1.62e-03  cudaGetDevice
                     0.00  1.51e-03         3  5.03e-04  4.18e-04  6.72e-04  cuDeviceGetCount

==178492== Unified Memory profiling result:
Device "Tesla V100-SXM2-16GB (0)"
   Count  Avg Size  Min Size  Max Size  Total Size  Total Time  Name
      23         -         -         -           -    2.260128ms  Gpu page fault groups
      88  112.00KB  64.000KB  320.00KB  9.625000MB           -  Remote mapping from device
Total CPU Page faults: 6
Total remote mappings to CPU: 88
