==14035== NVPROF is profiling process 14035, command: ./bfs_060 ../../../data/bfs/graph65536.txt
==14035== Profiling application: ./bfs_060 ../../../data/bfs/graph65536.txt
==14035== Profiling result:
            Type  Time(%)      Time     Calls       Avg       Min       Max  Name
                        %        ms                  ms        ms        ms
 GPU activities:    61.24  1.962868        10  0.196286  2.27e-03  0.842363  Kernel(Node*, int*, bool*, bool*, bool*, int*, int)
                    38.76  1.242299        10  0.124229  1.57e-03  0.651837  Kernel2(bool*, bool*, bool*, bool*, int)
      API calls:    95.77  267.9927         7  38.28467  9.46e-03  267.8871  cudaMallocManaged
                     1.63  4.574470         4  1.143617  1.138016  1.149942  cuDeviceTotalMem
                     1.19  3.339471       388  8.61e-03  1.09e-04  0.359614  cuDeviceGetAttribute
                     1.14  3.192176        10  0.319217  5.49e-03  0.909087  cudaDeviceSynchronize
                     0.10  0.278045         4  0.069511  0.067242  0.073491  cuDeviceGetName
                     0.09  0.249117        20  0.012455  5.92e-03  0.045048  cudaLaunchKernel
                     0.07  0.187707         6  0.031284  8.95e-03  0.107334  cudaFree
                     0.00  0.010494         6  1.75e-03  4.92e-04  7.67e-03  cudaMemAdvise
                     0.00  8.99e-03         4  2.25e-03  1.11e-03  5.10e-03  cuDeviceGetPCIBusId
                     0.00  2.51e-03         8  3.13e-04  1.57e-04  5.52e-04  cuDeviceGet
                     0.00  1.12e-03         3  3.73e-04  1.22e-04  6.69e-04  cuDeviceGetCount
                     0.00  8.12e-04         4  2.03e-04  1.77e-04  2.53e-04  cuDeviceGetUuid

==14035== Unified Memory profiling result:
Device "Tesla V100-PCIE-32GB (0)"
   Count  Avg Size  Min Size  Max Size  Total Size  Total Time  Name
     169  28.142KB  4.0000KB  524.00KB  4.644531MB    0.836000ms  Host To Device
      25  80.159KB  4.0000KB  384.00KB  1.957031MB    0.192000ms  Device To Host
      30         -         -         -           -    3.099232ms  Gpu page fault groups
       1         -         -         -           -    0.565640ms  Page throttles
      17  4.0000KB  4.0000KB  4.0000KB  68.00000KB           -  Memory thrashes
Total CPU Page faults: 26
Total CPU thrashes: 17
Total CPU throttles: 1
