==13249== NVPROF is profiling process 13249, command: ./bfs_045 ../../../data/bfs/graph65536.txt
==13249== Profiling application: ./bfs_045 ../../../data/bfs/graph65536.txt
==13249== Profiling result:
            Type  Time(%)      Time     Calls       Avg       Min       Max  Name
                        %        ms                  ms        ms        ms
 GPU activities:    61.91  1.930968        10  0.193096  2.27e-03  0.878076  Kernel(Node*, int*, bool*, bool*, bool*, int*, int)
                    38.09  1.188249        10  0.118824  1.54e-03  0.598461  Kernel2(bool*, bool*, bool*, bool*, int)
      API calls:    95.69  267.5701         7  38.22430  4.14e-03  267.4947  cudaMallocManaged
                     1.66  4.646946         4  1.161736  1.156610  1.173592  cuDeviceTotalMem
                     1.21  3.371458       388  8.69e-03  1.07e-04  0.356770  cuDeviceGetAttribute
                     1.11  3.104305        10  0.310430  5.43e-03  0.942444  cudaDeviceSynchronize
                     0.12  0.338773         6  0.056462  0.010460  0.257589  cudaFree
                     0.10  0.292507         4  0.073126  0.068835  0.079236  cuDeviceGetName
                     0.08  0.236212        20  0.011810  5.57e-03  0.041461  cudaLaunchKernel
                     0.01  0.033823         7  4.83e-03  4.43e-04  0.028770  cudaMemAdvise
                     0.00  0.011914         4  2.98e-03  1.19e-03  5.42e-03  cuDeviceGetPCIBusId
                     0.00  2.61e-03         8  3.26e-04  1.62e-04  6.82e-04  cuDeviceGet
                     0.00  1.34e-03         3  4.45e-04  2.14e-04  6.86e-04  cuDeviceGetCount
                     0.00  8.09e-04         4  2.02e-04  1.83e-04  2.16e-04  cuDeviceGetUuid

==13249== Unified Memory profiling result:
Device "Tesla V100-PCIE-32GB (0)"
   Count  Avg Size  Min Size  Max Size  Total Size  Total Time  Name
     169  26.248KB  4.0000KB  524.00KB  4.332031MB    0.779424ms  Host To Device
      25  80.159KB  4.0000KB  384.00KB  1.957031MB    0.189664ms  Device To Host
      30         -         -         -           -    3.016800ms  Gpu page fault groups
       1         -         -         -           -    0.506522ms  Page throttles
      17  4.0000KB  4.0000KB  4.0000KB  68.00000KB           -  Memory thrashes
Total CPU Page faults: 26
Total CPU thrashes: 17
Total CPU throttles: 1
