==14605== NVPROF is profiling process 14605, command: ./bfs_065 ../../../data/bfs/graph65536.txt
==14605== Profiling application: ./bfs_065 ../../../data/bfs/graph65536.txt
==14605== Profiling result:
            Type  Time(%)      Time     Calls       Avg       Min       Max  Name
                        %        ms                  ms        ms        ms
 GPU activities:    56.54  1.697815        10  0.169781  2.27e-03  0.915804  Kernel(Node*, int*, bool*, bool*, bool*, int*, int)
                    43.46  1.305050        10  0.130505  1.54e-03  0.517053  Kernel2(bool*, bool*, bool*, bool*, int)
      API calls:    95.70  265.9461         7  37.99231  0.011257  265.8392  cudaMallocManaged
                     1.69  4.702105         4  1.175526  1.144954  1.255166  cuDeviceTotalMem
                     1.24  3.458908       388  8.91e-03  1.09e-04  0.371502  cuDeviceGetAttribute
                     1.08  3.003117        10  0.300311  6.60e-03  0.969718  cudaDeviceSynchronize
                     0.10  0.285733         4  0.071433  0.067684  0.075835  cuDeviceGetName
                     0.09  0.259448        20  0.012972  6.20e-03  0.043940  cudaLaunchKernel
                     0.07  0.208232         6  0.034705  9.75e-03  0.113543  cudaFree
                     0.01  0.031289         7  4.47e-03  4.63e-04  0.025890  cudaMemAdvise
                     0.00  9.24e-03         4  2.31e-03  1.21e-03  5.24e-03  cuDeviceGetPCIBusId
                     0.00  2.48e-03         8  3.09e-04  1.78e-04  6.05e-04  cuDeviceGet
                     0.00  1.57e-03         3  5.24e-04  1.49e-04  7.64e-04  cuDeviceGetCount
                     0.00  8.52e-04         4  2.13e-04  1.93e-04  2.73e-04  cuDeviceGetUuid

==14605== Unified Memory profiling result:
Device "Tesla V100-PCIE-32GB (0)"
   Count  Avg Size  Min Size  Max Size  Total Size  Total Time  Name
     128  24.156KB  4.0000KB  256.00KB  3.019531MB    0.560384ms  Host To Device
      18  26.222KB  4.0000KB  124.00KB  472.0000KB    0.058816ms  Device To Host
      25         -         -         -           -    2.893408ms  Gpu page fault groups
       1         -         -         -           -    0.403244ms  Page throttles
      18  4.0000KB  4.0000KB  4.0000KB  72.00000KB           -  Memory thrashes
Total CPU Page faults: 26
Total CPU thrashes: 18
Total CPU throttles: 1
