==17247== NVPROF is profiling process 17247, command: ./bfs_134 ../../../data/bfs/graph65536.txt
==17247== Profiling application: ./bfs_134 ../../../data/bfs/graph65536.txt
==17247== Profiling result:
            Type  Time(%)      Time     Calls       Avg       Min       Max  Name
                        %        ms                  ms        ms        ms
 GPU activities:    62.40  2.091063        10  0.209106  0.015328  0.908828  Kernel(Node*, int*, bool*, bool*, bool*, int*, int)
                    37.60  1.259995        10  0.125999  1.57e-03  0.559454  Kernel2(bool*, bool*, bool*, bool*, int)
      API calls:    95.31  267.7281         7  38.24687  8.57e-03  267.6249  cudaMallocManaged
                     1.66  4.653423         4  1.163355  1.140890  1.219533  cuDeviceTotalMem
                     1.56  4.378255       388  0.011284  1.08e-04  1.187406  cuDeviceGetAttribute
                     1.19  3.337541        10  0.333754  0.013691  0.997303  cudaDeviceSynchronize
                     0.10  0.283020         4  0.070755  0.067695  0.075035  cuDeviceGetName
                     0.09  0.243550        20  0.012177  6.16e-03  0.043440  cudaLaunchKernel
                     0.09  0.239009         6  0.039834  9.02e-03  0.160747  cudaFree
                     0.01  0.028901         7  4.13e-03  5.22e-04  0.021690  cudaMemAdvise
                     0.00  8.84e-03         4  2.21e-03  1.20e-03  4.83e-03  cuDeviceGetPCIBusId
                     0.00  2.29e-03         8  2.86e-04  1.44e-04  6.43e-04  cuDeviceGet
                     0.00  1.24e-03         3  4.13e-04  1.07e-04  7.12e-04  cuDeviceGetCount
                     0.00  8.69e-04         4  2.17e-04  1.80e-04  2.79e-04  cuDeviceGetUuid

==17247== Unified Memory profiling result:
Device "Tesla V100-PCIE-32GB (0)"
   Count  Avg Size  Min Size  Max Size  Total Size  Total Time  Name
     151  28.953KB  4.0000KB  524.00KB  4.269531MB    0.739072ms  Host To Device
      25  80.159KB  4.0000KB  384.00KB  1.957031MB    0.189248ms  Device To Host
      45         -         -         -           -    2.977632ms  Gpu page fault groups
       1         -         -         -           -    0.500419ms  Page throttles
      17  4.0000KB  4.0000KB  4.0000KB  68.00000KB           -  Memory thrashes
       4  16.000KB  4.0000KB  40.000KB  64.00000KB           -  Remote mapping from device
Total CPU Page faults: 26
Total CPU thrashes: 17
Total CPU throttles: 1
Total remote mappings to CPU: 4
