==10035== NVPROF is profiling process 10035, command: ./bfs_001 ../../../data/bfs/graph4096.txt
==10035== Profiling application: ./bfs_001 ../../../data/bfs/graph4096.txt
==10035== Profiling result:
            Type  Time(%)      Time     Calls       Avg       Min       Max  Name
                        %        ms                  ms        ms        ms
 GPU activities:    51.77  0.681118         8  0.085139  2.18e-03  0.394175  Kernel(Node*, int*, bool*, bool*, bool*, int*, int)
                    48.23  0.634591         8  0.079323  1.34e-03  0.452063  Kernel2(bool*, bool*, bool*, bool*, int)
      API calls:    96.11  270.8873         7  38.69818  4.10e-03  270.8387  cudaMallocManaged
                     1.65  4.664387         4  1.166096  1.150744  1.192365  cuDeviceTotalMem
                     1.56  4.401501       388  0.011344  1.07e-04  1.354071  cuDeviceGetAttribute
                     0.46  1.288510         8  0.161063  5.58e-03  0.456530  cudaDeviceSynchronize
                     0.10  0.284825         4  0.071206  0.068192  0.074946  cuDeviceGetName
                     0.07  0.209775        16  0.013110  5.45e-03  0.062053  cudaLaunchKernel
                     0.03  0.080383         6  0.013397  9.33e-03  0.031360  cudaFree
                     0.00  0.010136         4  2.53e-03  1.25e-03  5.15e-03  cuDeviceGetPCIBusId
                     0.00  9.11e-03         6  1.52e-03  4.23e-04  6.63e-03  cudaMemAdvise
                     0.00  2.63e-03         8  3.28e-04  1.55e-04  6.74e-04  cuDeviceGet
                     0.00  1.25e-03         3  4.17e-04  1.31e-04  7.00e-04  cuDeviceGetCount
                     0.00  7.49e-04         4  1.87e-04  1.63e-04  2.11e-04  cuDeviceGetUuid

==10035== Unified Memory profiling result:
Device "Tesla V100-PCIE-32GB (0)"
   Count  Avg Size  Min Size  Max Size  Total Size  Total Time  Name
      26  17.846KB  4.0000KB  112.00KB  464.0000KB    0.098368ms  Host To Device
      16  14.250KB  4.0000KB  64.000KB  228.0000KB    0.039200ms  Device To Host
      38         -         -         -           -    1.264608ms  Gpu page fault groups
       1         -         -         -           -    0.387487ms  Page throttles
      17  4.0000KB  4.0000KB  4.0000KB  68.00000KB           -  Memory thrashes
Total CPU Page faults: 15
Total CPU thrashes: 17
Total CPU throttles: 1
