==14459== NVPROF is profiling process 14459, command: ./bfs_064 ../../../data/bfs/graph4096.txt
==14459== Profiling application: ./bfs_064 ../../../data/bfs/graph4096.txt
==14459== Profiling result:
            Type  Time(%)      Time     Calls       Avg       Min       Max  Name
                        %        ms                  ms        ms        ms
 GPU activities:    57.81  0.823933         8  0.102991  1.34e-03  0.462783  Kernel2(bool*, bool*, bool*, bool*, int)
                    42.19  0.601312         8  0.075164  2.18e-03  0.407712  Kernel(Node*, int*, bool*, bool*, bool*, int*, int)
      API calls:    96.35  261.9269         7  37.41813  5.77e-03  261.8460  cudaMallocManaged
                     1.68  4.563959         4  1.140989  1.126589  1.174539  cuDeviceTotalMem
                     1.23  3.351990       388  8.64e-03  1.09e-04  0.355318  cuDeviceGetAttribute
                     0.52  1.415262         8  0.176907  7.40e-03  0.475634  cudaDeviceSynchronize
                     0.11  0.289350         4  0.072337  0.067399  0.081630  cuDeviceGetName
                     0.07  0.197061        16  0.012316  6.03e-03  0.043604  cudaLaunchKernel
                     0.03  0.075460         6  0.012576  8.26e-03  0.028589  cudaFree
                     0.01  0.027989         7  4.00e-03  4.60e-04  0.021567  cudaMemAdvise
                     0.00  8.77e-03         4  2.19e-03  1.18e-03  4.89e-03  cuDeviceGetPCIBusId
                     0.00  2.55e-03         8  3.18e-04  1.57e-04  6.91e-04  cuDeviceGet
                     0.00  1.30e-03         3  4.32e-04  1.28e-04  7.22e-04  cuDeviceGetCount
                     0.00  7.93e-04         4  1.98e-04  1.65e-04  2.62e-04  cuDeviceGetUuid

==14459== Unified Memory profiling result:
Device "Tesla V100-PCIE-32GB (0)"
   Count  Avg Size  Min Size  Max Size  Total Size  Total Time  Name
      22  12.000KB  4.0000KB  32.000KB  264.0000KB    0.077824ms  Host To Device
       9  10.222KB  4.0000KB  32.000KB  92.00000KB    0.019040ms  Device To Host
      38         -         -         -           -    1.325184ms  Gpu page fault groups
       1         -         -         -           -    0.384868ms  Page throttles
      10  4.0000KB  4.0000KB  4.0000KB  40.00000KB           -  Memory thrashes
       4  4.0000KB  4.0000KB  4.0000KB  16.00000KB           -  Remote mapping from device
Total CPU Page faults: 11
Total CPU thrashes: 10
Total CPU throttles: 1
Total remote mappings to CPU: 4
