==12561== NVPROF is profiling process 12561, command: ./bfs_035 ../../../data/bfs/graph65536.txt
==12561== Profiling application: ./bfs_035 ../../../data/bfs/graph65536.txt
==12561== Profiling result:
            Type  Time(%)      Time     Calls       Avg       Min       Max  Name
                        %        ms                  ms        ms        ms
 GPU activities:    62.07  2.052121        10  0.205212  2.27e-03  0.850109  Kernel(Node*, int*, bool*, bool*, bool*, int*, int)
                    37.93  1.253817        10  0.125381  1.54e-03  0.590366  Kernel2(bool*, bool*, bool*, bool*, int)
      API calls:    95.23  265.7609         7  37.96585  8.92e-03  265.6572  cudaMallocManaged
                     1.70  4.730719         4  1.182679  1.161890  1.191906  cuDeviceTotalMem
                     1.59  4.440891       388  0.011445  1.08e-04  1.331078  cuDeviceGetAttribute
                     1.18  3.288151        10  0.328815  6.57e-03  0.958155  cudaDeviceSynchronize
                     0.11  0.297509         4  0.074377  0.067785  0.087991  cuDeviceGetName
                     0.09  0.257860        20  0.012893  5.96e-03  0.043191  cudaLaunchKernel
                     0.09  0.241546         6  0.040257  9.30e-03  0.160706  cudaFree
                     0.01  0.029016         7  4.14e-03  4.68e-04  0.023604  cudaMemAdvise
                     0.00  9.44e-03         4  2.36e-03  1.18e-03  5.15e-03  cuDeviceGetPCIBusId
                     0.00  2.54e-03         8  3.17e-04  1.60e-04  7.49e-04  cuDeviceGet
                     0.00  1.27e-03         3  4.23e-04  1.27e-04  7.17e-04  cuDeviceGetCount
                     0.00  9.23e-04         4  2.30e-04  2.03e-04  2.67e-04  cuDeviceGetUuid

==12561== Unified Memory profiling result:
Device "Tesla V100-PCIE-32GB (0)"
   Count  Avg Size  Min Size  Max Size  Total Size  Total Time  Name
     169  26.248KB  4.0000KB  524.00KB  4.332031MB    0.811168ms  Host To Device
      25  80.159KB  4.0000KB  384.00KB  1.957031MB    0.201824ms  Device To Host
      30         -         -         -           -    3.200480ms  Gpu page fault groups
       1         -         -         -           -    0.500845ms  Page throttles
      17  4.0000KB  4.0000KB  4.0000KB  68.00000KB           -  Memory thrashes
Total CPU Page faults: 26
Total CPU thrashes: 17
Total CPU throttles: 1
