==13439== NVPROF is profiling process 13439, command: ./bfs_051 ../../../data/bfs/graph4096.txt
==13439== Profiling application: ./bfs_051 ../../../data/bfs/graph4096.txt
==13439== Profiling result:
            Type  Time(%)      Time     Calls       Avg       Min       Max  Name
                        %        ms                  ms        ms        ms
 GPU activities:    50.77  0.692414         8  0.086551  2.18e-03  0.444158  Kernel(Node*, int*, bool*, bool*, bool*, int*, int)
                    49.23  0.671325         8  0.083915  1.34e-03  0.464318  Kernel2(bool*, bool*, bool*, bool*, int)
      API calls:    96.33  265.9597         7  37.99425  3.98e-03  265.9091  cudaMallocManaged
                     1.68  4.628784         4  1.157196  1.143250  1.169463  cuDeviceTotalMem
                     1.23  3.404558       388  8.77e-03  1.08e-04  0.372485  cuDeviceGetAttribute
                     0.49  1.359481         8  0.169935  7.15e-03  0.493473  cudaDeviceSynchronize
                     0.10  0.285427         4  0.071356  0.067470  0.075523  cuDeviceGetName
                     0.08  0.217362         6  0.036227  0.026153  0.071793  cudaFree
                     0.07  0.198086        16  0.012380  5.94e-03  0.045611  cudaLaunchKernel
                     0.01  0.029781         7  4.25e-03  4.64e-04  0.024456  cudaMemAdvise
                     0.00  8.82e-03         4  2.20e-03  1.16e-03  4.97e-03  cuDeviceGetPCIBusId
                     0.00  2.27e-03         8  2.83e-04  1.50e-04  6.48e-04  cuDeviceGet
                     0.00  1.24e-03         3  4.14e-04  1.46e-04  6.61e-04  cuDeviceGetCount
                     0.00  8.15e-04         4  2.03e-04  1.74e-04  2.43e-04  cuDeviceGetUuid

==13439== Unified Memory profiling result:
Device "Tesla V100-PCIE-32GB (0)"
   Count  Avg Size  Min Size  Max Size  Total Size  Total Time  Name
      30  14.000KB  4.0000KB  120.00KB  420.0000KB    0.106240ms  Host To Device
      16  11.500KB  4.0000KB  32.000KB  184.0000KB    0.035584ms  Device To Host
      37         -         -         -           -    1.312000ms  Gpu page fault groups
       1         -         -         -           -    0.404164ms  Page throttles
      17  4.0000KB  4.0000KB  4.0000KB  68.00000KB           -  Memory thrashes
Total CPU Page faults: 15
Total CPU thrashes: 17
Total CPU throttles: 1
