==13205== NVPROF is profiling process 13205, command: ./bfs_045 ../../../data/bfs/graph4096.txt
==13205== Profiling application: ./bfs_045 ../../../data/bfs/graph4096.txt
==13205== Profiling result:
            Type  Time(%)      Time     Calls       Avg       Min       Max  Name
                        %        ms                  ms        ms        ms
 GPU activities:    54.13  0.724604         8  0.090575  2.18e-03  0.471134  Kernel(Node*, int*, bool*, bool*, bool*, int*, int)
                    45.87  0.614110         8  0.076763  1.34e-03  0.456830  Kernel2(bool*, bool*, bool*, bool*, int)
      API calls:    96.06  263.5749         7  37.65355  4.08e-03  263.5087  cudaMallocManaged
                     1.97  5.394740         4  1.348685  1.130698  1.997856  cuDeviceTotalMem
                     1.25  3.430280       388  8.84e-03  1.07e-04  0.380033  cuDeviceGetAttribute
                     0.49  1.331132         8  0.166391  6.11e-03  0.468304  cudaDeviceSynchronize
                     0.11  0.297674         4  0.074418  0.068307  0.083650  cuDeviceGetName
                     0.07  0.199455        16  0.012465  5.95e-03  0.040726  cudaLaunchKernel
                     0.04  0.105726         6  0.017621  0.010497  0.039027  cudaFree
                     0.01  0.028542         7  4.08e-03  4.87e-04  0.023238  cudaMemAdvise
                     0.00  0.010380         4  2.60e-03  1.26e-03  5.32e-03  cuDeviceGetPCIBusId
                     0.00  2.42e-03         8  3.02e-04  1.59e-04  6.90e-04  cuDeviceGet
                     0.00  1.37e-03         3  4.58e-04  1.96e-04  7.48e-04  cuDeviceGetCount
                     0.00  8.86e-04         4  2.21e-04  1.86e-04  2.68e-04  cuDeviceGetUuid

==13205== Unified Memory profiling result:
Device "Tesla V100-PCIE-32GB (0)"
   Count  Avg Size  Min Size  Max Size  Total Size  Total Time  Name
      30  14.133KB  4.0000KB  120.00KB  424.0000KB    0.118176ms  Host To Device
      16  11.750KB  4.0000KB  32.000KB  188.0000KB    0.036096ms  Device To Host
      36         -         -         -           -    1.286976ms  Gpu page fault groups
       1         -         -         -           -    0.409188ms  Page throttles
      17  4.0000KB  4.0000KB  4.0000KB  68.00000KB           -  Memory thrashes
Total CPU Page faults: 15
Total CPU thrashes: 17
Total CPU throttles: 1
