==16078== NVPROF is profiling process 16078, command: ./bfs_120 ../../../data/bfs/graph4096.txt
==16078== Profiling application: ./bfs_120 ../../../data/bfs/graph4096.txt
==16078== Profiling result:
            Type  Time(%)      Time     Calls       Avg       Min       Max  Name
                        %        ms                  ms        ms        ms
 GPU activities:    50.99  0.749117         8  0.093639  1.34e-03  0.554622  Kernel2(bool*, bool*, bool*, bool*, int)
                    49.01  0.720031         8  0.090003  2.21e-03  0.346559  Kernel(Node*, int*, bool*, bool*, bool*, int*, int)
      API calls:    96.38  269.2031         7  38.45759  3.89e-03  269.1527  cudaMallocManaged
                     1.66  4.649910         4  1.162477  1.144612  1.204650  cuDeviceTotalMem
                     1.20  3.359630       388  8.66e-03  1.10e-04  0.355479  cuDeviceGetAttribute
                     0.51  1.435103         8  0.179387  5.71e-03  0.560383  cudaDeviceSynchronize
                     0.10  0.287286         4  0.071821  0.067509  0.073661  cuDeviceGetName
                     0.09  0.243784        16  0.015236  5.85e-03  0.053748  cudaLaunchKernel
                     0.03  0.088306         6  0.014717  9.85e-03  0.034580  cudaFree
                     0.01  0.022279         4  5.57e-03  1.11e-03  0.014805  cuDeviceGetPCIBusId
                     0.00  9.78e-03         6  1.63e-03  4.64e-04  7.22e-03  cudaMemAdvise
                     0.00  2.11e-03         8  2.63e-04  1.52e-04  5.44e-04  cuDeviceGet
                     0.00  1.34e-03         3  4.46e-04  1.38e-04  7.00e-04  cuDeviceGetCount
                     0.00  8.69e-04         4  2.17e-04  1.79e-04  2.84e-04  cuDeviceGetUuid

==16078== Unified Memory profiling result:
Device "Tesla V100-PCIE-32GB (0)"
   Count  Avg Size  Min Size  Max Size  Total Size  Total Time  Name
      27  18.222KB  4.0000KB  112.00KB  492.0000KB    0.105280ms  Host To Device
      18  16.000KB  4.0000KB  64.000KB  288.0000KB    0.046080ms  Device To Host
      49         -         -         -           -    1.417312ms  Gpu page fault groups
       1         -         -         -           -    0.509645ms  Page throttles
      17  4.0000KB  4.0000KB  4.0000KB  68.00000KB           -  Memory thrashes
Total CPU Page faults: 15
Total CPU thrashes: 17
Total CPU throttles: 1
