==18479== NVPROF is profiling process 18479, command: ./bfs_153 ../../../data/bfs/graph4096.txt
==18479== Profiling application: ./bfs_153 ../../../data/bfs/graph4096.txt
==18479== Profiling result:
            Type  Time(%)      Time     Calls       Avg       Min       Max  Name
                        %        ms                  ms        ms        ms
 GPU activities:    53.47  0.747292         8  0.093411  5.86e-03  0.383326  Kernel(Node*, int*, bool*, bool*, bool*, int*, int)
                    46.53  0.650172         8  0.081271  1.34e-03  0.446558  Kernel2(bool*, bool*, bool*, bool*, int)
      API calls:    96.04  268.7043         7  38.38633  5.27e-03  268.6100  cudaMallocManaged
                     1.67  4.676877         4  1.169219  1.139244  1.200818  cuDeviceTotalMem
                     1.54  4.319452       388  0.011132  1.08e-04  1.181271  cuDeviceGetAttribute
                     0.50  1.392998         8  0.174124  5.77e-03  0.476518  cudaDeviceSynchronize
                     0.11  0.299838         4  0.074959  0.067226  0.091426  cuDeviceGetName
                     0.08  0.217920        16  0.013620  5.91e-03  0.043707  cudaLaunchKernel
                     0.03  0.093337         6  0.015556  9.64e-03  0.029545  cudaFree
                     0.02  0.058067         7  8.29e-03  4.56e-04  0.053034  cudaMemAdvise
                     0.00  8.85e-03         4  2.21e-03  1.14e-03  5.03e-03  cuDeviceGetPCIBusId
                     0.00  2.11e-03         8  2.64e-04  1.50e-04  4.94e-04  cuDeviceGet
                     0.00  1.23e-03         3  4.09e-04  1.35e-04  7.07e-04  cuDeviceGetCount
                     0.00  9.23e-04         4  2.30e-04  1.91e-04  2.75e-04  cuDeviceGetUuid

==18479== Unified Memory profiling result:
Device "Tesla V100-PCIE-32GB (0)"
   Count  Avg Size  Min Size  Max Size  Total Size  Total Time  Name
      29  14.345KB  4.0000KB  120.00KB  416.0000KB    0.099456ms  Host To Device
      16  11.500KB  4.0000KB  32.000KB  184.0000KB    0.035552ms  Device To Host
      33         -         -         -           -    1.187744ms  Gpu page fault groups
       1         -         -         -           -    0.382441ms  Page throttles
      17  4.0000KB  4.0000KB  4.0000KB  68.00000KB           -  Memory thrashes
       1  4.0000KB  4.0000KB  4.0000KB  4.000000KB           -  Remote mapping from device
Total CPU Page faults: 15
Total CPU thrashes: 17
Total CPU throttles: 1
Total remote mappings to CPU: 1
