==17583== NVPROF is profiling process 17583, command: ./bfs_141 ../../../data/bfs/graph65536.txt
==17583== Profiling application: ./bfs_141 ../../../data/bfs/graph65536.txt
==17583== Profiling result:
            Type  Time(%)      Time     Calls       Avg       Min       Max  Name
                        %        ms                  ms        ms        ms
 GPU activities:    93.80  39.10456        10  3.910455  3.23e-03  19.50828  Kernel(Node*, int*, bool*, bool*, bool*, int*, int)
                     6.20  2.585428        10  0.258542  1.66e-03  0.578013  Kernel2(bool*, bool*, bool*, bool*, int)
      API calls:    83.86  262.5294         7  37.50420  8.85e-03  262.4138  cudaMallocManaged
                    13.31  41.65922        10  4.165922  5.85e-03  19.95466  cudaDeviceSynchronize
                     1.47  4.592096         4  1.148024  1.124207  1.199725  cuDeviceTotalMem
                     1.08  3.390248       388  8.74e-03  1.11e-04  0.356857  cuDeviceGetAttribute
                     0.09  0.279706         4  0.069926  0.067466  0.074810  cuDeviceGetName
                     0.09  0.275466         6  0.045911  0.010779  0.190708  cudaFree
                     0.09  0.267974        20  0.013398  6.29e-03  0.043644  cudaLaunchKernel
                     0.01  0.033996         7  4.86e-03  4.67e-04  0.028898  cudaMemAdvise
                     0.00  9.39e-03         4  2.35e-03  1.17e-03  5.41e-03  cuDeviceGetPCIBusId
                     0.00  2.35e-03         8  2.93e-04  1.54e-04  6.68e-04  cuDeviceGet
                     0.00  1.29e-03         3  4.29e-04  1.45e-04  6.80e-04  cuDeviceGetCount
                     0.00  7.75e-04         4  1.93e-04  1.75e-04  2.40e-04  cuDeviceGetUuid

==17583== Unified Memory profiling result:
Device "Tesla V100-PCIE-32GB (0)"
   Count  Avg Size  Min Size  Max Size  Total Size  Total Time  Name
     164  28.878KB  4.0000KB  568.00KB  4.625000MB    0.814816ms  Host To Device
      29  77.379KB  4.0000KB  384.00KB  2.191406MB    0.211680ms  Device To Host
     819         -         -         -           -   41.878592ms  Gpu page fault groups
      16  4.0000KB  4.0000KB  4.0000KB  64.00000KB           -  Memory thrashes
Total CPU Page faults: 25
Total CPU thrashes: 16
