==11055== NVPROF is profiling process 11055, command: ./bfs_014 ../../../data/bfs/graph4096.txt
==11055== Profiling application: ./bfs_014 ../../../data/bfs/graph4096.txt
==11055== Profiling result:
            Type  Time(%)      Time     Calls       Avg       Min       Max  Name
                        %        ms                  ms        ms        ms
 GPU activities:    54.59  0.762335         8  0.095291  5.02e-03  0.362879  Kernel(Node*, int*, bool*, bool*, bool*, int*, int)
                    45.41  0.634015         8  0.079251  1.38e-03  0.476576  Kernel2(bool*, bool*, bool*, bool*, int)
      API calls:    96.30  268.9344         7  38.41921  5.75e-03  268.8500  cudaMallocManaged
                     1.71  4.766694         4  1.191673  1.171278  1.216084  cuDeviceTotalMem
                     1.26  3.530706       388  9.10e-03  1.09e-04  0.380042  cuDeviceGetAttribute
                     0.50  1.401482         8  0.175185  6.18e-03  0.485253  cudaDeviceSynchronize
                     0.10  0.292403         4  0.073100  0.071417  0.075624  cuDeviceGetName
                     0.07  0.207372        16  0.012960  5.97e-03  0.043519  cudaLaunchKernel
                     0.03  0.090550         6  0.015091  0.010080  0.036605  cudaFree
                     0.01  0.025509         7  3.64e-03  4.43e-04  0.019391  cudaMemAdvise
                     0.00  8.90e-03         4  2.22e-03  1.13e-03  4.97e-03  cuDeviceGetPCIBusId
                     0.00  2.30e-03         8  2.87e-04  1.46e-04  7.10e-04  cuDeviceGet
                     0.00  1.24e-03         3  4.14e-04  1.21e-04  6.52e-04  cuDeviceGetCount
                     0.00  8.62e-04         4  2.15e-04  2.06e-04  2.27e-04  cuDeviceGetUuid

==11055== Unified Memory profiling result:
Device "Tesla V100-PCIE-32GB (0)"
   Count  Avg Size  Min Size  Max Size  Total Size  Total Time  Name
      26  15.384KB  4.0000KB  64.000KB  400.0000KB    0.106240ms  Host To Device
      16  12.250KB  4.0000KB  32.000KB  196.0000KB    0.036448ms  Device To Host
      41         -         -         -           -    1.319168ms  Gpu page fault groups
       1         -         -         -           -    0.429736ms  Page throttles
      17  4.0000KB  4.0000KB  4.0000KB  68.00000KB           -  Memory thrashes
       4  8.0000KB  4.0000KB  16.000KB  32.00000KB           -  Remote mapping from device
Total CPU Page faults: 15
Total CPU thrashes: 17
Total CPU throttles: 1
Total remote mappings to CPU: 4
