==19405== NVPROF is profiling process 19405, command: ./bfs_165 ../../../data/bfs/graph4096.txt
==19405== Profiling application: ./bfs_165 ../../../data/bfs/graph4096.txt
==19405== Profiling result:
            Type  Time(%)      Time     Calls       Avg       Min       Max  Name
                        %        ms                  ms        ms        ms
 GPU activities:    63.21  0.843262         8  0.105407  1.34e-03  0.460926  Kernel2(bool*, bool*, bool*, bool*, int)
                    36.79  0.490814         8  0.061351  2.14e-03  0.370014  Kernel(Node*, int*, bool*, bool*, bool*, int*, int)
      API calls:    96.32  264.5042         7  37.78632  6.35e-03  264.4083  cudaMallocManaged
                     1.71  4.691864         4  1.172966  1.150349  1.235393  cuDeviceTotalMem
                     1.24  3.406052       388  8.78e-03  1.09e-04  0.376024  cuDeviceGetAttribute
                     0.48  1.311728         8  0.163966  5.64e-03  0.465298  cudaDeviceSynchronize
                     0.11  0.288486         4  0.072121  0.067912  0.081842  cuDeviceGetName
                     0.07  0.190937        16  0.011933  5.83e-03  0.045233  cudaLaunchKernel
                     0.06  0.178106         6  0.029684  0.010413  0.077580  cudaFree
                     0.01  0.028123         7  4.02e-03  4.72e-04  0.023123  cudaMemAdvise
                     0.00  9.50e-03         4  2.38e-03  1.14e-03  4.92e-03  cuDeviceGetPCIBusId
                     0.00  2.92e-03         8  3.65e-04  1.64e-04  7.34e-04  cuDeviceGet
                     0.00  1.49e-03         3  4.97e-04  2.15e-04  7.20e-04  cuDeviceGetCount
                     0.00  7.18e-04         4  1.79e-04  1.65e-04  2.00e-04  cuDeviceGetUuid

==19405== Unified Memory profiling result:
Device "Tesla V100-PCIE-32GB (0)"
   Count  Avg Size  Min Size  Max Size  Total Size  Total Time  Name
      24  11.666KB  4.0000KB  32.000KB  280.0000KB    0.078880ms  Host To Device
      11  9.8174KB  4.0000KB  32.000KB  108.0000KB    0.022528ms  Device To Host
      40         -         -         -           -    1.283616ms  Gpu page fault groups
       1         -         -         -           -    0.417991ms  Page throttles
      10  4.0000KB  4.0000KB  4.0000KB  40.00000KB           -  Memory thrashes
Total CPU Page faults: 12
Total CPU thrashes: 10
Total CPU throttles: 1
