==14495== NVPROF is profiling process 14495, command: ./bfs_064 ../../../data/bfs/graph65536.txt
==14495== Profiling application: ./bfs_064 ../../../data/bfs/graph65536.txt
==14495== Profiling result:
            Type  Time(%)      Time     Calls       Avg       Min       Max  Name
                        %        ms                  ms        ms        ms
 GPU activities:    66.11  2.415285        10  0.241528  2.27e-03  0.816860  Kernel(Node*, int*, bool*, bool*, bool*, int*, int)
                    33.89  1.237946        10  0.123794  1.54e-03  0.512958  Kernel2(bool*, bool*, bool*, bool*, int)
      API calls:    95.54  265.0512         7  37.86445  4.29e-03  264.9790  cudaMallocManaged
                     1.67  4.624678         4  1.156169  1.140552  1.186351  cuDeviceTotalMem
                     1.32  3.656135        10  0.365613  5.78e-03  0.882866  cudaDeviceSynchronize
                     1.21  3.347344       388  8.63e-03  1.08e-04  0.364438  cuDeviceGetAttribute
                     0.10  0.285106         4  0.071276  0.067442  0.079577  cuDeviceGetName
                     0.09  0.240088        20  0.012004  5.73e-03  0.044330  cudaLaunchKernel
                     0.07  0.184793         6  0.030798  8.82e-03  0.105243  cudaFree
                     0.01  0.029602         7  4.23e-03  4.50e-04  0.022840  cudaMemAdvise
                     0.00  8.78e-03         4  2.19e-03  1.15e-03  4.72e-03  cuDeviceGetPCIBusId
                     0.00  2.15e-03         8  2.68e-04  1.58e-04  5.83e-04  cuDeviceGet
                     0.00  1.27e-03         3  4.24e-04  1.41e-04  6.74e-04  cuDeviceGetCount
                     0.00  8.84e-04         4  2.21e-04  1.84e-04  2.80e-04  cuDeviceGetUuid

==14495== Unified Memory profiling result:
Device "Tesla V100-PCIE-32GB (0)"
   Count  Avg Size  Min Size  Max Size  Total Size  Total Time  Name
     119  23.831KB  4.0000KB  256.00KB  2.769531MB    0.521248ms  Host To Device
      12  18.000KB  4.0000KB  60.000KB  216.0000KB    0.032064ms  Device To Host
      37         -         -         -           -    3.045760ms  Gpu page fault groups
       1         -         -         -           -    0.398451ms  Page throttles
      17  4.0000KB  4.0000KB  4.0000KB  68.00000KB           -  Memory thrashes
      55  4.6543KB  4.0000KB  8.0000KB  256.0000KB           -  Remote mapping from device
Total CPU Page faults: 23
Total CPU thrashes: 17
Total CPU throttles: 1
Total remote mappings to CPU: 55
