==18178== NVPROF is profiling process 18178, command: ./bfs_150 ../../../data/bfs/graph65536.txt
==18178== Profiling application: ./bfs_150 ../../../data/bfs/graph65536.txt
==18178== Profiling result:
            Type  Time(%)      Time     Calls       Avg       Min       Max  Name
                        %        ms                  ms        ms        ms
 GPU activities:    60.69  1.936246        10  0.193624  2.27e-03  0.788028  Kernel(Node*, int*, bool*, bool*, bool*, int*, int)
                    39.31  1.254074        10  0.125407  1.54e-03  0.648445  Kernel2(bool*, bool*, bool*, bool*, int)
      API calls:    95.68  267.4677         7  38.20967  8.86e-03  267.3565  cudaMallocManaged
                     1.67  4.656354         4  1.164088  1.144062  1.210159  cuDeviceTotalMem
                     1.19  3.330657       388  8.58e-03  1.10e-04  0.356613  cuDeviceGetAttribute
                     1.14  3.177935        10  0.317793  5.91e-03  0.882359  cudaDeviceSynchronize
                     0.13  0.356344         6  0.059390  0.017010  0.179560  cudaFree
                     0.10  0.286554         4  0.071638  0.067729  0.075835  cuDeviceGetName
                     0.08  0.236261        20  0.011813  5.70e-03  0.043378  cudaLaunchKernel
                     0.00  0.010554         6  1.76e-03  4.78e-04  7.71e-03  cudaMemAdvise
                     0.00  9.31e-03         4  2.33e-03  1.17e-03  5.47e-03  cuDeviceGetPCIBusId
                     0.00  2.17e-03         8  2.71e-04  1.54e-04  5.91e-04  cuDeviceGet
                     0.00  1.33e-03         3  4.42e-04  1.34e-04  7.16e-04  cuDeviceGetCount
                     0.00  7.61e-04         4  1.90e-04  1.62e-04  2.42e-04  cuDeviceGetUuid

==18178== Unified Memory profiling result:
Device "Tesla V100-PCIE-32GB (0)"
   Count  Avg Size  Min Size  Max Size  Total Size  Total Time  Name
     171  27.813KB  4.0000KB  524.00KB  4.644531MB    0.822944ms  Host To Device
      25  80.159KB  4.0000KB  384.00KB  1.957031MB    0.191776ms  Device To Host
      31         -         -         -           -    3.084032ms  Gpu page fault groups
       1         -         -         -           -    0.554799ms  Page throttles
      17  4.0000KB  4.0000KB  4.0000KB  68.00000KB           -  Memory thrashes
Total CPU Page faults: 26
Total CPU thrashes: 17
Total CPU throttles: 1
