==13587== NVPROF is profiling process 13587, command: ./bfs_052 ../../../data/bfs/graph65536.txt
==13587== Profiling application: ./bfs_052 ../../../data/bfs/graph65536.txt
==13587== Profiling result:
            Type  Time(%)      Time     Calls       Avg       Min       Max  Name
                        %        ms                  ms        ms        ms
 GPU activities:    62.47  2.029686        10  0.202968  2.27e-03  0.892700  Kernel(Node*, int*, bool*, bool*, bool*, int*, int)
                    37.53  1.219291        10  0.121929  1.54e-03  0.622557  Kernel2(bool*, bool*, bool*, bool*, int)
      API calls:    95.36  267.4303         7  38.20433  9.37e-03  267.3238  cudaMallocManaged
                     1.65  4.622251         4  1.155562  1.142872  1.183259  cuDeviceTotalMem
                     1.55  4.340870       388  0.011187  1.09e-04  1.300885  cuDeviceGetAttribute
                     1.15  3.229803        10  0.322980  5.64e-03  0.961084  cudaDeviceSynchronize
                     0.10  0.281835         4  0.070458  0.067380  0.073001  cuDeviceGetName
                     0.09  0.252561        20  0.012628  5.89e-03  0.043673  cudaLaunchKernel
                     0.09  0.241270         6  0.040211  9.45e-03  0.159903  cudaFree
                     0.01  0.029739         7  4.25e-03  4.74e-04  0.023117  cudaMemAdvise
                     0.00  9.23e-03         4  2.31e-03  1.15e-03  5.15e-03  cuDeviceGetPCIBusId
                     0.00  2.29e-03         8  2.86e-04  1.30e-04  6.22e-04  cuDeviceGet
                     0.00  1.24e-03         3  4.13e-04  1.39e-04  7.08e-04  cuDeviceGetCount
                     0.00  9.51e-04         4  2.37e-04  2.08e-04  2.81e-04  cuDeviceGetUuid

==13587== Unified Memory profiling result:
Device "Tesla V100-PCIE-32GB (0)"
   Count  Avg Size  Min Size  Max Size  Total Size  Total Time  Name
     169  26.248KB  4.0000KB  524.00KB  4.332031MB    0.792096ms  Host To Device
      25  80.159KB  4.0000KB  384.00KB  1.957031MB    0.189248ms  Device To Host
      30         -         -         -           -    3.145216ms  Gpu page fault groups
       1         -         -         -           -    0.524371ms  Page throttles
      17  4.0000KB  4.0000KB  4.0000KB  68.00000KB           -  Memory thrashes
Total CPU Page faults: 26
Total CPU thrashes: 17
Total CPU throttles: 1
