==17772== NVPROF is profiling process 17772, command: ./bfs_143 ../../../data/bfs/graph4096.txt
==17772== Profiling application: ./bfs_143 ../../../data/bfs/graph4096.txt
==17772== Profiling result:
            Type  Time(%)      Time     Calls       Avg       Min       Max  Name
                        %        ms                  ms        ms        ms
 GPU activities:    50.71  0.672189         8  0.084023  4.61e-03  0.476926  Kernel2(bool*, bool*, bool*, bool*, int)
                    49.29  0.653341         8  0.081667  2.18e-03  0.386399  Kernel(Node*, int*, bool*, bool*, bool*, int*, int)
      API calls:    96.03  265.1213         7  37.87447  4.02e-03  265.0701  cudaMallocManaged
                     1.67  4.602858         4  1.150714  1.143628  1.155939  cuDeviceTotalMem
                     1.57  4.321991       388  0.011139  1.09e-04  0.910816  cuDeviceGetAttribute
                     0.48  1.337199         8  0.167149  8.75e-03  0.505305  cudaDeviceSynchronize
                     0.10  0.285388         4  0.071347  0.067612  0.079440  cuDeviceGetName
                     0.07  0.200883        16  0.012555  6.38e-03  0.043264  cudaLaunchKernel
                     0.05  0.145857         6  0.024309  9.22e-03  0.066017  cudaFree
                     0.02  0.056572         7  8.08e-03  4.40e-04  0.051589  cudaMemAdvise
                     0.00  8.54e-03         4  2.13e-03  1.10e-03  4.73e-03  cuDeviceGetPCIBusId
                     0.00  2.43e-03         8  3.03e-04  1.54e-04  6.40e-04  cuDeviceGet
                     0.00  1.19e-03         3  3.96e-04  1.19e-04  6.81e-04  cuDeviceGetCount
                     0.00  7.92e-04         4  1.98e-04  1.70e-04  2.48e-04  cuDeviceGetUuid

==17772== Unified Memory profiling result:
Device "Tesla V100-PCIE-32GB (0)"
   Count  Avg Size  Min Size  Max Size  Total Size  Total Time  Name
      29  14.482KB  4.0000KB  120.00KB  420.0000KB    0.102848ms  Host To Device
      16  11.750KB  4.0000KB  32.000KB  188.0000KB    0.036096ms  Device To Host
      39         -         -         -           -    1.213600ms  Gpu page fault groups
       1         -         -         -           -    0.414663ms  Page throttles
      17  4.0000KB  4.0000KB  4.0000KB  68.00000KB           -  Memory thrashes
       1  4.0000KB  4.0000KB  4.0000KB  4.000000KB           -  Remote mapping from device
Total CPU Page faults: 15
Total CPU thrashes: 17
Total CPU throttles: 1
Total remote mappings to CPU: 1
