==15886== NVPROF is profiling process 15886, command: ./bfs_114 ../../../data/bfs/graph65536.txt
==15886== Profiling application: ./bfs_114 ../../../data/bfs/graph65536.txt
==15886== Profiling result:
            Type  Time(%)      Time     Calls       Avg       Min       Max  Name
                        %        ms                  ms        ms        ms
 GPU activities:    66.83  2.263221        10  0.226322  6.66e-03  0.842044  Kernel(Node*, int*, bool*, bool*, bool*, int*, int)
                    33.17  1.123131        10  0.112313  1.54e-03  0.444798  Kernel2(bool*, bool*, bool*, bool*, int)
      API calls:    95.27  265.2785         7  37.89692  4.24e-03  265.2048  cudaMallocManaged
                     1.66  4.612086         4  1.153021  1.128883  1.172682  cuDeviceTotalMem
                     1.54  4.278430       388  0.011026  1.09e-04  1.224969  cuDeviceGetAttribute
                     1.21  3.382819        10  0.338281  6.19e-03  0.933524  cudaDeviceSynchronize
                     0.11  0.319601         6  0.053266  9.22e-03  0.170060  cudaFree
                     0.10  0.285451         4  0.071362  0.067879  0.074957  cuDeviceGetName
                     0.08  0.236135        20  0.011806  5.78e-03  0.043439  cudaLaunchKernel
                     0.01  0.028161         7  4.02e-03  4.96e-04  0.021576  cudaMemAdvise
                     0.00  9.03e-03         4  2.26e-03  1.20e-03  4.99e-03  cuDeviceGetPCIBusId
                     0.00  2.44e-03         8  3.05e-04  1.62e-04  7.09e-04  cuDeviceGet
                     0.00  1.22e-03         3  4.07e-04  1.47e-04  7.00e-04  cuDeviceGetCount
                     0.00  8.22e-04         4  2.05e-04  1.73e-04  2.61e-04  cuDeviceGetUuid

==15886== Unified Memory profiling result:
Device "Tesla V100-PCIE-32GB (0)"
   Count  Avg Size  Min Size  Max Size  Total Size  Total Time  Name
     133  30.436KB  4.0000KB  536.00KB  3.953125MB    0.665440ms  Host To Device
      25  80.159KB  4.0000KB  384.00KB  1.957031MB    0.189408ms  Device To Host
      28         -         -         -           -    3.194176ms  Gpu page fault groups
       1         -         -         -           -    0.332768ms  Page throttles
      17  4.0000KB  4.0000KB  4.0000KB  68.00000KB           -  Memory thrashes
      92  5.5645KB  4.0000KB  24.000KB  512.0000KB           -  Remote mapping from device
Total CPU Page faults: 26
Total CPU thrashes: 17
Total CPU throttles: 1
Total remote mappings to CPU: 92
