==16191== NVPROF is profiling process 16191, command: ./bfs_121 ../../../data/bfs/graph4096.txt
==16191== Profiling application: ./bfs_121 ../../../data/bfs/graph4096.txt
==16191== Profiling result:
            Type  Time(%)      Time     Calls       Avg       Min       Max  Name
                        %        ms                  ms        ms        ms
 GPU activities:    50.93  0.626878         8  0.078359  1.38e-03  0.470974  Kernel2(bool*, bool*, bool*, bool*, int)
                    49.07  0.604029         8  0.075503  2.18e-03  0.394814  Kernel(Node*, int*, bool*, bool*, bool*, int*, int)
      API calls:    96.42  268.1423         7  38.30604  4.19e-03  268.0921  cudaMallocManaged
                     1.63  4.546470         4  1.136617  1.130987  1.143126  cuDeviceTotalMem
                     1.24  3.441038       388  8.87e-03  1.11e-04  0.367810  cuDeviceGetAttribute
                     0.44  1.224187         8  0.153023  6.02e-03  0.476522  cudaDeviceSynchronize
                     0.11  0.302177         4  0.075544  0.069732  0.082773  cuDeviceGetName
                     0.07  0.207975         6  0.034662  9.93e-03  0.090875  cudaFree
                     0.07  0.192804        16  0.012050  5.84e-03  0.041661  cudaLaunchKernel
                     0.01  0.034854         7  4.98e-03  4.57e-04  0.029831  cudaMemAdvise
                     0.00  0.011164         4  2.79e-03  1.33e-03  5.27e-03  cuDeviceGetPCIBusId
                     0.00  2.96e-03         8  3.70e-04  2.40e-04  7.48e-04  cuDeviceGet
                     0.00  1.21e-03         3  4.03e-04  1.23e-04  7.28e-04  cuDeviceGetCount
                     0.00  1.11e-03         4  2.76e-04  2.17e-04  4.30e-04  cuDeviceGetUuid

==16191== Unified Memory profiling result:
Device "Tesla V100-PCIE-32GB (0)"
   Count  Avg Size  Min Size  Max Size  Total Size  Total Time  Name
      26  12.000KB  4.0000KB  48.000KB  312.0000KB    0.088608ms  Host To Device
      15  9.3330KB  4.0000KB  32.000KB  140.0000KB    0.030464ms  Device To Host
      37         -         -         -           -    1.178784ms  Gpu page fault groups
       1         -         -         -           -    0.407824ms  Page throttles
      14  4.0000KB  4.0000KB  4.0000KB  56.00000KB           -  Memory thrashes
Total CPU Page faults: 15
Total CPU thrashes: 14
Total CPU throttles: 1
