==18974== NVPROF is profiling process 18974, command: ./bfs_161 ../../../data/bfs/graph65536.txt
==18974== Profiling application: ./bfs_161 ../../../data/bfs/graph65536.txt
==18974== Profiling result:
            Type  Time(%)      Time     Calls       Avg       Min       Max  Name
                        %        ms                  ms        ms        ms
 GPU activities:    98.95  55.16160        10  5.516159  2.66e-03  25.81769  Kernel(Node*, int*, bool*, bool*, bool*, int*, int)
                     1.05  0.586813        10  0.058681  1.54e-03  0.093631  Kernel2(bool*, bool*, bool*, bool*, int)
      API calls:    80.38  265.1213         7  37.87447  4.33e-03  265.0496  cudaMallocManaged
                    16.90  55.73422        10  5.573422  6.30e-03  25.87123  cudaDeviceSynchronize
                     1.40  4.625923         4  1.156480  1.142785  1.169833  cuDeviceTotalMem
                     1.03  3.401667       388  8.77e-03  1.07e-04  0.358190  cuDeviceGetAttribute
                     0.10  0.314318         6  0.052386  0.023574  0.133230  cudaFree
                     0.09  0.294637         4  0.073659  0.067951  0.084088  cuDeviceGetName
                     0.08  0.268118        20  0.013405  5.69e-03  0.042783  cudaLaunchKernel
                     0.01  0.041191         7  5.88e-03  5.34e-04  0.035466  cudaMemAdvise
                     0.00  9.03e-03         4  2.26e-03  1.21e-03  5.25e-03  cuDeviceGetPCIBusId
                     0.00  2.04e-03         8  2.54e-04  1.72e-04  5.66e-04  cuDeviceGet
                     0.00  1.33e-03         3  4.43e-04  1.30e-04  6.90e-04  cuDeviceGetCount
                     0.00  8.14e-04         4  2.03e-04  1.68e-04  2.72e-04  cuDeviceGetUuid

==18974== Unified Memory profiling result:
Device "Tesla V100-PCIE-32GB (0)"
   Count  Avg Size  Min Size  Max Size  Total Size  Total Time  Name
     132  23.424KB  4.0000KB  256.00KB  3.019531MB    0.578816ms  Host To Device
      19  28.000KB  4.0000KB  124.00KB  532.0000KB    0.069120ms  Device To Host
     755         -         -         -           -   55.336128ms  Gpu page fault groups
      17  4.0000KB  4.0000KB  4.0000KB  68.00000KB           -  Memory thrashes
Total CPU Page faults: 26
Total CPU thrashes: 17
Total CPU throttles: 1
