==10442== NVPROF is profiling process 10442, command: ./bfs_005 ../../../data/bfs/graph1MW_6.txt
==10442== Profiling application: ./bfs_005 ../../../data/bfs/graph1MW_6.txt
==10442== Profiling result:
            Type  Time(%)      Time     Calls       Avg       Min       Max  Name
                        %        ms                  ms        ms        ms
 GPU activities:    96.22  11.82372        12  0.985310  7.33e-03  3.189265  Kernel(Node*, int*, bool*, bool*, bool*, int*, int)
                     3.78  0.464156        12  0.038679  5.86e-03  0.083039  Kernel2(bool*, bool*, bool*, bool*, int)
      API calls:    91.92  272.6860         7  38.95515  0.012782  272.2938  cudaMallocManaged
                     4.14  12.27898        12  1.023247  0.075748  3.199721  cudaDeviceSynchronize
                     1.60  4.757162         4  1.189290  1.154241  1.218895  cuDeviceTotalMem
                     1.17  3.471537       388  8.95e-03  1.09e-04  0.373494  cuDeviceGetAttribute
                     0.93  2.768881         6  0.461480  0.010831  1.599524  cudaFree
                     0.13  0.386749        24  0.016114  5.60e-03  0.104675  cudaLaunchKernel
                     0.10  0.292565         4  0.073141  0.067806  0.078799  cuDeviceGetName
                     0.00  0.011546         6  1.92e-03  5.45e-04  7.92e-03  cudaMemAdvise
                     0.00  9.58e-03         4  2.40e-03  1.18e-03  4.70e-03  cuDeviceGetPCIBusId
                     0.00  2.36e-03         8  2.95e-04  1.52e-04  6.47e-04  cuDeviceGet
                     0.00  1.17e-03         3  3.91e-04  1.25e-04  6.83e-04  cuDeviceGetCount
                     0.00  8.34e-04         4  2.08e-04  1.73e-04  2.72e-04  cuDeviceGetUuid

==10442== Unified Memory profiling result:
Device "Tesla V100-PCIE-32GB (0)"
   Count  Avg Size  Min Size  Max Size  Total Size  Total Time  Name
    1096  35.255KB  4.0000KB  760.00KB  37.73438MB    6.022016ms  Host To Device
      48  89.916KB  4.0000KB  0.9961MB  4.214844MB    0.404800ms  Device To Host
      58         -         -         -           -   11.496160ms  Gpu page fault groups
       1         -         -         -           -    0.334267ms  Page throttles
      17  4.0000KB  4.0000KB  4.0000KB  68.00000KB           -  Memory thrashes
Total CPU Page faults: 147
Total CPU thrashes: 17
Total CPU throttles: 1
