==16263== NVPROF is profiling process 16263, command: ./bfs_122 ../../../data/bfs/graph1MW_6.txt
==16263== Profiling application: ./bfs_122 ../../../data/bfs/graph1MW_6.txt
==16263== Profiling result:
            Type  Time(%)      Time     Calls       Avg       Min       Max  Name
                        %        ms                  ms        ms        ms
 GPU activities:    95.78  11.71023        12  0.975852  7.26e-03  3.263595  Kernel(Node*, int*, bool*, bool*, bool*, int*, int)
                     4.22  0.515582        12  0.042965  5.95e-03  0.110079  Kernel2(bool*, bool*, bool*, bool*, int)
      API calls:    91.51  265.5812         7  37.94017  0.012915  265.0928  cudaMallocManaged
                     4.21  12.22773        12  1.018977  0.079240  3.273176  cudaDeviceSynchronize
                     1.62  4.713659         4  1.178414  1.148114  1.264676  cuDeviceTotalMem
                     1.44  4.187554       388  0.010792  1.08e-04  1.160419  cuDeviceGetAttribute
                     0.91  2.637457         6  0.439576  0.012948  1.512681  cudaFree
                     0.15  0.422735        24  0.017613  5.79e-03  0.159571  cudaLaunchKernel
                     0.10  0.300864         4  0.075216  0.067722  0.081719  cuDeviceGetName
                     0.05  0.147529         7  0.021075  5.11e-04  0.140964  cudaMemAdvise
                     0.00  9.02e-03         4  2.26e-03  1.14e-03  5.14e-03  cuDeviceGetPCIBusId
                     0.00  2.55e-03         8  3.19e-04  1.47e-04  6.41e-04  cuDeviceGet
                     0.00  1.20e-03         3  4.00e-04  1.17e-04  6.63e-04  cuDeviceGetCount
                     0.00  8.28e-04         4  2.07e-04  1.72e-04  2.45e-04  cuDeviceGetUuid

==16263== Unified Memory profiling result:
Device "Tesla V100-PCIE-32GB (0)"
   Count  Avg Size  Min Size  Max Size  Total Size  Total Time  Name
    1117  34.592KB  4.0000KB  760.00KB  37.73438MB    6.239616ms  Host To Device
      48  89.916KB  4.0000KB  0.9961MB  4.214844MB    0.406464ms  Device To Host
      64         -         -         -           -   13.287488ms  Gpu page fault groups
       1         -         -         -           -    0.366034ms  Page throttles
      17  4.0000KB  4.0000KB  4.0000KB  68.00000KB           -  Memory thrashes
Total CPU Page faults: 147
Total CPU thrashes: 17
Total CPU throttles: 1
