==12299== NVPROF is profiling process 12299, command: ./bfs_033 ../../../data/bfs/graph4096.txt
==12299== Profiling application: ./bfs_033 ../../../data/bfs/graph4096.txt
==12299== Profiling result:
            Type  Time(%)      Time     Calls       Avg       Min       Max  Name
                        %        ms                  ms        ms        ms
 GPU activities:    51.77  0.684348         8  0.085543  5.09e-03  0.379358  Kernel(Node*, int*, bool*, bool*, bool*, int*, int)
                    48.23  0.637534         8  0.079691  1.38e-03  0.458654  Kernel2(bool*, bool*, bool*, bool*, int)
      API calls:    96.38  266.9915         7  38.14164  5.54e-03  266.9077  cudaMallocManaged
                     1.68  4.653052         4  1.163263  1.146877  1.199015  cuDeviceTotalMem
                     1.21  3.356367       388  8.65e-03  1.06e-04  0.350840  cuDeviceGetAttribute
                     0.44  1.205526         8  0.150690  5.88e-03  0.466992  cudaDeviceSynchronize
                     0.11  0.307738        16  0.019233  5.96e-03  0.055753  cudaLaunchKernel
                     0.10  0.284231         4  0.071057  0.069778  0.072341  cuDeviceGetName
                     0.05  0.133903         6  0.022317  9.03e-03  0.065480  cudaFree
                     0.02  0.057812         7  8.26e-03  4.39e-04  0.052794  cudaMemAdvise
                     0.01  0.025178         4  6.29e-03  1.62e-03  0.014996  cuDeviceGetPCIBusId
                     0.00  2.32e-03         8  2.89e-04  1.52e-04  6.94e-04  cuDeviceGet
                     0.00  1.19e-03         3  3.96e-04  1.21e-04  7.37e-04  cuDeviceGetCount
                     0.00  8.33e-04         4  2.08e-04  1.82e-04  2.47e-04  cuDeviceGetUuid

==12299== Unified Memory profiling result:
Device "Tesla V100-PCIE-32GB (0)"
   Count  Avg Size  Min Size  Max Size  Total Size  Total Time  Name
      29  14.620KB  4.0000KB  120.00KB  424.0000KB    0.103776ms  Host To Device
      16  12.000KB  4.0000KB  32.000KB  192.0000KB    0.036352ms  Device To Host
      34         -         -         -           -    1.224768ms  Gpu page fault groups
       1         -         -         -           -    0.406502ms  Page throttles
      17  4.0000KB  4.0000KB  4.0000KB  68.00000KB           -  Memory thrashes
       1  4.0000KB  4.0000KB  4.0000KB  4.000000KB           -  Remote mapping from device
Total CPU Page faults: 15
Total CPU thrashes: 17
Total CPU throttles: 1
Total remote mappings to CPU: 1
