==12675== NVPROF is profiling process 12675, command: ./bfs_040 ../../../data/bfs/graph65536.txt
==12675== Profiling application: ./bfs_040 ../../../data/bfs/graph65536.txt
==12675== Profiling result:
            Type  Time(%)      Time     Calls       Avg       Min       Max  Name
                        %        ms                  ms        ms        ms
 GPU activities:    65.00  2.178359        10  0.217835  2.27e-03  1.042843  Kernel(Node*, int*, bool*, bool*, bool*, int*, int)
                    35.00  1.173115        10  0.117311  1.57e-03  0.608446  Kernel2(bool*, bool*, bool*, bool*, int)
      API calls:    95.74  272.9493         7  38.99275  8.82e-03  272.8445  cudaMallocManaged
                     1.63  4.637777         4  1.159444  1.153733  1.167449  cuDeviceTotalMem
                     1.18  3.377323       388  8.70e-03  1.11e-04  0.355520  cuDeviceGetAttribute
                     1.14  3.258034        10  0.325803  6.20e-03  1.068698  cudaDeviceSynchronize
                     0.12  0.337017        20  0.016850  5.99e-03  0.046893  cudaLaunchKernel
                     0.10  0.286822         4  0.071705  0.070040  0.074314  cuDeviceGetName
                     0.08  0.219591         6  0.036598  8.64e-03  0.127164  cudaFree
                     0.00  0.010626         6  1.77e-03  4.87e-04  7.88e-03  cudaMemAdvise
                     0.00  8.90e-03         4  2.22e-03  1.15e-03  5.07e-03  cuDeviceGetPCIBusId
                     0.00  2.18e-03         8  2.72e-04  1.55e-04  5.06e-04  cuDeviceGet
                     0.00  1.06e-03         3  3.54e-04  1.04e-04  6.86e-04  cuDeviceGetCount
                     0.00  8.38e-04         4  2.09e-04  1.87e-04  2.39e-04  cuDeviceGetUuid

==12675== Unified Memory profiling result:
Device "Tesla V100-PCIE-32GB (0)"
   Count  Avg Size  Min Size  Max Size  Total Size  Total Time  Name
     170  27.976KB  4.0000KB  524.00KB  4.644531MB    0.836000ms  Host To Device
      25  80.159KB  4.0000KB  384.00KB  1.957031MB    0.186816ms  Device To Host
      32         -         -         -           -    3.245888ms  Gpu page fault groups
       1         -         -         -           -    0.523982ms  Page throttles
      17  4.0000KB  4.0000KB  4.0000KB  68.00000KB           -  Memory thrashes
Total CPU Page faults: 26
Total CPU thrashes: 17
Total CPU throttles: 1
