==16943== NVPROF is profiling process 16943, command: ./bfs_132 ../../../data/bfs/graph1MW_6.txt
==16943== Profiling application: ./bfs_132 ../../../data/bfs/graph1MW_6.txt
==16943== Profiling result:
            Type  Time(%)      Time     Calls       Avg       Min       Max  Name
                        %        ms                  ms        ms        ms
 GPU activities:    89.66  11.88310        12  0.990257  6.66e-03  3.427274  Kernel(Node*, int*, bool*, bool*, bool*, int*, int)
                    10.34  1.370358        12  0.114196  9.15e-03  0.540988  Kernel2(bool*, bool*, bool*, bool*, int)
      API calls:    91.41  264.9913         7  37.85590  9.14e-03  264.5795  cudaMallocManaged
                     4.57  13.24721        12  1.103934  0.076117  3.436987  cudaDeviceSynchronize
                     1.58  4.582867         4  1.145716  1.141279  1.150395  cuDeviceTotalMem
                     1.18  3.411339       388  8.79e-03  1.09e-04  0.378140  cuDeviceGetAttribute
                     0.99  2.882053         6  0.480342  0.011278  1.559921  cudaFree
                     0.15  0.432218        24  0.018009  5.54e-03  0.150369  cudaLaunchKernel
                     0.10  0.279911         4  0.069977  0.067509  0.072521  cuDeviceGetName
                     0.02  0.051625         7  7.37e-03  5.38e-04  0.042536  cudaMemAdvise
                     0.00  8.71e-03         4  2.18e-03  1.19e-03  4.79e-03  cuDeviceGetPCIBusId
                     0.00  2.01e-03         8  2.50e-04  1.31e-04  5.48e-04  cuDeviceGet
                     0.00  1.19e-03         3  3.98e-04  1.26e-04  6.92e-04  cuDeviceGetCount
                     0.00  8.74e-04         4  2.18e-04  1.87e-04  2.55e-04  cuDeviceGetUuid

==16943== Unified Memory profiling result:
Device "Tesla V100-PCIE-32GB (0)"
   Count  Avg Size  Min Size  Max Size  Total Size  Total Time  Name
    1149  33.605KB  4.0000KB  512.00KB  37.70703MB    6.167808ms  Host To Device
      48  89.916KB  4.0000KB  0.9961MB  4.214844MB    0.400064ms  Device To Host
      71         -         -         -           -   13.564800ms  Gpu page fault groups
       1         -         -         -           -    0.393379ms  Page throttles
      17  4.0000KB  4.0000KB  4.0000KB  68.00000KB           -  Memory thrashes
Total CPU Page faults: 147
Total CPU thrashes: 17
Total CPU throttles: 1
