==10710== NVPROF is profiling process 10710, command: ./bfs_011 ../../../data/bfs/graph4096.txt
==10710== Profiling application: ./bfs_011 ../../../data/bfs/graph4096.txt
==10710== Profiling result:
            Type  Time(%)      Time     Calls       Avg       Min       Max  Name
                        %        ms                  ms        ms        ms
 GPU activities:    50.15  0.646974         8  0.080871  2.18e-03  0.359839  Kernel(Node*, int*, bool*, bool*, bool*, int*, int)
                    49.85  0.643007         8  0.080375  1.38e-03  0.461855  Kernel2(bool*, bool*, bool*, bool*, int)
      API calls:    96.13  268.3781         7  38.33973  4.26e-03  268.3077  cudaMallocManaged
                     1.66  4.641482         4  1.160370  1.147332  1.193252  cuDeviceTotalMem
                     1.53  4.280502       388  0.011032  1.10e-04  1.260539  cuDeviceGetAttribute
                     0.46  1.294688         8  0.161836  8.51e-03  0.466819  cudaDeviceSynchronize
                     0.10  0.282653         4  0.070663  0.067332  0.075199  cuDeviceGetName
                     0.07  0.188771        16  0.011798  5.60e-03  0.042053  cudaLaunchKernel
                     0.03  0.083742         6  0.013957  9.05e-03  0.035733  cudaFree
                     0.01  0.031443         7  4.49e-03  4.80e-04  0.026343  cudaMemAdvise
                     0.00  8.77e-03         4  2.19e-03  1.13e-03  4.97e-03  cuDeviceGetPCIBusId
                     0.00  2.07e-03         8  2.58e-04  1.53e-04  5.95e-04  cuDeviceGet
                     0.00  1.36e-03         3  4.52e-04  1.15e-04  7.01e-04  cuDeviceGetCount
                     0.00  7.93e-04         4  1.98e-04  1.68e-04  2.49e-04  cuDeviceGetUuid

==10710== Unified Memory profiling result:
Device "Tesla V100-PCIE-32GB (0)"
   Count  Avg Size  Min Size  Max Size  Total Size  Total Time  Name
      28  15.428KB  4.0000KB  112.00KB  432.0000KB    0.099648ms  Host To Device
      16  12.250KB  4.0000KB  32.000KB  196.0000KB    0.036384ms  Device To Host
      37         -         -         -           -    1.238336ms  Gpu page fault groups
       1         -         -         -           -    0.414732ms  Page throttles
      17  4.0000KB  4.0000KB  4.0000KB  68.00000KB           -  Memory thrashes
Total CPU Page faults: 15
Total CPU thrashes: 17
Total CPU throttles: 1
