==13363== NVPROF is profiling process 13363, command: ./bfs_050 ../../../data/bfs/graph65536.txt
==13363== Profiling application: ./bfs_050 ../../../data/bfs/graph65536.txt
==13363== Profiling result:
            Type  Time(%)      Time     Calls       Avg       Min       Max  Name
                        %        ms                  ms        ms        ms
 GPU activities:    61.76  2.026456        10  0.202645  2.27e-03  0.855100  Kernel(Node*, int*, bool*, bool*, bool*, int*, int)
                    38.24  1.254685        10  0.125468  1.57e-03  0.615678  Kernel2(bool*, bool*, bool*, bool*, int)
      API calls:    95.40  267.3081         7  38.18687  9.13e-03  267.2003  cudaMallocManaged
                     1.65  4.624758         4  1.156189  1.145525  1.169978  cuDeviceTotalMem
                     1.51  4.222799       388  0.010883  1.09e-04  1.159511  cuDeviceGetAttribute
                     1.16  3.256423        10  0.325642  6.12e-03  0.913198  cudaDeviceSynchronize
                     0.10  0.281512         4  0.070378  0.067649  0.072803  cuDeviceGetName
                     0.09  0.265049        20  0.013252  6.05e-03  0.043781  cudaLaunchKernel
                     0.07  0.207050         6  0.034508  9.13e-03  0.113446  cudaFree
                     0.00  0.010667         6  1.78e-03  5.03e-04  7.91e-03  cudaMemAdvise
                     0.00  8.64e-03         4  2.16e-03  1.18e-03  4.71e-03  cuDeviceGetPCIBusId
                     0.00  2.06e-03         8  2.57e-04  1.62e-04  5.34e-04  cuDeviceGet
                     0.00  1.25e-03         3  4.18e-04  1.14e-04  6.73e-04  cuDeviceGetCount
                     0.00  8.42e-04         4  2.10e-04  1.69e-04  2.87e-04  cuDeviceGetUuid

==13363== Unified Memory profiling result:
Device "Tesla V100-PCIE-32GB (0)"
   Count  Avg Size  Min Size  Max Size  Total Size  Total Time  Name
     170  27.976KB  4.0000KB  524.00KB  4.644531MB    0.840224ms  Host To Device
      25  80.159KB  4.0000KB  384.00KB  1.957031MB    0.190912ms  Device To Host
      30         -         -         -           -    3.178944ms  Gpu page fault groups
       1         -         -         -           -    0.523851ms  Page throttles
      17  4.0000KB  4.0000KB  4.0000KB  68.00000KB           -  Memory thrashes
Total CPU Page faults: 26
Total CPU thrashes: 17
Total CPU throttles: 1
