==10865== NVPROF is profiling process 10865, command: ./bfs_012 ../../../data/bfs/graph65536.txt
==10865== Profiling application: ./bfs_012 ../../../data/bfs/graph65536.txt
==10865== Profiling result:
            Type  Time(%)      Time     Calls       Avg       Min       Max  Name
                        %        ms                  ms        ms        ms
 GPU activities:    60.60  1.987544        10  0.198754  2.27e-03  0.894909  Kernel(Node*, int*, bool*, bool*, bool*, int*, int)
                    39.40  1.292187        10  0.129218  1.54e-03  0.644926  Kernel2(bool*, bool*, bool*, bool*, int)
      API calls:    95.36  268.3667         7  38.33811  8.13e-03  268.2646  cudaMallocManaged
                     1.68  4.730028         4  1.182507  1.154937  1.242421  cuDeviceTotalMem
                     1.50  4.216049       388  0.010866  1.08e-04  0.930640  cuDeviceGetAttribute
                     1.16  3.270524        10  0.327052  5.51e-03  1.005556  cudaDeviceSynchronize
                     0.10  0.280283         4  0.070070  0.067907  0.073987  cuDeviceGetName
                     0.10  0.270588         6  0.045098  9.24e-03  0.157574  cudaFree
                     0.09  0.257728        20  0.012886  6.16e-03  0.043299  cudaLaunchKernel
                     0.01  0.026789         7  3.83e-03  4.45e-04  0.020653  cudaMemAdvise
                     0.00  9.02e-03         4  2.26e-03  1.15e-03  5.22e-03  cuDeviceGetPCIBusId
                     0.00  2.41e-03         8  3.01e-04  1.52e-04  7.37e-04  cuDeviceGet
                     0.00  1.24e-03         3  4.13e-04  1.45e-04  6.84e-04  cuDeviceGetCount
                     0.00  8.37e-04         4  2.09e-04  1.68e-04  2.73e-04  cuDeviceGetUuid

==10865== Unified Memory profiling result:
Device "Tesla V100-PCIE-32GB (0)"
   Count  Avg Size  Min Size  Max Size  Total Size  Total Time  Name
     170  26.470KB  4.0000KB  524.00KB  4.394531MB    0.824992ms  Host To Device
      25  80.159KB  4.0000KB  384.00KB  1.957031MB    0.191616ms  Device To Host
      31         -         -         -           -    3.175424ms  Gpu page fault groups
       1         -         -         -           -    0.549193ms  Page throttles
      17  4.0000KB  4.0000KB  4.0000KB  68.00000KB           -  Memory thrashes
Total CPU Page faults: 26
Total CPU thrashes: 17
Total CPU throttles: 1
