==13327== NVPROF is profiling process 13327, command: ./bfs_050 ../../../data/bfs/graph4096.txt
==13327== Profiling application: ./bfs_050 ../../../data/bfs/graph4096.txt
==13327== Profiling result:
            Type  Time(%)      Time     Calls       Avg       Min       Max  Name
                        %        ms                  ms        ms        ms
 GPU activities:    50.03  0.664959         8  0.083119  2.18e-03  0.389407  Kernel(Node*, int*, bool*, bool*, bool*, int*, int)
                    49.97  0.664285         8  0.083035  1.34e-03  0.447550  Kernel2(bool*, bool*, bool*, bool*, int)
      API calls:    96.38  267.4239         7  38.20341  3.92e-03  267.3712  cudaMallocManaged
                     1.69  4.676431         4  1.169107  1.147257  1.209098  cuDeviceTotalMem
                     1.23  3.425192       388  8.83e-03  1.09e-04  0.360881  cuDeviceGetAttribute
                     0.48  1.327666         8  0.165958  5.67e-03  0.453006  cudaDeviceSynchronize
                     0.10  0.279742         4  0.069935  0.067477  0.072614  cuDeviceGetName
                     0.07  0.193348        16  0.012084  5.80e-03  0.041818  cudaLaunchKernel
                     0.04  0.118550         6  0.019758  8.70e-03  0.072201  cudaFree
                     0.00  0.010413         6  1.74e-03  4.53e-04  7.91e-03  cudaMemAdvise
                     0.00  8.81e-03         4  2.20e-03  1.13e-03  5.04e-03  cuDeviceGetPCIBusId
                     0.00  2.09e-03         8  2.61e-04  1.42e-04  6.40e-04  cuDeviceGet
                     0.00  1.26e-03         3  4.18e-04  1.51e-04  6.70e-04  cuDeviceGetCount
                     0.00  8.37e-04         4  2.09e-04  1.82e-04  2.82e-04  cuDeviceGetUuid

==13327== Unified Memory profiling result:
Device "Tesla V100-PCIE-32GB (0)"
   Count  Avg Size  Min Size  Max Size  Total Size  Total Time  Name
      26  17.846KB  4.0000KB  112.00KB  464.0000KB    0.100032ms  Host To Device
      16  14.250KB  4.0000KB  64.000KB  228.0000KB    0.039264ms  Device To Host
      37         -         -         -           -    1.277472ms  Gpu page fault groups
       1         -         -         -           -    0.401428ms  Page throttles
      17  4.0000KB  4.0000KB  4.0000KB  68.00000KB           -  Memory thrashes
Total CPU Page faults: 15
Total CPU thrashes: 17
Total CPU throttles: 1
