==10902== NVPROF is profiling process 10902, command: ./bfs_013 ../../../data/bfs/graph1MW_6.txt
==10902== Profiling application: ./bfs_013 ../../../data/bfs/graph1MW_6.txt
==10902== Profiling result:
            Type  Time(%)      Time     Calls       Avg       Min       Max  Name
                        %        ms                  ms        ms        ms
 GPU activities:    95.29  12.77667        12  1.064722  9.28e-03  3.477263  Kernel(Node*, int*, bool*, bool*, bool*, int*, int)
                     4.71  0.631103        12  0.052591  5.79e-03  0.216383  Kernel2(bool*, bool*, bool*, bool*, int)
      API calls:    91.09  265.7727         7  37.96752  8.47e-03  265.0504  cudaMallocManaged
                     4.58  13.37483        12  1.114569  0.110763  3.487105  cudaDeviceSynchronize
                     1.56  4.550268         4  1.137567  1.133076  1.140253  cuDeviceTotalMem
                     1.15  3.366716       388  8.68e-03  1.10e-04  0.369186  cuDeviceGetAttribute
                     1.07  3.118637         6  0.519772  0.011658  1.764983  cudaFree
                     0.29  0.841087         7  0.120155  4.62e-04  0.834619  cudaMemAdvise
                     0.15  0.432393        24  0.018016  6.56e-03  0.148861  cudaLaunchKernel
                     0.10  0.291847         4  0.072961  0.070230  0.075544  cuDeviceGetName
                     0.00  8.87e-03         4  2.22e-03  1.13e-03  5.01e-03  cuDeviceGetPCIBusId
                     0.00  2.42e-03         8  3.02e-04  1.69e-04  6.40e-04  cuDeviceGet
                     0.00  1.24e-03         3  4.13e-04  1.31e-04  6.99e-04  cuDeviceGetCount
                     0.00  8.10e-04         4  2.02e-04  1.69e-04  2.51e-04  cuDeviceGetUuid

==10902== Unified Memory profiling result:
Device "Tesla V100-PCIE-32GB (0)"
   Count  Avg Size  Min Size  Max Size  Total Size  Total Time  Name
     983  31.328KB  4.0000KB  760.00KB  30.07422MB    5.240288ms  Host To Device
      48  89.916KB  4.0000KB  0.9961MB  4.214844MB    0.400544ms  Device To Host
      40         -         -         -           -   10.186944ms  Gpu page fault groups
      17  4.0000KB  4.0000KB  4.0000KB  68.00000KB           -  Memory thrashes
       4  1.9082MB  1.6328MB  2.0000MB  7.632813MB           -  Remote mapping from device
Total CPU Page faults: 147
Total CPU thrashes: 17
Total CPU throttles: 1
Total remote mappings to CPU: 4
