==16451== NVPROF is profiling process 16451, command: ./bfs_123 ../../../data/bfs/graph65536.txt
==16451== Profiling application: ./bfs_123 ../../../data/bfs/graph65536.txt
==16451== Profiling result:
            Type  Time(%)      Time     Calls       Avg       Min       Max  Name
                        %        ms                  ms        ms        ms
 GPU activities:    68.56  1.549144        10  0.154914  5.15e-03  0.661724  Kernel(Node*, int*, bool*, bool*, bool*, int*, int)
                    31.44  0.710334        10  0.071033  1.54e-03  0.118143  Kernel2(bool*, bool*, bool*, bool*, int)
      API calls:    95.98  267.9355         7  38.27650  3.97e-03  267.8631  cudaMallocManaged
                     1.66  4.638360         4  1.159590  1.141960  1.188458  cuDeviceTotalMem
                     1.23  3.441205       388  8.87e-03  1.10e-04  0.364902  cuDeviceGetAttribute
                     0.80  2.233115        10  0.223311  5.71e-03  0.756364  cudaDeviceSynchronize
                     0.11  0.293292         4  0.073323  0.067789  0.081712  cuDeviceGetName
                     0.09  0.238226        20  0.011911  5.77e-03  0.042647  cudaLaunchKernel
                     0.06  0.179061         6  0.029843  9.06e-03  0.101177  cudaFree
                     0.06  0.170496         7  0.024356  4.48e-04  0.165262  cudaMemAdvise
                     0.00  9.40e-03         4  2.35e-03  1.17e-03  5.55e-03  cuDeviceGetPCIBusId
                     0.00  2.25e-03         8  2.81e-04  1.75e-04  5.56e-04  cuDeviceGet
                     0.00  1.31e-03         3  4.37e-04  1.50e-04  6.78e-04  cuDeviceGetCount
                     0.00  1.07e-03         4  2.67e-04  2.02e-04  4.22e-04  cuDeviceGetUuid

==16451== Unified Memory profiling result:
Device "Tesla V100-PCIE-32GB (0)"
   Count  Avg Size  Min Size  Max Size  Total Size  Total Time  Name
      51  33.098KB  4.0000KB  256.00KB  1.648438MB    0.283936ms  Host To Device
      18  26.222KB  4.0000KB  124.00KB  472.0000KB    0.058688ms  Device To Host
      17         -         -         -           -    1.575040ms  Gpu page fault groups
      18  4.0000KB  4.0000KB  4.0000KB  72.00000KB           -  Memory thrashes
       1  1.5000MB  1.5000MB  1.5000MB  1.500000MB           -  Remote mapping from device
Total CPU Page faults: 26
Total CPU thrashes: 18
Total CPU throttles: 1
Total remote mappings to CPU: 1
