==15567== NVPROF is profiling process 15567, command: ./bfs_112 ../../../data/bfs/graph1MW_6.txt
==15567== Profiling application: ./bfs_112 ../../../data/bfs/graph1MW_6.txt
==15567== Profiling result:
            Type  Time(%)      Time     Calls       Avg       Min       Max  Name
                        %        ms                  ms        ms        ms
 GPU activities:    96.36  11.85039        12  0.987532  7.20e-03  3.459626  Kernel(Node*, int*, bool*, bool*, bool*, int*, int)
                     3.64  0.447965        12  0.037330  5.89e-03  0.080608  Kernel2(bool*, bool*, bool*, bool*, int)
      API calls:    91.65  269.7701         7  38.53858  7.84e-03  269.3801  cudaMallocManaged
                     4.17  12.28179        12  1.023482  0.075113  3.469641  cudaDeviceSynchronize
                     1.60  4.695528         4  1.173882  1.142792  1.261573  cuDeviceTotalMem
                     1.13  3.327939       388  8.58e-03  1.08e-04  0.346118  cuDeviceGetAttribute
                     0.89  2.634141         6  0.439023  0.010780  1.508463  cudaFree
                     0.36  1.044955         4  0.261238  0.067620  0.837425  cuDeviceGetName
                     0.14  0.424343        24  0.017680  5.82e-03  0.154361  cudaLaunchKernel
                     0.05  0.141069         7  0.020152  5.46e-04  0.133884  cudaMemAdvise
                     0.00  9.17e-03         4  2.29e-03  1.22e-03  4.96e-03  cuDeviceGetPCIBusId
                     0.00  2.54e-03         8  3.17e-04  1.45e-04  5.82e-04  cuDeviceGet
                     0.00  1.33e-03         3  4.43e-04  1.14e-04  7.07e-04  cuDeviceGetCount
                     0.00  8.94e-04         4  2.23e-04  2.02e-04  2.78e-04  cuDeviceGetUuid

==15567== Unified Memory profiling result:
Device "Tesla V100-PCIE-32GB (0)"
   Count  Avg Size  Min Size  Max Size  Total Size  Total Time  Name
    1148  33.658KB  4.0000KB  760.00KB  37.73438MB    6.248704ms  Host To Device
      48  89.916KB  4.0000KB  0.9961MB  4.214844MB    0.433376ms  Device To Host
      64         -         -         -           -   12.114944ms  Gpu page fault groups
       1         -         -         -           -    0.376245ms  Page throttles
      17  4.0000KB  4.0000KB  4.0000KB  68.00000KB           -  Memory thrashes
Total CPU Page faults: 147
Total CPU thrashes: 17
Total CPU throttles: 1
