==10218== NVPROF is profiling process 10218, command: ./bfs_003 ../../../data/bfs/graph1MW_6.txt
==10218== Profiling application: ./bfs_003 ../../../data/bfs/graph1MW_6.txt
==10218== Profiling result:
            Type  Time(%)      Time     Calls       Avg       Min       Max  Name
                        %        ms                  ms        ms        ms
 GPU activities:    96.37  11.67381        12  0.972817  7.23e-03  3.321234  Kernel(Node*, int*, bool*, bool*, bool*, int*, int)
                     3.63  0.439358        12  0.036613  5.89e-03  0.077504  Kernel2(bool*, bool*, bool*, bool*, int)
      API calls:    91.92  268.2826         7  38.32609  0.021670  267.7261  cudaMallocManaged
                     4.15  12.10420        12  1.008683  0.073924  3.332459  cudaDeviceSynchronize
                     1.56  4.539760         4  1.134940  1.131710  1.140837  cuDeviceTotalMem
                     1.17  3.402859       388  8.77e-03  1.08e-04  0.373207  cuDeviceGetAttribute
                     0.97  2.817099         6  0.469516  0.011641  1.497458  cudaFree
                     0.14  0.408839        24  0.017034  5.62e-03  0.152218  cudaLaunchKernel
                     0.10  0.284565         4  0.071141  0.069886  0.072410  cuDeviceGetName
                     0.00  0.012181         6  2.03e-03  5.04e-04  8.43e-03  cudaMemAdvise
                     0.00  9.25e-03         4  2.31e-03  1.19e-03  5.34e-03  cuDeviceGetPCIBusId
                     0.00  2.66e-03         8  3.32e-04  1.58e-04  7.83e-04  cuDeviceGet
                     0.00  1.32e-03         3  4.39e-04  1.41e-04  6.77e-04  cuDeviceGetCount
                     0.00  8.42e-04         4  2.10e-04  1.61e-04  2.53e-04  cuDeviceGetUuid

==10218== Unified Memory profiling result:
Device "Tesla V100-PCIE-32GB (0)"
   Count  Avg Size  Min Size  Max Size  Total Size  Total Time  Name
    1118  34.562KB  4.0000KB  760.00KB  37.73438MB    6.151488ms  Host To Device
      48  89.916KB  4.0000KB  0.9961MB  4.214844MB    0.403328ms  Device To Host
      64         -         -         -           -   11.337888ms  Gpu page fault groups
       1         -         -         -           -    0.391206ms  Page throttles
      17  4.0000KB  4.0000KB  4.0000KB  68.00000KB           -  Memory thrashes
Total CPU Page faults: 147
Total CPU thrashes: 17
Total CPU throttles: 1
