==16711== NVPROF is profiling process 16711, command: ./bfs_130 ../../../data/bfs/graph1MW_6.txt
==16711== Profiling application: ./bfs_130 ../../../data/bfs/graph1MW_6.txt
==16711== Profiling result:
            Type  Time(%)      Time     Calls       Avg       Min       Max  Name
                        %        ms                  ms        ms        ms
 GPU activities:    96.49  11.72322        12  0.976935  7.36e-03  3.210988  Kernel(Node*, int*, bool*, bool*, bool*, int*, int)
                     3.51  0.426974        12  0.035581  5.89e-03  0.068863  Kernel2(bool*, bool*, bool*, bool*, int)
      API calls:    91.77  265.0140         7  37.85914  0.011774  264.5920  cudaMallocManaged
                     4.21  12.15542        12  1.012951  0.073992  3.233731  cudaDeviceSynchronize
                     1.59  4.579783         4  1.144945  1.142522  1.147963  cuDeviceTotalMem
                     1.19  3.431184       388  8.84e-03  1.10e-04  0.378742  cuDeviceGetAttribute
                     0.99  2.844978         6  0.474163  0.011219  1.650506  cudaFree
                     0.16  0.458357        24  0.019098  5.60e-03  0.149322  cudaLaunchKernel
                     0.10  0.281405         4  0.070351  0.069421  0.072386  cuDeviceGetName
                     0.00  0.012030         6  2.01e-03  5.22e-04  8.46e-03  cudaMemAdvise
                     0.00  9.02e-03         4  2.25e-03  1.19e-03  5.19e-03  cuDeviceGetPCIBusId
                     0.00  2.45e-03         8  3.06e-04  1.55e-04  6.65e-04  cuDeviceGet
                     0.00  1.12e-03         3  3.73e-04  1.22e-04  6.94e-04  cuDeviceGetCount
                     0.00  7.40e-04         4  1.85e-04  1.66e-04  2.29e-04  cuDeviceGetUuid

==16711== Unified Memory profiling result:
Device "Tesla V100-PCIE-32GB (0)"
   Count  Avg Size  Min Size  Max Size  Total Size  Total Time  Name
    1125  34.346KB  4.0000KB  760.00KB  37.73438MB    6.022944ms  Host To Device
      48  89.916KB  4.0000KB  0.9961MB  4.214844MB    0.415200ms  Device To Host
      66         -         -         -           -   11.390496ms  Gpu page fault groups
       1         -         -         -           -    0.393983ms  Page throttles
      17  4.0000KB  4.0000KB  4.0000KB  68.00000KB           -  Memory thrashes
Total CPU Page faults: 147
Total CPU thrashes: 17
Total CPU throttles: 1
