==15421== NVPROF is profiling process 15421, command: ./bfs_110 ../../../data/bfs/graph65536.txt
==15421== Profiling application: ./bfs_110 ../../../data/bfs/graph65536.txt
==15421== Profiling result:
            Type  Time(%)      Time     Calls       Avg       Min       Max  Name
                        %        ms                  ms        ms        ms
 GPU activities:    62.44  2.042231        10  0.204223  2.27e-03  0.862844  Kernel(Node*, int*, bool*, bool*, bool*, int*, int)
                    37.56  1.228536        10  0.122853  1.57e-03  0.631197  Kernel2(bool*, bool*, bool*, bool*, int)
      API calls:    95.29  264.4048         7  37.77211  8.58e-03  264.2992  cudaMallocManaged
                     1.67  4.622736         4  1.155684  1.143771  1.172285  cuDeviceTotalMem
                     1.60  4.440167       388  0.011443  1.07e-04  1.314698  cuDeviceGetAttribute
                     1.17  3.251563        10  0.325156  5.98e-03  0.939092  cudaDeviceSynchronize
                     0.10  0.282397         4  0.070599  0.068608  0.073091  cuDeviceGetName
                     0.09  0.254450        20  0.012722  5.79e-03  0.045639  cudaLaunchKernel
                     0.07  0.197064         6  0.032844  8.92e-03  0.103672  cudaFree
                     0.00  0.010401         6  1.73e-03  4.60e-04  7.75e-03  cudaMemAdvise
                     0.00  9.18e-03         4  2.30e-03  1.19e-03  5.30e-03  cuDeviceGetPCIBusId
                     0.00  2.09e-03         8  2.60e-04  1.53e-04  5.56e-04  cuDeviceGet
                     0.00  1.15e-03         3  3.83e-04  1.23e-04  7.13e-04  cuDeviceGetCount
                     0.00  9.24e-04         4  2.31e-04  1.91e-04  2.84e-04  cuDeviceGetUuid

==15421== Unified Memory profiling result:
Device "Tesla V100-PCIE-32GB (0)"
   Count  Avg Size  Min Size  Max Size  Total Size  Total Time  Name
     170  27.976KB  4.0000KB  524.00KB  4.644531MB    0.820576ms  Host To Device
      25  80.159KB  4.0000KB  384.00KB  1.957031MB    0.189472ms  Device To Host
      31         -         -         -           -    3.164736ms  Gpu page fault groups
       1         -         -         -           -    0.540601ms  Page throttles
      17  4.0000KB  4.0000KB  4.0000KB  68.00000KB           -  Memory thrashes
Total CPU Page faults: 26
Total CPU thrashes: 17
Total CPU throttles: 1
