==13399== NVPROF is profiling process 13399, command: ./bfs_051 ../../../data/bfs/graph1MW_6.txt
==13399== Profiling application: ./bfs_051 ../../../data/bfs/graph1MW_6.txt
==13399== Profiling result:
            Type  Time(%)      Time     Calls       Avg       Min       Max  Name
                        %        ms                  ms        ms        ms
 GPU activities:    70.74  28.29346        12  2.357788  0.054048  6.042491  Kernel2(bool*, bool*, bool*, bool*, int)
                    29.26  11.70432        12  0.975359  8.22e-03  3.319788  Kernel(Node*, int*, bool*, bool*, bool*, int*, int)
      API calls:    83.41  263.7670         7  37.68099  0.021243  263.2673  cudaMallocManaged
                    12.64  39.96894        12  3.330744  0.071355  6.348593  cudaDeviceSynchronize
                     1.46  4.605560         4  1.151390  1.136113  1.180962  cuDeviceTotalMem
                     1.31  4.144843       388  0.010682  1.09e-04  1.135072  cuDeviceGetAttribute
                     0.92  2.894709         6  0.482451  0.011060  1.550733  cudaFree
                     0.14  0.454568        24  0.018940  5.51e-03  0.159911  cudaLaunchKernel
                     0.09  0.284749         4  0.071187  0.068120  0.073614  cuDeviceGetName
                     0.03  0.094559         7  0.013508  5.27e-04  0.085579  cudaMemAdvise
                     0.00  9.19e-03         4  2.30e-03  1.17e-03  5.28e-03  cuDeviceGetPCIBusId
                     0.00  1.99e-03         8  2.48e-04  1.41e-04  6.01e-04  cuDeviceGet
                     0.00  1.20e-03         3  4.01e-04  1.18e-04  6.91e-04  cuDeviceGetCount
                     0.00  1.03e-03         4  2.57e-04  2.11e-04  3.14e-04  cuDeviceGetUuid

==13399== Unified Memory profiling result:
Device "Tesla V100-PCIE-32GB (0)"
   Count  Avg Size  Min Size  Max Size  Total Size  Total Time  Name
    1130  34.208KB  4.0000KB  760.00KB  37.75000MB    6.180160ms  Host To Device
      50  87.520KB  4.0000KB  0.9961MB  4.273438MB    0.409248ms  Device To Host
     379         -         -         -           -   40.862336ms  Gpu page fault groups
      17  4.0000KB  4.0000KB  4.0000KB  68.00000KB           -  Memory thrashes
Total CPU Page faults: 147
Total CPU thrashes: 17
Total CPU throttles: 1
