==17928== NVPROF is profiling process 17928, command: ./bfs_144 ../../../data/bfs/graph65536.txt
==17928== Profiling application: ./bfs_144 ../../../data/bfs/graph65536.txt
==17928== Profiling result:
            Type  Time(%)      Time     Calls       Avg       Min       Max  Name
                        %        ms                  ms        ms        ms
 GPU activities:    64.55  2.459222        10  0.245922  2.27e-03  0.868508  Kernel(Node*, int*, bool*, bool*, bool*, int*, int)
                    35.45  1.350396        10  0.135039  0.015520  0.468254  Kernel2(bool*, bool*, bool*, bool*, int)
      API calls:    95.40  264.6053         7  37.80075  4.04e-03  264.5318  cudaMallocManaged
                     1.68  4.649480         4  1.162370  1.140584  1.210118  cuDeviceTotalMem
                     1.37  3.804684        10  0.380468  0.019540  1.059585  cudaDeviceSynchronize
                     1.25  3.473002       388  8.95e-03  1.09e-04  0.378154  cuDeviceGetAttribute
                     0.11  0.312609         4  0.078152  0.069967  0.092763  cuDeviceGetName
                     0.09  0.253956        20  0.012697  6.35e-03  0.043561  cudaLaunchKernel
                     0.08  0.228274         6  0.038045  0.010303  0.149602  cudaFree
                     0.01  0.030272         7  4.32e-03  4.80e-04  0.023631  cudaMemAdvise
                     0.00  9.03e-03         4  2.26e-03  1.14e-03  5.21e-03  cuDeviceGetPCIBusId
                     0.00  2.14e-03         8  2.67e-04  1.51e-04  5.12e-04  cuDeviceGet
                     0.00  1.21e-03         3  4.05e-04  1.13e-04  6.78e-04  cuDeviceGetCount
                     0.00  8.02e-04         4  2.00e-04  1.73e-04  2.46e-04  cuDeviceGetUuid

==17928== Unified Memory profiling result:
Device "Tesla V100-PCIE-32GB (0)"
   Count  Avg Size  Min Size  Max Size  Total Size  Total Time  Name
     166  26.337KB  4.0000KB  524.00KB  4.269531MB    0.779040ms  Host To Device
      25  80.159KB  4.0000KB  384.00KB  1.957031MB    0.189440ms  Device To Host
      58         -         -         -           -    3.076608ms  Gpu page fault groups
       1         -         -         -           -    0.422188ms  Page throttles
      17  4.0000KB  4.0000KB  4.0000KB  68.00000KB           -  Memory thrashes
      12  5.3330KB  4.0000KB  12.000KB  64.00000KB           -  Remote mapping from device
Total CPU Page faults: 26
Total CPU thrashes: 17
Total CPU throttles: 1
Total remote mappings to CPU: 12
