==11396== NVPROF is profiling process 11396, command: ./bfs_021 ../../../data/bfs/graph4096.txt
==11396== Profiling application: ./bfs_021 ../../../data/bfs/graph4096.txt
==11396== Profiling result:
            Type  Time(%)      Time     Calls       Avg       Min       Max  Name
                        %        ms                  ms        ms        ms
 GPU activities:    52.09  0.627134         8  0.078391  1.34e-03  0.471262  Kernel2(bool*, bool*, bool*, bool*, int)
                    47.91  0.576829         8  0.072103  2.18e-03  0.364254  Kernel(Node*, int*, bool*, bool*, bool*, int*, int)
      API calls:    96.07  264.1985         7  37.74264  4.27e-03  264.1177  cudaMallocManaged
                     1.97  5.408421         4  1.352105  1.124497  2.008388  cuDeviceTotalMem
                     1.24  3.405209       388  8.78e-03  1.09e-04  0.366190  cuDeviceGetAttribute
                     0.43  1.195760         8  0.149470  6.33e-03  0.476707  cudaDeviceSynchronize
                     0.12  0.340698         4  0.085174  0.067585  0.129014  cuDeviceGetName
                     0.08  0.228870         6  0.038145  0.026563  0.071120  cudaFree
                     0.07  0.192514        16  0.012032  5.89e-03  0.042708  cudaLaunchKernel
                     0.01  0.034210         7  4.89e-03  4.76e-04  0.028751  cudaMemAdvise
                     0.00  9.69e-03         4  2.42e-03  1.16e-03  5.71e-03  cuDeviceGetPCIBusId
                     0.00  2.21e-03         8  2.75e-04  1.59e-04  6.55e-04  cuDeviceGet
                     0.00  1.28e-03         3  4.26e-04  1.45e-04  6.74e-04  cuDeviceGetCount
                     0.00  7.71e-04         4  1.92e-04  1.44e-04  2.62e-04  cuDeviceGetUuid

==11396== Unified Memory profiling result:
Device "Tesla V100-PCIE-32GB (0)"
   Count  Avg Size  Min Size  Max Size  Total Size  Total Time  Name
      26  12.000KB  4.0000KB  48.000KB  312.0000KB    0.093408ms  Host To Device
      15  9.3330KB  4.0000KB  32.000KB  140.0000KB    0.030656ms  Device To Host
      42         -         -         -           -    1.151648ms  Gpu page fault groups
       1         -         -         -           -    0.427043ms  Page throttles
      14  4.0000KB  4.0000KB  4.0000KB  56.00000KB           -  Memory thrashes
Total CPU Page faults: 15
Total CPU thrashes: 14
Total CPU throttles: 1
