==18553== NVPROF is profiling process 18553, command: ./bfs_154 ../../../data/bfs/graph1MW_6.txt
==18553== Profiling application: ./bfs_154 ../../../data/bfs/graph1MW_6.txt
==18553== Profiling result:
            Type  Time(%)      Time     Calls       Avg       Min       Max  Name
                        %        ms                  ms        ms        ms
 GPU activities:    95.54  38.59466        12  3.216221  0.010112  13.41063  Kernel(Node*, int*, bool*, bool*, bool*, int*, int)
                     4.46  1.801172        12  0.150097  7.81e-03  0.535101  Kernel2(bool*, bool*, bool*, bool*, int)
      API calls:    83.68  265.6185         7  37.94550  0.020687  265.1465  cudaMallocManaged
                    12.72  40.38567        12  3.365472  0.081580  13.90355  cudaDeviceSynchronize
                     1.43  4.535896         4  1.133974  1.124861  1.140839  cuDeviceTotalMem
                     1.05  3.332419       388  8.59e-03  1.10e-04  0.348735  cuDeviceGetAttribute
                     0.89  2.829615         6  0.471602  0.011275  1.524597  cudaFree
                     0.12  0.396711        24  0.016529  5.50e-03  0.145466  cudaLaunchKernel
                     0.09  0.278124         4  0.069531  0.067430  0.072641  cuDeviceGetName
                     0.01  0.044556         7  6.36e-03  4.98e-04  0.036550  cudaMemAdvise
                     0.00  8.69e-03         4  2.17e-03  1.13e-03  4.93e-03  cuDeviceGetPCIBusId
                     0.00  2.30e-03         8  2.87e-04  1.54e-04  6.42e-04  cuDeviceGet
                     0.00  1.27e-03         3  4.23e-04  1.59e-04  6.60e-04  cuDeviceGetCount
                     0.00  8.09e-04         4  2.02e-04  1.80e-04  2.42e-04  cuDeviceGetUuid

==18553== Unified Memory profiling result:
Device "Tesla V100-PCIE-32GB (0)"
   Count  Avg Size  Min Size  Max Size  Total Size  Total Time  Name
    1066  35.343KB  4.0000KB  760.00KB  36.79297MB    6.039296ms  Host To Device
      50  87.520KB  4.0000KB  0.9961MB  4.273438MB    0.423744ms  Device To Host
      55         -         -         -           -   14.385280ms  Gpu page fault groups
      17  4.0000KB  4.0000KB  4.0000KB  68.00000KB           -  Memory thrashes
     230  4.2607KB  4.0000KB  8.0000KB  980.0000KB           -  Remote mapping from device
Total CPU Page faults: 146
Total CPU thrashes: 17
Total remote mappings to CPU: 230
