==10942== NVPROF is profiling process 10942, command: ./bfs_013 ../../../data/bfs/graph4096.txt
==10942== Profiling application: ./bfs_013 ../../../data/bfs/graph4096.txt
==10942== Profiling result:
            Type  Time(%)      Time     Calls       Avg       Min       Max  Name
                        %        ms                  ms        ms        ms
 GPU activities:    51.88  0.680382         8  0.085047  4.99e-03  0.355359  Kernel(Node*, int*, bool*, bool*, bool*, int*, int)
                    48.12  0.631038         8  0.078879  1.38e-03  0.452287  Kernel2(bool*, bool*, bool*, bool*, int)
      API calls:    96.48  273.7676         7  39.10966  3.94e-03  273.7055  cudaMallocManaged
                     1.62  4.583384         4  1.145846  1.143335  1.147183  cuDeviceTotalMem
                     1.18  3.335983       388  8.60e-03  1.07e-04  0.343934  cuDeviceGetAttribute
                     0.46  1.292982         8  0.161622  6.03e-03  0.458926  cudaDeviceSynchronize
                     0.10  0.288956         4  0.072239  0.069829  0.075505  cuDeviceGetName
                     0.07  0.200450         6  0.033408  0.025011  0.065853  cudaFree
                     0.07  0.196126        16  0.012257  6.06e-03  0.044209  cudaLaunchKernel
                     0.03  0.072468         7  0.010352  4.73e-04  0.067255  cudaMemAdvise
                     0.00  9.25e-03         4  2.31e-03  1.21e-03  5.28e-03  cuDeviceGetPCIBusId
                     0.00  2.32e-03         8  2.90e-04  1.52e-04  6.51e-04  cuDeviceGet
                     0.00  1.14e-03         3  3.81e-04  1.20e-04  6.67e-04  cuDeviceGetCount
                     0.00  7.87e-04         4  1.96e-04  1.58e-04  2.71e-04  cuDeviceGetUuid

==10942== Unified Memory profiling result:
Device "Tesla V100-PCIE-32GB (0)"
   Count  Avg Size  Min Size  Max Size  Total Size  Total Time  Name
      26  15.384KB  4.0000KB  112.00KB  400.0000KB    0.092000ms  Host To Device
      16  12.250KB  4.0000KB  32.000KB  196.0000KB    0.036384ms  Device To Host
      37         -         -         -           -    1.229536ms  Gpu page fault groups
       1         -         -         -           -    0.404764ms  Page throttles
      17  4.0000KB  4.0000KB  4.0000KB  68.00000KB           -  Memory thrashes
       1  32.000KB  32.000KB  32.000KB  32.00000KB           -  Remote mapping from device
Total CPU Page faults: 15
Total CPU thrashes: 17
Total CPU throttles: 1
Total remote mappings to CPU: 1
