==10329== NVPROF is profiling process 10329, command: ./bfs_004 ../../../data/bfs/graph1MW_6.txt
==10329== Profiling application: ./bfs_004 ../../../data/bfs/graph1MW_6.txt
==10329== Profiling result:
            Type  Time(%)      Time     Calls       Avg       Min       Max  Name
                        %        ms                  ms        ms        ms
 GPU activities:    96.41  12.15019        12  1.012515  7.20e-03  3.334770  Kernel(Node*, int*, bool*, bool*, bool*, int*, int)
                     3.59  0.452896        12  0.037741  5.89e-03  0.095840  Kernel2(bool*, bool*, bool*, bool*, int)
      API calls:    91.21  266.4718         7  38.06740  0.020794  265.9974  cudaMallocManaged
                     4.26  12.43755        12  1.036462  0.064762  3.317469  cudaDeviceSynchronize
                     1.58  4.629591         4  1.157397  1.138767  1.179384  cuDeviceTotalMem
                     1.16  3.396744       388  8.75e-03  1.06e-04  0.356344  cuDeviceGetAttribute
                     1.12  3.260046         6  0.543341  0.019541  1.915321  cudaFree
                     0.45  1.326351         4  0.331587  0.069989  1.107239  cuDeviceGetName
                     0.21  0.600849        24  0.025035  5.79e-03  0.177805  cudaLaunchKernel
                     0.00  0.012240         6  2.04e-03  4.98e-04  8.58e-03  cudaMemAdvise
                     0.00  9.12e-03         4  2.28e-03  1.22e-03  5.14e-03  cuDeviceGetPCIBusId
                     0.00  2.43e-03         8  3.03e-04  1.53e-04  7.06e-04  cuDeviceGet
                     0.00  1.20e-03         3  4.00e-04  1.29e-04  7.79e-04  cuDeviceGetCount
                     0.00  8.83e-04         4  2.20e-04  1.86e-04  2.96e-04  cuDeviceGetUuid

==10329== Unified Memory profiling result:
Device "Tesla V100-PCIE-32GB (0)"
   Count  Avg Size  Min Size  Max Size  Total Size  Total Time  Name
    1136  34.014KB  4.0000KB  760.00KB  37.73438MB    6.292672ms  Host To Device
      48  89.916KB  4.0000KB  0.9961MB  4.214844MB    0.407168ms  Device To Host
      70         -         -         -           -   11.833472ms  Gpu page fault groups
       1         -         -         -           -    0.409682ms  Page throttles
      17  4.0000KB  4.0000KB  4.0000KB  68.00000KB           -  Memory thrashes
Total CPU Page faults: 147
Total CPU thrashes: 17
Total CPU throttles: 1
