==17471== NVPROF is profiling process 17471, command: ./bfs_140 ../../../data/bfs/graph65536.txt
==17471== Profiling application: ./bfs_140 ../../../data/bfs/graph65536.txt
==17471== Profiling result:
            Type  Time(%)      Time     Calls       Avg       Min       Max  Name
                        %        ms                  ms        ms        ms
 GPU activities:    60.97  1.991765        10  0.199176  2.27e-03  0.868091  Kernel(Node*, int*, bool*, bool*, bool*, int*, int)
                    39.03  1.275258        10  0.127525  1.54e-03  0.607133  Kernel2(bool*, bool*, bool*, bool*, int)
      API calls:    95.68  268.0907         7  38.29867  8.91e-03  267.9863  cudaMallocManaged
                     1.65  4.609409         4  1.152352  1.144993  1.162706  cuDeviceTotalMem
                     1.22  3.411647       388  8.79e-03  1.09e-04  0.358923  cuDeviceGetAttribute
                     1.16  3.253563        10  0.325356  5.70e-03  0.934006  cudaDeviceSynchronize
                     0.11  0.300151         4  0.075037  0.069931  0.083666  cuDeviceGetName
                     0.10  0.273244         6  0.045540  8.73e-03  0.124136  cudaFree
                     0.09  0.239644        20  0.011982  5.64e-03  0.043869  cudaLaunchKernel
                     0.00  9.98e-03         6  1.66e-03  4.71e-04  7.27e-03  cudaMemAdvise
                     0.00  8.66e-03         4  2.17e-03  1.17e-03  4.79e-03  cuDeviceGetPCIBusId
                     0.00  2.09e-03         8  2.61e-04  1.50e-04  5.70e-04  cuDeviceGet
                     0.00  1.17e-03         3  3.91e-04  1.51e-04  7.22e-04  cuDeviceGetCount
                     0.00  8.30e-04         4  2.07e-04  1.69e-04  2.81e-04  cuDeviceGetUuid

==17471== Unified Memory profiling result:
Device "Tesla V100-PCIE-32GB (0)"
   Count  Avg Size  Min Size  Max Size  Total Size  Total Time  Name
     170  27.976KB  4.0000KB  524.00KB  4.644531MB    0.829152ms  Host To Device
      25  80.159KB  4.0000KB  384.00KB  1.957031MB    0.189184ms  Device To Host
      29         -         -         -           -    3.158112ms  Gpu page fault groups
       1         -         -         -           -    0.512500ms  Page throttles
      17  4.0000KB  4.0000KB  4.0000KB  68.00000KB           -  Memory thrashes
Total CPU Page faults: 26
Total CPU thrashes: 17
Total CPU throttles: 1
