==10746== NVPROF is profiling process 10746, command: ./bfs_011 ../../../data/bfs/graph65536.txt
==10746== Profiling application: ./bfs_011 ../../../data/bfs/graph65536.txt
==10746== Profiling result:
            Type  Time(%)      Time     Calls       Avg       Min       Max  Name
                        %        ms                  ms        ms        ms
 GPU activities:    63.51  2.194809        10  0.219480  2.27e-03  0.818622  Kernel(Node*, int*, bool*, bool*, bool*, int*, int)
                    36.49  1.261148        10  0.126114  1.57e-03  0.634910  Kernel2(bool*, bool*, bool*, bool*, int)
      API calls:    95.63  270.2852         7  38.61217  4.43e-03  270.1885  cudaMallocManaged
                     1.64  4.633349         4  1.158337  1.137971  1.181043  cuDeviceTotalMem
                     1.20  3.391034       388  8.74e-03  1.07e-04  0.358115  cuDeviceGetAttribute
                     1.19  3.352650        10  0.335265  5.67e-03  0.845758  cudaDeviceSynchronize
                     0.14  0.383335        20  0.019166  6.14e-03  0.045112  cudaLaunchKernel
                     0.10  0.282310         4  0.070577  0.067402  0.072687  cuDeviceGetName
                     0.09  0.254132         6  0.042355  9.08e-03  0.164322  cudaFree
                     0.02  0.052586         7  7.51e-03  4.80e-04  0.047528  cudaMemAdvise
                     0.00  8.98e-03         4  2.24e-03  1.16e-03  5.13e-03  cuDeviceGetPCIBusId
                     0.00  2.59e-03         8  3.23e-04  1.57e-04  7.74e-04  cuDeviceGet
                     0.00  1.21e-03         3  4.04e-04  1.21e-04  7.08e-04  cuDeviceGetCount
                     0.00  8.55e-04         4  2.13e-04  1.97e-04  2.51e-04  cuDeviceGetUuid

==10746== Unified Memory profiling result:
Device "Tesla V100-PCIE-32GB (0)"
   Count  Avg Size  Min Size  Max Size  Total Size  Total Time  Name
     169  26.627KB  4.0000KB  524.00KB  4.394531MB    0.798624ms  Host To Device
      25  80.159KB  4.0000KB  384.00KB  1.957031MB    0.186720ms  Device To Host
      33         -         -         -           -    3.430880ms  Gpu page fault groups
       1         -         -         -           -    0.545387ms  Page throttles
      17  4.0000KB  4.0000KB  4.0000KB  68.00000KB           -  Memory thrashes
Total CPU Page faults: 26
Total CPU thrashes: 17
Total CPU throttles: 1
