==34759== NVPROF is profiling process 34759, command: ./cfd_1320 ../../../data/cfd/missile.domn.0.2M
==34759== Profiling application: ./cfd_1320 ../../../data/cfd/missile.domn.0.2M
==34759== Profiling result:
            Type  Time(%)      Time     Calls       Avg       Min       Max  Name
                        %        ms                  ms        ms        ms
 GPU activities:    57.61  479.8154      6000  0.079969  0.068607  4.514472  cuda_compute_flux(int, int*, float*, float*, float*)
                    20.23  168.4979      2000  0.084248  0.081600  0.110688  cuda_compute_step_factor(int, float*, float*, float*)
                    18.23  151.8578      6000  0.025309  0.023360  0.035519  cuda_time_step(int, int, float*, float*, float*, float*)
                     3.69  30.72492      2000  0.015362  0.014432  0.020832  [CUDA memcpy DtoD]
                     0.24  1.988982         3  0.662994  0.569661  0.833212  cuda_initialize_variables(int, float*)
                     0.00  7.36e-03         5  1.47e-03  1.38e-03  1.79e-03  [CUDA memcpy HtoD]
                     0.00  4.38e-03         1  4.38e-03  4.38e-03  4.38e-03  [CUDA memset]
      API calls:    65.54  781.3531      2000  0.390676  0.045208  4.813183  cudaMemcpy
                    24.76  295.2392         5  59.04785  5.75e-03  295.2067  cudaMemcpyToSymbol
                     6.42  76.58202     14003  5.47e-03  4.38e-03  0.499893  cudaLaunchKernel
                     1.75  20.82137         7  2.974481  0.016750  20.44839  cudaMallocManaged
                     0.39  4.687519         4  1.171879  1.137448  1.257788  cuDeviceTotalMem
                     0.37  4.392783     28003  1.56e-04  8.50e-05  0.462944  cudaGetLastError
                     0.29  3.411654       388  8.79e-03  1.09e-04  0.370809  cuDeviceGetAttribute
                     0.19  2.234154         1  2.234154  2.234154  2.234154  cudaMemset
                     0.16  1.914619        10  0.191461  4.09e-04  0.924139  cudaFree
                     0.07  0.849449         1  0.849449  0.849449  0.849449  cudaGetDeviceProperties
                     0.03  0.379319         2  0.189659  8.27e-03  0.371050  cudaThreadSynchronize
                     0.02  0.291405         4  0.072851  0.067470  0.079681  cuDeviceGetName
                     0.00  0.033533         2  0.016766  3.91e-03  0.029620  cudaMemAdvise
                     0.00  9.04e-03         4  2.26e-03  1.20e-03  5.01e-03  cuDeviceGetPCIBusId
                     0.00  7.36e-03         1  7.36e-03  7.36e-03  7.36e-03  cudaSetDevice
                     0.00  2.71e-03         8  3.38e-04  1.76e-04  7.73e-04  cuDeviceGet
                     0.00  1.77e-03         1  1.77e-03  1.77e-03  1.77e-03  cudaGetDevice
                     0.00  1.40e-03         3  4.68e-04  1.20e-04  8.12e-04  cuDeviceGetCount
                     0.00  7.97e-04         4  1.99e-04  1.76e-04  2.61e-04  cuDeviceGetUuid

==34759== Unified Memory profiling result:
Device "Tesla V100-PCIE-32GB (0)"
   Count  Avg Size  Min Size  Max Size  Total Size  Total Time  Name
     439  33.129KB  4.0000KB  852.00KB  14.20313MB    2.322624ms  Host To Device
      38         -         -         -           -    7.127200ms  Gpu page fault groups
       5  182.40KB  64.000KB  400.00KB  912.0000KB           -  Remote mapping from device
Total CPU Page faults: 90
Total remote mappings to CPU: 5
