==38248== NVPROF is profiling process 38248, command: ./cfd_1404 ../../../data/cfd/fvcorr.domn.097K
==38248== Profiling application: ./cfd_1404 ../../../data/cfd/fvcorr.domn.097K
==38248== Profiling result:
            Type  Time(%)      Time     Calls       Avg       Min       Max  Name
                        %        ms                  ms        ms        ms
 GPU activities:    94.35  2.32e+03      6000  0.387324  0.382462  4.386439  cuda_compute_flux(int, int*, float*, float*, float*)
                     3.06  75.26540      2000  0.037632  0.036800  0.575133  cuda_compute_step_factor(int, float*, float*, float*)
                     2.05  50.50727      6000  8.42e-03  6.98e-03  0.010784  cuda_time_step(int, int, float*, float*, float*, float*)
                     0.49  12.11278      2000  6.06e-03  5.66e-03  0.012288  [CUDA memcpy DtoD]
                     0.05  1.235417         3  0.411805  0.223422  0.654269  cuda_initialize_variables(int, float*)
                     0.00  7.49e-03         5  1.50e-03  1.38e-03  1.79e-03  [CUDA memcpy HtoD]
                     0.00  1.66e-03         1  1.66e-03  1.66e-03  1.66e-03  [CUDA memset]
      API calls:    85.23  2.41e+03      2000  1.206295  0.051991  5.732887  cudaMemcpy
                    10.62  300.6253         5  60.12507  5.70e-03  300.5921  cudaMemcpyToSymbol
                     2.80  79.39603     14003  5.67e-03  4.40e-03  0.101029  cudaLaunchKernel
                     0.73  20.55018         7  2.935739  0.010929  20.42647  cudaMallocManaged
                     0.16  4.621533         4  1.155383  1.136930  1.192470  cuDeviceTotalMem
                     0.15  4.237883     28003  1.51e-04  8.60e-05  0.506926  cudaGetLastError
                     0.12  3.414937       388  8.80e-03  1.09e-04  0.356435  cuDeviceGetAttribute
                     0.05  1.402551        10  0.140255  4.08e-04  0.452182  cudaFree
                     0.05  1.347332         1  1.347332  1.347332  1.347332  cudaMemset
                     0.04  1.197758         2  0.598879  4.75e-03  1.193007  cudaThreadSynchronize
                     0.03  0.835700         1  0.835700  0.835700  0.835700  cudaGetDeviceProperties
                     0.01  0.278779         4  0.069694  0.067534  0.072580  cuDeviceGetName
                     0.00  0.019063         2  9.53e-03  2.35e-03  0.016710  cudaMemAdvise
                     0.00  0.010270         4  2.57e-03  1.19e-03  4.94e-03  cuDeviceGetPCIBusId
                     0.00  6.98e-03         1  6.98e-03  6.98e-03  6.98e-03  cudaSetDevice
                     0.00  3.52e-03         8  4.39e-04  1.56e-04  1.00e-03  cuDeviceGet
                     0.00  1.74e-03         1  1.74e-03  1.74e-03  1.74e-03  cudaGetDevice
                     0.00  1.21e-03         3  4.03e-04  1.14e-04  7.46e-04  cuDeviceGetCount
                     0.00  8.19e-04         4  2.04e-04  1.60e-04  2.59e-04  cuDeviceGetUuid

==38248== Unified Memory profiling result:
Device "Tesla V100-PCIE-32GB (0)"
   Count  Avg Size  Min Size  Max Size  Total Size  Total Time  Name
      29  57.517KB  4.0000KB  652.00KB  1.628906MB    0.215648ms  Host To Device
      46         -         -         -           -    6.982976ms  Gpu page fault groups
     801  6.1621KB  4.0000KB  56.000KB  4.820313MB           -  Remote mapping from device
Total CPU Page faults: 16
Total remote mappings to CPU: 801
