==35001== NVPROF is profiling process 35001, command: ./cfd_1322 ../../../data/cfd/missile.domn.0.2M
==35001== Profiling application: ./cfd_1322 ../../../data/cfd/missile.domn.0.2M
==35001== Profiling result:
            Type  Time(%)      Time     Calls       Avg       Min       Max  Name
                        %        ms                  ms        ms        ms
 GPU activities:    57.67  479.2578      6000  0.079876  0.068991  4.185897  cuda_compute_flux(int, int*, float*, float*, float*)
                    20.07  166.8016      2000  0.083400  0.081503  0.106271  cuda_compute_step_factor(int, float*, float*, float*)
                    18.28  151.8675      6000  0.025311  0.023520  0.034432  cuda_time_step(int, int, float*, float*, float*, float*)
                     3.72  30.89999      2000  0.015449  0.014368  0.023264  [CUDA memcpy DtoD]
                     0.26  2.128852         3  0.709617  0.637788  0.830012  cuda_initialize_variables(int, float*)
                     0.00  7.39e-03         5  1.48e-03  1.38e-03  1.79e-03  [CUDA memcpy HtoD]
                     0.00  2.21e-03         1  2.21e-03  2.21e-03  2.21e-03  [CUDA memset]
      API calls:    65.08  777.2237      2000  0.388611  0.044460  4.480049  cudaMemcpy
                    25.14  300.2539         5  60.05079  5.98e-03  300.2211  cudaMemcpyToSymbol
                     6.53  78.00278     14003  5.57e-03  4.62e-03  0.475247  cudaLaunchKernel
                     1.75  20.91454         7  2.987791  0.016689  20.49541  cudaMallocManaged
                     0.39  4.665257         4  1.166314  1.142666  1.197851  cuDeviceTotalMem
                     0.35  4.129829     28003  1.47e-04  8.60e-05  0.425678  cudaGetLastError
                     0.28  3.334421       388  8.59e-03  1.10e-04  0.363633  cuDeviceGetAttribute
                     0.20  2.370745         1  2.370745  2.370745  2.370745  cudaMemset
                     0.15  1.776750        10  0.177675  4.50e-04  0.738031  cudaFree
                     0.07  0.850296         1  0.850296  0.850296  0.850296  cudaGetDeviceProperties
                     0.03  0.377487         2  0.188743  7.63e-03  0.369854  cudaThreadSynchronize
                     0.02  0.289422         4  0.072355  0.067378  0.080066  cuDeviceGetName
                     0.00  0.050042         3  0.016680  4.82e-03  0.034613  cudaMemAdvise
                     0.00  9.14e-03         4  2.28e-03  1.21e-03  4.96e-03  cuDeviceGetPCIBusId
                     0.00  7.54e-03         1  7.54e-03  7.54e-03  7.54e-03  cudaSetDevice
                     0.00  2.47e-03         8  3.08e-04  1.45e-04  7.43e-04  cuDeviceGet
                     0.00  1.89e-03         1  1.89e-03  1.89e-03  1.89e-03  cudaGetDevice
                     0.00  1.36e-03         3  4.51e-04  1.12e-04  7.66e-04  cuDeviceGetCount
                     0.00  8.61e-04         4  2.15e-04  1.86e-04  2.63e-04  cuDeviceGetUuid

==35001== Unified Memory profiling result:
Device "Tesla V100-PCIE-32GB (0)"
   Count  Avg Size  Min Size  Max Size  Total Size  Total Time  Name
     393  37.007KB  4.0000KB  908.00KB  14.20313MB    2.162752ms  Host To Device
      40         -         -         -           -    7.315040ms  Gpu page fault groups
       5  182.40KB  64.000KB  400.00KB  912.0000KB           -  Remote mapping from device
Total CPU Page faults: 90
Total remote mappings to CPU: 5
