==64391== NVPROF is profiling process 64391, command: ./cfd_0135 ../../../data/cfd/missile.domn.0.2M
==64391== Profiling application: ./cfd_0135 ../../../data/cfd/missile.domn.0.2M
==64391== Profiling result:
            Type  Time(%)      Time     Calls       Avg       Min       Max  Name
                        %        ms                  ms        ms        ms
 GPU activities:    90.57  1.92e+03      6000  0.319802  0.311742  3.427596  cuda_compute_flux(int, int*, float*, float*, float*)
                     6.58  139.4968      6000  0.023249  0.021184  0.027904  cuda_time_step(int, int, float*, float*, float*, float*)
                     1.46  30.86404      2000  0.015432  0.014368  0.022784  [CUDA memcpy DtoD]
                     1.28  27.20449      2000  0.013602  0.011456  0.796603  cuda_compute_step_factor(int, float*, float*, float*)
                     0.11  2.229459         3  0.743153  0.653276  0.848603  cuda_initialize_variables(int, float*)
                     0.00  7.42e-03         5  1.48e-03  1.41e-03  1.79e-03  [CUDA memcpy HtoD]
                     0.00  2.14e-03         1  2.14e-03  2.14e-03  2.14e-03  [CUDA memset]
      API calls:    83.21  2.07e+03      2000  1.033238  0.067600  4.910061  cudaMemcpy
                    12.00  298.0903         5  59.61806  5.86e-03  298.0570  cudaMemcpyToSymbol
                     3.18  79.05486     14003  5.65e-03  4.36e-03  0.530366  cudaLaunchKernel
                     0.84  20.94989         7  2.992841  0.017713  20.49522  cudaMallocManaged
                     0.19  4.604827         4  1.151206  1.143168  1.164542  cuDeviceTotalMem
                     0.18  4.358913       388  0.011234  1.10e-04  1.285619  cuDeviceGetAttribute
                     0.13  3.343005     28003  1.19e-04  8.60e-05  0.012377  cudaGetLastError
                     0.10  2.528737         1  2.528737  2.528737  2.528737  cudaMemset
                     0.07  1.805452        10  0.180545  4.18e-04  0.712862  cudaFree
                     0.04  1.016031         2  0.508015  8.83e-03  1.007200  cudaThreadSynchronize
                     0.03  0.834232         1  0.834232  0.834232  0.834232  cudaGetDeviceProperties
                     0.01  0.287856         4  0.071964  0.067848  0.079070  cuDeviceGetName
                     0.00  0.052157         3  0.017385  5.13e-03  0.029757  cudaMemAdvise
                     0.00  9.91e-03         4  2.48e-03  1.19e-03  5.79e-03  cuDeviceGetPCIBusId
                     0.00  7.82e-03         1  7.82e-03  7.82e-03  7.82e-03  cudaSetDevice
                     0.00  2.59e-03         8  3.23e-04  1.59e-04  8.34e-04  cuDeviceGet
                     0.00  1.90e-03         1  1.90e-03  1.90e-03  1.90e-03  cudaGetDevice
                     0.00  1.20e-03         3  3.99e-04  1.20e-04  7.49e-04  cuDeviceGetCount
                     0.00  8.81e-04         4  2.20e-04  1.70e-04  2.65e-04  cuDeviceGetUuid

==64391== Unified Memory profiling result:
Device "Tesla V100-PCIE-32GB (0)"
   Count  Avg Size  Min Size  Max Size  Total Size  Total Time  Name
     314  37.643KB  4.0000KB  852.00KB  11.54297MB    1.782496ms  Host To Device
      44         -         -         -           -    6.745888ms  Gpu page fault groups
      22  165.27KB  64.000KB  564.00KB  3.550781MB           -  Remote mapping from device
Total CPU Page faults: 313
Total remote mappings to CPU: 22
