==44279== NVPROF is profiling process 44279, command: ./cfd_1521 ../../../data/cfd/fvcorr.domn.097K
==44279== Profiling application: ./cfd_1521 ../../../data/cfd/fvcorr.domn.097K
==44279== Profiling result:
            Type  Time(%)      Time     Calls       Avg       Min       Max  Name
                        %        ms                  ms        ms        ms
 GPU activities:    73.58  215.6176      6000  0.035936  0.033184  1.941589  cuda_compute_flux(int, int*, float*, float*, float*)
                    18.75  54.95142      6000  9.16e-03  7.81e-03  0.011232  cuda_time_step(int, int, float*, float*, float*, float*)
                     4.08  11.94266      2000  5.97e-03  5.82e-03  0.012192  [CUDA memcpy DtoD]
                     3.18  9.328238      2000  4.66e-03  4.22e-03  0.354110  cuda_compute_step_factor(int, float*, float*, float*)
                     0.41  1.190106         3  0.396702  0.266655  0.537501  cuda_initialize_variables(int, float*)
                     0.00  7.46e-03         5  1.49e-03  1.41e-03  1.79e-03  [CUDA memcpy HtoD]
                     0.00  1.70e-03         1  1.70e-03  1.70e-03  1.70e-03  [CUDA memset]
      API calls:    45.46  302.4653         5  60.49307  5.62e-03  302.4267  cudaMemcpyToSymbol
                    37.56  249.8916      2000  0.124945  0.047180  2.381642  cudaMemcpy
                    11.64  77.42701     14003  5.53e-03  4.20e-03  0.437359  cudaLaunchKernel
                     3.10  20.59486         7  2.942122  0.011226  20.43216  cudaMallocManaged
                     0.71  4.721828         4  1.180457  1.160969  1.209769  cuDeviceTotalMem
                     0.52  3.442193       388  8.87e-03  1.09e-04  0.367847  cuDeviceGetAttribute
                     0.48  3.178377     28003  1.13e-04  8.50e-05  0.011919  cudaGetLastError
                     0.20  1.304528         1  1.304528  1.304528  1.304528  cudaMemset
                     0.17  1.160292        10  0.116029  4.18e-04  0.411618  cudaFree
                     0.12  0.831009         1  0.831009  0.831009  0.831009  cudaGetDeviceProperties
                     0.04  0.297904         4  0.074476  0.070056  0.078010  cuDeviceGetName
                     0.00  0.024130         3  8.04e-03  2.23e-03  0.016002  cudaMemAdvise
                     0.00  0.011809         2  5.90e-03  4.61e-03  7.20e-03  cudaThreadSynchronize
                     0.00  9.89e-03         4  2.47e-03  1.18e-03  5.06e-03  cuDeviceGetPCIBusId
                     0.00  8.67e-03         1  8.67e-03  8.67e-03  8.67e-03  cudaSetDevice
                     0.00  2.60e-03         8  3.25e-04  1.80e-04  6.25e-04  cuDeviceGet
                     0.00  2.19e-03         1  2.19e-03  2.19e-03  2.19e-03  cudaGetDevice
                     0.00  1.35e-03         3  4.49e-04  1.40e-04  7.06e-04  cuDeviceGetCount
                     0.00  8.90e-04         4  2.22e-04  1.76e-04  2.67e-04  cuDeviceGetUuid

==44279== Unified Memory profiling result:
Device "Tesla V100-PCIE-32GB (0)"
   Count  Avg Size  Min Size  Max Size  Total Size  Total Time  Name
     150  43.039KB  4.0000KB  840.00KB  6.304688MB    0.899936ms  Host To Device
      24         -         -         -           -    3.634304ms  Gpu page fault groups
Total CPU Page faults: 1155
