==64764== NVPROF is profiling process 64764, command: ./cfd_0142 ../../../data/cfd/missile.domn.0.2M
==64764== Profiling application: ./cfd_0142 ../../../data/cfd/missile.domn.0.2M
==64764== Profiling result:
            Type  Time(%)      Time     Calls       Avg       Min       Max  Name
                        %        ms                  ms        ms        ms
 GPU activities:    90.57  1.92e+03      6000  0.319736  0.311006  5.592670  cuda_compute_flux(int, int*, float*, float*, float*)
                     6.59  139.5022      6000  0.023250  0.020960  0.026624  cuda_time_step(int, int, float*, float*, float*, float*)
                     1.46  30.91194      2000  0.015455  0.014528  0.023584  [CUDA memcpy DtoD]
                     1.28  27.09104      2000  0.013545  0.011583  0.682396  cuda_compute_step_factor(int, float*, float*, float*)
                     0.11  2.285618         3  0.761872  0.674491  0.935323  cuda_initialize_variables(int, float*)
                     0.00  7.42e-03         5  1.48e-03  1.41e-03  1.79e-03  [CUDA memcpy HtoD]
                     0.00  4.42e-03         1  4.42e-03  4.42e-03  4.42e-03  [CUDA memset]
      API calls:    83.33  2.07e+03      2000  1.033221  0.069145  6.970466  cudaMemcpy
                    11.92  295.6438         5  59.12876  6.06e-03  295.6101  cudaMemcpyToSymbol
                     3.15  78.00649     14003  5.57e-03  4.31e-03  0.443585  cudaLaunchKernel
                     0.84  20.94950         7  2.992785  0.016993  20.51495  cudaMallocManaged
                     0.19  4.651321         4  1.162830  1.141834  1.210692  cuDeviceTotalMem
                     0.17  4.251959     28003  1.51e-04  8.50e-05  0.456130  cudaGetLastError
                     0.14  3.406136       388  8.78e-03  1.08e-04  0.376459  cuDeviceGetAttribute
                     0.10  2.536794         1  2.536794  2.536794  2.536794  cudaMemset
                     0.07  1.828392        10  0.182839  4.51e-04  0.774048  cudaFree
                     0.04  1.019749         2  0.509874  8.09e-03  1.011659  cudaThreadSynchronize
                     0.03  0.847555         1  0.847555  0.847555  0.847555  cudaGetDeviceProperties
                     0.01  0.281388         4  0.070347  0.067808  0.072866  cuDeviceGetName
                     0.00  0.028056         3  9.35e-03  2.46e-03  0.015047  cudaMemAdvise
                     0.00  9.13e-03         4  2.28e-03  1.25e-03  5.05e-03  cuDeviceGetPCIBusId
                     0.00  7.21e-03         1  7.21e-03  7.21e-03  7.21e-03  cudaSetDevice
                     0.00  2.53e-03         8  3.16e-04  1.90e-04  5.23e-04  cuDeviceGet
                     0.00  1.92e-03         1  1.92e-03  1.92e-03  1.92e-03  cudaGetDevice
                     0.00  1.42e-03         3  4.74e-04  1.23e-04  7.85e-04  cuDeviceGetCount
                     0.00  8.35e-04         4  2.08e-04  1.76e-04  2.48e-04  cuDeviceGetUuid

==64764== Unified Memory profiling result:
Device "Tesla V100-PCIE-32GB (0)"
   Count  Avg Size  Min Size  Max Size  Total Size  Total Time  Name
     243  48.642KB  4.0000KB  884.00KB  11.54297MB    1.634560ms  Host To Device
      65         -         -         -           -    9.223872ms  Gpu page fault groups
     531  6.8467KB  4.0000KB  60.000KB  3.550781MB           -  Remote mapping from device
Total CPU Page faults: 295
Total remote mappings to CPU: 531
