==3478== NVPROF is profiling process 3478, command: ./cfd_0233 ../../../data/cfd/fvcorr.domn.193K
==3478== Profiling application: ./cfd_0233 ../../../data/cfd/fvcorr.domn.193K
==3478== Profiling result:
            Type  Time(%)      Time     Calls       Avg       Min       Max  Name
                        %        ms                  ms        ms        ms
 GPU activities:    97.49  6.09e+03      6000  1.015099  1.002522  1.138169  cuda_compute_flux(int, int*, float*, float*, float*)
                     1.82  113.4481      6000  0.018908  0.017504  0.023200  cuda_time_step(int, int, float*, float*, float*, float*)
                     0.34  21.02901      2000  0.010514  9.86e-03  0.013760  [CUDA memcpy DtoD]
                     0.33  20.42948      2000  0.010214  9.15e-03  0.793339  cuda_compute_step_factor(int, float*, float*, float*)
                     0.03  1.982452         3  0.660817  0.577341  0.799387  cuda_initialize_variables(int, float*)
                     0.00  7.42e-03         5  1.48e-03  1.41e-03  1.79e-03  [CUDA memcpy HtoD]
                     0.00  2.05e-03         1  2.05e-03  2.05e-03  2.05e-03  [CUDA memset]
      API calls:    93.69  6.19e+03      2000  3.097342  0.057622  3.900333  cudaMemcpy
                     4.48  296.3664         5  59.27328  5.77e-03  296.3332  cudaMemcpyToSymbol
                     1.21  79.86009     14003  5.70e-03  4.48e-03  0.437770  cudaLaunchKernel
                     0.31  20.82062         7  2.974374  6.96e-03  20.47111  cudaMallocManaged
                     0.07  4.683246         4  1.170811  1.143422  1.226071  cuDeviceTotalMem
                     0.05  3.409296     28003  1.21e-04  8.50e-05  0.011748  cudaGetLastError
                     0.05  3.370555       388  8.69e-03  1.07e-04  0.370602  cuDeviceGetAttribute
                     0.05  3.100145         2  1.550072  8.17e-03  3.091971  cudaThreadSynchronize
                     0.03  2.210148         1  2.210148  2.210148  2.210148  cudaMemset
                     0.03  2.005660        10  0.200566  4.28e-04  0.952633  cudaFree
                     0.01  0.827673         1  0.827673  0.827673  0.827673  cudaGetDeviceProperties
                     0.00  0.308083         4  0.077020  0.069571  0.084226  cuDeviceGetName
                     0.00  0.024723         3  8.24e-03  1.56e-03  0.017304  cudaMemAdvise
                     0.00  8.99e-03         4  2.25e-03  1.19e-03  5.01e-03  cuDeviceGetPCIBusId
                     0.00  6.89e-03         1  6.89e-03  6.89e-03  6.89e-03  cudaSetDevice
                     0.00  4.61e-03         4  1.15e-03  1.81e-04  3.99e-03  cuDeviceGetUuid
                     0.00  2.58e-03         8  3.22e-04  1.39e-04  6.69e-04  cuDeviceGet
                     0.00  1.91e-03         1  1.91e-03  1.91e-03  1.91e-03  cudaGetDevice
                     0.00  1.34e-03         3  4.48e-04  1.24e-04  8.24e-04  cuDeviceGetCount

==3478== Unified Memory profiling result:
Device "Tesla V100-PCIE-32GB (0)"
   Count  Avg Size  Min Size  Max Size  Total Size  Total Time  Name
      21  36.000KB  4.0000KB  156.00KB  756.0000KB    0.123168ms  Host To Device
      24         -         -         -           -    3.050368ms  Gpu page fault groups
      89  135.91KB  64.000KB  448.00KB  11.81250MB           -  Remote mapping from device
Total CPU Page faults: 83
Total remote mappings to CPU: 89
