==5377== NVPROF is profiling process 5377, command: ./cfd_0255 ../../../data/cfd/fvcorr.domn.193K
==5377== Profiling application: ./cfd_0255 ../../../data/cfd/fvcorr.domn.193K
==5377== Profiling result:
            Type  Time(%)      Time     Calls       Avg       Min       Max  Name
                        %        ms                  ms        ms        ms
 GPU activities:    68.86  361.5691      6000  0.060261  0.057663  3.586956  cuda_compute_flux(int, int*, float*, float*, float*)
                    23.03  120.9158      6000  0.020152  0.017856  0.022528  cuda_time_step(int, int, float*, float*, float*, float*)
                     4.00  20.99806      2000  0.010499  9.76e-03  0.013536  [CUDA memcpy DtoD]
                     3.73  19.56398      2000  9.78e-03  8.86e-03  0.606781  cuda_compute_step_factor(int, float*, float*, float*)
                     0.39  2.051924         3  0.683974  0.555805  0.872635  cuda_initialize_variables(int, float*)
                     0.00  7.62e-03         5  1.52e-03  1.38e-03  1.79e-03  [CUDA memcpy HtoD]
                     0.00  2.08e-03         1  2.08e-03  2.08e-03  2.08e-03  [CUDA memset]
      API calls:    53.79  477.1507      2000  0.238575  0.036359  4.345770  cudaMemcpy
                    33.29  295.2657         5  59.05314  6.86e-03  295.2314  cudaMemcpyToSymbol
                     8.58  76.12697     14003  5.44e-03  4.18e-03  0.516120  cudaLaunchKernel
                     2.34  20.76961         7  2.967087  7.32e-03  20.43636  cudaMallocManaged
                     0.52  4.583150         4  1.145787  1.137418  1.154383  cuDeviceTotalMem
                     0.49  4.377593       388  0.011282  1.09e-04  1.285584  cuDeviceGetAttribute
                     0.39  3.431093     28003  1.22e-04  8.50e-05  0.012577  cudaGetLastError
                     0.25  2.236016         1  2.236016  2.236016  2.236016  cudaMemset
                     0.19  1.653986        10  0.165398  4.24e-04  0.677932  cudaFree
                     0.09  0.836387         1  0.836387  0.836387  0.836387  cudaGetDeviceProperties
                     0.03  0.283948         4  0.070987  0.068113  0.075014  cuDeviceGetName
                     0.03  0.232804         2  0.116402  7.43e-03  0.225370  cudaThreadSynchronize
                     0.00  0.024010         3  8.00e-03  1.63e-03  0.017262  cudaMemAdvise
                     0.00  9.58e-03         4  2.39e-03  1.28e-03  5.31e-03  cuDeviceGetPCIBusId
                     0.00  7.35e-03         1  7.35e-03  7.35e-03  7.35e-03  cudaSetDevice
                     0.00  2.68e-03         8  3.34e-04  1.60e-04  5.53e-04  cuDeviceGet
                     0.00  1.82e-03         1  1.82e-03  1.82e-03  1.82e-03  cudaGetDevice
                     0.00  1.35e-03         3  4.51e-04  1.41e-04  8.13e-04  cuDeviceGetCount
                     0.00  8.33e-04         4  2.08e-04  1.84e-04  2.47e-04  cuDeviceGetUuid

==5377== Unified Memory profiling result:
Device "Tesla V100-PCIE-32GB (0)"
   Count  Avg Size  Min Size  Max Size  Total Size  Total Time  Name
     358  35.899KB  4.0000KB  992.00KB  12.55078MB    1.988288ms  Host To Device
      37         -         -         -           -    6.488352ms  Gpu page fault groups
Total CPU Page faults: 83
