==61081== NVPROF is profiling process 61081, command: ./cfd_0053 ../../../data/cfd/missile.domn.0.2M
==61081== Profiling application: ./cfd_0053 ../../../data/cfd/missile.domn.0.2M
==61081== Profiling result:
            Type  Time(%)      Time     Calls       Avg       Min       Max  Name
                        %        ms                  ms        ms        ms
 GPU activities:    96.51  5.52e+03      6000  0.919351  0.907195  2.336690  cuda_compute_flux(int, int*, float*, float*, float*)
                     2.43  138.6107      6000  0.023101  0.021216  0.026783  cuda_time_step(int, int, float*, float*, float*, float*)
                     0.54  30.94661      2000  0.015473  0.014624  0.022016  [CUDA memcpy DtoD]
                     0.47  27.10826      2000  0.013554  0.011776  0.241950  cuda_compute_step_factor(int, float*, float*, float*)
                     0.04  2.512177         3  0.837392  0.761851  0.922043  cuda_initialize_variables(int, float*)
                     0.00  7.39e-03         5  1.48e-03  1.41e-03  1.76e-03  [CUDA memcpy HtoD]
                     0.00  2.34e-03         1  2.34e-03  2.34e-03  2.34e-03  [CUDA memset]
      API calls:    93.11  5.66e+03      2000  2.831913  0.061765  4.515435  cudaMemcpy
                     4.91  298.6118         5  59.72236  5.90e-03  298.5784  cudaMemcpyToSymbol
                     1.28  78.14481     14003  5.58e-03  4.21e-03  0.455671  cudaLaunchKernel
                     0.34  20.95818         7  2.994025  0.018002  20.51163  cudaMallocManaged
                     0.08  4.616544         4  1.154136  1.142419  1.187869  cuDeviceTotalMem
                     0.07  4.409326     28003  1.57e-04  8.60e-05  0.466941  cudaGetLastError
                     0.06  3.400016       388  8.76e-03  1.09e-04  0.366462  cuDeviceGetAttribute
                     0.05  2.804739         2  1.402369  8.71e-03  2.796029  cudaThreadSynchronize
                     0.05  2.794176         1  2.794176  2.794176  2.794176  cudaMemset
                     0.04  2.222418        10  0.222241  4.33e-04  1.155941  cudaFree
                     0.01  0.839544         1  0.839544  0.839544  0.839544  cudaGetDeviceProperties
                     0.00  0.294235         4  0.073558  0.067826  0.085410  cuDeviceGetName
                     0.00  0.028492         2  0.014246  6.17e-03  0.022326  cudaMemAdvise
                     0.00  9.13e-03         4  2.28e-03  1.17e-03  5.25e-03  cuDeviceGetPCIBusId
                     0.00  7.35e-03         1  7.35e-03  7.35e-03  7.35e-03  cudaSetDevice
                     0.00  2.68e-03         8  3.35e-04  1.62e-04  8.45e-04  cuDeviceGet
                     0.00  1.98e-03         1  1.98e-03  1.98e-03  1.98e-03  cudaGetDevice
                     0.00  1.56e-03         3  5.21e-04  1.77e-04  7.97e-04  cuDeviceGetCount
                     0.00  7.62e-04         4  1.90e-04  1.63e-04  2.33e-04  cuDeviceGetUuid

==61081== Unified Memory profiling result:
Device "Tesla V100-PCIE-32GB (0)"
   Count  Avg Size  Min Size  Max Size  Total Size  Total Time  Name
     118  39.491KB  4.0000KB  836.00KB  4.550781MB    0.718784ms  Host To Device
      37         -         -         -           -    4.820480ms  Gpu page fault groups
      75  145.44KB  64.000KB  512.00KB  10.65234MB           -  Remote mapping from device
Total CPU Page faults: 90
Total remote mappings to CPU: 75
