==20131== NVPROF is profiling process 20131, command: ./cfd_1005 ../../../data/cfd/fvcorr.domn.097K
==20131== Profiling application: ./cfd_1005 ../../../data/cfd/fvcorr.domn.097K
==20131== Profiling result:
            Type  Time(%)      Time     Calls       Avg       Min       Max  Name
                        %        ms                  ms        ms        ms
 GPU activities:    73.47  215.0884      6000  0.035848  0.033408  1.615608  cuda_compute_flux(int, int*, float*, float*, float*)
                    18.74  54.85770      6000  9.14e-03  7.74e-03  0.011552  cuda_time_step(int, int, float*, float*, float*, float*)
                     4.09  11.98376      2000  5.99e-03  5.73e-03  0.012864  [CUDA memcpy DtoD]
                     3.27  9.576087      2000  4.79e-03  4.26e-03  0.570973  cuda_compute_step_factor(int, float*, float*, float*)
                     0.42  1.233146         3  0.411048  0.291327  0.529341  cuda_initialize_variables(int, float*)
                     0.00  7.42e-03         5  1.48e-03  1.41e-03  1.79e-03  [CUDA memcpy HtoD]
                     0.00  1.76e-03         1  1.76e-03  1.76e-03  1.76e-03  [CUDA memset]
      API calls:    45.04  295.8128         5  59.16256  6.55e-03  295.7786  cudaMemcpyToSymbol
                    37.85  248.5807      2000  0.124290  0.030720  2.258312  cudaMemcpy
                    11.61  76.23375     14003  5.44e-03  4.28e-03  0.439958  cudaLaunchKernel
                     3.13  20.58121         7  2.940172  0.012107  20.43421  cudaMallocManaged
                     0.69  4.563044         4  1.140761  1.129972  1.171264  cuDeviceTotalMem
                     0.61  3.978657     28003  1.42e-04  8.40e-05  0.486509  cudaGetLastError
                     0.51  3.343194       388  8.62e-03  1.09e-04  0.353100  cuDeviceGetAttribute
                     0.21  1.351119         1  1.351119  1.351119  1.351119  cudaMemset
                     0.16  1.027784        10  0.102778  4.33e-04  0.379314  cudaFree
                     0.13  0.832046         1  0.832046  0.832046  0.832046  cudaGetDeviceProperties
                     0.04  0.278133         4  0.069533  0.067730  0.072472  cuDeviceGetName
                     0.02  0.120997         2  0.060498  5.12e-03  0.115877  cudaThreadSynchronize
                     0.00  0.010322         1  0.010322  0.010322  0.010322  cudaMemAdvise
                     0.00  9.49e-03         4  2.37e-03  1.33e-03  5.18e-03  cuDeviceGetPCIBusId
                     0.00  6.93e-03         1  6.93e-03  6.93e-03  6.93e-03  cudaSetDevice
                     0.00  2.77e-03         8  3.46e-04  1.68e-04  6.38e-04  cuDeviceGet
                     0.00  1.75e-03         1  1.75e-03  1.75e-03  1.75e-03  cudaGetDevice
                     0.00  1.52e-03         3  5.06e-04  1.43e-04  7.71e-04  cuDeviceGetCount
                     0.00  9.53e-04         4  2.38e-04  1.99e-04  2.64e-04  cuDeviceGetUuid

==20131== Unified Memory profiling result:
Device "Tesla V100-PCIE-32GB (0)"
   Count  Avg Size  Min Size  Max Size  Total Size  Total Time  Name
     129  51.193KB  4.0000KB  0.9766MB  6.449219MB    0.859456ms  Host To Device
      23         -         -         -           -    3.547968ms  Gpu page fault groups
Total CPU Page faults: 46
