==61578== NVPROF is profiling process 61578, command: ./cfd_0101 ../../../data/cfd/missile.domn.0.2M
==61578== Profiling application: ./cfd_0101 ../../../data/cfd/missile.domn.0.2M
==61578== Profiling result:
            Type  Time(%)      Time     Calls       Avg       Min       Max  Name
                        %        ms                  ms        ms        ms
 GPU activities:    70.53  477.9607      6000  0.079660  0.068607  4.558821  cuda_compute_flux(int, int*, float*, float*, float*)
                    20.56  139.2993      6000  0.023216  0.021088  0.026784  cuda_time_step(int, int, float*, float*, float*, float*)
                     4.55  30.85502      2000  0.015427  0.014528  0.022208  [CUDA memcpy DtoD]
                     3.99  27.05739      2000  0.013528  0.011423  0.662812  cuda_compute_step_factor(int, float*, float*, float*)
                     0.36  2.452818         3  0.817606  0.766331  0.867931  cuda_initialize_variables(int, float*)
                     0.00  7.33e-03         5  1.47e-03  1.38e-03  1.76e-03  [CUDA memcpy HtoD]
                     0.00  2.05e-03         1  2.05e-03  2.05e-03  2.05e-03  [CUDA memset]
      API calls:    60.52  629.6171      2000  0.314808  0.084209  5.355156  cudaMemcpy
                    28.41  295.5576         5  59.11152  5.84e-03  295.5252  cudaMemcpyToSymbol
                     7.24  75.35544     14003  5.38e-03  4.27e-03  0.148927  cudaLaunchKernel
                     2.02  20.98415         7  2.997735  0.018107  20.51270  cudaMallocManaged
                     0.44  4.620115     28003  1.64e-04  8.40e-05  0.476686  cudaGetLastError
                     0.44  4.583341         4  1.145835  1.140871  1.152384  cuDeviceTotalMem
                     0.33  3.387264       388  8.73e-03  1.09e-04  0.364353  cuDeviceGetAttribute
                     0.27  2.775137         1  2.775137  2.775137  2.775137  cudaMemset
                     0.19  1.967602        10  0.196760  5.61e-04  0.924088  cudaFree
                     0.08  0.836669         1  0.836669  0.836669  0.836669  cudaGetDeviceProperties
                     0.03  0.308042         2  0.154021  0.014496  0.293546  cudaThreadSynchronize
                     0.03  0.278785         4  0.069696  0.067586  0.072613  cuDeviceGetName
                     0.00  0.035242         2  0.017621  4.99e-03  0.030256  cudaMemAdvise
                     0.00  0.014090         4  3.52e-03  1.20e-03  6.09e-03  cuDeviceGetPCIBusId
                     0.00  7.05e-03         1  7.05e-03  7.05e-03  7.05e-03  cudaSetDevice
                     0.00  2.33e-03         8  2.91e-04  1.51e-04  5.47e-04  cuDeviceGet
                     0.00  1.84e-03         1  1.84e-03  1.84e-03  1.84e-03  cudaGetDevice
                     0.00  1.33e-03         3  4.42e-04  1.59e-04  6.90e-04  cuDeviceGetCount
                     0.00  8.43e-04         4  2.10e-04  1.82e-04  2.57e-04  cuDeviceGetUuid

==61578== Unified Memory profiling result:
Device "Tesla V100-PCIE-32GB (0)"
   Count  Avg Size  Min Size  Max Size  Total Size  Total Time  Name
     444  34.811KB  4.0000KB  884.00KB  15.09375MB    2.464352ms  Host To Device
      46         -         -         -           -    8.867104ms  Gpu page fault groups
Total CPU Page faults: 2975
