==31654== NVPROF is profiling process 31654, command: ./cfd_1240 ../../../data/cfd/fvcorr.domn.097K
==31654== Profiling application: ./cfd_1240 ../../../data/cfd/fvcorr.domn.097K
==31654== Profiling result:
            Type  Time(%)      Time     Calls       Avg       Min       Max  Name
                        %        ms                  ms        ms        ms
 GPU activities:    91.01  842.9747      6000  0.140495  0.134495  2.742417  cuda_compute_flux(int, int*, float*, float*, float*)
                     5.96  55.23773      6000  9.21e-03  7.65e-03  0.011136  cuda_time_step(int, int, float*, float*, float*, float*)
                     1.59  14.76040      2000  7.38e-03  6.75e-03  0.269311  cuda_compute_step_factor(int, float*, float*, float*)
                     1.29  11.93223      2000  5.97e-03  5.79e-03  0.013023  [CUDA memcpy DtoD]
                     0.14  1.281145         3  0.427048  0.298814  0.549821  cuda_initialize_variables(int, float*)
                     0.00  7.39e-03         5  1.48e-03  1.38e-03  1.79e-03  [CUDA memcpy HtoD]
                     0.00  1.66e-03         1  1.66e-03  1.66e-03  1.66e-03  [CUDA memset]
      API calls:    68.40  880.1915      2000  0.440095  0.047242  3.295605  cudaMemcpy
                    22.91  294.8139         5  58.96278  6.14e-03  294.7803  cudaMemcpyToSymbol
                     5.83  75.02719     14003  5.36e-03  4.24e-03  0.084043  cudaLaunchKernel
                     1.60  20.56754         7  2.938220  0.011263  20.43083  cudaMallocManaged
                     0.35  4.561642         4  1.140410  1.123848  1.164792  cuDeviceTotalMem
                     0.31  4.005578     28003  1.43e-04  8.60e-05  0.436015  cudaGetLastError
                     0.27  3.440218       388  8.87e-03  1.10e-04  0.366764  cuDeviceGetAttribute
                     0.11  1.415308         1  1.415308  1.415308  1.415308  cudaMemset
                     0.09  1.126154        10  0.112615  4.68e-04  0.429057  cudaFree
                     0.07  0.837378         1  0.837378  0.837378  0.837378  cudaGetDeviceProperties
                     0.03  0.435558         2  0.217779  5.19e-03  0.430370  cudaThreadSynchronize
                     0.02  0.288188         4  0.072047  0.068879  0.073942  cuDeviceGetName
                     0.00  0.021985         2  0.010992  4.89e-03  0.017097  cudaMemAdvise
                     0.00  8.89e-03         4  2.22e-03  1.17e-03  4.98e-03  cuDeviceGetPCIBusId
                     0.00  7.40e-03         1  7.40e-03  7.40e-03  7.40e-03  cudaSetDevice
                     0.00  2.46e-03         8  3.07e-04  1.81e-04  7.14e-04  cuDeviceGet
                     0.00  1.84e-03         1  1.84e-03  1.84e-03  1.84e-03  cudaGetDevice
                     0.00  1.41e-03         3  4.68e-04  1.19e-04  7.56e-04  cuDeviceGetCount
                     0.00  8.42e-04         4  2.10e-04  1.90e-04  2.39e-04  cuDeviceGetUuid

==31654== Unified Memory profiling result:
Device "Tesla V100-PCIE-32GB (0)"
   Count  Avg Size  Min Size  Max Size  Total Size  Total Time  Name
     108  45.666KB  4.0000KB  880.00KB  4.816406MB    0.708640ms  Host To Device
      36         -         -         -           -    4.658624ms  Gpu page fault groups
     239  6.3760KB  4.0000KB  60.000KB  1.488281MB           -  Remote mapping from device
Total CPU Page faults: 38
Total remote mappings to CPU: 239
