==34090== NVPROF is profiling process 34090, command: ./cfd_1311 ../../../data/cfd/fvcorr.domn.193K
==34090== Profiling application: ./cfd_1311 ../../../data/cfd/fvcorr.domn.193K
==34090== Profiling result:
            Type  Time(%)      Time     Calls       Avg       Min       Max  Name
                        %        ms                  ms        ms        ms
 GPU activities:    56.12  362.2017      6000  0.060366  0.057536  3.901675  cuda_compute_flux(int, int*, float*, float*, float*)
                    21.70  140.0281      2000  0.070014  0.068160  0.103231  cuda_compute_step_factor(int, float*, float*, float*)
                    18.63  120.2084      6000  0.020034  0.018175  0.022368  cuda_time_step(int, int, float*, float*, float*, float*)
                     3.23  20.82622      2000  0.010413  9.73e-03  0.013472  [CUDA memcpy DtoD]
                     0.32  2.089749         3  0.696583  0.649532  0.781468  cuda_initialize_variables(int, float*)
                     0.00  7.36e-03         5  1.47e-03  1.38e-03  1.76e-03  [CUDA memcpy HtoD]
                     0.00  2.05e-03         1  2.05e-03  2.05e-03  2.05e-03  [CUDA memset]
      API calls:    59.37  596.9781      2000  0.298489  0.046551  4.108252  cudaMemcpy
                    29.13  292.9346         5  58.58693  6.01e-03  292.9019  cudaMemcpyToSymbol
                     7.64  76.86366     14003  5.49e-03  4.22e-03  0.519269  cudaLaunchKernel
                     2.07  20.76919         7  2.967026  7.71e-03  20.42732  cudaMallocManaged
                     0.45  4.519136         4  1.129784  1.123596  1.139547  cuDeviceTotalMem
                     0.43  4.345028       388  0.011198  1.09e-04  1.235031  cuDeviceGetAttribute
                     0.38  3.861851     28003  1.37e-04  8.40e-05  0.440263  cudaGetLastError
                     0.23  2.318116         1  2.318116  2.318116  2.318116  cudaMemset
                     0.15  1.501965        10  0.150196  4.22e-04  0.610682  cudaFree
                     0.08  0.852970         1  0.852970  0.852970  0.852970  cudaGetDeviceProperties
                     0.03  0.300190         2  0.150095  0.013476  0.286714  cudaThreadSynchronize
                     0.03  0.281307         4  0.070326  0.067723  0.073391  cuDeviceGetName
                     0.00  0.021029         3  7.01e-03  1.58e-03  0.017001  cudaMemAdvise
                     0.00  9.51e-03         4  2.38e-03  1.15e-03  5.62e-03  cuDeviceGetPCIBusId
                     0.00  7.24e-03         1  7.24e-03  7.24e-03  7.24e-03  cudaSetDevice
                     0.00  2.49e-03         8  3.11e-04  1.61e-04  5.40e-04  cuDeviceGet
                     0.00  1.90e-03         1  1.90e-03  1.90e-03  1.90e-03  cudaGetDevice
                     0.00  1.27e-03         3  4.24e-04  1.58e-04  7.09e-04  cuDeviceGetCount
                     0.00  8.13e-04         4  2.03e-04  1.68e-04  2.72e-04  cuDeviceGetUuid

==34090== Unified Memory profiling result:
Device "Tesla V100-PCIE-32GB (0)"
   Count  Avg Size  Min Size  Max Size  Total Size  Total Time  Name
     290  41.710KB  4.0000KB  0.9805MB  11.81250MB    1.761952ms  Host To Device
      34         -         -         -           -    6.397088ms  Gpu page fault groups
       5  151.20KB  64.000KB  256.00KB  756.0000KB           -  Remote mapping from device
Total CPU Page faults: 3029
Total remote mappings to CPU: 5
