==35081== NVPROF is profiling process 35081, command: ./cfd_1323 ../../../data/cfd/fvcorr.domn.193K
==35081== Profiling application: ./cfd_1323 ../../../data/cfd/fvcorr.domn.193K
==35081== Profiling result:
            Type  Time(%)      Time     Calls       Avg       Min       Max  Name
                        %        ms                  ms        ms        ms
 GPU activities:    94.28  4.58e+03      6000  0.764013  0.754043  2.024693  cuda_compute_flux(int, int*, float*, float*, float*)
                     2.88  140.0748      2000  0.070037  0.068448  0.092383  cuda_compute_step_factor(int, float*, float*, float*)
                     2.36  114.5531      6000  0.019092  0.017408  0.022688  cuda_time_step(int, int, float*, float*, float*, float*)
                     0.43  21.14529      2000  0.010572  9.89e-03  0.013120  [CUDA memcpy DtoD]
                     0.04  2.157268         3  0.719089  0.591293  0.959771  cuda_initialize_variables(int, float*)
                     0.00  7.42e-03         5  1.48e-03  1.41e-03  1.79e-03  [CUDA memcpy HtoD]
                     0.00  2.05e-03         1  2.05e-03  2.05e-03  2.05e-03  [CUDA memset]
      API calls:    92.06  4.81e+03      2000  2.405750  0.062003  3.695207  cudaMemcpy
                     5.66  295.6791         5  59.13581  6.93e-03  295.6448  cudaMemcpyToSymbol
                     1.48  77.45972     14003  5.53e-03  4.11e-03  0.474437  cudaLaunchKernel
                     0.40  20.96635         7  2.995193  7.23e-03  20.57987  cudaMallocManaged
                     0.09  4.622773         4  1.155693  1.138184  1.187243  cuDeviceTotalMem
                     0.09  4.512057       388  0.011629  1.10e-04  1.269008  cuDeviceGetAttribute
                     0.07  3.768753     28003  1.34e-04  8.50e-05  0.012822  cudaGetLastError
                     0.05  2.445692         2  1.222846  7.74e-03  2.437951  cudaThreadSynchronize
                     0.04  2.334390         1  2.334390  2.334390  2.334390  cudaMemset
                     0.04  1.978271        10  0.197827  4.14e-04  1.061099  cudaFree
                     0.02  0.866799         1  0.866799  0.866799  0.866799  cudaGetDeviceProperties
                     0.01  0.293766         4  0.073441  0.067722  0.079838  cuDeviceGetName
                     0.00  0.024508         3  8.17e-03  1.75e-03  0.016575  cudaMemAdvise
                     0.00  9.03e-03         4  2.26e-03  1.15e-03  5.01e-03  cuDeviceGetPCIBusId
                     0.00  7.37e-03         1  7.37e-03  7.37e-03  7.37e-03  cudaSetDevice
                     0.00  2.22e-03         8  2.78e-04  1.60e-04  6.96e-04  cuDeviceGet
                     0.00  1.99e-03         1  1.99e-03  1.99e-03  1.99e-03  cudaGetDevice
                     0.00  1.31e-03         3  4.35e-04  1.49e-04  7.06e-04  cuDeviceGetCount
                     0.00  7.97e-04         4  1.99e-04  1.65e-04  2.61e-04  cuDeviceGetUuid

==35081== Unified Memory profiling result:
Device "Tesla V100-PCIE-32GB (0)"
   Count  Avg Size  Min Size  Max Size  Total Size  Total Time  Name
      74  40.864KB  4.0000KB  532.00KB  2.953125MB    0.550304ms  Host To Device
      31         -         -         -           -    4.452832ms  Gpu page fault groups
      72  136.50KB  64.000KB  448.00KB  9.597656MB           -  Remote mapping from device
Total CPU Page faults: 83
Total remote mappings to CPU: 72
