==20480== NVPROF is profiling process 20480, command: ./cfd_1012 ../../../data/cfd/fvcorr.domn.097K
==20480== Profiling application: ./cfd_1012 ../../../data/cfd/fvcorr.domn.097K
==20480== Profiling result:
            Type  Time(%)      Time     Calls       Avg       Min       Max  Name
                        %        ms                  ms        ms        ms
 GPU activities:    73.51  215.6123      6000  0.035935  0.033311  1.891382  cuda_compute_flux(int, int*, float*, float*, float*)
                    18.73  54.92889      6000  9.15e-03  7.71e-03  0.011296  cuda_time_step(int, int, float*, float*, float*, float*)
                     4.14  12.13847      2000  6.07e-03  5.79e-03  0.047200  [CUDA memcpy DtoD]
                     3.25  9.519609      2000  4.76e-03  4.26e-03  0.528957  cuda_compute_step_factor(int, float*, float*, float*)
                     0.37  1.089338         3  0.363112  0.190591  0.618908  cuda_initialize_variables(int, float*)
                     0.00  7.71e-03         5  1.54e-03  1.38e-03  2.11e-03  [CUDA memcpy HtoD]
                     0.00  1.66e-03         1  1.66e-03  1.66e-03  1.66e-03  [CUDA memset]
      API calls:    45.04  297.0593         5  59.41185  6.51e-03  297.0248  cudaMemcpyToSymbol
                    37.85  249.6291      2000  0.124814  0.026811  2.491523  cudaMemcpy
                    11.59  76.46402     14003  5.46e-03  4.31e-03  0.463994  cudaLaunchKernel
                     3.14  20.72652         7  2.960930  0.011138  20.55654  cudaMallocManaged
                     0.71  4.701455         4  1.175363  1.137970  1.234746  cuDeviceTotalMem
                     0.58  3.807962     28003  1.35e-04  8.40e-05  0.433455  cudaGetLastError
                     0.52  3.452302       388  8.90e-03  1.08e-04  0.388696  cuDeviceGetAttribute
                     0.18  1.209094         1  1.209094  1.209094  1.209094  cudaMemset
                     0.18  1.181837        10  0.118183  4.63e-04  0.426286  cudaFree
                     0.13  0.832626         1  0.832626  0.832626  0.832626  cudaGetDeviceProperties
                     0.04  0.292163         4  0.073040  0.067543  0.079310  cuDeviceGetName
                     0.02  0.121443         2  0.060721  4.65e-03  0.116789  cudaThreadSynchronize
                     0.01  0.035596         2  0.017798  8.59e-03  0.027007  cudaMemAdvise
                     0.00  8.96e-03         4  2.24e-03  1.17e-03  4.94e-03  cuDeviceGetPCIBusId
                     0.00  6.85e-03         1  6.85e-03  6.85e-03  6.85e-03  cudaSetDevice
                     0.00  2.63e-03         8  3.28e-04  1.77e-04  7.77e-04  cuDeviceGet
                     0.00  1.78e-03         1  1.78e-03  1.78e-03  1.78e-03  cudaGetDevice
                     0.00  1.37e-03         3  4.56e-04  1.25e-04  7.14e-04  cuDeviceGetCount
                     0.00  8.30e-04         4  2.07e-04  1.85e-04  2.61e-04  cuDeviceGetUuid

==20480== Unified Memory profiling result:
Device "Tesla V100-PCIE-32GB (0)"
   Count  Avg Size  Min Size  Max Size  Total Size  Total Time  Name
     150  43.039KB  4.0000KB  844.00KB  6.304688MB    0.912544ms  Host To Device
      27         -         -         -           -    3.975680ms  Gpu page fault groups
Total CPU Page faults: 417
