==27599== NVPROF is profiling process 27599, command: ./cfd_1144 ../../../data/cfd/fvcorr.domn.097K
==27599== Profiling application: ./cfd_1144 ../../../data/cfd/fvcorr.domn.097K
==27599== Profiling result:
            Type  Time(%)      Time     Calls       Avg       Min       Max  Name
                        %        ms                  ms        ms        ms
 GPU activities:    97.89  3.09e+03      6000  0.515041  0.506525  4.589349  cuda_compute_flux(int, int*, float*, float*, float*)
                     1.39  44.03355      6000  7.34e-03  5.95e-03  9.41e-03  cuda_time_step(int, int, float*, float*, float*, float*)
                     0.38  11.96348      2000  5.98e-03  5.54e-03  0.012735  [CUDA memcpy DtoD]
                     0.30  9.363232      2000  4.68e-03  4.26e-03  0.358558  cuda_compute_step_factor(int, float*, float*, float*)
                     0.04  1.106810         3  0.368936  0.267455  0.484573  cuda_initialize_variables(int, float*)
                     0.00  7.39e-03         5  1.48e-03  1.38e-03  1.79e-03  [CUDA memcpy HtoD]
                     0.00  1.66e-03         1  1.66e-03  1.66e-03  1.66e-03  [CUDA memset]
      API calls:    88.32  3.11e+03      2000  1.554439  0.046019  5.984890  cudaMemcpy
                     8.36  294.4360         5  58.88719  6.75e-03  294.4023  cudaMemcpyToSymbol
                     2.24  78.90175     14003  5.63e-03  4.29e-03  0.420217  cudaLaunchKernel
                     0.59  20.60749         7  2.943926  0.012327  20.46082  cudaMallocManaged
                     0.13  4.509205         4  1.127301  1.122774  1.134826  cuDeviceTotalMem
                     0.12  4.270887     28003  1.52e-04  8.60e-05  0.423582  cudaGetLastError
                     0.10  3.370993       388  8.69e-03  1.07e-04  0.372391  cuDeviceGetAttribute
                     0.04  1.561142         2  0.780571  4.51e-03  1.556628  cudaThreadSynchronize
                     0.03  1.193272         1  1.193272  1.193272  1.193272  cudaMemset
                     0.03  1.087676        10  0.108767  4.09e-04  0.411188  cudaFree
                     0.02  0.849171         1  0.849171  0.849171  0.849171  cudaGetDeviceProperties
                     0.01  0.280295         4  0.070073  0.067587  0.072725  cuDeviceGetName
                     0.00  0.026437         3  8.81e-03  2.33e-03  0.015422  cudaMemAdvise
                     0.00  9.09e-03         4  2.27e-03  1.17e-03  5.08e-03  cuDeviceGetPCIBusId
                     0.00  7.24e-03         1  7.24e-03  7.24e-03  7.24e-03  cudaSetDevice
                     0.00  2.52e-03         8  3.15e-04  1.60e-04  7.01e-04  cuDeviceGet
                     0.00  1.88e-03         1  1.88e-03  1.88e-03  1.88e-03  cudaGetDevice
                     0.00  1.20e-03         3  4.00e-04  1.12e-04  7.49e-04  cuDeviceGetCount
                     0.00  7.67e-04         4  1.91e-04  1.65e-04  2.47e-04  cuDeviceGetUuid

==27599== Unified Memory profiling result:
Device "Tesla V100-PCIE-32GB (0)"
   Count  Avg Size  Min Size  Max Size  Total Size  Total Time  Name
      19  20.000KB  4.0000KB  96.000KB  380.0000KB    0.077216ms  Host To Device
      46         -         -         -           -    6.891872ms  Gpu page fault groups
    1129  5.3809KB  4.0000KB  40.000KB  5.933594MB           -  Remote mapping from device
Total CPU Page faults: 99
Total remote mappings to CPU: 1129
