==15429== NVPROF is profiling process 15429, command: ./cfd_0504 ../../../data/cfd/fvcorr.domn.097K
==15429== Profiling application: ./cfd_0504 ../../../data/cfd/fvcorr.domn.097K
==15429== Profiling result:
            Type  Time(%)      Time     Calls       Avg       Min       Max  Name
                        %        ms                  ms        ms        ms
 GPU activities:    96.98  2.34e+03      6000  0.390454  0.382494  4.241832  cuda_compute_flux(int, int*, float*, float*, float*)
                     2.10  50.77871      6000  8.46e-03  7.07e-03  0.010912  cuda_time_step(int, int, float*, float*, float*, float*)
                     0.49  11.90884      2000  5.95e-03  5.54e-03  0.012768  [CUDA memcpy DtoD]
                     0.39  9.338420      2000  4.67e-03  4.22e-03  0.362462  cuda_compute_step_factor(int, float*, float*, float*)
                     0.04  0.999131         3  0.333043  0.258846  0.466302  cuda_initialize_variables(int, float*)
                     0.00  7.36e-03         5  1.47e-03  1.38e-03  1.76e-03  [CUDA memcpy HtoD]
                     0.00  1.66e-03         1  1.66e-03  1.66e-03  1.66e-03  [CUDA memset]
      API calls:    85.19  2.37e+03      2000  1.184672  0.062310  5.393826  cudaMemcpy
                    10.61  295.0293         5  59.00585  5.94e-03  294.9961  cudaMemcpyToSymbol
                     2.84  78.98291     14003  5.64e-03  4.29e-03  0.461073  cudaLaunchKernel
                     0.75  20.78617         7  2.969452  0.011470  20.64970  cudaMallocManaged
                     0.17  4.634787         4  1.158696  1.137037  1.198133  cuDeviceTotalMem
                     0.15  4.263300       388  0.010987  1.08e-04  0.992471  cuDeviceGetAttribute
                     0.12  3.392841     28003  1.21e-04  8.50e-05  0.019830  cudaGetLastError
                     0.04  1.202528        10  0.120252  4.67e-04  0.467762  cudaFree
                     0.04  1.172203         2  0.586101  4.71e-03  1.167491  cudaThreadSynchronize
                     0.04  1.114908         1  1.114908  1.114908  1.114908  cudaMemset
                     0.03  0.834503         1  0.834503  0.834503  0.834503  cudaGetDeviceProperties
                     0.01  0.279169         4  0.069792  0.067587  0.073805  cuDeviceGetName
                     0.00  0.047282         2  0.023641  3.72e-03  0.043564  cudaMemAdvise
                     0.00  8.79e-03         4  2.20e-03  1.12e-03  4.92e-03  cuDeviceGetPCIBusId
                     0.00  6.85e-03         1  6.85e-03  6.85e-03  6.85e-03  cudaSetDevice
                     0.00  2.39e-03         8  2.99e-04  1.59e-04  8.12e-04  cuDeviceGet
                     0.00  1.89e-03         1  1.89e-03  1.89e-03  1.89e-03  cudaGetDevice
                     0.00  1.24e-03         3  4.12e-04  1.41e-04  7.18e-04  cuDeviceGetCount
                     0.00  8.38e-04         4  2.09e-04  1.81e-04  2.67e-04  cuDeviceGetUuid

==15429== Unified Memory profiling result:
Device "Tesla V100-PCIE-32GB (0)"
   Count  Avg Size  Min Size  Max Size  Total Size  Total Time  Name
      49  41.796KB  4.0000KB  616.00KB  2.000000MB    0.301600ms  Host To Device
      44         -         -         -           -    6.332384ms  Gpu page fault groups
     727  6.2666KB  4.0000KB  60.000KB  4.449219MB           -  Remote mapping from device
Total CPU Page faults: 19
Total remote mappings to CPU: 727
