==42967== NVPROF is profiling process 42967, command: ./cfd_1503 ../../../data/cfd/fvcorr.domn.097K
==42967== Profiling application: ./cfd_1503 ../../../data/cfd/fvcorr.domn.097K
==42967== Profiling result:
            Type  Time(%)      Time     Calls       Avg       Min       Max  Name
                        %        ms                  ms        ms        ms
 GPU activities:    96.97  2.34e+03      6000  0.389470  0.382525  1.232761  cuda_compute_flux(int, int*, float*, float*, float*)
                     2.11  50.73322      6000  8.45e-03  7.23e-03  0.010720  cuda_time_step(int, int, float*, float*, float*, float*)
                     0.49  11.70804      2000  5.85e-03  5.60e-03  0.011872  [CUDA memcpy DtoD]
                     0.39  9.363264      2000  4.68e-03  4.26e-03  0.388509  cuda_compute_step_factor(int, float*, float*, float*)
                     0.05  1.125369         3  0.375123  0.287934  0.485277  cuda_initialize_variables(int, float*)
                     0.00  7.36e-03         5  1.47e-03  1.38e-03  1.79e-03  [CUDA memcpy HtoD]
                     0.00  1.66e-03         1  1.66e-03  1.66e-03  1.66e-03  [CUDA memset]
      API calls:    84.97  2.36e+03      2000  1.180466  0.044331  2.420634  cudaMemcpy
                    10.77  299.2417         5  59.84835  6.50e-03  299.2079  cudaMemcpyToSymbol
                     2.86  79.56729     14003  5.68e-03  4.43e-03  0.466872  cudaLaunchKernel
                     0.75  20.81657         7  2.973795  0.011049  20.66956  cudaMallocManaged
                     0.16  4.574487         4  1.143621  1.139530  1.150471  cuDeviceTotalMem
                     0.15  4.257511       388  0.010972  1.10e-04  1.254189  cuDeviceGetAttribute
                     0.15  4.215555     28003  1.50e-04  8.60e-05  0.460367  cudaGetLastError
                     0.05  1.252960         1  1.252960  1.252960  1.252960  cudaMemset
                     0.04  1.195337         2  0.597668  5.32e-03  1.190013  cudaThreadSynchronize
                     0.04  1.160811        10  0.116081  4.45e-04  0.455084  cudaFree
                     0.03  0.890605         1  0.890605  0.890605  0.890605  cudaGetDeviceProperties
                     0.01  0.280253         4  0.070063  0.067606  0.075019  cuDeviceGetName
                     0.00  0.037070         2  0.018535  2.68e-03  0.034390  cudaMemAdvise
                     0.00  9.12e-03         4  2.28e-03  1.25e-03  4.98e-03  cuDeviceGetPCIBusId
                     0.00  7.31e-03         1  7.31e-03  7.31e-03  7.31e-03  cudaSetDevice
                     0.00  2.39e-03         8  2.98e-04  1.26e-04  7.36e-04  cuDeviceGet
                     0.00  1.80e-03         1  1.80e-03  1.80e-03  1.80e-03  cudaGetDevice
                     0.00  1.38e-03         3  4.59e-04  1.42e-04  7.10e-04  cuDeviceGetCount
                     0.00  7.96e-04         4  1.99e-04  1.76e-04  2.62e-04  cuDeviceGetUuid

==42967== Unified Memory profiling result:
Device "Tesla V100-PCIE-32GB (0)"
   Count  Avg Size  Min Size  Max Size  Total Size  Total Time  Name
      44  46.545KB  4.0000KB  464.00KB  2.000000MB    0.278624ms  Host To Device
      20         -         -         -           -    2.576896ms  Gpu page fault groups
      45  101.24KB  64.000KB  256.00KB  4.449219MB           -  Remote mapping from device
Total CPU Page faults: 49
Total remote mappings to CPU: 45
