==43493== NVPROF is profiling process 43493, command: ./cfd_1511 ../../../data/cfd/fvcorr.domn.097K
==43493== Profiling application: ./cfd_1511 ../../../data/cfd/fvcorr.domn.097K
==43493== Profiling result:
            Type  Time(%)      Time     Calls       Avg       Min       Max  Name
                        %        ms                  ms        ms        ms
 GPU activities:    73.56  215.8550      6000  0.035975  0.033152  2.108532  cuda_compute_flux(int, int*, float*, float*, float*)
                    18.74  54.98325      6000  9.16e-03  7.78e-03  0.011904  cuda_time_step(int, int, float*, float*, float*, float*)
                     4.09  12.00109      2000  6.00e-03  5.76e-03  0.012544  [CUDA memcpy DtoD]
                     3.21  9.412755      2000  4.71e-03  4.22e-03  0.419262  cuda_compute_step_factor(int, float*, float*, float*)
                     0.40  1.160922         3  0.386974  0.267583  0.552797  cuda_initialize_variables(int, float*)
                     0.00  7.49e-03         5  1.50e-03  1.41e-03  1.79e-03  [CUDA memcpy HtoD]
                     0.00  1.66e-03         1  1.66e-03  1.66e-03  1.66e-03  [CUDA memset]
      API calls:    45.22  298.4315         5  59.68630  5.77e-03  298.3985  cudaMemcpyToSymbol
                    37.78  249.3822      2000  0.124691  0.023954  2.594003  cudaMemcpy
                    11.50  75.89978     14003  5.42e-03  4.34e-03  0.406970  cudaLaunchKernel
                     3.13  20.62824         7  2.946891  0.011435  20.49103  cudaMallocManaged
                     0.69  4.534442         4  1.133610  1.127429  1.142476  cuDeviceTotalMem
                     0.59  3.889226     28003  1.38e-04  8.50e-05  0.419704  cudaGetLastError
                     0.52  3.448339       388  8.89e-03  1.07e-04  0.372814  cuDeviceGetAttribute
                     0.19  1.256972         1  1.256972  1.256972  1.256972  cudaMemset
                     0.18  1.213383        10  0.121338  4.15e-04  0.403909  cudaFree
                     0.13  0.877483         1  0.877483  0.877483  0.877483  cudaGetDeviceProperties
                     0.04  0.289793         4  0.072448  0.068224  0.080015  cuDeviceGetName
                     0.02  0.118884         2  0.059442  4.77e-03  0.114117  cudaThreadSynchronize
                     0.00  0.023064         3  7.69e-03  1.83e-03  0.016520  cudaMemAdvise
                     0.00  9.47e-03         4  2.37e-03  1.18e-03  4.81e-03  cuDeviceGetPCIBusId
                     0.00  8.58e-03         1  8.58e-03  8.58e-03  8.58e-03  cudaSetDevice
                     0.00  2.60e-03         8  3.25e-04  1.30e-04  6.30e-04  cuDeviceGet
                     0.00  2.18e-03         1  2.18e-03  2.18e-03  2.18e-03  cudaGetDevice
                     0.00  1.34e-03         3  4.48e-04  1.44e-04  7.26e-04  cuDeviceGetCount
                     0.00  8.55e-04         4  2.13e-04  1.91e-04  2.58e-04  cuDeviceGetUuid

==43493== Unified Memory profiling result:
Device "Tesla V100-PCIE-32GB (0)"
   Count  Avg Size  Min Size  Max Size  Total Size  Total Time  Name
     133  48.541KB  4.0000KB  840.00KB  6.304688MB    0.869824ms  Host To Device
      25         -         -         -           -    4.172736ms  Gpu page fault groups
Total CPU Page faults: 1523
