==28218== NVPROF is profiling process 28218, command: ./cfd_1153 ../../../data/cfd/fvcorr.domn.097K
==28218== Profiling application: ./cfd_1153 ../../../data/cfd/fvcorr.domn.097K
==28218== Profiling result:
            Type  Time(%)      Time     Calls       Avg       Min       Max  Name
                        %        ms                  ms        ms        ms
 GPU activities:    96.96  2.34e+03      6000  0.389728  0.382462  1.142713  cuda_compute_flux(int, int*, float*, float*, float*)
                     2.10  50.73651      6000  8.46e-03  7.07e-03  0.010432  cuda_time_step(int, int, float*, float*, float*, float*)
                     0.50  11.94549      2000  5.97e-03  5.57e-03  0.012800  [CUDA memcpy DtoD]
                     0.39  9.352948      2000  4.68e-03  4.26e-03  0.379774  cuda_compute_step_factor(int, float*, float*, float*)
                     0.05  1.177017         3  0.392339  0.332511  0.462589  cuda_initialize_variables(int, float*)
                     0.00  7.42e-03         5  1.48e-03  1.41e-03  1.79e-03  [CUDA memcpy HtoD]
                     0.00  1.66e-03         1  1.66e-03  1.66e-03  1.66e-03  [CUDA memset]
      API calls:    85.17  2.36e+03      2000  1.182298  0.046809  2.296371  cudaMemcpy
                    10.61  294.6391         5  58.92782  6.28e-03  294.6038  cudaMemcpyToSymbol
                     2.88  80.04171     14003  5.72e-03  4.32e-03  0.459029  cudaLaunchKernel
                     0.74  20.66116         7  2.951594  0.011195  20.48312  cudaMallocManaged
                     0.17  4.643980         4  1.160995  1.137007  1.185684  cuDeviceTotalMem
                     0.12  3.424157       388  8.82e-03  1.07e-04  0.375356  cuDeviceGetAttribute
                     0.12  3.280190     28003  1.17e-04  8.50e-05  0.011976  cudaGetLastError
                     0.05  1.328579         1  1.328579  1.328579  1.328579  cudaMemset
                     0.04  1.214716        10  0.121471  4.17e-04  0.512557  cudaFree
                     0.04  1.174838         2  0.587419  5.35e-03  1.169485  cudaThreadSynchronize
                     0.03  0.825528         1  0.825528  0.825528  0.825528  cudaGetDeviceProperties
                     0.01  0.279877         4  0.069969  0.067620  0.072522  cuDeviceGetName
                     0.00  0.060261         3  0.020087  6.55e-03  0.030644  cudaMemAdvise
                     0.00  9.19e-03         4  2.30e-03  1.20e-03  5.11e-03  cuDeviceGetPCIBusId
                     0.00  6.99e-03         1  6.99e-03  6.99e-03  6.99e-03  cudaSetDevice
                     0.00  2.63e-03         8  3.29e-04  1.49e-04  6.80e-04  cuDeviceGet
                     0.00  1.84e-03         1  1.84e-03  1.84e-03  1.84e-03  cudaGetDevice
                     0.00  1.27e-03         3  4.22e-04  1.15e-04  7.30e-04  cuDeviceGetCount
                     0.00  8.34e-04         4  2.08e-04  1.75e-04  2.79e-04  cuDeviceGetUuid

==28218== Unified Memory profiling result:
Device "Tesla V100-PCIE-32GB (0)"
   Count  Avg Size  Min Size  Max Size  Total Size  Total Time  Name
      36  52.777KB  4.0000KB  360.00KB  1.855469MB    0.245184ms  Host To Device
      22         -         -         -           -    2.599616ms  Gpu page fault groups
      45  101.24KB  64.000KB  256.00KB  4.449219MB           -  Remote mapping from device
Total CPU Page faults: 140
Total remote mappings to CPU: 45
