==15650== NVPROF is profiling process 15650, command: ./cfd_0505 ../../../data/cfd/missile.domn.0.2M
==15650== Profiling application: ./cfd_0505 ../../../data/cfd/missile.domn.0.2M
==15650== Profiling result:
            Type  Time(%)      Time     Calls       Avg       Min       Max  Name
                        %        ms                  ms        ms        ms
 GPU activities:    70.56  479.0826      6000  0.079847  0.068512  4.958120  cuda_compute_flux(int, int*, float*, float*, float*)
                    20.57  139.6753      6000  0.023279  0.021216  0.026656  cuda_time_step(int, int, float*, float*, float*, float*)
                     4.56  30.95071      2000  0.015475  0.014591  0.022432  [CUDA memcpy DtoD]
                     3.98  26.99640      2000  0.013498  0.011584  0.584542  cuda_compute_step_factor(int, float*, float*, float*)
                     0.34  2.291957         3  0.763985  0.665149  0.830396  cuda_initialize_variables(int, float*)
                     0.00  7.39e-03         5  1.48e-03  1.41e-03  1.76e-03  [CUDA memcpy HtoD]
                     0.00  2.08e-03         1  2.08e-03  2.08e-03  2.08e-03  [CUDA memset]
      API calls:    60.08  624.6400      2000  0.312319  0.090961  5.736704  cudaMemcpy
                    28.55  296.8049         5  59.36098  6.09e-03  296.7705  cudaMemcpyToSymbol
                     7.62  79.27653     14003  5.66e-03  4.65e-03  0.148045  cudaLaunchKernel
                     2.00  20.80785         7  2.972549  0.013355  20.41332  cudaMallocManaged
                     0.45  4.652249         4  1.163062  1.139225  1.220194  cuDeviceTotalMem
                     0.42  4.390786     28003  1.56e-04  8.50e-05  0.417843  cudaGetLastError
                     0.33  3.481925       388  8.97e-03  1.08e-04  0.372840  cuDeviceGetAttribute
                     0.25  2.576189         1  2.576189  2.576189  2.576189  cudaMemset
                     0.15  1.611302        10  0.161130  4.41e-04  0.665920  cudaFree
                     0.08  0.850140         1  0.850140  0.850140  0.850140  cudaGetDeviceProperties
                     0.03  0.303309         2  0.151654  7.91e-03  0.295402  cudaThreadSynchronize
                     0.03  0.281037         4  0.070259  0.067457  0.072706  cuDeviceGetName
                     0.00  0.018196         2  9.10e-03  1.87e-03  0.016327  cudaMemAdvise
                     0.00  9.00e-03         4  2.25e-03  1.15e-03  5.08e-03  cuDeviceGetPCIBusId
                     0.00  7.29e-03         1  7.29e-03  7.29e-03  7.29e-03  cudaSetDevice
                     0.00  2.43e-03         8  3.03e-04  1.35e-04  5.82e-04  cuDeviceGet
                     0.00  1.76e-03         1  1.76e-03  1.76e-03  1.76e-03  cudaGetDevice
                     0.00  1.33e-03         3  4.43e-04  1.58e-04  6.87e-04  cuDeviceGetCount
                     0.00  8.12e-04         4  2.03e-04  1.61e-04  2.72e-04  cuDeviceGetUuid

==15650== Unified Memory profiling result:
Device "Tesla V100-PCIE-32GB (0)"
   Count  Avg Size  Min Size  Max Size  Total Size  Total Time  Name
     480  32.199KB  4.0000KB  848.00KB  15.09375MB    2.572544ms  Host To Device
      44         -         -         -           -    8.395584ms  Gpu page fault groups
Total CPU Page faults: 90
