==42617== NVPROF is profiling process 42617, command: ./cfd_1500 ../../../data/cfd/fvcorr.domn.097K
==42617== Profiling application: ./cfd_1500 ../../../data/cfd/fvcorr.domn.097K
==42617== Profiling result:
            Type  Time(%)      Time     Calls       Avg       Min       Max  Name
                        %        ms                  ms        ms        ms
 GPU activities:    73.53  215.5526      6000  0.035925  0.033344  2.084790  cuda_compute_flux(int, int*, float*, float*, float*)
                    18.74  54.94560      6000  9.16e-03  7.81e-03  0.011488  cuda_time_step(int, int, float*, float*, float*, float*)
                     4.09  12.00173      2000  6.00e-03  5.76e-03  0.013056  [CUDA memcpy DtoD]
                     3.18  9.334824      2000  4.67e-03  4.22e-03  0.327294  cuda_compute_step_factor(int, float*, float*, float*)
                     0.44  1.291705         3  0.430568  0.376702  0.516253  cuda_initialize_variables(int, float*)
                     0.00  7.33e-03         5  1.47e-03  1.38e-03  1.76e-03  [CUDA memcpy HtoD]
                     0.00  1.66e-03         1  1.66e-03  1.66e-03  1.66e-03  [CUDA memset]
      API calls:    44.93  295.1277         5  59.02553  6.05e-03  295.0946  cudaMemcpyToSymbol
                    37.89  248.9038      2000  0.124451  0.025455  2.496912  cudaMemcpy
                    11.58  76.09363     14003  5.43e-03  4.28e-03  0.444730  cudaLaunchKernel
                     3.13  20.55898         7  2.936997  0.011299  20.43914  cudaMallocManaged
                     0.71  4.686917         4  1.171729  1.137701  1.194608  cuDeviceTotalMem
                     0.61  4.031041     28003  1.43e-04  8.60e-05  0.506959  cudaGetLastError
                     0.52  3.406435       388  8.78e-03  1.09e-04  0.371551  cuDeviceGetAttribute
                     0.22  1.420983         1  1.420983  1.420983  1.420983  cudaMemset
                     0.21  1.351544        10  0.135154  4.63e-04  0.417835  cudaFree
                     0.13  0.864608         1  0.864608  0.864608  0.864608  cudaGetDeviceProperties
                     0.05  0.303409         4  0.075852  0.069622  0.090066  cuDeviceGetName
                     0.02  0.123876         2  0.061938  4.62e-03  0.119260  cudaThreadSynchronize
                     0.00  0.017048         1  0.017048  0.017048  0.017048  cudaMemAdvise
                     0.00  9.19e-03         4  2.30e-03  1.19e-03  5.24e-03  cuDeviceGetPCIBusId
                     0.00  7.04e-03         1  7.04e-03  7.04e-03  7.04e-03  cudaSetDevice
                     0.00  2.83e-03         8  3.53e-04  1.57e-04  7.42e-04  cuDeviceGet
                     0.00  1.70e-03         1  1.70e-03  1.70e-03  1.70e-03  cudaGetDevice
                     0.00  1.42e-03         3  4.72e-04  1.38e-04  7.02e-04  cuDeviceGetCount
                     0.00  8.54e-04         4  2.13e-04  1.74e-04  2.71e-04  cuDeviceGetUuid

==42617== Unified Memory profiling result:
Device "Tesla V100-PCIE-32GB (0)"
   Count  Avg Size  Min Size  Max Size  Total Size  Total Time  Name
     115  57.426KB  4.0000KB  904.00KB  6.449219MB    0.826400ms  Host To Device
      25         -         -         -           -    3.825888ms  Gpu page fault groups
Total CPU Page faults: 49
