==19988== NVPROF is profiling process 19988, command: ./cfd_1004 ../../../data/cfd/fvcorr.domn.097K
==19988== Profiling application: ./cfd_1004 ../../../data/cfd/fvcorr.domn.097K
==19988== Profiling result:
            Type  Time(%)      Time     Calls       Avg       Min       Max  Name
                        %        ms                  ms        ms        ms
 GPU activities:    96.96  2.34e+03      6000  0.390566  0.382398  3.975115  cuda_compute_flux(int, int*, float*, float*, float*)
                     2.10  50.83819      6000  8.47e-03  7.20e-03  0.010528  cuda_time_step(int, int, float*, float*, float*, float*)
                     0.49  11.86425      2000  5.93e-03  5.50e-03  0.012288  [CUDA memcpy DtoD]
                     0.40  9.561459      2000  4.78e-03  4.26e-03  0.577244  cuda_compute_step_factor(int, float*, float*, float*)
                     0.05  1.263321         3  0.421107  0.353950  0.532733  cuda_initialize_variables(int, float*)
                     0.00  7.36e-03         5  1.47e-03  1.38e-03  1.76e-03  [CUDA memcpy HtoD]
                     0.00  1.70e-03         1  1.70e-03  1.70e-03  1.70e-03  [CUDA memset]
      API calls:    85.24  2.37e+03      2000  1.185787  0.045457  5.320725  cudaMemcpy
                    10.65  296.2268         5  59.24535  6.08e-03  296.1941  cudaMemcpyToSymbol
                     2.78  77.31154     14003  5.52e-03  4.24e-03  0.425015  cudaLaunchKernel
                     0.74  20.57844         7  2.939777  0.011733  20.44552  cudaMallocManaged
                     0.17  4.613371         4  1.153342  1.138320  1.189640  cuDeviceTotalMem
                     0.14  3.770180     28003  1.34e-04  8.60e-05  0.426895  cudaGetLastError
                     0.12  3.386340       388  8.73e-03  1.09e-04  0.362683  cuDeviceGetAttribute
                     0.05  1.386447         1  1.386447  1.386447  1.386447  cudaMemset
                     0.04  1.173382         2  0.586691  4.90e-03  1.168485  cudaThreadSynchronize
                     0.04  1.138958        10  0.113895  4.29e-04  0.448799  cudaFree
                     0.03  0.884785         1  0.884785  0.884785  0.884785  cudaGetDeviceProperties
                     0.01  0.278016         4  0.069504  0.067630  0.072119  cuDeviceGetName
                     0.00  0.011151         1  0.011151  0.011151  0.011151  cudaMemAdvise
                     0.00  8.91e-03         4  2.23e-03  1.19e-03  4.94e-03  cuDeviceGetPCIBusId
                     0.00  7.13e-03         1  7.13e-03  7.13e-03  7.13e-03  cudaSetDevice
                     0.00  2.52e-03         8  3.15e-04  1.35e-04  7.84e-04  cuDeviceGet
                     0.00  1.85e-03         1  1.85e-03  1.85e-03  1.85e-03  cudaGetDevice
                     0.00  1.26e-03         3  4.20e-04  1.16e-04  7.17e-04  cuDeviceGetCount
                     0.00  8.53e-04         4  2.13e-04  1.97e-04  2.34e-04  cuDeviceGetUuid

==19988== Unified Memory profiling result:
Device "Tesla V100-PCIE-32GB (0)"
   Count  Avg Size  Min Size  Max Size  Total Size  Total Time  Name
      25  81.920KB  4.0000KB  0.9961MB  2.000000MB    0.230688ms  Host To Device
      46         -         -         -           -    6.573280ms  Gpu page fault groups
     746  6.1065KB  4.0000KB  84.000KB  4.449219MB           -  Remote mapping from device
Total CPU Page faults: 16
Total remote mappings to CPU: 746
