==34014== NVPROF is profiling process 34014, command: ./cfd_1310 ../../../data/cfd/missile.domn.0.2M
==34014== Profiling application: ./cfd_1310 ../../../data/cfd/missile.domn.0.2M
==34014== Profiling result:
            Type  Time(%)      Time     Calls       Avg       Min       Max  Name
                        %        ms                  ms        ms        ms
 GPU activities:    57.50  479.6126      6000  0.079935  0.068704  4.405160  cuda_compute_flux(int, int*, float*, float*, float*)
                    20.31  169.4589      2000  0.084729  0.081536  0.112447  cuda_compute_step_factor(int, float*, float*, float*)
                    18.22  151.9909      6000  0.025331  0.023264  0.035583  cuda_time_step(int, int, float*, float*, float*, float*)
                     3.69  30.81191      2000  0.015405  0.014528  0.021664  [CUDA memcpy DtoD]
                     0.27  2.292340         3  0.764113  0.578365  0.886907  cuda_initialize_variables(int, float*)
                     0.00  7.42e-03         5  1.48e-03  1.38e-03  1.82e-03  [CUDA memcpy HtoD]
                     0.00  2.05e-03         1  2.05e-03  2.05e-03  2.05e-03  [CUDA memset]
      API calls:    64.83  779.9467      2000  0.389973  0.035607  4.647146  cudaMemcpy
                    25.15  302.4909         5  60.49819  6.10e-03  302.4577  cudaMemcpyToSymbol
                     6.76  81.28063     14003  5.80e-03  4.56e-03  0.811744  cudaLaunchKernel
                     1.73  20.80151         7  2.971644  0.015136  20.40617  cudaMallocManaged
                     0.38  4.608962         4  1.152240  1.139870  1.181386  cuDeviceTotalMem
                     0.38  4.539130     28003  1.62e-04  8.60e-05  0.441727  cudaGetLastError
                     0.28  3.362057       388  8.66e-03  1.09e-04  0.356964  cuDeviceGetAttribute
                     0.21  2.555599         1  2.555599  2.555599  2.555599  cudaMemset
                     0.15  1.756993        10  0.175699  4.14e-04  0.765131  cudaFree
                     0.08  0.909010         1  0.909010  0.909010  0.909010  cudaGetDeviceProperties
                     0.03  0.379124         2  0.189562  0.010235  0.368889  cudaThreadSynchronize
                     0.02  0.295356         4  0.073839  0.067594  0.080596  cuDeviceGetName
                     0.00  0.021828         2  0.010914  5.02e-03  0.016807  cudaMemAdvise
                     0.00  0.010089         1  0.010089  0.010089  0.010089  cudaGetDevice
                     0.00  9.34e-03         4  2.33e-03  1.21e-03  5.24e-03  cuDeviceGetPCIBusId
                     0.00  7.39e-03         1  7.39e-03  7.39e-03  7.39e-03  cudaSetDevice
                     0.00  2.58e-03         8  3.22e-04  1.27e-04  7.24e-04  cuDeviceGet
                     0.00  1.28e-03         3  4.27e-04  1.37e-04  6.95e-04  cuDeviceGetCount
                     0.00  8.60e-04         4  2.15e-04  1.90e-04  2.65e-04  cuDeviceGetUuid

==34014== Unified Memory profiling result:
Device "Tesla V100-PCIE-32GB (0)"
   Count  Avg Size  Min Size  Max Size  Total Size  Total Time  Name
     397  36.634KB  4.0000KB  980.00KB  14.20313MB    2.266304ms  Host To Device
      39         -         -         -           -    7.394528ms  Gpu page fault groups
       5  182.40KB  64.000KB  400.00KB  912.0000KB           -  Remote mapping from device
Total CPU Page faults: 979
Total remote mappings to CPU: 5
