==39025== NVPROF is profiling process 39025, command: ./cfd_1414 ../../../data/cfd/fvcorr.domn.097K
==39025== Profiling application: ./cfd_1414 ../../../data/cfd/fvcorr.domn.097K
==39025== Profiling result:
            Type  Time(%)      Time     Calls       Avg       Min       Max  Name
                        %        ms                  ms        ms        ms
 GPU activities:    94.40  2.34e+03      6000  0.390328  0.382398  4.066281  cuda_compute_flux(int, int*, float*, float*, float*)
                     3.03  75.14473      2000  0.037572  0.036480  0.605789  cuda_compute_step_factor(int, float*, float*, float*)
                     2.04  50.53382      6000  8.42e-03  7.07e-03  0.010240  cuda_time_step(int, int, float*, float*, float*, float*)
                     0.49  12.04235      2000  6.02e-03  5.60e-03  0.013280  [CUDA memcpy DtoD]
                     0.04  1.072666         3  0.357555  0.234975  0.510717  cuda_initialize_variables(int, float*)
                     0.00  7.39e-03         5  1.48e-03  1.41e-03  1.76e-03  [CUDA memcpy HtoD]
                     0.00  1.66e-03         1  1.66e-03  1.66e-03  1.66e-03  [CUDA memset]
      API calls:    85.49  2.43e+03      2000  1.215624  0.045740  5.463173  cudaMemcpy
                    10.41  296.1368         5  59.22737  5.78e-03  296.1038  cudaMemcpyToSymbol
                     2.76  78.49339     14003  5.61e-03  4.30e-03  0.429369  cudaLaunchKernel
                     0.73  20.66837         7  2.952623  0.011111  20.50839  cudaMallocManaged
                     0.16  4.534823         4  1.133705  1.129949  1.138366  cuDeviceTotalMem
                     0.15  4.297636       388  0.011076  1.09e-04  1.157325  cuDeviceGetAttribute
                     0.13  3.733005     28003  1.33e-04  8.40e-05  0.427833  cudaGetLastError
                     0.04  1.210363         1  1.210363  1.210363  1.210363  cudaMemset
                     0.04  1.207045         2  0.603522  5.28e-03  1.201767  cudaThreadSynchronize
                     0.04  1.197016        10  0.119701  4.48e-04  0.490997  cudaFree
                     0.03  0.852582         1  0.852582  0.852582  0.852582  cudaGetDeviceProperties
                     0.01  0.281154         4  0.070288  0.067627  0.073614  cuDeviceGetName
                     0.00  0.051337         3  0.017112  5.62e-03  0.034743  cudaMemAdvise
                     0.00  8.95e-03         4  2.24e-03  1.12e-03  5.05e-03  cuDeviceGetPCIBusId
                     0.00  6.85e-03         1  6.85e-03  6.85e-03  6.85e-03  cudaSetDevice
                     0.00  2.47e-03         8  3.09e-04  1.51e-04  6.69e-04  cuDeviceGet
                     0.00  1.81e-03         1  1.81e-03  1.81e-03  1.81e-03  cudaGetDevice
                     0.00  1.32e-03         3  4.39e-04  1.27e-04  7.11e-04  cuDeviceGetCount
                     0.00  8.65e-04         4  2.16e-04  2.00e-04  2.57e-04  cuDeviceGetUuid

==39025== Unified Memory profiling result:
Device "Tesla V100-PCIE-32GB (0)"
   Count  Avg Size  Min Size  Max Size  Total Size  Total Time  Name
      33  46.182KB  4.0000KB  496.00KB  1.488281MB    0.210240ms  Host To Device
      47         -         -         -           -    6.485600ms  Gpu page fault groups
     843  5.8496KB  4.0000KB  68.000KB  4.816406MB           -  Remote mapping from device
Total CPU Page faults: 385
Total remote mappings to CPU: 843
