==62551== NVPROF is profiling process 62551, command: ./cfd_0113 ../../../data/cfd/fvcorr.domn.193K
==62551== Profiling application: ./cfd_0113 ../../../data/cfd/fvcorr.domn.193K
==62551== Profiling result:
            Type  Time(%)      Time     Calls       Avg       Min       Max  Name
                        %        ms                  ms        ms        ms
 GPU activities:    96.70  4.60e+03      6000  0.766375  0.754812  1.869173  cuda_compute_flux(int, int*, float*, float*, float*)
                     2.39  113.7526      6000  0.018958  0.017280  0.022848  cuda_time_step(int, int, float*, float*, float*, float*)
                     0.45  21.17708      2000  0.010588  9.95e-03  0.014592  [CUDA memcpy DtoD]
                     0.42  19.90186      2000  9.95e-03  8.99e-03  0.574429  cuda_compute_step_factor(int, float*, float*, float*)
                     0.05  2.140756         3  0.713585  0.598941  0.934715  cuda_initialize_variables(int, float*)
                     0.00  7.42e-03         5  1.48e-03  1.41e-03  1.79e-03  [CUDA memcpy HtoD]
                     0.00  2.05e-03         1  2.05e-03  2.05e-03  2.05e-03  [CUDA memset]
      API calls:    91.83  4.70e+03      2000  2.351322  0.063934  4.034242  cudaMemcpy
                     5.83  298.3954         5  59.67908  5.86e-03  298.3614  cudaMemcpyToSymbol
                     1.54  78.65113     14003  5.62e-03  4.26e-03  0.465432  cudaLaunchKernel
                     0.41  20.90834         7  2.986905  7.01e-03  20.52146  cudaMallocManaged
                     0.09  4.811630     28003  1.71e-04  8.50e-05  0.455601  cudaGetLastError
                     0.09  4.590970         4  1.147742  1.136929  1.172325  cuDeviceTotalMem
                     0.07  3.398903       388  8.76e-03  1.07e-04  0.365842  cuDeviceGetAttribute
                     0.05  2.383638         1  2.383638  2.383638  2.383638  cudaMemset
                     0.05  2.328432         2  1.164216  7.77e-03  2.320659  cudaThreadSynchronize
                     0.03  1.703427        10  0.170342  4.22e-04  0.789929  cudaFree
                     0.02  0.855382         1  0.855382  0.855382  0.855382  cudaGetDeviceProperties
                     0.01  0.289671         4  0.072417  0.067659  0.079688  cuDeviceGetName
                     0.00  0.044974         3  0.014991  4.90e-03  0.029830  cudaMemAdvise
                     0.00  9.04e-03         4  2.26e-03  1.19e-03  5.12e-03  cuDeviceGetPCIBusId
                     0.00  7.22e-03         1  7.22e-03  7.22e-03  7.22e-03  cudaSetDevice
                     0.00  2.39e-03         8  2.98e-04  1.60e-04  8.02e-04  cuDeviceGet
                     0.00  1.99e-03         1  1.99e-03  1.99e-03  1.99e-03  cudaGetDevice
                     0.00  1.31e-03         3  4.35e-04  1.29e-04  7.31e-04  cuDeviceGetCount
                     0.00  8.68e-04         4  2.17e-04  2.00e-04  2.46e-04  cuDeviceGetUuid

==62551== Unified Memory profiling result:
Device "Tesla V100-PCIE-32GB (0)"
   Count  Avg Size  Min Size  Max Size  Total Size  Total Time  Name
      78  48.461KB  4.0000KB  512.00KB  3.691406MB    0.578304ms  Host To Device
      32         -         -         -           -    4.385984ms  Gpu page fault groups
      67  135.40KB  64.000KB  448.00KB  8.859375MB           -  Remote mapping from device
Total CPU Page faults: 1003
Total remote mappings to CPU: 67
