==13496== NVPROF is profiling process 13496, command: ./cfd_0441 ../../../data/cfd/fvcorr.domn.097K
==13496== Profiling application: ./cfd_0441 ../../../data/cfd/fvcorr.domn.097K
==13496== Profiling result:
            Type  Time(%)      Time     Calls       Avg       Min       Max  Name
                        %        ms                  ms        ms        ms
 GPU activities:    85.40  842.7855      6000  0.140464  0.134879  3.020143  cuda_compute_flux(int, int*, float*, float*, float*)
                     7.67  75.70552      2000  0.037852  0.036767  0.574365  cuda_compute_step_factor(int, float*, float*, float*)
                     5.60  55.26696      6000  9.21e-03  7.81e-03  0.011680  cuda_time_step(int, int, float*, float*, float*, float*)
                     1.22  12.02843      2000  6.01e-03  5.73e-03  0.012928  [CUDA memcpy DtoD]
                     0.11  1.065114         3  0.355038  0.276606  0.497341  cuda_initialize_variables(int, float*)
                     0.00  7.46e-03         5  1.49e-03  1.41e-03  1.79e-03  [CUDA memcpy HtoD]
                     0.00  1.70e-03         1  1.70e-03  1.70e-03  1.70e-03  [CUDA memset]
      API calls:    69.77  939.7093      2000  0.469854  0.021545  3.897734  cudaMemcpy
                    21.90  294.9050         5  58.98099  5.67e-03  294.8622  cudaMemcpyToSymbol
                     5.68  76.52130     14003  5.46e-03  4.25e-03  0.979379  cudaLaunchKernel
                     1.54  20.67457         7  2.953509  0.011615  20.49239  cudaMallocManaged
                     0.34  4.550623         4  1.137655  1.132275  1.143119  cuDeviceTotalMem
                     0.26  3.448239       388  8.89e-03  1.09e-04  0.369900  cuDeviceGetAttribute
                     0.23  3.053151     28003  1.09e-04  8.50e-05  0.011834  cudaGetLastError
                     0.09  1.167682         1  1.167682  1.167682  1.167682  cudaMemset
                     0.08  1.134427        10  0.113442  5.27e-04  0.400449  cudaFree
                     0.06  0.834343         1  0.834343  0.834343  0.834343  cudaGetDeviceProperties
                     0.03  0.458813         2  0.229406  4.83e-03  0.453985  cudaThreadSynchronize
                     0.02  0.284696         4  0.071174  0.068008  0.074292  cuDeviceGetName
                     0.00  0.050169         3  0.016723  6.18e-03  0.034086  cudaMemAdvise
                     0.00  9.87e-03         4  2.47e-03  1.22e-03  5.26e-03  cuDeviceGetPCIBusId
                     0.00  7.41e-03         1  7.41e-03  7.41e-03  7.41e-03  cudaSetDevice
                     0.00  3.61e-03         8  4.51e-04  1.57e-04  1.18e-03  cuDeviceGet
                     0.00  1.90e-03         1  1.90e-03  1.90e-03  1.90e-03  cudaGetDevice
                     0.00  1.35e-03         3  4.50e-04  1.11e-04  7.69e-04  cuDeviceGetCount
                     0.00  8.00e-04         4  2.00e-04  1.76e-04  2.59e-04  cuDeviceGetUuid

==13496== Unified Memory profiling result:
Device "Tesla V100-PCIE-32GB (0)"
   Count  Avg Size  Min Size  Max Size  Total Size  Total Time  Name
      94  48.468KB  4.0000KB  920.00KB  4.449219MB    0.619264ms  Host To Device
      42         -         -         -           -    5.228416ms  Gpu page fault groups
     245  7.7549KB  4.0000KB  68.000KB  1.855469MB           -  Remote mapping from device
Total CPU Page faults: 1141
Total remote mappings to CPU: 245
