==9586== NVPROF is profiling process 9586, command: ./cfd_0350 ../../../data/cfd/fvcorr.domn.193K
==9586== Profiling application: ./cfd_0350 ../../../data/cfd/fvcorr.domn.193K
==9586== Profiling result:
            Type  Time(%)      Time     Calls       Avg       Min       Max  Name
                        %        ms                  ms        ms        ms
 GPU activities:    56.18  361.9201      6000  0.060320  0.057312  3.650731  cuda_compute_flux(int, int*, float*, float*, float*)
                    21.48  138.3428      2000  0.069171  0.068032  0.096224  cuda_compute_step_factor(int, float*, float*, float*)
                    18.70  120.4401      6000  0.020073  0.018144  0.023424  cuda_time_step(int, int, float*, float*, float*, float*)
                     3.30  21.27032      2000  0.010635  9.95e-03  0.013664  [CUDA memcpy DtoD]
                     0.34  2.191155         3  0.730385  0.597501  0.960794  cuda_initialize_variables(int, float*)
                     0.00  7.39e-03         5  1.48e-03  1.38e-03  1.79e-03  [CUDA memcpy HtoD]
                     0.00  2.30e-03         1  2.30e-03  2.30e-03  2.30e-03  [CUDA memset]
      API calls:    58.37  588.6155      2000  0.294307  0.055319  3.889744  cudaMemcpy
                    29.60  298.5336         5  59.70672  5.91e-03  298.4987  cudaMemcpyToSymbol
                     8.27  83.41584     14003  5.96e-03  4.71e-03  0.451285  cudaLaunchKernel
                     2.08  20.95042         7  2.992917  6.76e-03  20.55668  cudaMallocManaged
                     0.46  4.607335         4  1.151833  1.144912  1.166757  cuDeviceTotalMem
                     0.36  3.608665     28003  1.28e-04  8.50e-05  0.015962  cudaGetLastError
                     0.34  3.406759       388  8.78e-03  1.09e-04  0.377900  cuDeviceGetAttribute
                     0.24  2.401201         1  2.401201  2.401201  2.401201  cudaMemset
                     0.15  1.473891        10  0.147389  4.26e-04  0.610612  cudaFree
                     0.08  0.833289         1  0.833289  0.833289  0.833289  cudaGetDeviceProperties
                     0.03  0.288665         2  0.144332  7.70e-03  0.280965  cudaThreadSynchronize
                     0.03  0.284739         4  0.071184  0.070122  0.072492  cuDeviceGetName
                     0.00  0.042383         2  0.021191  8.15e-03  0.034237  cudaMemAdvise
                     0.00  8.92e-03         4  2.23e-03  1.26e-03  4.78e-03  cuDeviceGetPCIBusId
                     0.00  6.99e-03         1  6.99e-03  6.99e-03  6.99e-03  cudaSetDevice
                     0.00  2.47e-03         8  3.08e-04  1.57e-04  6.30e-04  cuDeviceGet
                     0.00  2.04e-03         1  2.04e-03  2.04e-03  2.04e-03  cudaGetDevice
                     0.00  1.37e-03         3  4.57e-04  1.46e-04  7.96e-04  cuDeviceGetCount
                     0.00  7.97e-04         4  1.99e-04  1.87e-04  2.18e-04  cuDeviceGetUuid

==9586== Unified Memory profiling result:
Device "Tesla V100-PCIE-32GB (0)"
   Count  Avg Size  Min Size  Max Size  Total Size  Total Time  Name
     361  33.507KB  4.0000KB  0.9805MB  11.81250MB    1.950400ms  Host To Device
      35         -         -         -           -    6.272064ms  Gpu page fault groups
       5  151.20KB  64.000KB  256.00KB  756.0000KB           -  Remote mapping from device
Total CPU Page faults: 83
Total remote mappings to CPU: 5
