==57102== NVPROF is profiling process 57102, command: ./cfd_0002 ../../../data/cfd/fvcorr.domn.193K
==57102== Profiling application: ./cfd_0002 ../../../data/cfd/fvcorr.domn.193K
==57102== Profiling result:
            Type  Time(%)      Time     Calls       Avg       Min       Max  Name
                        %        ms                  ms        ms        ms
 GPU activities:    68.71  361.1634      6000  0.060193  0.057440  3.707786  cuda_compute_flux(int, int*, float*, float*, float*)
                    23.19  121.8848      6000  0.020314  0.018272  0.022880  cuda_time_step(int, int, float*, float*, float*, float*)
                     3.98  20.92259      2000  0.010461  9.70e-03  0.013760  [CUDA memcpy DtoD]
                     3.69  19.37066      2000  9.68e-03  8.90e-03  0.204798  cuda_compute_step_factor(int, float*, float*, float*)
                     0.44  2.289715         3  0.763238  0.689244  0.887899  cuda_initialize_variables(int, float*)
                     0.00  7.65e-03         5  1.53e-03  1.38e-03  1.79e-03  [CUDA memcpy HtoD]
                     0.00  2.05e-03         1  2.05e-03  2.05e-03  2.05e-03  [CUDA memset]
      API calls:    53.75  475.7658      2000  0.237882  0.036444  4.073247  cudaMemcpy
                    33.46  296.1796         5  59.23591  5.73e-03  296.1463  cudaMemcpyToSymbol
                     8.55  75.66783     14003  5.40e-03  4.23e-03  0.445210  cudaLaunchKernel
                     2.35  20.75552         7  2.965073  7.38e-03  20.39205  cudaMallocManaged
                     0.52  4.581890         4  1.145472  1.125600  1.180092  cuDeviceTotalMem
                     0.38  3.404405     28003  1.21e-04  8.50e-05  0.011726  cudaGetLastError
                     0.38  3.358496       388  8.65e-03  1.09e-04  0.387886  cuDeviceGetAttribute
                     0.29  2.555959         1  2.555959  2.555959  2.555959  cudaMemset
                     0.16  1.431048        10  0.143104  4.59e-04  0.614181  cudaFree
                     0.10  0.843709         1  0.843709  0.843709  0.843709  cudaGetDeviceProperties
                     0.03  0.277644         4  0.069411  0.067469  0.072415  cuDeviceGetName
                     0.03  0.234323         2  0.117161  7.69e-03  0.226636  cudaThreadSynchronize
                     0.00  0.010671         1  0.010671  0.010671  0.010671  cudaMemAdvise
                     0.00  9.21e-03         4  2.30e-03  1.16e-03  5.21e-03  cuDeviceGetPCIBusId
                     0.00  7.35e-03         1  7.35e-03  7.35e-03  7.35e-03  cudaSetDevice
                     0.00  2.30e-03         8  2.86e-04  1.25e-04  6.84e-04  cuDeviceGet
                     0.00  1.87e-03         1  1.87e-03  1.87e-03  1.87e-03  cudaGetDevice
                     0.00  1.18e-03         3  3.93e-04  1.15e-04  7.57e-04  cuDeviceGetCount
                     0.00  8.07e-04         4  2.01e-04  1.77e-04  2.41e-04  cuDeviceGetUuid

==57102== Unified Memory profiling result:
Device "Tesla V100-PCIE-32GB (0)"
   Count  Avg Size  Min Size  Max Size  Total Size  Total Time  Name
     342  38.362KB  4.0000KB  996.00KB  12.81250MB    1.956832ms  Host To Device
      36         -         -         -           -    6.944096ms  Gpu page fault groups
Total CPU Page faults: 83
