==44790== NVPROF is profiling process 44790, command: ./cfd_1525 ../../../data/cfd/fvcorr.domn.097K
==44790== Profiling application: ./cfd_1525 ../../../data/cfd/fvcorr.domn.097K
==44790== Profiling result:
            Type  Time(%)      Time     Calls       Avg       Min       Max  Name
                        %        ms                  ms        ms        ms
 GPU activities:    73.51  215.9197      6000  0.035986  0.033088  2.213908  cuda_compute_flux(int, int*, float*, float*, float*)
                    18.75  55.05941      6000  9.18e-03  7.78e-03  0.011456  cuda_time_step(int, int, float*, float*, float*, float*)
                     4.11  12.06240      2000  6.03e-03  5.79e-03  0.011744  [CUDA memcpy DtoD]
                     3.19  9.370773      2000  4.69e-03  4.26e-03  0.378366  cuda_compute_step_factor(int, float*, float*, float*)
                     0.44  1.294233         3  0.431411  0.326431  0.488669  cuda_initialize_variables(int, float*)
                     0.00  7.46e-03         5  1.49e-03  1.41e-03  1.79e-03  [CUDA memcpy HtoD]
                     0.00  1.70e-03         1  1.70e-03  1.70e-03  1.70e-03  [CUDA memset]
      API calls:    45.04  298.1787         5  59.63573  6.30e-03  298.1446  cudaMemcpyToSymbol
                    38.03  251.8015      2000  0.125900  0.026094  2.679027  cudaMemcpy
                    11.35  75.15536     14003  5.37e-03  4.13e-03  0.457709  cudaLaunchKernel
                     3.12  20.67230         7  2.953185  0.011402  20.49649  cudaMallocManaged
                     0.70  4.640352         4  1.160088  1.137479  1.207399  cuDeviceTotalMem
                     0.51  3.377478       388  8.70e-03  1.08e-04  0.370279  cuDeviceGetAttribute
                     0.48  3.149558     28003  1.12e-04  8.60e-05  0.011967  cudaGetLastError
                     0.27  1.793731         1  1.793731  1.793731  1.793731  cudaGetDeviceProperties
                     0.21  1.414530         1  1.414530  1.414530  1.414530  cudaMemset
                     0.21  1.374582        10  0.137458  4.20e-04  0.414755  cudaFree
                     0.04  0.278474         4  0.069618  0.067878  0.072604  cuDeviceGetName
                     0.02  0.124379         2  0.062189  4.72e-03  0.119657  cudaThreadSynchronize
                     0.01  0.054424         3  0.018141  5.04e-03  0.033160  cudaMemAdvise
                     0.00  8.85e-03         4  2.21e-03  1.18e-03  4.90e-03  cuDeviceGetPCIBusId
                     0.00  7.02e-03         1  7.02e-03  7.02e-03  7.02e-03  cudaSetDevice
                     0.00  2.11e-03         8  2.63e-04  1.54e-04  6.84e-04  cuDeviceGet
                     0.00  1.74e-03         1  1.74e-03  1.74e-03  1.74e-03  cudaGetDevice
                     0.00  1.36e-03         3  4.51e-04  1.63e-04  7.51e-04  cuDeviceGetCount
                     0.00  8.27e-04         4  2.06e-04  1.92e-04  2.35e-04  cuDeviceGetUuid

==44790== Unified Memory profiling result:
Device "Tesla V100-PCIE-32GB (0)"
   Count  Avg Size  Min Size  Max Size  Total Size  Total Time  Name
     162  39.852KB  4.0000KB  800.00KB  6.304688MB    0.942848ms  Host To Device
      27         -         -         -           -    4.045376ms  Gpu page fault groups
Total CPU Page faults: 49
