==64643== NVPROF is profiling process 64643, command: ./cfd_0141 ../../../data/cfd/missile.domn.0.2M
==64643== Profiling application: ./cfd_0141 ../../../data/cfd/missile.domn.0.2M
==64643== Profiling result:
            Type  Time(%)      Time     Calls       Avg       Min       Max  Name
                        %        ms                  ms        ms        ms
 GPU activities:    90.53  1.91e+03      6000  0.318968  0.311678  6.039419  cuda_compute_flux(int, int*, float*, float*, float*)
                     6.60  139.4377      6000  0.023239  0.021248  0.026688  cuda_time_step(int, int, float*, float*, float*, float*)
                     1.46  30.94996      2000  0.015474  0.014528  0.022400  [CUDA memcpy DtoD]
                     1.29  27.23646      2000  0.013618  0.011584  0.851003  cuda_compute_step_factor(int, float*, float*, float*)
                     0.12  2.554193         3  0.851397  0.808731  0.890715  cuda_initialize_variables(int, float*)
                     0.00  7.65e-03         5  1.53e-03  1.38e-03  1.79e-03  [CUDA memcpy HtoD]
                     0.00  2.21e-03         1  2.21e-03  2.21e-03  2.21e-03  [CUDA memset]
      API calls:    83.02  2.06e+03      2000  1.030333  0.090405  7.531136  cudaMemcpy
                    12.18  302.3458         5  60.46916  6.24e-03  302.3118  cudaMemcpyToSymbol
                     3.17  78.77229     14003  5.63e-03  4.27e-03  0.435119  cudaLaunchKernel
                     0.84  20.86723         7  2.981033  0.014341  20.43226  cudaMallocManaged
                     0.19  4.788633     28003  1.71e-04  8.50e-05  0.493159  cudaGetLastError
                     0.18  4.577809         4  1.144452  1.138560  1.152411  cuDeviceTotalMem
                     0.14  3.365791       388  8.67e-03  1.09e-04  0.369417  cuDeviceGetAttribute
                     0.11  2.804948         1  2.804948  2.804948  2.804948  cudaMemset
                     0.07  1.806791        10  0.180679  4.45e-04  0.775062  cudaFree
                     0.04  1.030100         2  0.515050  0.010246  1.019854  cudaThreadSynchronize
                     0.03  0.832254         1  0.832254  0.832254  0.832254  cudaGetDeviceProperties
                     0.01  0.293971         4  0.073492  0.067431  0.083227  cuDeviceGetName
                     0.00  0.023422         3  7.81e-03  1.45e-03  0.013681  cudaMemAdvise
                     0.00  9.13e-03         4  2.28e-03  1.18e-03  4.85e-03  cuDeviceGetPCIBusId
                     0.00  7.39e-03         1  7.39e-03  7.39e-03  7.39e-03  cudaSetDevice
                     0.00  2.31e-03         8  2.89e-04  1.55e-04  7.60e-04  cuDeviceGet
                     0.00  1.83e-03         1  1.83e-03  1.83e-03  1.83e-03  cudaGetDevice
                     0.00  1.27e-03         3  4.24e-04  1.32e-04  7.10e-04  cuDeviceGetCount
                     0.00  8.42e-04         4  2.10e-04  1.84e-04  2.54e-04  cuDeviceGetUuid

==64643== Unified Memory profiling result:
Device "Tesla V100-PCIE-32GB (0)"
   Count  Avg Size  Min Size  Max Size  Total Size  Total Time  Name
     284  41.619KB  4.0000KB  852.00KB  11.54297MB    1.755648ms  Host To Device
      68         -         -         -           -   10.150368ms  Gpu page fault groups
     564  6.4463KB  4.0000KB  36.000KB  3.550781MB           -  Remote mapping from device
Total CPU Page faults: 2957
Total remote mappings to CPU: 564
