==35721== NVPROF is profiling process 35721, command: ./cfd_1332 ../../../data/cfd/fvcorr.domn.193K
==35721== Profiling application: ./cfd_1332 ../../../data/cfd/fvcorr.domn.193K
==35721== Profiling result:
            Type  Time(%)      Time     Calls       Avg       Min       Max  Name
                        %        ms                  ms        ms        ms
 GPU activities:    85.01  1.60e+03      6000  0.265864  0.259039  3.065103  cuda_compute_flux(int, int*, float*, float*, float*)
                     7.38  138.4179      2000  0.069208  0.068384  0.091775  cuda_compute_step_factor(int, float*, float*, float*)
                     6.38  119.6371      6000  0.019939  0.018016  0.023040  cuda_time_step(int, int, float*, float*, float*, float*)
                     1.12  21.04739      2000  0.010523  9.73e-03  0.014175  [CUDA memcpy DtoD]
                     0.12  2.162932         3  0.720977  0.601981  0.912027  cuda_initialize_variables(int, float*)
                     0.00  7.42e-03         5  1.48e-03  1.41e-03  1.79e-03  [CUDA memcpy HtoD]
                     0.00  2.08e-03         1  2.08e-03  2.08e-03  2.08e-03  [CUDA memset]
      API calls:    81.48  1.82e+03      2000  0.911289  0.062157  3.735538  cudaMemcpy
                    13.11  293.2628         5  58.65255  5.96e-03  293.2292  cudaMemcpyToSymbol
                     3.63  81.30303     14003  5.81e-03  4.48e-03  0.453655  cudaLaunchKernel
                     0.93  20.88839         7  2.984055  7.39e-03  20.51217  cudaMallocManaged
                     0.21  4.610977         4  1.152744  1.139960  1.183062  cuDeviceTotalMem
                     0.19  4.271461       388  0.011008  1.09e-04  1.134381  cuDeviceGetAttribute
                     0.17  3.724713     28003  1.33e-04  8.50e-05  0.012760  cudaGetLastError
                     0.11  2.358933         1  2.358933  2.358933  2.358933  cudaMemset
                     0.07  1.675062        10  0.167506  4.08e-04  0.614855  cudaFree
                     0.04  0.904706         2  0.452353  7.88e-03  0.896826  cudaThreadSynchronize
                     0.04  0.836714         1  0.836714  0.836714  0.836714  cudaGetDeviceProperties
                     0.01  0.292141         4  0.073035  0.067713  0.084915  cuDeviceGetName
                     0.00  0.040715         3  0.013571  2.40e-03  0.035033  cudaMemAdvise
                     0.00  8.73e-03         4  2.18e-03  1.25e-03  4.74e-03  cuDeviceGetPCIBusId
                     0.00  7.31e-03         1  7.31e-03  7.31e-03  7.31e-03  cudaSetDevice
                     0.00  2.34e-03         8  2.91e-04  1.51e-04  6.80e-04  cuDeviceGet
                     0.00  1.86e-03         1  1.86e-03  1.86e-03  1.86e-03  cudaGetDevice
                     0.00  1.31e-03         3  4.37e-04  1.49e-04  7.23e-04  cuDeviceGetCount
                     0.00  8.67e-04         4  2.16e-04  2.01e-04  2.39e-04  cuDeviceGetUuid

==35721== Unified Memory profiling result:
Device "Tesla V100-PCIE-32GB (0)"
   Count  Avg Size  Min Size  Max Size  Total Size  Total Time  Name
     259  35.026KB  4.0000KB  0.9844MB  8.859375MB    1.414688ms  Host To Device
      33         -         -         -           -    5.749824ms  Gpu page fault groups
      27  140.00KB  64.000KB  448.00KB  3.691406MB           -  Remote mapping from device
Total CPU Page faults: 83
Total remote mappings to CPU: 27
