==33068== NVPROF is profiling process 33068, command: ./cfd_1255 ../../../data/cfd/fvcorr.domn.097K
==33068== Profiling application: ./cfd_1255 ../../../data/cfd/fvcorr.domn.097K
==33068== Profiling result:
            Type  Time(%)      Time     Calls       Avg       Min       Max  Name
                        %        ms                  ms        ms        ms
 GPU activities:    73.55  215.9541      6000  0.035992  0.033216  2.220917  cuda_compute_flux(int, int*, float*, float*, float*)
                    18.68  54.83329      6000  9.14e-03  7.81e-03  0.011648  cuda_time_step(int, int, float*, float*, float*, float*)
                     4.14  12.14696      2000  6.07e-03  5.82e-03  0.012064  [CUDA memcpy DtoD]
                     3.22  9.442975      2000  4.72e-03  4.22e-03  0.471710  cuda_compute_step_factor(int, float*, float*, float*)
                     0.42  1.218778         3  0.406259  0.218975  0.637245  cuda_initialize_variables(int, float*)
                     0.00  7.36e-03         5  1.47e-03  1.38e-03  1.76e-03  [CUDA memcpy HtoD]
                     0.00  1.79e-03         1  1.79e-03  1.79e-03  1.79e-03  [CUDA memset]
      API calls:    45.31  299.2748         5  59.85497  5.78e-03  299.2422  cudaMemcpyToSymbol
                    37.68  248.8884      2000  0.124444  0.027853  2.765029  cudaMemcpy
                    11.53  76.14749     14003  5.44e-03  4.31e-03  0.531530  cudaLaunchKernel
                     3.13  20.69471         7  2.956386  0.011424  20.53874  cudaMallocManaged
                     0.69  4.590120         4  1.147530  1.137100  1.162642  cuDeviceTotalMem
                     0.64  4.251750       388  0.010958  1.10e-04  1.191059  cuDeviceGetAttribute
                     0.46  3.034271     28003  1.08e-04  8.50e-05  3.48e-03  cudaGetLastError
                     0.20  1.325707         1  1.325707  1.325707  1.325707  cudaMemset
                     0.16  1.059626        10  0.105962  4.27e-04  0.373417  cudaFree
                     0.13  0.834888         1  0.834888  0.834888  0.834888  cudaGetDeviceProperties
                     0.04  0.279620         4  0.069905  0.067589  0.073156  cuDeviceGetName
                     0.02  0.120011         2  0.060005  4.56e-03  0.115450  cudaThreadSynchronize
                     0.00  0.025648         3  8.55e-03  2.49e-03  0.017637  cudaMemAdvise
                     0.00  8.56e-03         4  2.14e-03  1.12e-03  4.69e-03  cuDeviceGetPCIBusId
                     0.00  7.35e-03         1  7.35e-03  7.35e-03  7.35e-03  cudaSetDevice
                     0.00  3.11e-03         8  3.88e-04  1.77e-04  8.49e-04  cuDeviceGet
                     0.00  1.78e-03         1  1.78e-03  1.78e-03  1.78e-03  cudaGetDevice
                     0.00  1.19e-03         3  3.96e-04  1.25e-04  7.10e-04  cuDeviceGetCount
                     0.00  9.25e-04         4  2.31e-04  1.95e-04  2.65e-04  cuDeviceGetUuid

==33068== Unified Memory profiling result:
Device "Tesla V100-PCIE-32GB (0)"
   Count  Avg Size  Min Size  Max Size  Total Size  Total Time  Name
     154  41.922KB  4.0000KB  844.00KB  6.304688MB    0.917792ms  Host To Device
      26         -         -         -           -    4.402464ms  Gpu page fault groups
Total CPU Page faults: 49
