==65039== NVPROF is profiling process 65039, command: ./cfd_0144 ../../../data/cfd/missile.domn.0.2M
==65039== Profiling application: ./cfd_0144 ../../../data/cfd/missile.domn.0.2M
==65039== Profiling result:
            Type  Time(%)      Time     Calls       Avg       Min       Max  Name
                        %        ms                  ms        ms        ms
 GPU activities:    97.35  7.33e+03      6000  1.221439  1.205112  10.21520  cuda_compute_flux(int, int*, float*, float*, float*)
                     1.85  139.3587      6000  0.023226  0.020864  0.027456  cuda_time_step(int, int, float*, float*, float*, float*)
                     0.41  31.04250      2000  0.015521  0.014528  0.022432  [CUDA memcpy DtoD]
                     0.36  27.12939      2000  0.013564  0.011488  0.697116  cuda_compute_step_factor(int, float*, float*, float*)
                     0.03  2.211858         3  0.737286  0.655452  0.883066  cuda_initialize_variables(int, float*)
                     0.00  7.42e-03         5  1.48e-03  1.41e-03  1.79e-03  [CUDA memcpy HtoD]
                     0.00  2.18e-03         1  2.18e-03  2.18e-03  2.18e-03  [CUDA memset]
      API calls:    94.70  7.48e+03      2000  3.737948  0.067479  13.45681  cudaMemcpy
                     3.76  296.8507         5  59.37014  5.59e-03  296.8179  cudaMemcpyToSymbol
                     1.00  79.29424     14003  5.66e-03  4.26e-03  0.465894  cudaLaunchKernel
                     0.27  20.93386         7  2.990551  0.018028  20.50996  cudaMallocManaged
                     0.06  4.602135         4  1.150533  1.138418  1.165127  cuDeviceTotalMem
                     0.05  3.707358         2  1.853679  0.019727  3.687631  cudaThreadSynchronize
                     0.04  3.464320     28003  1.23e-04  8.50e-05  0.016272  cudaGetLastError
                     0.04  3.393125       388  8.75e-03  1.07e-04  0.371899  cuDeviceGetAttribute
                     0.03  2.505700         1  2.505700  2.505700  2.505700  cudaMemset
                     0.03  1.988280        10  0.198828  4.30e-04  0.864975  cudaFree
                     0.02  1.668871         1  1.668871  1.668871  1.668871  cudaGetDeviceProperties
                     0.00  0.278971         4  0.069742  0.067858  0.072762  cuDeviceGetName
                     0.00  0.054693         3  0.018231  6.78e-03  0.029933  cudaMemAdvise
                     0.00  9.58e-03         4  2.40e-03  1.25e-03  5.30e-03  cuDeviceGetPCIBusId
                     0.00  8.11e-03         1  8.11e-03  8.11e-03  8.11e-03  cudaSetDevice
                     0.00  2.97e-03         8  3.71e-04  1.63e-04  7.44e-04  cuDeviceGet
                     0.00  2.55e-03         1  2.55e-03  2.55e-03  2.55e-03  cudaGetDevice
                     0.00  1.42e-03         3  4.72e-04  1.39e-04  7.82e-04  cuDeviceGetCount
                     0.00  7.78e-04         4  1.94e-04  1.72e-04  2.43e-04  cuDeviceGetUuid

==65039== Unified Memory profiling result:
Device "Tesla V100-PCIE-32GB (0)"
   Count  Avg Size  Min Size  Max Size  Total Size  Total Time  Name
      21  43.428KB  4.0000KB  296.00KB  912.0000KB    0.126528ms  Host To Device
      78         -         -         -           -   14.814944ms  Gpu page fault groups
    2517  5.7773KB  4.0000KB  60.000KB  14.20313MB           -  Remote mapping from device
Total CPU Page faults: 236
Total remote mappings to CPU: 2517
