==41833== NVPROF is profiling process 41833, command: ./cfd_1452 ../../../data/cfd/fvcorr.domn.097K
==41833== Profiling application: ./cfd_1452 ../../../data/cfd/fvcorr.domn.097K
==41833== Profiling result:
            Type  Time(%)      Time     Calls       Avg       Min       Max  Name
                        %        ms                  ms        ms        ms
 GPU activities:    62.25  237.0412      6000  0.039506  0.034943  1.913878  cuda_compute_flux(int, int*, float*, float*, float*)
                    19.84  75.56476      2000  0.037782  0.036704  0.619805  cuda_compute_step_factor(int, float*, float*, float*)
                    14.42  54.91217      6000  9.15e-03  7.84e-03  0.011840  cuda_time_step(int, int, float*, float*, float*, float*)
                     3.21  12.23913      2000  6.12e-03  5.79e-03  0.013471  [CUDA memcpy DtoD]
                     0.27  1.028731         3  0.342910  0.253598  0.493758  cuda_initialize_variables(int, float*)
                     0.00  7.42e-03         5  1.48e-03  1.41e-03  1.79e-03  [CUDA memcpy HtoD]
                     0.00  1.92e-03         1  1.92e-03  1.92e-03  1.92e-03  [CUDA memset]
      API calls:    44.94  336.2817      2000  0.168140  0.025433  2.602224  cudaMemcpy
                    40.19  300.7733         5  60.15465  6.63e-03  300.7392  cudaMemcpyToSymbol
                    10.02  75.01632     14003  5.36e-03  4.14e-03  0.500275  cudaLaunchKernel
                     2.76  20.63298         7  2.947568  0.014424  20.48238  cudaMallocManaged
                     0.62  4.618117         4  1.154529  1.138413  1.193241  cuDeviceTotalMem
                     0.56  4.193085       388  0.010806  1.09e-04  1.183735  cuDeviceGetAttribute
                     0.42  3.176937     28003  1.13e-04  8.60e-05  0.011181  cudaGetLastError
                     0.15  1.139509        10  0.113950  4.09e-04  0.392660  cudaFree
                     0.15  1.126411         1  1.126411  1.126411  1.126411  cudaMemset
                     0.11  0.831529         1  0.831529  0.831529  0.831529  cudaGetDeviceProperties
                     0.04  0.290504         4  0.072626  0.067461  0.078807  cuDeviceGetName
                     0.02  0.164659         2  0.082329  5.22e-03  0.159439  cudaThreadSynchronize
                     0.00  0.026836         3  8.95e-03  4.95e-03  0.016658  cudaMemAdvise
                     0.00  9.15e-03         4  2.29e-03  1.23e-03  5.15e-03  cuDeviceGetPCIBusId
                     0.00  7.22e-03         1  7.22e-03  7.22e-03  7.22e-03  cudaSetDevice
                     0.00  2.52e-03         8  3.14e-04  1.57e-04  7.89e-04  cuDeviceGet
                     0.00  2.22e-03         1  2.22e-03  2.22e-03  2.22e-03  cudaGetDevice
                     0.00  1.33e-03         3  4.44e-04  1.55e-04  7.61e-04  cuDeviceGetCount
                     0.00  8.22e-04         4  2.05e-04  1.85e-04  2.38e-04  cuDeviceGetUuid

==41833== Unified Memory profiling result:
Device "Tesla V100-PCIE-32GB (0)"
   Count  Avg Size  Min Size  Max Size  Total Size  Total Time  Name
     138  44.028KB  4.0000KB  852.00KB  5.933594MB    0.859904ms  Host To Device
      27         -         -         -           -    3.691872ms  Gpu page fault groups
      22  17.273KB  4.0000KB  60.000KB  380.0000KB           -  Remote mapping from device
Total CPU Page faults: 47
Total remote mappings to CPU: 22
