==3072== NVPROF is profiling process 3072, command: ./cfd_0230 ../../../data/cfd/fvcorr.domn.097K
==3072== Profiling application: ./cfd_0230 ../../../data/cfd/fvcorr.domn.097K
==3072== Profiling result:
            Type  Time(%)      Time     Calls       Avg       Min       Max  Name
                        %        ms                  ms        ms        ms
 GPU activities:    91.57  847.0856      6000  0.141180  0.134783  1.694583  cuda_compute_flux(int, int*, float*, float*, float*)
                     5.99  55.40238      6000  9.23e-03  7.74e-03  0.011584  cuda_time_step(int, int, float*, float*, float*, float*)
                     1.29  11.97299      2000  5.99e-03  5.73e-03  0.012192  [CUDA memcpy DtoD]
                     1.02  9.454371      2000  4.73e-03  4.26e-03  0.461949  cuda_compute_step_factor(int, float*, float*, float*)
                     0.13  1.190073         3  0.396691  0.307614  0.546493  cuda_initialize_variables(int, float*)
                     0.00  7.42e-03         5  1.48e-03  1.38e-03  1.82e-03  [CUDA memcpy HtoD]
                     0.00  1.92e-03         1  1.92e-03  1.92e-03  1.92e-03  [CUDA memset]
      API calls:    67.88  874.8628      2000  0.437431  0.028032  2.421916  cudaMemcpy
                    22.80  293.7859         5  58.75718  5.83e-03  293.7536  cudaMemcpyToSymbol
                     6.47  83.44809     14003  5.96e-03  4.45e-03  0.508546  cudaLaunchKernel
                     1.60  20.55679         7  2.936684  0.013429  20.40063  cudaMallocManaged
                     0.36  4.594994         4  1.148748  1.141345  1.159850  cuDeviceTotalMem
                     0.31  4.012756     28003  1.43e-04  8.60e-05  0.480743  cudaGetLastError
                     0.27  3.445203       388  8.88e-03  1.10e-04  0.384985  cuDeviceGetAttribute
                     0.10  1.293536         1  1.293536  1.293536  1.293536  cudaMemset
                     0.09  1.158609        10  0.115860  4.09e-04  0.385632  cudaFree
                     0.07  0.857153         1  0.857153  0.857153  0.857153  cudaGetDeviceProperties
                     0.03  0.432326         2  0.216163  5.40e-03  0.426926  cudaThreadSynchronize
                     0.02  0.291387         4  0.072846  0.067456  0.078319  cuDeviceGetName
                     0.00  0.021738         2  0.010869  5.02e-03  0.016719  cudaMemAdvise
                     0.00  9.62e-03         4  2.41e-03  1.22e-03  5.50e-03  cuDeviceGetPCIBusId
                     0.00  7.52e-03         1  7.52e-03  7.52e-03  7.52e-03  cudaSetDevice
                     0.00  2.37e-03         8  2.96e-04  1.58e-04  6.30e-04  cuDeviceGet
                     0.00  1.72e-03         1  1.72e-03  1.72e-03  1.72e-03  cudaGetDevice
                     0.00  1.31e-03         3  4.35e-04  1.41e-04  7.05e-04  cuDeviceGetCount
                     0.00  9.01e-04         4  2.25e-04  1.69e-04  2.93e-04  cuDeviceGetUuid

==3072== Unified Memory profiling result:
Device "Tesla V100-PCIE-32GB (0)"
   Count  Avg Size  Min Size  Max Size  Total Size  Total Time  Name
     105  47.009KB  4.0000KB  896.00KB  4.820313MB    0.682848ms  Host To Device
      22         -         -         -           -    3.402112ms  Gpu page fault groups
      15  101.33KB  4.0000KB  300.00KB  1.484375MB           -  Remote mapping from device
Total CPU Page faults: 49
Total remote mappings to CPU: 15
