==1050== NVPROF is profiling process 1050, command: ./cfd_0202 ../../../data/cfd/fvcorr.domn.097K
==1050== Profiling application: ./cfd_0202 ../../../data/cfd/fvcorr.domn.097K
==1050== Profiling result:
            Type  Time(%)      Time     Calls       Avg       Min       Max  Name
                        %        ms                  ms        ms        ms
 GPU activities:    73.61  215.5727      6000  0.035928  0.033152  2.027189  cuda_compute_flux(int, int*, float*, float*, float*)
                    18.74  54.88117      6000  9.15e-03  7.81e-03  0.011424  cuda_time_step(int, int, float*, float*, float*, float*)
                     4.09  11.96791      2000  5.98e-03  5.76e-03  0.012288  [CUDA memcpy DtoD]
                     3.19  9.341903      2000  4.67e-03  4.22e-03  0.333150  cuda_compute_step_factor(int, float*, float*, float*)
                     0.37  1.093178         3  0.364392  0.237598  0.554621  cuda_initialize_variables(int, float*)
                     0.00  7.39e-03         5  1.48e-03  1.41e-03  1.76e-03  [CUDA memcpy HtoD]
                     0.00  1.66e-03         1  1.66e-03  1.66e-03  1.66e-03  [CUDA memset]
      API calls:    45.69  302.8713         5  60.57425  6.29e-03  302.8376  cudaMemcpyToSymbol
                    37.60  249.2522      2000  0.124626  0.027099  2.445970  cudaMemcpy
                    11.29  74.84726     14003  5.35e-03  4.21e-03  0.519475  cudaLaunchKernel
                     3.10  20.57524         7  2.939319  0.011667  20.45104  cudaMallocManaged
                     0.70  4.616158         4  1.154039  1.139504  1.180090  cuDeviceTotalMem
                     0.54  3.594504     28003  1.28e-04  8.50e-05  0.455286  cudaGetLastError
                     0.51  3.394807       388  8.75e-03  1.10e-04  0.372060  cuDeviceGetAttribute
                     0.19  1.275334         1  1.275334  1.275334  1.275334  cudaMemset
                     0.17  1.141949        10  0.114194  4.08e-04  0.384522  cudaFree
                     0.13  0.835503         1  0.835503  0.835503  0.835503  cudaGetDeviceProperties
                     0.04  0.277719         4  0.069429  0.067488  0.072574  cuDeviceGetName
                     0.02  0.119002         2  0.059501  5.21e-03  0.113796  cudaThreadSynchronize
                     0.00  0.019314         2  9.66e-03  2.25e-03  0.017060  cudaMemAdvise
                     0.00  9.08e-03         4  2.27e-03  1.16e-03  5.21e-03  cuDeviceGetPCIBusId
                     0.00  7.14e-03         1  7.14e-03  7.14e-03  7.14e-03  cudaSetDevice
                     0.00  2.49e-03         8  3.10e-04  1.55e-04  8.20e-04  cuDeviceGet
                     0.00  1.75e-03         1  1.75e-03  1.75e-03  1.75e-03  cudaGetDevice
                     0.00  1.28e-03         3  4.28e-04  1.29e-04  7.41e-04  cuDeviceGetCount
                     0.00  8.46e-04         4  2.11e-04  1.70e-04  2.59e-04  cuDeviceGetUuid

==1050== Unified Memory profiling result:
Device "Tesla V100-PCIE-32GB (0)"
   Count  Avg Size  Min Size  Max Size  Total Size  Total Time  Name
     174  37.953KB  4.0000KB  920.00KB  6.449219MB    0.964448ms  Host To Device
      23         -         -         -           -    3.619072ms  Gpu page fault groups
Total CPU Page faults: 49
