==45972== NVPROF is profiling process 45972, command: ./cfd_1542 ../../../data/cfd/fvcorr.domn.193K
==45972== Profiling application: ./cfd_1542 ../../../data/cfd/fvcorr.domn.193K
==45972== Profiling result:
            Type  Time(%)      Time     Calls       Avg       Min       Max  Name
                        %        ms                  ms        ms        ms
 GPU activities:    90.68  1.59e+03      6000  0.265072  0.259359  4.967651  cuda_compute_flux(int, int*, float*, float*, float*)
                     6.87  120.5003      6000  0.020083  0.017856  0.023168  cuda_time_step(int, int, float*, float*, float*, float*)
                     1.20  21.09332      2000  0.010546  9.79e-03  0.013760  [CUDA memcpy DtoD]
                     1.13  19.79902      2000  9.90e-03  8.93e-03  0.676028  cuda_compute_step_factor(int, float*, float*, float*)
                     0.11  1.972469         3  0.657489  0.569341  0.823099  cuda_initialize_variables(int, float*)
                     0.00  7.36e-03         5  1.47e-03  1.38e-03  1.79e-03  [CUDA memcpy HtoD]
                     0.00  2.24e-03         1  2.24e-03  2.24e-03  2.24e-03  [CUDA memset]
      API calls:    80.46  1.70e+03      2000  0.851663  0.063192  6.204957  cudaMemcpy
                    14.02  296.7365         5  59.34730  6.20e-03  296.7030  cudaMemcpyToSymbol
                     3.74  79.23493     14003  5.66e-03  4.29e-03  0.447363  cudaLaunchKernel
                     0.98  20.74476         7  2.963537  7.14e-03  20.44172  cudaMallocManaged
                     0.22  4.627360         4  1.156840  1.148690  1.159853  cuDeviceTotalMem
                     0.16  3.332088       388  8.59e-03  1.08e-04  0.348669  cuDeviceGetAttribute
                     0.15  3.261974     28003  1.16e-04  8.50e-05  0.011764  cudaGetLastError
                     0.11  2.227958         1  2.227958  2.227958  2.227958  cudaMemset
                     0.07  1.535099        10  0.153509  4.40e-04  0.573410  cudaFree
                     0.04  0.849170         2  0.424585  7.95e-03  0.841217  cudaThreadSynchronize
                     0.04  0.825092         1  0.825092  0.825092  0.825092  cudaGetDeviceProperties
                     0.01  0.284272         4  0.071068  0.069733  0.073659  cuDeviceGetName
                     0.00  0.021960         3  7.32e-03  2.08e-03  0.016258  cudaMemAdvise
                     0.00  9.31e-03         4  2.33e-03  1.10e-03  4.68e-03  cuDeviceGetPCIBusId
                     0.00  7.93e-03         1  7.93e-03  7.93e-03  7.93e-03  cudaSetDevice
                     0.00  2.39e-03         8  2.98e-04  1.31e-04  7.93e-04  cuDeviceGet
                     0.00  1.94e-03         1  1.94e-03  1.94e-03  1.94e-03  cudaGetDevice
                     0.00  1.37e-03         3  4.57e-04  2.26e-04  7.29e-04  cuDeviceGetCount
                     0.00  8.43e-04         4  2.10e-04  1.75e-04  2.44e-04  cuDeviceGetUuid

==45972== Unified Memory profiling result:
Device "Tesla V100-PCIE-32GB (0)"
   Count  Avg Size  Min Size  Max Size  Total Size  Total Time  Name
     255  38.541KB  4.0000KB  996.00KB  9.597656MB    1.496992ms  Host To Device
      58         -         -         -           -    8.193952ms  Gpu page fault groups
     482  6.2734KB  4.0000KB  36.000KB  2.953125MB           -  Remote mapping from device
Total CPU Page faults: 65
Total remote mappings to CPU: 482
