==23412== NVPROF is profiling process 23412, command: ./cfd_1051 ../../../data/cfd/fvcorr.domn.097K
==23412== Profiling application: ./cfd_1051 ../../../data/cfd/fvcorr.domn.097K
==23412== Profiling result:
            Type  Time(%)      Time     Calls       Avg       Min       Max  Name
                        %        ms                  ms        ms        ms
 GPU activities:    73.55  215.7600      6000  0.035959  0.033440  1.999701  cuda_compute_flux(int, int*, float*, float*, float*)
                    18.74  54.97804      6000  9.16e-03  7.74e-03  0.012032  cuda_time_step(int, int, float*, float*, float*, float*)
                     4.10  12.01867      2000  6.01e-03  5.76e-03  0.012992  [CUDA memcpy DtoD]
                     3.24  9.497743      2000  4.75e-03  4.26e-03  0.494782  cuda_compute_step_factor(int, float*, float*, float*)
                     0.38  1.101659         3  0.367219  0.238783  0.545853  cuda_initialize_variables(int, float*)
                     0.00  7.65e-03         5  1.53e-03  1.38e-03  1.79e-03  [CUDA memcpy HtoD]
                     0.00  1.66e-03         1  1.66e-03  1.66e-03  1.66e-03  [CUDA memset]
      API calls:    45.02  296.3148         5  59.26296  6.12e-03  296.2807  cudaMemcpyToSymbol
                    37.87  249.2459      2000  0.124622  0.021405  2.547455  cudaMemcpy
                    11.51  75.73749     14003  5.41e-03  4.13e-03  0.442928  cudaLaunchKernel
                     3.13  20.61889         7  2.945556  0.012877  20.44946  cudaMallocManaged
                     0.69  4.549832         4  1.137458  1.131917  1.142456  cuDeviceTotalMem
                     0.64  4.217770     28003  1.50e-04  8.40e-05  0.444735  cudaGetLastError
                     0.52  3.411901       388  8.79e-03  1.07e-04  0.360368  cuDeviceGetAttribute
                     0.18  1.214681         1  1.214681  1.214681  1.214681  cudaMemset
                     0.17  1.108443        10  0.110844  4.25e-04  0.391821  cudaFree
                     0.13  0.827034         1  0.827034  0.827034  0.827034  cudaGetDeviceProperties
                     0.08  0.556553         2  0.278276  4.76e-03  0.551792  cudaThreadSynchronize
                     0.05  0.302336         4  0.075584  0.070572  0.083572  cuDeviceGetName
                     0.00  0.017514         2  8.76e-03  2.40e-03  0.015114  cudaMemAdvise
                     0.00  0.010049         4  2.51e-03  1.26e-03  5.23e-03  cuDeviceGetPCIBusId
                     0.00  8.36e-03         1  8.36e-03  8.36e-03  8.36e-03  cudaSetDevice
                     0.00  5.26e-03         3  1.75e-03  2.06e-04  4.61e-03  cuDeviceGetCount
                     0.00  2.27e-03         8  2.83e-04  1.44e-04  6.48e-04  cuDeviceGet
                     0.00  2.07e-03         1  2.07e-03  2.07e-03  2.07e-03  cudaGetDevice
                     0.00  7.59e-04         4  1.89e-04  1.71e-04  2.28e-04  cuDeviceGetUuid

==23412== Unified Memory profiling result:
Device "Tesla V100-PCIE-32GB (0)"
   Count  Avg Size  Min Size  Max Size  Total Size  Total Time  Name
     151  42.755KB  4.0000KB  924.00KB  6.304688MB    0.899840ms  Host To Device
      26         -         -         -           -    3.736064ms  Gpu page fault groups
Total CPU Page faults: 1153
