==8608== NVPROF is profiling process 8608, command: ./cfd_0335 ../../../data/cfd/fvcorr.domn.097K
==8608== Profiling application: ./cfd_0335 ../../../data/cfd/fvcorr.domn.097K
==8608== Profiling result:
            Type  Time(%)      Time     Calls       Avg       Min       Max  Name
                        %        ms                  ms        ms        ms
 GPU activities:    85.44  841.3198      6000  0.140219  0.134623  1.898326  cuda_compute_flux(int, int*, float*, float*, float*)
                     7.64  75.19079      2000  0.037595  0.036960  0.060639  cuda_compute_step_factor(int, float*, float*, float*)
                     5.61  55.25456      6000  9.21e-03  7.65e-03  0.010976  cuda_time_step(int, int, float*, float*, float*, float*)
                     1.22  11.99613      2000  6.00e-03  5.76e-03  0.013344  [CUDA memcpy DtoD]
                     0.09  0.913179         3  0.304393  0.232735  0.437598  cuda_initialize_variables(int, float*)
                     0.00  7.36e-03         5  1.47e-03  1.38e-03  1.79e-03  [CUDA memcpy HtoD]
                     0.00  1.66e-03         1  1.66e-03  1.66e-03  1.66e-03  [CUDA memset]
      API calls:    69.44  937.2262      2000  0.468613  0.029576  2.233455  cudaMemcpy
                    22.05  297.5982         5  59.51964  9.25e-03  297.5530  cudaMemcpyToSymbol
                     5.77  77.88616     14003  5.56e-03  4.26e-03  0.471037  cudaLaunchKernel
                     1.54  20.71886         7  2.959837  0.011258  20.55787  cudaMallocManaged
                     0.35  4.670030         4  1.167507  1.143284  1.237947  cuDeviceTotalMem
                     0.32  4.367355       388  0.011256  1.10e-04  1.345839  cuDeviceGetAttribute
                     0.24  3.292371     28003  1.17e-04  8.40e-05  0.017187  cudaGetLastError
                     0.08  1.106820        10  0.110682  4.30e-04  0.399737  cudaFree
                     0.08  1.040864         1  1.040864  1.040864  1.040864  cudaMemset
                     0.07  0.882550         1  0.882550  0.882550  0.882550  cudaGetDeviceProperties
                     0.03  0.467114         2  0.233557  5.54e-03  0.461579  cudaThreadSynchronize
                     0.02  0.284269         4  0.071067  0.067554  0.078326  cuDeviceGetName
                     0.00  0.064650         3  0.021550  5.41e-03  0.049750  cudaMemAdvise
                     0.00  8.71e-03         4  2.18e-03  1.11e-03  4.84e-03  cuDeviceGetPCIBusId
                     0.00  7.46e-03         1  7.46e-03  7.46e-03  7.46e-03  cudaSetDevice
                     0.00  2.21e-03         8  2.75e-04  1.38e-04  5.19e-04  cuDeviceGet
                     0.00  1.81e-03         1  1.81e-03  1.81e-03  1.81e-03  cudaGetDevice
                     0.00  1.32e-03         3  4.39e-04  1.41e-04  6.76e-04  cuDeviceGetCount
                     0.00  9.20e-04         4  2.30e-04  1.80e-04  2.80e-04  cuDeviceGetUuid

==8608== Unified Memory profiling result:
Device "Tesla V100-PCIE-32GB (0)"
   Count  Avg Size  Min Size  Max Size  Total Size  Total Time  Name
     144  31.639KB  4.0000KB  924.00KB  4.449219MB    0.735872ms  Host To Device
      21         -         -         -           -    2.867936ms  Gpu page fault groups
      19  100.00KB  4.0000KB  300.00KB  1.855469MB           -  Remote mapping from device
Total CPU Page faults: 49
Total remote mappings to CPU: 19
