==18254== NVPROF is profiling process 18254, command: ./cfd_0542 ../../../data/cfd/fvcorr.domn.193K
==18254== Profiling application: ./cfd_0542 ../../../data/cfd/fvcorr.domn.193K
==18254== Profiling result:
            Type  Time(%)      Time     Calls       Avg       Min       Max  Name
                        %        ms                  ms        ms        ms
 GPU activities:    90.74  1.60e+03      6000  0.266577  0.259423  4.968709  cuda_compute_flux(int, int*, float*, float*, float*)
                     6.80  119.7926      6000  0.019965  0.017920  0.022688  cuda_time_step(int, int, float*, float*, float*, float*)
                     1.21  21.32424      2000  0.010662  9.95e-03  0.013824  [CUDA memcpy DtoD]
                     1.13  19.87953      2000  9.94e-03  8.99e-03  0.659740  cuda_compute_step_factor(int, float*, float*, float*)
                     0.13  2.296595         3  0.765531  0.705948  0.847707  cuda_initialize_variables(int, float*)
                     0.00  7.36e-03         5  1.47e-03  1.38e-03  1.79e-03  [CUDA memcpy HtoD]
                     0.00  2.05e-03         1  2.05e-03  2.05e-03  2.05e-03  [CUDA memset]
      API calls:    80.38  1.71e+03      2000  0.855383  0.073273  6.214555  cudaMemcpy
                    14.02  298.2972         5  59.65944  5.88e-03  298.2641  cudaMemcpyToSymbol
                     3.77  80.27358     14003  5.73e-03  4.35e-03  0.483247  cudaLaunchKernel
                     0.99  20.98908         7  2.998440  6.55e-03  20.65339  cudaMallocManaged
                     0.22  4.640928         4  1.160232  1.138479  1.211373  cuDeviceTotalMem
                     0.17  3.682049     28003  1.31e-04  9.50e-05  0.011957  cudaGetLastError
                     0.16  3.345542       388  8.62e-03  1.10e-04  0.346230  cuDeviceGetAttribute
                     0.12  2.552301         1  2.552301  2.552301  2.552301  cudaMemset
                     0.08  1.739339        10  0.173933  4.82e-04  0.660505  cudaFree
                     0.04  0.942380         1  0.942380  0.942380  0.942380  cudaGetDeviceProperties
                     0.04  0.843836         2  0.421918  8.77e-03  0.835064  cudaThreadSynchronize
                     0.01  0.279793         4  0.069948  0.067463  0.072610  cuDeviceGetName
                     0.00  0.023212         3  7.74e-03  2.54e-03  0.016142  cudaMemAdvise
                     0.00  8.80e-03         4  2.20e-03  1.20e-03  4.85e-03  cuDeviceGetPCIBusId
                     0.00  7.89e-03         1  7.89e-03  7.89e-03  7.89e-03  cudaSetDevice
                     0.00  2.45e-03         8  3.06e-04  1.58e-04  6.47e-04  cuDeviceGet
                     0.00  1.97e-03         1  1.97e-03  1.97e-03  1.97e-03  cudaGetDevice
                     0.00  1.27e-03         3  4.24e-04  1.40e-04  7.00e-04  cuDeviceGetCount
                     0.00  8.35e-04         4  2.08e-04  1.84e-04  2.58e-04  cuDeviceGetUuid

==18254== Unified Memory profiling result:
Device "Tesla V100-PCIE-32GB (0)"
   Count  Avg Size  Min Size  Max Size  Total Size  Total Time  Name
     219  44.876KB  4.0000KB  996.00KB  9.597656MB    1.380832ms  Host To Device
      58         -         -         -           -    8.531680ms  Gpu page fault groups
     449  6.7344KB  4.0000KB  44.000KB  2.953125MB           -  Remote mapping from device
Total CPU Page faults: 65
Total remote mappings to CPU: 449
