==30628== NVPROF is profiling process 30628, command: ./cfd_1224 ../../../data/cfd/fvcorr.domn.193K
==30628== Profiling application: ./cfd_1224 ../../../data/cfd/fvcorr.domn.193K
==30628== Profiling result:
            Type  Time(%)      Time     Calls       Avg       Min       Max  Name
                        %        ms                  ms        ms        ms
 GPU activities:    96.69  4.60e+03      6000  0.766454  0.754939  7.501652  cuda_compute_flux(int, int*, float*, float*, float*)
                     2.40  114.2891      6000  0.019048  0.017568  0.023008  cuda_time_step(int, int, float*, float*, float*, float*)
                     0.45  21.18232      2000  0.010591  9.92e-03  0.014112  [CUDA memcpy DtoD]
                     0.42  19.76442      2000  9.88e-03  8.93e-03  0.620445  cuda_compute_step_factor(int, float*, float*, float*)
                     0.04  2.127316         3  0.709105  0.603644  0.845820  cuda_initialize_variables(int, float*)
                     0.00  7.36e-03         5  1.47e-03  1.38e-03  1.76e-03  [CUDA memcpy HtoD]
                     0.00  2.08e-03         1  2.08e-03  2.08e-03  2.08e-03  [CUDA memset]
      API calls:    91.82  4.70e+03      2000  2.350887  0.074544  9.687749  cudaMemcpy
                     5.83  298.3551         5  59.67101  5.92e-03  298.3220  cudaMemcpyToSymbol
                     1.57  80.58943     14003  5.76e-03  4.37e-03  0.451092  cudaLaunchKernel
                     0.41  20.81674         7  2.973820  8.24e-03  20.44568  cudaMallocManaged
                     0.09  4.570508         4  1.142627  1.126672  1.175836  cuDeviceTotalMem
                     0.07  3.584427     28003  1.28e-04  8.50e-05  0.012297  cudaGetLastError
                     0.07  3.356842       388  8.65e-03  1.09e-04  0.351423  cuDeviceGetAttribute
                     0.05  2.385775         1  2.385775  2.385775  2.385775  cudaMemset
                     0.05  2.333613         2  1.166806  7.36e-03  2.326249  cudaThreadSynchronize
                     0.03  1.775700        10  0.177570  4.25e-04  0.833389  cudaFree
                     0.02  0.864822         1  0.864822  0.864822  0.864822  cudaGetDeviceProperties
                     0.01  0.280347         4  0.070086  0.067630  0.073256  cuDeviceGetName
                     0.00  0.024476         3  8.16e-03  2.04e-03  0.017376  cudaMemAdvise
                     0.00  8.83e-03         4  2.21e-03  1.14e-03  5.03e-03  cuDeviceGetPCIBusId
                     0.00  7.39e-03         1  7.39e-03  7.39e-03  7.39e-03  cudaSetDevice
                     0.00  3.80e-03         8  4.75e-04  1.52e-04  1.07e-03  cuDeviceGet
                     0.00  1.95e-03         1  1.95e-03  1.95e-03  1.95e-03  cudaGetDevice
                     0.00  1.19e-03         3  3.98e-04  1.35e-04  7.03e-04  cuDeviceGetCount
                     0.00  9.09e-04         4  2.27e-04  1.94e-04  2.59e-04  cuDeviceGetUuid

==30628== Unified Memory profiling result:
Device "Tesla V100-PCIE-32GB (0)"
   Count  Avg Size  Min Size  Max Size  Total Size  Total Time  Name
      70  54.000KB  4.0000KB  0.9844MB  3.691406MB    0.488192ms  Host To Device
      64         -         -         -           -   11.508704ms  Gpu page fault groups
    1616  5.6133KB  4.0000KB  64.000KB  8.859375MB           -  Remote mapping from device
Total CPU Page faults: 30
Total remote mappings to CPU: 1616
