==6499== NVPROF is profiling process 6499, command: ./cfd_0311 ../../../data/cfd/fvcorr.domn.193K
==6499== Profiling application: ./cfd_0311 ../../../data/cfd/fvcorr.domn.193K
==6499== Profiling result:
            Type  Time(%)      Time     Calls       Avg       Min       Max  Name
                        %        ms                  ms        ms        ms
 GPU activities:    56.27  364.0171      6000  0.060669  0.057664  4.196136  cuda_compute_flux(int, int*, float*, float*, float*)
                    21.51  139.1833      2000  0.069591  0.068128  0.094528  cuda_compute_step_factor(int, float*, float*, float*)
                    18.66  120.7106      6000  0.020118  0.017888  0.022592  cuda_time_step(int, int, float*, float*, float*, float*)
                     3.23  20.90212      2000  0.010451  9.60e-03  0.013312  [CUDA memcpy DtoD]
                     0.33  2.143923         3  0.714641  0.636732  0.808379  cuda_initialize_variables(int, float*)
                     0.00  7.42e-03         5  1.48e-03  1.38e-03  1.79e-03  [CUDA memcpy HtoD]
                     0.00  2.24e-03         1  2.24e-03  2.24e-03  2.24e-03  [CUDA memset]
      API calls:    58.94  596.8138      2000  0.298406  0.036112  4.398696  cudaMemcpy
                    29.23  295.9762         5  59.19524  6.50e-03  295.9418  cudaMemcpyToSymbol
                     7.92  80.16044     14003  5.72e-03  4.27e-03  0.553435  cudaLaunchKernel
                     2.06  20.89849         7  2.985498  8.05e-03  20.47492  cudaMallocManaged
                     0.46  4.614774         4  1.153693  1.138199  1.166883  cuDeviceTotalMem
                     0.43  4.367991       388  0.011257  1.10e-04  1.317785  cuDeviceGetAttribute
                     0.42  4.202632     28003  1.50e-04  8.60e-05  0.447151  cudaGetLastError
                     0.23  2.362981         1  2.362981  2.362981  2.362981  cudaMemset
                     0.17  1.719642        10  0.171964  4.18e-04  0.750051  cudaFree
                     0.08  0.845020         1  0.845020  0.845020  0.845020  cudaGetDeviceProperties
                     0.03  0.302675         2  0.151337  0.015207  0.287468  cudaThreadSynchronize
                     0.03  0.283524         4  0.070881  0.067625  0.075505  cuDeviceGetName
                     0.00  0.021506         3  7.17e-03  1.45e-03  0.017638  cudaMemAdvise
                     0.00  9.11e-03         4  2.28e-03  1.17e-03  5.05e-03  cuDeviceGetPCIBusId
                     0.00  7.85e-03         1  7.85e-03  7.85e-03  7.85e-03  cudaSetDevice
                     0.00  2.49e-03         8  3.11e-04  1.32e-04  8.24e-04  cuDeviceGet
                     0.00  1.94e-03         1  1.94e-03  1.94e-03  1.94e-03  cudaGetDevice
                     0.00  1.27e-03         3  4.23e-04  1.29e-04  7.44e-04  cuDeviceGetCount
                     0.00  7.99e-04         4  1.99e-04  1.59e-04  2.53e-04  cuDeviceGetUuid

==6499== Unified Memory profiling result:
Device "Tesla V100-PCIE-32GB (0)"
   Count  Avg Size  Min Size  Max Size  Total Size  Total Time  Name
     356  33.977KB  4.0000KB  992.00KB  11.81250MB    1.965696ms  Host To Device
      31         -         -         -           -    6.536704ms  Gpu page fault groups
       5  151.20KB  64.000KB  256.00KB  756.0000KB           -  Remote mapping from device
Total CPU Page faults: 3029
Total remote mappings to CPU: 5
