==18575== NVPROF is profiling process 18575, command: ./cfd_0544 ../../../data/cfd/missile.domn.0.2M
==18575== Profiling application: ./cfd_0544 ../../../data/cfd/missile.domn.0.2M
==18575== Profiling result:
            Type  Time(%)      Time     Calls       Avg       Min       Max  Name
                        %        ms                  ms        ms        ms
 GPU activities:    97.34  7.33e+03      6000  1.221932  1.206137  10.45373  cuda_compute_flux(int, int*, float*, float*, float*)
                     1.86  139.7267      6000  0.023287  0.021376  0.028448  cuda_time_step(int, int, float*, float*, float*, float*)
                     0.41  31.02494      2000  0.015512  0.014592  0.022432  [CUDA memcpy DtoD]
                     0.36  26.95412      2000  0.013477  0.011328  0.568029  cuda_compute_step_factor(int, float*, float*, float*)
                     0.03  2.387154         3  0.795718  0.660700  0.995898  cuda_initialize_variables(int, float*)
                     0.00  7.33e-03         5  1.47e-03  1.38e-03  1.79e-03  [CUDA memcpy HtoD]
                     0.00  2.05e-03         1  2.05e-03  2.05e-03  2.05e-03  [CUDA memset]
      API calls:    94.57  7.48e+03      2000  3.738007  0.083450  13.51649  cudaMemcpy
                     3.86  305.4793         5  61.09586  6.36e-03  305.4454  cudaMemcpyToSymbol
                     1.03  81.76930     14003  5.84e-03  4.54e-03  0.485978  cudaLaunchKernel
                     0.27  20.98041         7  2.997200  0.017543  20.53483  cudaMallocManaged
                     0.06  4.596144         4  1.149036  1.142107  1.156142  cuDeviceTotalMem
                     0.05  3.720347         2  1.860173  8.58e-03  3.711769  cudaThreadSynchronize
                     0.04  3.524948     28003  1.25e-04  8.60e-05  0.011820  cudaGetLastError
                     0.04  3.353880       388  8.64e-03  1.07e-04  0.353758  cuDeviceGetAttribute
                     0.03  2.663461         1  2.663461  2.663461  2.663461  cudaMemset
                     0.03  2.190231        10  0.219023  4.02e-04  0.898060  cudaFree
                     0.01  0.854159         1  0.854159  0.854159  0.854159  cudaGetDeviceProperties
                     0.00  0.278368         4  0.069592  0.067638  0.072389  cuDeviceGetName
                     0.00  0.042021         3  0.014007  1.79e-03  0.034084  cudaMemAdvise
                     0.00  8.64e-03         4  2.16e-03  1.17e-03  4.71e-03  cuDeviceGetPCIBusId
                     0.00  7.96e-03         1  7.96e-03  7.96e-03  7.96e-03  cudaSetDevice
                     0.00  2.40e-03         8  3.00e-04  1.54e-04  5.90e-04  cuDeviceGet
                     0.00  2.11e-03         1  2.11e-03  2.11e-03  2.11e-03  cudaGetDevice
                     0.00  1.32e-03         3  4.40e-04  1.23e-04  7.06e-04  cuDeviceGetCount
                     0.00  8.67e-04         4  2.16e-04  1.89e-04  2.68e-04  cuDeviceGetUuid

==18575== Unified Memory profiling result:
Device "Tesla V100-PCIE-32GB (0)"
   Count  Avg Size  Min Size  Max Size  Total Size  Total Time  Name
      24  38.000KB  4.0000KB  296.00KB  912.0000KB    0.138848ms  Host To Device
      78         -         -         -           -   15.011680ms  Gpu page fault groups
    2475  5.8760KB  4.0000KB  60.000KB  14.20313MB           -  Remote mapping from device
Total CPU Page faults: 13
Total remote mappings to CPU: 2475
