==23921== NVPROF is profiling process 23921, command: ./cfd_1055 ../../../data/cfd/fvcorr.domn.097K
==23921== Profiling application: ./cfd_1055 ../../../data/cfd/fvcorr.domn.097K
==23921== Profiling result:
            Type  Time(%)      Time     Calls       Avg       Min       Max  Name
                        %        ms                  ms        ms        ms
 GPU activities:    73.50  215.7295      6000  0.035954  0.033248  1.887894  cuda_compute_flux(int, int*, float*, float*, float*)
                    18.72  54.94747      6000  9.16e-03  7.74e-03  0.011999  cuda_time_step(int, int, float*, float*, float*, float*)
                     4.12  12.10512      2000  6.05e-03  5.82e-03  0.019136  [CUDA memcpy DtoD]
                     3.21  9.433065      2000  4.72e-03  4.19e-03  0.474430  cuda_compute_step_factor(int, float*, float*, float*)
                     0.44  1.288057         3  0.429352  0.268318  0.580477  cuda_initialize_variables(int, float*)
                     0.00  7.62e-03         5  1.52e-03  1.38e-03  2.05e-03  [CUDA memcpy HtoD]
                     0.00  1.66e-03         1  1.66e-03  1.66e-03  1.66e-03  [CUDA memset]
      API calls:    44.99  298.2222         5  59.64443  6.39e-03  298.1886  cudaMemcpyToSymbol
                    36.79  243.8490      2000  0.121924  0.025902  2.429838  cudaMemcpy
                    12.45  82.55407     14003  5.90e-03  4.71e-03  0.431231  cudaLaunchKernel
                     3.14  20.82085         7  2.974407  0.011696  20.64680  cudaMallocManaged
                     0.76  5.043324       388  0.012998  1.09e-04  1.158517  cuDeviceGetAttribute
                     0.70  4.671221         4  1.167805  1.140399  1.225611  cuDeviceTotalMem
                     0.57  3.785339     28003  1.35e-04  8.50e-05  0.444610  cudaGetLastError
                     0.21  1.388305         1  1.388305  1.388305  1.388305  cudaMemset
                     0.19  1.251388        10  0.125138  4.22e-04  0.410001  cudaFree
                     0.13  0.842703         1  0.842703  0.842703  0.842703  cudaGetDeviceProperties
                     0.04  0.282094         4  0.070523  0.067593  0.076707  cuDeviceGetName
                     0.02  0.117345         2  0.058672  4.58e-03  0.112764  cudaThreadSynchronize
                     0.01  0.046394         2  0.023197  0.014970  0.031424  cudaMemAdvise
                     0.00  8.52e-03         4  2.13e-03  1.14e-03  4.67e-03  cuDeviceGetPCIBusId
                     0.00  7.00e-03         1  7.00e-03  7.00e-03  7.00e-03  cudaSetDevice
                     0.00  2.49e-03         8  3.11e-04  1.34e-04  7.56e-04  cuDeviceGet
                     0.00  1.80e-03         1  1.80e-03  1.80e-03  1.80e-03  cudaGetDevice
                     0.00  1.40e-03         3  4.67e-04  1.46e-04  7.38e-04  cuDeviceGetCount
                     0.00  9.37e-04         4  2.34e-04  2.01e-04  2.97e-04  cuDeviceGetUuid

==23921== Unified Memory profiling result:
Device "Tesla V100-PCIE-32GB (0)"
   Count  Avg Size  Min Size  Max Size  Total Size  Total Time  Name
     148  43.621KB  4.0000KB  896.00KB  6.304688MB    0.916000ms  Host To Device
      27         -         -         -           -    3.750624ms  Gpu page fault groups
Total CPU Page faults: 47
