==12498== NVPROF is profiling process 12498, command: ./cfd_0425 ../../../data/cfd/missile.domn.0.2M
==12498== Profiling application: ./cfd_0425 ../../../data/cfd/missile.domn.0.2M
==12498== Profiling result:
            Type  Time(%)      Time     Calls       Avg       Min       Max  Name
                        %        ms                  ms        ms        ms
 GPU activities:    57.31  479.4579      6000  0.079909  0.068927  4.736932  cuda_compute_flux(int, int*, float*, float*, float*)
                    20.59  172.2408      2000  0.086120  0.081663  1.258105  cuda_compute_step_factor(int, float*, float*, float*)
                    18.15  151.8364      6000  0.025306  0.023039  0.035519  cuda_time_step(int, int, float*, float*, float*, float*)
                     3.69  30.84417      2000  0.015422  0.014528  0.022944  [CUDA memcpy DtoD]
                     0.26  2.183955         3  0.727985  0.661980  0.848059  cuda_initialize_variables(int, float*)
                     0.00  7.39e-03         5  1.48e-03  1.38e-03  1.79e-03  [CUDA memcpy HtoD]
                     0.00  2.27e-03         1  2.27e-03  2.27e-03  2.27e-03  [CUDA memset]
      API calls:    65.45  786.9711      2000  0.393485  0.061719  6.195392  cudaMemcpy
                    24.91  299.5867         5  59.91733  5.91e-03  299.5535  cudaMemcpyToSymbol
                     6.51  78.29596     14003  5.59e-03  4.32e-03  0.495754  cudaLaunchKernel
                     1.73  20.77329         7  2.967613  0.018608  20.45736  cudaMallocManaged
                     0.38  4.623325         4  1.155831  1.150039  1.158603  cuDeviceTotalMem
                     0.28  3.376345       388  8.70e-03  1.07e-04  0.347860  cuDeviceGetAttribute
                     0.25  3.054005     28003  1.09e-04  8.50e-05  0.011891  cudaGetLastError
                     0.20  2.464631         1  2.464631  2.464631  2.464631  cudaMemset
                     0.14  1.725447        10  0.172544  4.01e-04  0.817447  cudaFree
                     0.07  0.841893         1  0.841893  0.841893  0.841893  cudaGetDeviceProperties
                     0.03  0.379988         2  0.189994  7.56e-03  0.372427  cudaThreadSynchronize
                     0.02  0.296854         4  0.074213  0.068057  0.080862  cuDeviceGetName
                     0.00  0.048876         3  0.016292  3.17e-03  0.040493  cudaMemAdvise
                     0.00  9.77e-03         4  2.44e-03  1.15e-03  5.26e-03  cuDeviceGetPCIBusId
                     0.00  9.63e-03         1  9.63e-03  9.63e-03  9.63e-03  cudaSetDevice
                     0.00  2.36e-03         8  2.94e-04  1.36e-04  5.70e-04  cuDeviceGet
                     0.00  2.16e-03         1  2.16e-03  2.16e-03  2.16e-03  cudaGetDevice
                     0.00  1.48e-03         3  4.92e-04  2.58e-04  6.66e-04  cuDeviceGetCount
                     0.00  8.25e-04         4  2.06e-04  1.79e-04  2.62e-04  cuDeviceGetUuid

==12498== Unified Memory profiling result:
Device "Tesla V100-PCIE-32GB (0)"
   Count  Avg Size  Min Size  Max Size  Total Size  Total Time  Name
     459  31.686KB  4.0000KB  964.00KB  14.20313MB    2.412896ms  Host To Device
      52         -         -         -           -    9.035456ms  Gpu page fault groups
      76  12.000KB  4.0000KB  72.000KB  912.0000KB           -  Remote mapping from device
Total CPU Page faults: 86
Total remote mappings to CPU: 76
