==3767== NVPROF is profiling process 3767, command: ./cfd_0235 ../../../data/cfd/fvcorr.domn.193K
==3767== Profiling application: ./cfd_0235 ../../../data/cfd/fvcorr.domn.193K
==3767== Profiling result:
            Type  Time(%)      Time     Calls       Avg       Min       Max  Name
                        %        ms                  ms        ms        ms
 GPU activities:    90.74  1.60e+03      6000  0.266084  0.259487  3.063950  cuda_compute_flux(int, int*, float*, float*, float*)
                     6.83  120.1219      6000  0.020020  0.017856  0.023168  cuda_time_step(int, int, float*, float*, float*, float*)
                     1.20  21.11810      2000  0.010559  9.89e-03  0.013888  [CUDA memcpy DtoD]
                     1.12  19.72475      2000  9.86e-03  8.93e-03  0.618076  cuda_compute_step_factor(int, float*, float*, float*)
                     0.12  2.034772         3  0.678257  0.593757  0.782875  cuda_initialize_variables(int, float*)
                     0.00  7.39e-03         5  1.48e-03  1.38e-03  1.76e-03  [CUDA memcpy HtoD]
                     0.00  4.42e-03         1  4.42e-03  4.42e-03  4.42e-03  [CUDA memset]
      API calls:    80.48  1.71e+03      2000  0.854415  0.062857  4.267424  cudaMemcpy
                    13.92  295.4838         5  59.09676  6.25e-03  295.4509  cudaMemcpyToSymbol
                     3.77  79.99368     14003  5.71e-03  4.38e-03  0.488347  cudaLaunchKernel
                     0.98  20.86307         7  2.980438  7.63e-03  20.52099  cudaMallocManaged
                     0.22  4.684552         4  1.171138  1.140521  1.237394  cuDeviceTotalMem
                     0.20  4.259100       388  0.010977  1.09e-04  1.173375  cuDeviceGetAttribute
                     0.16  3.374638     28003  1.20e-04  8.60e-05  0.012017  cudaGetLastError
                     0.11  2.300695         1  2.300695  2.300695  2.300695  cudaMemset
                     0.07  1.516192        10  0.151619  4.12e-04  0.590680  cudaFree
                     0.04  0.904726         2  0.452363  7.61e-03  0.897115  cudaThreadSynchronize
                     0.04  0.826928         1  0.826928  0.826928  0.826928  cudaGetDeviceProperties
                     0.01  0.297407         4  0.074351  0.068480  0.088210  cuDeviceGetName
                     0.00  0.022484         3  7.49e-03  2.07e-03  0.016968  cudaMemAdvise
                     0.00  8.93e-03         4  2.23e-03  1.14e-03  5.06e-03  cuDeviceGetPCIBusId
                     0.00  6.87e-03         1  6.87e-03  6.87e-03  6.87e-03  cudaSetDevice
                     0.00  2.73e-03         8  3.41e-04  1.60e-04  7.58e-04  cuDeviceGet
                     0.00  1.68e-03         1  1.68e-03  1.68e-03  1.68e-03  cudaGetDevice
                     0.00  1.41e-03         3  4.70e-04  1.40e-04  7.16e-04  cuDeviceGetCount
                     0.00  8.17e-04         4  2.04e-04  1.81e-04  2.38e-04  cuDeviceGetUuid

==3767== Unified Memory profiling result:
Device "Tesla V100-PCIE-32GB (0)"
   Count  Avg Size  Min Size  Max Size  Total Size  Total Time  Name
     312  31.500KB  4.0000KB  552.00KB  9.597656MB    1.626176ms  Host To Device
      34         -         -         -           -    5.998112ms  Gpu page fault groups
      22  137.45KB  64.000KB  448.00KB  2.953125MB           -  Remote mapping from device
Total CPU Page faults: 83
Total remote mappings to CPU: 22
