==34471== NVPROF is profiling process 34471, command: ./cfd_1314 ../../../data/cfd/fvcorr.domn.193K
==34471== Profiling application: ./cfd_1314 ../../../data/cfd/fvcorr.domn.193K
==34471== Profiling result:
            Type  Time(%)      Time     Calls       Avg       Min       Max  Name
                        %        ms                  ms        ms        ms
 GPU activities:    94.30  4.60e+03      6000  0.766430  0.754812  7.765044  cuda_compute_flux(int, int*, float*, float*, float*)
                     2.86  139.2421      2000  0.069621  0.068416  0.098464  cuda_compute_step_factor(int, float*, float*, float*)
                     2.36  115.1008      6000  0.019183  0.017408  0.022912  cuda_time_step(int, int, float*, float*, float*, float*)
                     0.43  21.14508      2000  0.010572  9.82e-03  0.014240  [CUDA memcpy DtoD]
                     0.05  2.270932         3  0.756977  0.638812  0.964699  cuda_initialize_variables(int, float*)
                     0.00  7.58e-03         5  1.52e-03  1.41e-03  1.76e-03  [CUDA memcpy HtoD]
                     0.00  2.05e-03         1  2.05e-03  2.05e-03  2.05e-03  [CUDA memset]
      API calls:    92.10  4.82e+03      2000  2.412255  0.059833  9.470383  cudaMemcpy
                     5.61  294.0576         5  58.81153  5.96e-03  294.0247  cudaMemcpyToSymbol
                     1.50  78.81761     14003  5.63e-03  4.25e-03  0.435640  cudaLaunchKernel
                     0.40  20.82368         7  2.974811  7.47e-03  20.45616  cudaMallocManaged
                     0.09  4.592553         4  1.148138  1.122413  1.203302  cuDeviceTotalMem
                     0.08  3.958955     28003  1.41e-04  8.50e-05  0.490789  cudaGetLastError
                     0.06  3.374722       388  8.70e-03  1.09e-04  0.370426  cuDeviceGetAttribute
                     0.05  2.485452         1  2.485452  2.485452  2.485452  cudaMemset
                     0.05  2.439289         2  1.219644  7.86e-03  2.431429  cudaThreadSynchronize
                     0.04  1.857170        10  0.185717  3.98e-04  0.843759  cudaFree
                     0.02  0.825274         1  0.825274  0.825274  0.825274  cudaGetDeviceProperties
                     0.01  0.285894         4  0.071473  0.067641  0.075610  cuDeviceGetName
                     0.00  0.027755         3  9.25e-03  3.19e-03  0.019718  cudaMemAdvise
                     0.00  8.71e-03         4  2.18e-03  1.23e-03  4.57e-03  cuDeviceGetPCIBusId
                     0.00  7.40e-03         1  7.40e-03  7.40e-03  7.40e-03  cudaSetDevice
                     0.00  2.58e-03         8  3.23e-04  1.62e-04  6.48e-04  cuDeviceGet
                     0.00  2.18e-03         1  2.18e-03  2.18e-03  2.18e-03  cudaGetDevice
                     0.00  1.24e-03         3  4.13e-04  1.29e-04  7.29e-04  cuDeviceGetCount
                     0.00  7.70e-04         4  1.92e-04  1.69e-04  2.44e-04  cuDeviceGetUuid

==34471== Unified Memory profiling result:
Device "Tesla V100-PCIE-32GB (0)"
   Count  Avg Size  Min Size  Max Size  Total Size  Total Time  Name
      53  57.056KB  4.0000KB  992.00KB  2.953125MB    0.384576ms  Host To Device
      63         -         -         -           -   11.271616ms  Gpu page fault groups
    1607  6.1152KB  4.0000KB  256.00KB  9.597656MB           -  Remote mapping from device
Total CPU Page faults: 766
Total remote mappings to CPU: 1607
