==9317== NVPROF is profiling process 9317, command: ./cfd_0344 ../../../data/cfd/fvcorr.domn.193K
==9317== Profiling application: ./cfd_0344 ../../../data/cfd/fvcorr.domn.193K
==9317== Profiling result:
            Type  Time(%)      Time     Calls       Avg       Min       Max  Name
                        %        ms                  ms        ms        ms
 GPU activities:    95.65  6.10e+03      6000  1.016660  1.002618  9.004233  cuda_compute_flux(int, int*, float*, float*, float*)
                     2.20  140.5273      2000  0.070263  0.068223  0.097087  cuda_compute_step_factor(int, float*, float*, float*)
                     1.78  113.2123      6000  0.018868  0.017504  0.022656  cuda_time_step(int, int, float*, float*, float*, float*)
                     0.34  21.48775      2000  0.010743  0.010080  0.013344  [CUDA memcpy DtoD]
                     0.03  2.075027         3  0.691675  0.574653  0.845594  cuda_initialize_variables(int, float*)
                     0.00  7.65e-03         5  1.53e-03  1.41e-03  1.76e-03  [CUDA memcpy HtoD]
                     0.00  2.37e-03         1  2.37e-03  2.37e-03  2.37e-03  [CUDA memset]
      API calls:    93.79  6.33e+03      2000  3.163268  0.081632  11.15798  cudaMemcpy
                     4.47  301.5162         5  60.30324  5.62e-03  301.4818  cudaMemcpyToSymbol
                     1.12  75.25120     14003  5.37e-03  4.19e-03  0.414354  cudaLaunchKernel
                     0.31  20.94069         7  2.991527  6.79e-03  20.60083  cudaMallocManaged
                     0.08  5.427547         4  1.356886  1.148554  1.966721  cuDeviceTotalMem
                     0.06  4.099329     28003  1.46e-04  8.60e-05  0.416306  cudaGetLastError
                     0.05  3.325560       388  8.57e-03  1.09e-04  0.345639  cuDeviceGetAttribute
                     0.05  3.196818         2  1.598409  9.82e-03  3.187000  cudaThreadSynchronize
                     0.03  2.277818         1  2.277818  2.277818  2.277818  cudaMemset
                     0.02  1.637641        10  0.163764  4.23e-04  0.739648  cudaFree
                     0.01  0.872459         1  0.872459  0.872459  0.872459  cudaGetDeviceProperties
                     0.00  0.332801         4  0.083200  0.068262  0.114283  cuDeviceGetName
                     0.00  0.045969         3  0.015323  4.54e-03  0.033563  cudaMemAdvise
                     0.00  9.57e-03         4  2.39e-03  1.21e-03  4.78e-03  cuDeviceGetPCIBusId
                     0.00  8.97e-03         1  8.97e-03  8.97e-03  8.97e-03  cudaSetDevice
                     0.00  2.55e-03         8  3.18e-04  1.84e-04  6.01e-04  cuDeviceGet
                     0.00  2.15e-03         1  2.15e-03  2.15e-03  2.15e-03  cudaGetDevice
                     0.00  1.32e-03         3  4.41e-04  1.17e-04  6.78e-04  cuDeviceGetCount
                     0.00  8.19e-04         4  2.04e-04  1.66e-04  2.62e-04  cuDeviceGetUuid

==9317== Unified Memory profiling result:
Device "Tesla V100-PCIE-32GB (0)"
   Count  Avg Size  Min Size  Max Size  Total Size  Total Time  Name
      60         -         -         -           -   12.475744ms  Gpu page fault groups
    2273  5.6533KB  4.0000KB  256.00KB  12.55078MB           -  Remote mapping from device
Total CPU Page faults: 12
Total remote mappings to CPU: 2273
