==16353== NVPROF is profiling process 16353, command: ./cfd_0515 ../../../data/cfd/fvcorr.domn.193K
==16353== Profiling application: ./cfd_0515 ../../../data/cfd/fvcorr.domn.193K
==16353== Profiling result:
            Type  Time(%)      Time     Calls       Avg       Min       Max  Name
                        %        ms                  ms        ms        ms
 GPU activities:    68.52  361.2469      6000  0.060207  0.057312  4.130633  cuda_compute_flux(int, int*, float*, float*, float*)
                    23.29  122.7706      6000  0.020461  0.018144  0.023104  cuda_time_step(int, int, float*, float*, float*, float*)
                     3.97  20.94517      2000  0.010472  9.79e-03  0.013375  [CUDA memcpy DtoD]
                     3.81  20.08084      2000  0.010040  9.02e-03  0.720157  cuda_compute_step_factor(int, float*, float*, float*)
                     0.42  2.196916         3  0.732305  0.629340  0.931899  cuda_initialize_variables(int, float*)
                     0.00  7.36e-03         5  1.47e-03  1.38e-03  1.76e-03  [CUDA memcpy HtoD]
                     0.00  2.05e-03         1  2.05e-03  2.05e-03  2.05e-03  [CUDA memset]
      API calls:    53.22  474.9886      2000  0.237494  0.059606  5.005333  cudaMemcpy
                    33.47  298.7626         5  59.75253  5.62e-03  298.7297  cudaMemcpyToSymbol
                     9.09  81.16405     14003  5.80e-03  4.48e-03  0.456513  cudaLaunchKernel
                     2.34  20.85463         7  2.979233  8.68e-03  20.40308  cudaMallocManaged
                     0.51  4.595065         4  1.148766  1.140232  1.164112  cuDeviceTotalMem
                     0.38  3.384338     28003  1.20e-04  8.60e-05  0.014384  cudaGetLastError
                     0.38  3.376266       388  8.70e-03  1.06e-04  0.370598  cuDeviceGetAttribute
                     0.27  2.447467         1  2.447467  2.447467  2.447467  cudaMemset
                     0.17  1.547988        10  0.154798  3.99e-04  0.644630  cudaFree
                     0.09  0.837528         1  0.837528  0.837528  0.837528  cudaGetDeviceProperties
                     0.03  0.278383         4  0.069595  0.067531  0.073493  cuDeviceGetName
                     0.03  0.234279         2  0.117139  8.10e-03  0.226178  cudaThreadSynchronize
                     0.00  0.020318         3  6.77e-03  1.70e-03  0.016408  cudaMemAdvise
                     0.00  8.56e-03         4  2.14e-03  1.17e-03  4.76e-03  cuDeviceGetPCIBusId
                     0.00  7.47e-03         1  7.47e-03  7.47e-03  7.47e-03  cudaSetDevice
                     0.00  2.29e-03         8  2.86e-04  1.60e-04  5.31e-04  cuDeviceGet
                     0.00  1.91e-03         1  1.91e-03  1.91e-03  1.91e-03  cudaGetDevice
                     0.00  1.25e-03         3  4.16e-04  1.26e-04  6.95e-04  cuDeviceGetCount
                     0.00  7.99e-04         4  1.99e-04  1.74e-04  2.54e-04  cuDeviceGetUuid

==16353== Unified Memory profiling result:
Device "Tesla V100-PCIE-32GB (0)"
   Count  Avg Size  Min Size  Max Size  Total Size  Total Time  Name
     350  36.720KB  4.0000KB  992.00KB  12.55078MB    1.999520ms  Host To Device
      37         -         -         -           -    7.445760ms  Gpu page fault groups
Total CPU Page faults: 819
