==28496== NVPROF is profiling process 28496, command: ./cfd_1155 ../../../data/cfd/fvcorr.domn.097K
==28496== Profiling application: ./cfd_1155 ../../../data/cfd/fvcorr.domn.097K
==28496== Profiling result:
            Type  Time(%)      Time     Calls       Avg       Min       Max  Name
                        %        ms                  ms        ms        ms
 GPU activities:    73.56  215.7730      6000  0.035962  0.033119  2.079990  cuda_compute_flux(int, int*, float*, float*, float*)
                    18.73  54.93974      6000  9.16e-03  7.84e-03  0.011488  cuda_time_step(int, int, float*, float*, float*, float*)
                     4.12  12.07117      2000  6.03e-03  5.73e-03  0.013344  [CUDA memcpy DtoD]
                     3.19  9.364436      2000  4.68e-03  4.19e-03  0.400445  cuda_compute_step_factor(int, float*, float*, float*)
                     0.40  1.182714         3  0.394238  0.344190  0.477950  cuda_initialize_variables(int, float*)
                     0.00  7.46e-03         5  1.49e-03  1.38e-03  1.76e-03  [CUDA memcpy HtoD]
                     0.00  1.70e-03         1  1.70e-03  1.70e-03  1.70e-03  [CUDA memset]
      API calls:    45.57  299.0391         5  59.80782  6.06e-03  299.0023  cudaMemcpyToSymbol
                    37.85  248.3901      2000  0.124195  0.024652  2.547555  cudaMemcpy
                    11.18  73.37004     14003  5.24e-03  4.26e-03  0.949042  cudaLaunchKernel
                     3.14  20.61456         7  2.944936  0.010530  20.48882  cudaMallocManaged
                     0.70  4.597255         4  1.149313  1.138891  1.162427  cuDeviceTotalMem
                     0.51  3.372867       388  8.69e-03  1.10e-04  0.357313  cuDeviceGetAttribute
                     0.46  3.025286     28003  1.08e-04  8.60e-05  0.011908  cudaGetLastError
                     0.20  1.286075         1  1.286075  1.286075  1.286075  cudaMemset
                     0.18  1.167018        10  0.116701  4.36e-04  0.402805  cudaFree
                     0.13  0.851758         1  0.851758  0.851758  0.851758  cudaGetDeviceProperties
                     0.05  0.303211         4  0.075802  0.069008  0.087083  cuDeviceGetName
                     0.02  0.122285         2  0.061142  4.42e-03  0.117869  cudaThreadSynchronize
                     0.00  0.022773         3  7.59e-03  1.92e-03  0.013773  cudaMemAdvise
                     0.00  8.99e-03         4  2.25e-03  1.16e-03  4.96e-03  cuDeviceGetPCIBusId
                     0.00  6.94e-03         1  6.94e-03  6.94e-03  6.94e-03  cudaSetDevice
                     0.00  2.02e-03         8  2.52e-04  1.33e-04  5.99e-04  cuDeviceGet
                     0.00  1.73e-03         1  1.73e-03  1.73e-03  1.73e-03  cudaGetDevice
                     0.00  1.37e-03         3  4.58e-04  1.69e-04  7.23e-04  cuDeviceGetCount
                     0.00  8.45e-04         4  2.11e-04  1.90e-04  2.57e-04  cuDeviceGetUuid

==28496== Unified Memory profiling result:
Device "Tesla V100-PCIE-32GB (0)"
   Count  Avg Size  Min Size  Max Size  Total Size  Total Time  Name
     122  52.918KB  4.0000KB  900.00KB  6.304688MB    0.823712ms  Host To Device
      27         -         -         -           -    4.097376ms  Gpu page fault groups
Total CPU Page faults: 140
