==59981== NVPROF is profiling process 59981, command: ./cfd_0041 ../../../data/cfd/fvcorr.domn.097K
==59981== Profiling application: ./cfd_0041 ../../../data/cfd/fvcorr.domn.097K
==59981== Profiling result:
            Type  Time(%)      Time     Calls       Avg       Min       Max  Name
                        %        ms                  ms        ms        ms
 GPU activities:    90.97  842.9792      6000  0.140496  0.134655  2.854800  cuda_compute_flux(int, int*, float*, float*, float*)
                     5.98  55.43610      6000  9.24e-03  7.74e-03  0.011456  cuda_time_step(int, int, float*, float*, float*, float*)
                     1.63  15.08167      2000  7.54e-03  6.78e-03  0.461533  cuda_compute_step_factor(int, float*, float*, float*)
                     1.29  11.98995      2000  5.99e-03  5.79e-03  0.011584  [CUDA memcpy DtoD]
                     0.13  1.196601         3  0.398867  0.317055  0.518077  cuda_initialize_variables(int, float*)
                     0.00  7.36e-03         5  1.47e-03  1.38e-03  1.76e-03  [CUDA memcpy HtoD]
                     0.00  1.66e-03         1  1.66e-03  1.66e-03  1.66e-03  [CUDA memset]
      API calls:    68.17  879.7081      2000  0.439854  0.022355  3.598209  cudaMemcpy
                    22.93  295.8666         5  59.17332  5.75e-03  295.8331  cudaMemcpyToSymbol
                     6.01  77.51728     14003  5.54e-03  4.29e-03  0.440129  cudaLaunchKernel
                     1.60  20.58559         7  2.940798  0.011247  20.46042  cudaMallocManaged
                     0.37  4.795703         4  1.198925  1.150302  1.244848  cuDeviceTotalMem
                     0.36  4.644549       388  0.011970  1.10e-04  1.076831  cuDeviceGetAttribute
                     0.25  3.269542     28003  1.16e-04  8.50e-05  0.012505  cudaGetLastError
                     0.10  1.299225         1  1.299225  1.299225  1.299225  cudaMemset
                     0.09  1.122449        10  0.112244  4.40e-04  0.388274  cudaFree
                     0.06  0.828344         1  0.828344  0.828344  0.828344  cudaGetDeviceProperties
                     0.03  0.434854         2  0.217427  4.93e-03  0.429921  cudaThreadSynchronize
                     0.02  0.305280         4  0.076320  0.071073  0.083397  cuDeviceGetName
                     0.00  0.018296         2  9.15e-03  2.37e-03  0.015922  cudaMemAdvise
                     0.00  8.60e-03         4  2.15e-03  1.12e-03  4.80e-03  cuDeviceGetPCIBusId
                     0.00  7.48e-03         1  7.48e-03  7.48e-03  7.48e-03  cudaSetDevice
                     0.00  2.50e-03         8  3.13e-04  1.39e-04  7.61e-04  cuDeviceGet
                     0.00  1.75e-03         1  1.75e-03  1.75e-03  1.75e-03  cudaGetDevice
                     0.00  1.17e-03         3  3.88e-04  1.33e-04  6.79e-04  cuDeviceGetCount
                     0.00  8.48e-04         4  2.12e-04  1.70e-04  2.60e-04  cuDeviceGetUuid

==59981== Unified Memory profiling result:
Device "Tesla V100-PCIE-32GB (0)"
   Count  Avg Size  Min Size  Max Size  Total Size  Total Time  Name
     118  41.796KB  4.0000KB  912.00KB  4.816406MB    0.684768ms  Host To Device
      40         -         -         -           -    4.806560ms  Gpu page fault groups
     194  7.8555KB  4.0000KB  60.000KB  1.488281MB           -  Remote mapping from device
Total CPU Page faults: 1143
Total remote mappings to CPU: 194
