==10074== NVPROF is profiling process 10074, command: ./cfd_0354 ../../../data/cfd/fvcorr.domn.193K
==10074== Profiling application: ./cfd_0354 ../../../data/cfd/fvcorr.domn.193K
==10074== Profiling result:
            Type  Time(%)      Time     Calls       Avg       Min       Max  Name
                        %        ms                  ms        ms        ms
 GPU activities:    94.33  4.60e+03      6000  0.766031  0.754524  7.609234  cuda_compute_flux(int, int*, float*, float*, float*)
                     2.84  138.5833      2000  0.069291  0.068383  0.097760  cuda_compute_step_factor(int, float*, float*, float*)
                     2.35  114.5692      6000  0.019094  0.017248  0.023712  cuda_time_step(int, int, float*, float*, float*, float*)
                     0.43  21.15990      2000  0.010579  9.86e-03  0.012992  [CUDA memcpy DtoD]
                     0.04  2.067124         3  0.689041  0.592732  0.872347  cuda_initialize_variables(int, float*)
                     0.00  7.33e-03         5  1.47e-03  1.38e-03  1.76e-03  [CUDA memcpy HtoD]
                     0.00  2.05e-03         1  2.05e-03  2.05e-03  2.05e-03  [CUDA memset]
      API calls:    91.66  4.80e+03      2000  2.400507  0.053692  9.299812  cudaMemcpy
                     5.66  296.5526         5  59.31052  6.40e-03  296.5121  cudaMemcpyToSymbol
                     1.87  98.19588     14003  7.01e-03  5.56e-03  0.471475  cudaLaunchKernel
                     0.40  20.76302         7  2.966145  8.18e-03  20.41508  cudaMallocManaged
                     0.09  4.754718         4  1.188679  1.143167  1.241030  cuDeviceTotalMem
                     0.09  4.713345     28003  1.68e-04  8.70e-05  0.422780  cudaGetLastError
                     0.09  4.483265       388  0.011554  1.10e-04  1.057159  cuDeviceGetAttribute
                     0.05  2.372458         2  1.186229  7.38e-03  2.365074  cudaThreadSynchronize
                     0.04  2.260363         1  2.260363  2.260363  2.260363  cudaMemset
                     0.03  1.754773        10  0.175477  4.15e-04  0.762879  cudaFree
                     0.02  0.854306         1  0.854306  0.854306  0.854306  cudaGetDeviceProperties
                     0.01  0.278868         4  0.069717  0.067773  0.072444  cuDeviceGetName
                     0.00  0.022638         3  7.55e-03  2.98e-03  0.016496  cudaMemAdvise
                     0.00  8.84e-03         4  2.21e-03  1.17e-03  5.01e-03  cuDeviceGetPCIBusId
                     0.00  7.33e-03         1  7.33e-03  7.33e-03  7.33e-03  cudaSetDevice
                     0.00  2.67e-03         8  3.33e-04  1.66e-04  7.15e-04  cuDeviceGet
                     0.00  1.84e-03         1  1.84e-03  1.84e-03  1.84e-03  cudaGetDevice
                     0.00  1.36e-03         3  4.53e-04  1.42e-04  7.05e-04  cuDeviceGetCount
                     0.00  8.54e-04         4  2.13e-04  1.99e-04  2.34e-04  cuDeviceGetUuid

==10074== Unified Memory profiling result:
Device "Tesla V100-PCIE-32GB (0)"
   Count  Avg Size  Min Size  Max Size  Total Size  Total Time  Name
      49  61.714KB  4.0000KB  0.9961MB  2.953125MB    0.397568ms  Host To Device
      62         -         -         -           -   10.839520ms  Gpu page fault groups
    1603  6.1309KB  4.0000KB  256.00KB  9.597656MB           -  Remote mapping from device
Total CPU Page faults: 30
Total remote mappings to CPU: 1603
