==36878== NVPROF is profiling process 36878, command: ./cfd_1345 ../../../data/cfd/fvcorr.domn.097K
==36878== Profiling application: ./cfd_1345 ../../../data/cfd/fvcorr.domn.097K
==36878== Profiling result:
            Type  Time(%)      Time     Calls       Avg       Min       Max  Name
                        %        ms                  ms        ms        ms
 GPU activities:    85.36  835.0249      6000  0.139170  0.134400  2.791825  cuda_compute_flux(int, int*, float*, float*, float*)
                     7.63  74.65386      2000  0.037326  0.036768  0.048000  cuda_compute_step_factor(int, float*, float*, float*)
                     5.64  55.20849      6000  9.20e-03  7.81e-03  0.010976  cuda_time_step(int, int, float*, float*, float*, float*)
                     1.25  12.18455      2000  6.09e-03  5.79e-03  0.012576  [CUDA memcpy DtoD]
                     0.11  1.115418         3  0.371806  0.295934  0.498686  cuda_initialize_variables(int, float*)
                     0.00  7.36e-03         5  1.47e-03  1.38e-03  1.79e-03  [CUDA memcpy HtoD]
                     0.00  1.70e-03         1  1.70e-03  1.70e-03  1.70e-03  [CUDA memset]
      API calls:    69.35  931.5347      2000  0.465767  0.028996  3.125324  cudaMemcpy
                    22.15  297.4796         5  59.49593  6.86e-03  297.4456  cudaMemcpyToSymbol
                     5.66  76.01426     14003  5.43e-03  4.15e-03  0.876786  cudaLaunchKernel
                     1.55  20.88462         7  2.983516  0.013852  20.68193  cudaMallocManaged
                     0.34  4.601219         4  1.150304  1.132319  1.175888  cuDeviceTotalMem
                     0.32  4.293315       388  0.011065  1.11e-04  1.286661  cuDeviceGetAttribute
                     0.25  3.321391     28003  1.18e-04  8.70e-05  0.023732  cudaGetLastError
                     0.09  1.243321        10  0.124332  4.15e-04  0.362525  cudaFree
                     0.09  1.219777         4  0.304944  0.067909  1.005400  cuDeviceGetName
                     0.09  1.204725         1  1.204725  1.204725  1.204725  cudaMemset
                     0.06  0.835427         1  0.835427  0.835427  0.835427  cudaGetDeviceProperties
                     0.03  0.462918         2  0.231459  4.76e-03  0.458160  cudaThreadSynchronize
                     0.00  0.053013         3  0.017671  5.12e-03  0.034867  cudaMemAdvise
                     0.00  8.85e-03         4  2.21e-03  1.23e-03  4.89e-03  cuDeviceGetPCIBusId
                     0.00  6.91e-03         1  6.91e-03  6.91e-03  6.91e-03  cudaSetDevice
                     0.00  2.30e-03         8  2.87e-04  1.66e-04  6.30e-04  cuDeviceGet
                     0.00  1.76e-03         1  1.76e-03  1.76e-03  1.76e-03  cudaGetDevice
                     0.00  1.20e-03         3  3.99e-04  1.41e-04  7.18e-04  cuDeviceGetCount
                     0.00  8.50e-04         4  2.12e-04  1.80e-04  2.35e-04  cuDeviceGetUuid

==36878== Unified Memory profiling result:
Device "Tesla V100-PCIE-32GB (0)"
   Count  Avg Size  Min Size  Max Size  Total Size  Total Time  Name
     104  43.808KB  4.0000KB  864.00KB  4.449219MB    0.626208ms  Host To Device
      34         -         -         -           -    4.257472ms  Gpu page fault groups
     196  9.6934KB  4.0000KB  248.00KB  1.855469MB           -  Remote mapping from device
Total CPU Page faults: 38
Total remote mappings to CPU: 196
