==18484== NVPROF is profiling process 18484, command: ./cfd_0544 ../../../data/cfd/fvcorr.domn.097K
==18484== Profiling application: ./cfd_0544 ../../../data/cfd/fvcorr.domn.097K
==18484== Profiling result:
            Type  Time(%)      Time     Calls       Avg       Min       Max  Name
                        %        ms                  ms        ms        ms
 GPU activities:    97.72  3.09e+03      6000  0.515728  0.506557  4.799558  cuda_compute_flux(int, int*, float*, float*, float*)
                     1.38  43.71631      6000  7.29e-03  5.86e-03  9.28e-03  cuda_time_step(int, int, float*, float*, float*, float*)
                     0.48  15.17242      2000  7.59e-03  6.75e-03  0.396477  cuda_compute_step_factor(int, float*, float*, float*)
                     0.38  11.97017      2000  5.99e-03  5.54e-03  0.012992  [CUDA memcpy DtoD]
                     0.04  1.236633         3  0.412211  0.313950  0.585885  cuda_initialize_variables(int, float*)
                     0.00  7.49e-03         5  1.50e-03  1.41e-03  1.79e-03  [CUDA memcpy HtoD]
                     0.00  1.66e-03         1  1.66e-03  1.66e-03  1.66e-03  [CUDA memset]
      API calls:    88.37  3.12e+03      2000  1.558524  0.045737  6.239258  cudaMemcpy
                     8.35  294.5822         5  58.91643  5.99e-03  294.5486  cudaMemcpyToSymbol
                     2.22  78.27993     14003  5.59e-03  4.31e-03  0.479059  cudaLaunchKernel
                     0.58  20.55926         7  2.937037  0.011399  20.42869  cudaMallocManaged
                     0.13  4.554979         4  1.138744  1.134692  1.146867  cuDeviceTotalMem
                     0.10  3.485151       388  8.98e-03  1.09e-04  0.385451  cuDeviceGetAttribute
                     0.10  3.451720     28003  1.23e-04  8.40e-05  0.403645  cudaGetLastError
                     0.04  1.556613         2  0.778306  4.63e-03  1.551980  cudaThreadSynchronize
                     0.04  1.374051         1  1.374051  1.374051  1.374051  cudaMemset
                     0.03  1.098570        10  0.109857  4.32e-04  0.404512  cudaFree
                     0.02  0.832996         1  0.832996  0.832996  0.832996  cudaGetDeviceProperties
                     0.01  0.289049         4  0.072262  0.070036  0.073867  cuDeviceGetName
                     0.00  0.022546         3  7.52e-03  2.14e-03  0.015123  cudaMemAdvise
                     0.00  9.77e-03         4  2.44e-03  1.29e-03  4.78e-03  cuDeviceGetPCIBusId
                     0.00  8.61e-03         1  8.61e-03  8.61e-03  8.61e-03  cudaSetDevice
                     0.00  2.33e-03         8  2.91e-04  1.56e-04  6.53e-04  cuDeviceGet
                     0.00  2.01e-03         1  2.01e-03  2.01e-03  2.01e-03  cudaGetDevice
                     0.00  1.42e-03         3  4.72e-04  2.30e-04  7.86e-04  cuDeviceGetCount
                     0.00  8.00e-04         4  2.00e-04  1.90e-04  2.21e-04  cuDeviceGetUuid

==18484== Unified Memory profiling result:
Device "Tesla V100-PCIE-32GB (0)"
   Count  Avg Size  Min Size  Max Size  Total Size  Total Time  Name
      12  31.333KB  4.0000KB  140.00KB  376.0000KB    0.059648ms  Host To Device
      50         -         -         -           -    7.419776ms  Gpu page fault groups
    1039  5.8516KB  4.0000KB  60.000KB  5.937500MB           -  Remote mapping from device
Total CPU Page faults: 8
Total remote mappings to CPU: 1039
