==39982== NVPROF is profiling process 39982, command: ./cfd_1425 ../../../data/cfd/missile.domn.0.2M
==39982== Profiling application: ./cfd_1425 ../../../data/cfd/missile.domn.0.2M
==39982== Profiling result:
            Type  Time(%)      Time     Calls       Avg       Min       Max  Name
                        %        ms                  ms        ms        ms
 GPU activities:    57.65  479.8013      6000  0.079966  0.068319  4.305545  cuda_compute_flux(int, int*, float*, float*, float*)
                    20.10  167.3063      2000  0.083653  0.081631  1.133562  cuda_compute_step_factor(int, float*, float*, float*)
                    18.26  151.9737      6000  0.025328  0.023360  0.033471  cuda_time_step(int, int, float*, float*, float*, float*)
                     3.71  30.83771      2000  0.015418  0.014527  0.022528  [CUDA memcpy DtoD]
                     0.27  2.282516         3  0.760838  0.638269  0.935579  cuda_initialize_variables(int, float*)
                     0.00  7.46e-03         5  1.49e-03  1.41e-03  1.79e-03  [CUDA memcpy HtoD]
                     0.00  2.30e-03         1  2.30e-03  2.30e-03  2.30e-03  [CUDA memset]
      API calls:    65.61  783.5964      2000  0.391798  0.064324  5.647805  cudaMemcpy
                    25.12  300.0318         5  60.00636  6.58e-03  299.9977  cudaMemcpyToSymbol
                     6.11  73.02832     14003  5.22e-03  4.27e-03  0.438601  cudaLaunchKernel
                     1.74  20.80175         7  2.971677  0.014454  20.48800  cudaMallocManaged
                     0.39  4.623528         4  1.155882  1.150570  1.165554  cuDeviceTotalMem
                     0.28  3.347220       388  8.63e-03  1.09e-04  0.351593  cuDeviceGetAttribute
                     0.26  3.153781     28003  1.12e-04  8.60e-05  0.011922  cudaGetLastError
                     0.21  2.535608         1  2.535608  2.535608  2.535608  cudaMemset
                     0.14  1.662883        10  0.166288  4.33e-04  0.798581  cudaFree
                     0.07  0.846442         1  0.846442  0.846442  0.846442  cudaGetDeviceProperties
                     0.03  0.382169         2  0.191084  7.42e-03  0.374750  cudaThreadSynchronize
                     0.02  0.283836         4  0.070959  0.068291  0.076138  cuDeviceGetName
                     0.00  0.024763         3  8.25e-03  2.78e-03  0.016501  cudaMemAdvise
                     0.00  0.010632         4  2.66e-03  1.23e-03  5.52e-03  cuDeviceGetPCIBusId
                     0.00  7.99e-03         1  7.99e-03  7.99e-03  7.99e-03  cudaSetDevice
                     0.00  2.38e-03         8  2.98e-04  1.34e-04  5.93e-04  cuDeviceGet
                     0.00  1.97e-03         1  1.97e-03  1.97e-03  1.97e-03  cudaGetDevice
                     0.00  1.45e-03         3  4.83e-04  2.37e-04  7.61e-04  cuDeviceGetCount
                     0.00  8.01e-04         4  2.00e-04  1.89e-04  2.07e-04  cuDeviceGetUuid

==39982== Unified Memory profiling result:
Device "Tesla V100-PCIE-32GB (0)"
   Count  Avg Size  Min Size  Max Size  Total Size  Total Time  Name
     401  36.269KB  4.0000KB  904.00KB  14.20313MB    2.260384ms  Host To Device
      53         -         -         -           -    8.875136ms  Gpu page fault groups
      70  13.028KB  4.0000KB  72.000KB  912.0000KB           -  Remote mapping from device
Total CPU Page faults: 86
Total remote mappings to CPU: 70
