==2480== NVPROF is profiling process 2480, command: ./cfd_0221 ../../../data/cfd/fvcorr.domn.193K
==2480== Profiling application: ./cfd_0221 ../../../data/cfd/fvcorr.domn.193K
==2480== Profiling result:
            Type  Time(%)      Time     Calls       Avg       Min       Max  Name
                        %        ms                  ms        ms        ms
 GPU activities:    68.66  361.1542      6000  0.060192  0.057247  3.984361  cuda_compute_flux(int, int*, float*, float*, float*)
                    23.15  121.7697      6000  0.020294  0.018080  0.022848  cuda_time_step(int, int, float*, float*, float*, float*)
                     4.01  21.07501      2000  0.010537  9.86e-03  0.013887  [CUDA memcpy DtoD]
                     3.74  19.69727      2000  9.85e-03  8.86e-03  0.633181  cuda_compute_step_factor(int, float*, float*, float*)
                     0.43  2.265171         3  0.755057  0.603453  1.014426  cuda_initialize_variables(int, float*)
                     0.00  7.42e-03         5  1.48e-03  1.38e-03  1.79e-03  [CUDA memcpy HtoD]
                     0.00  2.05e-03         1  2.05e-03  2.05e-03  2.05e-03  [CUDA memset]
      API calls:    53.73  479.0545      2000  0.239527  0.036360  4.733724  cudaMemcpy
                    33.38  297.6255         5  59.52510  5.64e-03  297.5930  cudaMemcpyToSymbol
                     8.40  74.92070     14003  5.35e-03  4.22e-03  0.457712  cudaLaunchKernel
                     2.34  20.90071         7  2.985815  7.13e-03  20.53254  cudaMallocManaged
                     0.53  4.743912       388  0.012226  1.10e-04  1.684574  cuDeviceGetAttribute
                     0.53  4.682192         4  1.170548  1.145882  1.221188  cuDeviceTotalMem
                     0.47  4.213811     28003  1.50e-04  8.50e-05  0.429280  cudaGetLastError
                     0.28  2.524917         1  2.524917  2.524917  2.524917  cudaMemset
                     0.17  1.548163        10  0.154816  4.14e-04  0.558557  cudaFree
                     0.09  0.840727         1  0.840727  0.840727  0.840727  cudaGetDeviceProperties
                     0.03  0.289270         4  0.072317  0.068154  0.079362  cuDeviceGetName
                     0.03  0.263798         2  0.131899  0.037247  0.226551  cudaThreadSynchronize
                     0.00  0.043096         3  0.014365  2.00e-03  0.034770  cudaMemAdvise
                     0.00  0.010710         4  2.68e-03  1.19e-03  5.86e-03  cuDeviceGetPCIBusId
                     0.00  8.26e-03         1  8.26e-03  8.26e-03  8.26e-03  cudaSetDevice
                     0.00  3.41e-03         8  4.26e-04  1.40e-04  9.76e-04  cuDeviceGet
                     0.00  2.36e-03         1  2.36e-03  2.36e-03  2.36e-03  cudaGetDevice
                     0.00  1.59e-03         3  5.29e-04  2.20e-04  8.26e-04  cuDeviceGetCount
                     0.00  8.19e-04         4  2.04e-04  1.93e-04  2.12e-04  cuDeviceGetUuid

==2480== Unified Memory profiling result:
Device "Tesla V100-PCIE-32GB (0)"
   Count  Avg Size  Min Size  Max Size  Total Size  Total Time  Name
     411  31.270KB  4.0000KB  0.9766MB  12.55078MB    2.161856ms  Host To Device
      37         -         -         -           -    7.309472ms  Gpu page fault groups
Total CPU Page faults: 2293
