==32634== NVPROF is profiling process 32634, command: ./cfd_1251 ../../../data/cfd/missile.domn.0.2M
==32634== Profiling application: ./cfd_1251 ../../../data/cfd/missile.domn.0.2M
==32634== Profiling result:
            Type  Time(%)      Time     Calls       Avg       Min       Max  Name
                        %        ms                  ms        ms        ms
 GPU activities:    70.55  478.3232      6000  0.079720  0.068832  4.388744  cuda_compute_flux(int, int*, float*, float*, float*)
                    20.57  139.4669      6000  0.023244  0.021088  0.026944  cuda_time_step(int, int, float*, float*, float*, float*)
                     4.56  30.93042      2000  0.015465  0.014592  0.022399  [CUDA memcpy DtoD]
                     3.99  27.02564      2000  0.013512  0.011648  0.636733  cuda_compute_step_factor(int, float*, float*, float*)
                     0.34  2.282740         3  0.760913  0.603805  0.886811  cuda_initialize_variables(int, float*)
                     0.00  7.39e-03         5  1.48e-03  1.38e-03  1.79e-03  [CUDA memcpy HtoD]
                     0.00  2.05e-03         1  2.05e-03  2.05e-03  2.05e-03  [CUDA memset]
      API calls:    60.39  629.9098      2000  0.314954  0.079970  5.203373  cudaMemcpy
                    28.55  297.7354         5  59.54707  5.80e-03  297.7027  cudaMemcpyToSymbol
                     7.28  75.96750     14003  5.43e-03  4.27e-03  0.196656  cudaLaunchKernel
                     2.01  20.94335         7  2.991906  0.014394  20.51345  cudaMallocManaged
                     0.44  4.613174     28003  1.64e-04  8.60e-05  0.466217  cudaGetLastError
                     0.43  4.512855         4  1.128213  1.123690  1.131028  cuDeviceTotalMem
                     0.32  3.389470       388  8.74e-03  1.08e-04  0.362788  cuDeviceGetAttribute
                     0.25  2.573144         1  2.573144  2.573144  2.573144  cudaMemset
                     0.18  1.871875        10  0.187187  4.16e-04  0.889387  cudaFree
                     0.08  0.858614         1  0.858614  0.858614  0.858614  cudaGetDeviceProperties
                     0.03  0.313498         2  0.156749  0.013486  0.300012  cudaThreadSynchronize
                     0.03  0.279630         4  0.069907  0.067423  0.072190  cuDeviceGetName
                     0.00  0.040661         3  0.013553  2.00e-03  0.035340  cudaMemAdvise
                     0.00  8.76e-03         4  2.19e-03  1.11e-03  4.87e-03  cuDeviceGetPCIBusId
                     0.00  7.87e-03         1  7.87e-03  7.87e-03  7.87e-03  cudaSetDevice
                     0.00  2.61e-03         8  3.26e-04  1.36e-04  6.71e-04  cuDeviceGet
                     0.00  2.08e-03         1  2.08e-03  2.08e-03  2.08e-03  cudaGetDevice
                     0.00  1.33e-03         3  4.44e-04  1.12e-04  6.78e-04  cuDeviceGetCount
                     0.00  8.07e-04         4  2.01e-04  1.77e-04  2.53e-04  cuDeviceGetUuid

==32634== Unified Memory profiling result:
Device "Tesla V100-PCIE-32GB (0)"
   Count  Avg Size  Min Size  Max Size  Total Size  Total Time  Name
     432  35.777KB  4.0000KB  964.00KB  15.09375MB    2.396512ms  Host To Device
      45         -         -         -           -    8.375712ms  Gpu page fault groups
Total CPU Page faults: 2752
