==57888== NVPROF is profiling process 57888, command: ./cfd_0012 ../../../data/cfd/missile.domn.0.2M
==57888== Profiling application: ./cfd_0012 ../../../data/cfd/missile.domn.0.2M
==57888== Profiling result:
            Type  Time(%)      Time     Calls       Avg       Min       Max  Name
                        %        ms                  ms        ms        ms
 GPU activities:    70.61  480.5470      6000  0.080091  0.068575  4.687652  cuda_compute_flux(int, int*, float*, float*, float*)
                    20.53  139.7262      6000  0.023287  0.021248  0.027328  cuda_time_step(int, int, float*, float*, float*, float*)
                     4.54  30.89005      2000  0.015445  0.014528  0.021760  [CUDA memcpy DtoD]
                     3.99  27.14192      2000  0.013570  0.011903  0.286303  cuda_compute_step_factor(int, float*, float*, float*)
                     0.34  2.295155         3  0.765051  0.615357  0.926715  cuda_initialize_variables(int, float*)
                     0.00  7.39e-03         5  1.48e-03  1.38e-03  1.79e-03  [CUDA memcpy HtoD]
                     0.00  2.05e-03         1  2.05e-03  2.05e-03  2.05e-03  [CUDA memset]
      API calls:    60.40  628.8473      2000  0.314423  0.044328  5.172082  cudaMemcpy
                    28.41  295.8256         5  59.16513  6.26e-03  295.7924  cudaMemcpyToSymbol
                     7.40  77.06658     14003  5.50e-03  4.43e-03  0.460124  cudaLaunchKernel
                     2.02  20.98793         7  2.998275  0.014618  20.61356  cudaMallocManaged
                     0.43  4.525184         4  1.131296  1.126929  1.135623  cuDeviceTotalMem
                     0.42  4.345759     28003  1.55e-04  8.60e-05  0.439255  cudaGetLastError
                     0.33  3.424355       388  8.82e-03  1.10e-04  0.363079  cuDeviceGetAttribute
                     0.25  2.560971         1  2.560971  2.560971  2.560971  cudaMemset
                     0.21  2.168797        10  0.216879  4.59e-04  0.948134  cudaFree
                     0.08  0.845995         1  0.845995  0.845995  0.845995  cudaGetDeviceProperties
                     0.03  0.305930         2  0.152965  7.78e-03  0.298146  cudaThreadSynchronize
                     0.03  0.279851         4  0.069962  0.067667  0.072814  cuDeviceGetName
                     0.00  0.015354         2  7.68e-03  5.35e-03  0.010008  cudaMemAdvise
                     0.00  9.04e-03         4  2.26e-03  1.25e-03  5.04e-03  cuDeviceGetPCIBusId
                     0.00  8.02e-03         1  8.02e-03  8.02e-03  8.02e-03  cudaSetDevice
                     0.00  2.76e-03         8  3.45e-04  1.58e-04  5.79e-04  cuDeviceGet
                     0.00  2.12e-03         1  2.12e-03  2.12e-03  2.12e-03  cudaGetDevice
                     0.00  1.51e-03         3  5.02e-04  1.56e-04  7.91e-04  cuDeviceGetCount
                     0.00  7.98e-04         4  1.99e-04  1.76e-04  2.53e-04  cuDeviceGetUuid

==57888== Unified Memory profiling result:
Device "Tesla V100-PCIE-32GB (0)"
   Count  Avg Size  Min Size  Max Size  Total Size  Total Time  Name
     410  37.971KB  4.0000KB  840.00KB  15.20313MB    2.396352ms  Host To Device
      43         -         -         -           -    7.510080ms  Gpu page fault groups
Total CPU Page faults: 979
