==13577== NVPROF is profiling process 13577, command: ./cfd_0441 ../../../data/cfd/missile.domn.0.2M
==13577== Profiling application: ./cfd_0441 ../../../data/cfd/missile.domn.0.2M
==13577== Profiling result:
            Type  Time(%)      Time     Calls       Avg       Min       Max  Name
                        %        ms                  ms        ms        ms
 GPU activities:    84.79  2.00e+03      6000  0.333927  0.311518  5.652447  cuda_compute_flux(int, int*, float*, float*, float*)
                     7.33  173.1197      2000  0.086559  0.081599  1.122393  cuda_compute_step_factor(int, float*, float*, float*)
                     6.48  153.0538      6000  0.025508  0.023296  0.035744  cuda_time_step(int, int, float*, float*, float*, float*)
                     1.31  30.95227      2000  0.015476  0.014496  0.024927  [CUDA memcpy DtoD]
                     0.10  2.288755         3  0.762918  0.652988  0.853755  cuda_initialize_variables(int, float*)
                     0.00  7.39e-03         5  1.48e-03  1.38e-03  1.79e-03  [CUDA memcpy HtoD]
                     0.00  2.05e-03         1  2.05e-03  2.05e-03  2.05e-03  [CUDA memset]
      API calls:    84.86  2.31e+03      2000  1.155673  0.114896  7.429202  cudaMemcpy
                    10.85  295.6550         5  59.13100  6.05e-03  295.6214  cudaMemcpyToSymbol
                     2.80  76.29324     14003  5.45e-03  4.35e-03  0.155428  cudaLaunchKernel
                     0.77  20.93246         7  2.990351  0.018489  20.47508  cudaMallocManaged
                     0.17  4.548573         4  1.137143  1.123494  1.170849  cuDeviceTotalMem
                     0.16  4.415326     28003  1.57e-04  8.50e-05  0.465521  cudaGetLastError
                     0.13  3.453803       388  8.90e-03  1.08e-04  0.373834  cuDeviceGetAttribute
                     0.09  2.580999         1  2.580999  2.580999  2.580999  cudaMemset
                     0.08  2.192547        10  0.219254  4.20e-04  1.033287  cudaFree
                     0.04  1.089065         2  0.544532  0.013683  1.075382  cudaThreadSynchronize
                     0.03  0.830022         1  0.830022  0.830022  0.830022  cudaGetDeviceProperties
                     0.01  0.277657         4  0.069414  0.067521  0.072437  cuDeviceGetName
                     0.00  0.057230         3  0.019076  5.71e-03  0.034274  cudaMemAdvise
                     0.00  8.99e-03         4  2.25e-03  1.14e-03  5.06e-03  cuDeviceGetPCIBusId
                     0.00  7.56e-03         1  7.56e-03  7.56e-03  7.56e-03  cudaSetDevice
                     0.00  2.40e-03         8  2.99e-04  1.57e-04  5.52e-04  cuDeviceGet
                     0.00  1.91e-03         1  1.91e-03  1.91e-03  1.91e-03  cudaGetDevice
                     0.00  1.30e-03         3  4.32e-04  1.30e-04  7.38e-04  cuDeviceGetCount
                     0.00  8.16e-04         4  2.04e-04  1.70e-04  2.69e-04  cuDeviceGetUuid

==13577== Unified Memory profiling result:
Device "Tesla V100-PCIE-32GB (0)"
   Count  Avg Size  Min Size  Max Size  Total Size  Total Time  Name
     245  44.522KB  4.0000KB  876.00KB  10.65234MB    1.592064ms  Host To Device
      74         -         -         -           -    9.790624ms  Gpu page fault groups
     597  7.6172KB  4.0000KB  100.00KB  4.441406MB           -  Remote mapping from device
Total CPU Page faults: 2730
Total remote mappings to CPU: 597
