==39353== NVPROF is profiling process 39353, command: ./cfd_1420 ../../../data/cfd/missile.domn.0.2M
==39353== Profiling application: ./cfd_1420 ../../../data/cfd/missile.domn.0.2M
==39353== Profiling result:
            Type  Time(%)      Time     Calls       Avg       Min       Max  Name
                        %        ms                  ms        ms        ms
 GPU activities:    57.27  478.7537      6000  0.079792  0.068256  4.680038  cuda_compute_flux(int, int*, float*, float*, float*)
                    20.56  171.8521      2000  0.085926  0.081631  1.336601  cuda_compute_step_factor(int, float*, float*, float*)
                    18.19  152.0638      6000  0.025343  0.023296  0.037536  cuda_time_step(int, int, float*, float*, float*, float*)
                     3.67  30.70882      2000  0.015354  0.014560  0.021920  [CUDA memcpy DtoD]
                     0.30  2.525778         3  0.841926  0.752732  1.001307  cuda_initialize_variables(int, float*)
                     0.00  7.62e-03         5  1.52e-03  1.38e-03  2.02e-03  [CUDA memcpy HtoD]
                     0.00  4.42e-03         1  4.42e-03  4.42e-03  4.42e-03  [CUDA memset]
      API calls:    65.20  783.4998      2000  0.391749  0.061850  6.217294  cudaMemcpy
                    24.87  298.8663         5  59.77326  6.44e-03  298.8317  cudaMemcpyToSymbol
                     6.59  79.13512     14003  5.65e-03  4.37e-03  0.486780  cudaLaunchKernel
                     1.74  20.89228         7  2.984610  0.014260  20.51093  cudaMallocManaged
                     0.38  4.519317         4  1.129829  1.126456  1.133761  cuDeviceTotalMem
                     0.36  4.362143     28003  1.55e-04  8.50e-05  0.415443  cudaGetLastError
                     0.36  4.299221       388  0.011080  1.07e-04  1.255547  cuDeviceGetAttribute
                     0.23  2.786774         1  2.786774  2.786774  2.786774  cudaMemset
                     0.15  1.744379        10  0.174437  4.02e-04  0.793258  cudaFree
                     0.07  0.832220         1  0.832220  0.832220  0.832220  cudaGetDeviceProperties
                     0.03  0.396789         2  0.198394  7.87e-03  0.388918  cudaThreadSynchronize
                     0.02  0.279165         4  0.069791  0.067820  0.072408  cuDeviceGetName
                     0.00  0.019111         2  9.56e-03  2.65e-03  0.016465  cudaMemAdvise
                     0.00  8.79e-03         4  2.20e-03  1.11e-03  4.80e-03  cuDeviceGetPCIBusId
                     0.00  7.27e-03         1  7.27e-03  7.27e-03  7.27e-03  cudaSetDevice
                     0.00  2.20e-03         8  2.75e-04  1.53e-04  5.83e-04  cuDeviceGet
                     0.00  2.00e-03         1  2.00e-03  2.00e-03  2.00e-03  cudaGetDevice
                     0.00  1.36e-03         3  4.53e-04  1.34e-04  6.84e-04  cuDeviceGetCount
                     0.00  7.75e-04         4  1.93e-04  1.65e-04  2.62e-04  cuDeviceGetUuid

==39353== Unified Memory profiling result:
Device "Tesla V100-PCIE-32GB (0)"
   Count  Avg Size  Min Size  Max Size  Total Size  Total Time  Name
     422  34.464KB  4.0000KB  972.00KB  14.20313MB    2.365152ms  Host To Device
      56         -         -         -           -    9.719968ms  Gpu page fault groups
      54  16.889KB  4.0000KB  76.000KB  912.0000KB           -  Remote mapping from device
Total CPU Page faults: 86
Total remote mappings to CPU: 54
