==36421== NVPROF is profiling process 36421, command: ./cfd_1341 ../../../data/cfd/missile.domn.0.2M
==36421== Profiling application: ./cfd_1341 ../../../data/cfd/missile.domn.0.2M
==36421== Profiling result:
            Type  Time(%)      Time     Calls       Avg       Min       Max  Name
                        %        ms                  ms        ms        ms
 GPU activities:    84.38  1.92e+03      6000  0.319628  0.311262  5.773376  cuda_compute_flux(int, int*, float*, float*, float*)
                     7.47  169.7289      2000  0.084864  0.081503  0.110495  cuda_compute_step_factor(int, float*, float*, float*)
                     6.68  151.7923      6000  0.025298  0.023456  0.034144  cuda_time_step(int, int, float*, float*, float*, float*)
                     1.35  30.77508      2000  0.015387  0.014560  0.030432  [CUDA memcpy DtoD]
                     0.12  2.621233         3  0.873744  0.714460  1.157945  cuda_initialize_variables(int, float*)
                     0.00  7.39e-03         5  1.48e-03  1.38e-03  1.79e-03  [CUDA memcpy HtoD]
                     0.00  2.37e-03         1  2.37e-03  2.37e-03  2.37e-03  [CUDA memset]
      API calls:    84.32  2.22e+03      2000  1.110019  0.111044  6.545822  cudaMemcpy
                    11.18  294.4381         5  58.88761  5.52e-03  294.4049  cudaMemcpyToSymbol
                     2.98  78.34778     14003  5.60e-03  4.41e-03  0.474560  cudaLaunchKernel
                     0.80  21.01041         7  3.001486  0.015363  20.57814  cudaMallocManaged
                     0.17  4.584889         4  1.146222  1.137504  1.157265  cuDeviceTotalMem
                     0.16  4.205865     28003  1.50e-04  8.50e-05  0.438531  cudaGetLastError
                     0.13  3.333827       388  8.59e-03  1.09e-04  0.351296  cuDeviceGetAttribute
                     0.11  2.814837         1  2.814837  2.814837  2.814837  cudaMemset
                     0.07  1.742558        10  0.174255  3.94e-04  0.774395  cudaFree
                     0.04  1.119496         2  0.559748  0.010986  1.108510  cudaThreadSynchronize
                     0.03  0.832875         1  0.832875  0.832875  0.832875  cudaGetDeviceProperties
                     0.01  0.285939         4  0.071484  0.067496  0.078420  cuDeviceGetName
                     0.00  0.023859         3  7.95e-03  2.12e-03  0.017144  cudaMemAdvise
                     0.00  8.87e-03         4  2.22e-03  1.14e-03  4.96e-03  cuDeviceGetPCIBusId
                     0.00  7.93e-03         1  7.93e-03  7.93e-03  7.93e-03  cudaSetDevice
                     0.00  4.59e-03         8  5.73e-04  1.70e-04  2.42e-03  cuDeviceGet
                     0.00  2.19e-03         1  2.19e-03  2.19e-03  2.19e-03  cudaGetDevice
                     0.00  1.45e-03         3  4.82e-04  1.62e-04  6.83e-04  cuDeviceGetCount
                     0.00  8.22e-04         4  2.05e-04  1.77e-04  2.67e-04  cuDeviceGetUuid

==36421== Unified Memory profiling result:
Device "Tesla V100-PCIE-32GB (0)"
   Count  Avg Size  Min Size  Max Size  Total Size  Total Time  Name
     229  47.633KB  4.0000KB  864.00KB  10.65234MB    1.529248ms  Host To Device
      63         -         -         -           -    8.971328ms  Gpu page fault groups
     577  7.8818KB  4.0000KB  400.00KB  4.441406MB           -  Remote mapping from device
Total CPU Page faults: 2734
Total remote mappings to CPU: 577
