==15177== NVPROF is profiling process 15177, command: ./cfd_0502 ../../../data/cfd/fvcorr.domn.097K
==15177== Profiling application: ./cfd_0502 ../../../data/cfd/fvcorr.domn.097K
==15177== Profiling result:
            Type  Time(%)      Time     Calls       Avg       Min       Max  Name
                        %        ms                  ms        ms        ms
 GPU activities:    73.55  215.7645      6000  0.035960  0.033280  1.988534  cuda_compute_flux(int, int*, float*, float*, float*)
                    18.74  54.96241      6000  9.16e-03  7.71e-03  0.011808  cuda_time_step(int, int, float*, float*, float*, float*)
                     4.08  11.97680      2000  5.99e-03  5.79e-03  0.013152  [CUDA memcpy DtoD]
                     3.19  9.370929      2000  4.69e-03  4.19e-03  0.384798  cuda_compute_step_factor(int, float*, float*, float*)
                     0.43  1.270906         3  0.423635  0.245887  0.631037  cuda_initialize_variables(int, float*)
                     0.00  7.39e-03         5  1.48e-03  1.38e-03  1.79e-03  [CUDA memcpy HtoD]
                     0.00  1.70e-03         1  1.70e-03  1.70e-03  1.70e-03  [CUDA memset]
      API calls:    45.07  296.8069         5  59.36138  6.12e-03  296.7736  cudaMemcpyToSymbol
                    37.78  248.7681      2000  0.124384  0.025222  2.426383  cudaMemcpy
                    11.61  76.44835     14003  5.46e-03  4.38e-03  0.513510  cudaLaunchKernel
                     3.14  20.65645         7  2.950921  0.013636  20.49737  cudaMallocManaged
                     0.71  4.663299         4  1.165824  1.146976  1.185842  cuDeviceTotalMem
                     0.56  3.716129     28003  1.32e-04  8.60e-05  0.436813  cudaGetLastError
                     0.52  3.406350       388  8.78e-03  1.10e-04  0.364319  cuDeviceGetAttribute
                     0.21  1.393119         1  1.393119  1.393119  1.393119  cudaMemset
                     0.20  1.332827        10  0.133282  4.69e-04  0.431757  cudaFree
                     0.13  0.830146         1  0.830146  0.830146  0.830146  cudaGetDeviceProperties
                     0.04  0.285514         4  0.071378  0.067540  0.075061  cuDeviceGetName
                     0.02  0.122993         2  0.061496  5.02e-03  0.117974  cudaThreadSynchronize
                     0.01  0.038143         2  0.019071  4.09e-03  0.034050  cudaMemAdvise
                     0.00  8.98e-03         4  2.25e-03  1.15e-03  5.00e-03  cuDeviceGetPCIBusId
                     0.00  6.91e-03         1  6.91e-03  6.91e-03  6.91e-03  cudaSetDevice
                     0.00  2.62e-03         8  3.27e-04  1.76e-04  7.47e-04  cuDeviceGet
                     0.00  1.82e-03         1  1.82e-03  1.82e-03  1.82e-03  cudaGetDevice
                     0.00  1.33e-03         3  4.43e-04  1.25e-04  7.52e-04  cuDeviceGetCount
                     0.00  8.28e-04         4  2.07e-04  1.78e-04  2.50e-04  cuDeviceGetUuid

==15177== Unified Memory profiling result:
Device "Tesla V100-PCIE-32GB (0)"
   Count  Avg Size  Min Size  Max Size  Total Size  Total Time  Name
     150  44.026KB  4.0000KB  840.00KB  6.449219MB    0.939264ms  Host To Device
      27         -         -         -           -    4.055712ms  Gpu page fault groups
Total CPU Page faults: 49
