==58808== NVPROF is profiling process 58808, command: ./cfd_0024 ../../../data/cfd/fvcorr.domn.097K
==58808== Profiling application: ./cfd_0024 ../../../data/cfd/fvcorr.domn.097K
==58808== Profiling result:
            Type  Time(%)      Time     Calls       Avg       Min       Max  Name
                        %        ms                  ms        ms        ms
 GPU activities:    96.97  2.34e+03      6000  0.390518  0.382526  4.125257  cuda_compute_flux(int, int*, float*, float*, float*)
                     2.10  50.62537      6000  8.44e-03  7.10e-03  0.010656  cuda_time_step(int, int, float*, float*, float*, float*)
                     0.49  11.74460      2000  5.87e-03  5.54e-03  0.020672  [CUDA memcpy DtoD]
                     0.39  9.459209      2000  4.73e-03  4.19e-03  0.479869  cuda_compute_step_factor(int, float*, float*, float*)
                     0.05  1.291064         3  0.430354  0.322654  0.587644  cuda_initialize_variables(int, float*)
                     0.00  7.68e-03         5  1.54e-03  1.38e-03  1.82e-03  [CUDA memcpy HtoD]
                     0.00  1.66e-03         1  1.66e-03  1.66e-03  1.66e-03  [CUDA memset]
      API calls:    85.10  2.37e+03      2000  1.184441  0.062762  5.388513  cudaMemcpy
                    10.71  298.0186         5  59.60372  6.49e-03  297.9845  cudaMemcpyToSymbol
                     2.79  77.75824     14003  5.55e-03  4.21e-03  1.045471  cudaLaunchKernel
                     0.74  20.58860         7  2.941229  0.012668  20.43109  cudaMallocManaged
                     0.17  4.657176         4  1.164294  1.137609  1.239231  cuDeviceTotalMem
                     0.16  4.436113       388  0.011433  1.09e-04  1.322626  cuDeviceGetAttribute
                     0.15  4.103501     28003  1.46e-04  8.50e-05  0.402959  cudaGetLastError
                     0.05  1.425824         1  1.425824  1.425824  1.425824  cudaMemset
                     0.04  1.239413        10  0.123941  4.26e-04  0.414143  cudaFree
                     0.04  1.223775         2  0.611887  5.48e-03  1.218296  cudaThreadSynchronize
                     0.03  0.831234         1  0.831234  0.831234  0.831234  cudaGetDeviceProperties
                     0.01  0.288212         4  0.072053  0.067471  0.081780  cuDeviceGetName
                     0.00  0.017989         2  8.99e-03  2.50e-03  0.015493  cudaMemAdvise
                     0.00  8.95e-03         4  2.24e-03  1.17e-03  5.07e-03  cuDeviceGetPCIBusId
                     0.00  7.34e-03         1  7.34e-03  7.34e-03  7.34e-03  cudaSetDevice
                     0.00  2.14e-03         8  2.67e-04  1.57e-04  6.05e-04  cuDeviceGet
                     0.00  1.98e-03         1  1.98e-03  1.98e-03  1.98e-03  cudaGetDevice
                     0.00  1.19e-03         3  3.95e-04  1.14e-04  7.27e-04  cuDeviceGetCount
                     0.00  8.74e-04         4  2.18e-04  1.94e-04  2.47e-04  cuDeviceGetUuid

==58808== Unified Memory profiling result:
Device "Tesla V100-PCIE-32GB (0)"
   Count  Avg Size  Min Size  Max Size  Total Size  Total Time  Name
      46  41.304KB  4.0000KB  464.00KB  1.855469MB    0.297472ms  Host To Device
      46         -         -         -           -    6.668256ms  Gpu page fault groups
     722  6.3096KB  4.0000KB  72.000KB  4.449219MB           -  Remote mapping from device
Total CPU Page faults: 17
Total remote mappings to CPU: 722
