==9819== NVPROF is profiling process 9819, command: ./cfd_0352 ../../../data/cfd/fvcorr.domn.193K
==9819== Profiling application: ./cfd_0352 ../../../data/cfd/fvcorr.domn.193K
==9819== Profiling result:
            Type  Time(%)      Time     Calls       Avg       Min       Max  Name
                        %        ms                  ms        ms        ms
 GPU activities:    55.68  359.3782      6000  0.059896  0.056767  4.100841  cuda_compute_flux(int, int*, float*, float*, float*)
                    21.50  138.7642      2000  0.069382  0.067968  0.092064  cuda_compute_step_factor(int, float*, float*, float*)
                    19.20  123.9171      6000  0.020652  0.018304  0.023136  cuda_time_step(int, int, float*, float*, float*, float*)
                     3.30  21.31971      2000  0.010659  9.92e-03  0.013120  [CUDA memcpy DtoD]
                     0.32  2.047733         3  0.682577  0.574652  0.851612  cuda_initialize_variables(int, float*)
                     0.00  7.39e-03         5  1.48e-03  1.41e-03  1.76e-03  [CUDA memcpy HtoD]
                     0.00  2.24e-03         1  2.24e-03  2.24e-03  2.24e-03  [CUDA memset]
      API calls:    59.20  595.6785      2000  0.297839  0.067678  4.341671  cudaMemcpy
                    29.23  294.1060         5  58.82120  5.88e-03  294.0726  cudaMemcpyToSymbol
                     7.82  78.66458     14003  5.62e-03  4.35e-03  0.477140  cudaLaunchKernel
                     2.08  20.89177         7  2.984538  6.82e-03  20.51423  cudaMallocManaged
                     0.45  4.573040         4  1.143260  1.141171  1.146065  cuDeviceTotalMem
                     0.34  3.409483       388  8.79e-03  1.07e-04  0.362488  cuDeviceGetAttribute
                     0.33  3.363310     28003  1.20e-04  8.50e-05  0.011937  cudaGetLastError
                     0.23  2.264492         1  2.264492  2.264492  2.264492  cudaMemset
                     0.17  1.719925        10  0.171992  4.94e-04  0.734541  cudaFree
                     0.08  0.828198         1  0.828198  0.828198  0.828198  cudaGetDeviceProperties
                     0.03  0.297980         2  0.148990  7.37e-03  0.290608  cudaThreadSynchronize
                     0.03  0.291863         4  0.072965  0.067410  0.080942  cuDeviceGetName
                     0.00  0.048404         3  0.016134  5.66e-03  0.034800  cudaMemAdvise
                     0.00  9.15e-03         4  2.29e-03  1.22e-03  5.07e-03  cuDeviceGetPCIBusId
                     0.00  7.35e-03         1  7.35e-03  7.35e-03  7.35e-03  cudaSetDevice
                     0.00  2.34e-03         8  2.92e-04  1.41e-04  7.21e-04  cuDeviceGet
                     0.00  1.76e-03         1  1.76e-03  1.76e-03  1.76e-03  cudaGetDevice
                     0.00  1.27e-03         3  4.25e-04  1.27e-04  7.58e-04  cuDeviceGetCount
                     0.00  8.06e-04         4  2.01e-04  1.73e-04  2.44e-04  cuDeviceGetUuid

==9819== Unified Memory profiling result:
Device "Tesla V100-PCIE-32GB (0)"
   Count  Avg Size  Min Size  Max Size  Total Size  Total Time  Name
     357  33.882KB  4.0000KB  996.00KB  11.81250MB    1.956992ms  Host To Device
      38         -         -         -           -    6.640416ms  Gpu page fault groups
       5  151.20KB  64.000KB  256.00KB  756.0000KB           -  Remote mapping from device
Total CPU Page faults: 83
Total remote mappings to CPU: 5
