==4714== NVPROF is profiling process 4714, command: ./cfd_0250 ../../../data/cfd/missile.domn.0.2M
==4714== Profiling application: ./cfd_0250 ../../../data/cfd/missile.domn.0.2M
==4714== Profiling result:
            Type  Time(%)      Time     Calls       Avg       Min       Max  Name
                        %        ms                  ms        ms        ms
 GPU activities:    70.55  478.1153      6000  0.079685  0.068224  4.528934  cuda_compute_flux(int, int*, float*, float*, float*)
                    20.57  139.3721      6000  0.023228  0.021152  0.026784  cuda_time_step(int, int, float*, float*, float*, float*)
                     4.56  30.88610      2000  0.015443  0.014496  0.023264  [CUDA memcpy DtoD]
                     4.00  27.11084      2000  0.013555  0.011648  0.709980  cuda_compute_step_factor(int, float*, float*, float*)
                     0.32  2.191187         3  0.730395  0.606908  0.903994  cuda_initialize_variables(int, float*)
                     0.00  7.39e-03         5  1.48e-03  1.38e-03  1.76e-03  [CUDA memcpy HtoD]
                     0.00  2.08e-03         1  2.08e-03  2.08e-03  2.08e-03  [CUDA memset]
      API calls:    60.22  628.5328      2000  0.314266  0.065579  5.423917  cudaMemcpy
                    28.64  298.9206         5  59.78412  5.92e-03  298.8877  cudaMemcpyToSymbol
                     7.37  76.95917     14003  5.50e-03  4.31e-03  0.136120  cudaLaunchKernel
                     2.00  20.91398         7  2.987711  0.013478  20.49525  cudaMallocManaged
                     0.45  4.700531         4  1.175132  1.143366  1.221348  cuDeviceTotalMem
                     0.43  4.494633     28003  1.60e-04  8.70e-05  0.428070  cudaGetLastError
                     0.33  3.454642       388  8.90e-03  1.10e-04  0.384552  cuDeviceGetAttribute
                     0.23  2.431920         1  2.431920  2.431920  2.431920  cudaMemset
                     0.17  1.746429        10  0.174642  4.26e-04  0.815232  cudaFree
                     0.08  0.866359         1  0.866359  0.866359  0.866359  cudaGetDeviceProperties
                     0.03  0.301021         2  0.150510  7.95e-03  0.293075  cudaThreadSynchronize
                     0.03  0.280028         4  0.070007  0.067529  0.072554  cuDeviceGetName
                     0.00  0.020167         2  0.010083  3.13e-03  0.017040  cudaMemAdvise
                     0.00  8.63e-03         4  2.16e-03  1.15e-03  4.83e-03  cuDeviceGetPCIBusId
                     0.00  7.42e-03         1  7.42e-03  7.42e-03  7.42e-03  cudaSetDevice
                     0.00  2.57e-03         8  3.21e-04  1.40e-04  6.21e-04  cuDeviceGet
                     0.00  1.85e-03         1  1.85e-03  1.85e-03  1.85e-03  cudaGetDevice
                     0.00  1.32e-03         3  4.39e-04  1.23e-04  7.30e-04  cuDeviceGetCount
                     0.00  8.47e-04         4  2.11e-04  1.73e-04  2.55e-04  cuDeviceGetUuid

==4714== Unified Memory profiling result:
Device "Tesla V100-PCIE-32GB (0)"
   Count  Avg Size  Min Size  Max Size  Total Size  Total Time  Name
     436  35.449KB  4.0000KB  872.00KB  15.09375MB    2.393728ms  Host To Device
      44         -         -         -           -    8.068256ms  Gpu page fault groups
Total CPU Page faults: 90
