==14769== NVPROF is profiling process 14769, command: ./cfd_0454 ../../../data/cfd/missile.domn.0.2M
==14769== Profiling application: ./cfd_0454 ../../../data/cfd/missile.domn.0.2M
==14769== Profiling result:
            Type  Time(%)      Time     Calls       Avg       Min       Max  Name
                        %        ms                  ms        ms        ms
 GPU activities:    93.94  5.50e+03      6000  0.915835  0.907099  8.596273  cuda_compute_flux(int, int*, float*, float*, float*)
                     2.91  170.2486      2000  0.085124  0.081568  1.210009  cuda_compute_step_factor(int, float*, float*, float*)
                     2.59  151.5208      6000  0.025253  0.023455  0.035295  cuda_time_step(int, int, float*, float*, float*, float*)
                     0.53  30.84578      2000  0.015422  0.014592  0.033920  [CUDA memcpy DtoD]
                     0.04  2.140245         3  0.713415  0.619708  0.870524  cuda_initialize_variables(int, float*)
                     0.00  7.36e-03         5  1.47e-03  1.38e-03  1.79e-03  [CUDA memcpy HtoD]
                     0.00  2.05e-03         1  2.05e-03  2.05e-03  2.05e-03  [CUDA memset]
      API calls:    93.19  5.80e+03      2000  2.897742  0.101501  11.65397  cudaMemcpy
                     4.85  301.4301         5  60.28602  6.26e-03  301.3970  cudaMemcpyToSymbol
                     1.30  80.78041     14003  5.77e-03  4.22e-03  0.547091  cudaLaunchKernel
                     0.34  21.21006         7  3.030008  0.037843  20.54624  cudaMallocManaged
                     0.07  4.581369         4  1.145342  1.138252  1.151041  cuDeviceTotalMem
                     0.06  3.571093     28003  1.27e-04  8.50e-05  0.011849  cudaGetLastError
                     0.05  3.380454       388  8.71e-03  1.09e-04  0.352136  cuDeviceGetAttribute
                     0.05  2.896407         2  1.448203  0.016546  2.879861  cudaThreadSynchronize
                     0.04  2.409161         1  2.409161  2.409161  2.409161  cudaMemset
                     0.03  2.141149        10  0.214114  4.53e-04  1.053892  cudaFree
                     0.01  0.838516         1  0.838516  0.838516  0.838516  cudaGetDeviceProperties
                     0.00  0.286985         4  0.071746  0.067781  0.075948  cuDeviceGetName
                     0.00  0.064473         3  0.021491  9.93e-03  0.035033  cudaMemAdvise
                     0.00  9.20e-03         4  2.30e-03  1.18e-03  5.12e-03  cuDeviceGetPCIBusId
                     0.00  7.51e-03         1  7.51e-03  7.51e-03  7.51e-03  cudaSetDevice
                     0.00  2.89e-03         8  3.60e-04  1.36e-04  7.86e-04  cuDeviceGet
                     0.00  1.93e-03         1  1.93e-03  1.93e-03  1.93e-03  cudaGetDevice
                     0.00  1.33e-03         3  4.41e-04  1.30e-04  7.49e-04  cuDeviceGetCount
                     0.00  7.93e-04         4  1.98e-04  1.71e-04  2.48e-04  cuDeviceGetUuid

==14769== Unified Memory profiling result:
Device "Tesla V100-PCIE-32GB (0)"
   Count  Avg Size  Min Size  Max Size  Total Size  Total Time  Name
      64  56.813KB  4.0000KB  836.00KB  3.550781MB    0.453152ms  Host To Device
      83         -         -         -           -   13.392000ms  Gpu page fault groups
    2017  5.8594KB  4.0000KB  64.000KB  11.54297MB           -  Remote mapping from device
Total CPU Page faults: 27
Total remote mappings to CPU: 2017
