==57616== NVPROF is profiling process 57616, command: ./cfd_0010 ../../../data/cfd/fvcorr.domn.193K
==57616== Profiling application: ./cfd_0010 ../../../data/cfd/fvcorr.domn.193K
==57616== Profiling result:
            Type  Time(%)      Time     Calls       Avg       Min       Max  Name
                        %        ms                  ms        ms        ms
 GPU activities:    68.29  359.6221      6000  0.059937  0.057119  3.763722  cuda_compute_flux(int, int*, float*, float*, float*)
                    23.67  124.6616      6000  0.020776  0.018304  0.023040  cuda_time_step(int, int, float*, float*, float*, float*)
                     3.98  20.98202      2000  0.010491  9.73e-03  0.013888  [CUDA memcpy DtoD]
                     3.64  19.16318      2000  9.58e-03  8.80e-03  0.182430  cuda_compute_step_factor(int, float*, float*, float*)
                     0.41  2.162611         3  0.720870  0.575293  0.924346  cuda_initialize_variables(int, float*)
                     0.00  7.39e-03         5  1.48e-03  1.38e-03  1.76e-03  [CUDA memcpy HtoD]
                     0.00  2.05e-03         1  2.05e-03  2.05e-03  2.05e-03  [CUDA memset]
      API calls:    53.32  476.7734      2000  0.238386  0.062242  4.113832  cudaMemcpy
                    33.57  300.1474         5  60.02948  5.72e-03  300.1144  cudaMemcpyToSymbol
                     8.80  78.68588     14003  5.62e-03  4.37e-03  0.552700  cudaLaunchKernel
                     2.33  20.82447         7  2.974923  7.32e-03  20.45955  cudaMallocManaged
                     0.51  4.570833         4  1.142708  1.138609  1.149052  cuDeviceTotalMem
                     0.51  4.549204     28003  1.62e-04  8.50e-05  0.524364  cudaGetLastError
                     0.37  3.319260       388  8.55e-03  1.07e-04  0.352655  cuDeviceGetAttribute
                     0.27  2.438436         1  2.438436  2.438436  2.438436  cudaMemset
                     0.17  1.501977        10  0.150197  4.18e-04  0.642978  cudaFree
                     0.09  0.832901         1  0.832901  0.832901  0.832901  cudaGetDeviceProperties
                     0.03  0.277390         4  0.069347  0.067434  0.072543  cuDeviceGetName
                     0.03  0.238222         2  0.119111  7.39e-03  0.230834  cudaThreadSynchronize
                     0.00  8.84e-03         4  2.21e-03  1.16e-03  4.89e-03  cuDeviceGetPCIBusId
                     0.00  8.57e-03         1  8.57e-03  8.57e-03  8.57e-03  cudaMemAdvise
                     0.00  7.03e-03         1  7.03e-03  7.03e-03  7.03e-03  cudaSetDevice
                     0.00  2.52e-03         8  3.15e-04  1.51e-04  5.49e-04  cuDeviceGet
                     0.00  1.95e-03         1  1.95e-03  1.95e-03  1.95e-03  cudaGetDevice
                     0.00  1.27e-03         3  4.23e-04  1.19e-04  6.96e-04  cuDeviceGetCount
                     0.00  7.76e-04         4  1.94e-04  1.63e-04  2.43e-04  cuDeviceGetUuid

==57616== Unified Memory profiling result:
Device "Tesla V100-PCIE-32GB (0)"
   Count  Avg Size  Min Size  Max Size  Total Size  Total Time  Name
     315  41.650KB  4.0000KB  0.9805MB  12.81250MB    1.890464ms  Host To Device
      38         -         -         -           -    6.684384ms  Gpu page fault groups
Total CPU Page faults: 819
