==30925== NVPROF is profiling process 30925, command: ./cfd_1230 ../../../data/cfd/missile.domn.0.2M
==30925== Profiling application: ./cfd_1230 ../../../data/cfd/missile.domn.0.2M
==30925== Profiling result:
            Type  Time(%)      Time     Calls       Avg       Min       Max  Name
                        %        ms                  ms        ms        ms
 GPU activities:    90.51  1.91e+03      6000  0.317584  0.310942  3.478348  cuda_compute_flux(int, int*, float*, float*, float*)
                     6.63  139.4743      6000  0.023245  0.021215  0.026528  cuda_time_step(int, int, float*, float*, float*, float*)
                     1.47  30.86564      2000  0.015432  0.014592  0.022592  [CUDA memcpy DtoD]
                     1.29  27.11314      2000  0.013556  0.011520  0.725532  cuda_compute_step_factor(int, float*, float*, float*)
                     0.11  2.214164         3  0.738054  0.631549  0.929051  cuda_initialize_variables(int, float*)
                     0.00  7.36e-03         5  1.47e-03  1.38e-03  1.76e-03  [CUDA memcpy HtoD]
                     0.00  2.05e-03         1  2.05e-03  2.05e-03  2.05e-03  [CUDA memset]
      API calls:    83.11  2.05e+03      2000  1.025073  0.062975  4.848238  cudaMemcpy
                    12.07  297.6422         5  59.52844  6.86e-03  297.6076  cudaMemcpyToSymbol
                     3.20  79.04013     14003  5.64e-03  4.41e-03  0.444070  cudaLaunchKernel
                     0.85  20.99095         7  2.998707  0.018691  20.41766  cudaMallocManaged
                     0.19  4.604686         4  1.151171  1.141928  1.161110  cuDeviceTotalMem
                     0.18  4.435894     28003  1.58e-04  8.70e-05  0.486594  cudaGetLastError
                     0.14  3.376787       388  8.70e-03  1.10e-04  0.351002  cuDeviceGetAttribute
                     0.10  2.500575         1  2.500575  2.500575  2.500575  cudaMemset
                     0.07  1.833281        10  0.183328  4.02e-04  0.794865  cudaFree
                     0.04  1.012408         2  0.506204  8.68e-03  1.003725  cudaThreadSynchronize
                     0.03  0.830547         1  0.830547  0.830547  0.830547  cudaGetDeviceProperties
                     0.01  0.286082         4  0.071520  0.070105  0.075118  cuDeviceGetName
                     0.00  0.045022         2  0.022511  7.71e-03  0.037309  cudaMemAdvise
                     0.00  8.85e-03         4  2.21e-03  1.19e-03  4.97e-03  cuDeviceGetPCIBusId
                     0.00  7.10e-03         1  7.10e-03  7.10e-03  7.10e-03  cudaSetDevice
                     0.00  2.84e-03         8  3.54e-04  1.36e-04  7.89e-04  cuDeviceGet
                     0.00  1.73e-03         1  1.73e-03  1.73e-03  1.73e-03  cudaGetDevice
                     0.00  1.42e-03         3  4.72e-04  1.20e-04  7.36e-04  cuDeviceGetCount
                     0.00  8.08e-04         4  2.02e-04  1.71e-04  2.53e-04  cuDeviceGetUuid

==30925== Unified Memory profiling result:
Device "Tesla V100-PCIE-32GB (0)"
   Count  Avg Size  Min Size  Max Size  Total Size  Total Time  Name
     345  34.261KB  4.0000KB  848.00KB  11.54297MB    1.851968ms  Host To Device
      46         -         -         -           -    7.029056ms  Gpu page fault groups
      22  165.27KB  64.000KB  564.00KB  3.550781MB           -  Remote mapping from device
Total CPU Page faults: 90
Total remote mappings to CPU: 22
