==44561== NVPROF is profiling process 44561, command: ./cfd_1523 ../../../data/cfd/fvcorr.domn.193K
==44561== Profiling application: ./cfd_1523 ../../../data/cfd/fvcorr.domn.193K
==44561== Profiling result:
            Type  Time(%)      Time     Calls       Avg       Min       Max  Name
                        %        ms                  ms        ms        ms
 GPU activities:    96.67  4.55e+03      6000  0.759129  0.754268  1.906197  cuda_compute_flux(int, int*, float*, float*, float*)
                     2.42  114.0495      6000  0.019008  0.017471  0.023264  cuda_time_step(int, int, float*, float*, float*, float*)
                     0.45  21.10852      2000  0.010554  9.86e-03  0.013984  [CUDA memcpy DtoD]
                     0.42  19.80734      2000  9.90e-03  8.86e-03  0.669532  cuda_compute_step_factor(int, float*, float*, float*)
                     0.04  2.091540         3  0.697180  0.584349  0.842907  cuda_initialize_variables(int, float*)
                     0.00  7.49e-03         5  1.50e-03  1.38e-03  1.92e-03  [CUDA memcpy HtoD]
                     0.00  4.51e-03         1  4.51e-03  4.51e-03  4.51e-03  [CUDA memset]
      API calls:    91.71  4.65e+03      2000  2.326605  0.090615  4.105751  cudaMemcpy
                     5.79  293.9101         5  58.78202  6.25e-03  293.8765  cudaMemcpyToSymbol
                     1.65  83.96238     14003  6.00e-03  4.64e-03  0.444727  cudaLaunchKernel
                     0.41  20.86719         7  2.981027  8.65e-03  20.45750  cudaMallocManaged
                     0.09  4.790452     28003  1.71e-04  1.06e-04  0.011998  cudaGetLastError
                     0.09  4.506262         4  1.126565  1.122829  1.131934  cuDeviceTotalMem
                     0.08  4.252489       388  0.010960  1.09e-04  1.256068  cuDeviceGetAttribute
                     0.05  2.337427         1  2.337427  2.337427  2.337427  cudaMemset
                     0.05  2.323630         2  1.161815  8.23e-03  2.315396  cudaThreadSynchronize
                     0.04  2.222828        10  0.222282  4.45e-04  0.991911  cudaFree
                     0.02  0.832102         1  0.832102  0.832102  0.832102  cudaGetDeviceProperties
                     0.01  0.278491         4  0.069622  0.067497  0.073289  cuDeviceGetName
                     0.00  0.049993         3  0.016664  5.19e-03  0.033477  cudaMemAdvise
                     0.00  8.95e-03         4  2.24e-03  1.14e-03  5.06e-03  cuDeviceGetPCIBusId
                     0.00  7.10e-03         1  7.10e-03  7.10e-03  7.10e-03  cudaSetDevice
                     0.00  3.14e-03         8  3.92e-04  1.62e-04  8.70e-04  cuDeviceGet
                     0.00  1.85e-03         1  1.85e-03  1.85e-03  1.85e-03  cudaGetDevice
                     0.00  1.24e-03         3  4.14e-04  1.26e-04  6.90e-04  cuDeviceGetCount
                     0.00  8.69e-04         4  2.17e-04  1.92e-04  2.63e-04  cuDeviceGetUuid

==44561== Unified Memory profiling result:
Device "Tesla V100-PCIE-32GB (0)"
   Count  Avg Size  Min Size  Max Size  Total Size  Total Time  Name
      95  39.789KB  4.0000KB  456.00KB  3.691406MB    0.672288ms  Host To Device
      32         -         -         -           -    4.703520ms  Gpu page fault groups
      67  135.40KB  64.000KB  448.00KB  8.859375MB           -  Remote mapping from device
Total CPU Page faults: 83
Total remote mappings to CPU: 67
