==14165== NVPROF is profiling process 14165, command: ./cfd_0450 ../../../data/cfd/fvcorr.domn.097K
==14165== Profiling application: ./cfd_0450 ../../../data/cfd/fvcorr.domn.097K
==14165== Profiling result:
            Type  Time(%)      Time     Calls       Avg       Min       Max  Name
                        %        ms                  ms        ms        ms
 GPU activities:    61.96  234.5432      6000  0.039090  0.034752  1.865591  cuda_compute_flux(int, int*, float*, float*, float*)
                    19.95  75.50777      2000  0.037753  0.036735  0.526654  cuda_compute_step_factor(int, float*, float*, float*)
                    14.51  54.92211      6000  9.15e-03  7.84e-03  0.012096  cuda_time_step(int, int, float*, float*, float*, float*)
                     3.23  12.21844      2000  6.11e-03  5.79e-03  0.012992  [CUDA memcpy DtoD]
                     0.36  1.358522         3  0.452840  0.412350  0.504062  cuda_initialize_variables(int, float*)
                     0.00  7.39e-03         5  1.48e-03  1.41e-03  1.76e-03  [CUDA memcpy HtoD]
                     0.00  1.66e-03         1  1.66e-03  1.66e-03  1.66e-03  [CUDA memset]
      API calls:    44.49  330.2690      2000  0.165134  0.026363  2.466786  cudaMemcpy
                    40.11  297.7457         5  59.54914  6.45e-03  297.7112  cudaMemcpyToSymbol
                    10.52  78.08534     14003  5.58e-03  4.43e-03  0.412812  cudaLaunchKernel
                     2.78  20.65707         7  2.951010  0.011344  20.49395  cudaMallocManaged
                     0.63  4.657763         4  1.164440  1.152502  1.175206  cuDeviceTotalMem
                     0.49  3.662693     28003  1.30e-04  8.60e-05  0.403575  cudaGetLastError
                     0.46  3.382253       388  8.72e-03  1.07e-04  0.359280  cuDeviceGetAttribute
                     0.20  1.512138         1  1.512138  1.512138  1.512138  cudaMemset
                     0.14  1.066647        10  0.106664  4.19e-04  0.433393  cudaFree
                     0.11  0.830456         1  0.830456  0.830456  0.830456  cudaGetDeviceProperties
                     0.04  0.288690         4  0.072172  0.068438  0.076306  cuDeviceGetName
                     0.02  0.159969         2  0.079984  4.29e-03  0.155679  cudaThreadSynchronize
                     0.01  0.048006         2  0.024003  0.011916  0.036090  cudaMemAdvise
                     0.00  0.010431         4  2.61e-03  1.22e-03  5.63e-03  cuDeviceGetPCIBusId
                     0.00  8.61e-03         1  8.61e-03  8.61e-03  8.61e-03  cudaSetDevice
                     0.00  2.64e-03         8  3.30e-04  1.54e-04  6.96e-04  cuDeviceGet
                     0.00  2.16e-03         1  2.16e-03  2.16e-03  2.16e-03  cudaGetDevice
                     0.00  1.29e-03         3  4.29e-04  1.53e-04  7.87e-04  cuDeviceGetCount
                     0.00  8.11e-04         4  2.02e-04  1.86e-04  2.42e-04  cuDeviceGetUuid

==14165== Unified Memory profiling result:
Device "Tesla V100-PCIE-32GB (0)"
   Count  Avg Size  Min Size  Max Size  Total Size  Total Time  Name
     158  38.455KB  4.0000KB  904.00KB  5.933594MB    0.920544ms  Host To Device
      28         -         -         -           -    3.945312ms  Gpu page fault groups
      28  13.571KB  4.0000KB  64.000KB  380.0000KB           -  Remote mapping from device
Total CPU Page faults: 47
Total remote mappings to CPU: 28
