==39676== NVPROF is profiling process 39676, command: ./cfd_1423 ../../../data/cfd/fvcorr.domn.193K
==39676== Profiling application: ./cfd_1423 ../../../data/cfd/fvcorr.domn.193K
==39676== Profiling result:
            Type  Time(%)      Time     Calls       Avg       Min       Max  Name
                        %        ms                  ms        ms        ms
 GPU activities:    94.32  4.59e+03      6000  0.764966  0.754555  1.890997  cuda_compute_flux(int, int*, float*, float*, float*)
                     2.87  139.4761      2000  0.069738  0.068512  0.960474  cuda_compute_step_factor(int, float*, float*, float*)
                     2.34  113.9951      6000  0.018999  0.017376  0.022848  cuda_time_step(int, int, float*, float*, float*, float*)
                     0.43  21.14253      2000  0.010571  9.98e-03  0.013664  [CUDA memcpy DtoD]
                     0.04  1.997429         3  0.665809  0.582813  0.801116  cuda_initialize_variables(int, float*)
                     0.00  7.33e-03         5  1.47e-03  1.38e-03  1.79e-03  [CUDA memcpy HtoD]
                     0.00  2.05e-03         1  2.05e-03  2.05e-03  2.05e-03  [CUDA memset]
      API calls:    92.04  4.81e+03      2000  2.406400  0.058382  4.426182  cudaMemcpy
                     5.64  294.8183         5  58.96367  6.27e-03  294.7849  cudaMemcpyToSymbol
                     1.52  79.64001     14003  5.69e-03  4.26e-03  0.416063  cudaLaunchKernel
                     0.40  20.81939         7  2.974198  6.85e-03  20.48910  cudaMallocManaged
                     0.09  4.639120         4  1.159780  1.140163  1.208068  cuDeviceTotalMem
                     0.09  4.525502     28003  1.61e-04  8.60e-05  0.456206  cudaGetLastError
                     0.08  4.246228       388  0.010943  1.10e-04  1.228684  cuDeviceGetAttribute
                     0.05  2.388746         2  1.194373  8.34e-03  2.380404  cudaThreadSynchronize
                     0.04  2.224854         1  2.224854  2.224854  2.224854  cudaMemset
                     0.04  2.006244        10  0.200624  4.06e-04  1.082521  cudaFree
                     0.02  0.844068         1  0.844068  0.844068  0.844068  cudaGetDeviceProperties
                     0.01  0.289988         4  0.072497  0.067881  0.077029  cuDeviceGetName
                     0.00  0.022160         3  7.39e-03  2.68e-03  0.016758  cudaMemAdvise
                     0.00  9.38e-03         4  2.35e-03  1.23e-03  5.24e-03  cuDeviceGetPCIBusId
                     0.00  7.37e-03         1  7.37e-03  7.37e-03  7.37e-03  cudaSetDevice
                     0.00  2.66e-03         8  3.32e-04  1.66e-04  8.11e-04  cuDeviceGet
                     0.00  1.87e-03         1  1.87e-03  1.87e-03  1.87e-03  cudaGetDevice
                     0.00  1.26e-03         3  4.18e-04  1.27e-04  7.84e-04  cuDeviceGetCount
                     0.00  7.60e-04         4  1.90e-04  1.56e-04  2.41e-04  cuDeviceGetUuid

==39676== Unified Memory profiling result:
Device "Tesla V100-PCIE-32GB (0)"
   Count  Avg Size  Min Size  Max Size  Total Size  Total Time  Name
      53  57.056KB  4.0000KB  532.00KB  2.953125MB    0.461280ms  Host To Device
      36         -         -         -           -    4.768096ms  Gpu page fault groups
     131  75.023KB  4.0000KB  448.00KB  9.597656MB           -  Remote mapping from device
Total CPU Page faults: 79
Total remote mappings to CPU: 131
