==61879== NVPROF is profiling process 61879, command: ./cfd_0104 ../../../data/cfd/fvcorr.domn.097K
==61879== Profiling application: ./cfd_0104 ../../../data/cfd/fvcorr.domn.097K
==61879== Profiling result:
            Type  Time(%)      Time     Calls       Avg       Min       Max  Name
                        %        ms                  ms        ms        ms
 GPU activities:    96.97  2.34e+03      6000  0.390496  0.382398  3.989033  cuda_compute_flux(int, int*, float*, float*, float*)
                     2.10  50.71266      6000  8.45e-03  7.04e-03  0.010624  cuda_time_step(int, int, float*, float*, float*, float*)
                     0.49  11.92494      2000  5.96e-03  5.50e-03  0.012320  [CUDA memcpy DtoD]
                     0.38  9.295493      2000  4.65e-03  4.22e-03  0.314366  cuda_compute_step_factor(int, float*, float*, float*)
                     0.05  1.312472         3  0.437490  0.312158  0.614429  cuda_initialize_variables(int, float*)
                     0.00  7.42e-03         5  1.48e-03  1.38e-03  1.79e-03  [CUDA memcpy HtoD]
                     0.00  1.89e-03         1  1.89e-03  1.89e-03  1.89e-03  [CUDA memset]
      API calls:    85.12  2.37e+03      2000  1.184094  0.047015  5.116931  cudaMemcpy
                    10.69  297.3046         5  59.46091  6.25e-03  297.2710  cudaMemcpyToSymbol
                     2.86  79.70370     14003  5.69e-03  4.33e-03  0.490485  cudaLaunchKernel
                     0.74  20.59996         7  2.942851  0.010240  20.46565  cudaMallocManaged
                     0.17  4.628492         4  1.157123  1.143916  1.183833  cuDeviceTotalMem
                     0.12  3.448999       388  8.89e-03  1.10e-04  0.370385  cuDeviceGetAttribute
                     0.12  3.299921     28003  1.17e-04  8.50e-05  0.012956  cudaGetLastError
                     0.05  1.415796         1  1.415796  1.415796  1.415796  cudaMemset
                     0.04  1.192207        10  0.119220  4.28e-04  0.431400  cudaFree
                     0.04  1.174260         2  0.587130  4.80e-03  1.169457  cudaThreadSynchronize
                     0.03  0.921899         1  0.921899  0.921899  0.921899  cudaGetDeviceProperties
                     0.01  0.287189         4  0.071797  0.069996  0.077003  cuDeviceGetName
                     0.00  0.032547         2  0.016273  7.78e-03  0.024764  cudaMemAdvise
                     0.00  8.67e-03         4  2.17e-03  1.14e-03  4.80e-03  cuDeviceGetPCIBusId
                     0.00  6.93e-03         1  6.93e-03  6.93e-03  6.93e-03  cudaSetDevice
                     0.00  2.43e-03         8  3.03e-04  1.53e-04  7.85e-04  cuDeviceGet
                     0.00  1.87e-03         1  1.87e-03  1.87e-03  1.87e-03  cudaGetDevice
                     0.00  1.26e-03         3  4.20e-04  1.47e-04  6.86e-04  cuDeviceGetCount
                     0.00  8.45e-04         4  2.11e-04  1.87e-04  2.67e-04  cuDeviceGetUuid

==61879== Unified Memory profiling result:
Device "Tesla V100-PCIE-32GB (0)"
   Count  Avg Size  Min Size  Max Size  Total Size  Total Time  Name
      39  52.513KB  4.0000KB  660.00KB  2.000000MB    0.269568ms  Host To Device
      43         -         -         -           -    6.338688ms  Gpu page fault groups
     683  6.6699KB  4.0000KB  68.000KB  4.449219MB           -  Remote mapping from device
Total CPU Page faults: 110
Total remote mappings to CPU: 683
