==46013== NVPROF is profiling process 46013, command: ./cfd_1542 ../../../data/cfd/missile.domn.0.2M
==46013== Profiling application: ./cfd_1542 ../../../data/cfd/missile.domn.0.2M
==46013== Profiling result:
            Type  Time(%)      Time     Calls       Avg       Min       Max  Name
                        %        ms                  ms        ms        ms
 GPU activities:    90.56  1.92e+03      6000  0.319761  0.311518  5.752447  cuda_compute_flux(int, int*, float*, float*, float*)
                     6.59  139.5236      6000  0.023253  0.021312  0.026912  cuda_time_step(int, int, float*, float*, float*, float*)
                     1.46  30.87157      2000  0.015435  0.014560  0.021888  [CUDA memcpy DtoD]
                     1.29  27.26042      2000  0.013630  0.011520  0.838939  cuda_compute_step_factor(int, float*, float*, float*)
                     0.11  2.373490         3  0.791163  0.648252  1.019322  cuda_initialize_variables(int, float*)
                     0.00  7.39e-03         5  1.48e-03  1.38e-03  1.79e-03  [CUDA memcpy HtoD]
                     0.00  2.05e-03         1  2.05e-03  2.05e-03  2.05e-03  [CUDA memset]
      API calls:    83.35  2.07e+03      2000  1.034059  0.061268  7.302609  cudaMemcpy
                    11.94  296.2508         5  59.25015  5.86e-03  296.2175  cudaMemcpyToSymbol
                     3.07  76.24862     14003  5.45e-03  4.23e-03  0.413260  cudaLaunchKernel
                     0.84  20.79267         7  2.970381  0.016705  20.48829  cudaMallocManaged
                     0.19  4.719214         4  1.179803  1.152162  1.214608  cuDeviceTotalMem
                     0.18  4.453456       388  0.011477  1.10e-04  1.054176  cuDeviceGetAttribute
                     0.16  4.090509     28003  1.46e-04  8.60e-05  0.422325  cudaGetLastError
                     0.11  2.664883         1  2.664883  2.664883  2.664883  cudaMemset
                     0.07  1.659924        10  0.165992  4.41e-04  0.717203  cudaFree
                     0.04  1.006449         2  0.503224  7.83e-03  0.998623  cudaThreadSynchronize
                     0.03  0.844931         1  0.844931  0.844931  0.844931  cudaGetDeviceProperties
                     0.01  0.289786         4  0.072446  0.068020  0.079250  cuDeviceGetName
                     0.00  0.024428         3  8.14e-03  2.52e-03  0.018023  cudaMemAdvise
                     0.00  9.55e-03         4  2.39e-03  1.14e-03  4.78e-03  cuDeviceGetPCIBusId
                     0.00  8.12e-03         1  8.12e-03  8.12e-03  8.12e-03  cudaSetDevice
                     0.00  2.39e-03         8  2.98e-04  1.58e-04  6.90e-04  cuDeviceGet
                     0.00  1.83e-03         1  1.83e-03  1.83e-03  1.83e-03  cudaGetDevice
                     0.00  1.26e-03         3  4.20e-04  1.14e-04  7.45e-04  cuDeviceGetCount
                     0.00  8.25e-04         4  2.06e-04  1.88e-04  2.57e-04  cuDeviceGetUuid

==46013== Unified Memory profiling result:
Device "Tesla V100-PCIE-32GB (0)"
   Count  Avg Size  Min Size  Max Size  Total Size  Total Time  Name
     232  50.948KB  4.0000KB  0.9805MB  11.54297MB    1.648640ms  Host To Device
      69         -         -         -           -    9.626528ms  Gpu page fault groups
     578  6.2900KB  4.0000KB  60.000KB  3.550781MB           -  Remote mapping from device
Total CPU Page faults: 72
Total remote mappings to CPU: 578
