==39198== NVPROF is profiling process 39198, command: ./cfd_1415 ../../../data/cfd/fvcorr.domn.193K
==39198== Profiling application: ./cfd_1415 ../../../data/cfd/fvcorr.domn.193K
==39198== Profiling result:
            Type  Time(%)      Time     Calls       Avg       Min       Max  Name
                        %        ms                  ms        ms        ms
 GPU activities:    55.82  360.8994      6000  0.060149  0.057408  4.000267  cuda_compute_flux(int, int*, float*, float*, float*)
                    21.82  141.0761      2000  0.070538  0.068000  1.049915  cuda_compute_step_factor(int, float*, float*, float*)
                    18.72  121.0121      6000  0.020168  0.018240  0.023232  cuda_time_step(int, int, float*, float*, float*, float*)
                     3.28  21.21656      2000  0.010608  9.82e-03  0.013888  [CUDA memcpy DtoD]
                     0.35  2.274836         3  0.758278  0.620893  1.013755  cuda_initialize_variables(int, float*)
                     0.00  7.39e-03         5  1.48e-03  1.38e-03  1.79e-03  [CUDA memcpy HtoD]
                     0.00  2.18e-03         1  2.18e-03  2.18e-03  2.18e-03  [CUDA memset]
      API calls:    59.05  596.9923      2000  0.298496  0.036850  5.211667  cudaMemcpy
                    29.53  298.5243         5  59.70485  6.01e-03  298.4911  cudaMemcpyToSymbol
                     7.63  77.15905     14003  5.51e-03  4.28e-03  0.440375  cudaLaunchKernel
                     2.07  20.91885         7  2.988407  7.30e-03  20.49961  cudaMallocManaged
                     0.46  4.640454         4  1.160113  1.147373  1.182698  cuDeviceTotalMem
                     0.34  3.433741       388  8.85e-03  1.11e-04  0.363335  cuDeviceGetAttribute
                     0.34  3.430462     28003  1.22e-04  8.50e-05  0.015430  cudaGetLastError
                     0.25  2.509035         1  2.509035  2.509035  2.509035  cudaMemset
                     0.19  1.880978        10  0.188097  4.26e-04  0.680944  cudaFree
                     0.08  0.846682         1  0.846682  0.846682  0.846682  cudaGetDeviceProperties
                     0.03  0.299494         2  0.149747  8.00e-03  0.291499  cudaThreadSynchronize
                     0.03  0.286571         4  0.071642  0.069378  0.074372  cuDeviceGetName
                     0.00  0.046604         3  0.015534  5.86e-03  0.034207  cudaMemAdvise
                     0.00  9.00e-03         4  2.25e-03  1.23e-03  4.94e-03  cuDeviceGetPCIBusId
                     0.00  7.72e-03         1  7.72e-03  7.72e-03  7.72e-03  cudaSetDevice
                     0.00  2.38e-03         8  2.97e-04  1.78e-04  7.87e-04  cuDeviceGet
                     0.00  1.80e-03         1  1.80e-03  1.80e-03  1.80e-03  cudaGetDevice
                     0.00  1.31e-03         3  4.37e-04  1.13e-04  7.49e-04  cuDeviceGetCount
                     0.00  8.30e-04         4  2.07e-04  1.87e-04  2.48e-04  cuDeviceGetUuid

==39198== Unified Memory profiling result:
Device "Tesla V100-PCIE-32GB (0)"
   Count  Avg Size  Min Size  Max Size  Total Size  Total Time  Name
     366  33.049KB  4.0000KB  0.9805MB  11.81250MB    1.951648ms  Host To Device
      43         -         -         -           -    8.104640ms  Gpu page fault groups
      55  13.745KB  4.0000KB  64.000KB  756.0000KB           -  Remote mapping from device
Total CPU Page faults: 815
Total remote mappings to CPU: 55
