==25557== NVPROF is profiling process 25557, command: ./cfd_1120 ../../../data/cfd/fvcorr.domn.097K
==25557== Profiling application: ./cfd_1120 ../../../data/cfd/fvcorr.domn.097K
==25557== Profiling result:
            Type  Time(%)      Time     Calls       Avg       Min       Max  Name
                        %        ms                  ms        ms        ms
 GPU activities:    73.40  215.6706      6000  0.035945  0.033280  1.986806  cuda_compute_flux(int, int*, float*, float*, float*)
                    18.68  54.90052      6000  9.15e-03  7.78e-03  0.011392  cuda_time_step(int, int, float*, float*, float*, float*)
                     4.31  12.66331      2000  6.33e-03  5.79e-03  0.787100  [CUDA memcpy DtoD]
                     3.19  9.380912      2000  4.69e-03  4.22e-03  0.386718  cuda_compute_step_factor(int, float*, float*, float*)
                     0.41  1.214618         3  0.404872  0.330398  0.540157  cuda_initialize_variables(int, float*)
                     0.00  7.33e-03         5  1.47e-03  1.38e-03  1.79e-03  [CUDA memcpy HtoD]
                     0.00  1.66e-03         1  1.66e-03  1.66e-03  1.66e-03  [CUDA memset]
      API calls:    45.17  297.4173         5  59.48346  5.74e-03  297.3841  cudaMemcpyToSymbol
                    37.84  249.1743      2000  0.124587  0.024393  2.450550  cudaMemcpy
                    11.50  75.69676     14003  5.40e-03  4.22e-03  0.451047  cudaLaunchKernel
                     3.13  20.59082         7  2.941545  0.011758  20.45878  cudaMallocManaged
                     0.70  4.601397         4  1.150349  1.141767  1.165991  cuDeviceTotalMem
                     0.55  3.598532     28003  1.28e-04  8.60e-05  0.441959  cudaGetLastError
                     0.51  3.370531       388  8.69e-03  1.09e-04  0.375015  cuDeviceGetAttribute
                     0.21  1.390277        10  0.139027  4.05e-04  0.441876  cudaFree
                     0.20  1.328891         1  1.328891  1.328891  1.328891  cudaMemset
                     0.13  0.832851         1  0.832851  0.832851  0.832851  cudaGetDeviceProperties
                     0.04  0.282759         4  0.070689  0.067650  0.072921  cuDeviceGetName
                     0.02  0.122390         2  0.061195  4.53e-03  0.117865  cudaThreadSynchronize
                     0.00  0.023136         2  0.011568  8.34e-03  0.014792  cudaMemAdvise
                     0.00  8.52e-03         4  2.13e-03  1.09e-03  4.76e-03  cuDeviceGetPCIBusId
                     0.00  7.26e-03         1  7.26e-03  7.26e-03  7.26e-03  cudaSetDevice
                     0.00  2.44e-03         8  3.05e-04  1.42e-04  5.52e-04  cuDeviceGet
                     0.00  1.87e-03         1  1.87e-03  1.87e-03  1.87e-03  cudaGetDevice
                     0.00  1.30e-03         3  4.32e-04  1.19e-04  6.83e-04  cuDeviceGetCount
                     0.00  8.08e-04         4  2.02e-04  1.74e-04  2.50e-04  cuDeviceGetUuid

==25557== Unified Memory profiling result:
Device "Tesla V100-PCIE-32GB (0)"
   Count  Avg Size  Min Size  Max Size  Total Size  Total Time  Name
     159  40.604KB  4.0000KB  904.00KB  6.304688MB    0.919872ms  Host To Device
      28         -         -         -           -    3.758048ms  Gpu page fault groups
Total CPU Page faults: 140
