==5036== NVPROF is profiling process 5036, command: ./cfd_0253 ../../../data/cfd/fvcorr.domn.097K
==5036== Profiling application: ./cfd_0253 ../../../data/cfd/fvcorr.domn.097K
==5036== Profiling result:
            Type  Time(%)      Time     Calls       Avg       Min       Max  Name
                        %        ms                  ms        ms        ms
 GPU activities:    96.97  2.34e+03      6000  0.390176  0.382590  1.281336  cuda_compute_flux(int, int*, float*, float*, float*)
                     2.10  50.77946      6000  8.46e-03  7.17e-03  0.010240  cuda_time_step(int, int, float*, float*, float*, float*)
                     0.49  11.86805      2000  5.93e-03  5.57e-03  0.011744  [CUDA memcpy DtoD]
                     0.39  9.342348      2000  4.67e-03  4.22e-03  0.375486  cuda_compute_step_factor(int, float*, float*, float*)
                     0.05  1.112442         3  0.370814  0.263583  0.555837  cuda_initialize_variables(int, float*)
                     0.00  7.49e-03         5  1.50e-03  1.41e-03  1.86e-03  [CUDA memcpy HtoD]
                     0.00  1.66e-03         1  1.66e-03  1.66e-03  1.66e-03  [CUDA memset]
      API calls:    84.91  2.37e+03      2000  1.183174  0.046543  2.441170  cudaMemcpy
                    10.91  304.0665         5  60.81329  6.14e-03  304.0325  cudaMemcpyToSymbol
                     2.86  79.70262     14003  5.69e-03  4.28e-03  0.434747  cudaLaunchKernel
                     0.74  20.66769         7  2.952527  0.011480  20.50511  cudaMallocManaged
                     0.16  4.574847         4  1.143711  1.141711  1.147857  cuDeviceTotalMem
                     0.12  3.365851       388  8.67e-03  1.09e-04  0.368013  cuDeviceGetAttribute
                     0.12  3.353167     28003  1.19e-04  8.40e-05  0.012077  cudaGetLastError
                     0.05  1.288469        10  0.128846  4.22e-04  0.458126  cudaFree
                     0.04  1.238812         1  1.238812  1.238812  1.238812  cudaMemset
                     0.04  1.175058         2  0.587529  5.22e-03  1.169838  cudaThreadSynchronize
                     0.03  0.837025         1  0.837025  0.837025  0.837025  cudaGetDeviceProperties
                     0.01  0.284117         4  0.071029  0.067434  0.077671  cuDeviceGetName
                     0.00  0.056417         3  0.018805  5.94e-03  0.035107  cudaMemAdvise
                     0.00  8.96e-03         4  2.24e-03  1.20e-03  5.10e-03  cuDeviceGetPCIBusId
                     0.00  7.06e-03         1  7.06e-03  7.06e-03  7.06e-03  cudaSetDevice
                     0.00  2.45e-03         8  3.06e-04  1.46e-04  7.71e-04  cuDeviceGet
                     0.00  1.78e-03         1  1.78e-03  1.78e-03  1.78e-03  cudaGetDevice
                     0.00  1.21e-03         3  4.03e-04  1.39e-04  7.21e-04  cuDeviceGetCount
                     0.00  8.17e-04         4  2.04e-04  1.77e-04  2.30e-04  cuDeviceGetUuid

==5036== Unified Memory profiling result:
Device "Tesla V100-PCIE-32GB (0)"
   Count  Avg Size  Min Size  Max Size  Total Size  Total Time  Name
      49  38.775KB  4.0000KB  332.00KB  1.855469MB    0.309856ms  Host To Device
      22         -         -         -           -    2.653856ms  Gpu page fault groups
      45  101.24KB  64.000KB  256.00KB  4.449219MB           -  Remote mapping from device
Total CPU Page faults: 49
Total remote mappings to CPU: 45
