==1315== NVPROF is profiling process 1315, command: ./cfd_0204 ../../../data/cfd/fvcorr.domn.097K
==1315== Profiling application: ./cfd_0204 ../../../data/cfd/fvcorr.domn.097K
==1315== Profiling result:
            Type  Time(%)      Time     Calls       Avg       Min       Max  Name
                        %        ms                  ms        ms        ms
 GPU activities:    96.95  2.33e+03      6000  0.387704  0.382526  4.445958  cuda_compute_flux(int, int*, float*, float*, float*)
                     2.11  50.70593      6000  8.45e-03  7.01e-03  0.010496  cuda_time_step(int, int, float*, float*, float*, float*)
                     0.50  11.88542      2000  5.94e-03  5.50e-03  0.017631  [CUDA memcpy DtoD]
                     0.39  9.323366      2000  4.66e-03  4.22e-03  0.349182  cuda_compute_step_factor(int, float*, float*, float*)
                     0.05  1.301432         3  0.433810  0.354398  0.551388  cuda_initialize_variables(int, float*)
                     0.00  7.36e-03         5  1.47e-03  1.38e-03  1.79e-03  [CUDA memcpy HtoD]
                     0.00  1.66e-03         1  1.66e-03  1.66e-03  1.66e-03  [CUDA memset]
      API calls:    85.09  2.35e+03      2000  1.176722  0.078523  5.576340  cudaMemcpy
                    10.77  297.9760         5  59.59520  5.95e-03  297.9422  cudaMemcpyToSymbol
                     2.80  77.46948     14003  5.53e-03  4.20e-03  0.448516  cudaLaunchKernel
                     0.74  20.55113         7  2.935875  0.011414  20.42213  cudaMallocManaged
                     0.17  4.581769         4  1.145442  1.141720  1.149880  cuDeviceTotalMem
                     0.12  3.435617     28003  1.22e-04  8.50e-05  0.013015  cudaGetLastError
                     0.12  3.354778       388  8.65e-03  1.09e-04  0.360446  cuDeviceGetAttribute
                     0.05  1.424765         1  1.424765  1.424765  1.424765  cudaMemset
                     0.04  1.178204         2  0.589102  5.32e-03  1.172879  cudaThreadSynchronize
                     0.04  1.117338        10  0.111733  5.38e-04  0.390807  cudaFree
                     0.03  0.875734         1  0.875734  0.875734  0.875734  cudaGetDeviceProperties
                     0.01  0.292388         4  0.073097  0.067738  0.078511  cuDeviceGetName
                     0.00  0.019746         2  9.87e-03  2.77e-03  0.016976  cudaMemAdvise
                     0.00  9.06e-03         4  2.26e-03  1.20e-03  5.12e-03  cuDeviceGetPCIBusId
                     0.00  7.04e-03         1  7.04e-03  7.04e-03  7.04e-03  cudaSetDevice
                     0.00  2.13e-03         8  2.66e-04  1.53e-04  6.64e-04  cuDeviceGet
                     0.00  1.94e-03         1  1.94e-03  1.94e-03  1.94e-03  cudaGetDevice
                     0.00  1.31e-03         3  4.37e-04  1.48e-04  7.49e-04  cuDeviceGetCount
                     0.00  8.28e-04         4  2.07e-04  1.90e-04  2.40e-04  cuDeviceGetUuid

==1315== Unified Memory profiling result:
Device "Tesla V100-PCIE-32GB (0)"
   Count  Avg Size  Min Size  Max Size  Total Size  Total Time  Name
      51  40.156KB  4.0000KB  612.00KB  2.000000MB    0.306336ms  Host To Device
      47         -         -         -           -    6.815328ms  Gpu page fault groups
     794  5.7373KB  4.0000KB  60.000KB  4.449219MB           -  Remote mapping from device
Total CPU Page faults: 19
Total remote mappings to CPU: 794
