==34961== NVPROF is profiling process 34961, command: ./cfd_1322 ../../../data/cfd/fvcorr.domn.193K
==34961== Profiling application: ./cfd_1322 ../../../data/cfd/fvcorr.domn.193K
==34961== Profiling result:
            Type  Time(%)      Time     Calls       Avg       Min       Max  Name
                        %        ms                  ms        ms        ms
 GPU activities:    56.07  361.1970      6000  0.060199  0.057311  3.676140  cuda_compute_flux(int, int*, float*, float*, float*)
                    21.73  139.9923      2000  0.069996  0.067968  0.090623  cuda_compute_step_factor(int, float*, float*, float*)
                    18.63  120.0036      6000  0.020000  0.018048  0.022656  cuda_time_step(int, int, float*, float*, float*, float*)
                     3.26  20.99628      2000  0.010498  9.82e-03  0.012960  [CUDA memcpy DtoD]
                     0.31  2.007701         3  0.669233  0.567517  0.852795  cuda_initialize_variables(int, float*)
                     0.00  7.55e-03         5  1.51e-03  1.38e-03  1.95e-03  [CUDA memcpy HtoD]
                     0.00  2.05e-03         1  2.05e-03  2.05e-03  2.05e-03  [CUDA memset]
      API calls:    59.02  596.8546      2000  0.298427  0.063115  3.909762  cudaMemcpy
                    29.88  302.2174         5  60.44349  5.88e-03  302.1840  cudaMemcpyToSymbol
                     7.38  74.62477     14003  5.33e-03  4.20e-03  0.449943  cudaLaunchKernel
                     2.06  20.84496         7  2.977852  7.04e-03  20.51047  cudaMallocManaged
                     0.47  4.731830         4  1.182957  1.149156  1.279281  cuDeviceTotalMem
                     0.35  3.532507     28003  1.26e-04  8.60e-05  0.012307  cudaGetLastError
                     0.33  3.361967       388  8.66e-03  1.09e-04  0.346349  cuDeviceGetAttribute
                     0.22  2.199771         1  2.199771  2.199771  2.199771  cudaMemset
                     0.14  1.460614        10  0.146061  4.01e-04  0.685900  cudaFree
                     0.08  0.837854         1  0.837854  0.837854  0.837854  cudaGetDeviceProperties
                     0.03  0.295481         2  0.147740  7.29e-03  0.288193  cudaThreadSynchronize
                     0.03  0.280609         4  0.070152  0.068002  0.073793  cuDeviceGetName
                     0.00  0.046584         3  0.015528  4.63e-03  0.033887  cudaMemAdvise
                     0.00  9.92e-03         4  2.48e-03  1.19e-03  5.33e-03  cuDeviceGetPCIBusId
                     0.00  8.13e-03         1  8.13e-03  8.13e-03  8.13e-03  cudaSetDevice
                     0.00  2.26e-03         8  2.82e-04  1.26e-04  6.93e-04  cuDeviceGet
                     0.00  1.89e-03         1  1.89e-03  1.89e-03  1.89e-03  cudaGetDevice
                     0.00  1.41e-03         3  4.68e-04  2.05e-04  7.49e-04  cuDeviceGetCount
                     0.00  8.20e-04         4  2.05e-04  1.87e-04  2.20e-04  cuDeviceGetUuid

==34961== Unified Memory profiling result:
Device "Tesla V100-PCIE-32GB (0)"
   Count  Avg Size  Min Size  Max Size  Total Size  Total Time  Name
     365  33.140KB  4.0000KB  996.00KB  11.81250MB    1.920352ms  Host To Device
      35         -         -         -           -    5.928384ms  Gpu page fault groups
       5  151.20KB  64.000KB  256.00KB  756.0000KB           -  Remote mapping from device
Total CPU Page faults: 83
Total remote mappings to CPU: 5
