==22798== NVPROF is profiling process 22798, command: ./cfd_1042 ../../../data/cfd/fvcorr.domn.193K
==22798== Profiling application: ./cfd_1042 ../../../data/cfd/fvcorr.domn.193K
==22798== Profiling result:
            Type  Time(%)      Time     Calls       Avg       Min       Max  Name
                        %        ms                  ms        ms        ms
 GPU activities:    90.74  1.60e+03      6000  0.266457  0.259006  4.916645  cuda_compute_flux(int, int*, float*, float*, float*)
                     6.85  120.7578      6000  0.020126  0.017888  0.023232  cuda_time_step(int, int, float*, float*, float*, float*)
                     1.20  21.12241      2000  0.010561  9.79e-03  0.014399  [CUDA memcpy DtoD]
                     1.09  19.22813      2000  9.61e-03  8.80e-03  0.166655  cuda_compute_step_factor(int, float*, float*, float*)
                     0.11  1.996757         3  0.665585  0.584253  0.818203  cuda_initialize_variables(int, float*)
                     0.00  7.39e-03         5  1.48e-03  1.38e-03  1.79e-03  [CUDA memcpy HtoD]
                     0.00  2.05e-03         1  2.05e-03  2.05e-03  2.05e-03  [CUDA memset]
      API calls:    80.47  1.71e+03      2000  0.855830  0.061193  5.643213  cudaMemcpy
                    13.97  297.1557         5  59.43114  6.19e-03  297.1221  cudaMemcpyToSymbol
                     3.73  79.41824     14003  5.67e-03  4.36e-03  0.476171  cudaLaunchKernel
                     0.98  20.79265         7  2.970378  6.65e-03  20.44302  cudaMallocManaged
                     0.21  4.556612         4  1.139153  1.122813  1.170671  cuDeviceTotalMem
                     0.20  4.217279     28003  1.50e-04  8.60e-05  0.452089  cudaGetLastError
                     0.16  3.347739       388  8.63e-03  1.09e-04  0.357633  cuDeviceGetAttribute
                     0.11  2.305701         1  2.305701  2.305701  2.305701  cudaMemset
                     0.08  1.614875        10  0.161487  4.22e-04  0.712711  cudaFree
                     0.04  0.846787         2  0.423393  7.90e-03  0.838886  cudaThreadSynchronize
                     0.04  0.827316         1  0.827316  0.827316  0.827316  cudaGetDeviceProperties
                     0.01  0.280428         4  0.070107  0.067401  0.073304  cuDeviceGetName
                     0.00  0.013554         2  6.78e-03  2.32e-03  0.011233  cudaMemAdvise
                     0.00  9.24e-03         4  2.31e-03  1.23e-03  5.21e-03  cuDeviceGetPCIBusId
                     0.00  7.52e-03         1  7.52e-03  7.52e-03  7.52e-03  cudaSetDevice
                     0.00  2.29e-03         8  2.86e-04  1.57e-04  6.73e-04  cuDeviceGet
                     0.00  1.90e-03         1  1.90e-03  1.90e-03  1.90e-03  cudaGetDevice
                     0.00  1.18e-03         3  3.92e-04  1.27e-04  7.35e-04  cuDeviceGetCount
                     0.00  8.59e-04         4  2.14e-04  1.83e-04  2.46e-04  cuDeviceGetUuid

==22798== Unified Memory profiling result:
Device "Tesla V100-PCIE-32GB (0)"
   Count  Avg Size  Min Size  Max Size  Total Size  Total Time  Name
     231  43.705KB  4.0000KB  0.9766MB  9.859375MB    1.446144ms  Host To Device
      55         -         -         -           -    7.695392ms  Gpu page fault groups
     512  5.9063KB  4.0000KB  60.000KB  2.953125MB           -  Remote mapping from device
Total CPU Page faults: 65
Total remote mappings to CPU: 512
