==62685== NVPROF is profiling process 62685, command: ./cfd_0114 ../../../data/cfd/fvcorr.domn.193K
==62685== Profiling application: ./cfd_0114 ../../../data/cfd/fvcorr.domn.193K
==62685== Profiling result:
            Type  Time(%)      Time     Calls       Avg       Min       Max  Name
                        %        ms                  ms        ms        ms
 GPU activities:    96.68  4.59e+03      6000  0.764318  0.754395  7.659378  cuda_compute_flux(int, int*, float*, float*, float*)
                     2.41  114.5065      6000  0.019084  0.017536  0.023040  cuda_time_step(int, int, float*, float*, float*, float*)
                     0.45  21.25374      2000  0.010626  0.010016  0.013760  [CUDA memcpy DtoD]
                     0.42  19.75590      2000  9.88e-03  8.93e-03  0.614876  cuda_compute_step_factor(int, float*, float*, float*)
                     0.04  2.122995         3  0.707665  0.621020  0.871131  cuda_initialize_variables(int, float*)
                     0.00  7.55e-03         5  1.51e-03  1.38e-03  1.79e-03  [CUDA memcpy HtoD]
                     0.00  2.05e-03         1  2.05e-03  2.05e-03  2.05e-03  [CUDA memset]
      API calls:    91.79  4.69e+03      2000  2.344079  0.058001  9.842154  cudaMemcpy
                     5.80  296.3327         5  59.26655  6.15e-03  296.2990  cudaMemcpyToSymbol
                     1.61  82.13117     14003  5.86e-03  4.49e-03  0.558054  cudaLaunchKernel
                     0.41  20.91023         7  2.987176  7.09e-03  20.53311  cudaMallocManaged
                     0.09  4.585403         4  1.146350  1.124996  1.193489  cuDeviceTotalMem
                     0.08  4.078905     28003  1.45e-04  8.50e-05  0.426725  cudaGetLastError
                     0.07  3.410597       388  8.79e-03  1.08e-04  0.359691  cuDeviceGetAttribute
                     0.05  2.370228         1  2.370228  2.370228  2.370228  cudaMemset
                     0.05  2.322628         2  1.161314  8.44e-03  2.314189  cudaThreadSynchronize
                     0.04  2.046008        10  0.204600  4.99e-04  0.796344  cudaFree
                     0.02  0.849337         1  0.849337  0.849337  0.849337  cudaGetDeviceProperties
                     0.01  0.287589         4  0.071897  0.070295  0.075303  cuDeviceGetName
                     0.00  0.022411         3  7.47e-03  2.03e-03  0.014790  cudaMemAdvise
                     0.00  8.66e-03         4  2.17e-03  1.16e-03  4.89e-03  cuDeviceGetPCIBusId
                     0.00  7.43e-03         1  7.43e-03  7.43e-03  7.43e-03  cudaSetDevice
                     0.00  2.56e-03         8  3.20e-04  1.54e-04  6.37e-04  cuDeviceGet
                     0.00  1.99e-03         1  1.99e-03  1.99e-03  1.99e-03  cudaGetDevice
                     0.00  1.36e-03         3  4.54e-04  1.26e-04  7.12e-04  cuDeviceGetCount
                     0.00  8.61e-04         4  2.15e-04  1.92e-04  2.61e-04  cuDeviceGetUuid

==62685== Unified Memory profiling result:
Device "Tesla V100-PCIE-32GB (0)"
   Count  Avg Size  Min Size  Max Size  Total Size  Total Time  Name
      70  54.000KB  4.0000KB  532.00KB  3.691406MB    0.520288ms  Host To Device
      65         -         -         -           -   11.684096ms  Gpu page fault groups
    1581  5.7373KB  4.0000KB  72.000KB  8.859375MB           -  Remote mapping from device
Total CPU Page faults: 950
Total remote mappings to CPU: 1581
