==34286== NVPROF is profiling process 34286, command: ./cfd_1313 ../../../data/cfd/fvcorr.domn.097K
==34286== Profiling application: ./cfd_1313 ../../../data/cfd/fvcorr.domn.097K
==34286== Profiling result:
            Type  Time(%)      Time     Calls       Avg       Min       Max  Name
                        %        ms                  ms        ms        ms
 GPU activities:    94.41  2.33e+03      6000  0.388728  0.382622  1.138874  cuda_compute_flux(int, int*, float*, float*, float*)
                     3.01  74.42654      2000  0.037213  0.036512  0.097504  cuda_compute_step_factor(int, float*, float*, float*)
                     2.04  50.48795      6000  8.41e-03  7.10e-03  0.010528  cuda_time_step(int, int, float*, float*, float*, float*)
                     0.49  12.05536      2000  6.03e-03  5.60e-03  0.012832  [CUDA memcpy DtoD]
                     0.05  1.144410         3  0.381470  0.261535  0.444861  cuda_initialize_variables(int, float*)
                     0.00  7.42e-03         5  1.48e-03  1.41e-03  1.79e-03  [CUDA memcpy HtoD]
                     0.00  1.70e-03         1  1.70e-03  1.70e-03  1.70e-03  [CUDA memset]
      API calls:    85.47  2.42e+03      2000  1.211476  0.044981  2.032138  cudaMemcpy
                    10.47  296.8503         5  59.37007  5.91e-03  296.8177  cudaMemcpyToSymbol
                     2.72  77.02590     14003  5.50e-03  4.20e-03  0.461840  cudaLaunchKernel
                     0.73  20.72978         7  2.961397  0.010884  20.61347  cudaMallocManaged
                     0.16  4.587111         4  1.146777  1.139332  1.158739  cuDeviceTotalMem
                     0.12  3.497373     28003  1.24e-04  8.50e-05  0.012162  cudaGetLastError
                     0.12  3.389891       388  8.74e-03  1.07e-04  0.349189  cuDeviceGetAttribute
                     0.05  1.408753        10  0.140875  4.64e-04  0.542762  cudaFree
                     0.05  1.330830         1  1.330830  1.330830  1.330830  cudaMemset
                     0.04  1.203602         2  0.601801  4.94e-03  1.198663  cudaThreadSynchronize
                     0.04  1.129050         4  0.282262  0.067325  0.912521  cuDeviceGetName
                     0.03  0.853009         1  0.853009  0.853009  0.853009  cudaGetDeviceProperties
                     0.00  0.024812         3  8.27e-03  2.15e-03  0.017822  cudaMemAdvise
                     0.00  8.55e-03         4  2.14e-03  1.12e-03  4.68e-03  cuDeviceGetPCIBusId
                     0.00  7.31e-03         1  7.31e-03  7.31e-03  7.31e-03  cudaSetDevice
                     0.00  2.37e-03         8  2.96e-04  1.61e-04  8.20e-04  cuDeviceGet
                     0.00  2.12e-03         1  2.12e-03  2.12e-03  2.12e-03  cudaGetDevice
                     0.00  1.25e-03         3  4.15e-04  1.41e-04  6.91e-04  cuDeviceGetCount
                     0.00  8.46e-04         4  2.11e-04  1.81e-04  2.69e-04  cuDeviceGetUuid

==34286== Unified Memory profiling result:
Device "Tesla V100-PCIE-32GB (0)"
   Count  Avg Size  Min Size  Max Size  Total Size  Total Time  Name
      30  50.800KB  4.0000KB  380.00KB  1.488281MB    0.197888ms  Host To Device
      18         -         -         -           -    2.299072ms  Gpu page fault groups
      48  102.75KB  64.000KB  256.00KB  4.816406MB           -  Remote mapping from device
Total CPU Page faults: 417
Total remote mappings to CPU: 48
