==22062== NVPROF is profiling process 22062, command: ./cfd_1032 ../../../data/cfd/missile.domn.0.2M
==22062== Profiling application: ./cfd_1032 ../../../data/cfd/missile.domn.0.2M
==22062== Profiling result:
            Type  Time(%)      Time     Calls       Avg       Min       Max  Name
                        %        ms                  ms        ms        ms
 GPU activities:    90.58  1.92e+03      6000  0.320502  0.311550  3.571148  cuda_compute_flux(int, int*, float*, float*, float*)
                     6.57  139.5835      6000  0.023263  0.021408  0.026048  cuda_time_step(int, int, float*, float*, float*, float*)
                     1.46  30.96813      2000  0.015484  0.014559  0.022592  [CUDA memcpy DtoD]
                     1.28  27.14047      2000  0.013570  0.011680  0.308894  cuda_compute_step_factor(int, float*, float*, float*)
                     0.11  2.295475         3  0.765158  0.632509  0.921019  cuda_initialize_variables(int, float*)
                     0.00  7.36e-03         5  1.47e-03  1.38e-03  1.76e-03  [CUDA memcpy HtoD]
                     0.00  4.45e-03         1  4.45e-03  4.45e-03  4.45e-03  [CUDA memset]
      API calls:    83.31  2.07e+03      2000  1.035483  0.066593  4.560586  cudaMemcpy
                    11.90  295.7447         5  59.14895  5.73e-03  295.7121  cudaMemcpyToSymbol
                     3.19  79.25711     14003  5.66e-03  4.23e-03  0.536353  cudaLaunchKernel
                     0.84  20.81829         7  2.974041  0.014746  20.43658  cudaMallocManaged
                     0.19  4.650088         4  1.162522  1.147872  1.191465  cuDeviceTotalMem
                     0.18  4.556263     28003  1.62e-04  8.70e-05  0.466756  cudaGetLastError
                     0.14  3.387334       388  8.73e-03  1.07e-04  0.368743  cuDeviceGetAttribute
                     0.10  2.592894         1  2.592894  2.592894  2.592894  cudaMemset
                     0.07  1.711930        10  0.171193  4.18e-04  0.718109  cudaFree
                     0.04  1.016972         2  0.508486  9.03e-03  1.007939  cudaThreadSynchronize
                     0.04  0.883342         1  0.883342  0.883342  0.883342  cudaGetDeviceProperties
                     0.01  0.280841         4  0.070210  0.067849  0.072696  cuDeviceGetName
                     0.00  0.013450         2  6.73e-03  3.00e-03  0.010451  cudaMemAdvise
                     0.00  8.64e-03         4  2.16e-03  1.12e-03  4.81e-03  cuDeviceGetPCIBusId
                     0.00  7.79e-03         1  7.79e-03  7.79e-03  7.79e-03  cudaSetDevice
                     0.00  2.68e-03         8  3.34e-04  1.30e-04  7.43e-04  cuDeviceGet
                     0.00  1.91e-03         1  1.91e-03  1.91e-03  1.91e-03  cudaGetDevice
                     0.00  1.42e-03         3  4.74e-04  1.49e-04  7.01e-04  cuDeviceGetCount
                     0.00  9.11e-04         4  2.27e-04  1.95e-04  2.64e-04  cuDeviceGetUuid

==22062== Unified Memory profiling result:
Device "Tesla V100-PCIE-32GB (0)"
   Count  Avg Size  Min Size  Max Size  Total Size  Total Time  Name
     327  36.489KB  4.0000KB  804.00KB  11.65234MB    1.846176ms  Host To Device
      43         -         -         -           -    6.692256ms  Gpu page fault groups
      22  165.27KB  64.000KB  564.00KB  3.550781MB           -  Remote mapping from device
Total CPU Page faults: 90
Total remote mappings to CPU: 22
