==35558== NVPROF is profiling process 35558, command: ./cfd_1331 ../../../data/cfd/fvcorr.domn.097K
==35558== Profiling application: ./cfd_1331 ../../../data/cfd/fvcorr.domn.097K
==35558== Profiling result:
            Type  Time(%)      Time     Calls       Avg       Min       Max  Name
                        %        ms                  ms        ms        ms
 GPU activities:    85.39  840.7677      6000  0.140127  0.134623  1.982678  cuda_compute_flux(int, int*, float*, float*, float*)
                     7.65  75.32300      2000  0.037661  0.036928  0.053311  cuda_compute_step_factor(int, float*, float*, float*)
                     5.60  55.18505      6000  9.20e-03  7.74e-03  0.011520  cuda_time_step(int, int, float*, float*, float*, float*)
                     1.22  12.05360      2000  6.03e-03  5.73e-03  0.012608  [CUDA memcpy DtoD]
                     0.13  1.280857         3  0.426952  0.350814  0.505341  cuda_initialize_variables(int, float*)
                     0.00  7.39e-03         5  1.48e-03  1.41e-03  1.76e-03  [CUDA memcpy HtoD]
                     0.00  1.70e-03         1  1.70e-03  1.70e-03  1.70e-03  [CUDA memset]
      API calls:    69.40  934.8482      2000  0.467424  0.034664  2.332762  cudaMemcpy
                    22.06  297.2010         5  59.44020  5.95e-03  297.1685  cudaMemcpyToSymbol
                     5.78  77.87076     14003  5.56e-03  4.27e-03  1.001175  cudaLaunchKernel
                     1.53  20.62269         7  2.946099  0.010733  20.48169  cudaMallocManaged
                     0.34  4.540837         4  1.135209  1.121838  1.161710  cuDeviceTotalMem
                     0.32  4.357336     28003  1.55e-04  8.50e-05  0.459319  cudaGetLastError
                     0.25  3.327661       388  8.58e-03  1.10e-04  0.353040  cuDeviceGetAttribute
                     0.10  1.394918         1  1.394918  1.394918  1.394918  cudaMemset
                     0.10  1.390714        10  0.139071  4.73e-04  0.421375  cudaFree
                     0.06  0.832052         1  0.832052  0.832052  0.832052  cudaGetDeviceProperties
                     0.02  0.294142         2  0.147071  4.92e-03  0.289218  cudaThreadSynchronize
                     0.02  0.279962         4  0.069990  0.067632  0.072925  cuDeviceGetName
                     0.00  0.034191         3  0.011397  2.18e-03  0.028273  cudaMemAdvise
                     0.00  8.50e-03         4  2.12e-03  1.19e-03  4.56e-03  cuDeviceGetPCIBusId
                     0.00  7.13e-03         1  7.13e-03  7.13e-03  7.13e-03  cudaSetDevice
                     0.00  2.41e-03         8  3.01e-04  1.22e-04  6.59e-04  cuDeviceGet
                     0.00  1.90e-03         1  1.90e-03  1.90e-03  1.90e-03  cudaGetDevice
                     0.00  1.25e-03         3  4.17e-04  1.65e-04  7.29e-04  cuDeviceGetCount
                     0.00  8.46e-04         4  2.11e-04  1.74e-04  2.49e-04  cuDeviceGetUuid

==35558== Unified Memory profiling result:
Device "Tesla V100-PCIE-32GB (0)"
   Count  Avg Size  Min Size  Max Size  Total Size  Total Time  Name
     115  39.617KB  4.0000KB  956.00KB  4.449219MB    0.685824ms  Host To Device
      23         -         -         -           -    3.357056ms  Gpu page fault groups
      19  100.00KB  4.0000KB  300.00KB  1.855469MB           -  Remote mapping from device
Total CPU Page faults: 1155
Total remote mappings to CPU: 19
