==32479== NVPROF is profiling process 32479, command: ./cfd_1250 ../../../data/cfd/fvcorr.domn.193K
==32479== Profiling application: ./cfd_1250 ../../../data/cfd/fvcorr.domn.193K
==32479== Profiling result:
            Type  Time(%)      Time     Calls       Avg       Min       Max  Name
                        %        ms                  ms        ms        ms
 GPU activities:    68.50  361.7104      6000  0.060285  0.057343  3.779340  cuda_compute_flux(int, int*, float*, float*, float*)
                    23.29  122.9780      6000  0.020496  0.018272  0.022688  cuda_time_step(int, int, float*, float*, float*, float*)
                     3.97  20.94734      2000  0.010473  9.82e-03  0.013728  [CUDA memcpy DtoD]
                     3.82  20.18034      2000  0.010090  8.93e-03  0.760476  cuda_compute_step_factor(int, float*, float*, float*)
                     0.42  2.216500         3  0.738833  0.612700  0.964859  cuda_initialize_variables(int, float*)
                     0.00  7.39e-03         5  1.48e-03  1.38e-03  1.76e-03  [CUDA memcpy HtoD]
                     0.00  2.08e-03         1  2.08e-03  2.08e-03  2.08e-03  [CUDA memset]
      API calls:    53.36  477.5905      2000  0.238795  0.037701  4.702572  cudaMemcpy
                    33.59  300.6493         5  60.12986  5.90e-03  300.6158  cudaMemcpyToSymbol
                     8.81  78.87926     14003  5.63e-03  4.37e-03  0.496888  cudaLaunchKernel
                     2.34  20.98076         7  2.997251  8.69e-03  20.53079  cudaMallocManaged
                     0.51  4.568422         4  1.142105  1.137869  1.149342  cuDeviceTotalMem
                     0.38  3.411594     28003  1.21e-04  8.60e-05  0.014279  cudaGetLastError
                     0.37  3.332553       388  8.59e-03  1.06e-04  0.343512  cuDeviceGetAttribute
                     0.27  2.401833         1  2.401833  2.401833  2.401833  cudaMemset
                     0.20  1.750836        10  0.175083  4.42e-04  0.628260  cudaFree
                     0.09  0.833134         1  0.833134  0.833134  0.833134  cudaGetDeviceProperties
                     0.03  0.280714         4  0.070178  0.067781  0.072646  cuDeviceGetName
                     0.03  0.234183         2  0.117091  7.59e-03  0.226593  cudaThreadSynchronize
                     0.00  0.041309         2  0.020654  5.76e-03  0.035553  cudaMemAdvise
                     0.00  8.95e-03         4  2.24e-03  1.20e-03  4.99e-03  cuDeviceGetPCIBusId
                     0.00  7.48e-03         1  7.48e-03  7.48e-03  7.48e-03  cudaSetDevice
                     0.00  2.51e-03         8  3.13e-04  1.63e-04  6.50e-04  cuDeviceGet
                     0.00  1.98e-03         1  1.98e-03  1.98e-03  1.98e-03  cudaGetDevice
                     0.00  1.39e-03         3  4.63e-04  1.26e-04  7.09e-04  cuDeviceGetCount
                     0.00  8.30e-04         4  2.07e-04  1.69e-04  2.64e-04  cuDeviceGetUuid

==32479== Unified Memory profiling result:
Device "Tesla V100-PCIE-32GB (0)"
   Count  Avg Size  Min Size  Max Size  Total Size  Total Time  Name
     345  37.252KB  4.0000KB  992.00KB  12.55078MB    1.932160ms  Host To Device
      37         -         -         -           -    6.948928ms  Gpu page fault groups
Total CPU Page faults: 83
