==7657== NVPROF is profiling process 7657, command: ./cfd_0324 ../../../data/cfd/fvcorr.domn.193K
==7657== Profiling application: ./cfd_0324 ../../../data/cfd/fvcorr.domn.193K
==7657== Profiling result:
            Type  Time(%)      Time     Calls       Avg       Min       Max  Name
                        %        ms                  ms        ms        ms
 GPU activities:    94.31  4.58e+03      6000  0.762522  0.754651  7.576786  cuda_compute_flux(int, int*, float*, float*, float*)
                     2.84  137.9439      2000  0.068971  0.068128  0.089375  cuda_compute_step_factor(int, float*, float*, float*)
                     2.37  114.8789      6000  0.019146  0.017472  0.023520  cuda_time_step(int, int, float*, float*, float*, float*)
                     0.43  21.06772      2000  0.010533  9.86e-03  0.013344  [CUDA memcpy DtoD]
                     0.05  2.218067         3  0.739355  0.641308  0.906939  cuda_initialize_variables(int, float*)
                     0.00  7.84e-03         5  1.57e-03  1.38e-03  2.14e-03  [CUDA memcpy HtoD]
                     0.00  2.05e-03         1  2.05e-03  2.05e-03  2.05e-03  [CUDA memset]
      API calls:    92.14  4.80e+03      2000  2.400159  0.057988  9.222785  cudaMemcpy
                     5.59  291.3757         5  58.27513  6.12e-03  291.3305  cudaMemcpyToSymbol
                     1.49  77.64317     14003  5.54e-03  4.28e-03  0.437301  cudaLaunchKernel
                     0.40  20.78996         7  2.969994  6.86e-03  20.50930  cudaMallocManaged
                     0.09  4.624194         4  1.156048  1.152970  1.159734  cuDeviceTotalMem
                     0.07  3.639418     28003  1.29e-04  8.50e-05  0.414654  cudaGetLastError
                     0.07  3.516497       388  9.06e-03  1.10e-04  0.402852  cuDeviceGetAttribute
                     0.05  2.465117         1  2.465117  2.465117  2.465117  cudaMemset
                     0.05  2.416914         2  1.208457  7.44e-03  2.409476  cudaThreadSynchronize
                     0.03  1.625299        10  0.162529  4.40e-04  0.737667  cudaFree
                     0.02  0.873646         1  0.873646  0.873646  0.873646  cudaGetDeviceProperties
                     0.01  0.300962         4  0.075240  0.069987  0.089970  cuDeviceGetName
                     0.00  0.029291         3  9.76e-03  2.21e-03  0.023266  cudaMemAdvise
                     0.00  9.75e-03         4  2.44e-03  1.24e-03  4.97e-03  cuDeviceGetPCIBusId
                     0.00  8.26e-03         1  8.26e-03  8.26e-03  8.26e-03  cudaSetDevice
                     0.00  2.41e-03         8  3.00e-04  1.33e-04  5.63e-04  cuDeviceGet
                     0.00  2.10e-03         1  2.10e-03  2.10e-03  2.10e-03  cudaGetDevice
                     0.00  1.33e-03         3  4.43e-04  2.06e-04  7.40e-04  cuDeviceGetCount
                     0.00  7.94e-04         4  1.98e-04  1.73e-04  2.48e-04  cuDeviceGetUuid

==7657== Unified Memory profiling result:
Device "Tesla V100-PCIE-32GB (0)"
   Count  Avg Size  Min Size  Max Size  Total Size  Total Time  Name
      88  34.363KB  4.0000KB  996.00KB  2.953125MB    0.492672ms  Host To Device
      64         -         -         -           -   11.033568ms  Gpu page fault groups
    1635  6.0107KB  4.0000KB  256.00KB  9.597656MB           -  Remote mapping from device
Total CPU Page faults: 30
Total remote mappings to CPU: 1635
