==65374== NVPROF is profiling process 65374, command: ./cfd_0151 ../../../data/cfd/fvcorr.domn.193K
==65374== Profiling application: ./cfd_0151 ../../../data/cfd/fvcorr.domn.193K
==65374== Profiling result:
            Type  Time(%)      Time     Calls       Avg       Min       Max  Name
                        %        ms                  ms        ms        ms
 GPU activities:    68.69  363.0763      6000  0.060512  0.057600  3.934442  cuda_compute_flux(int, int*, float*, float*, float*)
                    23.16  122.4208      6000  0.020403  0.018464  0.023040  cuda_time_step(int, int, float*, float*, float*, float*)
                     3.99  21.08035      2000  0.010540  9.79e-03  0.013696  [CUDA memcpy DtoD]
                     3.74  19.75242      2000  9.88e-03  8.86e-03  0.557885  cuda_compute_step_factor(int, float*, float*, float*)
                     0.42  2.244435         3  0.748145  0.625180  0.937467  cuda_initialize_variables(int, float*)
                     0.00  7.42e-03         5  1.48e-03  1.41e-03  1.79e-03  [CUDA memcpy HtoD]
                     0.00  2.05e-03         1  2.05e-03  2.05e-03  2.05e-03  [CUDA memset]
      API calls:    53.32  477.9270      2000  0.238963  0.089440  4.590033  cudaMemcpy
                    33.39  299.2246         5  59.84492  6.27e-03  299.1904  cudaMemcpyToSymbol
                     8.67  77.71233     14003  5.55e-03  4.29e-03  0.158360  cudaLaunchKernel
                     2.33  20.91508         7  2.987868  7.02e-03  20.50444  cudaMallocManaged
                     0.61  5.511960         4  1.377990  1.138831  2.053862  cuDeviceTotalMem
                     0.59  5.331356     28003  1.90e-04  1.07e-04  0.484998  cudaGetLastError
                     0.38  3.389689       388  8.74e-03  1.09e-04  0.361403  cuDeviceGetAttribute
                     0.28  2.475877         1  2.475877  2.475877  2.475877  cudaMemset
                     0.17  1.494095        10  0.149409  4.44e-04  0.614122  cudaFree
                     0.13  1.156853         4  0.289213  0.068487  0.908978  cuDeviceGetName
                     0.09  0.835748         1  0.835748  0.835748  0.835748  cudaGetDeviceProperties
                     0.03  0.239430         2  0.119715  0.013900  0.225530  cudaThreadSynchronize
                     0.01  0.046833         3  0.015611  4.23e-03  0.030580  cudaMemAdvise
                     0.00  8.85e-03         4  2.21e-03  1.14e-03  4.73e-03  cuDeviceGetPCIBusId
                     0.00  7.54e-03         1  7.54e-03  7.54e-03  7.54e-03  cudaSetDevice
                     0.00  2.70e-03         8  3.37e-04  1.36e-04  7.88e-04  cuDeviceGet
                     0.00  1.77e-03         1  1.77e-03  1.77e-03  1.77e-03  cudaGetDevice
                     0.00  1.27e-03         3  4.24e-04  1.21e-04  7.49e-04  cuDeviceGetCount
                     0.00  8.90e-04         4  2.22e-04  1.91e-04  2.60e-04  cuDeviceGetUuid

==65374== Unified Memory profiling result:
Device "Tesla V100-PCIE-32GB (0)"
   Count  Avg Size  Min Size  Max Size  Total Size  Total Time  Name
     419  30.673KB  4.0000KB  0.9844MB  12.55078MB    2.171008ms  Host To Device
      38         -         -         -           -    7.192608ms  Gpu page fault groups
Total CPU Page faults: 2477
