==21852== NVPROF is profiling process 21852, command: ./cfd_1031 ../../../data/cfd/fvcorr.domn.097K
==21852== Profiling application: ./cfd_1031 ../../../data/cfd/fvcorr.domn.097K
==21852== Profiling result:
            Type  Time(%)      Time     Calls       Avg       Min       Max  Name
                        %        ms                  ms        ms        ms
 GPU activities:    90.96  842.0770      6000  0.140346  0.134527  1.772855  cuda_compute_flux(int, int*, float*, float*, float*)
                     5.98  55.37763      6000  9.23e-03  7.78e-03  0.011456  cuda_time_step(int, int, float*, float*, float*, float*)
                     1.62  14.99257      2000  7.50e-03  6.75e-03  0.492733  cuda_compute_step_factor(int, float*, float*, float*)
                     1.30  12.03648      2000  6.02e-03  5.73e-03  0.011840  [CUDA memcpy DtoD]
                     0.13  1.239578         3  0.413192  0.346527  0.509821  cuda_initialize_variables(int, float*)
                     0.00  7.36e-03         5  1.47e-03  1.38e-03  1.79e-03  [CUDA memcpy HtoD]
                     0.00  1.66e-03         1  1.66e-03  1.66e-03  1.66e-03  [CUDA memset]
      API calls:    68.09  878.9452      2000  0.439472  0.021588  2.569246  cudaMemcpy
                    23.08  297.9848         5  59.59696  5.76e-03  297.9514  cudaMemcpyToSymbol
                     5.93  76.48769     14003  5.46e-03  4.28e-03  0.485315  cudaLaunchKernel
                     1.60  20.63146         7  2.947350  0.011327  20.49981  cudaMallocManaged
                     0.35  4.557956         4  1.139489  1.122743  1.172017  cuDeviceTotalMem
                     0.33  4.252271       388  0.010959  1.11e-04  0.931435  cuDeviceGetAttribute
                     0.32  4.117440     28003  1.47e-04  8.60e-05  0.471405  cudaGetLastError
                     0.11  1.361473         1  1.361473  1.361473  1.361473  cudaMemset
                     0.10  1.269775        10  0.126977  5.20e-04  0.487059  cudaFree
                     0.06  0.827140         1  0.827140  0.827140  0.827140  cudaGetDeviceProperties
                     0.02  0.278971         4  0.069742  0.067643  0.072851  cuDeviceGetName
                     0.01  0.156741         2  0.078370  4.93e-03  0.151810  cudaThreadSynchronize
                     0.00  0.017060         2  8.53e-03  2.25e-03  0.014809  cudaMemAdvise
                     0.00  8.74e-03         4  2.18e-03  1.19e-03  4.81e-03  cuDeviceGetPCIBusId
                     0.00  7.02e-03         1  7.02e-03  7.02e-03  7.02e-03  cudaSetDevice
                     0.00  2.72e-03         8  3.40e-04  1.91e-04  6.33e-04  cuDeviceGet
                     0.00  1.94e-03         1  1.94e-03  1.94e-03  1.94e-03  cudaGetDevice
                     0.00  1.33e-03         3  4.42e-04  1.31e-04  7.24e-04  cuDeviceGetCount
                     0.00  8.01e-04         4  2.00e-04  1.69e-04  2.63e-04  cuDeviceGetUuid

==21852== Unified Memory profiling result:
Device "Tesla V100-PCIE-32GB (0)"
   Count  Avg Size  Min Size  Max Size  Total Size  Total Time  Name
     121  40.760KB  4.0000KB  872.00KB  4.816406MB    0.747936ms  Host To Device
      24         -         -         -           -    3.563744ms  Gpu page fault groups
      13  117.23KB  8.0000KB  300.00KB  1.488281MB           -  Remote mapping from device
Total CPU Page faults: 1153
Total remote mappings to CPU: 13
