==24527== NVPROF is profiling process 24527, command: ./cfd_1104 ../../../data/cfd/fvcorr.domn.097K
==24527== Profiling application: ./cfd_1104 ../../../data/cfd/fvcorr.domn.097K
==24527== Profiling result:
            Type  Time(%)      Time     Calls       Avg       Min       Max  Name
                        %        ms                  ms        ms        ms
 GPU activities:    96.98  2.34e+03      6000  0.390663  0.382621  4.060585  cuda_compute_flux(int, int*, float*, float*, float*)
                     2.10  50.79449      6000  8.47e-03  7.17e-03  0.010528  cuda_time_step(int, int, float*, float*, float*, float*)
                     0.49  11.78558      2000  5.89e-03  5.63e-03  0.011264  [CUDA memcpy DtoD]
                     0.39  9.316298      2000  4.66e-03  4.26e-03  0.342046  cuda_compute_step_factor(int, float*, float*, float*)
                     0.05  1.180153         3  0.393384  0.270815  0.599740  cuda_initialize_variables(int, float*)
                     0.00  7.39e-03         5  1.48e-03  1.38e-03  1.79e-03  [CUDA memcpy HtoD]
                     0.00  1.70e-03         1  1.70e-03  1.70e-03  1.70e-03  [CUDA memset]
      API calls:    85.07  2.37e+03      2000  1.184263  0.043905  5.196191  cudaMemcpy
                    10.68  297.4289         5  59.48578  6.19e-03  297.3955  cudaMemcpyToSymbol
                     2.91  81.15863     14003  5.80e-03  4.46e-03  0.468660  cudaLaunchKernel
                     0.74  20.70361         7  2.957657  0.012875  20.47937  cudaMallocManaged
                     0.17  4.663181         4  1.165795  1.140247  1.208381  cuDeviceTotalMem
                     0.12  3.447141     28003  1.23e-04  8.60e-05  0.018281  cudaGetLastError
                     0.12  3.394830       388  8.75e-03  1.08e-04  0.360842  cuDeviceGetAttribute
                     0.05  1.327750        10  0.132775  4.31e-04  0.431701  cudaFree
                     0.05  1.283533         1  1.283533  1.283533  1.283533  cudaMemset
                     0.04  1.173181         2  0.586590  4.86e-03  1.168319  cudaThreadSynchronize
                     0.03  0.849111         1  0.849111  0.849111  0.849111  cudaGetDeviceProperties
                     0.01  0.279081         4  0.069770  0.067729  0.073223  cuDeviceGetName
                     0.00  0.049577         2  0.024788  0.019387  0.030190  cudaMemAdvise
                     0.00  8.90e-03         4  2.22e-03  1.14e-03  5.07e-03  cuDeviceGetPCIBusId
                     0.00  7.32e-03         1  7.32e-03  7.32e-03  7.32e-03  cudaSetDevice
                     0.00  2.24e-03         8  2.79e-04  1.50e-04  6.20e-04  cuDeviceGet
                     0.00  1.78e-03         1  1.78e-03  1.78e-03  1.78e-03  cudaGetDevice
                     0.00  1.41e-03         3  4.69e-04  1.58e-04  7.56e-04  cuDeviceGetCount
                     0.00  7.58e-04         4  1.89e-04  1.59e-04  2.51e-04  cuDeviceGetUuid

==24527== Unified Memory profiling result:
Device "Tesla V100-PCIE-32GB (0)"
   Count  Avg Size  Min Size  Max Size  Total Size  Total Time  Name
      58  35.310KB  4.0000KB  628.00KB  2.000000MB    0.310912ms  Host To Device
      46         -         -         -           -    6.362272ms  Gpu page fault groups
     725  6.2832KB  4.0000KB  56.000KB  4.449219MB           -  Remote mapping from device
Total CPU Page faults: 110
Total remote mappings to CPU: 725
