==57654== NVPROF is profiling process 57654, command: ./cfd_0010 ../../../data/cfd/missile.domn.0.2M
==57654== Profiling application: ./cfd_0010 ../../../data/cfd/missile.domn.0.2M
==57654== Profiling result:
            Type  Time(%)      Time     Calls       Avg       Min       Max  Name
                        %        ms                  ms        ms        ms
 GPU activities:    70.57  479.8511      6000  0.079975  0.068575  4.262375  cuda_compute_flux(int, int*, float*, float*, float*)
                    20.55  139.7316      6000  0.023288  0.021056  0.026815  cuda_time_step(int, int, float*, float*, float*, float*)
                     4.54  30.87386      2000  0.015436  0.014528  0.021728  [CUDA memcpy DtoD]
                     3.99  27.15521      2000  0.013577  0.011776  0.291038  cuda_compute_step_factor(int, float*, float*, float*)
                     0.34  2.300594         3  0.766864  0.637372  0.952538  cuda_initialize_variables(int, float*)
                     0.00  7.58e-03         5  1.52e-03  1.38e-03  2.02e-03  [CUDA memcpy HtoD]
                     0.00  2.40e-03         1  2.40e-03  2.40e-03  2.40e-03  [CUDA memset]
      API calls:    60.25  628.8126      2000  0.314406  0.033609  4.721496  cudaMemcpy
                    28.41  296.5490         5  59.30979  6.07e-03  296.5159  cudaMemcpyToSymbol
                     7.51  78.35083     14003  5.60e-03  4.37e-03  0.423822  cudaLaunchKernel
                     2.01  20.94669         7  2.992385  0.026598  20.56558  cudaMallocManaged
                     0.45  4.664644         4  1.166161  1.156286  1.175715  cuDeviceTotalMem
                     0.41  4.321625       388  0.011138  1.10e-04  1.211837  cuDeviceGetAttribute
                     0.40  4.125480     28003  1.47e-04  8.60e-05  0.437260  cudaGetLastError
                     0.25  2.557820         1  2.557820  2.557820  2.557820  cudaMemset
                     0.18  1.857617        10  0.185761  4.18e-04  0.848509  cudaFree
                     0.08  0.839172         1  0.839172  0.839172  0.839172  cudaGetDeviceProperties
                     0.03  0.310897         2  0.155448  0.010133  0.300764  cudaThreadSynchronize
                     0.03  0.301634         4  0.075408  0.070852  0.080213  cuDeviceGetName
                     0.00  0.017090         1  0.017090  0.017090  0.017090  cudaMemAdvise
                     0.00  9.60e-03         4  2.40e-03  1.18e-03  4.85e-03  cuDeviceGetPCIBusId
                     0.00  8.11e-03         1  8.11e-03  8.11e-03  8.11e-03  cudaSetDevice
                     0.00  2.31e-03         8  2.88e-04  1.43e-04  5.32e-04  cuDeviceGet
                     0.00  2.08e-03         1  2.08e-03  2.08e-03  2.08e-03  cudaGetDevice
                     0.00  1.30e-03         3  4.34e-04  2.08e-04  6.86e-04  cuDeviceGetCount
                     0.00  8.67e-04         4  2.16e-04  2.01e-04  2.56e-04  cuDeviceGetUuid

==57654== Unified Memory profiling result:
Device "Tesla V100-PCIE-32GB (0)"
   Count  Avg Size  Min Size  Max Size  Total Size  Total Time  Name
     439  35.462KB  4.0000KB  848.00KB  15.20313MB    2.433088ms  Host To Device
      40         -         -         -           -    7.848000ms  Gpu page fault groups
Total CPU Page faults: 979
