==60717== NVPROF is profiling process 60717, command: ./cfd_0050 ../../../data/cfd/missile.domn.0.2M
==60717== Profiling application: ./cfd_0050 ../../../data/cfd/missile.domn.0.2M
==60717== Profiling result:
            Type  Time(%)      Time     Calls       Avg       Min       Max  Name
                        %        ms                  ms        ms        ms
 GPU activities:    70.61  480.6643      6000  0.080110  0.068127  4.609604  cuda_compute_flux(int, int*, float*, float*, float*)
                    20.52  139.6997      6000  0.023283  0.021024  0.026592  cuda_time_step(int, int, float*, float*, float*, float*)
                     4.54  30.88706      2000  0.015443  0.014463  0.033472  [CUDA memcpy DtoD]
                     3.99  27.12912      2000  0.013564  0.011712  0.259263  cuda_compute_step_factor(int, float*, float*, float*)
                     0.35  2.381170         3  0.793723  0.695196  0.975066  cuda_initialize_variables(int, float*)
                     0.00  7.30e-03         5  1.46e-03  1.38e-03  1.76e-03  [CUDA memcpy HtoD]
                     0.00  2.08e-03         1  2.08e-03  2.08e-03  2.08e-03  [CUDA memset]
      API calls:    59.64  626.4534      2000  0.313226  0.102930  5.076253  cudaMemcpy
                    28.87  303.2122         5  60.64244  6.10e-03  303.1791  cudaMemcpyToSymbol
                     7.73  81.23200     14003  5.80e-03  4.44e-03  0.144787  cudaLaunchKernel
                     2.00  21.02080         7  3.002972  0.018202  20.55351  cudaMallocManaged
                     0.44  4.593638         4  1.148409  1.140779  1.156819  cuDeviceTotalMem
                     0.42  4.441983     28003  1.58e-04  8.50e-05  0.437372  cudaGetLastError
                     0.33  3.478029       388  8.96e-03  1.06e-04  0.469779  cuDeviceGetAttribute
                     0.26  2.680911         1  2.680911  2.680911  2.680911  cudaMemset
                     0.16  1.715967        10  0.171596  4.46e-04  0.819123  cudaFree
                     0.08  0.844571         1  0.844571  0.844571  0.844571  cudaGetDeviceProperties
                     0.03  0.305576         2  0.152788  8.43e-03  0.297150  cudaThreadSynchronize
                     0.03  0.281521         4  0.070380  0.067444  0.074307  cuDeviceGetName
                     0.00  0.021660         1  0.021660  0.021660  0.021660  cudaMemAdvise
                     0.00  8.75e-03         4  2.19e-03  1.16e-03  4.85e-03  cuDeviceGetPCIBusId
                     0.00  7.59e-03         1  7.59e-03  7.59e-03  7.59e-03  cudaSetDevice
                     0.00  2.16e-03         8  2.69e-04  1.56e-04  5.88e-04  cuDeviceGet
                     0.00  1.91e-03         1  1.91e-03  1.91e-03  1.91e-03  cudaGetDevice
                     0.00  1.37e-03         3  4.57e-04  1.20e-04  7.20e-04  cuDeviceGetCount
                     0.00  8.08e-04         4  2.02e-04  1.67e-04  2.59e-04  cuDeviceGetUuid

==60717== Unified Memory profiling result:
Device "Tesla V100-PCIE-32GB (0)"
   Count  Avg Size  Min Size  Max Size  Total Size  Total Time  Name
     471  33.053KB  4.0000KB  976.00KB  15.20313MB    2.548064ms  Host To Device
      43         -         -         -           -    7.879456ms  Gpu page fault groups
Total CPU Page faults: 90
