==8508== NVPROF is profiling process 8508, command: ./cfd_0334 ../../../data/cfd/missile.domn.0.2M
==8508== Profiling application: ./cfd_0334 ../../../data/cfd/missile.domn.0.2M
==8508== Profiling result:
            Type  Time(%)      Time     Calls       Avg       Min       Max  Name
                        %        ms                  ms        ms        ms
 GPU activities:    95.38  7.33e+03      6000  1.221787  1.205241  8.607884  cuda_compute_flux(int, int*, float*, float*, float*)
                     2.22  170.4661      2000  0.085233  0.081599  0.113119  cuda_compute_step_factor(int, float*, float*, float*)
                     1.96  150.9410      6000  0.025156  0.023328  0.033536  cuda_time_step(int, int, float*, float*, float*, float*)
                     0.40  30.96715      2000  0.015483  0.014720  0.022464  [CUDA memcpy DtoD]
                     0.03  2.302930         3  0.767643  0.645436  0.886811  cuda_initialize_variables(int, float*)
                     0.00  7.39e-03         5  1.48e-03  1.38e-03  1.79e-03  [CUDA memcpy HtoD]
                     0.00  2.08e-03         1  2.08e-03  2.08e-03  2.08e-03  [CUDA memset]
      API calls:    94.79  7.63e+03      2000  3.815390  0.065096  11.18276  cudaMemcpy
                     3.69  297.3300         5  59.46600  5.98e-03  297.2969  cudaMemcpyToSymbol
                     0.99  79.48876     14003  5.68e-03  4.21e-03  0.444886  cudaLaunchKernel
                     0.26  20.92923         7  2.989890  0.018343  20.49684  cudaMallocManaged
                     0.06  4.637848         4  1.159462  1.137011  1.204132  cuDeviceTotalMem
                     0.05  3.822934         2  1.911467  8.81e-03  3.814123  cudaThreadSynchronize
                     0.04  3.565505     28003  1.27e-04  8.50e-05  0.011766  cudaGetLastError
                     0.04  3.485833       388  8.98e-03  1.07e-04  0.397299  cuDeviceGetAttribute
                     0.03  2.556701         1  2.556701  2.556701  2.556701  cudaMemset
                     0.02  1.956069        10  0.195606  4.79e-04  0.874799  cudaFree
                     0.01  0.903635         1  0.903635  0.903635  0.903635  cudaGetDeviceProperties
                     0.00  0.303557         4  0.075889  0.067794  0.093535  cuDeviceGetName
                     0.00  0.054714         3  0.018238  5.76e-03  0.037987  cudaMemAdvise
                     0.00  8.41e-03         4  2.10e-03  1.13e-03  4.69e-03  cuDeviceGetPCIBusId
                     0.00  7.26e-03         1  7.26e-03  7.26e-03  7.26e-03  cudaSetDevice
                     0.00  2.23e-03         8  2.79e-04  1.49e-04  6.17e-04  cuDeviceGet
                     0.00  1.95e-03         1  1.95e-03  1.95e-03  1.95e-03  cudaGetDevice
                     0.00  1.27e-03         3  4.23e-04  1.31e-04  7.15e-04  cuDeviceGetCount
                     0.00  8.27e-04         4  2.06e-04  1.71e-04  2.61e-04  cuDeviceGetUuid

==8508== Unified Memory profiling result:
Device "Tesla V100-PCIE-32GB (0)"
   Count  Avg Size  Min Size  Max Size  Total Size  Total Time  Name
      72         -         -         -           -   12.526208ms  Gpu page fault groups
    1997  7.7393KB  4.0000KB  564.00KB  15.09375MB           -  Remote mapping from device
Total CPU Page faults: 31
Total remote mappings to CPU: 1997
