==25833== NVPROF is profiling process 25833, command: ./cfd_1122 ../../../data/cfd/fvcorr.domn.193K
==25833== Profiling application: ./cfd_1122 ../../../data/cfd/fvcorr.domn.193K
==25833== Profiling result:
            Type  Time(%)      Time     Calls       Avg       Min       Max  Name
                        %        ms                  ms        ms        ms
 GPU activities:    68.66  361.4403      6000  0.060240  0.057184  3.941834  cuda_compute_flux(int, int*, float*, float*, float*)
                    23.20  122.1477      6000  0.020357  0.018112  0.023072  cuda_time_step(int, int, float*, float*, float*, float*)
                     4.01  21.08692      2000  0.010543  9.89e-03  0.013471  [CUDA memcpy DtoD]
                     3.76  19.77718      2000  9.89e-03  8.90e-03  0.621725  cuda_compute_step_factor(int, float*, float*, float*)
                     0.38  1.980308         3  0.660102  0.536125  0.839995  cuda_initialize_variables(int, float*)
                     0.00  7.97e-03         5  1.59e-03  1.41e-03  2.14e-03  [CUDA memcpy HtoD]
                     0.00  4.42e-03         1  4.42e-03  4.42e-03  4.42e-03  [CUDA memset]
      API calls:    53.38  477.7933      2000  0.238896  0.036509  4.718619  cudaMemcpy
                    33.81  302.6219         5  60.52439  5.67e-03  302.5894  cudaMemcpyToSymbol
                     8.55  76.52706     14003  5.46e-03  4.21e-03  0.432599  cudaLaunchKernel
                     2.33  20.83347         7  2.976210  7.06e-03  20.47161  cudaMallocManaged
                     0.51  4.578039         4  1.144509  1.138910  1.150393  cuDeviceTotalMem
                     0.48  4.259605     28003  1.52e-04  8.60e-05  0.485482  cudaGetLastError
                     0.37  3.312127       388  8.54e-03  1.09e-04  0.343264  cuDeviceGetAttribute
                     0.25  2.224032         1  2.224032  2.224032  2.224032  cudaMemset
                     0.18  1.573337        10  0.157333  4.51e-04  0.693442  cudaFree
                     0.09  0.833464         1  0.833464  0.833464  0.833464  cudaGetDeviceProperties
                     0.03  0.278675         4  0.069668  0.067447  0.073366  cuDeviceGetName
                     0.03  0.234630         2  0.117315  7.19e-03  0.227444  cudaThreadSynchronize
                     0.00  0.026551         3  8.85e-03  1.88e-03  0.013918  cudaMemAdvise
                     0.00  8.74e-03         4  2.18e-03  1.17e-03  4.78e-03  cuDeviceGetPCIBusId
                     0.00  7.05e-03         1  7.05e-03  7.05e-03  7.05e-03  cudaSetDevice
                     0.00  2.51e-03         8  3.13e-04  1.70e-04  7.27e-04  cuDeviceGet
                     0.00  1.81e-03         1  1.81e-03  1.81e-03  1.81e-03  cudaGetDevice
                     0.00  1.20e-03         3  3.99e-04  1.25e-04  7.06e-04  cuDeviceGetCount
                     0.00  8.93e-04         4  2.23e-04  1.90e-04  2.50e-04  cuDeviceGetUuid

==25833== Unified Memory profiling result:
Device "Tesla V100-PCIE-32GB (0)"
   Count  Avg Size  Min Size  Max Size  Total Size  Total Time  Name
     378  34.000KB  4.0000KB  996.00KB  12.55078MB    2.102592ms  Host To Device
      38         -         -         -           -    6.740992ms  Gpu page fault groups
Total CPU Page faults: 267
