==58207== NVPROF is profiling process 58207, command: ./cfd_0015 ../../../data/cfd/fvcorr.domn.097K
==58207== Profiling application: ./cfd_0015 ../../../data/cfd/fvcorr.domn.097K
==58207== Profiling result:
            Type  Time(%)      Time     Calls       Avg       Min       Max  Name
                        %        ms                  ms        ms        ms
 GPU activities:    73.64  215.9631      6000  0.035993  0.033216  1.975638  cuda_compute_flux(int, int*, float*, float*, float*)
                    18.73  54.91966      6000  9.15e-03  7.81e-03  0.011552  cuda_time_step(int, int, float*, float*, float*, float*)
                     4.06  11.89214      2000  5.95e-03  5.79e-03  0.011968  [CUDA memcpy DtoD]
                     3.21  9.424308      2000  4.71e-03  4.26e-03  0.436605  cuda_compute_step_factor(int, float*, float*, float*)
                     0.36  1.046362         3  0.348787  0.235423  0.512541  cuda_initialize_variables(int, float*)
                     0.00  7.39e-03         5  1.48e-03  1.38e-03  1.79e-03  [CUDA memcpy HtoD]
                     0.00  1.63e-03         1  1.63e-03  1.63e-03  1.63e-03  [CUDA memset]
      API calls:    45.24  299.7399         5  59.94799  6.09e-03  299.7046  cudaMemcpyToSymbol
                    37.50  248.4294      2000  0.124214  0.027732  2.491765  cudaMemcpy
                    11.69  77.43798     14003  5.53e-03  4.34e-03  1.065294  cudaLaunchKernel
                     3.11  20.60719         7  2.943884  0.012714  20.45665  cudaMallocManaged
                     0.86  5.687222         4  1.421805  1.139799  2.177630  cuDeviceTotalMem
                     0.56  3.706651     28003  1.32e-04  8.50e-05  0.539279  cudaGetLastError
                     0.51  3.387149       388  8.73e-03  1.09e-04  0.352529  cuDeviceGetAttribute
                     0.17  1.141471         1  1.141471  1.141471  1.141471  cudaMemset
                     0.17  1.125214        10  0.112521  4.15e-04  0.397585  cudaFree
                     0.13  0.839522         1  0.839522  0.839522  0.839522  cudaGetDeviceProperties
                     0.04  0.290998         4  0.072749  0.068090  0.078433  cuDeviceGetName
                     0.02  0.121582         2  0.060791  4.92e-03  0.116662  cudaThreadSynchronize
                     0.00  0.024111         2  0.012055  5.71e-03  0.018406  cudaMemAdvise
                     0.00  8.52e-03         4  2.13e-03  1.17e-03  4.62e-03  cuDeviceGetPCIBusId
                     0.00  7.22e-03         1  7.22e-03  7.22e-03  7.22e-03  cudaSetDevice
                     0.00  2.20e-03         8  2.75e-04  1.35e-04  5.72e-04  cuDeviceGet
                     0.00  1.79e-03         1  1.79e-03  1.79e-03  1.79e-03  cudaGetDevice
                     0.00  1.39e-03         3  4.64e-04  1.29e-04  6.96e-04  cuDeviceGetCount
                     0.00  9.54e-04         4  2.38e-04  2.04e-04  2.75e-04  cuDeviceGetUuid

==58207== Unified Memory profiling result:
Device "Tesla V100-PCIE-32GB (0)"
   Count  Avg Size  Min Size  Max Size  Total Size  Total Time  Name
     169  38.201KB  4.0000KB  824.00KB  6.304688MB    0.961952ms  Host To Device
      27         -         -         -           -    3.588960ms  Gpu page fault groups
Total CPU Page faults: 417
