==31776== NVPROF is profiling process 31776, command: ./cfd_1241 ../../../data/cfd/fvcorr.domn.097K
==31776== Profiling application: ./cfd_1241 ../../../data/cfd/fvcorr.domn.097K
==31776== Profiling result:
            Type  Time(%)      Time     Calls       Avg       Min       Max  Name
                        %        ms                  ms        ms        ms
 GPU activities:    91.03  842.8349      6000  0.140472  0.134784  3.008816  cuda_compute_flux(int, int*, float*, float*, float*)
                     5.96  55.14888      6000  9.19e-03  7.74e-03  0.011136  cuda_time_step(int, int, float*, float*, float*, float*)
                     1.61  14.90814      2000  7.45e-03  6.78e-03  0.415902  cuda_compute_step_factor(int, float*, float*, float*)
                     1.28  11.89511      2000  5.95e-03  5.76e-03  0.010656  [CUDA memcpy DtoD]
                     0.12  1.067418         3  0.355806  0.299486  0.464318  cuda_initialize_variables(int, float*)
                     0.00  7.42e-03         5  1.48e-03  1.38e-03  1.79e-03  [CUDA memcpy HtoD]
                     0.00  1.66e-03         1  1.66e-03  1.66e-03  1.66e-03  [CUDA memset]
      API calls:    68.22  880.0849      2000  0.440042  0.070890  3.712131  cudaMemcpy
                    23.09  297.8517         5  59.57033  6.03e-03  297.8182  cudaMemcpyToSymbol
                     5.80  74.85792     14003  5.35e-03  4.19e-03  0.091508  cudaLaunchKernel
                     1.61  20.74769         7  2.963955  0.011019  20.61766  cudaMallocManaged
                     0.36  4.608320         4  1.152080  1.137622  1.181916  cuDeviceTotalMem
                     0.33  4.232372     28003  1.51e-04  8.60e-05  0.458108  cudaGetLastError
                     0.27  3.423854       388  8.82e-03  1.09e-04  0.367104  cuDeviceGetAttribute
                     0.11  1.391519        10  0.139151  4.25e-04  0.361339  cudaFree
                     0.09  1.175605         1  1.175605  1.175605  1.175605  cudaMemset
                     0.07  0.879483         1  0.879483  0.879483  0.879483  cudaGetDeviceProperties
                     0.03  0.434517         2  0.217258  4.79e-03  0.429730  cudaThreadSynchronize
                     0.02  0.279561         4  0.069890  0.067910  0.072973  cuDeviceGetName
                     0.00  0.026365         3  8.79e-03  4.53e-03  0.016971  cudaMemAdvise
                     0.00  8.86e-03         4  2.22e-03  1.21e-03  4.94e-03  cuDeviceGetPCIBusId
                     0.00  7.04e-03         1  7.04e-03  7.04e-03  7.04e-03  cudaSetDevice
                     0.00  2.35e-03         8  2.94e-04  1.59e-04  7.15e-04  cuDeviceGet
                     0.00  1.89e-03         1  1.89e-03  1.89e-03  1.89e-03  cudaGetDevice
                     0.00  1.32e-03         3  4.40e-04  1.41e-04  7.45e-04  cuDeviceGetCount
                     0.00  8.93e-04         4  2.23e-04  1.93e-04  2.49e-04  cuDeviceGetUuid

==31776== Unified Memory profiling result:
Device "Tesla V100-PCIE-32GB (0)"
   Count  Avg Size  Min Size  Max Size  Total Size  Total Time  Name
     109  45.247KB  4.0000KB  888.00KB  4.816406MB    0.693728ms  Host To Device
      37         -         -         -           -    4.797536ms  Gpu page fault groups
     215  7.0879KB  4.0000KB  60.000KB  1.488281MB           -  Remote mapping from device
Total CPU Page faults: 1144
Total remote mappings to CPU: 215
