==14980== NVPROF is profiling process 14980, command: ./cfd_0500 ../../../data/cfd/fvcorr.domn.193K
==14980== Profiling application: ./cfd_0500 ../../../data/cfd/fvcorr.domn.193K
==14980== Profiling result:
            Type  Time(%)      Time     Calls       Avg       Min       Max  Name
                        %        ms                  ms        ms        ms
 GPU activities:    68.82  360.9673      6000  0.060161  0.057440  3.704301  cuda_compute_flux(int, int*, float*, float*, float*)
                    22.92  120.2101      6000  0.020035  0.018079  0.022720  cuda_time_step(int, int, float*, float*, float*, float*)
                     3.99  20.90557      2000  0.010452  9.79e-03  0.013472  [CUDA memcpy DtoD]
                     3.85  20.21404      2000  0.010107  8.99e-03  0.722844  cuda_compute_step_factor(int, float*, float*, float*)
                     0.42  2.183253         3  0.727751  0.691261  0.769852  cuda_initialize_variables(int, float*)
                     0.00  7.39e-03         5  1.48e-03  1.41e-03  1.76e-03  [CUDA memcpy HtoD]
                     0.00  2.05e-03         1  2.05e-03  2.05e-03  2.05e-03  [CUDA memset]
      API calls:    53.54  472.5422      2000  0.236271  0.034495  4.585426  cudaMemcpy
                    33.43  295.0612         5  59.01224  6.20e-03  295.0279  cudaMemcpyToSymbol
                     8.69  76.69424     14003  5.48e-03  4.43e-03  0.484031  cudaLaunchKernel
                     2.36  20.82086         7  2.974408  7.32e-03  20.44702  cudaMallocManaged
                     0.52  4.591379         4  1.147844  1.141727  1.163025  cuDeviceTotalMem
                     0.48  4.194847       388  0.010811  1.10e-04  1.148582  cuDeviceGetAttribute
                     0.37  3.251133     28003  1.16e-04  8.60e-05  0.012997  cudaGetLastError
                     0.27  2.414296         1  2.414296  2.414296  2.414296  cudaMemset
                     0.19  1.688333        10  0.168833  4.54e-04  0.712505  cudaFree
                     0.10  0.842882         1  0.842882  0.842882  0.842882  cudaGetDeviceProperties
                     0.03  0.280679         4  0.070169  0.067720  0.074970  cuDeviceGetName
                     0.03  0.232906         2  0.116453  7.49e-03  0.225421  cudaThreadSynchronize
                     0.00  0.033296         1  0.033296  0.033296  0.033296  cudaMemAdvise
                     0.00  8.84e-03         4  2.21e-03  1.19e-03  4.91e-03  cuDeviceGetPCIBusId
                     0.00  7.53e-03         1  7.53e-03  7.53e-03  7.53e-03  cudaSetDevice
                     0.00  2.51e-03         8  3.13e-04  1.50e-04  7.59e-04  cuDeviceGet
                     0.00  1.86e-03         1  1.86e-03  1.86e-03  1.86e-03  cudaGetDevice
                     0.00  1.29e-03         3  4.29e-04  1.37e-04  7.58e-04  cuDeviceGetCount
                     0.00  8.70e-04         4  2.17e-04  1.84e-04  2.52e-04  cuDeviceGetUuid

==14980== Unified Memory profiling result:
Device "Tesla V100-PCIE-32GB (0)"
   Count  Avg Size  Min Size  Max Size  Total Size  Total Time  Name
     340  37.800KB  4.0000KB  992.00KB  12.55078MB    1.942176ms  Host To Device
      37         -         -         -           -    7.096704ms  Gpu page fault groups
Total CPU Page faults: 83
