==45609== NVPROF is profiling process 45609, command: ./cfd_1535 ../../../data/cfd/fvcorr.domn.193K
==45609== Profiling application: ./cfd_1535 ../../../data/cfd/fvcorr.domn.193K
==45609== Profiling result:
            Type  Time(%)      Time     Calls       Avg       Min       Max  Name
                        %        ms                  ms        ms        ms
 GPU activities:    90.71  1.60e+03      6000  0.266309  0.259007  3.148078  cuda_compute_flux(int, int*, float*, float*, float*)
                     6.85  120.5794      6000  0.020096  0.017952  0.022944  cuda_time_step(int, int, float*, float*, float*, float*)
                     1.19  20.98465      2000  0.010492  9.76e-03  0.013472  [CUDA memcpy DtoD]
                     1.13  19.98962      2000  9.99e-03  8.83e-03  0.780475  cuda_compute_step_factor(int, float*, float*, float*)
                     0.12  2.079444         3  0.693148  0.611996  0.821404  cuda_initialize_variables(int, float*)
                     0.00  7.46e-03         5  1.49e-03  1.41e-03  1.82e-03  [CUDA memcpy HtoD]
                     0.00  2.21e-03         1  2.21e-03  2.21e-03  2.21e-03  [CUDA memset]
      API calls:    80.45  1.71e+03      2000  0.855783  0.085638  4.493809  cudaMemcpy
                    13.97  297.2679         5  59.45359  5.90e-03  297.2346  cudaMemcpyToSymbol
                     3.74  79.58691     14003  5.68e-03  4.27e-03  0.534324  cudaLaunchKernel
                     0.98  20.87363         7  2.981947  7.27e-03  20.53187  cudaMallocManaged
                     0.22  4.603399         4  1.150849  1.133488  1.166026  cuDeviceTotalMem
                     0.21  4.379378       388  0.011287  1.09e-04  1.308502  cuDeviceGetAttribute
                     0.15  3.272641     28003  1.16e-04  8.50e-05  0.020635  cudaGetLastError
                     0.11  2.321921         1  2.321921  2.321921  2.321921  cudaMemset
                     0.07  1.541320        10  0.154132  4.12e-04  0.624507  cudaFree
                     0.04  0.846714         2  0.423357  7.72e-03  0.838991  cudaThreadSynchronize
                     0.04  0.836882         1  0.836882  0.836882  0.836882  cudaGetDeviceProperties
                     0.01  0.295932         4  0.073983  0.067679  0.082980  cuDeviceGetName
                     0.00  0.020613         3  6.87e-03  1.57e-03  0.016480  cudaMemAdvise
                     0.00  9.52e-03         4  2.38e-03  1.25e-03  5.32e-03  cuDeviceGetPCIBusId
                     0.00  7.36e-03         1  7.36e-03  7.36e-03  7.36e-03  cudaSetDevice
                     0.00  2.50e-03         8  3.13e-04  1.33e-04  7.54e-04  cuDeviceGet
                     0.00  1.92e-03         1  1.92e-03  1.92e-03  1.92e-03  cudaGetDevice
                     0.00  1.43e-03         3  4.76e-04  1.51e-04  7.51e-04  cuDeviceGetCount
                     0.00  7.95e-04         4  1.98e-04  1.76e-04  2.55e-04  cuDeviceGetUuid

==45609== Unified Memory profiling result:
Device "Tesla V100-PCIE-32GB (0)"
   Count  Avg Size  Min Size  Max Size  Total Size  Total Time  Name
     304  32.328KB  4.0000KB  996.00KB  9.597656MB    1.618880ms  Host To Device
      37         -         -         -           -    6.562496ms  Gpu page fault groups
      22  137.45KB  64.000KB  448.00KB  2.953125MB           -  Remote mapping from device
Total CPU Page faults: 83
Total remote mappings to CPU: 22
