==3111== NVPROF is profiling process 3111, command: ./cfd_0230 ../../../data/cfd/fvcorr.domn.193K
==3111== Profiling application: ./cfd_0230 ../../../data/cfd/fvcorr.domn.193K
==3111== Profiling result:
            Type  Time(%)      Time     Calls       Avg       Min       Max  Name
                        %        ms                  ms        ms        ms
 GPU activities:    90.65  1.59e+03      6000  0.265735  0.259006  3.111790  cuda_compute_flux(int, int*, float*, float*, float*)
                     6.91  121.4872      6000  0.020247  0.017856  0.022784  cuda_time_step(int, int, float*, float*, float*, float*)
                     1.19  21.00480      2000  0.010502  9.86e-03  0.013952  [CUDA memcpy DtoD]
                     1.13  19.85338      2000  9.93e-03  8.86e-03  0.713531  cuda_compute_step_factor(int, float*, float*, float*)
                     0.11  2.015124         3  0.671708  0.583772  0.832635  cuda_initialize_variables(int, float*)
                     0.00  7.39e-03         5  1.48e-03  1.41e-03  1.76e-03  [CUDA memcpy HtoD]
                     0.00  2.11e-03         1  2.11e-03  2.11e-03  2.11e-03  [CUDA memset]
      API calls:    80.49  1.71e+03      2000  0.853342  0.059558  4.384914  cudaMemcpy
                    13.97  296.1883         5  59.23767  6.25e-03  296.1548  cudaMemcpyToSymbol
                     3.74  79.22454     14003  5.66e-03  4.42e-03  0.501827  cudaLaunchKernel
                     0.99  20.92428         7  2.989183  6.53e-03  20.50505  cudaMallocManaged
                     0.22  4.603685         4  1.150921  1.137798  1.176462  cuDeviceTotalMem
                     0.16  3.453359     28003  1.23e-04  8.60e-05  0.018328  cudaGetLastError
                     0.16  3.366649       388  8.68e-03  1.07e-04  0.352478  cuDeviceGetAttribute
                     0.10  2.218457         1  2.218457  2.218457  2.218457  cudaMemset
                     0.08  1.698356        10  0.169835  4.10e-04  0.626967  cudaFree
                     0.04  0.852522         1  0.852522  0.852522  0.852522  cudaGetDeviceProperties
                     0.04  0.844171         2  0.422085  7.55e-03  0.836619  cudaThreadSynchronize
                     0.01  0.280354         4  0.070088  0.067489  0.073197  cuDeviceGetName
                     0.00  0.041301         2  0.020650  5.73e-03  0.035567  cudaMemAdvise
                     0.00  8.82e-03         4  2.20e-03  1.17e-03  4.97e-03  cuDeviceGetPCIBusId
                     0.00  7.44e-03         1  7.44e-03  7.44e-03  7.44e-03  cudaSetDevice
                     0.00  2.21e-03         8  2.76e-04  1.55e-04  7.00e-04  cuDeviceGet
                     0.00  1.94e-03         1  1.94e-03  1.94e-03  1.94e-03  cudaGetDevice
                     0.00  1.24e-03         3  4.12e-04  1.36e-04  7.00e-04  cuDeviceGetCount
                     0.00  8.56e-04         4  2.14e-04  1.92e-04  2.67e-04  cuDeviceGetUuid

==3111== Unified Memory profiling result:
Device "Tesla V100-PCIE-32GB (0)"
   Count  Avg Size  Min Size  Max Size  Total Size  Total Time  Name
     280  35.100KB  4.0000KB  712.00KB  9.597656MB    1.564832ms  Host To Device
      36         -         -         -           -    6.414848ms  Gpu page fault groups
      22  137.45KB  64.000KB  448.00KB  2.953125MB           -  Remote mapping from device
Total CPU Page faults: 83
Total remote mappings to CPU: 22
