==59108== NVPROF is profiling process 59108, command: ./cfd_0030 ../../../data/cfd/fvcorr.domn.193K
==59108== Profiling application: ./cfd_0030 ../../../data/cfd/fvcorr.domn.193K
==59108== Profiling result:
            Type  Time(%)      Time     Calls       Avg       Min       Max  Name
                        %        ms                  ms        ms        ms
 GPU activities:    90.76  1.60e+03      6000  0.265920  0.259327  2.910894  cuda_compute_flux(int, int*, float*, float*, float*)
                     6.79  119.3725      6000  0.019895  0.017824  0.023136  cuda_time_step(int, int, float*, float*, float*, float*)
                     1.21  21.25802      2000  0.010629  9.98e-03  0.013536  [CUDA memcpy DtoD]
                     1.10  19.38733      2000  9.69e-03  8.83e-03  0.216607  cuda_compute_step_factor(int, float*, float*, float*)
                     0.13  2.346418         3  0.782139  0.627772  0.989370  cuda_initialize_variables(int, float*)
                     0.00  7.42e-03         5  1.48e-03  1.41e-03  1.79e-03  [CUDA memcpy HtoD]
                     0.00  2.18e-03         1  2.18e-03  2.18e-03  2.18e-03  [CUDA memset]
      API calls:    80.41  1.71e+03      2000  0.854554  0.069716  3.691439  cudaMemcpy
                    14.14  300.4757         5  60.09514  6.02e-03  300.4421  cudaMemcpyToSymbol
                     3.58  76.06113     14003  5.43e-03  4.13e-03  0.439504  cudaLaunchKernel
                     0.98  20.92618         7  2.989453  6.90e-03  20.48664  cudaMallocManaged
                     0.22  4.677758         4  1.169439  1.144217  1.203550  cuDeviceTotalMem
                     0.21  4.381021     28003  1.56e-04  8.50e-05  0.572590  cudaGetLastError
                     0.16  3.468332       388  8.94e-03  1.09e-04  0.374665  cuDeviceGetAttribute
                     0.13  2.690041         1  2.690041  2.690041  2.690041  cudaMemset
                     0.07  1.514436        10  0.151443  4.57e-04  0.631898  cudaFree
                     0.04  0.897105         2  0.448552  7.64e-03  0.889465  cudaThreadSynchronize
                     0.04  0.841329         1  0.841329  0.841329  0.841329  cudaGetDeviceProperties
                     0.01  0.282738         4  0.070684  0.068413  0.074540  cuDeviceGetName
                     0.00  0.022184         1  0.022184  0.022184  0.022184  cudaMemAdvise
                     0.00  9.00e-03         4  2.25e-03  1.18e-03  4.93e-03  cuDeviceGetPCIBusId
                     0.00  7.35e-03         1  7.35e-03  7.35e-03  7.35e-03  cudaSetDevice
                     0.00  2.32e-03         8  2.89e-04  1.51e-04  6.31e-04  cuDeviceGet
                     0.00  2.00e-03         1  2.00e-03  2.00e-03  2.00e-03  cudaGetDevice
                     0.00  1.32e-03         3  4.39e-04  1.29e-04  7.27e-04  cuDeviceGetCount
                     0.00  8.56e-04         4  2.14e-04  1.97e-04  2.42e-04  cuDeviceGetUuid

==59108== Unified Memory profiling result:
Device "Tesla V100-PCIE-32GB (0)"
   Count  Avg Size  Min Size  Max Size  Total Size  Total Time  Name
     259  38.981KB  4.0000KB  992.00KB  9.859375MB    1.509504ms  Host To Device
      33         -         -         -           -    5.842144ms  Gpu page fault groups
      22  137.45KB  64.000KB  448.00KB  2.953125MB           -  Remote mapping from device
Total CPU Page faults: 83
Total remote mappings to CPU: 22
