==29470== NVPROF is profiling process 29470, command: ./cfd_1211 ../../../data/cfd/fvcorr.domn.097K
==29470== Profiling application: ./cfd_1211 ../../../data/cfd/fvcorr.domn.097K
==29470== Profiling result:
            Type  Time(%)      Time     Calls       Avg       Min       Max  Name
                        %        ms                  ms        ms        ms
 GPU activities:    73.64  216.0780      6000  0.036012  0.033504  2.222933  cuda_compute_flux(int, int*, float*, float*, float*)
                    18.71  54.88901      6000  9.15e-03  7.81e-03  0.011520  cuda_time_step(int, int, float*, float*, float*, float*)
                     4.09  11.99290      2000  6.00e-03  5.76e-03  0.012416  [CUDA memcpy DtoD]
                     3.20  9.381617      2000  4.69e-03  4.22e-03  0.374494  cuda_compute_step_factor(int, float*, float*, float*)
                     0.37  1.092635         3  0.364211  0.311487  0.403166  cuda_initialize_variables(int, float*)
                     0.00  7.42e-03         5  1.48e-03  1.41e-03  1.79e-03  [CUDA memcpy HtoD]
                     0.00  1.66e-03         1  1.66e-03  1.66e-03  1.66e-03  [CUDA memset]
      API calls:    45.12  297.4891         5  59.49782  6.20e-03  297.4555  cudaMemcpyToSymbol
                    37.66  248.2625      2000  0.124131  0.029227  2.671514  cudaMemcpy
                    11.70  77.13540     14003  5.51e-03  4.29e-03  1.025971  cudaLaunchKernel
                     3.12  20.58700         7  2.941000  0.010837  20.46666  cudaMallocManaged
                     0.69  4.578263         4  1.144565  1.141463  1.148003  cuDeviceTotalMem
                     0.63  4.143983     28003  1.47e-04  8.60e-05  0.435912  cudaGetLastError
                     0.51  3.391650       388  8.74e-03  1.10e-04  0.368165  cuDeviceGetAttribute
                     0.18  1.200635         1  1.200635  1.200635  1.200635  cudaMemset
                     0.18  1.196394        10  0.119639  4.18e-04  0.374117  cudaFree
                     0.13  0.837768         1  0.837768  0.837768  0.837768  cudaGetDeviceProperties
                     0.04  0.277367         4  0.069341  0.067559  0.072181  cuDeviceGetName
                     0.02  0.121106         2  0.060553  4.59e-03  0.116513  cudaThreadSynchronize
                     0.00  0.023270         3  7.76e-03  1.76e-03  0.016929  cudaMemAdvise
                     0.00  0.016042         4  4.01e-03  1.17e-03  8.12e-03  cuDeviceGetPCIBusId
                     0.00  7.27e-03         1  7.27e-03  7.27e-03  7.27e-03  cudaSetDevice
                     0.00  2.41e-03         8  3.01e-04  1.53e-04  8.10e-04  cuDeviceGet
                     0.00  1.71e-03         1  1.71e-03  1.71e-03  1.71e-03  cudaGetDevice
                     0.00  1.22e-03         3  4.06e-04  1.39e-04  7.29e-04  cuDeviceGetCount
                     0.00  8.08e-04         4  2.02e-04  1.85e-04  2.39e-04  cuDeviceGetUuid

==29470== Unified Memory profiling result:
Device "Tesla V100-PCIE-32GB (0)"
   Count  Avg Size  Min Size  Max Size  Total Size  Total Time  Name
     138  46.782KB  4.0000KB  956.00KB  6.304688MB    0.870016ms  Host To Device
      27         -         -         -           -    3.808512ms  Gpu page fault groups
Total CPU Page faults: 1523
