==33262== NVPROF is profiling process 33262, command: ./cfd_1300 ../../../data/cfd/missile.domn.0.2M
==33262== Profiling application: ./cfd_1300 ../../../data/cfd/missile.domn.0.2M
==33262== Profiling result:
            Type  Time(%)      Time     Calls       Avg       Min       Max  Name
                        %        ms                  ms        ms        ms
 GPU activities:    57.58  478.9607      6000  0.079826  0.068735  4.166761  cuda_compute_flux(int, int*, float*, float*, float*)
                    20.21  168.1386      2000  0.084069  0.081632  0.108287  cuda_compute_step_factor(int, float*, float*, float*)
                    18.23  151.6440      6000  0.025273  0.023456  0.034495  cuda_time_step(int, int, float*, float*, float*, float*)
                     3.70  30.77845      2000  0.015389  0.014399  0.022976  [CUDA memcpy DtoD]
                     0.27  2.255284         3  0.751761  0.639389  0.907067  cuda_initialize_variables(int, float*)
                     0.00  7.36e-03         5  1.47e-03  1.38e-03  1.79e-03  [CUDA memcpy HtoD]
                     0.00  2.21e-03         1  2.21e-03  2.21e-03  2.21e-03  [CUDA memset]
      API calls:    65.94  781.8902      2000  0.390945  0.034719  4.462834  cudaMemcpy
                    24.58  291.4700         5  58.29401  5.99e-03  291.4365  cudaMemcpyToSymbol
                     6.25  74.13493     14003  5.29e-03  4.24e-03  0.401571  cudaLaunchKernel
                     1.76  20.88427         7  2.983467  0.016877  20.48307  cudaMallocManaged
                     0.38  4.534407         4  1.133601  1.128903  1.142221  cuDeviceTotalMem
                     0.31  3.719987     28003  1.32e-04  8.50e-05  0.399890  cudaGetLastError
                     0.28  3.373750       388  8.70e-03  1.08e-04  0.355577  cuDeviceGetAttribute
                     0.21  2.531775         1  2.531775  2.531775  2.531775  cudaMemset
                     0.15  1.752662        10  0.175266  4.46e-04  0.835513  cudaFree
                     0.07  0.831200         1  0.831200  0.831200  0.831200  cudaGetDeviceProperties
                     0.03  0.374858         2  0.187429  8.23e-03  0.366631  cudaThreadSynchronize
                     0.02  0.283429         4  0.070857  0.068144  0.076624  cuDeviceGetName
                     0.00  0.037283         1  0.037283  0.037283  0.037283  cudaMemAdvise
                     0.00  0.010325         4  2.58e-03  1.24e-03  5.00e-03  cuDeviceGetPCIBusId
                     0.00  8.29e-03         1  8.29e-03  8.29e-03  8.29e-03  cudaSetDevice
                     0.00  2.73e-03         8  3.41e-04  1.35e-04  7.96e-04  cuDeviceGet
                     0.00  2.23e-03         1  2.23e-03  2.23e-03  2.23e-03  cudaGetDevice
                     0.00  1.41e-03         3  4.68e-04  1.37e-04  7.91e-04  cuDeviceGetCount
                     0.00  8.12e-04         4  2.03e-04  1.79e-04  2.14e-04  cuDeviceGetUuid

==33262== Unified Memory profiling result:
Device "Tesla V100-PCIE-32GB (0)"
   Count  Avg Size  Min Size  Max Size  Total Size  Total Time  Name
     347  41.913KB  4.0000KB  912.00KB  14.20313MB    2.135680ms  Host To Device
      39         -         -         -           -    7.499904ms  Gpu page fault groups
       5  182.40KB  64.000KB  400.00KB  912.0000KB           -  Remote mapping from device
Total CPU Page faults: 90
Total remote mappings to CPU: 5
