==2319== NVPROF is profiling process 2319, command: ./cfd_0220 ../../../data/cfd/fvcorr.domn.097K
==2319== Profiling application: ./cfd_0220 ../../../data/cfd/fvcorr.domn.097K
==2319== Profiling result:
            Type  Time(%)      Time     Calls       Avg       Min       Max  Name
                        %        ms                  ms        ms        ms
 GPU activities:    73.62  215.7978      6000  0.035966  0.033216  2.095956  cuda_compute_flux(int, int*, float*, float*, float*)
                    18.73  54.89515      6000  9.15e-03  7.81e-03  0.011552  cuda_time_step(int, int, float*, float*, float*, float*)
                     4.09  11.98445      2000  5.99e-03  5.79e-03  0.011808  [CUDA memcpy DtoD]
                     3.19  9.362707      2000  4.68e-03  4.22e-03  0.371774  cuda_compute_step_factor(int, float*, float*, float*)
                     0.37  1.090362         3  0.363454  0.238878  0.477758  cuda_initialize_variables(int, float*)
                     0.00  7.39e-03         5  1.48e-03  1.38e-03  1.79e-03  [CUDA memcpy HtoD]
                     0.00  1.92e-03         1  1.92e-03  1.92e-03  1.92e-03  [CUDA memset]
      API calls:    45.37  299.4504         5  59.89007  6.12e-03  299.4175  cudaMemcpyToSymbol
                    37.58  248.0097      2000  0.124004  0.024213  2.539054  cudaMemcpy
                    11.62  76.67905     14003  5.48e-03  4.37e-03  0.923321  cudaLaunchKernel
                     3.11  20.52193         7  2.931704  0.011665  20.39378  cudaMallocManaged
                     0.70  4.642834         4  1.160708  1.141508  1.182629  cuDeviceTotalMem
                     0.54  3.564011     28003  1.27e-04  8.60e-05  0.416452  cudaGetLastError
                     0.51  3.368717       388  8.68e-03  1.07e-04  0.354195  cuDeviceGetAttribute
                     0.19  1.264087        10  0.126408  4.05e-04  0.452151  cudaFree
                     0.18  1.204440         1  1.204440  1.204440  1.204440  cudaMemset
                     0.13  0.831225         1  0.831225  0.831225  0.831225  cudaGetDeviceProperties
                     0.04  0.286564         4  0.071641  0.067512  0.076182  cuDeviceGetName
                     0.02  0.127971         2  0.063985  4.55e-03  0.123420  cudaThreadSynchronize
                     0.00  0.020614         2  0.010307  3.43e-03  0.017185  cudaMemAdvise
                     0.00  9.86e-03         4  2.46e-03  1.16e-03  5.02e-03  cuDeviceGetPCIBusId
                     0.00  7.23e-03         1  7.23e-03  7.23e-03  7.23e-03  cudaSetDevice
                     0.00  2.01e-03         8  2.51e-04  1.31e-04  5.56e-04  cuDeviceGet
                     0.00  1.89e-03         1  1.89e-03  1.89e-03  1.89e-03  cudaGetDevice
                     0.00  1.38e-03         3  4.60e-04  1.15e-04  7.15e-04  cuDeviceGetCount
                     0.00  8.12e-04         4  2.03e-04  1.76e-04  2.54e-04  cuDeviceGetUuid

==2319== Unified Memory profiling result:
Device "Tesla V100-PCIE-32GB (0)"
   Count  Avg Size  Min Size  Max Size  Total Size  Total Time  Name
     165  39.127KB  4.0000KB  912.00KB  6.304688MB    0.960640ms  Host To Device
      23         -         -         -           -    3.661344ms  Gpu page fault groups
Total CPU Page faults: 49
