==37323== NVPROF is profiling process 37323, command: ./cfd_1352 ../../../data/cfd/missile.domn.0.2M
==37323== Profiling application: ./cfd_1352 ../../../data/cfd/missile.domn.0.2M
==37323== Profiling result:
            Type  Time(%)      Time     Calls       Avg       Min       Max  Name
                        %        ms                  ms        ms        ms
 GPU activities:    57.60  479.6449      6000  0.079940  0.068191  4.536551  cuda_compute_flux(int, int*, float*, float*, float*)
                    20.20  168.2256      2000  0.084112  0.081599  0.106592  cuda_compute_step_factor(int, float*, float*, float*)
                    18.25  151.9408      6000  0.025323  0.023455  0.035424  cuda_time_step(int, int, float*, float*, float*, float*)
                     3.69  30.74998      2000  0.015374  0.014560  0.022240  [CUDA memcpy DtoD]
                     0.26  2.172532         3  0.724177  0.642012  0.868860  cuda_initialize_variables(int, float*)
                     0.00  7.39e-03         5  1.48e-03  1.38e-03  1.79e-03  [CUDA memcpy HtoD]
                     0.00  2.05e-03         1  2.05e-03  2.05e-03  2.05e-03  [CUDA memset]
      API calls:    65.71  780.6931      2000  0.390346  0.046049  4.826327  cudaMemcpy
                    24.63  292.6853         5  58.53706  6.06e-03  292.6520  cudaMemcpyToSymbol
                     6.42  76.23951     14003  5.44e-03  4.37e-03  0.427258  cudaLaunchKernel
                     1.75  20.79895         7  2.971278  0.014180  20.41636  cudaMallocManaged
                     0.39  4.586298         4  1.146574  1.124306  1.169130  cuDeviceTotalMem
                     0.33  3.896937     28003  1.39e-04  8.50e-05  0.408733  cudaGetLastError
                     0.28  3.317678       388  8.55e-03  1.06e-04  0.348889  cuDeviceGetAttribute
                     0.20  2.429479         1  2.429479  2.429479  2.429479  cudaMemset
                     0.16  1.856759        10  0.185675  4.32e-04  0.844772  cudaFree
                     0.08  0.957305         1  0.957305  0.957305  0.957305  cudaGetDeviceProperties
                     0.03  0.382976         2  0.191488  7.52e-03  0.375456  cudaThreadSynchronize
                     0.02  0.281475         4  0.070368  0.067765  0.073333  cuDeviceGetName
                     0.00  0.022618         3  7.54e-03  2.49e-03  0.017052  cudaMemAdvise
                     0.00  9.10e-03         4  2.27e-03  1.14e-03  5.03e-03  cuDeviceGetPCIBusId
                     0.00  7.21e-03         1  7.21e-03  7.21e-03  7.21e-03  cudaSetDevice
                     0.00  2.83e-03         8  3.53e-04  2.09e-04  8.28e-04  cuDeviceGet
                     0.00  1.89e-03         1  1.89e-03  1.89e-03  1.89e-03  cudaGetDevice
                     0.00  1.36e-03         3  4.54e-04  1.15e-04  7.19e-04  cuDeviceGetCount
                     0.00  1.01e-03         4  2.52e-04  1.97e-04  3.85e-04  cuDeviceGetUuid

==37323== Unified Memory profiling result:
Device "Tesla V100-PCIE-32GB (0)"
   Count  Avg Size  Min Size  Max Size  Total Size  Total Time  Name
     441  32.980KB  4.0000KB  972.00KB  14.20313MB    2.358240ms  Host To Device
      42         -         -         -           -    7.557024ms  Gpu page fault groups
       5  182.40KB  64.000KB  400.00KB  912.0000KB           -  Remote mapping from device
Total CPU Page faults: 90
Total remote mappings to CPU: 5
