==2636== NVPROF is profiling process 2636, command: ./cfd_0222 ../../../data/cfd/missile.domn.0.2M
==2636== Profiling application: ./cfd_0222 ../../../data/cfd/missile.domn.0.2M
==2636== Profiling result:
            Type  Time(%)      Time     Calls       Avg       Min       Max  Name
                        %        ms                  ms        ms        ms
 GPU activities:    70.52  478.4167      6000  0.079736  0.068800  4.646309  cuda_compute_flux(int, int*, float*, float*, float*)
                    20.56  139.5064      6000  0.023251  0.021248  0.026688  cuda_time_step(int, int, float*, float*, float*, float*)
                     4.55  30.89973      2000  0.015449  0.014592  0.023008  [CUDA memcpy DtoD]
                     3.99  27.03780      2000  0.013518  0.011648  0.647964  cuda_compute_step_factor(int, float*, float*, float*)
                     0.38  2.557969         3  0.852656  0.644861  1.082585  cuda_initialize_variables(int, float*)
                     0.00  7.42e-03         5  1.48e-03  1.38e-03  1.79e-03  [CUDA memcpy HtoD]
                     0.00  2.05e-03         1  2.05e-03  2.05e-03  2.05e-03  [CUDA memset]
      API calls:    60.11  626.4696      2000  0.313234  0.035649  5.489237  cudaMemcpy
                    28.66  298.7325         5  59.74650  5.81e-03  298.6994  cudaMemcpyToSymbol
                     7.38  76.88050     14003  5.49e-03  4.37e-03  0.423035  cudaLaunchKernel
                     2.00  20.83010         7  2.975728  0.015743  20.47365  cudaMallocManaged
                     0.44  4.612852         4  1.153213  1.141554  1.170395  cuDeviceTotalMem
                     0.42  4.367503       388  0.011256  1.07e-04  1.330655  cuDeviceGetAttribute
                     0.42  4.348546     28003  1.55e-04  8.60e-05  0.433444  cudaGetLastError
                     0.27  2.838186         1  2.838186  2.838186  2.838186  cudaMemset
                     0.16  1.633976        10  0.163397  4.39e-04  0.746396  cudaFree
                     0.08  0.834624         1  0.834624  0.834624  0.834624  cudaGetDeviceProperties
                     0.03  0.308516         2  0.154258  7.58e-03  0.300931  cudaThreadSynchronize
                     0.03  0.297312         4  0.074328  0.067664  0.081429  cuDeviceGetName
                     0.00  0.022703         3  7.57e-03  1.96e-03  0.018273  cudaMemAdvise
                     0.00  9.68e-03         4  2.42e-03  1.18e-03  4.92e-03  cuDeviceGetPCIBusId
                     0.00  7.60e-03         1  7.60e-03  7.60e-03  7.60e-03  cudaSetDevice
                     0.00  2.59e-03         8  3.23e-04  1.53e-04  7.79e-04  cuDeviceGet
                     0.00  1.90e-03         1  1.90e-03  1.90e-03  1.90e-03  cudaGetDevice
                     0.00  1.41e-03         3  4.69e-04  1.34e-04  7.29e-04  cuDeviceGetCount
                     0.00  9.08e-04         4  2.27e-04  1.98e-04  2.60e-04  cuDeviceGetUuid

==2636== Unified Memory profiling result:
Device "Tesla V100-PCIE-32GB (0)"
   Count  Avg Size  Min Size  Max Size  Total Size  Total Time  Name
     475  32.538KB  4.0000KB  848.00KB  15.09375MB    2.580704ms  Host To Device
      45         -         -         -           -    8.572448ms  Gpu page fault groups
Total CPU Page faults: 90
