==44472== NVPROF is profiling process 44472, command: ./cfd_1522 ../../../data/cfd/missile.domn.0.2M
==44472== Profiling application: ./cfd_1522 ../../../data/cfd/missile.domn.0.2M
==44472== Profiling result:
            Type  Time(%)      Time     Calls       Avg       Min       Max  Name
                        %        ms                  ms        ms        ms
 GPU activities:    70.53  478.4856      6000  0.079747  0.068416  4.386503  cuda_compute_flux(int, int*, float*, float*, float*)
                    20.63  139.9357      6000  0.023322  0.021152  0.026784  cuda_time_step(int, int, float*, float*, float*, float*)
                     4.53  30.75497      2000  0.015377  0.014432  0.022336  [CUDA memcpy DtoD]
                     3.99  27.03668      2000  0.013518  0.011712  0.639580  cuda_compute_step_factor(int, float*, float*, float*)
                     0.32  2.147795         3  0.715931  0.603101  0.934298  cuda_initialize_variables(int, float*)
                     0.00  7.39e-03         5  1.48e-03  1.38e-03  1.79e-03  [CUDA memcpy HtoD]
                     0.00  2.40e-03         1  2.40e-03  2.40e-03  2.40e-03  [CUDA memset]
      API calls:    60.08  626.7298      2000  0.313364  0.035011  5.219208  cudaMemcpy
                    28.69  299.2628         5  59.85256  6.11e-03  299.2292  cudaMemcpyToSymbol
                     7.52  78.45452     14003  5.60e-03  4.37e-03  0.420474  cudaLaunchKernel
                     1.99  20.72632         7  2.960903  0.015908  20.36005  cudaMallocManaged
                     0.44  4.639256         4  1.159814  1.139538  1.202327  cuDeviceTotalMem
                     0.42  4.338292     28003  1.54e-04  8.50e-05  0.446729  cudaGetLastError
                     0.32  3.355953       388  8.65e-03  1.10e-04  0.353357  cuDeviceGetAttribute
                     0.23  2.431341         1  2.431341  2.431341  2.431341  cudaMemset
                     0.17  1.795238        10  0.179523  4.02e-04  0.794173  cudaFree
                     0.08  0.824441         1  0.824441  0.824441  0.824441  cudaGetDeviceProperties
                     0.03  0.304902         2  0.152451  7.91e-03  0.296992  cudaThreadSynchronize
                     0.03  0.282234         4  0.070558  0.067425  0.075078  cuDeviceGetName
                     0.00  0.021699         3  7.23e-03  1.86e-03  0.016085  cudaMemAdvise
                     0.00  8.70e-03         4  2.17e-03  1.19e-03  4.74e-03  cuDeviceGetPCIBusId
                     0.00  7.14e-03         1  7.14e-03  7.14e-03  7.14e-03  cudaSetDevice
                     0.00  2.85e-03         8  3.56e-04  1.54e-04  7.03e-04  cuDeviceGet
                     0.00  1.92e-03         1  1.92e-03  1.92e-03  1.92e-03  cudaGetDevice
                     0.00  1.29e-03         3  4.28e-04  1.27e-04  7.10e-04  cuDeviceGetCount
                     0.00  7.64e-04         4  1.91e-04  1.71e-04  2.43e-04  cuDeviceGetUuid

==44472== Unified Memory profiling result:
Device "Tesla V100-PCIE-32GB (0)"
   Count  Avg Size  Min Size  Max Size  Total Size  Total Time  Name
     461  33.526KB  4.0000KB  868.00KB  15.09375MB    2.496192ms  Host To Device
      40         -         -         -           -    8.302528ms  Gpu page fault groups
Total CPU Page faults: 90
