==31986== NVPROF is profiling process 31986, command: ./cfd_1242 ../../../data/cfd/missile.domn.0.2M
==31986== Profiling application: ./cfd_1242 ../../../data/cfd/missile.domn.0.2M
==31986== Profiling result:
            Type  Time(%)      Time     Calls       Avg       Min       Max  Name
                        %        ms                  ms        ms        ms
 GPU activities:    90.56  1.92e+03      6000  0.319722  0.311742  5.662336  cuda_compute_flux(int, int*, float*, float*, float*)
                     6.59  139.5786      6000  0.023263  0.021120  0.026432  cuda_time_step(int, int, float*, float*, float*, float*)
                     1.47  31.05547      2000  0.015527  0.014400  0.023200  [CUDA memcpy DtoD]
                     1.28  27.01676      2000  0.013508  0.011552  0.638141  cuda_compute_step_factor(int, float*, float*, float*)
                     0.11  2.316787         3  0.772262  0.608381  0.923066  cuda_initialize_variables(int, float*)
                     0.00  7.36e-03         5  1.47e-03  1.38e-03  1.79e-03  [CUDA memcpy HtoD]
                     0.00  2.08e-03         1  2.08e-03  2.08e-03  2.08e-03  [CUDA memset]
      API calls:    83.30  2.07e+03      2000  1.034299  0.065179  6.980896  cudaMemcpy
                    12.00  298.0280         5  59.60560  6.02e-03  297.9946  cudaMemcpyToSymbol
                     3.12  77.39693     14003  5.53e-03  4.24e-03  0.399292  cudaLaunchKernel
                     0.83  20.72539         7  2.960770  0.015660  20.39377  cudaMallocManaged
                     0.19  4.631130         4  1.157782  1.152441  1.161599  cuDeviceTotalMem
                     0.16  4.059300     28003  1.44e-04  8.50e-05  0.475499  cudaGetLastError
                     0.14  3.416154       388  8.80e-03  1.09e-04  0.356815  cuDeviceGetAttribute
                     0.10  2.600784         1  2.600784  2.600784  2.600784  cudaMemset
                     0.06  1.564661        10  0.156466  4.61e-04  0.673663  cudaFree
                     0.04  1.019700         2  0.509850  8.20e-03  1.011501  cudaThreadSynchronize
                     0.03  0.829617         1  0.829617  0.829617  0.829617  cudaGetDeviceProperties
                     0.01  0.286756         4  0.071689  0.068197  0.074876  cuDeviceGetName
                     0.00  0.029684         3  9.89e-03  1.97e-03  0.025141  cudaMemAdvise
                     0.00  9.45e-03         4  2.36e-03  1.18e-03  4.75e-03  cuDeviceGetPCIBusId
                     0.00  8.28e-03         1  8.28e-03  8.28e-03  8.28e-03  cudaSetDevice
                     0.00  2.36e-03         8  2.95e-04  1.61e-04  5.88e-04  cuDeviceGet
                     0.00  2.03e-03         1  2.03e-03  2.03e-03  2.03e-03  cudaGetDevice
                     0.00  1.32e-03         3  4.40e-04  2.33e-04  7.36e-04  cuDeviceGetCount
                     0.00  8.21e-04         4  2.05e-04  1.77e-04  2.52e-04  cuDeviceGetUuid

==31986== Unified Memory profiling result:
Device "Tesla V100-PCIE-32GB (0)"
   Count  Avg Size  Min Size  Max Size  Total Size  Total Time  Name
     271  43.616KB  4.0000KB  896.00KB  11.54297MB    1.719200ms  Host To Device
      67         -         -         -           -    9.306304ms  Gpu page fault groups
     581  6.2578KB  4.0000KB  48.000KB  3.550781MB           -  Remote mapping from device
Total CPU Page faults: 72
Total remote mappings to CPU: 581
