==3315== NVPROF is profiling process 3315, command: ./cfd_0232 ../../../data/cfd/fvcorr.domn.097K
==3315== Profiling application: ./cfd_0232 ../../../data/cfd/fvcorr.domn.097K
==3315== Profiling result:
            Type  Time(%)      Time     Calls       Avg       Min       Max  Name
                        %        ms                  ms        ms        ms
 GPU activities:    91.55  843.9565      6000  0.140659  0.134847  1.891861  cuda_compute_flux(int, int*, float*, float*, float*)
                     6.00  55.29153      6000  9.22e-03  7.84e-03  0.011136  cuda_time_step(int, int, float*, float*, float*, float*)
                     1.30  12.02253      2000  6.01e-03  5.73e-03  0.013024  [CUDA memcpy DtoD]
                     1.02  9.427759      2000  4.71e-03  4.26e-03  0.445565  cuda_compute_step_factor(int, float*, float*, float*)
                     0.13  1.159610         3  0.386536  0.285375  0.515069  cuda_initialize_variables(int, float*)
                     0.00  7.39e-03         5  1.48e-03  1.38e-03  1.79e-03  [CUDA memcpy HtoD]
                     0.00  1.66e-03         1  1.66e-03  1.66e-03  1.66e-03  [CUDA memset]
      API calls:    68.03  874.6204      2000  0.437310  0.027385  2.611147  cudaMemcpy
                    22.99  295.6373         5  59.12747  6.15e-03  295.6035  cudaMemcpyToSymbol
                     6.15  79.05748     14003  5.65e-03  4.40e-03  0.459905  cudaLaunchKernel
                     1.61  20.71710         7  2.959585  0.013093  20.52611  cudaMallocManaged
                     0.36  4.644694         4  1.161173  1.140300  1.219942  cuDeviceTotalMem
                     0.28  3.602877     28003  1.28e-04  8.50e-05  0.014491  cudaGetLastError
                     0.26  3.397207       388  8.75e-03  1.07e-04  0.368280  cuDeviceGetAttribute
                     0.10  1.288745         1  1.288745  1.288745  1.288745  cudaMemset
                     0.09  1.122745        10  0.112274  4.29e-04  0.432711  cudaFree
                     0.06  0.825410         1  0.825410  0.825410  0.825410  cudaGetDeviceProperties
                     0.03  0.429951         2  0.214975  4.75e-03  0.425204  cudaThreadSynchronize
                     0.02  0.290558         4  0.072639  0.067452  0.079678  cuDeviceGetName
                     0.00  0.056076         3  0.018692  5.63e-03  0.035520  cudaMemAdvise
                     0.00  8.96e-03         4  2.24e-03  1.10e-03  4.91e-03  cuDeviceGetPCIBusId
                     0.00  6.87e-03         1  6.87e-03  6.87e-03  6.87e-03  cudaSetDevice
                     0.00  2.17e-03         8  2.71e-04  1.30e-04  7.29e-04  cuDeviceGet
                     0.00  1.69e-03         1  1.69e-03  1.69e-03  1.69e-03  cudaGetDevice
                     0.00  1.21e-03         3  4.02e-04  1.43e-04  7.29e-04  cuDeviceGetCount
                     0.00  8.48e-04         4  2.12e-04  1.81e-04  2.78e-04  cuDeviceGetUuid

==3315== Unified Memory profiling result:
Device "Tesla V100-PCIE-32GB (0)"
   Count  Avg Size  Min Size  Max Size  Total Size  Total Time  Name
     137  36.028KB  4.0000KB  928.00KB  4.820313MB    0.797024ms  Host To Device
      26         -         -         -           -    3.633952ms  Gpu page fault groups
      15  101.33KB  4.0000KB  300.00KB  1.484375MB           -  Remote mapping from device
Total CPU Page faults: 49
Total remote mappings to CPU: 15
