==44356== NVPROF is profiling process 44356, command: ./cfd_1521 ../../../data/cfd/missile.domn.0.2M
==44356== Profiling application: ./cfd_1521 ../../../data/cfd/missile.domn.0.2M
==44356== Profiling result:
            Type  Time(%)      Time     Calls       Avg       Min       Max  Name
                        %        ms                  ms        ms        ms
 GPU activities:    70.54  478.5500      6000  0.079758  0.068543  4.443718  cuda_compute_flux(int, int*, float*, float*, float*)
                    20.55  139.3906      6000  0.023231  0.021280  0.026720  cuda_time_step(int, int, float*, float*, float*, float*)
                     4.55  30.86920      2000  0.015434  0.014560  0.059424  [CUDA memcpy DtoD]
                     4.01  27.17386      2000  0.013586  0.011712  0.754716  cuda_compute_step_factor(int, float*, float*, float*)
                     0.35  2.371762         3  0.790587  0.685820  0.849467  cuda_initialize_variables(int, float*)
                     0.00  7.42e-03         5  1.48e-03  1.41e-03  1.79e-03  [CUDA memcpy HtoD]
                     0.00  2.08e-03         1  2.08e-03  2.08e-03  2.08e-03  [CUDA memset]
      API calls:    60.68  630.4321      2000  0.315216  0.117837  5.319695  cudaMemcpy
                    28.66  297.7973         5  59.55946  6.11e-03  297.7614  cudaMemcpyToSymbol
                     6.79  70.57311     14003  5.04e-03  4.22e-03  0.167878  cudaLaunchKernel
                     2.03  21.08671         7  3.012387  0.014127  20.45841  cudaMallocManaged
                     0.45  4.723253         4  1.180813  1.150493  1.198704  cuDeviceTotalMem
                     0.45  4.672991     28003  1.66e-04  8.50e-05  0.425005  cudaGetLastError
                     0.34  3.496064       388  9.01e-03  1.07e-04  0.373781  cuDeviceGetAttribute
                     0.26  2.739016         1  2.739016  2.739016  2.739016  cudaMemset
                     0.18  1.860539        10  0.186053  4.30e-04  0.833192  cudaFree
                     0.08  0.839179         1  0.839179  0.839179  0.839179  cudaGetDeviceProperties
                     0.03  0.338667         2  0.169333  0.040401  0.298266  cudaThreadSynchronize
                     0.03  0.297013         4  0.074253  0.069739  0.080220  cuDeviceGetName
                     0.00  0.031999         3  0.010666  1.68e-03  0.026533  cudaMemAdvise
                     0.00  9.94e-03         4  2.49e-03  1.13e-03  5.16e-03  cuDeviceGetPCIBusId
                     0.00  8.84e-03         1  8.84e-03  8.84e-03  8.84e-03  cudaSetDevice
                     0.00  2.53e-03         8  3.16e-04  1.55e-04  6.80e-04  cuDeviceGet
                     0.00  2.43e-03         1  2.43e-03  2.43e-03  2.43e-03  cudaGetDevice
                     0.00  1.35e-03         3  4.50e-04  2.05e-04  7.67e-04  cuDeviceGetCount
                     0.00  8.39e-04         4  2.09e-04  1.93e-04  2.54e-04  cuDeviceGetUuid

==44356== Unified Memory profiling result:
Device "Tesla V100-PCIE-32GB (0)"
   Count  Avg Size  Min Size  Max Size  Total Size  Total Time  Name
     515  30.011KB  4.0000KB  868.00KB  15.09375MB    2.646976ms  Host To Device
      43         -         -         -           -    8.387296ms  Gpu page fault groups
Total CPU Page faults: 2752
