==56987== NVPROF is profiling process 56987, command: ./cfd_0001 ../../../data/cfd/fvcorr.domn.193K
==56987== Profiling application: ./cfd_0001 ../../../data/cfd/fvcorr.domn.193K
==56987== Profiling result:
            Type  Time(%)      Time     Calls       Avg       Min       Max  Name
                        %        ms                  ms        ms        ms
 GPU activities:    68.57  361.3380      6000  0.060222  0.057535  3.783529  cuda_compute_flux(int, int*, float*, float*, float*)
                    23.33  122.9595      6000  0.020493  0.018176  0.023360  cuda_time_step(int, int, float*, float*, float*, float*)
                     4.00  21.10029      2000  0.010550  9.79e-03  0.014848  [CUDA memcpy DtoD]
                     3.65  19.25467      2000  9.63e-03  8.90e-03  0.221279  cuda_compute_step_factor(int, float*, float*, float*)
                     0.43  2.282547         3  0.760849  0.643965  0.941563  cuda_initialize_variables(int, float*)
                     0.00  7.33e-03         5  1.47e-03  1.38e-03  1.76e-03  [CUDA memcpy HtoD]
                     0.00  2.05e-03         1  2.05e-03  2.05e-03  2.05e-03  [CUDA memset]
      API calls:    53.30  475.7143      2000  0.237857  0.038331  4.140695  cudaMemcpy
                    33.65  300.3532         5  60.07064  5.81e-03  300.3207  cudaMemcpyToSymbol
                     8.70  77.65011     14003  5.55e-03  4.42e-03  0.452871  cudaLaunchKernel
                     2.36  21.06715         7  3.009592  7.04e-03  20.66099  cudaMallocManaged
                     0.51  4.588512         4  1.147128  1.143535  1.149763  cuDeviceTotalMem
                     0.49  4.362123     28003  1.55e-04  8.60e-05  0.425939  cudaGetLastError
                     0.37  3.330866       388  8.58e-03  1.10e-04  0.342664  cuDeviceGetAttribute
                     0.29  2.613397         1  2.613397  2.613397  2.613397  cudaMemset
                     0.16  1.434733        10  0.143473  4.24e-04  0.648725  cudaFree
                     0.10  0.854831         1  0.854831  0.854831  0.854831  cudaGetDeviceProperties
                     0.03  0.278141         4  0.069535  0.067662  0.072519  cuDeviceGetName
                     0.03  0.242171         2  0.121085  0.013156  0.229015  cudaThreadSynchronize
                     0.00  0.018410         1  0.018410  0.018410  0.018410  cudaMemAdvise
                     0.00  8.91e-03         4  2.23e-03  1.22e-03  5.00e-03  cuDeviceGetPCIBusId
                     0.00  7.12e-03         1  7.12e-03  7.12e-03  7.12e-03  cudaSetDevice
                     0.00  2.30e-03         8  2.87e-04  1.30e-04  7.01e-04  cuDeviceGet
                     0.00  2.04e-03         1  2.04e-03  2.04e-03  2.04e-03  cudaGetDevice
                     0.00  1.35e-03         3  4.49e-04  1.48e-04  7.18e-04  cuDeviceGetCount
                     0.00  9.43e-04         4  2.35e-04  2.15e-04  2.84e-04  cuDeviceGetUuid

==56987== Unified Memory profiling result:
Device "Tesla V100-PCIE-32GB (0)"
   Count  Avg Size  Min Size  Max Size  Total Size  Total Time  Name
     349  37.593KB  4.0000KB  992.00KB  12.81250MB    2.028896ms  Host To Device
      34         -         -         -           -    6.609920ms  Gpu page fault groups
Total CPU Page faults: 2293
