==776== NVPROF is profiling process 776, command: ./cfd_0155 ../../../data/cfd/missile.domn.0.2M
==776== Profiling application: ./cfd_0155 ../../../data/cfd/missile.domn.0.2M
==776== Profiling result:
            Type  Time(%)      Time     Calls       Avg       Min       Max  Name
                        %        ms                  ms        ms        ms
 GPU activities:    70.55  478.1379      6000  0.079689  0.068255  4.315783  cuda_compute_flux(int, int*, float*, float*, float*)
                    20.56  139.3549      6000  0.023225  0.021151  0.026687  cuda_time_step(int, int, float*, float*, float*, float*)
                     4.55  30.84398      2000  0.015421  0.014432  0.022239  [CUDA memcpy DtoD]
                     4.00  27.12036      2000  0.013560  0.011680  0.669436  cuda_compute_step_factor(int, float*, float*, float*)
                     0.33  2.239635         3  0.746545  0.601789  0.938138  cuda_initialize_variables(int, float*)
                     0.00  7.36e-03         5  1.47e-03  1.38e-03  1.79e-03  [CUDA memcpy HtoD]
                     0.00  2.05e-03         1  2.05e-03  2.05e-03  2.05e-03  [CUDA memset]
      API calls:    60.18  624.4341      2000  0.312217  0.054442  5.188477  cudaMemcpy
                    28.29  293.5694         5  58.71389  6.13e-03  293.5362  cudaMemcpyToSymbol
                     7.82  81.11520     14003  5.79e-03  4.56e-03  0.443511  cudaLaunchKernel
                     2.01  20.85472         7  2.979245  0.014255  20.48289  cudaMallocManaged
                     0.45  4.683391         4  1.170847  1.142713  1.245923  cuDeviceTotalMem
                     0.37  3.848438     28003  1.37e-04  8.50e-05  0.463448  cudaGetLastError
                     0.32  3.322852       388  8.56e-03  1.10e-04  0.345449  cuDeviceGetAttribute
                     0.24  2.526893         1  2.526893  2.526893  2.526893  cudaMemset
                     0.17  1.788593        10  0.178859  4.59e-04  0.797392  cudaFree
                     0.08  0.836183         1  0.836183  0.836183  0.836183  cudaGetDeviceProperties
                     0.03  0.304321         2  0.152160  8.19e-03  0.296129  cudaThreadSynchronize
                     0.03  0.279193         4  0.069798  0.067404  0.074566  cuDeviceGetName
                     0.00  0.021149         3  7.05e-03  1.51e-03  0.014153  cudaMemAdvise
                     0.00  8.98e-03         4  2.25e-03  1.10e-03  4.96e-03  cuDeviceGetPCIBusId
                     0.00  7.14e-03         1  7.14e-03  7.14e-03  7.14e-03  cudaSetDevice
                     0.00  2.23e-03         8  2.79e-04  1.34e-04  7.12e-04  cuDeviceGet
                     0.00  1.93e-03         1  1.93e-03  1.93e-03  1.93e-03  cudaGetDevice
                     0.00  1.29e-03         3  4.31e-04  1.21e-04  7.21e-04  cuDeviceGetCount
                     0.00  8.11e-04         4  2.02e-04  1.77e-04  2.69e-04  cuDeviceGetUuid

==776== Unified Memory profiling result:
Device "Tesla V100-PCIE-32GB (0)"
   Count  Avg Size  Min Size  Max Size  Total Size  Total Time  Name
     404  38.257KB  4.0000KB  892.00KB  15.09375MB    2.341120ms  Host To Device
      46         -         -         -           -    7.928096ms  Gpu page fault groups
Total CPU Page faults: 313
