==33338== NVPROF is profiling process 33338, command: ./cfd_1301 ../../../data/cfd/fvcorr.domn.193K
==33338== Profiling application: ./cfd_1301 ../../../data/cfd/fvcorr.domn.193K
==33338== Profiling result:
            Type  Time(%)      Time     Calls       Avg       Min       Max  Name
                        %        ms                  ms        ms        ms
 GPU activities:    55.83  360.3509      6000  0.060058  0.056895  3.957739  cuda_compute_flux(int, int*, float*, float*, float*)
                    21.56  139.1597      2000  0.069579  0.068288  0.099168  cuda_compute_step_factor(int, float*, float*, float*)
                    18.95  122.3044      6000  0.020384  0.018432  0.023231  cuda_time_step(int, int, float*, float*, float*, float*)
                     3.33  21.49747      2000  0.010748  0.010079  0.013984  [CUDA memcpy DtoD]
                     0.33  2.152884         3  0.717628  0.636892  0.825916  cuda_initialize_variables(int, float*)
                     0.00  7.46e-03         5  1.49e-03  1.38e-03  1.86e-03  [CUDA memcpy HtoD]
                     0.00  2.05e-03         1  2.05e-03  2.05e-03  2.05e-03  [CUDA memset]
      API calls:    59.09  595.7355      2000  0.297867  0.030648  4.182013  cudaMemcpy
                    29.36  296.0100         5  59.20199  5.89e-03  295.9772  cudaMemcpyToSymbol
                     7.65  77.14028     14003  5.51e-03  4.31e-03  0.449037  cudaLaunchKernel
                     2.06  20.75433         7  2.964903  8.51e-03  20.39414  cudaMallocManaged
                     0.45  4.525315         4  1.131328  1.122336  1.141470  cuDeviceTotalMem
                     0.43  4.362943     28003  1.55e-04  8.50e-05  0.487923  cudaGetLastError
                     0.42  4.266082       388  0.010995  1.09e-04  1.218903  cuDeviceGetAttribute
                     0.24  2.371141         1  2.371141  2.371141  2.371141  cudaMemset
                     0.15  1.541832        10  0.154183  4.15e-04  0.659141  cudaFree
                     0.09  0.860282         1  0.860282  0.860282  0.860282  cudaGetDeviceProperties
                     0.03  0.291291         2  0.145645  0.011718  0.279573  cudaThreadSynchronize
                     0.03  0.285347         4  0.071336  0.067560  0.079617  cuDeviceGetName
                     0.00  0.018873         2  9.44e-03  2.33e-03  0.016541  cudaMemAdvise
                     0.00  8.87e-03         4  2.22e-03  1.18e-03  4.97e-03  cuDeviceGetPCIBusId
                     0.00  7.41e-03         1  7.41e-03  7.41e-03  7.41e-03  cudaSetDevice
                     0.00  2.41e-03         8  3.01e-04  1.50e-04  6.14e-04  cuDeviceGet
                     0.00  1.86e-03         1  1.86e-03  1.86e-03  1.86e-03  cudaGetDevice
                     0.00  1.33e-03         3  4.44e-04  1.29e-04  7.35e-04  cuDeviceGetCount
                     0.00  8.92e-04         4  2.23e-04  1.91e-04  2.82e-04  cuDeviceGetUuid

==33338== Unified Memory profiling result:
Device "Tesla V100-PCIE-32GB (0)"
   Count  Avg Size  Min Size  Max Size  Total Size  Total Time  Name
     343  35.265KB  4.0000KB  992.00KB  11.81250MB    1.911424ms  Host To Device
      35         -         -         -           -    6.540896ms  Gpu page fault groups
       5  151.20KB  64.000KB  256.00KB  756.0000KB           -  Remote mapping from device
Total CPU Page faults: 2293
Total remote mappings to CPU: 5
