==23872== NVPROF is profiling process 23872, command: ./cfd_1054 ../../../data/cfd/missile.domn.0.2M
==23872== Profiling application: ./cfd_1054 ../../../data/cfd/missile.domn.0.2M
==23872== Profiling result:
            Type  Time(%)      Time     Calls       Avg       Min       Max  Name
                        %        ms                  ms        ms        ms
 GPU activities:    96.52  5.52e+03      6000  0.920312  0.907163  9.120203  cuda_compute_flux(int, int*, float*, float*, float*)
                     2.42  138.5290      6000  0.023088  0.021024  0.026527  cuda_time_step(int, int, float*, float*, float*, float*)
                     0.54  31.04397      2000  0.015521  0.014624  0.022016  [CUDA memcpy DtoD]
                     0.47  27.12922      2000  0.013564  0.011647  0.297438  cuda_compute_step_factor(int, float*, float*, float*)
                     0.04  2.433138         3  0.811046  0.690684  1.035482  cuda_initialize_variables(int, float*)
                     0.00  7.42e-03         5  1.48e-03  1.41e-03  1.79e-03  [CUDA memcpy HtoD]
                     0.00  2.05e-03         1  2.05e-03  2.05e-03  2.05e-03  [CUDA memset]
      API calls:    93.06  5.67e+03      2000  2.832623  0.070322  11.34782  cudaMemcpy
                     4.93  300.1724         5  60.03449  5.77e-03  300.1389  cudaMemcpyToSymbol
                     1.33  81.08462     14003  5.79e-03  4.43e-03  0.435321  cudaLaunchKernel
                     0.34  20.81474         7  2.973535  0.014891  20.42088  cudaMallocManaged
                     0.08  4.582270         4  1.145567  1.140365  1.150198  cuDeviceTotalMem
                     0.06  3.760593     28003  1.34e-04  8.50e-05  0.012899  cudaGetLastError
                     0.05  3.311702       388  8.54e-03  1.09e-04  0.354494  cuDeviceGetAttribute
                     0.05  2.802314         2  1.401157  8.43e-03  2.793883  cudaThreadSynchronize
                     0.04  2.672376         1  2.672376  2.672376  2.672376  cudaMemset
                     0.03  1.925156        10  0.192515  4.46e-04  0.929634  cudaFree
                     0.01  0.831451         1  0.831451  0.831451  0.831451  cudaGetDeviceProperties
                     0.00  0.281007         4  0.070251  0.067514  0.076099  cuDeviceGetName
                     0.00  0.013521         2  6.76e-03  3.19e-03  0.010332  cudaMemAdvise
                     0.00  9.19e-03         4  2.30e-03  1.25e-03  5.14e-03  cuDeviceGetPCIBusId
                     0.00  7.10e-03         1  7.10e-03  7.10e-03  7.10e-03  cudaSetDevice
                     0.00  2.44e-03         8  3.05e-04  1.51e-04  7.96e-04  cuDeviceGet
                     0.00  1.81e-03         1  1.81e-03  1.81e-03  1.81e-03  cudaGetDevice
                     0.00  1.36e-03         3  4.52e-04  1.24e-04  7.99e-04  cuDeviceGetCount
                     0.00  8.36e-04         4  2.09e-04  1.88e-04  2.30e-04  cuDeviceGetUuid

==23872== Unified Memory profiling result:
Device "Tesla V100-PCIE-32GB (0)"
   Count  Avg Size  Min Size  Max Size  Total Size  Total Time  Name
     102  45.686KB  4.0000KB  840.00KB  4.550781MB    0.653760ms  Host To Device
      73         -         -         -           -   13.195840ms  Gpu page fault groups
    1879  5.8047KB  4.0000KB  96.000KB  10.65234MB           -  Remote mapping from device
Total CPU Page faults: 31
Total remote mappings to CPU: 1879
