==18527== NVPROF is profiling process 18527, command: ./cfd_0544 ../../../data/cfd/fvcorr.domn.193K
==18527== Profiling application: ./cfd_0544 ../../../data/cfd/fvcorr.domn.193K
==18527== Profiling result:
            Type  Time(%)      Time     Calls       Avg       Min       Max  Name
                        %        ms                  ms        ms        ms
 GPU activities:    97.49  6.10e+03      6000  1.017005  1.002683  8.809486  cuda_compute_flux(int, int*, float*, float*, float*)
                     1.80  112.9022      6000  0.018817  0.017376  0.022816  cuda_time_step(int, int, float*, float*, float*, float*)
                     0.34  21.43047      2000  0.010715  9.95e-03  0.013440  [CUDA memcpy DtoD]
                     0.33  20.34213      2000  0.010171  9.02e-03  0.763452  cuda_compute_step_factor(int, float*, float*, float*)
                     0.04  2.227155         3  0.742385  0.589628  0.984154  cuda_initialize_variables(int, float*)
                     0.00  7.36e-03         5  1.47e-03  1.38e-03  1.76e-03  [CUDA memcpy HtoD]
                     0.00  2.08e-03         1  2.08e-03  2.08e-03  2.08e-03  [CUDA memset]
      API calls:    93.63  6.20e+03      2000  3.102097  0.065476  11.68706  cudaMemcpy
                     4.50  298.2437         5  59.64875  5.88e-03  298.2107  cudaMemcpyToSymbol
                     1.22  80.71268     14003  5.76e-03  4.36e-03  0.444075  cudaLaunchKernel
                     0.31  20.86520         7  2.980743  7.20e-03  20.52986  cudaMallocManaged
                     0.08  5.041590       388  0.012993  1.11e-04  1.208639  cuDeviceGetAttribute
                     0.07  4.610141         4  1.152535  1.141702  1.163684  cuDeviceTotalMem
                     0.06  3.965169     28003  1.41e-04  8.60e-05  0.494810  cudaGetLastError
                     0.05  3.130185         2  1.565092  7.64e-03  3.122541  cudaThreadSynchronize
                     0.04  2.469212         1  2.469212  2.469212  2.469212  cudaMemset
                     0.03  1.815144        10  0.181514  4.38e-04  0.765225  cudaFree
                     0.01  0.822835         1  0.822835  0.822835  0.822835  cudaGetDeviceProperties
                     0.00  0.310708         4  0.077677  0.070088  0.085702  cuDeviceGetName
                     0.00  0.020700         3  6.90e-03  1.60e-03  0.015554  cudaMemAdvise
                     0.00  9.20e-03         4  2.30e-03  1.14e-03  5.40e-03  cuDeviceGetPCIBusId
                     0.00  8.62e-03         1  8.62e-03  8.62e-03  8.62e-03  cudaSetDevice
                     0.00  2.38e-03         8  2.97e-04  1.70e-04  8.03e-04  cuDeviceGet
                     0.00  2.10e-03         1  2.10e-03  2.10e-03  2.10e-03  cudaGetDevice
                     0.00  1.23e-03         3  4.09e-04  1.28e-04  7.23e-04  cuDeviceGetCount
                     0.00  9.61e-04         4  2.40e-04  2.11e-04  2.82e-04  cuDeviceGetUuid

==18527== Unified Memory profiling result:
Device "Tesla V100-PCIE-32GB (0)"
   Count  Avg Size  Min Size  Max Size  Total Size  Total Time  Name
      27  28.000KB  4.0000KB  156.00KB  756.0000KB    0.129408ms  Host To Device
      68         -         -         -           -   13.227488ms  Gpu page fault groups
    2231  5.4209KB  4.0000KB  72.000KB  11.81250MB           -  Remote mapping from device
Total CPU Page faults: 12
Total remote mappings to CPU: 2231
