==28403== NVPROF is profiling process 28403, command: ./cfd_1154 ../../../data/cfd/fvcorr.domn.193K
==28403== Profiling application: ./cfd_1154 ../../../data/cfd/fvcorr.domn.193K
==28403== Profiling result:
            Type  Time(%)      Time     Calls       Avg       Min       Max  Name
                        %        ms                  ms        ms        ms
 GPU activities:    96.70  4.59e+03      6000  0.765573  0.754588  7.593140  cuda_compute_flux(int, int*, float*, float*, float*)
                     2.40  113.7869      6000  0.018964  0.017536  0.023007  cuda_time_step(int, int, float*, float*, float*, float*)
                     0.44  21.12138      2000  0.010560  9.86e-03  0.014080  [CUDA memcpy DtoD]
                     0.42  19.89867      2000  9.95e-03  8.93e-03  0.762460  cuda_compute_step_factor(int, float*, float*, float*)
                     0.05  2.164660         3  0.721553  0.639644  0.852539  cuda_initialize_variables(int, float*)
                     0.00  7.33e-03         5  1.47e-03  1.38e-03  1.76e-03  [CUDA memcpy HtoD]
                     0.00  2.08e-03         1  2.08e-03  2.08e-03  2.08e-03  [CUDA memset]
      API calls:    91.82  4.70e+03      2000  2.349010  0.056080  9.897921  cudaMemcpy
                     5.81  297.0646         5  59.41291  5.97e-03  297.0314  cudaMemcpyToSymbol
                     1.55  79.29466     14003  5.66e-03  4.54e-03  0.450044  cudaLaunchKernel
                     0.41  20.90334         7  2.986192  7.07e-03  20.51079  cudaMallocManaged
                     0.09  4.645638         4  1.161409  1.136206  1.220929  cuDeviceTotalMem
                     0.08  4.315222     28003  1.54e-04  8.60e-05  0.428934  cudaGetLastError
                     0.08  4.176000       388  0.010762  1.09e-04  1.126812  cuDeviceGetAttribute
                     0.05  2.420919         1  2.420919  2.420919  2.420919  cudaMemset
                     0.05  2.372359         2  1.186179  7.38e-03  2.364980  cudaThreadSynchronize
                     0.04  1.914532        10  0.191453  4.15e-04  0.817284  cudaFree
                     0.02  0.832488         1  0.832488  0.832488  0.832488  cudaGetDeviceProperties
                     0.01  0.279454         4  0.069863  0.067587  0.072192  cuDeviceGetName
                     0.00  0.043192         3  0.014397  3.10e-03  0.030453  cudaMemAdvise
                     0.00  8.92e-03         4  2.23e-03  1.19e-03  4.95e-03  cuDeviceGetPCIBusId
                     0.00  7.12e-03         1  7.12e-03  7.12e-03  7.12e-03  cudaSetDevice
                     0.00  2.33e-03         8  2.90e-04  1.60e-04  6.21e-04  cuDeviceGet
                     0.00  1.85e-03         1  1.85e-03  1.85e-03  1.85e-03  cudaGetDevice
                     0.00  1.41e-03         3  4.71e-04  1.42e-04  7.54e-04  cuDeviceGetCount
                     0.00  8.40e-04         4  2.10e-04  1.76e-04  2.72e-04  cuDeviceGetUuid

==28403== Unified Memory profiling result:
Device "Tesla V100-PCIE-32GB (0)"
   Count  Avg Size  Min Size  Max Size  Total Size  Total Time  Name
      74  51.081KB  4.0000KB  992.00KB  3.691406MB    0.499392ms  Host To Device
      67         -         -         -           -   11.714976ms  Gpu page fault groups
    1623  5.5889KB  4.0000KB  52.000KB  8.859375MB           -  Remote mapping from device
Total CPU Page faults: 214
Total remote mappings to CPU: 1623
