==30758== NVPROF is profiling process 30758, command: ./cfd_1225 ../../../data/cfd/fvcorr.domn.193K
==30758== Profiling application: ./cfd_1225 ../../../data/cfd/fvcorr.domn.193K
==30758== Profiling result:
            Type  Time(%)      Time     Calls       Avg       Min       Max  Name
                        %        ms                  ms        ms        ms
 GPU activities:    68.72  361.9820      6000  0.060330  0.057503  3.810667  cuda_compute_flux(int, int*, float*, float*, float*)
                    23.15  121.9301      6000  0.020321  0.018304  0.022976  cuda_time_step(int, int, float*, float*, float*, float*)
                     4.00  21.04625      2000  0.010523  9.82e-03  0.013824  [CUDA memcpy DtoD]
                     3.75  19.75880      2000  9.88e-03  8.83e-03  0.718332  cuda_compute_step_factor(int, float*, float*, float*)
                     0.39  2.059444         3  0.686481  0.574780  0.901307  cuda_initialize_variables(int, float*)
                     0.00  7.39e-03         5  1.48e-03  1.41e-03  1.76e-03  [CUDA memcpy HtoD]
                     0.00  2.08e-03         1  2.08e-03  2.08e-03  2.08e-03  [CUDA memset]
      API calls:    53.36  475.7580      2000  0.237878  0.036508  4.701002  cudaMemcpy
                    33.75  300.9189         5  60.18378  5.98e-03  300.8854  cudaMemcpyToSymbol
                     8.67  77.31370     14003  5.52e-03  4.54e-03  0.436828  cudaLaunchKernel
                     2.35  20.98709         7  2.998156  9.46e-03  20.50530  cudaMallocManaged
                     0.52  4.674090         4  1.168522  1.156677  1.194764  cuDeviceTotalMem
                     0.38  3.383219       388  8.72e-03  1.10e-04  0.364411  cuDeviceGetAttribute
                     0.36  3.189880     28003  1.13e-04  8.60e-05  0.011982  cudaGetLastError
                     0.25  2.248682         1  2.248682  2.248682  2.248682  cudaMemset
                     0.18  1.591935        10  0.159193  4.80e-04  0.752419  cudaFree
                     0.10  0.848702         1  0.848702  0.848702  0.848702  cudaGetDeviceProperties
                     0.03  0.303712         4  0.075928  0.070575  0.080491  cuDeviceGetName
                     0.03  0.243948         2  0.121974  0.017410  0.226538  cudaThreadSynchronize
                     0.00  0.038796         3  0.012932  2.60e-03  0.033331  cudaMemAdvise
                     0.00  9.99e-03         4  2.50e-03  1.29e-03  4.98e-03  cuDeviceGetPCIBusId
                     0.00  8.45e-03         1  8.45e-03  8.45e-03  8.45e-03  cudaSetDevice
                     0.00  2.94e-03         8  3.67e-04  1.62e-04  1.06e-03  cuDeviceGet
                     0.00  2.09e-03         1  2.09e-03  2.09e-03  2.09e-03  cudaGetDevice
                     0.00  1.37e-03         3  4.56e-04  2.31e-04  7.96e-04  cuDeviceGetCount
                     0.00  8.09e-04         4  2.02e-04  1.92e-04  2.16e-04  cuDeviceGetUuid

==30758== Unified Memory profiling result:
Device "Tesla V100-PCIE-32GB (0)"
   Count  Avg Size  Min Size  Max Size  Total Size  Total Time  Name
     367  35.019KB  4.0000KB  0.9805MB  12.55078MB    2.009120ms  Host To Device
      37         -         -         -           -    6.846528ms  Gpu page fault groups
Total CPU Page faults: 83
