==29886== NVPROF is profiling process 29886, command: ./cfd_1214 ../../../data/cfd/fvcorr.domn.193K
==29886== Profiling application: ./cfd_1214 ../../../data/cfd/fvcorr.domn.193K
==29886== Profiling result:
            Type  Time(%)      Time     Calls       Avg       Min       Max  Name
                        %        ms                  ms        ms        ms
 GPU activities:    96.68  4.59e+03      6000  0.764822  0.754715  7.658004  cuda_compute_flux(int, int*, float*, float*, float*)
                     2.41  114.2029      6000  0.019033  0.017504  0.022368  cuda_time_step(int, int, float*, float*, float*, float*)
                     0.45  21.14340      2000  0.010571  9.89e-03  0.013888  [CUDA memcpy DtoD]
                     0.42  19.75085      2000  9.88e-03  8.90e-03  0.687324  cuda_compute_step_factor(int, float*, float*, float*)
                     0.05  2.484210         3  0.828070  0.732412  0.883483  cuda_initialize_variables(int, float*)
                     0.00  7.39e-03         5  1.48e-03  1.38e-03  1.76e-03  [CUDA memcpy HtoD]
                     0.00  2.24e-03         1  2.24e-03  2.24e-03  2.24e-03  [CUDA memset]
      API calls:    91.92  4.70e+03      2000  2.347836  0.058472  9.906986  cudaMemcpy
                     5.78  295.1475         5  59.02949  6.27e-03  295.1137  cudaMemcpyToSymbol
                     1.51  77.00609     14003  5.50e-03  4.15e-03  0.485014  cudaLaunchKernel
                     0.41  20.92726         7  2.989609  7.63e-03  20.53530  cudaMallocManaged
                     0.09  4.632550         4  1.158137  1.139739  1.192471  cuDeviceTotalMem
                     0.08  3.940072     28003  1.40e-04  8.50e-05  0.480653  cudaGetLastError
                     0.07  3.335909       388  8.60e-03  1.10e-04  0.352920  cuDeviceGetAttribute
                     0.05  2.693332         1  2.693332  2.693332  2.693332  cudaMemset
                     0.05  2.352853         2  1.176426  8.11e-03  2.344745  cudaThreadSynchronize
                     0.03  1.697033        10  0.169703  4.60e-04  0.747148  cudaFree
                     0.02  0.831993         1  0.831993  0.831993  0.831993  cudaGetDeviceProperties
                     0.01  0.297132         4  0.074283  0.067318  0.088888  cuDeviceGetName
                     0.00  0.035756         3  0.011918  2.14e-03  0.028959  cudaMemAdvise
                     0.00  9.04e-03         4  2.26e-03  1.19e-03  5.25e-03  cuDeviceGetPCIBusId
                     0.00  7.13e-03         1  7.13e-03  7.13e-03  7.13e-03  cudaSetDevice
                     0.00  2.80e-03         8  3.50e-04  1.57e-04  7.67e-04  cuDeviceGet
                     0.00  1.87e-03         1  1.87e-03  1.87e-03  1.87e-03  cudaGetDevice
                     0.00  1.31e-03         3  4.37e-04  1.43e-04  7.03e-04  cuDeviceGetCount
                     0.00  8.11e-04         4  2.02e-04  1.89e-04  2.28e-04  cuDeviceGetUuid

==29886== Unified Memory profiling result:
Device "Tesla V100-PCIE-32GB (0)"
   Count  Avg Size  Min Size  Max Size  Total Size  Total Time  Name
      63  60.000KB  4.0000KB  0.9844MB  3.691406MB    0.469024ms  Host To Device
      64         -         -         -           -   11.994016ms  Gpu page fault groups
    1636  5.5449KB  4.0000KB  40.000KB  8.859375MB           -  Remote mapping from device
Total CPU Page faults: 766
Total remote mappings to CPU: 1636
