==58634== NVPROF is profiling process 58634, command: ./cfd_0022 ../../../data/cfd/missile.domn.0.2M
==58634== Profiling application: ./cfd_0022 ../../../data/cfd/missile.domn.0.2M
==58634== Profiling result:
            Type  Time(%)      Time     Calls       Avg       Min       Max  Name
                        %        ms                  ms        ms        ms
 GPU activities:    70.59  480.3836      6000  0.080063  0.068640  4.404295  cuda_compute_flux(int, int*, float*, float*, float*)
                    20.54  139.7681      6000  0.023294  0.021440  0.026432  cuda_time_step(int, int, float*, float*, float*, float*)
                     4.55  30.97434      2000  0.015487  0.014528  0.022144  [CUDA memcpy DtoD]
                     3.99  27.13775      2000  0.013568  0.011744  0.271551  cuda_compute_step_factor(int, float*, float*, float*)
                     0.32  2.207156         3  0.735718  0.626525  0.933627  cuda_initialize_variables(int, float*)
                     0.00  7.39e-03         5  1.48e-03  1.41e-03  1.76e-03  [CUDA memcpy HtoD]
                     0.00  4.51e-03         1  4.51e-03  4.51e-03  4.51e-03  [CUDA memset]
      API calls:    60.33  631.5509      2000  0.315775  0.078022  4.869471  cudaMemcpy
                    28.56  299.0126         5  59.80252  6.15e-03  298.9668  cudaMemcpyToSymbol
                     7.38  77.28376     14003  5.52e-03  4.29e-03  0.215986  cudaLaunchKernel
                     2.00  20.97089         7  2.995840  0.018844  20.52013  cudaMallocManaged
                     0.44  4.590903         4  1.147725  1.139579  1.153458  cuDeviceTotalMem
                     0.41  4.280091     28003  1.52e-04  8.50e-05  0.429031  cudaGetLastError
                     0.33  3.445271       388  8.88e-03  1.10e-04  0.373664  cuDeviceGetAttribute
                     0.24  2.487360         1  2.487360  2.487360  2.487360  cudaMemset
                     0.17  1.763352        10  0.176335  4.17e-04  0.794219  cudaFree
                     0.08  0.872237         1  0.872237  0.872237  0.872237  cudaGetDeviceProperties
                     0.03  0.310615         2  0.155307  8.65e-03  0.301962  cudaThreadSynchronize
                     0.03  0.281241         4  0.070310  0.067514  0.074064  cuDeviceGetName
                     0.00  0.027840         2  0.013920  5.13e-03  0.022707  cudaMemAdvise
                     0.00  9.02e-03         4  2.26e-03  1.22e-03  4.99e-03  cuDeviceGetPCIBusId
                     0.00  7.31e-03         1  7.31e-03  7.31e-03  7.31e-03  cudaSetDevice
                     0.00  2.51e-03         8  3.13e-04  1.55e-04  6.02e-04  cuDeviceGet
                     0.00  2.10e-03         1  2.10e-03  2.10e-03  2.10e-03  cudaGetDevice
                     0.00  1.47e-03         3  4.90e-04  1.47e-04  7.29e-04  cuDeviceGetCount
                     0.00  7.99e-04         4  1.99e-04  1.80e-04  2.29e-04  cuDeviceGetUuid

==58634== Unified Memory profiling result:
Device "Tesla V100-PCIE-32GB (0)"
   Count  Avg Size  Min Size  Max Size  Total Size  Total Time  Name
     462  33.696KB  4.0000KB  840.00KB  15.20313MB    2.496224ms  Host To Device
      44         -         -         -           -    7.583744ms  Gpu page fault groups
Total CPU Page faults: 90
