==62155== NVPROF is profiling process 62155, command: ./cfd_0110 ../../../data/cfd/fvcorr.domn.097K
==62155== Profiling application: ./cfd_0110 ../../../data/cfd/fvcorr.domn.097K
==62155== Profiling result:
            Type  Time(%)      Time     Calls       Avg       Min       Max  Name
                        %        ms                  ms        ms        ms
 GPU activities:    73.63  215.9071      6000  0.035984  0.032960  2.220788  cuda_compute_flux(int, int*, float*, float*, float*)
                    18.73  54.93080      6000  9.15e-03  7.78e-03  0.011424  cuda_time_step(int, int, float*, float*, float*, float*)
                     4.09  11.98451      2000  5.99e-03  5.76e-03  0.012576  [CUDA memcpy DtoD]
                     3.20  9.369208      2000  4.68e-03  4.26e-03  0.363102  cuda_compute_step_factor(int, float*, float*, float*)
                     0.36  1.043771         3  0.347923  0.267071  0.463550  cuda_initialize_variables(int, float*)
                     0.00  7.30e-03         5  1.46e-03  1.38e-03  1.76e-03  [CUDA memcpy HtoD]
                     0.00  1.89e-03         1  1.89e-03  1.89e-03  1.89e-03  [CUDA memset]
      API calls:    45.30  297.5896         5  59.51791  5.66e-03  297.5565  cudaMemcpyToSymbol
                    37.75  247.9572      2000  0.123978  0.024732  2.666508  cudaMemcpy
                    11.51  75.61718     14003  5.40e-03  4.22e-03  0.436432  cudaLaunchKernel
                     3.14  20.65429         7  2.950612  0.010748  20.49160  cudaMallocManaged
                     0.69  4.534290         4  1.133572  1.129447  1.141978  cuDeviceTotalMem
                     0.54  3.572731     28003  1.27e-04  8.50e-05  0.412613  cudaGetLastError
                     0.52  3.427255       388  8.83e-03  1.09e-04  0.371295  cuDeviceGetAttribute
                     0.18  1.203401         1  1.203401  1.203401  1.203401  cudaMemset
                     0.16  1.047409        10  0.104740  4.03e-04  0.361088  cudaFree
                     0.13  0.832458         1  0.832458  0.832458  0.832458  cudaGetDeviceProperties
                     0.04  0.285905         4  0.071476  0.068171  0.073796  cuDeviceGetName
                     0.02  0.124042         2  0.062021  5.39e-03  0.118654  cudaThreadSynchronize
                     0.01  0.050676         2  0.025338  0.021220  0.029456  cudaMemAdvise
                     0.00  9.79e-03         4  2.45e-03  1.17e-03  4.97e-03  cuDeviceGetPCIBusId
                     0.00  8.09e-03         1  8.09e-03  8.09e-03  8.09e-03  cudaSetDevice
                     0.00  2.35e-03         8  2.93e-04  1.51e-04  5.49e-04  cuDeviceGet
                     0.00  2.22e-03         1  2.22e-03  2.22e-03  2.22e-03  cudaGetDevice
                     0.00  1.39e-03         3  4.63e-04  1.71e-04  7.33e-04  cuDeviceGetCount
                     0.00  7.99e-04         4  1.99e-04  1.79e-04  2.23e-04  cuDeviceGetUuid

==62155== Unified Memory profiling result:
Device "Tesla V100-PCIE-32GB (0)"
   Count  Avg Size  Min Size  Max Size  Total Size  Total Time  Name
     183  35.278KB  4.0000KB  924.00KB  6.304688MB    0.963936ms  Host To Device
      24         -         -         -           -    3.803488ms  Gpu page fault groups
Total CPU Page faults: 508
