==18294== NVPROF is profiling process 18294, command: ./cfd_0542 ../../../data/cfd/missile.domn.0.2M
==18294== Profiling application: ./cfd_0542 ../../../data/cfd/missile.domn.0.2M
==18294== Profiling result:
            Type  Time(%)      Time     Calls       Avg       Min       Max  Name
                        %        ms                  ms        ms        ms
 GPU activities:    90.58  1.92e+03      6000  0.320247  0.311134  5.899200  cuda_compute_flux(int, int*, float*, float*, float*)
                     6.59  139.7296      6000  0.023288  0.021440  0.026432  cuda_time_step(int, int, float*, float*, float*, float*)
                     1.45  30.81709      2000  0.015408  0.014432  0.021600  [CUDA memcpy DtoD]
                     1.28  27.05422      2000  0.013527  0.011712  0.714268  cuda_compute_step_factor(int, float*, float*, float*)
                     0.11  2.247925         3  0.749308  0.646493  0.882427  cuda_initialize_variables(int, float*)
                     0.00  7.81e-03         5  1.56e-03  1.41e-03  2.02e-03  [CUDA memcpy HtoD]
                     0.00  4.42e-03         1  4.42e-03  4.42e-03  4.42e-03  [CUDA memset]
      API calls:    83.32  2.07e+03      2000  1.034825  0.068363  7.289824  cudaMemcpy
                    11.92  296.2068         5  59.24135  6.28e-03  296.1733  cudaMemcpyToSymbol
                     3.16  78.54408     14003  5.61e-03  4.29e-03  0.431293  cudaLaunchKernel
                     0.84  20.93065         7  2.990092  0.013670  20.55100  cudaMallocManaged
                     0.18  4.587504         4  1.146876  1.138830  1.164770  cuDeviceTotalMem
                     0.17  4.290541     28003  1.53e-04  8.50e-05  0.438385  cudaGetLastError
                     0.13  3.340106       388  8.61e-03  1.10e-04  0.358090  cuDeviceGetAttribute
                     0.10  2.504996         1  2.504996  2.504996  2.504996  cudaMemset
                     0.07  1.707395        10  0.170739  4.41e-04  0.745047  cudaFree
                     0.04  1.017945         2  0.508972  7.82e-03  1.010126  cudaThreadSynchronize
                     0.03  0.838729         1  0.838729  0.838729  0.838729  cudaGetDeviceProperties
                     0.01  0.288404         4  0.072101  0.067494  0.081340  cuDeviceGetName
                     0.00  0.021481         3  7.16e-03  2.02e-03  0.015995  cudaMemAdvise
                     0.00  9.43e-03         4  2.36e-03  1.19e-03  5.47e-03  cuDeviceGetPCIBusId
                     0.00  8.05e-03         1  8.05e-03  8.05e-03  8.05e-03  cudaSetDevice
                     0.00  2.44e-03         8  3.04e-04  1.81e-04  7.49e-04  cuDeviceGet
                     0.00  2.19e-03         1  2.19e-03  2.19e-03  2.19e-03  cudaGetDevice
                     0.00  1.39e-03         3  4.62e-04  1.43e-04  7.34e-04  cuDeviceGetCount
                     0.00  8.89e-04         4  2.22e-04  1.93e-04  2.56e-04  cuDeviceGetUuid

==18294== Unified Memory profiling result:
Device "Tesla V100-PCIE-32GB (0)"
   Count  Avg Size  Min Size  Max Size  Total Size  Total Time  Name
     329  35.927KB  4.0000KB  840.00KB  11.54297MB    1.871104ms  Host To Device
      68         -         -         -           -    9.524896ms  Gpu page fault groups
     533  6.8213KB  4.0000KB  56.000KB  3.550781MB           -  Remote mapping from device
Total CPU Page faults: 72
Total remote mappings to CPU: 533
