==8307== NVPROF is profiling process 8307, command: ./cfd_0333 ../../../data/cfd/fvcorr.domn.193K
==8307== Profiling application: ./cfd_0333 ../../../data/cfd/fvcorr.domn.193K
==8307== Profiling result:
            Type  Time(%)      Time     Calls       Avg       Min       Max  Name
                        %        ms                  ms        ms        ms
 GPU activities:    95.68  6.06e+03      6000  1.010490  1.002810  1.118457  cuda_compute_flux(int, int*, float*, float*, float*)
                     2.18  137.9201      2000  0.068960  0.068224  0.084992  cuda_compute_step_factor(int, float*, float*, float*)
                     1.78  112.7850      6000  0.018797  0.017407  0.023360  cuda_time_step(int, int, float*, float*, float*, float*)
                     0.33  21.18670      2000  0.010593  9.86e-03  0.013344  [CUDA memcpy DtoD]
                     0.03  2.120755         3  0.706918  0.579901  0.902106  cuda_initialize_variables(int, float*)
                     0.00  7.49e-03         5  1.50e-03  1.41e-03  1.79e-03  [CUDA memcpy HtoD]
                     0.00  2.08e-03         1  2.08e-03  2.08e-03  2.08e-03  [CUDA memset]
      API calls:    93.67  6.28e+03      2000  3.138433  0.067216  3.273179  cudaMemcpy
                     4.42  296.4204         5  59.28409  5.97e-03  296.3875  cudaMemcpyToSymbol
                     1.26  84.62675     14003  6.04e-03  4.65e-03  0.517362  cudaLaunchKernel
                     0.31  20.77979         7  2.968541  6.40e-03  20.43416  cudaMallocManaged
                     0.08  5.029100     28003  1.79e-04  1.42e-04  0.010925  cudaGetLastError
                     0.07  4.679408         4  1.169852  1.139919  1.201010  cuDeviceTotalMem
                     0.07  4.377639       388  0.011282  1.10e-04  1.162159  cuDeviceGetAttribute
                     0.05  3.125931         2  1.562965  7.62e-03  3.118313  cudaThreadSynchronize
                     0.03  2.333369         1  2.333369  2.333369  2.333369  cudaMemset
                     0.03  1.874587        10  0.187458  4.10e-04  0.804322  cudaFree
                     0.01  0.851645         1  0.851645  0.851645  0.851645  cudaGetDeviceProperties
                     0.00  0.283895         4  0.070973  0.068512  0.072863  cuDeviceGetName
                     0.00  0.020520         3  6.84e-03  1.43e-03  0.017001  cudaMemAdvise
                     0.00  8.75e-03         4  2.19e-03  1.14e-03  4.84e-03  cuDeviceGetPCIBusId
                     0.00  7.59e-03         1  7.59e-03  7.59e-03  7.59e-03  cudaSetDevice
                     0.00  2.44e-03         8  3.05e-04  1.51e-04  7.73e-04  cuDeviceGet
                     0.00  1.91e-03         1  1.91e-03  1.91e-03  1.91e-03  cudaGetDevice
                     0.00  1.26e-03         3  4.21e-04  1.28e-04  7.48e-04  cuDeviceGetCount
                     0.00  1.11e-03         4  2.78e-04  2.13e-04  3.95e-04  cuDeviceGetUuid

==8307== Unified Memory profiling result:
Device "Tesla V100-PCIE-32GB (0)"
   Count  Avg Size  Min Size  Max Size  Total Size  Total Time  Name
      22         -         -         -           -    2.370560ms  Gpu page fault groups
      94  136.72KB  64.000KB  448.00KB  12.55078MB           -  Remote mapping from device
Total CPU Page faults: 83
Total remote mappings to CPU: 94
