==1527== NVPROF is profiling process 1527, command: ./cfd_0205 ../../../data/cfd/missile.domn.0.2M
==1527== Profiling application: ./cfd_0205 ../../../data/cfd/missile.domn.0.2M
==1527== Profiling result:
            Type  Time(%)      Time     Calls       Avg       Min       Max  Name
                        %        ms                  ms        ms        ms
 GPU activities:    70.58  478.1951      6000  0.079699  0.068191  4.247303  cuda_compute_flux(int, int*, float*, float*, float*)
                    20.59  139.5179      6000  0.023252  0.021119  0.026720  cuda_time_step(int, int, float*, float*, float*, float*)
                     4.55  30.81620      2000  0.015408  0.014464  0.022656  [CUDA memcpy DtoD]
                     3.98  26.94966      2000  0.013474  0.011520  0.559101  cuda_compute_step_factor(int, float*, float*, float*)
                     0.30  2.009012         3  0.669670  0.570973  0.800059  cuda_initialize_variables(int, float*)
                     0.00  7.39e-03         5  1.48e-03  1.41e-03  1.76e-03  [CUDA memcpy HtoD]
                     0.00  4.70e-03         1  4.70e-03  4.70e-03  4.70e-03  [CUDA memset]
      API calls:    60.03  627.7479      2000  0.313873  0.094265  5.010350  cudaMemcpy
                    28.50  298.0360         5  59.60721  5.87e-03  298.0025  cudaMemcpyToSymbol
                     7.76  81.16749     14003  5.80e-03  4.29e-03  0.839435  cudaLaunchKernel
                     1.99  20.82289         7  2.974698  0.015424  20.44310  cudaMallocManaged
                     0.44  4.579051         4  1.144762  1.140141  1.155601  cuDeviceTotalMem
                     0.41  4.331676     28003  1.54e-04  8.50e-05  0.468998  cudaGetLastError
                     0.32  3.392567       388  8.74e-03  1.10e-04  0.370024  cuDeviceGetAttribute
                     0.22  2.300084         1  2.300084  2.300084  2.300084  cudaMemset
                     0.17  1.828420        10  0.182842  4.17e-04  0.801138  cudaFree
                     0.08  0.856749         1  0.856749  0.856749  0.856749  cudaGetDeviceProperties
                     0.03  0.309823         2  0.154911  8.00e-03  0.301826  cudaThreadSynchronize
                     0.03  0.292652         4  0.073163  0.067889  0.084068  cuDeviceGetName
                     0.00  0.020134         2  0.010067  3.00e-03  0.017132  cudaMemAdvise
                     0.00  9.05e-03         4  2.26e-03  1.17e-03  5.18e-03  cuDeviceGetPCIBusId
                     0.00  7.08e-03         1  7.08e-03  7.08e-03  7.08e-03  cudaSetDevice
                     0.00  2.59e-03         8  3.23e-04  1.55e-04  6.57e-04  cuDeviceGet
                     0.00  1.88e-03         1  1.88e-03  1.88e-03  1.88e-03  cudaGetDevice
                     0.00  1.36e-03         3  4.53e-04  1.33e-04  7.06e-04  cuDeviceGetCount
                     0.00  8.68e-04         4  2.17e-04  1.69e-04  2.73e-04  cuDeviceGetUuid

==1527== Unified Memory profiling result:
Device "Tesla V100-PCIE-32GB (0)"
   Count  Avg Size  Min Size  Max Size  Total Size  Total Time  Name
     468  33.025KB  4.0000KB  984.00KB  15.09375MB    2.427456ms  Host To Device
      42         -         -         -           -    7.428512ms  Gpu page fault groups
Total CPU Page faults: 90
