==12619== NVPROF is profiling process 12619, command: ./cfd_0430 ../../../data/cfd/missile.domn.0.2M
==12619== Profiling application: ./cfd_0430 ../../../data/cfd/missile.domn.0.2M
==12619== Profiling result:
            Type  Time(%)      Time     Calls       Avg       Min       Max  Name
                        %        ms                  ms        ms        ms
 GPU activities:    84.29  1.91e+03      6000  0.317922  0.311390  3.546155  cuda_compute_flux(int, int*, float*, float*, float*)
                     7.53  170.4004      2000  0.085200  0.081536  1.108250  cuda_compute_step_factor(int, float*, float*, float*)
                     6.71  151.7782      6000  0.025296  0.023424  0.035008  cuda_time_step(int, int, float*, float*, float*, float*)
                     1.36  30.87426      2000  0.015437  0.014496  0.022751  [CUDA memcpy DtoD]
                     0.11  2.526001         3  0.842000  0.728604  1.052729  cuda_initialize_variables(int, float*)
                     0.00  7.39e-03         5  1.48e-03  1.38e-03  1.79e-03  [CUDA memcpy HtoD]
                     0.00  4.42e-03         1  4.42e-03  4.42e-03  4.42e-03  [CUDA memset]
      API calls:    84.10  2.21e+03      2000  1.105766  0.069132  5.326202  cudaMemcpy
                    11.40  299.8271         5  59.96542  5.89e-03  299.7939  cudaMemcpyToSymbol
                     2.97  78.06923     14003  5.58e-03  4.26e-03  0.155109  cudaLaunchKernel
                     0.80  20.93775         7  2.991107  0.017587  20.48037  cudaMallocManaged
                     0.17  4.575278         4  1.143819  1.140342  1.148829  cuDeviceTotalMem
                     0.17  4.483779     28003  1.60e-04  8.50e-05  0.462446  cudaGetLastError
                     0.13  3.370662       388  8.69e-03  1.10e-04  0.361639  cuDeviceGetAttribute
                     0.11  2.781605         1  2.781605  2.781605  2.781605  cudaMemset
                     0.07  1.734845        10  0.173484  4.57e-04  0.682422  cudaFree
                     0.04  1.102322         2  0.551161  7.92e-03  1.094398  cudaThreadSynchronize
                     0.03  0.863686         1  0.863686  0.863686  0.863686  cudaGetDeviceProperties
                     0.01  0.278231         4  0.069557  0.067444  0.073323  cuDeviceGetName
                     0.00  0.044397         2  0.022198  0.010390  0.034007  cudaMemAdvise
                     0.00  8.97e-03         4  2.24e-03  1.22e-03  4.96e-03  cuDeviceGetPCIBusId
                     0.00  7.08e-03         1  7.08e-03  7.08e-03  7.08e-03  cudaSetDevice
                     0.00  2.64e-03         8  3.29e-04  1.60e-04  7.34e-04  cuDeviceGet
                     0.00  1.91e-03         1  1.91e-03  1.91e-03  1.91e-03  cudaGetDevice
                     0.00  1.26e-03         3  4.19e-04  1.18e-04  7.30e-04  cuDeviceGetCount
                     0.00  8.16e-04         4  2.04e-04  1.80e-04  2.42e-04  cuDeviceGetUuid

==12619== Unified Memory profiling result:
Device "Tesla V100-PCIE-32GB (0)"
   Count  Avg Size  Min Size  Max Size  Total Size  Total Time  Name
     337  32.367KB  4.0000KB  848.00KB  10.65234MB    1.758816ms  Host To Device
      50         -         -         -           -    8.075072ms  Gpu page fault groups
     102  44.588KB  4.0000KB  564.00KB  4.441406MB           -  Remote mapping from device
Total CPU Page faults: 86
Total remote mappings to CPU: 102
