==2718== NVPROF is profiling process 2718, command: ./cfd_0223 ../../../data/cfd/fvcorr.domn.193K
==2718== Profiling application: ./cfd_0223 ../../../data/cfd/fvcorr.domn.193K
==2718== Profiling result:
            Type  Time(%)      Time     Calls       Avg       Min       Max  Name
                        %        ms                  ms        ms        ms
 GPU activities:    96.69  4.59e+03      6000  0.764775  0.754300  1.863253  cuda_compute_flux(int, int*, float*, float*, float*)
                     2.41  114.2262      6000  0.019037  0.017504  0.023840  cuda_time_step(int, int, float*, float*, float*, float*)
                     0.45  21.19126      2000  0.010595  9.92e-03  0.013887  [CUDA memcpy DtoD]
                     0.41  19.68392      2000  9.84e-03  8.90e-03  0.531293  cuda_compute_step_factor(int, float*, float*, float*)
                     0.05  2.205874         3  0.735291  0.600349  0.866394  cuda_initialize_variables(int, float*)
                     0.00  7.36e-03         5  1.47e-03  1.38e-03  1.76e-03  [CUDA memcpy HtoD]
                     0.00  2.05e-03         1  2.05e-03  2.05e-03  2.05e-03  [CUDA memset]
      API calls:    91.60  4.69e+03      2000  2.343126  0.062704  3.949747  cudaMemcpy
                     5.93  303.1945         5  60.63889  5.70e-03  303.1568  cudaMemcpyToSymbol
                     1.67  85.42721     14003  6.10e-03  4.70e-03  0.519253  cudaLaunchKernel
                     0.41  20.79037         7  2.970052  7.02e-03  20.42889  cudaMallocManaged
                     0.09  4.733028         4  1.183257  1.146844  1.221793  cuDeviceTotalMem
                     0.08  3.928905     28003  1.40e-04  8.60e-05  0.011264  cudaGetLastError
                     0.07  3.501407       388  9.02e-03  1.09e-04  0.383357  cuDeviceGetAttribute
                     0.05  2.410170         1  2.410170  2.410170  2.410170  cudaMemset
                     0.05  2.314846         2  1.157423  8.04e-03  2.306808  cudaThreadSynchronize
                     0.04  2.102194        10  0.210219  4.11e-04  0.905814  cudaFree
                     0.02  0.854129         1  0.854129  0.854129  0.854129  cudaGetDeviceProperties
                     0.01  0.283951         4  0.070987  0.067281  0.076405  cuDeviceGetName
                     0.00  0.023846         3  7.95e-03  2.61e-03  0.018334  cudaMemAdvise
                     0.00  9.11e-03         4  2.28e-03  1.12e-03  4.73e-03  cuDeviceGetPCIBusId
                     0.00  7.34e-03         1  7.34e-03  7.34e-03  7.34e-03  cudaSetDevice
                     0.00  3.35e-03         8  4.18e-04  1.53e-04  1.12e-03  cuDeviceGet
                     0.00  1.84e-03         1  1.84e-03  1.84e-03  1.84e-03  cudaGetDevice
                     0.00  1.34e-03         3  4.46e-04  1.34e-04  7.30e-04  cuDeviceGetCount
                     0.00  7.66e-04         4  1.91e-04  1.65e-04  2.50e-04  cuDeviceGetUuid

==2718== Unified Memory profiling result:
Device "Tesla V100-PCIE-32GB (0)"
   Count  Avg Size  Min Size  Max Size  Total Size  Total Time  Name
      67  56.417KB  4.0000KB  532.00KB  3.691406MB    0.548192ms  Host To Device
      32         -         -         -           -    4.622432ms  Gpu page fault groups
      67  135.40KB  64.000KB  448.00KB  8.859375MB           -  Remote mapping from device
Total CPU Page faults: 83
Total remote mappings to CPU: 67
