==62905== NVPROF is profiling process 62905, command: ./cfd_0120 ../../../data/cfd/fvcorr.domn.097K
==62905== Profiling application: ./cfd_0120 ../../../data/cfd/fvcorr.domn.097K
==62905== Profiling result:
            Type  Time(%)      Time     Calls       Avg       Min       Max  Name
                        %        ms                  ms        ms        ms
 GPU activities:    73.58  215.7992      6000  0.035966  0.033408  2.043381  cuda_compute_flux(int, int*, float*, float*, float*)
                    18.72  54.90622      6000  9.15e-03  7.84e-03  0.011520  cuda_time_step(int, int, float*, float*, float*, float*)
                     4.16  12.19589      2000  6.10e-03  5.82e-03  0.013056  [CUDA memcpy DtoD]
                     3.19  9.346978      2000  4.67e-03  4.22e-03  0.372030  cuda_compute_step_factor(int, float*, float*, float*)
                     0.34  1.008763         3  0.336254  0.217759  0.517726  cuda_initialize_variables(int, float*)
                     0.00  7.61e-03         5  1.52e-03  1.38e-03  1.79e-03  [CUDA memcpy HtoD]
                     0.00  1.66e-03         1  1.66e-03  1.66e-03  1.66e-03  [CUDA memset]
      API calls:    45.64  305.2923         5  61.05845  5.66e-03  305.2586  cudaMemcpyToSymbol
                    36.87  246.6499      2000  0.123324  0.028027  2.471588  cudaMemcpy
                    12.05  80.58231     14003  5.75e-03  4.50e-03  0.484261  cudaLaunchKernel
                     3.12  20.85216         7  2.978880  0.011411  20.70122  cudaMallocManaged
                     0.70  4.703746         4  1.175936  1.140505  1.248655  cuDeviceTotalMem
                     0.54  3.631566     28003  1.29e-04  8.60e-05  0.471903  cudaGetLastError
                     0.50  3.377430       388  8.70e-03  1.11e-04  0.358151  cuDeviceGetAttribute
                     0.20  1.355367        10  0.135536  5.05e-04  0.412091  cudaFree
                     0.17  1.108710         1  1.108710  1.108710  1.108710  cudaMemset
                     0.13  0.847605         1  0.847605  0.847605  0.847605  cudaGetDeviceProperties
                     0.04  0.297386         4  0.074346  0.067793  0.091020  cuDeviceGetName
                     0.02  0.119799         2  0.059899  5.18e-03  0.114618  cudaThreadSynchronize
                     0.01  0.049576         2  0.024788  8.01e-03  0.041566  cudaMemAdvise
                     0.00  8.90e-03         4  2.22e-03  1.15e-03  4.99e-03  cuDeviceGetPCIBusId
                     0.00  7.13e-03         1  7.13e-03  7.13e-03  7.13e-03  cudaSetDevice
                     0.00  2.43e-03         8  3.03e-04  1.58e-04  6.37e-04  cuDeviceGet
                     0.00  1.85e-03         1  1.85e-03  1.85e-03  1.85e-03  cudaGetDevice
                     0.00  1.29e-03         3  4.31e-04  1.29e-04  7.28e-04  cuDeviceGetCount
                     0.00  7.51e-04         4  1.87e-04  1.59e-04  2.55e-04  cuDeviceGetUuid

==62905== Unified Memory profiling result:
Device "Tesla V100-PCIE-32GB (0)"
   Count  Avg Size  Min Size  Max Size  Total Size  Total Time  Name
     137  47.124KB  4.0000KB  936.00KB  6.304688MB    0.897248ms  Host To Device
      26         -         -         -           -    3.571168ms  Gpu page fault groups
Total CPU Page faults: 140
