==63533== NVPROF is profiling process 63533, command: ./cfd_0125 ../../../data/cfd/fvcorr.domn.097K
==63533== Profiling application: ./cfd_0125 ../../../data/cfd/fvcorr.domn.097K
==63533== Profiling result:
            Type  Time(%)      Time     Calls       Avg       Min       Max  Name
                        %        ms                  ms        ms        ms
 GPU activities:    73.54  215.9158      6000  0.035985  0.033312  2.204916  cuda_compute_flux(int, int*, float*, float*, float*)
                    18.71  54.94238      6000  9.16e-03  7.84e-03  0.011680  cuda_time_step(int, int, float*, float*, float*, float*)
                     4.15  12.17363      2000  6.09e-03  5.79e-03  0.011776  [CUDA memcpy DtoD]
                     3.22  9.453064      2000  4.73e-03  4.26e-03  0.468253  cuda_compute_step_factor(int, float*, float*, float*)
                     0.38  1.123002         3  0.374334  0.263071  0.519389  cuda_initialize_variables(int, float*)
                     0.00  7.39e-03         5  1.48e-03  1.38e-03  1.79e-03  [CUDA memcpy HtoD]
                     0.00  1.66e-03         1  1.66e-03  1.66e-03  1.66e-03  [CUDA memset]
      API calls:    44.98  297.3511         5  59.47021  6.00e-03  297.3176  cudaMemcpyToSymbol
                    37.43  247.3956      2000  0.123697  0.025591  2.740951  cudaMemcpy
                    12.11  80.05971     14003  5.72e-03  4.51e-03  0.451170  cudaLaunchKernel
                     3.12  20.63163         7  2.947376  0.010863  20.51735  cudaMallocManaged
                     0.71  4.663019         4  1.165754  1.139961  1.226530  cuDeviceTotalMem
                     0.65  4.281131       388  0.011033  1.09e-04  1.187380  cuDeviceGetAttribute
                     0.45  2.990945     28003  1.06e-04  8.40e-05  0.014234  cudaGetLastError
                     0.19  1.232577         1  1.232577  1.232577  1.232577  cudaMemset
                     0.17  1.131785        10  0.113178  4.38e-04  0.450948  cudaFree
                     0.13  0.834889         1  0.834889  0.834889  0.834889  cudaGetDeviceProperties
                     0.04  0.279679         4  0.069919  0.067940  0.073248  cuDeviceGetName
                     0.02  0.120643         2  0.060321  4.92e-03  0.115728  cudaThreadSynchronize
                     0.00  0.024729         3  8.24e-03  2.77e-03  0.014106  cudaMemAdvise
                     0.00  8.82e-03         4  2.20e-03  1.16e-03  4.94e-03  cuDeviceGetPCIBusId
                     0.00  7.08e-03         1  7.08e-03  7.08e-03  7.08e-03  cudaSetDevice
                     0.00  2.44e-03         8  3.04e-04  1.59e-04  5.41e-04  cuDeviceGet
                     0.00  1.73e-03         1  1.73e-03  1.73e-03  1.73e-03  cudaGetDevice
                     0.00  1.23e-03         3  4.11e-04  1.31e-04  6.96e-04  cuDeviceGetCount
                     0.00  8.05e-04         4  2.01e-04  1.70e-04  2.56e-04  cuDeviceGetUuid

==63533== Unified Memory profiling result:
Device "Tesla V100-PCIE-32GB (0)"
   Count  Avg Size  Min Size  Max Size  Total Size  Total Time  Name
     130  49.661KB  4.0000KB  932.00KB  6.304688MB    0.876832ms  Host To Device
      28         -         -         -           -    3.914912ms  Gpu page fault groups
Total CPU Page faults: 140
