==64061== NVPROF is profiling process 64061, command: ./cfd_0133 ../../../data/cfd/fvcorr.domn.193K
==64061== Profiling application: ./cfd_0133 ../../../data/cfd/fvcorr.domn.193K
==64061== Profiling result:
            Type  Time(%)      Time     Calls       Avg       Min       Max  Name
                        %        ms                  ms        ms        ms
 GPU activities:    97.49  6.09e+03      6000  1.015687  1.002842  1.140729  cuda_compute_flux(int, int*, float*, float*, float*)
                     1.81  113.2754      6000  0.018879  0.017472  0.022688  cuda_time_step(int, int, float*, float*, float*, float*)
                     0.34  21.39292      2000  0.010696  9.92e-03  0.014048  [CUDA memcpy DtoD]
                     0.32  20.17514      2000  0.010087  9.02e-03  0.647452  cuda_compute_step_factor(int, float*, float*, float*)
                     0.03  2.067347         3  0.689115  0.588988  0.869978  cuda_initialize_variables(int, float*)
                     0.00  7.39e-03         5  1.48e-03  1.38e-03  1.79e-03  [CUDA memcpy HtoD]
                     0.00  2.05e-03         1  2.05e-03  2.05e-03  2.05e-03  [CUDA memset]
      API calls:    93.59  6.20e+03      2000  3.099470  0.056962  3.808540  cudaMemcpy
                     4.62  305.8653         5  61.17306  6.05e-03  305.8322  cudaMemcpyToSymbol
                     1.18  77.83545     14003  5.56e-03  4.25e-03  0.433763  cudaLaunchKernel
                     0.31  20.73994         7  2.962848  7.63e-03  20.45994  cudaMallocManaged
                     0.07  4.700133         4  1.175033  1.159716  1.212791  cuDeviceTotalMem
                     0.05  3.516864       388  9.06e-03  1.10e-04  0.374807  cuDeviceGetAttribute
                     0.05  3.372747     28003  1.20e-04  8.50e-05  0.011169  cudaGetLastError
                     0.05  3.073362         2  1.536681  7.28e-03  3.066082  cudaThreadSynchronize
                     0.04  2.326985         1  2.326985  2.326985  2.326985  cudaMemset
                     0.03  1.954268        10  0.195426  4.12e-04  0.902123  cudaFree
                     0.01  0.884981         1  0.884981  0.884981  0.884981  cudaGetDeviceProperties
                     0.00  0.304525         4  0.076131  0.071129  0.083596  cuDeviceGetName
                     0.00  0.025864         3  8.62e-03  1.81e-03  0.013502  cudaMemAdvise
                     0.00  9.84e-03         4  2.46e-03  1.25e-03  4.94e-03  cuDeviceGetPCIBusId
                     0.00  9.10e-03         1  9.10e-03  9.10e-03  9.10e-03  cudaSetDevice
                     0.00  2.75e-03         8  3.43e-04  1.62e-04  8.52e-04  cuDeviceGet
                     0.00  2.12e-03         1  2.12e-03  2.12e-03  2.12e-03  cudaGetDevice
                     0.00  1.35e-03         3  4.50e-04  1.29e-04  7.68e-04  cuDeviceGetCount
                     0.00  8.65e-04         4  2.16e-04  2.08e-04  2.24e-04  cuDeviceGetUuid

==64061== Unified Memory profiling result:
Device "Tesla V100-PCIE-32GB (0)"
   Count  Avg Size  Min Size  Max Size  Total Size  Total Time  Name
      14  54.000KB  4.0000KB  160.00KB  756.0000KB    0.098080ms  Host To Device
      26         -         -         -           -    2.991040ms  Gpu page fault groups
      89  135.91KB  64.000KB  448.00KB  11.81250MB           -  Remote mapping from device
Total CPU Page faults: 267
Total remote mappings to CPU: 89
