==63060== NVPROF is profiling process 63060, command: ./cfd_0121 ../../../data/cfd/fvcorr.domn.193K
==63060== Profiling application: ./cfd_0121 ../../../data/cfd/fvcorr.domn.193K
==63060== Profiling result:
            Type  Time(%)      Time     Calls       Avg       Min       Max  Name
                        %        ms                  ms        ms        ms
 GPU activities:    68.58  361.8617      6000  0.060310  0.057055  4.202345  cuda_compute_flux(int, int*, float*, float*, float*)
                    23.26  122.7287      6000  0.020454  0.017984  0.023104  cuda_time_step(int, int, float*, float*, float*, float*)
                     3.98  21.00303      2000  0.010501  9.82e-03  0.013120  [CUDA memcpy DtoD]
                     3.75  19.79408      2000  9.90e-03  8.83e-03  0.722555  cuda_compute_step_factor(int, float*, float*, float*)
                     0.43  2.263347         3  0.754449  0.640700  0.952539  cuda_initialize_variables(int, float*)
                     0.00  7.33e-03         5  1.47e-03  1.38e-03  1.79e-03  [CUDA memcpy HtoD]
                     0.00  2.05e-03         1  2.05e-03  2.05e-03  2.05e-03  [CUDA memset]
      API calls:    52.66  474.8064      2000  0.237403  0.080057  5.077008  cudaMemcpy
                    34.01  306.6512         5  61.33024  6.44e-03  306.6171  cudaMemcpyToSymbol
                     8.88  80.02178     14003  5.71e-03  4.40e-03  0.142163  cudaLaunchKernel
                     2.31  20.86694         7  2.980991  7.40e-03  20.47547  cudaMallocManaged
                     0.62  5.614465     28003  2.00e-04  8.70e-05  0.495358  cudaGetLastError
                     0.51  4.625507         4  1.156376  1.138420  1.196633  cuDeviceTotalMem
                     0.37  3.366417       388  8.68e-03  1.11e-04  0.359226  cuDeviceGetAttribute
                     0.28  2.517617         1  2.517617  2.517617  2.517617  cudaMemset
                     0.20  1.759151        10  0.175915  4.70e-04  0.718178  cudaFree
                     0.09  0.825049         1  0.825049  0.825049  0.825049  cudaGetDeviceProperties
                     0.03  0.281054         4  0.070263  0.067418  0.074746  cuDeviceGetName
                     0.03  0.229489         2  0.114744  8.21e-03  0.221282  cudaThreadSynchronize
                     0.00  0.022709         3  7.57e-03  1.70e-03  0.014485  cudaMemAdvise
                     0.00  9.25e-03         4  2.31e-03  1.15e-03  5.20e-03  cuDeviceGetPCIBusId
                     0.00  7.11e-03         1  7.11e-03  7.11e-03  7.11e-03  cudaSetDevice
                     0.00  2.73e-03         8  3.41e-04  1.58e-04  9.55e-04  cuDeviceGet
                     0.00  1.89e-03         1  1.89e-03  1.89e-03  1.89e-03  cudaGetDevice
                     0.00  1.38e-03         3  4.60e-04  1.28e-04  7.49e-04  cuDeviceGetCount
                     0.00  8.95e-04         4  2.23e-04  1.86e-04  2.66e-04  cuDeviceGetUuid

==63060== Unified Memory profiling result:
Device "Tesla V100-PCIE-32GB (0)"
   Count  Avg Size  Min Size  Max Size  Total Size  Total Time  Name
     327  39.303KB  4.0000KB  996.00KB  12.55078MB    1.922528ms  Host To Device
      42         -         -         -           -    7.509376ms  Gpu page fault groups
Total CPU Page faults: 2477
