==38386== NVPROF is profiling process 38386, command: ./cfd_1405 ../../../data/cfd/fvcorr.domn.097K
==38386== Profiling application: ./cfd_1405 ../../../data/cfd/fvcorr.domn.097K
==38386== Profiling result:
            Type  Time(%)      Time     Calls       Avg       Min       Max  Name
                        %        ms                  ms        ms        ms
 GPU activities:    62.30  237.6058      6000  0.039600  0.034784  2.257749  cuda_compute_flux(int, int*, float*, float*, float*)
                    19.84  75.65951      2000  0.037829  0.036832  0.542653  cuda_compute_step_factor(int, float*, float*, float*)
                    14.37  54.81007      6000  9.13e-03  7.87e-03  0.011744  cuda_time_step(int, int, float*, float*, float*, float*)
                     3.16  12.03661      2000  6.02e-03  5.82e-03  0.013664  [CUDA memcpy DtoD]
                     0.34  1.295161         3  0.431720  0.311006  0.581053  cuda_initialize_variables(int, float*)
                     0.00  7.39e-03         5  1.48e-03  1.38e-03  1.79e-03  [CUDA memcpy HtoD]
                     0.00  1.66e-03         1  1.66e-03  1.66e-03  1.66e-03  [CUDA memset]
      API calls:    44.56  332.4475      2000  0.166223  0.027450  2.880870  cudaMemcpy
                    39.95  298.0210         5  59.60419  6.46e-03  297.9869  cudaMemcpyToSymbol
                    10.54  78.62074     14003  5.61e-03  4.45e-03  0.440011  cudaLaunchKernel
                     2.77  20.64201         7  2.948858  0.011972  20.48757  cudaMallocManaged
                     0.62  4.619216         4  1.154804  1.141174  1.187821  cuDeviceTotalMem
                     0.58  4.347824       388  0.011205  1.09e-04  1.219147  cuDeviceGetAttribute
                     0.47  3.492653     28003  1.24e-04  8.60e-05  0.430566  cudaGetLastError
                     0.19  1.425292         1  1.425292  1.425292  1.425292  cudaMemset
                     0.15  1.121114        10  0.112111  4.12e-04  0.397883  cudaFree
                     0.11  0.832155         1  0.832155  0.832155  0.832155  cudaGetDeviceProperties
                     0.04  0.280810         4  0.070202  0.068254  0.072102  cuDeviceGetName
                     0.02  0.163291         2  0.081645  4.76e-03  0.158532  cudaThreadSynchronize
                     0.01  0.037345         2  0.018672  3.11e-03  0.034233  cudaMemAdvise
                     0.00  9.35e-03         4  2.34e-03  1.15e-03  5.55e-03  cuDeviceGetPCIBusId
                     0.00  7.22e-03         1  7.22e-03  7.22e-03  7.22e-03  cudaSetDevice
                     0.00  2.57e-03         8  3.21e-04  1.47e-04  7.04e-04  cuDeviceGet
                     0.00  1.83e-03         1  1.83e-03  1.83e-03  1.83e-03  cudaGetDevice
                     0.00  1.22e-03         3  4.08e-04  1.19e-04  6.95e-04  cuDeviceGetCount
                     0.00  8.64e-04         4  2.16e-04  1.89e-04  2.44e-04  cuDeviceGetUuid

==38386== Unified Memory profiling result:
Device "Tesla V100-PCIE-32GB (0)"
   Count  Avg Size  Min Size  Max Size  Total Size  Total Time  Name
     167  37.269KB  4.0000KB  804.00KB  6.078125MB    0.946880ms  Host To Device
      28         -         -         -           -    4.263904ms  Gpu page fault groups
      28  13.571KB  4.0000KB  56.000KB  380.0000KB           -  Remote mapping from device
Total CPU Page faults: 46
Total remote mappings to CPU: 28
