==34642== NVPROF is profiling process 34642, command: ./cfd_1315 ../../../data/cfd/missile.domn.0.2M
==34642== Profiling application: ./cfd_1315 ../../../data/cfd/missile.domn.0.2M
==34642== Profiling result:
            Type  Time(%)      Time     Calls       Avg       Min       Max  Name
                        %        ms                  ms        ms        ms
 GPU activities:    57.42  479.6585      6000  0.079943  0.068671  4.658407  cuda_compute_flux(int, int*, float*, float*, float*)
                    20.43  170.6557      2000  0.085327  0.081663  0.115296  cuda_compute_step_factor(int, float*, float*, float*)
                    18.19  151.9590      6000  0.025326  0.023392  0.036255  cuda_time_step(int, int, float*, float*, float*, float*)
                     3.69  30.81785      2000  0.015408  0.014464  0.021184  [CUDA memcpy DtoD]
                     0.27  2.215924         3  0.738641  0.651612  0.873531  cuda_initialize_variables(int, float*)
                     0.00  7.42e-03         5  1.48e-03  1.38e-03  1.79e-03  [CUDA memcpy HtoD]
                     0.00  4.74e-03         1  4.74e-03  4.74e-03  4.74e-03  [CUDA memset]
      API calls:    65.70  786.8109      2000  0.393405  0.033829  4.922445  cudaMemcpy
                    24.68  295.6110         5  59.12220  6.29e-03  295.5763  cudaMemcpyToSymbol
                     6.38  76.45174     14003  5.46e-03  4.25e-03  0.420250  cudaLaunchKernel
                     1.75  20.93618         7  2.990883  0.012893  20.54128  cudaMallocManaged
                     0.38  4.600296         4  1.150074  1.126963  1.190171  cuDeviceTotalMem
                     0.32  3.792536     28003  1.35e-04  8.60e-05  0.434009  cudaGetLastError
                     0.28  3.404547       388  8.77e-03  1.09e-04  0.374082  cuDeviceGetAttribute
                     0.21  2.492292         1  2.492292  2.492292  2.492292  cudaMemset
                     0.16  1.913896        10  0.191389  4.21e-04  0.911125  cudaFree
                     0.07  0.832979         1  0.832979  0.832979  0.832979  cudaGetDeviceProperties
                     0.03  0.406587         2  0.203293  0.025877  0.380710  cudaThreadSynchronize
                     0.02  0.284822         4  0.071205  0.067691  0.075653  cuDeviceGetName
                     0.00  0.055370         3  0.018456  2.16e-03  0.046260  cudaMemAdvise
                     0.00  9.08e-03         4  2.27e-03  1.15e-03  5.22e-03  cuDeviceGetPCIBusId
                     0.00  7.35e-03         1  7.35e-03  7.35e-03  7.35e-03  cudaSetDevice
                     0.00  2.29e-03         8  2.85e-04  1.58e-04  5.40e-04  cuDeviceGet
                     0.00  1.88e-03         1  1.88e-03  1.88e-03  1.88e-03  cudaGetDevice
                     0.00  1.31e-03         3  4.37e-04  1.11e-04  7.12e-04  cuDeviceGetCount
                     0.00  8.26e-04         4  2.06e-04  1.89e-04  2.51e-04  cuDeviceGetUuid

==34642== Unified Memory profiling result:
Device "Tesla V100-PCIE-32GB (0)"
   Count  Avg Size  Min Size  Max Size  Total Size  Total Time  Name
     381  38.173KB  4.0000KB  884.00KB  14.20313MB    2.224768ms  Host To Device
      43         -         -         -           -    7.538880ms  Gpu page fault groups
       5  182.40KB  64.000KB  400.00KB  912.0000KB           -  Remote mapping from device
Total CPU Page faults: 979
Total remote mappings to CPU: 5
