==13942== NVPROF is profiling process 13942, command: ./cfd_0444 ../../../data/cfd/fvcorr.domn.193K
==13942== Profiling application: ./cfd_0444 ../../../data/cfd/fvcorr.domn.193K
==13942== Profiling result:
            Type  Time(%)      Time     Calls       Avg       Min       Max  Name
                        %        ms                  ms        ms        ms
 GPU activities:    95.65  6.10e+03      6000  1.016096  1.002746  8.790894  cuda_compute_flux(int, int*, float*, float*, float*)
                     2.20  140.1372      2000  0.070068  0.068448  1.148249  cuda_compute_step_factor(int, float*, float*, float*)
                     1.78  113.5093      6000  0.018918  0.017504  0.023168  cuda_time_step(int, int, float*, float*, float*, float*)
                     0.34  21.35877      2000  0.010679  0.010080  0.013568  [CUDA memcpy DtoD]
                     0.03  2.120979         3  0.706993  0.628476  0.838395  cuda_initialize_variables(int, float*)
                     0.00  7.42e-03         5  1.48e-03  1.41e-03  1.76e-03  [CUDA memcpy HtoD]
                     0.00  2.18e-03         1  2.18e-03  2.18e-03  2.18e-03  [CUDA memset]
      API calls:    93.81  6.32e+03      2000  3.159972  0.064652  12.02360  cudaMemcpy
                     4.40  296.3565         5  59.27131  6.14e-03  296.3232  cudaMemcpyToSymbol
                     1.17  78.84683     14003  5.63e-03  4.25e-03  0.436638  cudaLaunchKernel
                     0.31  20.88804         7  2.984006  6.63e-03  20.51642  cudaMallocManaged
                     0.07  4.613796         4  1.153449  1.138889  1.166441  cuDeviceTotalMem
                     0.06  4.229271     28003  1.51e-04  8.60e-05  0.508452  cudaGetLastError
                     0.05  3.342039       388  8.61e-03  1.10e-04  0.343313  cuDeviceGetAttribute
                     0.05  3.170814         2  1.585407  7.86e-03  3.162957  cudaThreadSynchronize
                     0.03  2.346626         1  2.346626  2.346626  2.346626  cudaMemset
                     0.03  1.821650        10  0.182165  4.52e-04  0.839656  cudaFree
                     0.01  0.856666         1  0.856666  0.856666  0.856666  cudaGetDeviceProperties
                     0.00  0.283365         4  0.070841  0.067643  0.075231  cuDeviceGetName
                     0.00  0.038357         3  0.012785  1.65e-03  0.034390  cudaMemAdvise
                     0.00  9.01e-03         4  2.25e-03  1.11e-03  5.20e-03  cuDeviceGetPCIBusId
                     0.00  7.23e-03         1  7.23e-03  7.23e-03  7.23e-03  cudaSetDevice
                     0.00  2.32e-03         1  2.32e-03  2.32e-03  2.32e-03  cudaGetDevice
                     0.00  2.31e-03         8  2.88e-04  1.50e-04  8.91e-04  cuDeviceGet
                     0.00  1.30e-03         3  4.32e-04  1.11e-04  7.19e-04  cuDeviceGetCount
                     0.00  8.09e-04         4  2.02e-04  1.71e-04  2.58e-04  cuDeviceGetUuid

==13942== Unified Memory profiling result:
Device "Tesla V100-PCIE-32GB (0)"
   Count  Avg Size  Min Size  Max Size  Total Size  Total Time  Name
      73         -         -         -           -   13.536416ms  Gpu page fault groups
    2224  5.7783KB  4.0000KB  60.000KB  12.55078MB           -  Remote mapping from device
Total CPU Page faults: 8
Total remote mappings to CPU: 2224
