==4009== NVPROF is profiling process 4009, command: ./cfd_0241 ../../../data/cfd/fvcorr.domn.193K
==4009== Profiling application: ./cfd_0241 ../../../data/cfd/fvcorr.domn.193K
==4009== Profiling result:
            Type  Time(%)      Time     Calls       Avg       Min       Max  Name
                        %        ms                  ms        ms        ms
 GPU activities:    90.75  1.60e+03      6000  0.266915  0.259390  5.306880  cuda_compute_flux(int, int*, float*, float*, float*)
                     6.81  120.0937      6000  0.020015  0.017888  0.023488  cuda_time_step(int, int, float*, float*, float*, float*)
                     1.19  21.07277      2000  0.010536  9.86e-03  0.013760  [CUDA memcpy DtoD]
                     1.12  19.78248      2000  9.89e-03  8.90e-03  0.615325  cuda_compute_step_factor(int, float*, float*, float*)
                     0.13  2.218035         3  0.739345  0.644925  0.889786  cuda_initialize_variables(int, float*)
                     0.00  7.42e-03         5  1.48e-03  1.41e-03  1.79e-03  [CUDA memcpy HtoD]
                     0.00  2.05e-03         1  2.05e-03  2.05e-03  2.05e-03  [CUDA memset]
      API calls:    80.65  1.72e+03      2000  0.857524  0.085158  6.463250  cudaMemcpy
                    13.86  294.7856         5  58.95713  6.00e-03  294.7522  cudaMemcpyToSymbol
                     3.67  77.99907     14003  5.57e-03  4.24e-03  0.492649  cudaLaunchKernel
                     0.98  20.91525         7  2.987892  7.19e-03  20.48077  cudaMallocManaged
                     0.21  4.569301         4  1.142325  1.124864  1.170493  cuDeviceTotalMem
                     0.18  3.757638     28003  1.34e-04  8.60e-05  0.439713  cudaGetLastError
                     0.16  3.345481       388  8.62e-03  1.10e-04  0.358113  cuDeviceGetAttribute
                     0.12  2.489657         1  2.489657  2.489657  2.489657  cudaMemset
                     0.07  1.490701        10  0.149070  4.49e-04  0.642464  cudaFree
                     0.04  0.878585         2  0.439292  9.69e-03  0.868893  cudaThreadSynchronize
                     0.04  0.828110         1  0.828110  0.828110  0.828110  cudaGetDeviceProperties
                     0.01  0.281080         4  0.070270  0.068031  0.074842  cuDeviceGetName
                     0.00  0.053686         3  0.017895  7.19e-03  0.035413  cudaMemAdvise
                     0.00  8.85e-03         4  2.21e-03  1.15e-03  4.99e-03  cuDeviceGetPCIBusId
                     0.00  6.95e-03         1  6.95e-03  6.95e-03  6.95e-03  cudaSetDevice
                     0.00  2.63e-03         8  3.28e-04  1.31e-04  7.93e-04  cuDeviceGet
                     0.00  1.73e-03         1  1.73e-03  1.73e-03  1.73e-03  cudaGetDevice
                     0.00  1.39e-03         3  4.64e-04  1.11e-04  7.60e-04  cuDeviceGetCount
                     0.00  7.91e-04         4  1.97e-04  1.70e-04  2.56e-04  cuDeviceGetUuid

==4009== Unified Memory profiling result:
Device "Tesla V100-PCIE-32GB (0)"
   Count  Avg Size  Min Size  Max Size  Total Size  Total Time  Name
     254  38.692KB  4.0000KB  0.9805MB  9.597656MB    1.471008ms  Host To Device
      58         -         -         -           -    8.719456ms  Gpu page fault groups
     473  6.3926KB  4.0000KB  40.000KB  2.953125MB           -  Remote mapping from device
Total CPU Page faults: 2275
Total remote mappings to CPU: 473
