==7756== NVPROF is profiling process 7756, command: ./cfd_0325 ../../../data/cfd/fvcorr.domn.097K
==7756== Profiling application: ./cfd_0325 ../../../data/cfd/fvcorr.domn.097K
==7756== Profiling result:
            Type  Time(%)      Time     Calls       Avg       Min       Max  Name
                        %        ms                  ms        ms        ms
 GPU activities:    60.25  215.3960      6000  0.035899  0.032640  1.916533  cuda_compute_flux(int, int*, float*, float*, float*)
                    20.72  74.08434      2000  0.037042  0.036383  0.102144  cuda_compute_step_factor(int, float*, float*, float*)
                    15.38  54.96485      6000  9.16e-03  7.87e-03  0.011456  cuda_time_step(int, int, float*, float*, float*, float*)
                     3.32  11.86698      2000  5.93e-03  5.79e-03  0.011168  [CUDA memcpy DtoD]
                     0.32  1.153785         3  0.384595  0.265982  0.558877  cuda_initialize_variables(int, float*)
                     0.00  7.39e-03         5  1.48e-03  1.38e-03  1.79e-03  [CUDA memcpy HtoD]
                     0.00  1.66e-03         1  1.66e-03  1.66e-03  1.66e-03  [CUDA memset]
      API calls:    42.84  307.7931      2000  0.153896  0.024910  2.089887  cudaMemcpy
                    41.08  295.1888         5  59.03775  6.45e-03  295.1544  cudaMemcpyToSymbol
                    11.13  79.97719     14003  5.71e-03  4.61e-03  0.997676  cudaLaunchKernel
                     2.86  20.58485         7  2.940692  0.010985  20.45102  cudaMallocManaged
                     0.64  4.631592         4  1.157898  1.138581  1.171819  cuDeviceTotalMem
                     0.50  3.590507       388  9.25e-03  1.07e-04  0.419639  cuDeviceGetAttribute
                     0.42  3.029404     28003  1.08e-04  8.50e-05  0.011527  cudaGetLastError
                     0.18  1.258389         1  1.258389  1.258389  1.258389  cudaMemset
                     0.15  1.055963        10  0.105596  4.00e-04  0.369519  cudaFree
                     0.13  0.911429         1  0.911429  0.911429  0.911429  cudaGetDeviceProperties
                     0.04  0.283581         4  0.070895  0.067833  0.073728  cuDeviceGetName
                     0.02  0.151246         2  0.075623  4.96e-03  0.146284  cudaThreadSynchronize
                     0.00  0.024860         3  8.29e-03  2.24e-03  0.017318  cudaMemAdvise
                     0.00  9.07e-03         4  2.27e-03  1.17e-03  5.14e-03  cuDeviceGetPCIBusId
                     0.00  6.68e-03         1  6.68e-03  6.68e-03  6.68e-03  cudaSetDevice
                     0.00  2.10e-03         8  2.62e-04  1.42e-04  5.78e-04  cuDeviceGet
                     0.00  1.77e-03         1  1.77e-03  1.77e-03  1.77e-03  cudaGetDevice
                     0.00  1.38e-03         3  4.60e-04  1.44e-04  7.61e-04  cuDeviceGetCount
                     0.00  8.39e-04         4  2.09e-04  1.69e-04  2.64e-04  cuDeviceGetUuid

==7756== Unified Memory profiling result:
Device "Tesla V100-PCIE-32GB (0)"
   Count  Avg Size  Min Size  Max Size  Total Size  Total Time  Name
     148  41.081KB  4.0000KB  868.00KB  5.937500MB    0.873088ms  Host To Device
      23         -         -         -           -    3.324768ms  Gpu page fault groups
       3  125.33KB  64.000KB  248.00KB  376.0000KB           -  Remote mapping from device
Total CPU Page faults: 49
Total remote mappings to CPU: 3
