==8045== NVPROF is profiling process 8045, command: ./cfd_0331 ../../../data/cfd/fvcorr.domn.193K
==8045== Profiling application: ./cfd_0331 ../../../data/cfd/fvcorr.domn.193K
==8045== Profiling result:
            Type  Time(%)      Time     Calls       Avg       Min       Max  Name
                        %        ms                  ms        ms        ms
 GPU activities:    85.01  1.59e+03      6000  0.264682  0.259071  3.113133  cuda_compute_flux(int, int*, float*, float*, float*)
                     7.38  137.9279      2000  0.068963  0.068415  0.089375  cuda_compute_step_factor(int, float*, float*, float*)
                     6.37  119.0039      6000  0.019833  0.017951  0.022592  cuda_time_step(int, int, float*, float*, float*, float*)
                     1.12  20.94578      2000  0.010472  9.79e-03  0.013536  [CUDA memcpy DtoD]
                     0.11  2.102515         3  0.700838  0.621980  0.846171  cuda_initialize_variables(int, float*)
                     0.00  7.36e-03         5  1.47e-03  1.38e-03  1.76e-03  [CUDA memcpy HtoD]
                     0.00  2.05e-03         1  2.05e-03  2.05e-03  2.05e-03  [CUDA memset]
      API calls:    81.66  1.82e+03      2000  0.908464  0.090296  3.734809  cudaMemcpy
                    13.11  291.7082         5  58.34165  6.33e-03  291.6748  cudaMemcpyToSymbol
                     3.44  76.49490     14003  5.46e-03  4.24e-03  0.470514  cudaLaunchKernel
                     0.94  20.82345         7  2.974778  8.79e-03  20.43430  cudaMallocManaged
                     0.22  4.825197     28003  1.72e-04  9.60e-05  0.460437  cudaGetLastError
                     0.20  4.542575         4  1.135643  1.124472  1.154696  cuDeviceTotalMem
                     0.15  3.373314       388  8.69e-03  1.10e-04  0.352712  cuDeviceGetAttribute
                     0.10  2.311496         1  2.311496  2.311496  2.311496  cudaMemset
                     0.08  1.733160        10  0.173316  4.22e-04  0.665608  cudaFree
                     0.04  0.912987         2  0.456493  0.011250  0.901737  cudaThreadSynchronize
                     0.04  0.860316         1  0.860316  0.860316  0.860316  cudaGetDeviceProperties
                     0.01  0.278326         4  0.069581  0.067443  0.073199  cuDeviceGetName
                     0.00  0.040881         3  0.013627  2.35e-03  0.033893  cudaMemAdvise
                     0.00  9.16e-03         4  2.29e-03  1.17e-03  5.17e-03  cuDeviceGetPCIBusId
                     0.00  8.20e-03         1  8.20e-03  8.20e-03  8.20e-03  cudaSetDevice
                     0.00  2.34e-03         8  2.93e-04  1.49e-04  7.07e-04  cuDeviceGet
                     0.00  2.22e-03         1  2.22e-03  2.22e-03  2.22e-03  cudaGetDevice
                     0.00  1.26e-03         3  4.18e-04  1.36e-04  7.46e-04  cuDeviceGetCount
                     0.00  8.21e-04         4  2.05e-04  1.93e-04  2.40e-04  cuDeviceGetUuid

==8045== Unified Memory profiling result:
Device "Tesla V100-PCIE-32GB (0)"
   Count  Avg Size  Min Size  Max Size  Total Size  Total Time  Name
     252  36.000KB  4.0000KB  712.00KB  8.859375MB    1.422432ms  Host To Device
      32         -         -         -           -    5.514048ms  Gpu page fault groups
      27  140.00KB  64.000KB  448.00KB  3.691406MB           -  Remote mapping from device
Total CPU Page faults: 2293
Total remote mappings to CPU: 27
