==45852== NVPROF is profiling process 45852, command: ./cfd_1541 ../../../data/cfd/fvcorr.domn.193K
==45852== Profiling application: ./cfd_1541 ../../../data/cfd/fvcorr.domn.193K
==45852== Profiling result:
            Type  Time(%)      Time     Calls       Avg       Min       Max  Name
                        %        ms                  ms        ms        ms
 GPU activities:    90.83  1.60e+03      6000  0.267063  0.259455  5.188482  cuda_compute_flux(int, int*, float*, float*, float*)
                     6.73  118.6740      6000  0.019779  0.017888  0.022496  cuda_time_step(int, int, float*, float*, float*, float*)
                     1.19  21.00165      2000  0.010500  9.86e-03  0.014048  [CUDA memcpy DtoD]
                     1.13  19.85922      2000  9.93e-03  8.93e-03  0.675261  cuda_compute_step_factor(int, float*, float*, float*)
                     0.12  2.175891         3  0.725297  0.629436  0.905307  cuda_initialize_variables(int, float*)
                     0.00  7.42e-03         5  1.48e-03  1.41e-03  1.79e-03  [CUDA memcpy HtoD]
                     0.00  2.05e-03         1  2.05e-03  2.05e-03  2.05e-03  [CUDA memset]
      API calls:    80.43  1.71e+03      2000  0.857187  0.089753  6.405246  cudaMemcpy
                    14.07  299.8378         5  59.96757  6.14e-03  299.8045  cudaMemcpyToSymbol
                     3.69  78.57839     14003  5.61e-03  4.21e-03  0.515771  cudaLaunchKernel
                     0.98  20.82671         7  2.975244  7.04e-03  20.49433  cudaMallocManaged
                     0.21  4.572034         4  1.143008  1.140488  1.149635  cuDeviceTotalMem
                     0.17  3.691212     28003  1.31e-04  8.60e-05  0.442970  cudaGetLastError
                     0.16  3.341079       388  8.61e-03  1.07e-04  0.360651  cuDeviceGetAttribute
                     0.12  2.485427         1  2.485427  2.485427  2.485427  cudaMemset
                     0.08  1.634399        10  0.163439  4.25e-04  0.680915  cudaFree
                     0.04  0.872348         2  0.436174  0.013451  0.858897  cudaThreadSynchronize
                     0.04  0.843847         1  0.843847  0.843847  0.843847  cudaGetDeviceProperties
                     0.01  0.276977         4  0.069244  0.067417  0.072309  cuDeviceGetName
                     0.00  0.024322         3  8.11e-03  1.89e-03  0.016433  cudaMemAdvise
                     0.00  8.65e-03         4  2.16e-03  1.16e-03  4.78e-03  cuDeviceGetPCIBusId
                     0.00  6.98e-03         1  6.98e-03  6.98e-03  6.98e-03  cudaSetDevice
                     0.00  2.18e-03         8  2.72e-04  1.26e-04  6.76e-04  cuDeviceGet
                     0.00  2.15e-03         1  2.15e-03  2.15e-03  2.15e-03  cudaGetDevice
                     0.00  1.32e-03         3  4.39e-04  1.39e-04  6.78e-04  cuDeviceGetCount
                     0.00  8.43e-04         4  2.10e-04  1.86e-04  2.63e-04  cuDeviceGetUuid

==45852== Unified Memory profiling result:
Device "Tesla V100-PCIE-32GB (0)"
   Count  Avg Size  Min Size  Max Size  Total Size  Total Time  Name
     241  40.779KB  4.0000KB  992.00KB  9.597656MB    1.452480ms  Host To Device
      57         -         -         -           -    8.626368ms  Gpu page fault groups
     484  6.2471KB  4.0000KB  68.000KB  2.953125MB           -  Remote mapping from device
Total CPU Page faults: 2275
Total remote mappings to CPU: 484
