==15019== NVPROF is profiling process 15019, command: ./cfd_0500 ../../../data/cfd/missile.domn.0.2M
==15019== Profiling application: ./cfd_0500 ../../../data/cfd/missile.domn.0.2M
==15019== Profiling result:
            Type  Time(%)      Time     Calls       Avg       Min       Max  Name
                        %        ms                  ms        ms        ms
 GPU activities:    70.54  478.1731      6000  0.079695  0.068671  4.423017  cuda_compute_flux(int, int*, float*, float*, float*)
                    20.57  139.4342      6000  0.023239  0.021248  0.027072  cuda_time_step(int, int, float*, float*, float*, float*)
                     4.55  30.86304      2000  0.015431  0.014592  0.022592  [CUDA memcpy DtoD]
                     4.01  27.15820      2000  0.013579  0.011648  0.769629  cuda_compute_step_factor(int, float*, float*, float*)
                     0.33  2.204852         3  0.734950  0.628221  0.891483  cuda_initialize_variables(int, float*)
                     0.00  7.36e-03         5  1.47e-03  1.38e-03  1.79e-03  [CUDA memcpy HtoD]
                     0.00  2.05e-03         1  2.05e-03  2.05e-03  2.05e-03  [CUDA memset]
      API calls:    60.71  630.3262      2000  0.315163  0.115596  5.389481  cudaMemcpy
                    28.32  294.0329         5  58.80657  5.96e-03  293.9991  cudaMemcpyToSymbol
                     7.21  74.80331     14003  5.34e-03  4.23e-03  0.099015  cudaLaunchKernel
                     2.00  20.73628         7  2.962325  0.015397  20.41904  cudaMallocManaged
                     0.45  4.701184         4  1.175296  1.153389  1.209631  cuDeviceTotalMem
                     0.40  4.186863     28003  1.49e-04  8.60e-05  0.536295  cudaGetLastError
                     0.32  3.373730       388  8.70e-03  1.07e-04  0.367044  cuDeviceGetAttribute
                     0.24  2.512657         1  2.512657  2.512657  2.512657  cudaMemset
                     0.20  2.054456        10  0.205445  4.49e-04  0.943997  cudaFree
                     0.08  0.834441         1  0.834441  0.834441  0.834441  cudaGetDeviceProperties
                     0.03  0.305901         2  0.152950  7.58e-03  0.298322  cudaThreadSynchronize
                     0.03  0.295525         4  0.073881  0.067941  0.086721  cuDeviceGetName
                     0.00  0.015957         1  0.015957  0.015957  0.015957  cudaMemAdvise
                     0.00  9.38e-03         4  2.34e-03  1.18e-03  4.64e-03  cuDeviceGetPCIBusId
                     0.00  8.33e-03         1  8.33e-03  8.33e-03  8.33e-03  cudaSetDevice
                     0.00  2.69e-03         8  3.36e-04  1.53e-04  7.70e-04  cuDeviceGet
                     0.00  2.16e-03         1  2.16e-03  2.16e-03  2.16e-03  cudaGetDevice
                     0.00  1.28e-03         3  4.27e-04  2.29e-04  7.10e-04  cuDeviceGetCount
                     0.00  8.63e-04         4  2.15e-04  1.91e-04  2.56e-04  cuDeviceGetUuid

==15019== Unified Memory profiling result:
Device "Tesla V100-PCIE-32GB (0)"
   Count  Avg Size  Min Size  Max Size  Total Size  Total Time  Name
     400  38.640KB  4.0000KB  952.00KB  15.09375MB    2.257024ms  Host To Device
      47         -         -         -           -    8.247872ms  Gpu page fault groups
Total CPU Page faults: 90
