==34681== NVPROF is profiling process 34681, command: ./cfd_1320 ../../../data/cfd/fvcorr.domn.097K
==34681== Profiling application: ./cfd_1320 ../../../data/cfd/fvcorr.domn.097K
==34681== Profiling result:
            Type  Time(%)      Time     Calls       Avg       Min       Max  Name
                        %        ms                  ms        ms        ms
 GPU activities:    60.15  215.6354      6000  0.035939  0.032735  2.230101  cuda_compute_flux(int, int*, float*, float*, float*)
                    20.81  74.60857      2000  0.037304  0.036480  0.073663  cuda_compute_step_factor(int, float*, float*, float*)
                    15.32  54.92666      6000  9.15e-03  7.74e-03  0.011519  cuda_time_step(int, int, float*, float*, float*, float*)
                     3.36  12.05854      2000  6.03e-03  5.82e-03  0.012096  [CUDA memcpy DtoD]
                     0.35  1.237433         3  0.412477  0.294399  0.620444  cuda_initialize_variables(int, float*)
                     0.00  7.39e-03         5  1.48e-03  1.38e-03  1.79e-03  [CUDA memcpy HtoD]
                     0.00  1.66e-03         1  1.66e-03  1.66e-03  1.66e-03  [CUDA memset]
      API calls:    43.07  310.4044      2000  0.155202  0.025125  2.383786  cudaMemcpy
                    41.04  295.8144         5  59.16289  5.92e-03  295.7817  cudaMemcpyToSymbol
                    10.93  78.79541     14003  5.63e-03  4.47e-03  0.443857  cudaLaunchKernel
                     2.86  20.63575         7  2.947963  0.010959  20.46870  cudaMallocManaged
                     0.63  4.528151         4  1.132037  1.127743  1.136436  cuDeviceTotalMem
                     0.50  3.577629     28003  1.27e-04  8.90e-05  0.434506  cudaGetLastError
                     0.46  3.340352       388  8.61e-03  1.09e-04  0.343176  cuDeviceGetAttribute
                     0.18  1.295032         1  1.295032  1.295032  1.295032  cudaMemset
                     0.15  1.071509        10  0.107150  4.56e-04  0.376360  cudaFree
                     0.12  0.831340         1  0.831340  0.831340  0.831340  cudaGetDeviceProperties
                     0.04  0.280161         4  0.070040  0.067739  0.072523  cuDeviceGetName
                     0.02  0.148638         2  0.074319  4.53e-03  0.144109  cudaThreadSynchronize
                     0.00  0.022352         2  0.011176  5.68e-03  0.016668  cudaMemAdvise
                     0.00  8.88e-03         4  2.22e-03  1.17e-03  4.92e-03  cuDeviceGetPCIBusId
                     0.00  7.19e-03         1  7.19e-03  7.19e-03  7.19e-03  cudaSetDevice
                     0.00  2.64e-03         8  3.30e-04  1.85e-04  7.31e-04  cuDeviceGet
                     0.00  1.75e-03         1  1.75e-03  1.75e-03  1.75e-03  cudaGetDevice
                     0.00  1.25e-03         3  4.18e-04  1.65e-04  7.21e-04  cuDeviceGetCount
                     0.00  8.20e-04         4  2.05e-04  1.79e-04  2.60e-04  cuDeviceGetUuid

==34681== Unified Memory profiling result:
Device "Tesla V100-PCIE-32GB (0)"
   Count  Avg Size  Min Size  Max Size  Total Size  Total Time  Name
     132  46.061KB  4.0000KB  880.00KB  5.937500MB    0.886624ms  Host To Device
      23         -         -         -           -    3.645312ms  Gpu page fault groups
       3  125.33KB  64.000KB  248.00KB  376.0000KB           -  Remote mapping from device
Total CPU Page faults: 49
Total remote mappings to CPU: 3
