==29933== NVPROF is profiling process 29933, command: ./cfd_1214 ../../../data/cfd/missile.domn.0.2M
==29933== Profiling application: ./cfd_1214 ../../../data/cfd/missile.domn.0.2M
==29933== Profiling result:
            Type  Time(%)      Time     Calls       Avg       Min       Max  Name
                        %        ms                  ms        ms        ms
 GPU activities:    96.57  5.63e+03      6000  0.938149  0.906875  8.598638  cuda_compute_flux(int, int*, float*, float*, float*)
                     2.39  139.2427      6000  0.023207  0.021312  0.027263  cuda_time_step(int, int, float*, float*, float*, float*)
                     0.53  31.14525      2000  0.015572  0.014592  0.053567  [CUDA memcpy DtoD]
                     0.47  27.10696      2000  0.013553  0.011551  0.720572  cuda_compute_step_factor(int, float*, float*, float*)
                     0.04  2.178964         3  0.726321  0.614941  0.917915  cuda_initialize_variables(int, float*)
                     0.00  7.39e-03         5  1.48e-03  1.38e-03  1.79e-03  [CUDA memcpy HtoD]
                     0.00  2.14e-03         1  2.14e-03  2.14e-03  2.14e-03  [CUDA memset]
      API calls:    93.30  5.78e+03      2000  2.888199  0.176356  11.17949  cudaMemcpy
                     4.74  293.7396         5  58.74792  6.03e-03  293.7065  cudaMemcpyToSymbol
                     1.28  79.08962     14003  5.65e-03  4.22e-03  0.443208  cudaLaunchKernel
                     0.34  21.09639         7  3.013769  0.014575  20.49715  cudaMallocManaged
                     0.07  4.603223         4  1.150805  1.138289  1.162947  cuDeviceTotalMem
                     0.06  3.890923     28003  1.38e-04  8.50e-05  0.431545  cudaGetLastError
                     0.06  3.463104       388  8.92e-03  1.11e-04  0.395755  cuDeviceGetAttribute
                     0.05  2.820846         2  1.410423  0.034629  2.786217  cudaThreadSynchronize
                     0.04  2.516427         1  2.516427  2.516427  2.516427  cudaMemset
                     0.03  2.099629        10  0.209962  4.57e-04  1.043423  cudaFree
                     0.01  0.832899         1  0.832899  0.832899  0.832899  cudaGetDeviceProperties
                     0.00  0.287061         4  0.071765  0.067458  0.079776  cuDeviceGetName
                     0.00  0.021341         3  7.11e-03  2.24e-03  0.016826  cudaMemAdvise
                     0.00  9.07e-03         4  2.27e-03  1.18e-03  5.03e-03  cuDeviceGetPCIBusId
                     0.00  7.24e-03         1  7.24e-03  7.24e-03  7.24e-03  cudaSetDevice
                     0.00  2.42e-03         8  3.02e-04  1.69e-04  8.16e-04  cuDeviceGet
                     0.00  1.87e-03         1  1.87e-03  1.87e-03  1.87e-03  cudaGetDevice
                     0.00  1.28e-03         3  4.28e-04  1.41e-04  7.35e-04  cuDeviceGetCount
                     0.00  7.78e-04         4  1.94e-04  1.71e-04  2.41e-04  cuDeviceGetUuid

==29933== Unified Memory profiling result:
Device "Tesla V100-PCIE-32GB (0)"
   Count  Avg Size  Min Size  Max Size  Total Size  Total Time  Name
     113  40.247KB  4.0000KB  940.00KB  4.441406MB    0.665312ms  Host To Device
      74         -         -         -           -   12.800352ms  Gpu page fault groups
    1895  5.7559KB  4.0000KB  80.000KB  10.65234MB           -  Remote mapping from device
Total CPU Page faults: 920
Total remote mappings to CPU: 1895
