==25953== NVPROF is profiling process 25953, command: ./cfd_1123 ../../../data/cfd/fvcorr.domn.193K
==25953== Profiling application: ./cfd_1123 ../../../data/cfd/fvcorr.domn.193K
==25953== Profiling result:
            Type  Time(%)      Time     Calls       Avg       Min       Max  Name
                        %        ms                  ms        ms        ms
 GPU activities:    96.68  4.59e+03      6000  0.764288  0.754684  1.888437  cuda_compute_flux(int, int*, float*, float*, float*)
                     2.41  114.5510      6000  0.019091  0.017344  0.022975  cuda_time_step(int, int, float*, float*, float*, float*)
                     0.44  21.06866      2000  0.010534  9.86e-03  0.013631  [CUDA memcpy DtoD]
                     0.42  20.06443      2000  0.010032  9.06e-03  0.677468  cuda_compute_step_factor(int, float*, float*, float*)
                     0.04  1.929812         3  0.643270  0.586396  0.746012  cuda_initialize_variables(int, float*)
                     0.00  7.71e-03         5  1.54e-03  1.38e-03  2.11e-03  [CUDA memcpy HtoD]
                     0.00  2.05e-03         1  2.05e-03  2.05e-03  2.05e-03  [CUDA memset]
      API calls:    91.73  4.69e+03      2000  2.344062  0.057621  4.127003  cudaMemcpy
                     5.89  300.9400         5  60.18801  5.95e-03  300.9068  cudaMemcpyToSymbol
                     1.59  81.26174     14003  5.80e-03  4.45e-03  0.516544  cudaLaunchKernel
                     0.41  20.89289         7  2.984698  6.73e-03  20.53938  cudaMallocManaged
                     0.09  4.627162         4  1.156790  1.139065  1.196017  cuDeviceTotalMem
                     0.07  3.714483     28003  1.32e-04  8.70e-05  0.010799  cudaGetLastError
                     0.07  3.407066       388  8.78e-03  1.10e-04  0.367906  cuDeviceGetAttribute
                     0.05  2.326357         2  1.163178  7.70e-03  2.318657  cudaThreadSynchronize
                     0.04  2.155868         1  2.155868  2.155868  2.155868  cudaMemset
                     0.04  2.013102        10  0.201310  4.15e-04  0.992680  cudaFree
                     0.02  0.829935         1  0.829935  0.829935  0.829935  cudaGetDeviceProperties
                     0.01  0.287188         4  0.071797  0.068547  0.076631  cuDeviceGetName
                     0.00  0.042664         3  0.014221  2.53e-03  0.033914  cudaMemAdvise
                     0.00  8.99e-03         4  2.25e-03  1.15e-03  4.98e-03  cuDeviceGetPCIBusId
                     0.00  7.38e-03         1  7.38e-03  7.38e-03  7.38e-03  cudaSetDevice
                     0.00  2.32e-03         8  2.89e-04  1.29e-04  6.35e-04  cuDeviceGet
                     0.00  1.80e-03         1  1.80e-03  1.80e-03  1.80e-03  cudaGetDevice
                     0.00  1.39e-03         3  4.62e-04  1.39e-04  7.00e-04  cuDeviceGetCount
                     0.00  8.10e-04         4  2.02e-04  1.66e-04  2.55e-04  cuDeviceGetUuid

==25953== Unified Memory profiling result:
Device "Tesla V100-PCIE-32GB (0)"
   Count  Avg Size  Min Size  Max Size  Total Size  Total Time  Name
      97  38.969KB  4.0000KB  992.00KB  3.691406MB    0.656992ms  Host To Device
      29         -         -         -           -    4.274880ms  Gpu page fault groups
      67  135.40KB  64.000KB  448.00KB  8.859375MB           -  Remote mapping from device
Total CPU Page faults: 267
Total remote mappings to CPU: 67
