==41989== NVPROF is profiling process 41989, command: ./cfd_1453 ../../../data/cfd/fvcorr.domn.193K
==41989== Profiling application: ./cfd_1453 ../../../data/cfd/fvcorr.domn.193K
==41989== Profiling result:
            Type  Time(%)      Time     Calls       Avg       Min       Max  Name
                        %        ms                  ms        ms        ms
 GPU activities:    94.30  4.58e+03      6000  0.763991  0.754139  1.851126  cuda_compute_flux(int, int*, float*, float*, float*)
                     2.87  139.3421      2000  0.069671  0.068447  0.944698  cuda_compute_step_factor(int, float*, float*, float*)
                     2.35  114.2901      6000  0.019048  0.017440  0.023360  cuda_time_step(int, int, float*, float*, float*, float*)
                     0.43  21.09232      2000  0.010546  9.66e-03  0.013376  [CUDA memcpy DtoD]
                     0.04  2.131348         3  0.710449  0.565437  0.934811  cuda_initialize_variables(int, float*)
                     0.00  7.30e-03         5  1.46e-03  1.38e-03  1.79e-03  [CUDA memcpy HtoD]
                     0.00  2.08e-03         1  2.08e-03  2.08e-03  2.08e-03  [CUDA memset]
      API calls:    92.05  4.81e+03      2000  2.404601  0.057863  4.402608  cudaMemcpy
                     5.67  296.1888         5  59.23776  5.93e-03  296.1549  cudaMemcpyToSymbol
                     1.48  77.35989     14003  5.52e-03  4.33e-03  0.407043  cudaLaunchKernel
                     0.40  20.90643         7  2.986632  6.83e-03  20.52633  cudaMallocManaged
                     0.09  4.654863         4  1.163715  1.151310  1.189502  cuDeviceTotalMem
                     0.08  4.249342       388  0.010951  1.16e-04  1.207600  cuDeviceGetAttribute
                     0.08  4.021911     28003  1.43e-04  8.50e-05  0.420681  cudaGetLastError
                     0.05  2.391050         2  1.195525  7.88e-03  2.383175  cudaThreadSynchronize
                     0.05  2.384189         1  2.384189  2.384189  2.384189  cudaMemset
                     0.04  2.025927        10  0.202592  3.93e-04  0.938149  cudaFree
                     0.02  0.833384         1  0.833384  0.833384  0.833384  cudaGetDeviceProperties
                     0.01  0.294499         4  0.073624  0.068421  0.086286  cuDeviceGetName
                     0.00  0.039204         3  0.013068  1.99e-03  0.034297  cudaMemAdvise
                     0.00  0.010197         4  2.55e-03  1.18e-03  5.28e-03  cuDeviceGetPCIBusId
                     0.00  8.78e-03         1  8.78e-03  8.78e-03  8.78e-03  cudaSetDevice
                     0.00  2.65e-03         8  3.31e-04  1.66e-04  6.72e-04  cuDeviceGet
                     0.00  2.07e-03         1  2.07e-03  2.07e-03  2.07e-03  cudaGetDevice
                     0.00  1.33e-03         3  4.42e-04  1.58e-04  7.16e-04  cuDeviceGetCount
                     0.00  1.14e-03         4  2.86e-04  2.23e-04  4.06e-04  cuDeviceGetUuid

==41989== Unified Memory profiling result:
Device "Tesla V100-PCIE-32GB (0)"
   Count  Avg Size  Min Size  Max Size  Total Size  Total Time  Name
      70  43.199KB  4.0000KB  456.00KB  2.953125MB    0.500160ms  Host To Device
      37         -         -         -           -    4.911552ms  Gpu page fault groups
     138  71.217KB  4.0000KB  448.00KB  9.597656MB           -  Remote mapping from device
Total CPU Page faults: 79
Total remote mappings to CPU: 138
