==57268== NVPROF is profiling process 57268, command: ./cfd_0003 ../../../data/cfd/missile.domn.0.2M
==57268== Profiling application: ./cfd_0003 ../../../data/cfd/missile.domn.0.2M
==57268== Profiling result:
            Type  Time(%)      Time     Calls       Avg       Min       Max  Name
                        %        ms                  ms        ms        ms
 GPU activities:    96.52  5.52e+03      6000  0.920460  0.907483  2.359409  cuda_compute_flux(int, int*, float*, float*, float*)
                     2.42  138.5944      6000  0.023099  0.021280  0.026656  cuda_time_step(int, int, float*, float*, float*, float*)
                     0.54  30.93206      2000  0.015466  0.014592  0.022240  [CUDA memcpy DtoD]
                     0.47  27.15572      2000  0.013577  0.011520  0.308830  cuda_compute_step_factor(int, float*, float*, float*)
                     0.04  2.566288         3  0.855429  0.763547  1.024538  cuda_initialize_variables(int, float*)
                     0.00  7.39e-03         5  1.48e-03  1.38e-03  1.79e-03  [CUDA memcpy HtoD]
                     0.00  2.40e-03         1  2.40e-03  2.40e-03  2.40e-03  [CUDA memset]
      API calls:    92.95  5.66e+03      2000  2.830565  0.087377  4.561009  cudaMemcpy
                     4.89  297.8594         5  59.57187  5.55e-03  297.8236  cudaMemcpyToSymbol
                     1.46  89.13795     14003  6.36e-03  4.27e-03  0.476056  cudaLaunchKernel
                     0.34  20.91738         7  2.988196  0.014423  20.49169  cudaMallocManaged
                     0.08  4.610722         4  1.152680  1.141003  1.177529  cuDeviceTotalMem
                     0.07  4.273605     28003  1.52e-04  8.60e-05  0.448794  cudaGetLastError
                     0.06  3.404233       388  8.77e-03  1.08e-04  0.362754  cuDeviceGetAttribute
                     0.05  2.830535         1  2.830535  2.830535  2.830535  cudaMemset
                     0.05  2.804108         2  1.402054  8.36e-03  2.795746  cudaThreadSynchronize
                     0.04  2.270496        10  0.227049  4.12e-04  1.171451  cudaFree
                     0.01  0.826783         1  0.826783  0.826783  0.826783  cudaGetDeviceProperties
                     0.00  0.280430         4  0.070107  0.067644  0.072616  cuDeviceGetName
                     0.00  0.010586         1  0.010586  0.010586  0.010586  cudaMemAdvise
                     0.00  9.01e-03         4  2.25e-03  1.22e-03  4.90e-03  cuDeviceGetPCIBusId
                     0.00  7.05e-03         1  7.05e-03  7.05e-03  7.05e-03  cudaSetDevice
                     0.00  2.14e-03         8  2.67e-04  1.34e-04  6.85e-04  cuDeviceGet
                     0.00  1.84e-03         1  1.84e-03  1.84e-03  1.84e-03  cudaGetDevice
                     0.00  1.28e-03         3  4.25e-04  1.49e-04  7.99e-04  cuDeviceGetCount
                     0.00  8.32e-04         4  2.08e-04  1.76e-04  2.28e-04  cuDeviceGetUuid

==57268== Unified Memory profiling result:
Device "Tesla V100-PCIE-32GB (0)"
   Count  Avg Size  Min Size  Max Size  Total Size  Total Time  Name
     110  42.363KB  4.0000KB  736.00KB  4.550781MB    0.710176ms  Host To Device
      35         -         -         -           -    4.952480ms  Gpu page fault groups
      75  145.44KB  64.000KB  512.00KB  10.65234MB           -  Remote mapping from device
Total CPU Page faults: 90
Total remote mappings to CPU: 75
