==19776== NVPROF is profiling process 19776, command: ./cfd_1002 ../../../data/cfd/fvcorr.domn.193K
==19776== Profiling application: ./cfd_1002 ../../../data/cfd/fvcorr.domn.193K
==19776== Profiling result:
            Type  Time(%)      Time     Calls       Avg       Min       Max  Name
                        %        ms                  ms        ms        ms
 GPU activities:    68.55  359.7201      6000  0.059953  0.056800  3.920555  cuda_compute_flux(int, int*, float*, float*, float*)
                    23.29  122.1978      6000  0.020366  0.018399  0.023008  cuda_time_step(int, int, float*, float*, float*, float*)
                     4.02  21.10917      2000  0.010554  9.89e-03  0.013568  [CUDA memcpy DtoD]
                     3.75  19.70584      2000  9.85e-03  9.12e-03  0.194847  cuda_compute_step_factor(int, float*, float*, float*)
                     0.39  2.048213         3  0.682737  0.567805  0.893083  cuda_initialize_variables(int, float*)
                     0.00  7.58e-03         5  1.52e-03  1.38e-03  2.02e-03  [CUDA memcpy HtoD]
                     0.00  2.05e-03         1  2.05e-03  2.05e-03  2.05e-03  [CUDA memset]
      API calls:    53.26  474.2646      2000  0.237132  0.036613  4.281199  cudaMemcpy
                    33.62  299.3336         5  59.86672  5.95e-03  299.3011  cudaMemcpyToSymbol
                     8.85  78.76724     14003  5.63e-03  4.31e-03  0.497284  cudaLaunchKernel
                     2.36  21.03066         7  3.004380  8.49e-03  20.55461  cudaMallocManaged
                     0.52  4.627507         4  1.156876  1.140009  1.198709  cuDeviceTotalMem
                     0.40  3.551676     28003  1.26e-04  8.50e-05  0.011919  cudaGetLastError
                     0.39  3.454155       388  8.90e-03  1.09e-04  0.374215  cuDeviceGetAttribute
                     0.27  2.363161         1  2.363161  2.363161  2.363161  cudaMemset
                     0.18  1.625632        10  0.162563  4.24e-04  0.656465  cudaFree
                     0.10  0.853768         1  0.853768  0.853768  0.853768  cudaGetDeviceProperties
                     0.03  0.282190         4  0.070547  0.067580  0.072593  cuDeviceGetName
                     0.03  0.229680         2  0.114840  7.59e-03  0.222089  cudaThreadSynchronize
                     0.00  0.022724         1  0.022724  0.022724  0.022724  cudaMemAdvise
                     0.00  8.76e-03         4  2.19e-03  1.19e-03  4.77e-03  cuDeviceGetPCIBusId
                     0.00  7.18e-03         1  7.18e-03  7.18e-03  7.18e-03  cudaSetDevice
                     0.00  2.53e-03         8  3.16e-04  1.44e-04  6.33e-04  cuDeviceGet
                     0.00  1.96e-03         1  1.96e-03  1.96e-03  1.96e-03  cudaGetDevice
                     0.00  1.24e-03         3  4.12e-04  1.28e-04  7.23e-04  cuDeviceGetCount
                     0.00  8.38e-04         4  2.09e-04  1.67e-04  2.77e-04  cuDeviceGetUuid

==19776== Unified Memory profiling result:
Device "Tesla V100-PCIE-32GB (0)"
   Count  Avg Size  Min Size  Max Size  Total Size  Total Time  Name
     382  34.345KB  4.0000KB  992.00KB  12.81250MB    2.048448ms  Host To Device
      34         -         -         -           -    6.463808ms  Gpu page fault groups
Total CPU Page faults: 83
