==44743== NVPROF is profiling process 44743, command: ./cfd_1524 ../../../data/cfd/missile.domn.0.2M
==44743== Profiling application: ./cfd_1524 ../../../data/cfd/missile.domn.0.2M
==44743== Profiling result:
            Type  Time(%)      Time     Calls       Avg       Min       Max  Name
                        %        ms                  ms        ms        ms
 GPU activities:    96.51  5.52e+03      6000  0.920689  0.907002  9.069513  cuda_compute_flux(int, int*, float*, float*, float*)
                     2.43  139.2876      6000  0.023214  0.021184  0.027296  cuda_time_step(int, int, float*, float*, float*, float*)
                     0.54  30.91213      2000  0.015456  0.014624  0.022432  [CUDA memcpy DtoD]
                     0.47  27.14283      2000  0.013571  0.011520  0.760316  cuda_compute_step_factor(int, float*, float*, float*)
                     0.04  2.318514         3  0.772838  0.640956  0.944506  cuda_initialize_variables(int, float*)
                     0.00  7.33e-03         5  1.47e-03  1.38e-03  1.76e-03  [CUDA memcpy HtoD]
                     0.00  2.08e-03         1  2.08e-03  2.08e-03  2.08e-03  [CUDA memset]
      API calls:    93.19  5.67e+03      2000  2.835425  0.070732  11.73261  cudaMemcpy
                     4.85  295.2234         5  59.04468  5.99e-03  295.1901  cudaMemcpyToSymbol
                     1.27  77.39374     14003  5.53e-03  4.27e-03  0.430872  cudaLaunchKernel
                     0.34  20.82299         7  2.974713  0.015807  20.41739  cudaMallocManaged
                     0.08  4.663282         4  1.165820  1.145779  1.181322  cuDeviceTotalMem
                     0.07  4.258875     28003  1.52e-04  8.50e-05  0.417553  cudaGetLastError
                     0.06  3.458267       388  8.91e-03  1.10e-04  0.371080  cuDeviceGetAttribute
                     0.05  2.846812         2  1.423406  7.89e-03  2.838919  cudaThreadSynchronize
                     0.04  2.558768         1  2.558768  2.558768  2.558768  cudaMemset
                     0.03  2.026151        10  0.202615  4.00e-04  1.017402  cudaFree
                     0.01  0.835248         1  0.835248  0.835248  0.835248  cudaGetDeviceProperties
                     0.00  0.284879         4  0.071219  0.069274  0.073504  cuDeviceGetName
                     0.00  0.022223         3  7.41e-03  1.94e-03  0.016381  cudaMemAdvise
                     0.00  8.81e-03         4  2.20e-03  1.15e-03  4.91e-03  cuDeviceGetPCIBusId
                     0.00  8.07e-03         1  8.07e-03  8.07e-03  8.07e-03  cudaSetDevice
                     0.00  2.50e-03         8  3.12e-04  1.53e-04  6.15e-04  cuDeviceGet
                     0.00  2.11e-03         1  2.11e-03  2.11e-03  2.11e-03  cudaGetDevice
                     0.00  1.17e-03         3  3.90e-04  1.24e-04  7.12e-04  cuDeviceGetCount
                     0.00  8.26e-04         4  2.06e-04  1.80e-04  2.46e-04  cuDeviceGetUuid

==44743== Unified Memory profiling result:
Device "Tesla V100-PCIE-32GB (0)"
   Count  Avg Size  Min Size  Max Size  Total Size  Total Time  Name
     116  39.206KB  4.0000KB  896.00KB  4.441406MB    0.673824ms  Host To Device
      76         -         -         -           -   13.418816ms  Gpu page fault groups
    1909  5.7139KB  4.0000KB  44.000KB  10.65234MB           -  Remote mapping from device
Total CPU Page faults: 31
Total remote mappings to CPU: 1909
