==62113== NVPROF is profiling process 62113, command: ./cfd_0105 ../../../data/cfd/missile.domn.0.2M
==62113== Profiling application: ./cfd_0105 ../../../data/cfd/missile.domn.0.2M
==62113== Profiling result:
            Type  Time(%)      Time     Calls       Avg       Min       Max  Name
                        %        ms                  ms        ms        ms
 GPU activities:    70.53  478.2227      6000  0.079703  0.068480  4.506982  cuda_compute_flux(int, int*, float*, float*, float*)
                    20.55  139.3371      6000  0.023222  0.021184  0.026752  cuda_time_step(int, int, float*, float*, float*, float*)
                     4.58  31.03220      2000  0.015516  0.014655  0.022656  [CUDA memcpy DtoD]
                     4.00  27.13629      2000  0.013568  0.011552  0.750844  cuda_compute_step_factor(int, float*, float*, float*)
                     0.34  2.331283         3  0.777094  0.650364  0.986907  cuda_initialize_variables(int, float*)
                     0.00  7.36e-03         5  1.47e-03  1.38e-03  1.79e-03  [CUDA memcpy HtoD]
                     0.00  4.45e-03         1  4.45e-03  4.45e-03  4.45e-03  [CUDA memset]
      API calls:    60.25  628.3895      2000  0.314194  0.033425  5.464462  cudaMemcpy
                    28.40  296.1854         5  59.23709  6.19e-03  296.1519  cudaMemcpyToSymbol
                     7.49  78.10938     14003  5.58e-03  4.33e-03  0.424069  cudaLaunchKernel
                     2.00  20.90669         7  2.986670  0.018409  20.46294  cudaMallocManaged
                     0.44  4.627723         4  1.156930  1.140454  1.191310  cuDeviceTotalMem
                     0.43  4.436771       388  0.011434  1.31e-04  1.077039  cuDeviceGetAttribute
                     0.41  4.255126     28003  1.51e-04  8.60e-05  0.430609  cudaGetLastError
                     0.26  2.681879         1  2.681879  2.681879  2.681879  cudaMemset
                     0.17  1.814069        10  0.181406  4.28e-04  0.792373  cudaFree
                     0.08  0.832191         1  0.832191  0.832191  0.832191  cudaGetDeviceProperties
                     0.03  0.318963         2  0.159481  0.019751  0.299212  cudaThreadSynchronize
                     0.03  0.284790         4  0.071197  0.067665  0.074819  cuDeviceGetName
                     0.00  0.048678         2  0.024339  0.018231  0.030447  cudaMemAdvise
                     0.00  9.18e-03         4  2.30e-03  1.21e-03  5.04e-03  cuDeviceGetPCIBusId
                     0.00  7.43e-03         1  7.43e-03  7.43e-03  7.43e-03  cudaSetDevice
                     0.00  2.40e-03         8  2.99e-04  1.71e-04  6.74e-04  cuDeviceGet
                     0.00  1.90e-03         1  1.90e-03  1.90e-03  1.90e-03  cudaGetDevice
                     0.00  1.30e-03         3  4.34e-04  1.42e-04  7.73e-04  cuDeviceGetCount
                     0.00  9.83e-04         4  2.45e-04  2.27e-04  2.61e-04  cuDeviceGetUuid

==62113== Unified Memory profiling result:
Device "Tesla V100-PCIE-32GB (0)"
   Count  Avg Size  Min Size  Max Size  Total Size  Total Time  Name
     482  32.065KB  4.0000KB  916.00KB  15.09375MB    2.537024ms  Host To Device
      48         -         -         -           -    8.842720ms  Gpu page fault groups
Total CPU Page faults: 313
