==9742== NVPROF is profiling process 9742, command: ./cfd_0351 ../../../data/cfd/missile.domn.0.2M
==9742== Profiling application: ./cfd_0351 ../../../data/cfd/missile.domn.0.2M
==9742== Profiling result:
            Type  Time(%)      Time     Calls       Avg       Min       Max  Name
                        %        ms                  ms        ms        ms
 GPU activities:    57.41  479.8755      6000  0.079979  0.068352  4.954275  cuda_compute_flux(int, int*, float*, float*, float*)
                    20.42  170.6795      2000  0.085339  0.081536  0.113151  cuda_compute_step_factor(int, float*, float*, float*)
                    18.18  151.9308      6000  0.025321  0.023456  0.035168  cuda_time_step(int, int, float*, float*, float*, float*)
                     3.68  30.75741      2000  0.015378  0.014431  0.021504  [CUDA memcpy DtoD]
                     0.31  2.619793         3  0.873264  0.750044  0.948763  cuda_initialize_variables(int, float*)
                     0.00  7.39e-03         5  1.48e-03  1.38e-03  1.82e-03  [CUDA memcpy HtoD]
                     0.00  2.08e-03         1  2.08e-03  2.08e-03  2.08e-03  [CUDA memset]
      API calls:    65.59  784.0896      2000  0.392044  0.045786  5.226983  cudaMemcpy
                    24.58  293.8311         5  58.76621  5.94e-03  293.7982  cudaMemcpyToSymbol
                     6.56  78.43841     14003  5.60e-03  4.37e-03  0.467652  cudaLaunchKernel
                     1.75  20.92023         7  2.988605  0.014271  20.50533  cudaMallocManaged
                     0.39  4.697204         4  1.174301  1.142247  1.219945  cuDeviceTotalMem
                     0.31  3.752591     28003  1.34e-04  8.40e-05  0.437599  cudaGetLastError
                     0.29  3.426801       388  8.83e-03  1.08e-04  0.367716  cuDeviceGetAttribute
                     0.24  2.904799         1  2.904799  2.904799  2.904799  cudaMemset
                     0.15  1.780163        10  0.178016  4.36e-04  0.797884  cudaFree
                     0.07  0.833171         1  0.833171  0.833171  0.833171  cudaGetDeviceProperties
                     0.03  0.380005         2  0.190002  9.20e-03  0.370800  cudaThreadSynchronize
                     0.02  0.288264         4  0.072066  0.070196  0.073420  cuDeviceGetName
                     0.00  0.041157         3  0.013719  1.99e-03  0.034090  cudaMemAdvise
                     0.00  9.03e-03         4  2.26e-03  1.19e-03  5.10e-03  cuDeviceGetPCIBusId
                     0.00  7.09e-03         1  7.09e-03  7.09e-03  7.09e-03  cudaSetDevice
                     0.00  2.36e-03         8  2.94e-04  1.53e-04  6.02e-04  cuDeviceGet
                     0.00  1.85e-03         1  1.85e-03  1.85e-03  1.85e-03  cudaGetDevice
                     0.00  1.47e-03         3  4.88e-04  1.32e-04  7.56e-04  cuDeviceGetCount
                     0.00  8.01e-04         4  2.00e-04  1.74e-04  2.63e-04  cuDeviceGetUuid

==9742== Unified Memory profiling result:
Device "Tesla V100-PCIE-32GB (0)"
   Count  Avg Size  Min Size  Max Size  Total Size  Total Time  Name
     461  31.548KB  4.0000KB  868.00KB  14.20313MB    2.469408ms  Host To Device
      42         -         -         -           -    8.845504ms  Gpu page fault groups
       5  182.40KB  64.000KB  400.00KB  912.0000KB           -  Remote mapping from device
Total CPU Page faults: 2752
Total remote mappings to CPU: 5
