==64117== NVPROF is profiling process 64117, command: ./cfd_0133 ../../../data/cfd/missile.domn.0.2M
==64117== Profiling application: ./cfd_0133 ../../../data/cfd/missile.domn.0.2M
==64117== Profiling result:
            Type  Time(%)      Time     Calls       Avg       Min       Max  Name
                        %        ms                  ms        ms        ms
 GPU activities:    97.35  7.32e+03      6000  1.220392  1.205912  1.325272  cuda_compute_flux(int, int*, float*, float*, float*)
                     1.85  138.8571      6000  0.023142  0.021119  0.028287  cuda_time_step(int, int, float*, float*, float*, float*)
                     0.41  31.02852      2000  0.015514  0.014592  0.022240  [CUDA memcpy DtoD]
                     0.36  27.05017      2000  0.013525  0.011616  0.616605  cuda_compute_step_factor(int, float*, float*, float*)
                     0.03  2.237811         3  0.745937  0.628956  0.894651  cuda_initialize_variables(int, float*)
                     0.00  7.39e-03         5  1.48e-03  1.38e-03  1.79e-03  [CUDA memcpy HtoD]
                     0.00  2.11e-03         1  2.11e-03  2.11e-03  2.11e-03  [CUDA memset]
      API calls:    94.69  7.47e+03      2000  3.733738  0.067105  4.352132  cudaMemcpy
                     3.76  296.6943         5  59.33886  6.12e-03  296.6608  cudaMemcpyToSymbol
                     1.00  79.11348     14003  5.65e-03  4.26e-03  0.482784  cudaLaunchKernel
                     0.26  20.85871         7  2.979815  0.014235  20.42366  cudaMallocManaged
                     0.06  4.574355         4  1.143588  1.140066  1.147724  cuDeviceTotalMem
                     0.05  3.761735         2  1.880867  8.40e-03  3.753335  cudaThreadSynchronize
                     0.04  3.524995     28003  1.25e-04  8.60e-05  0.011781  cudaGetLastError
                     0.04  3.360485       388  8.66e-03  1.07e-04  0.361095  cuDeviceGetAttribute
                     0.03  2.522117         1  2.522117  2.522117  2.522117  cudaMemset
                     0.03  2.407551        10  0.240755  4.51e-04  1.261797  cudaFree
                     0.02  1.704609         1  1.704609  1.704609  1.704609  cudaGetDeviceProperties
                     0.00  0.280223         4  0.070055  0.067541  0.072716  cuDeviceGetName
                     0.00  0.021041         3  7.01e-03  1.68e-03  0.014035  cudaMemAdvise
                     0.00  8.90e-03         4  2.23e-03  1.22e-03  4.91e-03  cuDeviceGetPCIBusId
                     0.00  7.27e-03         1  7.27e-03  7.27e-03  7.27e-03  cudaSetDevice
                     0.00  2.65e-03         8  3.31e-04  1.31e-04  6.59e-04  cuDeviceGet
                     0.00  1.88e-03         1  1.88e-03  1.88e-03  1.88e-03  cudaGetDevice
                     0.00  1.49e-03         3  4.97e-04  1.30e-04  7.23e-04  cuDeviceGetCount
                     0.00  8.26e-04         4  2.06e-04  1.61e-04  2.67e-04  cuDeviceGetUuid

==64117== Unified Memory profiling result:
Device "Tesla V100-PCIE-32GB (0)"
   Count  Avg Size  Min Size  Max Size  Total Size  Total Time  Name
      28  32.571KB  4.0000KB  304.00KB  912.0000KB    0.144288ms  Host To Device
      31         -         -         -           -    3.281280ms  Gpu page fault groups
      97  149.94KB  64.000KB  564.00KB  14.20313MB           -  Remote mapping from device
Total CPU Page faults: 313
Total remote mappings to CPU: 97
