==32924== NVPROF is profiling process 32924, command: ./cfd_1254 ../../../data/cfd/fvcorr.domn.097K
==32924== Profiling application: ./cfd_1254 ../../../data/cfd/fvcorr.domn.097K
==32924== Profiling result:
            Type  Time(%)      Time     Calls       Avg       Min       Max  Name
                        %        ms                  ms        ms        ms
 GPU activities:    96.96  2.34e+03      6000  0.390118  0.382302  4.047818  cuda_compute_flux(int, int*, float*, float*, float*)
                     2.10  50.80303      6000  8.47e-03  7.14e-03  0.010399  cuda_time_step(int, int, float*, float*, float*, float*)
                     0.50  11.95012      2000  5.98e-03  5.54e-03  0.013216  [CUDA memcpy DtoD]
                     0.39  9.346789      2000  4.67e-03  4.22e-03  0.376093  cuda_compute_step_factor(int, float*, float*, float*)
                     0.05  1.223002         3  0.407667  0.321055  0.499486  cuda_initialize_variables(int, float*)
                     0.00  7.39e-03         5  1.48e-03  1.38e-03  1.79e-03  [CUDA memcpy HtoD]
                     0.00  1.66e-03         1  1.66e-03  1.66e-03  1.66e-03  [CUDA memset]
      API calls:    85.00  2.36e+03      2000  1.182030  0.044951  5.213027  cudaMemcpy
                    10.73  298.3515         5  59.67031  6.03e-03  298.3181  cudaMemcpyToSymbol
                     2.93  81.44562     14003  5.82e-03  4.56e-03  0.428900  cudaLaunchKernel
                     0.74  20.59999         7  2.942855  0.010959  20.47045  cudaMallocManaged
                     0.16  4.543032         4  1.135758  1.132522  1.140924  cuDeviceTotalMem
                     0.13  3.574654     28003  1.27e-04  8.50e-05  0.410280  cudaGetLastError
                     0.12  3.410760       388  8.79e-03  1.07e-04  0.360404  cuDeviceGetAttribute
                     0.05  1.477626        10  0.147762  6.06e-04  0.508159  cudaFree
                     0.05  1.387874         1  1.387874  1.387874  1.387874  cudaMemset
                     0.04  1.182660         2  0.591330  0.017460  1.165200  cudaThreadSynchronize
                     0.03  0.860565         1  0.860565  0.860565  0.860565  cudaGetDeviceProperties
                     0.01  0.292914         4  0.073228  0.069436  0.075844  cuDeviceGetName
                     0.00  0.025878         3  8.63e-03  2.21e-03  0.018703  cudaMemAdvise
                     0.00  0.010245         4  2.56e-03  1.27e-03  5.25e-03  cuDeviceGetPCIBusId
                     0.00  9.17e-03         1  9.17e-03  9.17e-03  9.17e-03  cudaSetDevice
                     0.00  2.59e-03         8  3.23e-04  1.66e-04  7.36e-04  cuDeviceGet
                     0.00  2.21e-03         1  2.21e-03  2.21e-03  2.21e-03  cudaGetDevice
                     0.00  1.59e-03         3  5.28e-04  2.27e-04  8.92e-04  cuDeviceGetCount
                     0.00  8.56e-04         4  2.14e-04  1.95e-04  2.32e-04  cuDeviceGetUuid

==32924== Unified Memory profiling result:
Device "Tesla V100-PCIE-32GB (0)"
   Count  Avg Size  Min Size  Max Size  Total Size  Total Time  Name
      40  47.500KB  4.0000KB  460.00KB  1.855469MB    0.253184ms  Host To Device
      48         -         -         -           -    6.396832ms  Gpu page fault groups
     702  6.4893KB  4.0000KB  60.000KB  4.449219MB           -  Remote mapping from device
Total CPU Page faults: 19
Total remote mappings to CPU: 702
