==6698== NVPROF is profiling process 6698, command: ./cfd_0313 ../../../data/cfd/fvcorr.domn.097K
==6698== Profiling application: ./cfd_0313 ../../../data/cfd/fvcorr.domn.097K
==6698== Profiling result:
            Type  Time(%)      Time     Calls       Avg       Min       Max  Name
                        %        ms                  ms        ms        ms
 GPU activities:    94.43  2.34e+03      6000  0.389466  0.382429  1.115481  cuda_compute_flux(int, int*, float*, float*, float*)
                     3.02  74.67639      2000  0.037338  0.036479  0.069248  cuda_compute_step_factor(int, float*, float*, float*)
                     2.04  50.46008      6000  8.41e-03  7.04e-03  0.010112  cuda_time_step(int, int, float*, float*, float*, float*)
                     0.48  11.94851      2000  5.97e-03  5.54e-03  0.012800  [CUDA memcpy DtoD]
                     0.03  0.819035         3  0.273011  0.201951  0.406653  cuda_initialize_variables(int, float*)
                     0.00  7.33e-03         5  1.47e-03  1.38e-03  1.76e-03  [CUDA memcpy HtoD]
                     0.00  4.06e-03         1  4.06e-03  4.06e-03  4.06e-03  [CUDA memset]
      API calls:    85.48  2.42e+03      2000  1.211866  0.046300  1.965743  cudaMemcpy
                    10.38  294.4691         5  58.89382  5.69e-03  294.4364  cudaMemcpyToSymbol
                     2.84  80.62437     14003  5.76e-03  4.43e-03  0.421003  cudaLaunchKernel
                     0.73  20.71678         7  2.959540  0.011481  20.55071  cudaMallocManaged
                     0.16  4.644471         4  1.161117  1.151858  1.168348  cuDeviceTotalMem
                     0.12  3.423145     28003  1.22e-04  8.60e-05  0.011770  cudaGetLastError
                     0.12  3.416508       388  8.81e-03  1.09e-04  0.366073  cuDeviceGetAttribute
                     0.04  1.237163         2  0.618581  4.82e-03  1.232341  cudaThreadSynchronize
                     0.04  1.080132        10  0.108013  4.23e-04  0.424526  cudaFree
                     0.03  0.957745         1  0.957745  0.957745  0.957745  cudaMemset
                     0.03  0.846726         1  0.846726  0.846726  0.846726  cudaGetDeviceProperties
                     0.01  0.294357         4  0.073589  0.068429  0.080193  cuDeviceGetName
                     0.00  0.056187         3  0.018729  5.60e-03  0.037317  cudaMemAdvise
                     0.00  9.93e-03         4  2.48e-03  1.28e-03  5.17e-03  cuDeviceGetPCIBusId
                     0.00  8.74e-03         1  8.74e-03  8.74e-03  8.74e-03  cudaSetDevice
                     0.00  2.39e-03         8  2.98e-04  1.47e-04  6.76e-04  cuDeviceGet
                     0.00  2.13e-03         1  2.13e-03  2.13e-03  2.13e-03  cudaGetDevice
                     0.00  1.42e-03         3  4.72e-04  1.38e-04  7.94e-04  cuDeviceGetCount
                     0.00  8.51e-04         4  2.12e-04  1.91e-04  2.60e-04  cuDeviceGetUuid

==6698== Unified Memory profiling result:
Device "Tesla V100-PCIE-32GB (0)"
   Count  Avg Size  Min Size  Max Size  Total Size  Total Time  Name
      31  49.161KB  4.0000KB  344.00KB  1.488281MB    0.214752ms  Host To Device
      15         -         -         -           -    1.896448ms  Gpu page fault groups
      48  102.75KB  64.000KB  256.00KB  4.816406MB           -  Remote mapping from device
Total CPU Page faults: 417
Total remote mappings to CPU: 48
