==16743== NVPROF is profiling process 16743, command: ./cfd_0522 ../../../data/cfd/missile.domn.0.2M
==16743== Profiling application: ./cfd_0522 ../../../data/cfd/missile.domn.0.2M
==16743== Profiling result:
            Type  Time(%)      Time     Calls       Avg       Min       Max  Name
                        %        ms                  ms        ms        ms
 GPU activities:    70.53  478.2645      6000  0.079710  0.068896  4.461256  cuda_compute_flux(int, int*, float*, float*, float*)
                    20.56  139.3945      6000  0.023232  0.021280  0.026816  cuda_time_step(int, int, float*, float*, float*, float*)
                     4.55  30.85814      2000  0.015429  0.014528  0.021760  [CUDA memcpy DtoD]
                     4.00  27.15547      2000  0.013577  0.011520  0.763292  cuda_compute_step_factor(int, float*, float*, float*)
                     0.36  2.414643         3  0.804881  0.657501  0.930555  cuda_initialize_variables(int, float*)
                     0.00  7.39e-03         5  1.48e-03  1.38e-03  1.79e-03  [CUDA memcpy HtoD]
                     0.00  2.05e-03         1  2.05e-03  2.05e-03  2.05e-03  [CUDA memset]
      API calls:    60.35  628.1982      2000  0.314099  0.034093  5.417912  cudaMemcpy
                    28.41  295.7282         5  59.14564  6.14e-03  295.6948  cudaMemcpyToSymbol
                     7.48  77.88943     14003  5.56e-03  4.34e-03  0.429816  cudaLaunchKernel
                     2.00  20.83578         7  2.976540  0.013907  20.45654  cudaMallocManaged
                     0.45  4.634130         4  1.158532  1.137067  1.211186  cuDeviceTotalMem
                     0.40  4.178443     28003  1.49e-04  8.50e-05  0.443785  cudaGetLastError
                     0.32  3.377784       388  8.70e-03  1.07e-04  0.375350  cuDeviceGetAttribute
                     0.26  2.699545         1  2.699545  2.699545  2.699545  cudaMemset
                     0.17  1.787327        10  0.178732  4.00e-04  0.827882  cudaFree
                     0.09  0.888365         1  0.888365  0.888365  0.888365  cudaGetDeviceProperties
                     0.03  0.301645         2  0.150822  8.51e-03  0.293139  cudaThreadSynchronize
                     0.03  0.278160         4  0.069540  0.067339  0.073801  cuDeviceGetName
                     0.00  0.023118         3  7.71e-03  1.56e-03  0.017657  cudaMemAdvise
                     0.00  8.76e-03         4  2.19e-03  1.16e-03  4.72e-03  cuDeviceGetPCIBusId
                     0.00  7.34e-03         1  7.34e-03  7.34e-03  7.34e-03  cudaSetDevice
                     0.00  2.42e-03         8  3.02e-04  1.35e-04  6.08e-04  cuDeviceGet
                     0.00  1.79e-03         1  1.79e-03  1.79e-03  1.79e-03  cudaGetDevice
                     0.00  1.32e-03         3  4.39e-04  1.50e-04  6.98e-04  cuDeviceGetCount
                     0.00  8.38e-04         4  2.09e-04  1.69e-04  2.39e-04  cuDeviceGetUuid

==16743== Unified Memory profiling result:
Device "Tesla V100-PCIE-32GB (0)"
   Count  Avg Size  Min Size  Max Size  Total Size  Total Time  Name
     443  34.889KB  4.0000KB  888.00KB  15.09375MB    2.395456ms  Host To Device
      46         -         -         -           -    8.738560ms  Gpu page fault groups
Total CPU Page faults: 90
