==4455== NVPROF is profiling process 4455, command: ./cfd_0244 ../../../data/cfd/missile.domn.0.2M
==4455== Profiling application: ./cfd_0244 ../../../data/cfd/missile.domn.0.2M
==4455== Profiling result:
            Type  Time(%)      Time     Calls       Avg       Min       Max  Name
                        %        ms                  ms        ms        ms
 GPU activities:    97.34  7.33e+03      6000  1.221746  1.206393  10.23719  cuda_compute_flux(int, int*, float*, float*, float*)
                     1.85  139.5793      6000  0.023263  0.021248  0.027744  cuda_time_step(int, int, float*, float*, float*, float*)
                     0.41  31.05625      2000  0.015528  0.014560  0.021984  [CUDA memcpy DtoD]
                     0.36  27.13068      2000  0.013565  0.011616  0.735484  cuda_compute_step_factor(int, float*, float*, float*)
                     0.03  2.329586         3  0.776528  0.629628  1.047034  cuda_initialize_variables(int, float*)
                     0.00  7.39e-03         5  1.48e-03  1.38e-03  1.79e-03  [CUDA memcpy HtoD]
                     0.00  2.08e-03         1  2.08e-03  2.08e-03  2.08e-03  [CUDA memset]
      API calls:    94.69  7.48e+03      2000  3.738357  0.063389  13.43984  cudaMemcpy
                     3.76  296.6525         5  59.33050  5.80e-03  296.6192  cudaMemcpyToSymbol
                     1.01  79.95010     14003  5.71e-03  4.36e-03  0.424244  cudaLaunchKernel
                     0.26  20.76410         7  2.966299  0.013815  20.39827  cudaMallocManaged
                     0.06  4.639966         4  1.159991  1.154581  1.173348  cuDeviceTotalMem
                     0.05  4.265808       388  0.010994  1.09e-04  1.241656  cuDeviceGetAttribute
                     0.05  3.700347         2  1.850173  0.010644  3.689703  cudaThreadSynchronize
                     0.04  3.296235     28003  1.17e-04  8.50e-05  0.012093  cudaGetLastError
                     0.03  2.561778         1  2.561778  2.561778  2.561778  cudaMemset
                     0.03  2.004574        10  0.200457  4.41e-04  0.931985  cudaFree
                     0.01  0.883076         1  0.883076  0.883076  0.883076  cudaGetDeviceProperties
                     0.00  0.290775         4  0.072693  0.068165  0.078760  cuDeviceGetName
                     0.00  0.021323         4  5.33e-03  1.12e-03  0.015981  cuDeviceGetPCIBusId
                     0.00  0.021263         3  7.09e-03  1.67e-03  0.016971  cudaMemAdvise
                     0.00  8.11e-03         1  8.11e-03  8.11e-03  8.11e-03  cudaSetDevice
                     0.00  2.59e-03         8  3.23e-04  1.80e-04  8.36e-04  cuDeviceGet
                     0.00  2.50e-03         1  2.50e-03  2.50e-03  2.50e-03  cudaGetDevice
                     0.00  1.33e-03         3  4.42e-04  2.29e-04  7.42e-04  cuDeviceGetCount
                     0.00  8.16e-04         4  2.04e-04  1.79e-04  2.59e-04  cuDeviceGetUuid

==4455== Unified Memory profiling result:
Device "Tesla V100-PCIE-32GB (0)"
   Count  Avg Size  Min Size  Max Size  Total Size  Total Time  Name
      15  60.800KB  4.0000KB  296.00KB  912.0000KB    0.114912ms  Host To Device
      77         -         -         -           -   14.953408ms  Gpu page fault groups
    2518  5.7754KB  4.0000KB  48.000KB  14.20313MB           -  Remote mapping from device
Total CPU Page faults: 13
Total remote mappings to CPU: 2518
