==33817== NVPROF is profiling process 33817, command: ./cfd_1305 ../../../data/cfd/fvcorr.domn.097K
==33817== Profiling application: ./cfd_1305 ../../../data/cfd/fvcorr.domn.097K
==33817== Profiling result:
            Type  Time(%)      Time     Calls       Avg       Min       Max  Name
                        %        ms                  ms        ms        ms
 GPU activities:    62.39  237.0776      6000  0.039512  0.034784  2.237749  cuda_compute_flux(int, int*, float*, float*, float*)
                    19.70  74.84646      2000  0.037423  0.036800  0.053024  cuda_compute_step_factor(int, float*, float*, float*)
                    14.44  54.86942      6000  9.14e-03  7.81e-03  0.011776  cuda_time_step(int, int, float*, float*, float*, float*)
                     3.18  12.08665      2000  6.04e-03  5.73e-03  0.012832  [CUDA memcpy DtoD]
                     0.29  1.084250         3  0.361416  0.252894  0.492029  cuda_initialize_variables(int, float*)
                     0.00  7.33e-03         5  1.47e-03  1.38e-03  1.79e-03  [CUDA memcpy HtoD]
                     0.00  1.66e-03         1  1.66e-03  1.66e-03  1.66e-03  [CUDA memset]
      API calls:    45.12  333.4238      2000  0.166711  0.028400  2.370369  cudaMemcpy
                    39.87  294.6382         5  58.92764  5.96e-03  294.6051  cudaMemcpyToSymbol
                    10.11  74.74449     14003  5.34e-03  4.21e-03  0.410225  cudaLaunchKernel
                     2.80  20.66387         7  2.951981  0.011352  20.50655  cudaMallocManaged
                     0.65  4.772080         4  1.193020  1.182751  1.209068  cuDeviceTotalMem
                     0.49  3.639381     28003  1.29e-04  8.50e-05  0.434459  cudaGetLastError
                     0.48  3.515529       388  9.06e-03  1.10e-04  0.365225  cuDeviceGetAttribute
                     0.17  1.226772         1  1.226772  1.226772  1.226772  cudaMemset
                     0.14  1.039900        10  0.103990  4.40e-04  0.402373  cudaFree
                     0.12  0.859423         1  0.859423  0.859423  0.859423  cudaGetDeviceProperties
                     0.04  0.290861         4  0.072715  0.069360  0.077575  cuDeviceGetName
                     0.02  0.163466         2  0.081733  4.66e-03  0.158803  cudaThreadSynchronize
                     0.00  0.036229         2  0.018114  2.38e-03  0.033846  cudaMemAdvise
                     0.00  0.010246         4  2.56e-03  1.27e-03  5.32e-03  cuDeviceGetPCIBusId
                     0.00  8.45e-03         1  8.45e-03  8.45e-03  8.45e-03  cudaSetDevice
                     0.00  2.70e-03         8  3.38e-04  1.80e-04  8.11e-04  cuDeviceGet
                     0.00  2.11e-03         1  2.11e-03  2.11e-03  2.11e-03  cudaGetDevice
                     0.00  1.35e-03         3  4.50e-04  1.21e-04  7.73e-04  cuDeviceGetCount
                     0.00  8.59e-04         4  2.14e-04  1.92e-04  2.60e-04  cuDeviceGetUuid

==33817== Unified Memory profiling result:
Device "Tesla V100-PCIE-32GB (0)"
   Count  Avg Size  Min Size  Max Size  Total Size  Total Time  Name
     129  48.248KB  4.0000KB  920.00KB  6.078125MB    0.902176ms  Host To Device
      23         -         -         -           -    3.459904ms  Gpu page fault groups
       4  95.000KB  60.000KB  192.00KB  380.0000KB           -  Remote mapping from device
Total CPU Page faults: 49
Total remote mappings to CPU: 4
