==41754== NVPROF is profiling process 41754, command: ./cfd_1451 ../../../data/cfd/fvcorr.domn.193K
==41754== Profiling application: ./cfd_1451 ../../../data/cfd/fvcorr.domn.193K
==41754== Profiling result:
            Type  Time(%)      Time     Calls       Avg       Min       Max  Name
                        %        ms                  ms        ms        ms
 GPU activities:    55.79  361.0006      6000  0.060166  0.057088  3.910410  cuda_compute_flux(int, int*, float*, float*, float*)
                    21.69  140.3374      2000  0.070168  0.068320  1.266137  cuda_compute_step_factor(int, float*, float*, float*)
                    18.91  122.3627      6000  0.020393  0.018208  0.022816  cuda_time_step(int, int, float*, float*, float*, float*)
                     3.28  21.22234      2000  0.010611  9.92e-03  0.014272  [CUDA memcpy DtoD]
                     0.33  2.162932         3  0.720977  0.617436  0.890331  cuda_initialize_variables(int, float*)
                     0.00  7.42e-03         5  1.48e-03  1.41e-03  1.79e-03  [CUDA memcpy HtoD]
                     0.00  2.08e-03         1  2.08e-03  2.08e-03  2.08e-03  [CUDA memset]
      API calls:    58.95  594.7599      2000  0.297379  0.031468  5.319456  cudaMemcpy
                    29.15  294.0612         5  58.81225  6.55e-03  294.0279  cudaMemcpyToSymbol
                     7.93  79.96013     14003  5.71e-03  4.40e-03  0.492768  cudaLaunchKernel
                     2.06  20.82181         7  2.974543  7.24e-03  20.43024  cudaMallocManaged
                     0.51  5.185025       388  0.013363  1.09e-04  1.249832  cuDeviceGetAttribute
                     0.45  4.527512         4  1.131878  1.128694  1.135389  cuDeviceTotalMem
                     0.42  4.284395     28003  1.52e-04  8.50e-05  0.483402  cudaGetLastError
                     0.24  2.406002         1  2.406002  2.406002  2.406002  cudaMemset
                     0.14  1.436481        10  0.143648  4.86e-04  0.618720  cudaFree
                     0.08  0.832696         1  0.832696  0.832696  0.832696  cudaGetDeviceProperties
                     0.03  0.296560         2  0.148280  0.015301  0.281259  cudaThreadSynchronize
                     0.03  0.283981         4  0.070995  0.067995  0.073352  cuDeviceGetName
                     0.00  0.044179         3  0.014726  1.99e-03  0.038975  cudaMemAdvise
                     0.00  9.21e-03         4  2.30e-03  1.17e-03  5.22e-03  cuDeviceGetPCIBusId
                     0.00  6.90e-03         1  6.90e-03  6.90e-03  6.90e-03  cudaSetDevice
                     0.00  2.85e-03         8  3.55e-04  1.60e-04  6.98e-04  cuDeviceGet
                     0.00  1.81e-03         1  1.81e-03  1.81e-03  1.81e-03  cudaGetDevice
                     0.00  1.27e-03         3  4.22e-04  1.49e-04  7.12e-04  cuDeviceGetCount
                     0.00  7.88e-04         4  1.97e-04  1.73e-04  2.33e-04  cuDeviceGetUuid

==41754== Unified Memory profiling result:
Device "Tesla V100-PCIE-32GB (0)"
   Count  Avg Size  Min Size  Max Size  Total Size  Total Time  Name
     335  36.107KB  4.0000KB  0.9805MB  11.81250MB    1.875264ms  Host To Device
      44         -         -         -           -    8.196032ms  Gpu page fault groups
      53  14.264KB  4.0000KB  64.000KB  756.0000KB           -  Remote mapping from device
Total CPU Page faults: 2289
Total remote mappings to CPU: 53
