==65451== NVPROF is profiling process 65451, command: ./cfd_0152 ../../../data/cfd/fvcorr.domn.097K
==65451== Profiling application: ./cfd_0152 ../../../data/cfd/fvcorr.domn.097K
==65451== Profiling result:
            Type  Time(%)      Time     Calls       Avg       Min       Max  Name
                        %        ms                  ms        ms        ms
 GPU activities:    73.59  215.8328      6000  0.035972  0.033696  2.141621  cuda_compute_flux(int, int*, float*, float*, float*)
                    18.70  54.83659      6000  9.14e-03  7.81e-03  0.011456  cuda_time_step(int, int, float*, float*, float*, float*)
                     4.07  11.94735      2000  5.97e-03  5.79e-03  0.012543  [CUDA memcpy DtoD]
                     3.19  9.370255      2000  4.69e-03  4.26e-03  0.410846  cuda_compute_step_factor(int, float*, float*, float*)
                     0.44  1.292505         3  0.430835  0.375902  0.493758  cuda_initialize_variables(int, float*)
                     0.00  7.65e-03         5  1.53e-03  1.41e-03  1.79e-03  [CUDA memcpy HtoD]
                     0.00  1.98e-03         1  1.98e-03  1.98e-03  1.98e-03  [CUDA memset]
      API calls:    44.88  298.3285         5  59.66569  5.85e-03  298.2954  cudaMemcpyToSymbol
                    36.10  239.9861      2000  0.119993  0.029227  2.620860  cudaMemcpy
                    13.48  89.64401     14003  6.40e-03  5.16e-03  0.463405  cudaLaunchKernel
                     3.10  20.59871         7  2.942673  0.011195  20.46282  cudaMallocManaged
                     0.70  4.646320         4  1.161580  1.142730  1.193679  cuDeviceTotalMem
                     0.64  4.256199       388  0.010969  1.09e-04  1.189452  cuDeviceGetAttribute
                     0.50  3.313218     28003  1.18e-04  8.60e-05  0.012017  cudaGetLastError
                     0.21  1.382901         1  1.382901  1.382901  1.382901  cudaMemset
                     0.20  1.325424        10  0.132542  4.05e-04  0.381179  cudaFree
                     0.13  0.833174         1  0.833174  0.833174  0.833174  cudaGetDeviceProperties
                     0.04  0.280510         4  0.070127  0.067667  0.072767  cuDeviceGetName
                     0.02  0.115068         2  0.057534  5.09e-03  0.109981  cudaThreadSynchronize
                     0.01  0.044625         3  0.014875  3.81e-03  0.026143  cudaMemAdvise
                     0.00  8.94e-03         4  2.23e-03  1.25e-03  4.86e-03  cuDeviceGetPCIBusId
                     0.00  7.78e-03         1  7.78e-03  7.78e-03  7.78e-03  cudaSetDevice
                     0.00  6.07e-03         1  6.07e-03  6.07e-03  6.07e-03  cudaGetDevice
                     0.00  2.39e-03         8  2.98e-04  1.34e-04  6.89e-04  cuDeviceGet
                     0.00  1.43e-03         3  4.78e-04  1.40e-04  7.65e-04  cuDeviceGetCount
                     0.00  8.38e-04         4  2.09e-04  1.78e-04  2.76e-04  cuDeviceGetUuid

==65451== Unified Memory profiling result:
Device "Tesla V100-PCIE-32GB (0)"
   Count  Avg Size  Min Size  Max Size  Total Size  Total Time  Name
     140  46.114KB  4.0000KB  916.00KB  6.304688MB    0.909600ms  Host To Device
      27         -         -         -           -    3.968896ms  Gpu page fault groups
Total CPU Page faults: 140
