==63729== NVPROF is profiling process 63729, command: ./cfd_0130 ../../../data/cfd/missile.domn.0.2M
==63729== Profiling application: ./cfd_0130 ../../../data/cfd/missile.domn.0.2M
==63729== Profiling result:
            Type  Time(%)      Time     Calls       Avg       Min       Max  Name
                        %        ms                  ms        ms        ms
 GPU activities:    90.58  1.92e+03      6000  0.320023  0.312031  3.591659  cuda_compute_flux(int, int*, float*, float*, float*)
                     6.58  139.4928      6000  0.023248  0.021376  0.026624  cuda_time_step(int, int, float*, float*, float*, float*)
                     1.45  30.81122      2000  0.015405  0.014464  0.023040  [CUDA memcpy DtoD]
                     1.28  27.19159      2000  0.013595  0.011392  0.787003  cuda_compute_step_factor(int, float*, float*, float*)
                     0.11  2.251827         3  0.750609  0.593885  0.987322  cuda_initialize_variables(int, float*)
                     0.00  7.39e-03         5  1.48e-03  1.38e-03  1.79e-03  [CUDA memcpy HtoD]
                     0.00  2.11e-03         1  2.11e-03  2.11e-03  2.11e-03  [CUDA memset]
      API calls:    83.26  2.07e+03      2000  1.033552  0.061163  5.029517  cudaMemcpy
                    11.95  296.6043         5  59.32085  5.82e-03  296.5715  cudaMemcpyToSymbol
                     3.22  79.86349     14003  5.70e-03  4.33e-03  0.434346  cudaLaunchKernel
                     0.84  20.82436         7  2.974908  0.013905  20.43389  cudaMallocManaged
                     0.19  4.638940         4  1.159735  1.147917  1.190714  cuDeviceTotalMem
                     0.15  3.793269     28003  1.35e-04  8.60e-05  0.436042  cudaGetLastError
                     0.14  3.381758       388  8.72e-03  1.08e-04  0.391917  cuDeviceGetAttribute
                     0.10  2.535549         1  2.535549  2.535549  2.535549  cudaMemset
                     0.08  1.887936        10  0.188793  4.10e-04  0.788293  cudaFree
                     0.04  1.021533         2  0.510766  7.88e-03  1.013655  cudaThreadSynchronize
                     0.03  0.855173         1  0.855173  0.855173  0.855173  cudaGetDeviceProperties
                     0.01  0.277432         4  0.069358  0.067483  0.072677  cuDeviceGetName
                     0.00  0.022911         2  0.011455  8.25e-03  0.014665  cudaMemAdvise
                     0.00  8.78e-03         4  2.19e-03  1.18e-03  4.86e-03  cuDeviceGetPCIBusId
                     0.00  7.12e-03         1  7.12e-03  7.12e-03  7.12e-03  cudaSetDevice
                     0.00  2.64e-03         8  3.30e-04  1.55e-04  7.13e-04  cuDeviceGet
                     0.00  1.83e-03         1  1.83e-03  1.83e-03  1.83e-03  cudaGetDevice
                     0.00  1.35e-03         3  4.48e-04  1.38e-04  6.98e-04  cuDeviceGetCount
                     0.00  8.16e-04         4  2.04e-04  1.78e-04  2.45e-04  cuDeviceGetUuid

==63729== Unified Memory profiling result:
Device "Tesla V100-PCIE-32GB (0)"
   Count  Avg Size  Min Size  Max Size  Total Size  Total Time  Name
     322  36.708KB  4.0000KB  892.00KB  11.54297MB    1.801792ms  Host To Device
      44         -         -         -           -    7.242912ms  Gpu page fault groups
      22  165.27KB  64.000KB  564.00KB  3.550781MB           -  Remote mapping from device
Total CPU Page faults: 313
Total remote mappings to CPU: 22
