==57181== NVPROF is profiling process 57181, command: ./cfd_0003 ../../../data/cfd/fvcorr.domn.097K
==57181== Profiling application: ./cfd_0003 ../../../data/cfd/fvcorr.domn.097K
==57181== Profiling result:
            Type  Time(%)      Time     Calls       Avg       Min       Max  Name
                        %        ms                  ms        ms        ms
 GPU activities:    96.97  2.34e+03      6000  0.389521  0.382462  0.689020  cuda_compute_flux(int, int*, float*, float*, float*)
                     2.10  50.63390      6000  8.44e-03  7.14e-03  0.010368  cuda_time_step(int, int, float*, float*, float*, float*)
                     0.49  11.75618      2000  5.88e-03  5.63e-03  0.012192  [CUDA memcpy DtoD]
                     0.40  9.535981      2000  4.77e-03  4.22e-03  0.554012  cuda_compute_step_factor(int, float*, float*, float*)
                     0.05  1.144569         3  0.381523  0.278815  0.514108  cuda_initialize_variables(int, float*)
                     0.00  7.42e-03         5  1.48e-03  1.41e-03  1.79e-03  [CUDA memcpy HtoD]
                     0.00  1.70e-03         1  1.70e-03  1.70e-03  1.70e-03  [CUDA memset]
      API calls:    85.05  2.36e+03      2000  1.179589  0.046117  2.020690  cudaMemcpy
                    10.66  295.6874         5  59.13748  5.90e-03  295.6540  cudaMemcpyToSymbol
                     2.89  80.11475     14003  5.72e-03  4.44e-03  0.453945  cudaLaunchKernel
                     0.74  20.63115         7  2.947307  0.011555  20.46489  cudaMallocManaged
                     0.19  5.192406     28003  1.85e-04  1.25e-04  0.427489  cudaGetLastError
                     0.17  4.773363         4  1.193340  1.177793  1.220643  cuDeviceTotalMem
                     0.12  3.457435       388  8.91e-03  1.11e-04  0.390209  cuDeviceGetAttribute
                     0.05  1.254237         1  1.254237  1.254237  1.254237  cudaMemset
                     0.04  1.205992         2  0.602996  4.40e-03  1.201589  cudaThreadSynchronize
                     0.04  1.107964        10  0.110796  4.20e-04  0.452050  cudaFree
                     0.03  0.850462         1  0.850462  0.850462  0.850462  cudaGetDeviceProperties
                     0.01  0.295013         4  0.073753  0.067221  0.090762  cuDeviceGetName
                     0.00  0.022110         1  0.022110  0.022110  0.022110  cudaMemAdvise
                     0.00  8.55e-03         4  2.14e-03  1.12e-03  4.74e-03  cuDeviceGetPCIBusId
                     0.00  6.89e-03         1  6.89e-03  6.89e-03  6.89e-03  cudaSetDevice
                     0.00  3.43e-03         8  4.28e-04  1.70e-04  1.03e-03  cuDeviceGet
                     0.00  1.70e-03         1  1.70e-03  1.70e-03  1.70e-03  cudaGetDevice
                     0.00  1.28e-03         3  4.27e-04  1.37e-04  6.90e-04  cuDeviceGetCount
                     0.00  7.99e-04         4  1.99e-04  1.71e-04  2.38e-04  cuDeviceGetUuid

==57181== Unified Memory profiling result:
Device "Tesla V100-PCIE-32GB (0)"
   Count  Avg Size  Min Size  Max Size  Total Size  Total Time  Name
      27  75.852KB  4.0000KB  988.00KB  2.000000MB    0.239488ms  Host To Device
      19         -         -         -           -    2.208704ms  Gpu page fault groups
      45  101.24KB  64.000KB  256.00KB  4.449219MB           -  Remote mapping from device
Total CPU Page faults: 46
Total remote mappings to CPU: 45
