==61026== NVPROF is profiling process 61026, command: ./cfd_0053 ../../../data/cfd/fvcorr.domn.193K
==61026== Profiling application: ./cfd_0053 ../../../data/cfd/fvcorr.domn.193K
==61026== Profiling result:
            Type  Time(%)      Time     Calls       Avg       Min       Max  Name
                        %        ms                  ms        ms        ms
 GPU activities:    96.68  4.56e+03      6000  0.759448  0.754492  1.890453  cuda_compute_flux(int, int*, float*, float*, float*)
                     2.41  113.6741      6000  0.018945  0.017472  0.024288  cuda_time_step(int, int, float*, float*, float*, float*)
                     0.44  20.87137      2000  0.010435  9.66e-03  0.013920  [CUDA memcpy DtoD]
                     0.42  19.85514      2000  9.93e-03  9.15e-03  0.227486  cuda_compute_step_factor(int, float*, float*, float*)
                     0.05  2.121844         3  0.707281  0.602941  0.888699  cuda_initialize_variables(int, float*)
                     0.00  7.55e-03         5  1.51e-03  1.38e-03  1.76e-03  [CUDA memcpy HtoD]
                     0.00  2.05e-03         1  2.05e-03  2.05e-03  2.05e-03  [CUDA memset]
      API calls:    91.75  4.66e+03      2000  2.330253  0.064090  3.661681  cudaMemcpy
                     5.86  297.5117         5  59.50234  6.18e-03  297.4778  cudaMemcpyToSymbol
                     1.58  80.48229     14003  5.75e-03  4.35e-03  0.486577  cudaLaunchKernel
                     0.41  20.91465         7  2.987807  7.39e-03  20.51309  cudaMallocManaged
                     0.09  4.572049         4  1.143012  1.137872  1.146905  cuDeviceTotalMem
                     0.08  4.070147     28003  1.45e-04  8.50e-05  0.482850  cudaGetLastError
                     0.07  3.318176       388  8.55e-03  1.10e-04  0.344552  cuDeviceGetAttribute
                     0.05  2.441992         1  2.441992  2.441992  2.441992  cudaMemset
                     0.05  2.327255         2  1.163627  8.52e-03  2.318736  cudaThreadSynchronize
                     0.04  2.024617        10  0.202461  4.59e-04  1.036028  cudaFree
                     0.02  0.835841         1  0.835841  0.835841  0.835841  cudaGetDeviceProperties
                     0.01  0.281547         4  0.070386  0.067535  0.076194  cuDeviceGetName
                     0.00  0.026653         2  0.013326  5.31e-03  0.021347  cudaMemAdvise
                     0.00  8.53e-03         4  2.13e-03  1.13e-03  4.77e-03  cuDeviceGetPCIBusId
                     0.00  7.56e-03         1  7.56e-03  7.56e-03  7.56e-03  cudaSetDevice
                     0.00  2.65e-03         8  3.31e-04  1.36e-04  8.10e-04  cuDeviceGet
                     0.00  2.17e-03         1  2.17e-03  2.17e-03  2.17e-03  cudaGetDevice
                     0.00  1.39e-03         3  4.64e-04  1.40e-04  7.50e-04  cuDeviceGetCount
                     0.00  7.82e-04         4  1.95e-04  1.61e-04  2.63e-04  cuDeviceGetUuid

==61026== Unified Memory profiling result:
Device "Tesla V100-PCIE-32GB (0)"
   Count  Avg Size  Min Size  Max Size  Total Size  Total Time  Name
      96  42.166KB  4.0000KB  512.00KB  3.953125MB    0.643168ms  Host To Device
      31         -         -         -           -    4.242944ms  Gpu page fault groups
      67  135.40KB  64.000KB  448.00KB  8.859375MB           -  Remote mapping from device
Total CPU Page faults: 83
Total remote mappings to CPU: 67
