==35803== NVPROF is profiling process 35803, command: ./cfd_1333 ../../../data/cfd/fvcorr.domn.097K
==35803== Profiling application: ./cfd_1333 ../../../data/cfd/fvcorr.domn.097K
==35803== Profiling result:
            Type  Time(%)      Time     Calls       Avg       Min       Max  Name
                        %        ms                  ms        ms        ms
 GPU activities:    95.95  3.09e+03      6000  0.515815  0.506781  0.601373  cuda_compute_flux(int, int*, float*, float*, float*)
                     2.33  75.04971      2000  0.037524  0.036671  0.058527  cuda_compute_step_factor(int, float*, float*, float*)
                     1.32  42.58433      6000  7.10e-03  5.63e-03  9.06e-03  cuda_time_step(int, int, float*, float*, float*, float*)
                     0.37  11.80928      2000  5.90e-03  5.60e-03  0.012160  [CUDA memcpy DtoD]
                     0.04  1.164953         3  0.388317  0.339710  0.473213  cuda_initialize_variables(int, float*)
                     0.00  7.39e-03         5  1.48e-03  1.38e-03  1.79e-03  [CUDA memcpy HtoD]
                     0.00  1.82e-03         1  1.82e-03  1.82e-03  1.82e-03  [CUDA memset]
      API calls:    88.54  3.17e+03      2000  1.587097  0.047217  2.450532  cudaMemcpy
                     8.19  293.5860         5  58.71720  6.52e-03  293.5490  cudaMemcpyToSymbol
                     2.22  79.50174     14003  5.68e-03  4.31e-03  0.427680  cudaLaunchKernel
                     0.58  20.68408         7  2.954868  0.011274  20.50397  cudaMallocManaged
                     0.13  4.564563         4  1.141140  1.126981  1.168117  cuDeviceTotalMem
                     0.10  3.422035       388  8.82e-03  1.12e-04  0.364031  cuDeviceGetAttribute
                     0.10  3.410547     28003  1.21e-04  8.50e-05  0.020165  cudaGetLastError
                     0.04  1.568571         2  0.784285  4.73e-03  1.563843  cudaThreadSynchronize
                     0.04  1.487314        10  0.148731  4.13e-04  0.517430  cudaFree
                     0.04  1.270442         1  1.270442  1.270442  1.270442  cudaMemset
                     0.02  0.832406         1  0.832406  0.832406  0.832406  cudaGetDeviceProperties
                     0.01  0.285021         4  0.071255  0.067571  0.072556  cuDeviceGetName
                     0.00  0.046202         3  0.015400  1.97e-03  0.035153  cudaMemAdvise
                     0.00  8.25e-03         4  2.06e-03  1.12e-03  4.54e-03  cuDeviceGetPCIBusId
                     0.00  7.12e-03         1  7.12e-03  7.12e-03  7.12e-03  cudaSetDevice
                     0.00  2.26e-03         8  2.82e-04  1.62e-04  6.40e-04  cuDeviceGet
                     0.00  1.82e-03         1  1.82e-03  1.82e-03  1.82e-03  cudaGetDevice
                     0.00  1.29e-03         3  4.30e-04  1.27e-04  7.05e-04  cuDeviceGetCount
                     0.00  8.14e-04         4  2.03e-04  1.76e-04  2.50e-04  cuDeviceGetUuid

==35803== Unified Memory profiling result:
Device "Tesla V100-PCIE-32GB (0)"
   Count  Avg Size  Min Size  Max Size  Total Size  Total Time  Name
      14         -         -         -           -    1.342368ms  Gpu page fault groups
      64  100.88KB  4.0000KB  300.00KB  6.304688MB           -  Remote mapping from device
Total CPU Page faults: 49
Total remote mappings to CPU: 64
