==11355== NVPROF is profiling process 11355, command: ./cfd_0412 ../../../data/cfd/missile.domn.0.2M
==11355== Profiling application: ./cfd_0412 ../../../data/cfd/missile.domn.0.2M
==11355== Profiling result:
            Type  Time(%)      Time     Calls       Avg       Min       Max  Name
                        %        ms                  ms        ms        ms
 GPU activities:    57.43  478.3601      6000  0.079726  0.068415  4.325575  cuda_compute_flux(int, int*, float*, float*, float*)
                    20.36  169.5821      2000  0.084791  0.081504  1.131898  cuda_compute_step_factor(int, float*, float*, float*)
                    18.24  151.9751      6000  0.025329  0.023360  0.035328  cuda_time_step(int, int, float*, float*, float*, float*)
                     3.69  30.74814      2000  0.015374  0.014464  0.022208  [CUDA memcpy DtoD]
                     0.28  2.319763         3  0.773254  0.699996  0.878203  cuda_initialize_variables(int, float*)
                     0.00  7.39e-03         5  1.48e-03  1.38e-03  1.79e-03  [CUDA memcpy HtoD]
                     0.00  2.05e-03         1  2.05e-03  2.05e-03  2.05e-03  [CUDA memset]
      API calls:    65.57  782.7414      2000  0.391370  0.033952  5.603014  cudaMemcpy
                    24.93  297.6314         5  59.52629  6.45e-03  297.5917  cudaMemcpyToSymbol
                     6.28  74.96081     14003  5.35e-03  4.28e-03  0.431450  cudaLaunchKernel
                     1.74  20.79028         7  2.970040  0.013686  20.41406  cudaMallocManaged
                     0.38  4.569617         4  1.142404  1.137967  1.149285  cuDeviceTotalMem
                     0.31  3.707922     28003  1.32e-04  8.50e-05  0.427818  cudaGetLastError
                     0.29  3.416513       388  8.81e-03  1.09e-04  0.364799  cuDeviceGetAttribute
                     0.22  2.596755         1  2.596755  2.596755  2.596755  cudaMemset
                     0.15  1.743775        10  0.174377  4.28e-04  0.769996  cudaFree
                     0.07  0.837808         1  0.837808  0.837808  0.837808  cudaGetDeviceProperties
                     0.03  0.388115         2  0.194057  8.11e-03  0.380005  cudaThreadSynchronize
                     0.02  0.280429         4  0.070107  0.067323  0.073170  cuDeviceGetName
                     0.00  0.023585         3  7.86e-03  2.49e-03  0.016311  cudaMemAdvise
                     0.00  8.87e-03         4  2.22e-03  1.13e-03  5.18e-03  cuDeviceGetPCIBusId
                     0.00  7.81e-03         1  7.81e-03  7.81e-03  7.81e-03  cudaSetDevice
                     0.00  2.28e-03         1  2.28e-03  2.28e-03  2.28e-03  cudaGetDevice
                     0.00  2.23e-03         8  2.79e-04  1.31e-04  6.90e-04  cuDeviceGet
                     0.00  1.26e-03         3  4.19e-04  1.25e-04  7.13e-04  cuDeviceGetCount
                     0.00  7.93e-04         4  1.98e-04  1.62e-04  2.40e-04  cuDeviceGetUuid

==11355== Unified Memory profiling result:
Device "Tesla V100-PCIE-32GB (0)"
   Count  Avg Size  Min Size  Max Size  Total Size  Total Time  Name
     357  40.739KB  4.0000KB  896.00KB  14.20313MB    2.085632ms  Host To Device
      53         -         -         -           -    8.648320ms  Gpu page fault groups
      72  12.666KB  4.0000KB  88.000KB  912.0000KB           -  Remote mapping from device
Total CPU Page faults: 975
Total remote mappings to CPU: 72
