==10215== NVPROF is profiling process 10215, command: ./cfd_0355 ../../../data/cfd/fvcorr.domn.193K
==10215== Profiling application: ./cfd_0355 ../../../data/cfd/fvcorr.domn.193K
==10215== Profiling result:
            Type  Time(%)      Time     Calls       Avg       Min       Max  Name
                        %        ms                  ms        ms        ms
 GPU activities:    56.14  360.9305      6000  0.060155  0.057408  3.525868  cuda_compute_flux(int, int*, float*, float*, float*)
                    21.49  138.1380      2000  0.069068  0.068383  0.098815  cuda_compute_step_factor(int, float*, float*, float*)
                    18.79  120.8020      6000  0.020133  0.018112  0.022816  cuda_time_step(int, int, float*, float*, float*, float*)
                     3.27  21.04346      2000  0.010521  9.86e-03  0.013536  [CUDA memcpy DtoD]
                     0.31  2.002549         3  0.667516  0.525949  0.851867  cuda_initialize_variables(int, float*)
                     0.00  7.42e-03         5  1.48e-03  1.41e-03  1.79e-03  [CUDA memcpy HtoD]
                     0.00  2.08e-03         1  2.08e-03  2.08e-03  2.08e-03  [CUDA memset]
      API calls:    58.62  590.6692      2000  0.295334  0.050571  3.760269  cudaMemcpy
                    29.81  300.3987         5  60.07973  5.82e-03  300.3661  cudaMemcpyToSymbol
                     7.71  77.67994     14003  5.55e-03  4.41e-03  0.496424  cudaLaunchKernel
                     2.08  20.91217         7  2.987452  7.10e-03  20.51069  cudaMallocManaged
                     0.46  4.616353         4  1.154088  1.139710  1.181611  cuDeviceTotalMem
                     0.42  4.257860       388  0.010973  1.10e-04  1.140410  cuDeviceGetAttribute
                     0.38  3.810854     28003  1.36e-04  9.30e-05  0.011971  cudaGetLastError
                     0.22  2.208386         1  2.208386  2.208386  2.208386  cudaMemset
                     0.15  1.549966        10  0.154996  4.67e-04  0.656070  cudaFree
                     0.08  0.833957         1  0.833957  0.833957  0.833957  cudaGetDeviceProperties
                     0.03  0.285247         4  0.071311  0.068012  0.075119  cuDeviceGetName
                     0.03  0.283818         2  0.141909  7.32e-03  0.276497  cudaThreadSynchronize
                     0.00  0.046830         3  0.015610  1.58e-03  0.034270  cudaMemAdvise
                     0.00  9.02e-03         4  2.26e-03  1.16e-03  5.15e-03  cuDeviceGetPCIBusId
                     0.00  7.55e-03         1  7.55e-03  7.55e-03  7.55e-03  cudaSetDevice
                     0.00  2.42e-03         8  3.02e-04  1.30e-04  9.00e-04  cuDeviceGet
                     0.00  2.32e-03         1  2.32e-03  2.32e-03  2.32e-03  cudaGetDevice
                     0.00  1.30e-03         3  4.34e-04  1.28e-04  7.28e-04  cuDeviceGetCount
                     0.00  8.54e-04         4  2.13e-04  1.93e-04  2.54e-04  cuDeviceGetUuid

==10215== Unified Memory profiling result:
Device "Tesla V100-PCIE-32GB (0)"
   Count  Avg Size  Min Size  Max Size  Total Size  Total Time  Name
     337  35.893KB  4.0000KB  992.00KB  11.81250MB    1.935808ms  Host To Device
      28         -         -         -           -    6.064640ms  Gpu page fault groups
       5  151.20KB  64.000KB  256.00KB  756.0000KB           -  Remote mapping from device
Total CPU Page faults: 83
Total remote mappings to CPU: 5
