==32443== NVPROF is profiling process 32443, command: ./cfd_1250 ../../../data/cfd/fvcorr.domn.097K
==32443== Profiling application: ./cfd_1250 ../../../data/cfd/fvcorr.domn.097K
==32443== Profiling result:
            Type  Time(%)      Time     Calls       Avg       Min       Max  Name
                        %        ms                  ms        ms        ms
 GPU activities:    73.62  215.8356      6000  0.035972  0.032768  2.185269  cuda_compute_flux(int, int*, float*, float*, float*)
                    18.72  54.86790      6000  9.14e-03  7.84e-03  0.011520  cuda_time_step(int, int, float*, float*, float*, float*)
                     4.10  12.01163      2000  6.01e-03  5.76e-03  0.012416  [CUDA memcpy DtoD]
                     3.19  9.347725      2000  4.67e-03  4.26e-03  0.359646  cuda_compute_step_factor(int, float*, float*, float*)
                     0.38  1.100794         3  0.366931  0.244735  0.538973  cuda_initialize_variables(int, float*)
                     0.00  7.74e-03         5  1.55e-03  1.38e-03  2.02e-03  [CUDA memcpy HtoD]
                     0.00  1.66e-03         1  1.66e-03  1.66e-03  1.66e-03  [CUDA memset]
      API calls:    45.13  297.2807         5  59.45614  6.71e-03  297.2463  cudaMemcpyToSymbol
                    37.60  247.6525      2000  0.123826  0.025292  2.603696  cudaMemcpy
                    11.65  76.76163     14003  5.48e-03  4.27e-03  0.980106  cudaLaunchKernel
                     3.13  20.60571         7  2.943672  0.010881  20.47380  cudaMallocManaged
                     0.70  4.589438         4  1.147359  1.127159  1.175862  cuDeviceTotalMem
                     0.64  4.213996       388  0.010860  1.08e-04  1.219763  cuDeviceGetAttribute
                     0.58  3.791763     28003  1.35e-04  8.40e-05  0.476384  cudaGetLastError
                     0.19  1.283792         1  1.283792  1.283792  1.283792  cudaMemset
                     0.18  1.174473        10  0.117447  4.51e-04  0.449753  cudaFree
                     0.13  0.827201         1  0.827201  0.827201  0.827201  cudaGetDeviceProperties
                     0.05  0.317307         4  0.079326  0.068728  0.109315  cuDeviceGetName
                     0.02  0.120049         2  0.060024  4.71e-03  0.115335  cudaThreadSynchronize
                     0.00  0.022021         2  0.011010  5.14e-03  0.016882  cudaMemAdvise
                     0.00  8.93e-03         4  2.23e-03  1.20e-03  4.94e-03  cuDeviceGetPCIBusId
                     0.00  7.02e-03         1  7.02e-03  7.02e-03  7.02e-03  cudaSetDevice
                     0.00  3.28e-03         8  4.09e-04  1.62e-04  7.40e-04  cuDeviceGet
                     0.00  1.86e-03         3  6.21e-04  1.15e-04  1.01e-03  cuDeviceGetCount
                     0.00  1.85e-03         1  1.85e-03  1.85e-03  1.85e-03  cudaGetDevice
                     0.00  8.90e-04         4  2.22e-04  1.89e-04  2.53e-04  cuDeviceGetUuid

==32443== Unified Memory profiling result:
Device "Tesla V100-PCIE-32GB (0)"
   Count  Avg Size  Min Size  Max Size  Total Size  Total Time  Name
     171  37.754KB  4.0000KB  808.00KB  6.304688MB    0.992384ms  Host To Device
      27         -         -         -           -    3.863008ms  Gpu page fault groups
Total CPU Page faults: 49
