==20556== NVPROF is profiling process 20556, command: ./cfd_1012 ../../../data/cfd/missile.domn.0.2M
==20556== Profiling application: ./cfd_1012 ../../../data/cfd/missile.domn.0.2M
==20556== Profiling result:
            Type  Time(%)      Time     Calls       Avg       Min       Max  Name
                        %        ms                  ms        ms        ms
 GPU activities:    70.58  479.9337      6000  0.079988  0.068768  4.285993  cuda_compute_flux(int, int*, float*, float*, float*)
                    20.54  139.6804      6000  0.023280  0.021248  0.026272  cuda_time_step(int, int, float*, float*, float*, float*)
                     4.55  30.96137      2000  0.015480  0.014400  0.022432  [CUDA memcpy DtoD]
                     4.00  27.18794      2000  0.013593  0.011744  0.297054  cuda_compute_step_factor(int, float*, float*, float*)
                     0.33  2.249140         3  0.749713  0.673916  0.834428  cuda_initialize_variables(int, float*)
                     0.00  7.46e-03         5  1.49e-03  1.41e-03  1.82e-03  [CUDA memcpy HtoD]
                     0.00  2.08e-03         1  2.08e-03  2.08e-03  2.08e-03  [CUDA memset]
      API calls:    60.53  631.5984      2000  0.315799  0.044169  4.750209  cudaMemcpy
                    28.45  296.8794         5  59.37589  5.43e-03  296.8470  cudaMemcpyToSymbol
                     7.30  76.22367     14003  5.44e-03  4.22e-03  0.470725  cudaLaunchKernel
                     2.00  20.87048         7  2.981497  0.014871  20.47998  cudaMallocManaged
                     0.44  4.619949         4  1.154987  1.138876  1.179641  cuDeviceTotalMem
                     0.42  4.360543     28003  1.55e-04  8.60e-05  0.445772  cudaGetLastError
                     0.32  3.303610       388  8.51e-03  1.11e-04  0.343134  cuDeviceGetAttribute
                     0.24  2.543336         1  2.543336  2.543336  2.543336  cudaMemset
                     0.16  1.646235        10  0.164623  3.91e-04  0.766026  cudaFree
                     0.08  0.831809         1  0.831809  0.831809  0.831809  cudaGetDeviceProperties
                     0.03  0.316064         2  0.158032  0.013633  0.302431  cudaThreadSynchronize
                     0.03  0.278986         4  0.069746  0.067519  0.074048  cuDeviceGetName
                     0.00  0.016398         2  8.20e-03  5.53e-03  0.010867  cudaMemAdvise
                     0.00  8.89e-03         4  2.22e-03  1.13e-03  5.12e-03  cuDeviceGetPCIBusId
                     0.00  7.01e-03         1  7.01e-03  7.01e-03  7.01e-03  cudaSetDevice
                     0.00  2.63e-03         8  3.28e-04  1.82e-04  7.19e-04  cuDeviceGet
                     0.00  1.97e-03         1  1.97e-03  1.97e-03  1.97e-03  cudaGetDevice
                     0.00  1.37e-03         3  4.56e-04  1.21e-04  7.57e-04  cuDeviceGetCount
                     0.00  1.08e-03         4  2.70e-04  2.13e-04  4.12e-04  cuDeviceGetUuid

==20556== Unified Memory profiling result:
Device "Tesla V100-PCIE-32GB (0)"
   Count  Avg Size  Min Size  Max Size  Total Size  Total Time  Name
     410  37.971KB  4.0000KB  852.00KB  15.20313MB    2.382304ms  Host To Device
      41         -         -         -           -    7.469824ms  Gpu page fault groups
Total CPU Page faults: 979
