==24191== NVPROF is profiling process 24191, command: ./cfd_1101 ../../../data/cfd/fvcorr.domn.193K
==24191== Profiling application: ./cfd_1101 ../../../data/cfd/fvcorr.domn.193K
==24191== Profiling result:
            Type  Time(%)      Time     Calls       Avg       Min       Max  Name
                        %        ms                  ms        ms        ms
 GPU activities:    68.71  359.8672      6000  0.059977  0.057120  3.852076  cuda_compute_flux(int, int*, float*, float*, float*)
                    23.03  120.6392      6000  0.020106  0.018016  0.022655  cuda_time_step(int, int, float*, float*, float*, float*)
                     4.08  21.38939      2000  0.010694  9.98e-03  0.013664  [CUDA memcpy DtoD]
                     3.74  19.56246      2000  9.78e-03  8.86e-03  0.574813  cuda_compute_step_factor(int, float*, float*, float*)
                     0.43  2.269428         3  0.756476  0.626941  0.884539  cuda_initialize_variables(int, float*)
                     0.00  7.36e-03         5  1.47e-03  1.38e-03  1.76e-03  [CUDA memcpy HtoD]
                     0.00  2.08e-03         1  2.08e-03  2.08e-03  2.08e-03  [CUDA memset]
      API calls:    53.33  473.8954      2000  0.236947  0.035368  4.563212  cudaMemcpy
                    33.43  297.0353         5  59.40707  6.23e-03  297.0015  cudaMemcpyToSymbol
                     8.80  78.21847     14003  5.59e-03  4.44e-03  0.437429  cudaLaunchKernel
                     2.35  20.91113         7  2.987305  0.010022  20.47601  cudaMallocManaged
                     0.52  4.632197         4  1.158049  1.139571  1.180611  cuDeviceTotalMem
                     0.48  4.270519     28003  1.52e-04  8.50e-05  0.488040  cudaGetLastError
                     0.48  4.258503       388  0.010975  1.07e-04  1.182430  cuDeviceGetAttribute
                     0.29  2.545511         1  2.545511  2.545511  2.545511  cudaMemset
                     0.16  1.410998        10  0.141099  4.52e-04  0.583949  cudaFree
                     0.10  0.845601         1  0.845601  0.845601  0.845601  cudaGetDeviceProperties
                     0.03  0.292242         4  0.073060  0.067817  0.077577  cuDeviceGetName
                     0.03  0.238994         2  0.119497  0.015214  0.223780  cudaThreadSynchronize
                     0.00  0.035234         2  0.017617  5.04e-03  0.030190  cudaMemAdvise
                     0.00  0.023797         4  5.95e-03  1.15e-03  0.016202  cuDeviceGetPCIBusId
                     0.00  7.58e-03         1  7.58e-03  7.58e-03  7.58e-03  cudaSetDevice
                     0.00  2.28e-03         8  2.84e-04  1.54e-04  6.87e-04  cuDeviceGet
                     0.00  1.66e-03         1  1.66e-03  1.66e-03  1.66e-03  cudaGetDevice
                     0.00  1.27e-03         3  4.24e-04  1.42e-04  7.27e-04  cuDeviceGetCount
                     0.00  8.32e-04         4  2.08e-04  1.83e-04  2.49e-04  cuDeviceGetUuid

==24191== Unified Memory profiling result:
Device "Tesla V100-PCIE-32GB (0)"
   Count  Avg Size  Min Size  Max Size  Total Size  Total Time  Name
     354  36.305KB  4.0000KB  0.9805MB  12.55078MB    1.976672ms  Host To Device
      37         -         -         -           -    7.253792ms  Gpu page fault groups
Total CPU Page faults: 2477
