==497== NVPROF is profiling process 497, command: ./cfd_0153 ../../../data/cfd/missile.domn.0.2M
==497== Profiling application: ./cfd_0153 ../../../data/cfd/missile.domn.0.2M
==497== Profiling result:
            Type  Time(%)      Time     Calls       Avg       Min       Max  Name
                        %        ms                  ms        ms        ms
 GPU activities:    96.50  5.51e+03      6000  0.918845  0.907451  2.463729  cuda_compute_flux(int, int*, float*, float*, float*)
                     2.45  139.8447      6000  0.023307  0.021376  0.027232  cuda_time_step(int, int, float*, float*, float*, float*)
                     0.54  30.79531      2000  0.015397  0.014592  0.022208  [CUDA memcpy DtoD]
                     0.47  27.04583      2000  0.013522  0.011552  0.656124  cuda_compute_step_factor(int, float*, float*, float*)
                     0.04  2.389042         3  0.796347  0.744508  0.864859  cuda_initialize_variables(int, float*)
                     0.00  7.52e-03         5  1.50e-03  1.38e-03  1.79e-03  [CUDA memcpy HtoD]
                     0.00  4.38e-03         1  4.38e-03  4.38e-03  4.38e-03  [CUDA memset]
      API calls:    93.07  5.66e+03      2000  2.828037  0.066651  5.007865  cudaMemcpy
                     4.89  297.4683         5  59.49366  5.76e-03  297.4348  cudaMemcpyToSymbol
                     1.35  82.13849     14003  5.86e-03  4.44e-03  0.480736  cudaLaunchKernel
                     0.34  20.93458         7  2.990654  0.018258  20.47126  cudaMallocManaged
                     0.08  4.611169         4  1.152792  1.138055  1.174031  cuDeviceTotalMem
                     0.06  3.705013     28003  1.32e-04  8.50e-05  0.012866  cudaGetLastError
                     0.06  3.477265       388  8.96e-03  1.09e-04  0.367753  cuDeviceGetAttribute
                     0.05  2.826031         2  1.413015  7.84e-03  2.818194  cudaThreadSynchronize
                     0.04  2.667934         1  2.667934  2.667934  2.667934  cudaMemset
                     0.03  2.081357        10  0.208135  4.36e-04  0.991471  cudaFree
                     0.01  0.899231         1  0.899231  0.899231  0.899231  cudaGetDeviceProperties
                     0.00  0.290633         4  0.072658  0.068143  0.076513  cuDeviceGetName
                     0.00  0.049302         3  0.016434  5.31e-03  0.029710  cudaMemAdvise
                     0.00  8.77e-03         4  2.19e-03  1.16e-03  4.91e-03  cuDeviceGetPCIBusId
                     0.00  7.26e-03         1  7.26e-03  7.26e-03  7.26e-03  cudaSetDevice
                     0.00  2.46e-03         8  3.07e-04  1.61e-04  9.18e-04  cuDeviceGet
                     0.00  2.08e-03         1  2.08e-03  2.08e-03  2.08e-03  cudaGetDevice
                     0.00  1.31e-03         3  4.35e-04  1.52e-04  7.66e-04  cuDeviceGetCount
                     0.00  8.07e-04         4  2.01e-04  1.77e-04  2.42e-04  cuDeviceGetUuid

==497== Unified Memory profiling result:
Device "Tesla V100-PCIE-32GB (0)"
   Count  Avg Size  Min Size  Max Size  Total Size  Total Time  Name
     162  28.073KB  4.0000KB  552.00KB  4.441406MB    0.841856ms  Host To Device
      40         -         -         -           -    5.815808ms  Gpu page fault groups
      75  145.44KB  64.000KB  512.00KB  10.65234MB           -  Remote mapping from device
Total CPU Page faults: 313
Total remote mappings to CPU: 75
