==32710== NVPROF is profiling process 32710, command: ./cfd_1252 ../../../data/cfd/fvcorr.domn.193K
==32710== Profiling application: ./cfd_1252 ../../../data/cfd/fvcorr.domn.193K
==32710== Profiling result:
            Type  Time(%)      Time     Calls       Avg       Min       Max  Name
                        %        ms                  ms        ms        ms
 GPU activities:    68.54  361.7886      6000  0.060298  0.057471  3.697869  cuda_compute_flux(int, int*, float*, float*, float*)
                    23.32  123.0798      6000  0.020513  0.018304  0.023136  cuda_time_step(int, int, float*, float*, float*, float*)
                     3.97  20.97533      2000  0.010487  9.79e-03  0.013120  [CUDA memcpy DtoD]
                     3.77  19.89489      2000  9.95e-03  8.86e-03  0.795707  cuda_compute_step_factor(int, float*, float*, float*)
                     0.40  2.105749         3  0.701916  0.623485  0.816763  cuda_initialize_variables(int, float*)
                     0.00  7.52e-03         5  1.50e-03  1.41e-03  1.76e-03  [CUDA memcpy HtoD]
                     0.00  2.05e-03         1  2.05e-03  2.05e-03  2.05e-03  [CUDA memset]
      API calls:    52.95  472.1249      2000  0.236062  0.036663  4.650824  cudaMemcpy
                    33.27  296.7004         5  59.34008  6.31e-03  296.6667  cudaMemcpyToSymbol
                     9.54  85.05360     14003  6.07e-03  4.76e-03  0.502917  cudaLaunchKernel
                     2.34  20.88594         7  2.983706  8.10e-03  20.46026  cudaMallocManaged
                     0.51  4.565601         4  1.141400  1.127601  1.159043  cuDeviceTotalMem
                     0.39  3.458609       388  8.91e-03  1.09e-04  0.373382  cuDeviceGetAttribute
                     0.39  3.437391     28003  1.22e-04  8.50e-05  0.018602  cudaGetLastError
                     0.27  2.372764         1  2.372764  2.372764  2.372764  cudaMemset
                     0.19  1.665471        10  0.166547  4.24e-04  0.663877  cudaFree
                     0.09  0.828646         1  0.828646  0.828646  0.828646  cudaGetDeviceProperties
                     0.03  0.291780         4  0.072945  0.070092  0.076316  cuDeviceGetName
                     0.02  0.219756         2  0.109878  7.54e-03  0.212214  cudaThreadSynchronize
                     0.01  0.057469         3  0.019156  7.28e-03  0.035636  cudaMemAdvise
                     0.00  8.90e-03         4  2.22e-03  1.17e-03  4.81e-03  cuDeviceGetPCIBusId
                     0.00  7.21e-03         1  7.21e-03  7.21e-03  7.21e-03  cudaSetDevice
                     0.00  2.43e-03         8  3.04e-04  1.53e-04  6.06e-04  cuDeviceGet
                     0.00  1.85e-03         1  1.85e-03  1.85e-03  1.85e-03  cudaGetDevice
                     0.00  1.47e-03         3  4.88e-04  1.30e-04  7.25e-04  cuDeviceGetCount
                     0.00  8.33e-04         4  2.08e-04  1.72e-04  2.65e-04  cuDeviceGetUuid

==32710== Unified Memory profiling result:
Device "Tesla V100-PCIE-32GB (0)"
   Count  Avg Size  Min Size  Max Size  Total Size  Total Time  Name
     405  31.732KB  4.0000KB  992.00KB  12.55078MB    2.109568ms  Host To Device
      36         -         -         -           -    7.200448ms  Gpu page fault groups
Total CPU Page faults: 83
