==47026== NVPROF is profiling process 47026, command: ./cfd_1554 ../../../data/cfd/fvcorr.domn.193K
==47026== Profiling application: ./cfd_1554 ../../../data/cfd/fvcorr.domn.193K
==47026== Profiling result:
            Type  Time(%)      Time     Calls       Avg       Min       Max  Name
                        %        ms                  ms        ms        ms
 GPU activities:    96.68  4.60e+03      6000  0.766887  0.754812  7.535382  cuda_compute_flux(int, int*, float*, float*, float*)
                     2.40  114.2738      6000  0.019045  0.017344  0.023200  cuda_time_step(int, int, float*, float*, float*, float*)
                     0.45  21.26894      2000  0.010634  9.89e-03  0.013792  [CUDA memcpy DtoD]
                     0.42  20.01399      2000  0.010006  8.99e-03  0.603965  cuda_compute_step_factor(int, float*, float*, float*)
                     0.05  2.221364         3  0.740454  0.651004  0.835388  cuda_initialize_variables(int, float*)
                     0.00  7.36e-03         5  1.47e-03  1.38e-03  1.79e-03  [CUDA memcpy HtoD]
                     0.00  2.08e-03         1  2.08e-03  2.08e-03  2.08e-03  [CUDA memset]
      API calls:    91.76  4.70e+03      2000  2.351819  0.058574  9.691155  cudaMemcpy
                     5.85  299.7106         5  59.94212  6.00e-03  299.6775  cudaMemcpyToSymbol
                     1.61  82.44349     14003  5.89e-03  4.46e-03  0.459761  cudaLaunchKernel
                     0.41  20.87966         7  2.982807  8.79e-03  20.51790  cudaMallocManaged
                     0.09  4.638076         4  1.159519  1.144807  1.195579  cuDeviceTotalMem
                     0.07  3.558754     28003  1.27e-04  8.70e-05  0.016124  cudaGetLastError
                     0.07  3.387098       388  8.73e-03  1.07e-04  0.355837  cuDeviceGetAttribute
                     0.05  2.442523         1  2.442523  2.442523  2.442523  cudaMemset
                     0.05  2.374379         2  1.187189  8.01e-03  2.366369  cudaThreadSynchronize
                     0.04  1.809998        10  0.180999  4.18e-04  0.839030  cudaFree
                     0.02  0.852122         1  0.852122  0.852122  0.852122  cudaGetDeviceProperties
                     0.01  0.286433         4  0.071608  0.067891  0.074981  cuDeviceGetName
                     0.00  0.023330         3  7.78e-03  2.05e-03  0.018287  cudaMemAdvise
                     0.00  9.36e-03         4  2.34e-03  1.23e-03  5.27e-03  cuDeviceGetPCIBusId
                     0.00  7.93e-03         1  7.93e-03  7.93e-03  7.93e-03  cudaSetDevice
                     0.00  2.85e-03         8  3.55e-04  1.58e-04  8.13e-04  cuDeviceGet
                     0.00  2.20e-03         1  2.20e-03  2.20e-03  2.20e-03  cudaGetDevice
                     0.00  1.34e-03         3  4.48e-04  1.29e-04  7.48e-04  cuDeviceGetCount
                     0.00  8.24e-04         4  2.06e-04  1.57e-04  2.59e-04  cuDeviceGetUuid

==47026== Unified Memory profiling result:
Device "Tesla V100-PCIE-32GB (0)"
   Count  Avg Size  Min Size  Max Size  Total Size  Total Time  Name
      60  63.000KB  4.0000KB  992.00KB  3.691406MB    0.472864ms  Host To Device
      66         -         -         -           -   11.541024ms  Gpu page fault groups
    1493  6.0762KB  4.0000KB  60.000KB  8.859375MB           -  Remote mapping from device
Total CPU Page faults: 30
Total remote mappings to CPU: 1493
