==11436== NVPROF is profiling process 11436, command: ./cfd_0413 ../../../data/cfd/fvcorr.domn.193K
==11436== Profiling application: ./cfd_0413 ../../../data/cfd/fvcorr.domn.193K
==11436== Profiling result:
            Type  Time(%)      Time     Calls       Avg       Min       Max  Name
                        %        ms                  ms        ms        ms
 GPU activities:    94.30  4.58e+03      6000  0.763534  0.754172  1.834485  cuda_compute_flux(int, int*, float*, float*, float*)
                     2.87  139.2106      2000  0.069605  0.068128  1.005786  cuda_compute_step_factor(int, float*, float*, float*)
                     2.35  114.3626      6000  0.019060  0.017472  0.023232  cuda_time_step(int, int, float*, float*, float*, float*)
                     0.43  21.11959      2000  0.010559  9.86e-03  0.014336  [CUDA memcpy DtoD]
                     0.04  2.139411         3  0.713137  0.606684  0.834491  cuda_initialize_variables(int, float*)
                     0.00  7.33e-03         5  1.47e-03  1.38e-03  1.79e-03  [CUDA memcpy HtoD]
                     0.00  4.42e-03         1  4.42e-03  4.42e-03  4.42e-03  [CUDA memset]
      API calls:    92.03  4.80e+03      2000  2.402086  0.059484  4.444932  cudaMemcpy
                     5.66  295.6288         5  59.12576  5.86e-03  295.5958  cudaMemcpyToSymbol
                     1.50  78.34559     14003  5.59e-03  4.23e-03  0.352898  cudaLaunchKernel
                     0.40  20.79437         7  2.970624  7.56e-03  20.43003  cudaMallocManaged
                     0.10  5.178826     28003  1.84e-04  1.04e-04  0.422155  cudaGetLastError
                     0.09  4.525493         4  1.131373  1.124536  1.140065  cuDeviceTotalMem
                     0.07  3.439917       388  8.87e-03  1.25e-04  0.384608  cuDeviceGetAttribute
                     0.05  2.513180         1  2.513180  2.513180  2.513180  cudaMemset
                     0.05  2.389581         2  1.194790  7.91e-03  2.381668  cudaThreadSynchronize
                     0.03  1.824498        10  0.182449  4.33e-04  0.898411  cudaFree
                     0.02  0.831748         1  0.831748  0.831748  0.831748  cudaGetDeviceProperties
                     0.01  0.292669         4  0.073167  0.071614  0.075140  cuDeviceGetName
                     0.00  0.024548         3  8.18e-03  3.05e-03  0.016797  cudaMemAdvise
                     0.00  9.19e-03         4  2.30e-03  1.20e-03  5.23e-03  cuDeviceGetPCIBusId
                     0.00  7.37e-03         1  7.37e-03  7.37e-03  7.37e-03  cudaSetDevice
                     0.00  2.49e-03         8  3.11e-04  1.68e-04  8.39e-04  cuDeviceGet
                     0.00  2.09e-03         1  2.09e-03  2.09e-03  2.09e-03  cudaGetDevice
                     0.00  1.30e-03         3  4.34e-04  1.85e-04  7.62e-04  cuDeviceGetCount
                     0.00  8.70e-04         4  2.17e-04  1.98e-04  2.51e-04  cuDeviceGetUuid

==11436== Unified Memory profiling result:
Device "Tesla V100-PCIE-32GB (0)"
   Count  Avg Size  Min Size  Max Size  Total Size  Total Time  Name
      55  54.981KB  4.0000KB  532.00KB  2.953125MB    0.418528ms  Host To Device
      37         -         -         -           -    5.142080ms  Gpu page fault groups
     121  81.223KB  4.0000KB  448.00KB  9.597656MB           -  Remote mapping from device
Total CPU Page faults: 815
Total remote mappings to CPU: 121
