==5416== NVPROF is profiling process 5416, command: ./cfd_0255 ../../../data/cfd/missile.domn.0.2M
==5416== Profiling application: ./cfd_0255 ../../../data/cfd/missile.domn.0.2M
==5416== Profiling result:
            Type  Time(%)      Time     Calls       Avg       Min       Max  Name
                        %        ms                  ms        ms        ms
 GPU activities:    70.55  478.0466      6000  0.079674  0.067968  4.219175  cuda_compute_flux(int, int*, float*, float*, float*)
                    20.59  139.4920      6000  0.023248  0.021120  0.027040  cuda_time_step(int, int, float*, float*, float*, float*)
                     4.55  30.82148      2000  0.015410  0.014400  0.022175  [CUDA memcpy DtoD]
                     3.99  27.01709      2000  0.013508  0.011520  0.617533  cuda_compute_step_factor(int, float*, float*, float*)
                     0.33  2.220755         3  0.740251  0.621149  0.928314  cuda_initialize_variables(int, float*)
                     0.00  7.39e-03         5  1.48e-03  1.38e-03  1.79e-03  [CUDA memcpy HtoD]
                     0.00  2.08e-03         1  2.08e-03  2.08e-03  2.08e-03  [CUDA memset]
      API calls:    60.35  628.1769      2000  0.314088  0.035048  5.031828  cudaMemcpy
                    28.54  297.1218         5  59.42435  5.98e-03  297.0791  cudaMemcpyToSymbol
                     7.37  76.75084     14003  5.48e-03  4.13e-03  0.432791  cudaLaunchKernel
                     2.00  20.86602         7  2.980859  0.014010  20.49991  cudaMallocManaged
                     0.44  4.583017         4  1.145754  1.139934  1.150583  cuDeviceTotalMem
                     0.43  4.482462     28003  1.60e-04  8.50e-05  0.467010  cudaGetLastError
                     0.32  3.348576       388  8.63e-03  1.09e-04  0.348598  cuDeviceGetAttribute
                     0.24  2.502340         1  2.502340  2.502340  2.502340  cudaMemset
                     0.15  1.604171        10  0.160417  4.34e-04  0.725330  cudaFree
                     0.08  0.843344         1  0.843344  0.843344  0.843344  cudaGetDeviceProperties
                     0.03  0.302017         2  0.151008  7.67e-03  0.294349  cudaThreadSynchronize
                     0.03  0.300994         4  0.075248  0.067649  0.087541  cuDeviceGetName
                     0.00  0.023927         3  7.97e-03  1.67e-03  0.016751  cudaMemAdvise
                     0.00  8.66e-03         4  2.17e-03  1.17e-03  4.81e-03  cuDeviceGetPCIBusId
                     0.00  7.20e-03         1  7.20e-03  7.20e-03  7.20e-03  cudaSetDevice
                     0.00  2.38e-03         8  2.97e-04  1.63e-04  6.19e-04  cuDeviceGet
                     0.00  1.82e-03         1  1.82e-03  1.82e-03  1.82e-03  cudaGetDevice
                     0.00  1.26e-03         3  4.20e-04  1.39e-04  7.23e-04  cuDeviceGetCount
                     0.00  8.56e-04         4  2.14e-04  1.87e-04  2.60e-04  cuDeviceGetUuid

==5416== Unified Memory profiling result:
Device "Tesla V100-PCIE-32GB (0)"
   Count  Avg Size  Min Size  Max Size  Total Size  Total Time  Name
     398  38.834KB  4.0000KB  980.00KB  15.09375MB    2.303808ms  Host To Device
      45         -         -         -           -    8.086400ms  Gpu page fault groups
Total CPU Page faults: 90
