==59353== NVPROF is profiling process 59353, command: ./cfd_0032 ../../../data/cfd/fvcorr.domn.193K
==59353== Profiling application: ./cfd_0032 ../../../data/cfd/fvcorr.domn.193K
==59353== Profiling result:
            Type  Time(%)      Time     Calls       Avg       Min       Max  Name
                        %        ms                  ms        ms        ms
 GPU activities:    90.87  1.62e+03      6000  0.269908  0.258942  3.012462  cuda_compute_flux(int, int*, float*, float*, float*)
                     6.71  119.6026      6000  0.019933  0.017952  0.022656  cuda_time_step(int, int, float*, float*, float*, float*)
                     1.19  21.29055      2000  0.010645  9.98e-03  0.013824  [CUDA memcpy DtoD]
                     1.10  19.56882      2000  9.78e-03  8.99e-03  0.213663  cuda_compute_step_factor(int, float*, float*, float*)
                     0.12  2.149203         3  0.716401  0.572285  0.870331  cuda_initialize_variables(int, float*)
                     0.00  7.65e-03         5  1.53e-03  1.38e-03  1.92e-03  [CUDA memcpy HtoD]
                     0.00  2.18e-03         1  2.18e-03  2.18e-03  2.18e-03  [CUDA memset]
      API calls:    80.68  1.73e+03      2000  0.867396  0.057812  3.790194  cudaMemcpy
                    13.85  297.8574         5  59.57149  6.36e-03  297.8235  cudaMemcpyToSymbol
                     3.55  76.40218     14003  5.46e-03  4.12e-03  0.521232  cudaLaunchKernel
                     0.97  20.80938         7  2.972768  7.95e-03  20.46087  cudaMallocManaged
                     0.22  4.651004         4  1.162751  1.142184  1.193229  cuDeviceTotalMem
                     0.20  4.274603       388  0.011017  1.08e-04  1.202295  cuDeviceGetAttribute
                     0.18  3.907453     28003  1.39e-04  8.90e-05  0.493256  cudaGetLastError
                     0.12  2.474177         1  2.474177  2.474177  2.474177  cudaMemset
                     0.09  1.908855        10  0.190885  4.29e-04  0.806534  cudaFree
                     0.06  1.228246         4  0.307061  0.068435  1.007251  cuDeviceGetName
                     0.04  0.906124         2  0.453062  8.23e-03  0.897893  cudaThreadSynchronize
                     0.04  0.833292         1  0.833292  0.833292  0.833292  cudaGetDeviceProperties
                     0.00  0.017282         2  8.64e-03  6.20e-03  0.011084  cudaMemAdvise
                     0.00  8.95e-03         4  2.24e-03  1.21e-03  5.03e-03  cuDeviceGetPCIBusId
                     0.00  7.49e-03         1  7.49e-03  7.49e-03  7.49e-03  cudaSetDevice
                     0.00  2.28e-03         8  2.85e-04  1.58e-04  6.60e-04  cuDeviceGet
                     0.00  2.07e-03         1  2.07e-03  2.07e-03  2.07e-03  cudaGetDevice
                     0.00  1.32e-03         3  4.41e-04  1.39e-04  7.44e-04  cuDeviceGetCount
                     0.00  9.00e-04         4  2.25e-04  1.82e-04  2.50e-04  cuDeviceGetUuid

==59353== Unified Memory profiling result:
Device "Tesla V100-PCIE-32GB (0)"
   Count  Avg Size  Min Size  Max Size  Total Size  Total Time  Name
     300  33.653KB  4.0000KB  0.9844MB  9.859375MB    1.581664ms  Host To Device
      32         -         -         -           -    5.701440ms  Gpu page fault groups
      22  137.45KB  64.000KB  448.00KB  2.953125MB           -  Remote mapping from device
Total CPU Page faults: 83
Total remote mappings to CPU: 22
