==34130== NVPROF is profiling process 34130, command: ./cfd_1311 ../../../data/cfd/missile.domn.0.2M
==34130== Profiling application: ./cfd_1311 ../../../data/cfd/missile.domn.0.2M
==34130== Profiling result:
            Type  Time(%)      Time     Calls       Avg       Min       Max  Name
                        %        ms                  ms        ms        ms
 GPU activities:    57.60  479.1763      6000  0.079862  0.068063  4.408360  cuda_compute_flux(int, int*, float*, float*, float*)
                    20.15  167.5850      2000  0.083792  0.081471  0.107871  cuda_compute_step_factor(int, float*, float*, float*)
                    18.25  151.8436      6000  0.025307  0.023136  0.036384  cuda_time_step(int, int, float*, float*, float*, float*)
                     3.70  30.80402      2000  0.015402  0.014560  0.022944  [CUDA memcpy DtoD]
                     0.29  2.434739         3  0.811579  0.693788  0.980891  cuda_initialize_variables(int, float*)
                     0.00  8.54e-03         1  8.54e-03  8.54e-03  8.54e-03  [CUDA memset]
                     0.00  7.65e-03         5  1.53e-03  1.41e-03  1.76e-03  [CUDA memcpy HtoD]
      API calls:    65.43  779.9000      2000  0.389950  0.034021  4.664006  cudaMemcpy
                    24.77  295.1827         5  59.03654  5.88e-03  295.1495  cudaMemcpyToSymbol
                     6.39  76.16672     14003  5.44e-03  4.27e-03  0.484638  cudaLaunchKernel
                     1.76  20.92459         7  2.989227  0.019989  20.48179  cudaMallocManaged
                     0.40  4.817622         4  1.204405  1.140060  1.302825  cuDeviceTotalMem
                     0.37  4.442636     28003  1.58e-04  8.60e-05  0.450368  cudaGetLastError
                     0.37  4.359378       388  0.011235  1.09e-04  1.295718  cuDeviceGetAttribute
                     0.23  2.756411         1  2.756411  2.756411  2.756411  cudaMemset
                     0.15  1.754826        10  0.175482  4.36e-04  0.779214  cudaFree
                     0.07  0.849509         1  0.849509  0.849509  0.849509  cudaGetDeviceProperties
                     0.03  0.378818         2  0.189409  8.73e-03  0.370086  cudaThreadSynchronize
                     0.02  0.285113         4  0.071278  0.069185  0.074129  cuDeviceGetName
                     0.00  0.047470         3  0.015823  4.11e-03  0.035014  cudaMemAdvise
                     0.00  9.02e-03         4  2.26e-03  1.24e-03  4.73e-03  cuDeviceGetPCIBusId
                     0.00  7.28e-03         1  7.28e-03  7.28e-03  7.28e-03  cudaSetDevice
                     0.00  2.55e-03         8  3.18e-04  1.58e-04  7.24e-04  cuDeviceGet
                     0.00  2.15e-03         1  2.15e-03  2.15e-03  2.15e-03  cudaGetDevice
                     0.00  1.41e-03         3  4.71e-04  1.19e-04  7.77e-04  cuDeviceGetCount
                     0.00  8.51e-04         4  2.12e-04  1.80e-04  2.55e-04  cuDeviceGetUuid

==34130== Unified Memory profiling result:
Device "Tesla V100-PCIE-32GB (0)"
   Count  Avg Size  Min Size  Max Size  Total Size  Total Time  Name
     390  37.292KB  4.0000KB  908.00KB  14.20313MB    2.240160ms  Host To Device
      43         -         -         -           -    8.062016ms  Gpu page fault groups
       5  182.40KB  64.000KB  400.00KB  912.0000KB           -  Remote mapping from device
Total CPU Page faults: 3641
Total remote mappings to CPU: 5
