==60597== NVPROF is profiling process 60597, command: ./cfd_0045 ../../../data/cfd/missile.domn.0.2M
==60597== Profiling application: ./cfd_0045 ../../../data/cfd/missile.domn.0.2M
==60597== Profiling result:
            Type  Time(%)      Time     Calls       Avg       Min       Max  Name
                        %        ms                  ms        ms        ms
 GPU activities:    90.70  1.95e+03      6000  0.324925  0.310878  5.591679  cuda_compute_flux(int, int*, float*, float*, float*)
                     6.50  139.7556      6000  0.023292  0.021280  0.026688  cuda_time_step(int, int, float*, float*, float*, float*)
                     1.44  30.92959      2000  0.015464  0.014464  0.054079  [CUDA memcpy DtoD]
                     1.26  27.10052      2000  0.013550  0.011680  0.250462  cuda_compute_step_factor(int, float*, float*, float*)
                     0.10  2.145587         3  0.715195  0.593373  0.884795  cuda_initialize_variables(int, float*)
                     0.00  7.46e-03         5  1.49e-03  1.38e-03  1.86e-03  [CUDA memcpy HtoD]
                     0.00  2.08e-03         1  2.08e-03  2.08e-03  2.08e-03  [CUDA memset]
      API calls:    83.38  2.10e+03      2000  1.049381  0.203543  6.498623  cudaMemcpy
                    11.89  299.3318         5  59.86636  6.54e-03  299.2975  cudaMemcpyToSymbol
                     3.12  78.42035     14003  5.60e-03  4.18e-03  0.466207  cudaLaunchKernel
                     0.85  21.34845         7  3.049778  0.030148  20.66836  cudaMallocManaged
                     0.20  4.924169         4  1.231042  1.204875  1.243042  cuDeviceTotalMem
                     0.16  4.052190     28003  1.44e-04  8.60e-05  0.466686  cudaGetLastError
                     0.14  3.589857       388  9.25e-03  1.18e-04  0.407706  cuDeviceGetAttribute
                     0.09  2.351346         1  2.351346  2.351346  2.351346  cudaMemset
                     0.08  1.977626        10  0.197762  4.30e-04  0.976713  cudaFree
                     0.05  1.133147         2  0.566573  0.023148  1.109999  cudaThreadSynchronize
                     0.03  0.878535         1  0.878535  0.878535  0.878535  cudaGetDeviceProperties
                     0.01  0.288944         4  0.072236  0.069393  0.075123  cuDeviceGetName
                     0.00  0.030577         2  0.015288  8.63e-03  0.021944  cudaMemAdvise
                     0.00  9.39e-03         4  2.35e-03  1.40e-03  4.96e-03  cuDeviceGetPCIBusId
                     0.00  7.68e-03         1  7.68e-03  7.68e-03  7.68e-03  cudaSetDevice
                     0.00  2.23e-03         8  2.79e-04  1.41e-04  8.23e-04  cuDeviceGet
                     0.00  2.08e-03         1  2.08e-03  2.08e-03  2.08e-03  cudaGetDevice
                     0.00  1.28e-03         3  4.28e-04  1.13e-04  7.65e-04  cuDeviceGetCount
                     0.00  8.72e-04         4  2.18e-04  1.94e-04  2.80e-04  cuDeviceGetUuid

==60597== Unified Memory profiling result:
Device "Tesla V100-PCIE-32GB (0)"
   Count  Avg Size  Min Size  Max Size  Total Size  Total Time  Name
     294  40.585KB  4.0000KB  864.00KB  11.65234MB    1.731200ms  Host To Device
      66         -         -         -           -    8.556896ms  Gpu page fault groups
     527  6.8994KB  4.0000KB  64.000KB  3.550781MB           -  Remote mapping from device
Total CPU Page faults: 72
Total remote mappings to CPU: 527
