==30884== NVPROF is profiling process 30884, command: ./cfd_1230 ../../../data/cfd/fvcorr.domn.193K
==30884== Profiling application: ./cfd_1230 ../../../data/cfd/fvcorr.domn.193K
==30884== Profiling result:
            Type  Time(%)      Time     Calls       Avg       Min       Max  Name
                        %        ms                  ms        ms        ms
 GPU activities:    90.73  1.59e+03      6000  0.265590  0.259070  3.094383  cuda_compute_flux(int, int*, float*, float*, float*)
                     6.82  119.7452      6000  0.019957  0.018112  0.023040  cuda_time_step(int, int, float*, float*, float*, float*)
                     1.20  21.09370      2000  0.010546  9.82e-03  0.013600  [CUDA memcpy DtoD]
                     1.14  19.98176      2000  9.99e-03  8.99e-03  0.678428  cuda_compute_step_factor(int, float*, float*, float*)
                     0.12  2.069556         3  0.689852  0.633468  0.770844  cuda_initialize_variables(int, float*)
                     0.00  7.46e-03         5  1.49e-03  1.38e-03  1.89e-03  [CUDA memcpy HtoD]
                     0.00  2.08e-03         1  2.08e-03  2.08e-03  2.08e-03  [CUDA memset]
      API calls:    80.51  1.70e+03      2000  0.851407  0.057720  4.320908  cudaMemcpy
                    13.84  292.7807         5  58.55614  5.97e-03  292.7475  cudaMemcpyToSymbol
                     3.79  80.21485     14003  5.73e-03  4.52e-03  0.527587  cudaLaunchKernel
                     0.98  20.79428         7  2.970611  8.07e-03  20.41734  cudaMallocManaged
                     0.22  4.628071         4  1.157017  1.140939  1.167007  cuDeviceTotalMem
                     0.20  4.218111       388  0.010871  1.12e-04  1.164045  cuDeviceGetAttribute
                     0.17  3.542847     28003  1.26e-04  8.60e-05  0.011933  cudaGetLastError
                     0.11  2.291336         1  2.291336  2.291336  2.291336  cudaMemset
                     0.08  1.601929        10  0.160192  3.95e-04  0.649713  cudaFree
                     0.04  0.854408         2  0.427204  7.64e-03  0.846772  cudaThreadSynchronize
                     0.04  0.833435         1  0.833435  0.833435  0.833435  cudaGetDeviceProperties
                     0.02  0.318115         4  0.079528  0.067841  0.093416  cuDeviceGetName
                     0.00  0.019875         2  9.94e-03  2.89e-03  0.016981  cudaMemAdvise
                     0.00  8.80e-03         4  2.20e-03  1.15e-03  4.94e-03  cuDeviceGetPCIBusId
                     0.00  7.17e-03         1  7.17e-03  7.17e-03  7.17e-03  cudaSetDevice
                     0.00  2.45e-03         8  3.06e-04  1.57e-04  6.67e-04  cuDeviceGet
                     0.00  2.11e-03         1  2.11e-03  2.11e-03  2.11e-03  cudaGetDevice
                     0.00  1.31e-03         3  4.38e-04  1.27e-04  7.05e-04  cuDeviceGetCount
                     0.00  7.95e-04         4  1.98e-04  1.60e-04  2.37e-04  cuDeviceGetUuid

==30884== Unified Memory profiling result:
Device "Tesla V100-PCIE-32GB (0)"
   Count  Avg Size  Min Size  Max Size  Total Size  Total Time  Name
     271  36.266KB  4.0000KB  0.9805MB  9.597656MB    1.534048ms  Host To Device
      35         -         -         -           -    6.330912ms  Gpu page fault groups
      22  137.45KB  64.000KB  448.00KB  2.953125MB           -  Remote mapping from device
Total CPU Page faults: 83
Total remote mappings to CPU: 22
